0.19225000031292439	EXP	Created Window = Window( name=Window, fullscr=true, color=#808080, units=height, waitBlanking=true, autoLog=true, size=[1280,610] )
6.172430000267923	DATA	Keydown: undefined
7.029905000235885	DATA	Keydown: undefined
7.758115000091493	DATA	Keydown: undefined
9.48047999991104	DATA	Keydown: undefined
10.397785000037402	DATA	Keydown: undefined
12.194039999973029	DATA	Keydown: undefined
13.574469999875873	DATA	Keydown: undefined
14.844395000021905	DATA	Keydown: undefined
16.678005000110716	DATA	Keydown: undefined
17.873415000271052	DATA	Keydown: undefined
66.87684500031173	EXP	Created instructiontxt = TextStim( name=instructiontxt, win=Window( name=Window, fullscr=true, color=#808080, ~), autoDraw=null, autoLog=true, units=height, ori=null, opacity=1, pos=[0,0], size=undefined, text=Welcome to tapping experiment. 

You will hear a s~, font=Arial, color=#FFFFFF, contrast=1, height=0.05, bold=null, italic=null, alignHoriz=left, alignVert=center, wrapWidth=1, flipHoriz=null, flipVert=null )
66.90837000031024	EXP	Created TonePlayer = TonePlayer( name=TonePlayer, note=A4, duration_s=-1, volume=1, loops=null, soundLibrary="TONE_JS", autoLog=true )
66.91269499994814	EXP	Created text = TextStim( name=text, win=Window( name=Window, fullscr=true, color=#808080, ~), autoDraw=null, autoLog=true, units=height, ori=null, opacity=1, pos=[0,0], size=undefined, text=Ready for the next trial?

press space bar to star~, font=Arial, color=#FFFFFF, contrast=1, height=0.05, bold=null, italic=null, alignHoriz=left, alignVert=center, wrapWidth=1, flipHoriz=null, flipVert=null )
66.91667499998584	EXP	Created text_2 = TextStim( name=text_2, win=Window( name=Window, fullscr=true, color=#808080, ~), autoDraw=null, autoLog=true, units=height, ori=null, opacity=1, pos=[0,0], size=undefined, text=Practice trials are over.

Now we are going to sta~, font=Arial, color=#FFFFFF, contrast=1, height=0.05, bold=null, italic=null, alignHoriz=left, alignVert=center, wrapWidth=1, flipHoriz=null, flipVert=null )
66.9274349999614	EXP	Created TonePlayer = TonePlayer( name=TonePlayer, note=A4, duration_s=-1, volume=1, loops=null, soundLibrary="TONE_JS", autoLog=true )
66.9351250003092	EXP	Created text_3 = TextStim( name=text_3, win=Window( name=Window, fullscr=true, color=#808080, ~), autoDraw=null, autoLog=true, units=height, ori=null, opacity=1, pos=[0,0], size=undefined, text=Ready for the next trial?

Press space bar to star~, font=Arial, color=#FFFFFF, contrast=1, height=0.05, bold=null, italic=null, alignHoriz=left, alignVert=center, wrapWidth=1, flipHoriz=null, flipVert=null )
66.9383600000292	EXP	Created text_4 = TextStim( name=text_4, win=Window( name=Window, fullscr=true, color=#808080, ~), autoDraw=null, autoLog=true, units=height, ori=null, opacity=1, pos=[0,0], size=undefined, text=Great! This is the half-way break. 

Please take y~, font=Arial, color=#FFFFFF, contrast=1, height=0.05, bold=null, italic=null, alignHoriz=left, alignVert=center, wrapWidth=1, flipHoriz=null, flipVert=null )
66.9440150000155	EXP	Created TonePlayer = TonePlayer( name=TonePlayer, note=A4, duration_s=-1, volume=1, loops=null, soundLibrary="TONE_JS", autoLog=true )
66.94657499995083	EXP	Created next_prompt_trial2 = TextStim( name=next_prompt_trial2, win=Window( name=Window, fullscr=true, color=#808080, ~), autoDraw=null, autoLog=true, units=height, ori=null, opacity=1, pos=[0,0], size=undefined, text=Ready for the next trial? 

Press space bar to sta~, font=Arial, color=#FFFFFF, contrast=1, height=0.05, bold=null, italic=null, alignHoriz=left, alignVert=center, wrapWidth=1, flipHoriz=null, flipVert=null )
66.94948500022292	EXP	Created completion_text = TextStim( name=completion_text, win=Window( name=Window, fullscr=true, color=#808080, ~), autoDraw=null, autoLog=true, units=height, ori=null, opacity=1, pos=[0,0], size=undefined, text=Thanks for your participation! 

Here is your expe~, font=Arial, color=#FFFFFF, contrast=1, height=0.05, bold=null, italic=null, alignHoriz=left, alignVert=center, wrapWidth=1, flipHoriz=null, flipVert=null )
66.95238000014797	EXP	Created goodbyetxt = TextStim( name=goodbyetxt, win=Window( name=Window, fullscr=true, color=#808080, ~), autoDraw=null, autoLog=true, units=height, ori=null, opacity=1, pos=[0,0], size=undefined, text=The test is over!

Thank you so much!!, font=Arial, color=#FFFFFF, contrast=1, height=0.05, bold=null, italic=null, alignHoriz=left, alignVert=center, wrapWidth=1, flipHoriz=null, flipVert=null )
67.15036999993026	EXP	instructiontxt: units = "height"
67.15036999993026	EXP	instructiontxt: ori = 0
67.15036999993026	EXP	instructiontxt: opacity = 1
67.15036999993026	EXP	instructiontxt: pos = [0,0]
67.15036999993026	EXP	instructiontxt: size = undefined
67.15036999993026	EXP	instructiontxt: text = "Welcome to tapping experiment. \n\nYou will hear a sequence of tones.\nUse the index finger of your dominant hand \nto tap the spacebar at where you think the beat is throughout the sound file at each trial.\n\nWhen you are ready, press the spacebar to begin the practice."
67.15036999993026	EXP	instructiontxt: font = "Arial"
67.15036999993026	EXP	instructiontxt: color = {"_hex":"#FFFFFF","_rgb":[1,1,1]}
67.15036999993026	EXP	instructiontxt: contrast = 1
67.15036999993026	EXP	instructiontxt: height = 0.05
67.15036999993026	EXP	instructiontxt: bold = false
67.15036999993026	EXP	instructiontxt: italic = false
67.15036999993026	EXP	instructiontxt: alignHoriz = "left"
67.15036999993026	EXP	instructiontxt: alignVert = "center"
67.15036999993026	EXP	instructiontxt: wrapWidth = 1
67.15036999993026	EXP	instructiontxt: flipHoriz = false
67.15036999993026	EXP	instructiontxt: flipVert = false
67.15036999993026	EXP	Sound: secs = -1
67.15036999993026	EXP	Sound: volume = 1
67.15036999993026	EXP	Sound: loops = 0
67.15036999993026	EXP	Sound: volume = 1
67.15036999993026	EXP	text: units = "height"
67.15036999993026	EXP	text: ori = 0
67.15036999993026	EXP	text: opacity = 1
67.15036999993026	EXP	text: pos = [0,0]
67.15036999993026	EXP	text: size = undefined
67.15036999993026	EXP	text: text = "Ready for the next trial?\n\npress space bar to start."
67.15036999993026	EXP	text: font = "Arial"
67.15036999993026	EXP	text: color = {"_hex":"#FFFFFF","_rgb":[1,1,1]}
67.15036999993026	EXP	text: contrast = 1
67.15036999993026	EXP	text: height = 0.05
67.15036999993026	EXP	text: bold = false
67.15036999993026	EXP	text: italic = false
67.15036999993026	EXP	text: alignHoriz = "left"
67.15036999993026	EXP	text: alignVert = "center"
67.15036999993026	EXP	text: wrapWidth = 1
67.15036999993026	EXP	text: flipHoriz = false
67.15036999993026	EXP	text: flipVert = false
67.15036999993026	EXP	text_2: units = "height"
67.15036999993026	EXP	text_2: ori = 0
67.15036999993026	EXP	text_2: opacity = 1
67.15036999993026	EXP	text_2: pos = [0,0]
67.15036999993026	EXP	text_2: size = undefined
67.15036999993026	EXP	text_2: text = "Practice trials are over.\n\nNow we are going to start the real test trials.\nThe total session length will be about 28 minutes, but we will have a short break at the half way mark.\n\nIf you are ready, please space bar."
67.15036999993026	EXP	text_2: font = "Arial"
67.15036999993026	EXP	text_2: color = {"_hex":"#FFFFFF","_rgb":[1,1,1]}
67.15036999993026	EXP	text_2: contrast = 1
67.15036999993026	EXP	text_2: height = 0.05
67.15036999993026	EXP	text_2: bold = false
67.15036999993026	EXP	text_2: italic = false
67.15036999993026	EXP	text_2: alignHoriz = "left"
67.15036999993026	EXP	text_2: alignVert = "center"
67.15036999993026	EXP	text_2: wrapWidth = 1
67.15036999993026	EXP	text_2: flipHoriz = false
67.15036999993026	EXP	text_2: flipVert = false
67.15036999993026	EXP	Sound: secs = -1
67.15036999993026	EXP	Sound: volume = 1
67.15036999993026	EXP	Sound: loops = 0
67.15036999993026	EXP	Sound: volume = 1
67.15036999993026	EXP	text_3: units = "height"
67.15036999993026	EXP	text_3: ori = 0
67.15036999993026	EXP	text_3: opacity = 1
67.15036999993026	EXP	text_3: pos = [0,0]
67.15036999993026	EXP	text_3: size = undefined
67.15036999993026	EXP	text_3: text = "Ready for the next trial?\n\nPress space bar to start."
67.15036999993026	EXP	text_3: font = "Arial"
67.15036999993026	EXP	text_3: color = {"_hex":"#FFFFFF","_rgb":[1,1,1]}
67.15036999993026	EXP	text_3: contrast = 1
67.15036999993026	EXP	text_3: height = 0.05
67.15036999993026	EXP	text_3: bold = false
67.15036999993026	EXP	text_3: italic = false
67.15036999993026	EXP	text_3: alignHoriz = "left"
67.15036999993026	EXP	text_3: alignVert = "center"
67.15036999993026	EXP	text_3: wrapWidth = 1
67.15036999993026	EXP	text_3: flipHoriz = false
67.15036999993026	EXP	text_3: flipVert = false
67.15036999993026	EXP	text_4: units = "height"
67.15036999993026	EXP	text_4: ori = 0
67.15036999993026	EXP	text_4: opacity = 1
67.15036999993026	EXP	text_4: pos = [0,0]
67.15036999993026	EXP	text_4: size = undefined
67.15036999993026	EXP	text_4: text = "Great! This is the half-way break. \n\nPlease take your time. \n\nWhen you are ready to start the second-half of the test trials, please press space bar. "
67.15036999993026	EXP	text_4: font = "Arial"
67.15036999993026	EXP	text_4: color = {"_hex":"#FFFFFF","_rgb":[1,1,1]}
67.15036999993026	EXP	text_4: contrast = 1
67.15036999993026	EXP	text_4: height = 0.05
67.15036999993026	EXP	text_4: bold = false
67.15036999993026	EXP	text_4: italic = false
67.15036999993026	EXP	text_4: alignHoriz = "left"
67.15036999993026	EXP	text_4: alignVert = "center"
67.15036999993026	EXP	text_4: wrapWidth = 1
67.15036999993026	EXP	text_4: flipHoriz = false
67.15036999993026	EXP	text_4: flipVert = false
67.15036999993026	EXP	Sound: secs = -1
67.15036999993026	EXP	Sound: volume = 1
67.15036999993026	EXP	Sound: loops = 0
67.15036999993026	EXP	Sound: volume = 1
67.15036999993026	EXP	next_prompt_trial2: units = "height"
67.15036999993026	EXP	next_prompt_trial2: ori = 0
67.15036999993026	EXP	next_prompt_trial2: opacity = 1
67.15036999993026	EXP	next_prompt_trial2: pos = [0,0]
67.15036999993026	EXP	next_prompt_trial2: size = undefined
67.15036999993026	EXP	next_prompt_trial2: text = "Ready for the next trial? \n\nPress space bar to start. "
67.15036999993026	EXP	next_prompt_trial2: font = "Arial"
67.15036999993026	EXP	next_prompt_trial2: color = {"_hex":"#FFFFFF","_rgb":[1,1,1]}
67.15036999993026	EXP	next_prompt_trial2: contrast = 1
67.15036999993026	EXP	next_prompt_trial2: height = 0.05
67.15036999993026	EXP	next_prompt_trial2: bold = false
67.15036999993026	EXP	next_prompt_trial2: italic = false
67.15036999993026	EXP	next_prompt_trial2: alignHoriz = "left"
67.15036999993026	EXP	next_prompt_trial2: alignVert = "center"
67.15036999993026	EXP	next_prompt_trial2: wrapWidth = 1
67.15036999993026	EXP	next_prompt_trial2: flipHoriz = false
67.15036999993026	EXP	next_prompt_trial2: flipVert = false
67.15036999993026	EXP	completion_text: units = "height"
67.15036999993026	EXP	completion_text: ori = 0
67.15036999993026	EXP	completion_text: opacity = 1
67.15036999993026	EXP	completion_text: pos = [0,0]
67.15036999993026	EXP	completion_text: size = undefined
67.15036999993026	EXP	completion_text: text = "Thanks for your participation! \n\nHere is your experiment completion code: \n\n9158 \n\nPlease write down this code as you will need it in order to receive payment.\n\nIf you are not an MTurk worker, please send an email to nolan.lem@gmail.com with the Experiment Completion Code as the subject of the email. In order to complete the \nexperiment, when you are ready please press space bar and wait until you see a text box appear that says \"Thanks for your patience\" where you can click 'ok'. \n\nIf you are an MTurk worker, please press the space bar to be redirected to the MTurk experiment \nhomepage where you can input the code into the Experiment Completion Code box. "
67.15036999993026	EXP	completion_text: font = "Arial"
67.15036999993026	EXP	completion_text: color = {"_hex":"#FFFFFF","_rgb":[1,1,1]}
67.15036999993026	EXP	completion_text: contrast = 1
67.15036999993026	EXP	completion_text: height = 0.05
67.15036999993026	EXP	completion_text: bold = false
67.15036999993026	EXP	completion_text: italic = false
67.15036999993026	EXP	completion_text: alignHoriz = "left"
67.15036999993026	EXP	completion_text: alignVert = "center"
67.15036999993026	EXP	completion_text: wrapWidth = 1
67.15036999993026	EXP	completion_text: flipHoriz = false
67.15036999993026	EXP	completion_text: flipVert = false
67.15036999993026	EXP	goodbyetxt: units = "height"
67.15036999993026	EXP	goodbyetxt: ori = 0
67.15036999993026	EXP	goodbyetxt: opacity = 1
67.15036999993026	EXP	goodbyetxt: pos = [0,0]
67.15036999993026	EXP	goodbyetxt: size = undefined
67.15036999993026	EXP	goodbyetxt: text = "The test is over!\n\nThank you so much!!"
67.15036999993026	EXP	goodbyetxt: font = "Arial"
67.15036999993026	EXP	goodbyetxt: color = {"_hex":"#FFFFFF","_rgb":[1,1,1]}
67.15036999993026	EXP	goodbyetxt: contrast = 1
67.15036999993026	EXP	goodbyetxt: height = 0.05
67.15036999993026	EXP	goodbyetxt: bold = false
67.15036999993026	EXP	goodbyetxt: italic = false
67.15036999993026	EXP	goodbyetxt: alignHoriz = "left"
67.15036999993026	EXP	goodbyetxt: alignVert = "center"
67.15036999993026	EXP	goodbyetxt: wrapWidth = 1
67.15036999993026	EXP	goodbyetxt: flipHoriz = false
67.15036999993026	EXP	goodbyetxt: flipVert = false
67.15036999993026	EXP	instructiontxt: autoDraw = true
73.106780000031	DATA	Keydown:  
73.15292000025511	EXP	instructiontxt: autoDraw = false
73.15292000025511	EXP	Sound: secs = -1
73.15292000025511	EXP	Sound: volume = 1
73.15292000025511	EXP	Sound: loops = 0
73.15292000025511	EXP	Sound: volume = 1
77.45730999996886	DATA	Keydown: AudioVolumeUp
77.95625999988988	DATA	Keydown: AudioVolumeUp
77.99044999992475	DATA	Keydown: AudioVolumeUp
78.02413000026718	DATA	Keydown: AudioVolumeUp
78.04071500012651	DATA	Keydown: AudioVolumeUp
78.09035000018775	DATA	Keydown: AudioVolumeUp
78.10724500007927	DATA	Keydown: AudioVolumeUp
78.1409950000234	DATA	Keydown: AudioVolumeUp
78.16251000016928	DATA	Keydown: AudioVolumeUp
78.20698999986053	DATA	Keydown: AudioVolumeUp
78.22491500014439	DATA	Keydown: AudioVolumeUp
78.25745999999344	DATA	Keydown: AudioVolumeUp
78.2798850000836	DATA	Keydown: AudioVolumeUp
78.32374500017613	DATA	Keydown: AudioVolumeUp
78.34103500004858	DATA	Keydown: AudioVolumeUp
78.37544000009075	DATA	Keydown: AudioVolumeUp
78.40739500010386	DATA	Keydown: AudioVolumeUp
78.44052499998361	DATA	Keydown: AudioVolumeUp
78.47350500011817	DATA	Keydown: AudioVolumeUp
78.49056000029668	DATA	Keydown: AudioVolumeUp
78.54070000024512	DATA	Keydown: AudioVolumeUp
78.557504999917	DATA	Keydown: AudioVolumeUp
78.58367499988526	DATA	Keydown: AudioVolumeUp
78.62401500018314	DATA	Keydown: AudioVolumeUp
78.64678499987349	DATA	Keydown: AudioVolumeUp
78.67352000018582	DATA	Keydown: AudioVolumeUp
78.70670500025153	DATA	Keydown: AudioVolumeUp
78.7398000000976	DATA	Keydown: AudioVolumeUp
78.77245500031859	DATA	Keydown: AudioVolumeUp
78.79050499992445	DATA	Keydown: AudioVolumeUp
78.83974000019953	DATA	Keydown: AudioVolumeUp
78.85630499990657	DATA	Keydown: AudioVolumeUp
78.88996000029147	DATA	Keydown: AudioVolumeUp
78.91118999989703	DATA	Keydown: AudioVolumeUp
78.94128999998793	DATA	Keydown: AudioVolumeUp
78.9750299998559	DATA	Keydown: AudioVolumeUp
79.00082499999553	DATA	Keydown: AudioVolumeUp
79.03184500010684	DATA	Keydown: AudioVolumeUp
79.06060500023887	DATA	Keydown: AudioVolumeUp
79.09225000021979	DATA	Keydown: AudioVolumeUp
79.1403350001201	DATA	Keydown: AudioVolumeUp
79.15682499995455	DATA	Keydown: AudioVolumeUp
79.18061000015587	DATA	Keydown: AudioVolumeUp
79.21208500023931	DATA	Keydown: AudioVolumeUp
79.24099999992177	DATA	Keydown: AudioVolumeUp
79.27420500013977	DATA	Keydown: AudioVolumeUp
79.30672500003129	DATA	Keydown: AudioVolumeUp
79.3397699999623	DATA	Keydown: AudioVolumeUp
79.37327999994159	DATA	Keydown: AudioVolumeUp
79.39081000024453	DATA	Keydown: AudioVolumeUp
79.42488999990746	DATA	Keydown: AudioVolumeUp
79.45049000019208	DATA	Keydown: AudioVolumeUp
79.48223000019789	DATA	Keydown: AudioVolumeUp
79.52383500011638	DATA	Keydown: AudioVolumeUp
79.54456999991089	DATA	Keydown: AudioVolumeUp
79.59035000018775	DATA	Keydown: AudioVolumeUp
79.60674000019208	DATA	Keydown: AudioVolumeUp
79.64023000001907	DATA	Keydown: AudioVolumeUp
79.67604999989271	DATA	Keydown: AudioVolumeUp
79.69085500016809	DATA	Keydown: AudioVolumeUp
79.72503999993205	DATA	Keydown: AudioVolumeUp
79.75094499997795	DATA	Keydown: AudioVolumeUp
79.78119000000879	DATA	Keydown: AudioVolumeUp
79.81081000017002	DATA	Keydown: AudioVolumeUp
79.84135999996215	DATA	Keydown: AudioVolumeUp
79.8904150002636	DATA	Keydown: AudioVolumeUp
79.90709999995306	DATA	Keydown: AudioVolumeUp
88.20846500014886	EXP	text: autoDraw = true
90.24504500022158	DATA	Keydown:  
90.27494500018656	EXP	text: autoDraw = false
90.27494500018656	EXP	Sound: secs = -1
90.27494500018656	EXP	Sound: volume = 1
90.27494500018656	EXP	Sound: loops = 0
90.27494500018656	EXP	Sound: volume = 1
104.23090999992564	EXP	text: autoDraw = true
105.45273000001907	DATA	Keydown:  
105.47859500022605	EXP	text: autoDraw = false
105.47859500022605	EXP	Sound: secs = -1
105.47859500022605	EXP	Sound: volume = 1
105.47859500022605	EXP	Sound: loops = 0
105.47859500022605	EXP	Sound: volume = 1
120.09977500000969	EXP	text: autoDraw = true
121.19178500026464	DATA	Keydown:  
121.21606500027701	EXP	text: autoDraw = false
121.21606500027701	EXP	Sound: secs = -1
121.21606500027701	EXP	Sound: volume = 1
121.21606500027701	EXP	Sound: loops = 0
121.21606500027701	EXP	Sound: volume = 1
141.0390150002204	EXP	text: autoDraw = true
143.72710000025108	DATA	Keydown:  
143.76394500024617	EXP	text: autoDraw = false
143.76394500024617	EXP	text_2: autoDraw = true
154.695090000052	DATA	Keydown:  
154.72674500010908	EXP	text_2: autoDraw = false
154.72674500010908	EXP	Sound: secs = -1
154.72674500010908	EXP	Sound: volume = 1
154.72674500010908	EXP	Sound: loops = 0
154.72674500010908	EXP	Sound: volume = 1
171.6470650001429	EXP	text_3: autoDraw = true
173.40941000031307	DATA	Keydown:  
173.43026999989524	EXP	text_3: autoDraw = false
173.43026999989524	EXP	Sound: secs = -1
173.43026999989524	EXP	Sound: volume = 1
173.43026999989524	EXP	Sound: loops = 0
173.43026999989524	EXP	Sound: volume = 1
186.96835000021383	EXP	text_3: autoDraw = true
188.6125600002706	DATA	Keydown:  
188.63513500010595	EXP	text_3: autoDraw = false
188.63513500010595	EXP	Sound: secs = -1
188.63513500010595	EXP	Sound: volume = 1
188.63513500010595	EXP	Sound: loops = 0
188.63513500010595	EXP	Sound: volume = 1
208.642225000076	EXP	text_3: autoDraw = true
210.15339000010863	DATA	Keydown:  
210.17448000004515	EXP	text_3: autoDraw = false
210.17448000004515	EXP	Sound: secs = -1
210.17448000004515	EXP	Sound: volume = 1
210.17448000004515	EXP	Sound: loops = 0
210.17448000004515	EXP	Sound: volume = 1
222.5111549999565	EXP	text_3: autoDraw = true
223.54726500017568	DATA	Keydown:  
223.57772500021383	EXP	text_3: autoDraw = false
223.57772500021383	EXP	Sound: secs = -1
223.57772500021383	EXP	Sound: volume = 1
223.57772500021383	EXP	Sound: loops = 0
223.57772500021383	EXP	Sound: volume = 1
242.0498399999924	EXP	text_3: autoDraw = true
242.8025150001049	DATA	Keydown:  
242.83315000031143	EXP	text_3: autoDraw = false
242.83315000031143	EXP	Sound: secs = -1
242.83315000031143	EXP	Sound: volume = 1
242.83315000031143	EXP	Sound: loops = 0
242.83315000031143	EXP	Sound: volume = 1
257.2562549998984	EXP	text_3: autoDraw = true
258.3569800001569	DATA	Keydown:  
258.38721000030637	EXP	text_3: autoDraw = false
258.38721000030637	EXP	Sound: secs = -1
258.38721000030637	EXP	Sound: volume = 1
258.38721000030637	EXP	Sound: loops = 0
258.38721000030637	EXP	Sound: volume = 1
276.6428700000979	EXP	text_3: autoDraw = true
277.88908000010997	DATA	Keydown:  
277.90944000007585	EXP	text_3: autoDraw = false
277.90944000007585	EXP	Sound: secs = -1
277.90944000007585	EXP	Sound: volume = 1
277.90944000007585	EXP	Sound: loops = 0
277.90944000007585	EXP	Sound: volume = 1
302.86705000000075	EXP	text_3: autoDraw = true
304.4362699999474	DATA	Keydown:  
304.4658599998802	EXP	text_3: autoDraw = false
304.4658599998802	EXP	Sound: secs = -1
304.4658599998802	EXP	Sound: volume = 1
304.4658599998802	EXP	Sound: loops = 0
304.4658599998802	EXP	Sound: volume = 1
329.97358500026166	EXP	text_3: autoDraw = true
331.5116050001234	DATA	Keydown:  
331.540245000273	EXP	text_3: autoDraw = false
331.540245000273	EXP	Sound: secs = -1
331.540245000273	EXP	Sound: volume = 1
331.540245000273	EXP	Sound: loops = 0
331.540245000273	EXP	Sound: volume = 1
348.6136300000362	EXP	text_3: autoDraw = true
349.91369500011206	DATA	Keydown:  
349.9280199999921	EXP	text_3: autoDraw = false
349.9280199999921	EXP	Sound: secs = -1
349.9280199999921	EXP	Sound: volume = 1
349.9280199999921	EXP	Sound: loops = 0
349.9280199999921	EXP	Sound: volume = 1
365.9336399999447	EXP	text_3: autoDraw = true
367.81334999995306	DATA	Keydown:  
367.8338000001386	EXP	text_3: autoDraw = false
367.8338000001386	EXP	Sound: secs = -1
367.8338000001386	EXP	Sound: volume = 1
367.8338000001386	EXP	Sound: loops = 0
367.8338000001386	EXP	Sound: volume = 1
385.2071100003086	EXP	text_3: autoDraw = true
387.71614499995485	DATA	Keydown:  
387.7384950001724	EXP	text_3: autoDraw = false
387.7384950001724	EXP	Sound: secs = -1
387.7384950001724	EXP	Sound: volume = 1
387.7384950001724	EXP	Sound: loops = 0
387.7384950001724	EXP	Sound: volume = 1
406.5625950000249	EXP	text_3: autoDraw = true
407.70009500021115	DATA	Keydown:  
407.72752000018954	EXP	text_3: autoDraw = false
407.72752000018954	EXP	Sound: secs = -1
407.72752000018954	EXP	Sound: volume = 1
407.72752000018954	EXP	Sound: loops = 0
407.72752000018954	EXP	Sound: volume = 1
428.28467500023544	EXP	text_3: autoDraw = true
429.72708499990404	DATA	Keydown:  
429.75059500010684	EXP	text_3: autoDraw = false
429.75059500010684	EXP	Sound: secs = -1
429.75059500010684	EXP	Sound: volume = 1
429.75059500010684	EXP	Sound: loops = 0
429.75059500010684	EXP	Sound: volume = 1
453.8001149999909	DATA	Keydown:  
454.17645000014454	EXP	text_3: autoDraw = true
454.9439250002615	DATA	Keydown:  
454.9740750002675	EXP	text_3: autoDraw = false
454.9740750002675	EXP	Sound: secs = -1
454.9740750002675	EXP	Sound: volume = 1
454.9740750002675	EXP	Sound: loops = 0
454.9740750002675	EXP	Sound: volume = 1
475.2307799998671	EXP	text_3: autoDraw = true
476.5331450002268	DATA	Keydown:  
476.5632400000468	EXP	text_3: autoDraw = false
476.5632400000468	EXP	Sound: secs = -1
476.5632400000468	EXP	Sound: volume = 1
476.5632400000468	EXP	Sound: loops = 0
476.5632400000468	EXP	Sound: volume = 1
494.43650999991223	EXP	text_3: autoDraw = true
495.27129000006244	DATA	Keydown:  
495.30134000023827	EXP	text_3: autoDraw = false
495.30134000023827	EXP	Sound: secs = -1
495.30134000023827	EXP	Sound: volume = 1
495.30134000023827	EXP	Sound: loops = 0
495.30134000023827	EXP	Sound: volume = 1
510.174219999928	EXP	text_3: autoDraw = true
511.5344350002706	DATA	Keydown:  
511.5560500002466	EXP	text_3: autoDraw = false
511.5560500002466	EXP	Sound: secs = -1
511.5560500002466	EXP	Sound: volume = 1
511.5560500002466	EXP	Sound: loops = 0
511.5560500002466	EXP	Sound: volume = 1
525.5614550001919	EXP	text_3: autoDraw = true
525.8565400000662	DATA	Keydown:  
525.8759650001302	EXP	text_3: autoDraw = false
525.8759650001302	EXP	Sound: secs = -1
525.8759650001302	EXP	Sound: volume = 1
525.8759650001302	EXP	Sound: loops = 0
525.8759650001302	EXP	Sound: volume = 1
543.798280000221	EXP	text_3: autoDraw = true
544.5188799998723	DATA	Keydown:  
544.5488800001331	EXP	text_3: autoDraw = false
544.5488800001331	EXP	Sound: secs = -1
544.5488800001331	EXP	Sound: volume = 1
544.5488800001331	EXP	Sound: loops = 0
544.5488800001331	EXP	Sound: volume = 1
560.9973100000061	DATA	Keydown:  
561.0540700000711	EXP	text_3: autoDraw = true
562.1147050000727	DATA	Keydown:  
562.1375899999402	EXP	text_3: autoDraw = false
562.1375899999402	EXP	Sound: secs = -1
562.1375899999402	EXP	Sound: volume = 1
562.1375899999402	EXP	Sound: loops = 0
562.1375899999402	EXP	Sound: volume = 1
579.3271050001495	EXP	text_3: autoDraw = true
581.2930149999447	DATA	Keydown:  
581.3091400000267	EXP	text_3: autoDraw = false
581.3091400000267	EXP	Sound: secs = -1
581.3091400000267	EXP	Sound: volume = 1
581.3091400000267	EXP	Sound: loops = 0
581.3091400000267	EXP	Sound: volume = 1
599.8664450002834	EXP	text_3: autoDraw = true
600.93465499999	DATA	Keydown:  
600.9649000000209	EXP	text_3: autoDraw = false
600.9649000000209	EXP	Sound: secs = -1
600.9649000000209	EXP	Sound: volume = 1
600.9649000000209	EXP	Sound: loops = 0
600.9649000000209	EXP	Sound: volume = 1
616.1033100001514	EXP	text_3: autoDraw = true
616.562394999899	DATA	Keydown:  
616.5874399999157	EXP	text_3: autoDraw = false
616.5874399999157	EXP	Sound: secs = -1
616.5874399999157	EXP	Sound: volume = 1
616.5874399999157	EXP	Sound: loops = 0
616.5874399999157	EXP	Sound: volume = 1
634.4742250000127	EXP	text_3: autoDraw = true
634.4757099999115	DATA	Keydown:  
634.4906950001605	EXP	text_3: autoDraw = false
634.4906950001605	EXP	Sound: secs = -1
634.4906950001605	EXP	Sound: volume = 1
634.4906950001605	EXP	Sound: loops = 0
634.4906950001605	EXP	Sound: volume = 1
653.328480000142	EXP	text_3: autoDraw = true
653.7075350000523	DATA	Keydown:  
653.7290050000884	EXP	text_3: autoDraw = false
653.7290050000884	EXP	Sound: secs = -1
653.7290050000884	EXP	Sound: volume = 1
653.7290050000884	EXP	Sound: loops = 0
653.7290050000884	EXP	Sound: volume = 1
669.0231449999847	DATA	Keydown:  
669.1843699999154	EXP	text_3: autoDraw = true
672.8083999999799	DATA	Keydown:  
672.8343799998984	EXP	text_3: autoDraw = false
672.8343799998984	EXP	Sound: secs = -1
672.8343799998984	EXP	Sound: volume = 1
672.8343799998984	EXP	Sound: loops = 0
672.8343799998984	EXP	Sound: volume = 1
692.2414750000462	EXP	text_3: autoDraw = true
692.4125800002366	DATA	Keydown:  
692.4388800002635	EXP	text_3: autoDraw = false
692.4388800002635	EXP	Sound: secs = -1
692.4388800002635	EXP	Sound: volume = 1
692.4388800002635	EXP	Sound: loops = 0
692.4388800002635	EXP	Sound: volume = 1
708.8048149999231	DATA	Keydown:  
708.9444900001399	EXP	text_3: autoDraw = true
731.7048349999823	DATA	Keydown:  
731.7189950002357	EXP	text_3: autoDraw = false
731.7189950002357	EXP	Sound: secs = -1
731.7189950002357	EXP	Sound: volume = 1
731.7189950002357	EXP	Sound: loops = 0
731.7189950002357	EXP	Sound: volume = 1
749.7060300000012	EXP	text_3: autoDraw = true
750.5162200001068	DATA	Keydown:  
750.5259449998848	EXP	text_3: autoDraw = false
750.5259449998848	EXP	Sound: secs = -1
750.5259449998848	EXP	Sound: volume = 1
750.5259449998848	EXP	Sound: loops = 0
750.5259449998848	EXP	Sound: volume = 1
762.708975000307	EXP	text_3: autoDraw = true
764.4027599999681	DATA	Keydown:  
764.4115249998868	EXP	text_3: autoDraw = false
764.4115249998868	EXP	Sound: secs = -1
764.4115249998868	EXP	Sound: volume = 1
764.4115249998868	EXP	Sound: loops = 0
764.4115249998868	EXP	Sound: volume = 1
777.0065600001253	DATA	Keydown: AudioVolumeDown
777.2023450001143	DATA	Keydown: AudioVolumeDown
777.39887000015	DATA	Keydown: AudioVolumeDown
777.5986800002865	DATA	Keydown: AudioVolumeDown
777.7812300003134	DATA	Keydown: AudioVolumeDown
777.9312350000255	DATA	Keydown: AudioVolumeDown
778.431315000169	DATA	Keydown: AudioVolumeDown
778.457625000272	DATA	Keydown: AudioVolumeDown
778.4884049999528	DATA	Keydown: AudioVolumeDown
778.518275000155	DATA	Keydown: AudioVolumeDown
780.7495500002988	DATA	Keydown:  
781.2381750000641	EXP	text_3: autoDraw = true
782.2019000002183	DATA	Keydown:  
782.2302999999374	EXP	text_3: autoDraw = false
782.2302999999374	EXP	Sound: secs = -1
782.2302999999374	EXP	Sound: volume = 1
782.2302999999374	EXP	Sound: loops = 0
782.2302999999374	EXP	Sound: volume = 1
799.4190799999051	EXP	text_3: autoDraw = true
800.0448150001466	DATA	Keydown:  
800.0680849999189	EXP	text_3: autoDraw = false
800.0680849999189	EXP	Sound: secs = -1
800.0680849999189	EXP	Sound: volume = 1
800.0680849999189	EXP	Sound: loops = 0
800.0680849999189	EXP	Sound: volume = 1
813.324090000242	EXP	text_3: autoDraw = true
813.4501000000164	DATA	Keydown:  
813.4728950001299	EXP	text_3: autoDraw = false
813.4728950001299	EXP	Sound: secs = -1
813.4728950001299	EXP	Sound: volume = 1
813.4728950001299	EXP	Sound: loops = 0
813.4728950001299	EXP	Sound: volume = 1
829.9441300001927	EXP	text_3: autoDraw = true
833.1310499999672	DATA	Keydown:  
833.1600800002925	EXP	text_3: autoDraw = false
833.1600800002925	EXP	Sound: secs = -1
833.1600800002925	EXP	Sound: volume = 1
833.1600800002925	EXP	Sound: loops = 0
833.1600800002925	EXP	Sound: volume = 1
843.9788700002246	EXP	text_3: autoDraw = true
844.7172600002959	DATA	Keydown:  
844.746749999933	EXP	text_3: autoDraw = false
844.746749999933	EXP	Sound: secs = -1
844.746749999933	EXP	Sound: volume = 1
844.746749999933	EXP	Sound: loops = 0
844.746749999933	EXP	Sound: volume = 1
860.1353549999185	EXP	text_3: autoDraw = true
860.6040199999698	DATA	Keydown:  
860.6349300001748	EXP	text_3: autoDraw = false
860.6349300001748	EXP	Sound: secs = -1
860.6349300001748	EXP	Sound: volume = 1
860.6349300001748	EXP	Sound: loops = 0
860.6349300001748	EXP	Sound: volume = 1
879.7417450002395	EXP	text_3: autoDraw = true
880.8813550001942	DATA	Keydown:  
880.9076999998651	EXP	text_3: autoDraw = false
880.9076999998651	EXP	Sound: secs = -1
880.9076999998651	EXP	Sound: volume = 1
880.9076999998651	EXP	Sound: loops = 0
880.9076999998651	EXP	Sound: volume = 1
897.4129099999554	EXP	text_3: autoDraw = true
898.7312900000252	DATA	Keydown:  
898.7623850000091	EXP	text_3: autoDraw = false
898.7623850000091	EXP	Sound: secs = -1
898.7623850000091	EXP	Sound: volume = 1
898.7623850000091	EXP	Sound: loops = 0
898.7623850000091	EXP	Sound: volume = 1
912.3829999999143	EXP	text_3: autoDraw = true
913.5191000001505	DATA	Keydown:  
913.5847749998793	EXP	text_3: autoDraw = false
913.5847749998793	EXP	text_4: autoDraw = true
932.540295000188	DATA	Keydown:  
932.5875949999318	EXP	text_4: autoDraw = false
932.5875949999318	EXP	Sound: secs = -1
932.5875949999318	EXP	Sound: volume = 1
932.5875949999318	EXP	Sound: loops = 0
932.5875949999318	EXP	Sound: volume = 1
947.353740000166	EXP	next_prompt_trial2: autoDraw = true
964.4161950000562	DATA	Keydown:  
964.4330649999902	EXP	next_prompt_trial2: autoDraw = false
964.4330649999902	EXP	Sound: secs = -1
964.4330649999902	EXP	Sound: volume = 1
964.4330649999902	EXP	Sound: loops = 0
964.4330649999902	EXP	Sound: volume = 1
977.8507400001399	EXP	next_prompt_trial2: autoDraw = true
978.1366250002757	DATA	Keydown:  
978.1539400001056	EXP	next_prompt_trial2: autoDraw = false
978.1539400001056	EXP	Sound: secs = -1
978.1539400001056	EXP	Sound: volume = 1
978.1539400001056	EXP	Sound: loops = 0
978.1539400001056	EXP	Sound: volume = 1
995.3232499998994	EXP	next_prompt_trial2: autoDraw = true
1002.9857300003059	DATA	Keydown:  
1002.9947500000708	EXP	next_prompt_trial2: autoDraw = false
1002.9947500000708	EXP	Sound: secs = -1
1002.9947500000708	EXP	Sound: volume = 1
1002.9947500000708	EXP	Sound: loops = 0
1002.9947500000708	EXP	Sound: volume = 1
1024.8476750003174	EXP	next_prompt_trial2: autoDraw = true
1028.6034200000577	DATA	Keydown:  
1028.6188199999742	EXP	next_prompt_trial2: autoDraw = false
1028.6188199999742	EXP	Sound: secs = -1
1028.6188199999742	EXP	Sound: volume = 1
1028.6188199999742	EXP	Sound: loops = 0
1028.6188199999742	EXP	Sound: volume = 1
1047.9695049999282	EXP	next_prompt_trial2: autoDraw = true
1048.645120000001	DATA	Keydown:  
1048.6695949998684	EXP	next_prompt_trial2: autoDraw = false
1048.6695949998684	EXP	Sound: secs = -1
1048.6695949998684	EXP	Sound: volume = 1
1048.6695949998684	EXP	Sound: loops = 0
1048.6695949998684	EXP	Sound: volume = 1
1067.9760300000198	EXP	next_prompt_trial2: autoDraw = true
1069.1288649998605	DATA	Keydown:  
1069.144825000316	EXP	next_prompt_trial2: autoDraw = false
1069.144825000316	EXP	Sound: secs = -1
1069.144825000316	EXP	Sound: volume = 1
1069.144825000316	EXP	Sound: loops = 0
1069.144825000316	EXP	Sound: volume = 1
1084.7480450002477	EXP	next_prompt_trial2: autoDraw = true
1085.0388700002804	DATA	Keydown:  
1085.0610950002447	EXP	next_prompt_trial2: autoDraw = false
1085.0610950002447	EXP	Sound: secs = -1
1085.0610950002447	EXP	Sound: volume = 1
1085.0610950002447	EXP	Sound: loops = 0
1085.0610950002447	EXP	Sound: volume = 1
1100.2176450002007	EXP	next_prompt_trial2: autoDraw = true
1101.1187550001778	DATA	Keydown:  
1101.1504800003022	EXP	next_prompt_trial2: autoDraw = false
1101.1504800003022	EXP	Sound: secs = -1
1101.1504800003022	EXP	Sound: volume = 1
1101.1504800003022	EXP	Sound: loops = 0
1101.1504800003022	EXP	Sound: volume = 1
1116.6212050002068	EXP	next_prompt_trial2: autoDraw = true
1118.3899449999444	DATA	Keydown:  
1118.4082100000232	EXP	next_prompt_trial2: autoDraw = false
1118.4082100000232	EXP	Sound: secs = -1
1118.4082100000232	EXP	Sound: volume = 1
1118.4082100000232	EXP	Sound: loops = 0
1118.4082100000232	EXP	Sound: volume = 1
1136.0589749999344	EXP	next_prompt_trial2: autoDraw = true
1136.8618049998768	DATA	Keydown:  
1136.8934499998577	EXP	next_prompt_trial2: autoDraw = false
1136.8934499998577	EXP	Sound: secs = -1
1136.8934499998577	EXP	Sound: volume = 1
1136.8934499998577	EXP	Sound: loops = 0
1136.8934499998577	EXP	Sound: volume = 1
1151.048380000051	EXP	next_prompt_trial2: autoDraw = true
1152.9673200002871	DATA	Keydown:  
1152.998010000214	EXP	next_prompt_trial2: autoDraw = false
1152.998010000214	EXP	Sound: secs = -1
1152.998010000214	EXP	Sound: volume = 1
1152.998010000214	EXP	Sound: loops = 0
1152.998010000214	EXP	Sound: volume = 1
1168.853190000169	EXP	next_prompt_trial2: autoDraw = true
1170.0710050002672	DATA	Keydown:  
1170.0893749999814	EXP	next_prompt_trial2: autoDraw = false
1170.0893749999814	EXP	Sound: secs = -1
1170.0893749999814	EXP	Sound: volume = 1
1170.0893749999814	EXP	Sound: loops = 0
1170.0893749999814	EXP	Sound: volume = 1
1189.8919999999925	EXP	next_prompt_trial2: autoDraw = true
1195.6200350001454	DATA	Keydown:  
1195.6427799998783	EXP	next_prompt_trial2: autoDraw = false
1195.6427799998783	EXP	Sound: secs = -1
1195.6427799998783	EXP	Sound: volume = 1
1195.6427799998783	EXP	Sound: loops = 0
1195.6427799998783	EXP	Sound: volume = 1
1209.5643199998885	EXP	next_prompt_trial2: autoDraw = true
1211.1330750002526	DATA	Keydown:  
1211.1639000000432	EXP	next_prompt_trial2: autoDraw = false
1211.1639000000432	EXP	Sound: secs = -1
1211.1639000000432	EXP	Sound: volume = 1
1211.1639000000432	EXP	Sound: loops = 0
1211.1639000000432	EXP	Sound: volume = 1
1235.0545749999583	EXP	next_prompt_trial2: autoDraw = true
1235.73114000028	DATA	Keydown:  
1235.7398350001313	EXP	next_prompt_trial2: autoDraw = false
1235.7398350001313	EXP	Sound: secs = -1
1235.7398350001313	EXP	Sound: volume = 1
1235.7398350001313	EXP	Sound: loops = 0
1235.7398350001313	EXP	Sound: volume = 1
1251.0921450001188	EXP	next_prompt_trial2: autoDraw = true
1251.9679800001904	DATA	Keydown:  
1251.9916600002907	EXP	next_prompt_trial2: autoDraw = false
1251.9916600002907	EXP	Sound: secs = -1
1251.9916600002907	EXP	Sound: volume = 1
1251.9916600002907	EXP	Sound: loops = 0
1251.9916600002907	EXP	Sound: volume = 1
1268.447879999876	EXP	next_prompt_trial2: autoDraw = true
1268.872599999886	DATA	Keydown:  
1268.8941850000992	EXP	next_prompt_trial2: autoDraw = false
1268.8941850000992	EXP	Sound: secs = -1
1268.8941850000992	EXP	Sound: volume = 1
1268.8941850000992	EXP	Sound: loops = 0
1268.8941850000992	EXP	Sound: volume = 1
1284.3684399998747	EXP	next_prompt_trial2: autoDraw = true
1284.785800000187	DATA	Keydown:  
1284.8020200002939	EXP	next_prompt_trial2: autoDraw = false
1284.8020200002939	EXP	Sound: secs = -1
1284.8020200002939	EXP	Sound: volume = 1
1284.8020200002939	EXP	Sound: loops = 0
1284.8020200002939	EXP	Sound: volume = 1
1302.4731850000098	EXP	next_prompt_trial2: autoDraw = true
1303.1908800001256	DATA	Keydown:  
1303.2083049998619	EXP	next_prompt_trial2: autoDraw = false
1303.2083049998619	EXP	Sound: secs = -1
1303.2083049998619	EXP	Sound: volume = 1
1303.2083049998619	EXP	Sound: loops = 0
1303.2083049998619	EXP	Sound: volume = 1
1321.759845000226	EXP	next_prompt_trial2: autoDraw = true
1322.7696799999103	DATA	Keydown:  
1322.7790749999695	EXP	next_prompt_trial2: autoDraw = false
1322.7790749999695	EXP	Sound: secs = -1
1322.7790749999695	EXP	Sound: volume = 1
1322.7790749999695	EXP	Sound: loops = 0
1322.7790749999695	EXP	Sound: volume = 1
1338.9481600001454	EXP	next_prompt_trial2: autoDraw = true
1343.797580000013	DATA	Mouse: 0 button down, pos=(554.0000165104866,433.33334624767303)
1343.8676050002687	DATA	Mouse: 0 button down, pos=(554.0000165104866,433.33334624767303)
1344.0852749999613	DATA	Keydown:  
1344.0990150002763	EXP	next_prompt_trial2: autoDraw = false
1344.0990150002763	EXP	Sound: secs = -1
1344.0990150002763	EXP	Sound: volume = 1
1344.0990150002763	EXP	Sound: loops = 0
1344.0990150002763	EXP	Sound: volume = 1
1357.785145000089	EXP	next_prompt_trial2: autoDraw = true
1358.8410849999636	DATA	Keydown:  
1358.870870000217	EXP	next_prompt_trial2: autoDraw = false
1358.870870000217	EXP	Sound: secs = -1
1358.870870000217	EXP	Sound: volume = 1
1358.870870000217	EXP	Sound: loops = 0
1358.870870000217	EXP	Sound: volume = 1
1371.4219499998726	EXP	next_prompt_trial2: autoDraw = true
1372.380295000039	DATA	Keydown:  
1372.4067049999721	EXP	next_prompt_trial2: autoDraw = false
1372.4067049999721	EXP	Sound: secs = -1
1372.4067049999721	EXP	Sound: volume = 1
1372.4067049999721	EXP	Sound: loops = 0
1372.4067049999721	EXP	Sound: volume = 1
1378.7284300001338	DATA	Mouse: 0 button down, pos=(726.6666883230209,448.6666800379753)
1378.8594050002284	DATA	Mouse: 0 button down, pos=(726.6666883230209,448.6666800379753)
1389.8128100000322	EXP	next_prompt_trial2: autoDraw = true
1390.2836750000715	DATA	Keydown:  
1390.31225500023	EXP	next_prompt_trial2: autoDraw = false
1390.31225500023	EXP	Sound: secs = -1
1390.31225500023	EXP	Sound: volume = 1
1390.31225500023	EXP	Sound: loops = 0
1390.31225500023	EXP	Sound: volume = 1
1404.2325699999928	EXP	next_prompt_trial2: autoDraw = true
1406.3181850002147	DATA	Keydown:  
1406.3332850001752	EXP	next_prompt_trial2: autoDraw = false
1406.3332850001752	EXP	Sound: secs = -1
1406.3332850001752	EXP	Sound: volume = 1
1406.3332850001752	EXP	Sound: loops = 0
1406.3332850001752	EXP	Sound: volume = 1
1424.088270000182	EXP	next_prompt_trial2: autoDraw = true
1434.2293500001542	DATA	Keydown:  
1434.255650000181	EXP	next_prompt_trial2: autoDraw = false
1434.255650000181	EXP	Sound: secs = -1
1434.255650000181	EXP	Sound: volume = 1
1434.255650000181	EXP	Sound: loops = 0
1434.255650000181	EXP	Sound: volume = 1
1446.864169999957	DATA	Keydown:  
1448.9618250001222	EXP	next_prompt_trial2: autoDraw = true
1449.4719250001945	DATA	Keydown:  
1449.4810700002126	EXP	next_prompt_trial2: autoDraw = false
1449.4810700002126	EXP	Sound: secs = -1
1449.4810700002126	EXP	Sound: volume = 1
1449.4810700002126	EXP	Sound: loops = 0
1449.4810700002126	EXP	Sound: volume = 1
1498.1544400001876	EXP	next_prompt_trial2: autoDraw = true
1498.4271800001152	DATA	Keydown:  
1498.4566600001417	EXP	next_prompt_trial2: autoDraw = false
1498.4566600001417	EXP	Sound: secs = -1
1498.4566600001417	EXP	Sound: volume = 1
1498.4566600001417	EXP	Sound: loops = 0
1498.4566600001417	EXP	Sound: volume = 1
1520.7894800002687	EXP	next_prompt_trial2: autoDraw = true
1521.1554800001904	DATA	Keydown:  
1521.1812350000255	EXP	next_prompt_trial2: autoDraw = false
1521.1812350000255	EXP	Sound: secs = -1
1521.1812350000255	EXP	Sound: volume = 1
1521.1812350000255	EXP	Sound: loops = 0
1521.1812350000255	EXP	Sound: volume = 1
1557.8169400002807	EXP	next_prompt_trial2: autoDraw = true
1558.3847099998966	DATA	Keydown:  
1558.407010000199	EXP	next_prompt_trial2: autoDraw = false
1558.407010000199	EXP	Sound: secs = -1
1558.407010000199	EXP	Sound: volume = 1
1558.407010000199	EXP	Sound: loops = 0
1558.407010000199	EXP	Sound: volume = 1
1583.218855000101	EXP	next_prompt_trial2: autoDraw = true
1583.4382950002328	DATA	Keydown:  
1583.4645799999125	EXP	next_prompt_trial2: autoDraw = false
1583.4645799999125	EXP	Sound: secs = -1
1583.4645799999125	EXP	Sound: volume = 1
1583.4645799999125	EXP	Sound: loops = 0
1583.4645799999125	EXP	Sound: volume = 1
1617.131039999891	EXP	next_prompt_trial2: autoDraw = true
1617.5099599999376	DATA	Keydown:  
1617.5396850001998	EXP	next_prompt_trial2: autoDraw = false
1617.5396850001998	EXP	Sound: secs = -1
1617.5396850001998	EXP	Sound: volume = 1
1617.5396850001998	EXP	Sound: loops = 0
1617.5396850001998	EXP	Sound: volume = 1
1634.7788800001144	EXP	next_prompt_trial2: autoDraw = true
1652.7241449998692	DATA	Keydown:  
1652.7502299998887	EXP	next_prompt_trial2: autoDraw = false
1652.7502299998887	EXP	Sound: secs = -1
1652.7502299998887	EXP	Sound: volume = 1
1652.7502299998887	EXP	Sound: loops = 0
1652.7502299998887	EXP	Sound: volume = 1
1672.4080150001682	EXP	next_prompt_trial2: autoDraw = true
1672.8720949999988	DATA	Keydown:  
1672.887585000135	EXP	next_prompt_trial2: autoDraw = false
1672.887585000135	EXP	Sound: secs = -1
1672.887585000135	EXP	Sound: volume = 1
1672.887585000135	EXP	Sound: loops = 0
1672.887585000135	EXP	Sound: volume = 1
1698.4300400000066	EXP	next_prompt_trial2: autoDraw = true
1699.1821949998848	DATA	Keydown:  
1699.2126600001939	EXP	next_prompt_trial2: autoDraw = false
1699.2126600001939	EXP	Sound: secs = -1
1699.2126600001939	EXP	Sound: volume = 1
1699.2126600001939	EXP	Sound: loops = 0
1699.2126600001939	EXP	Sound: volume = 1
1746.658189999871	EXP	next_prompt_trial2: autoDraw = true
1749.3204749999568	DATA	Keydown:  
1749.3410900002345	EXP	next_prompt_trial2: autoDraw = false
1749.3410900002345	EXP	Sound: secs = -1
1749.3410900002345	EXP	Sound: volume = 1
1749.3410900002345	EXP	Sound: loops = 0
1749.3410900002345	EXP	Sound: volume = 1
1762.248544999864	EXP	next_prompt_trial2: autoDraw = true
1766.9316050000489	DATA	Keydown:  
1766.963010000065	EXP	next_prompt_trial2: autoDraw = false
1766.963010000065	EXP	Sound: secs = -1
1766.963010000065	EXP	Sound: volume = 1
1766.963010000065	EXP	Sound: loops = 0
1766.963010000065	EXP	Sound: volume = 1
1785.8697350001894	EXP	next_prompt_trial2: autoDraw = true
1786.3082500002347	DATA	Keydown:  
1786.3353800000623	EXP	next_prompt_trial2: autoDraw = false
1786.3353800000623	EXP	Sound: secs = -1
1786.3353800000623	EXP	Sound: volume = 1
1786.3353800000623	EXP	Sound: loops = 0
1786.3353800000623	EXP	Sound: volume = 1
1799.8565750000998	EXP	next_prompt_trial2: autoDraw = true
1802.0162550001405	DATA	Keydown:  
1802.040924999863	EXP	next_prompt_trial2: autoDraw = false
1802.040924999863	EXP	Sound: secs = -1
1802.040924999863	EXP	Sound: volume = 1
1802.040924999863	EXP	Sound: loops = 0
1802.040924999863	EXP	Sound: volume = 1
1816.4227900002152	EXP	next_prompt_trial2: autoDraw = true
1816.59403999988	DATA	Keydown:  
1816.6580000002868	EXP	next_prompt_trial2: autoDraw = false
1816.6580000002868	EXP	completion_text: autoDraw = true
1817.715410000179	DATA	Mouse: wheel shift=(0,-200), pos=(730.6666884422302,490.66668128967285)
1817.7310200002976	DATA	Mouse: wheel shift=(0,-200), pos=(731.3333551287651,488.6666812300682)
1817.7901599998586	DATA	Mouse: wheel shift=(0,-200), pos=(731.3333551287651,488.6666812300682)
1818.7177599999122	DATA	Mouse: 0 button down, pos=(384.0000114440918,76.66667403777456)
1818.8350150003098	DATA	Mouse: 0 button down, pos=(384.0000114440918,76.0000022649765)
1818.8637749999762	DATA	Mouse: 0 button down, pos=(384.0000114440918,76.0000022649765)
1818.986024999991	DATA	Mouse: 0 button down, pos=(384.0000114440918,76.0000022649765)
1819.9569299998693	DATA	Mouse: wheel shift=(0,-200), pos=(460.0000137090683,153.3333480755491)
1820.0403800001368	DATA	Mouse: wheel shift=(0,-200), pos=(460.0000137090683,154.00000458955765)
1820.0737550002523	DATA	Mouse: wheel shift=(0,-200), pos=(460.0000137090683,154.00000458955765)
1820.1403550002724	DATA	Mouse: wheel shift=(0,-200), pos=(460.0000137090683,154.00000458955765)
1820.1902700001374	DATA	Mouse: wheel shift=(0,-200), pos=(460.0000137090683,154.00000458955765)
1820.290390000213	DATA	Mouse: wheel shift=(0,-200), pos=(460.0000137090683,154.00000458955765)
1821.0573149998672	DATA	Mouse: 0 button down, pos=(388.66667824983597,73.33334569136332)
1821.1968999998644	DATA	Mouse: 0 button down, pos=(388.66667824983597,73.33334569136332)
1821.229524999857	DATA	Mouse: 0 button down, pos=(388.66667824983597,73.33334569136332)
1821.3519250000827	DATA	Mouse: 0 button down, pos=(388.66667824983597,73.33334569136332)
1821.4397700000554	DATA	Keydown: Control
1821.7299600001425	DATA	Keydown: c
1821.9300999999978	DATA	Keydown: c
1831.3342900001444	DATA	Mouse: wheel shift=(0,-200), pos=(810.0000241398811,196.0000058412552)
1831.352334999945	DATA	Mouse: wheel shift=(0,-200), pos=(811.3333575129509,196.66669287284276)
1831.4112249999307	DATA	Mouse: wheel shift=(0,-200), pos=(811.3333575129509,196.66669287284276)
1831.444095000159	DATA	Mouse: wheel shift=(0,-200), pos=(811.3333575129509,196.66669287284276)
1831.5275699999183	DATA	Mouse: wheel shift=(0,-200), pos=(811.3333575129509,196.66669287284276)
1834.4450099999085	DATA	Mouse: wheel shift=(0,200), pos=(706.6666877269745,386.00001150369644)
1834.4697900000028	DATA	Mouse: wheel shift=(0,200), pos=(709.333354473114,386.6666781902313)
1834.5016250000335	DATA	Mouse: wheel shift=(0,400), pos=(710.6666878461838,387.3333448767662)
1834.5353100001812	DATA	Mouse: wheel shift=(0,200), pos=(711.3333545327187,388.0000115633011)
1834.552630000282	DATA	Mouse: wheel shift=(0,200), pos=(711.3333545327187,388.0000115633011)
1834.8287650002167	DATA	Mouse: wheel shift=(0,200), pos=(711.3333545327187,388.0000115633011)
1834.8674500002526	DATA	Mouse: wheel shift=(0,200), pos=(711.3333545327187,388.0000115633011)
1834.8864049999975	DATA	Mouse: wheel shift=(0,200), pos=(711.3333545327187,388.0000115633011)
1834.928120000288	DATA	Mouse: wheel shift=(0,200), pos=(711.3333545327187,388.0000115633011)
1834.961715000216	DATA	Mouse: wheel shift=(0,200), pos=(711.3333545327187,388.0000115633011)
1835.7783750002272	DATA	Mouse: wheel shift=(0,200), pos=(711.3333545327187,389.33334493637085)
1835.8456950001419	DATA	Mouse: wheel shift=(0,200), pos=(711.3333545327187,389.33334493637085)
1835.8956450000405	DATA	Mouse: wheel shift=(0,200), pos=(711.3333545327187,389.33334493637085)
1835.9523100000806	DATA	Mouse: wheel shift=(0,200), pos=(714.6666879653931,391.3333449959755)
1835.9699349999428	DATA	Mouse: wheel shift=(0,200), pos=(716.0000213384628,393.33334505558014)
1836.0026950002648	DATA	Mouse: wheel shift=(0,200), pos=(717.3333547115326,394.6666784286499)
1837.271225000266	DATA	Mouse: 0 button down, pos=(722.0000215172768,392.0000116825104)
1837.3484700000845	DATA	Mouse: 0 button down, pos=(722.0000215172768,391.3333449959755)
1837.3846050002612	DATA	Mouse: 0 button down, pos=(722.0000215172768,391.3333449959755)
1837.5173599999398	DATA	Mouse: 0 button down, pos=(722.0000215172768,391.3333449959755)
1838.0869400002994	DATA	Keydown: Control
1838.245515000075	DATA	Mouse: wheel shift=(0,200), pos=(722.0000215172768,392.0000116825104)
1838.5641900002956	DATA	Mouse: wheel shift=(0,200), pos=(722.0000215172768,392.0000116825104)
1838.5730200000107	DATA	Mouse: wheel shift=(0,200), pos=(722.0000215172768,392.0000116825104)
1838.5936400000937	DATA	Keydown: Control
1838.6271049999632	DATA	Keydown: Control
1839.4584400001913	DATA	Keydown: Control
1839.6795950001106	DATA	Mouse: wheel shift=(0,200), pos=(722.0000215172768,392.0000116825104)
1839.9673399999738	DATA	Mouse: wheel shift=(0,200), pos=(722.0000215172768,392.0000116825104)
1839.9674800001085	DATA	Keydown: Control
1839.9774350002408	DATA	Mouse: wheel shift=(0,400), pos=(722.0000215172768,392.0000116825104)
1840.00969000021	DATA	Mouse: wheel shift=(0,200), pos=(722.0000215172768,392.0000116825104)
1840.0100100003183	DATA	Keydown: Control
1840.0405000001192	DATA	Keydown: Control
1840.0510450000875	DATA	Keydown: Control
1840.0803600000218	DATA	Keydown: Control
1840.5525350002572	DATA	Keydown: Control
1840.5530300000682	DATA	Keydown: Control
1840.5539500000887	DATA	Keydown: Control
1840.5545250000432	DATA	Keydown: Control
1840.5551149998792	DATA	Keydown: Control
1840.5555000002496	DATA	Keydown: Control
1840.5559050003067	DATA	Keydown: Control
1840.5565700000152	DATA	Keydown: Control
1840.5570900002494	DATA	Mouse: wheel shift=(0,200), pos=(722.0000215172768,392.0000116825104)
1840.5572250001132	DATA	Keydown: Control
1840.5575950001366	DATA	Keydown: Control
1840.5579050001688	DATA	Keydown: Control
1840.5583150000311	DATA	Keydown: Control
1840.5585650000721	DATA	Keydown: Control
1840.558755000122	DATA	Keydown: Control
1840.5589350000955	DATA	Keydown: Control
1840.5593600003049	DATA	Keydown: Control
1840.55965499999	DATA	Mouse: wheel shift=(0,200), pos=(722.0000215172768,392.0000116825104)
1840.6290549999103	DATA	Keydown: Control
1840.6299149999395	DATA	Keydown: Control
1840.682204999961	DATA	Keydown: Control
1840.6825399999507	DATA	Keydown: Control
1842.4783700001426	DATA	Keydown: Control
1842.478790000081	DATA	Keydown: Control
1842.4791399999522	DATA	Keydown: Control
1842.4794499999844	DATA	Keydown: Control
1842.4797499999404	DATA	Keydown: Control
1842.4801050000824	DATA	Keydown: Control
1842.480334999971	DATA	Keydown: Control
1842.4805499999784	DATA	Keydown: Control
1842.4807600001805	DATA	Keydown: Control
1842.4810200002976	DATA	Keydown: Control
1842.4812150001526	DATA	Keydown: Control
1842.4814699999988	DATA	Keydown: Control
1842.4816800002009	DATA	Keydown: Control
1842.4818799998611	DATA	Keydown: Control
1842.4820900000632	DATA	Keydown: Control
1842.4823250002228	DATA	Keydown: Control
1842.4825949999504	DATA	Mouse: wheel shift=(0,200), pos=(722.0000215172768,392.0000116825104)
1842.4826650000177	DATA	Keydown: Control
1842.482780000195	DATA	Keydown: Control
1842.4829100002535	DATA	Keydown: Control
1842.483024999965	DATA	Keydown: Control
1842.4831600002944	DATA	Keydown: Control
1842.483330000192	DATA	Keydown: Control
1842.4834750001319	DATA	Keydown: Control
1842.4837100002915	DATA	Keydown: Control
1842.4838950000703	DATA	Keydown: Control
1842.4841100000776	DATA	Keydown: Control
1842.4842900000513	DATA	Keydown: Control
1842.484440000262	DATA	Keydown: Control
1842.4845650000498	DATA	Keydown: Control
1842.484680000227	DATA	Keydown: Control
1842.4847849998623	DATA	Keydown: Control
1842.4849000000395	DATA	Keydown: Control
1842.485020000022	DATA	Keydown: Control
1842.485135000199	DATA	Keydown: Control
1842.4852400003	DATA	Keydown: Control
1842.4853600002825	DATA	Keydown: Control
1842.485474999994	DATA	Keydown: Control
1842.4855750002898	DATA	Keydown: Control
1842.48567500012	DATA	Keydown: Control
1842.4857900002971	DATA	Keydown: Control
1842.4859050000086	DATA	Keydown: Control
1842.4860050003044	DATA	Keydown: Control
1842.486120000016	DATA	Keydown: Control
1842.4862150000408	DATA	Keydown: Control
1842.486330000218	DATA	Keydown: Control
1842.4864300000481	DATA	Keydown: Control
1842.4865299998783	DATA	Keydown: Control
1842.486630000174	DATA	Keydown: Control
1842.4867300000042	DATA	Keydown: Control
1842.4868499999866	DATA	Keydown: Control
1842.486969999969	DATA	Keydown: Control
1842.4870850001462	DATA	Keydown: Control
1842.4871950000525	DATA	Keydown: Control
1842.4873100002296	DATA	Keydown: Control
1842.4874249999411	DATA	Keydown: Control
1842.4881850001402	DATA	Mouse: wheel shift=(0,2200), pos=(722.0000215172768,392.0000116825104)
1842.986419999972	DATA	Mouse: 0 button down, pos=(3226.666762828827,1248.0000371932983)
1843.099489999935	DATA	Mouse: 0 button down, pos=(3226.666762828827,1248.0000371932983)
1843.1663750000298	DATA	Mouse: 0 button down, pos=(3226.666762828827,1248.0000371932983)
1843.2701050001197	DATA	Mouse: 0 button down, pos=(3226.666762828827,1248.0000371932983)
1843.4793899999931	DATA	Mouse: wheel shift=(0,200), pos=(3248.000096797943,1272.000037908554)
1843.5075099999085	DATA	Mouse: wheel shift=(0,600), pos=(3248.000096797943,1272.000037908554)
1843.5344400000758	DATA	Mouse: wheel shift=(0,200), pos=(3264.0000972747803,1306.6667869885787)
1843.5629150001332	DATA	Mouse: wheel shift=(0,200), pos=(3277.333431005478,1338.666787942253)
1843.8134900000878	DATA	Mouse: wheel shift=(0,200), pos=(3290.6667647361755,1421.3333756923676)
1843.8421950000338	DATA	Mouse: wheel shift=(0,400), pos=(3293.333431482315,1429.3333759307861)
1843.8693900001235	DATA	Mouse: wheel shift=(0,200), pos=(3298.666764974594,1445.3333764076233)
1844.8437350001186	DATA	Mouse: wheel shift=(0,200), pos=(3248.000096797943,1541.3333792686462)
1844.8734599999152	DATA	Mouse: wheel shift=(0,400), pos=(3248.000096797943,1541.3333792686462)
1844.9029299998656	DATA	Mouse: wheel shift=(0,200), pos=(3248.000096797943,1541.3333792686462)
1844.926870000083	DATA	Mouse: wheel shift=(0,200), pos=(3248.000096797943,1541.3333792686462)
1844.9607049999759	DATA	Mouse: wheel shift=(0,200), pos=(3248.000096797943,1541.3333792686462)
1844.9901000000536	DATA	Mouse: wheel shift=(0,200), pos=(3248.000096797943,1541.3333792686462)
1845.24869999988	DATA	Mouse: wheel shift=(0,200), pos=(3248.000096797943,1544.0000460147858)
1845.2943100002594	DATA	Mouse: wheel shift=(0,200), pos=(3269.3334307670593,1568.0000467300415)
1845.3241500002332	DATA	Mouse: wheel shift=(0,400), pos=(3309.333431959152,1608.0000479221344)
1845.3247600002214	DATA	Mouse: wheel shift=(0,200), pos=(3320.0000989437103,1621.333381652832)
1845.3545650001615	DATA	Mouse: wheel shift=(0,200), pos=(3341.3334329128265,1642.6667156219482)
1845.9801250002347	DATA	Mouse: wheel shift=(0,200), pos=(3360.000100135803,1664.0000495910645)
1846.0004000002518	DATA	Mouse: wheel shift=(0,200), pos=(3360.000100135803,1664.0000495910645)
1846.0398249998689	DATA	Mouse: wheel shift=(0,200), pos=(3360.000100135803,1664.0000495910645)
1846.0654150000773	DATA	Mouse: wheel shift=(0,200), pos=(3360.000100135803,1664.0000495910645)
1846.0900900000706	DATA	Mouse: wheel shift=(0,200), pos=(3360.000100135803,1664.0000495910645)
1846.6386500000954	DATA	Keydown:  
1846.665335000027	EXP	completion_text: autoDraw = false
1846.665335000027	EXP	goodbyetxt: autoDraw = true
1851.259440000169	DATA	Keydown: Control
1851.7604399998672	DATA	Keydown: Control
1851.7898750002496	DATA	Keydown: Control
1851.818895000033	DATA	Keydown: Control
1851.8498050002381	DATA	Keydown: Control
1851.8809350002557	DATA	Keydown: Control
1851.9103100001812	DATA	Keydown: Control
1851.940789999906	DATA	Keydown: Control
1851.969065000303	DATA	Keydown: Control
1852.0012400001287	DATA	Keydown: Control
1852.0307700000703	DATA	Keydown: Control
