0.06300000002374873	EXP	Created Window = Window( name=Window, fullscr=true, color=#808080, units=height, waitBlanking=true, autoLog=true, size=[1366,625] )
50.710000000020955	DATA	Keydown: m
52.26700000002165	DATA	Keydown: Backspace
53.0679999999993	DATA	Keydown: Shift
53.33300000001327	DATA	Keydown: M
61.420000000012806	DATA	Keydown: y
61.55000000001746	DATA	Keydown: e
62.360000000015134	DATA	Keydown: s
74.15800000002491	DATA	Keydown: s
74.64300000001094	DATA	Keydown: o
75.10899999999674	DATA	Keydown: n
75.71400000000722	DATA	Keydown: y
96.49900000001071	DATA	Keydown: 1
97.52800000002026	DATA	Keydown:  
98.23600000000442	DATA	Keydown: y
98.49300000001676	DATA	Keydown: r
101.0460000000021	DATA	Keydown: Backspace
104.32000000000698	DATA	Keydown: Backspace
104.78600000002189	DATA	Keydown: Backspace
112.85599999999977	DATA	Keydown: n
113.35100000002421	DATA	Keydown: o
123.81100000001607	DATA	Keydown: n
123.9539999999979	DATA	Keydown: o
127.51700000002165	DATA	Keydown: f
130.3310000000056	DATA	Keydown: 4
130.60500000001048	DATA	Keydown: 2
145.27100000000792	DATA	Keydown: r
150.3400000000256	DATA	Keydown: Backspace
150.89400000000023	DATA	Keydown: Shift
151.4429999999993	DATA	Keydown: R
165.02500000002328	DATA	Keydown: y
165.2970000000205	DATA	Keydown: e
165.5810000000056	DATA	Keydown: s
173.6820000000007	EXP	Created instructiontxt = TextStim( name=instructiontxt, win=Window( name=Window, fullscr=true, color=#808080, ~), autoDraw=null, autoLog=true, units=height, ori=null, opacity=1, pos=[0,0], size=undefined, text=Welcome to tapping experiment. 

You will hear a s~, font=Arial, color=#FFFFFF, contrast=1, height=0.05, bold=null, italic=null, alignHoriz=left, alignVert=center, wrapWidth=1, flipHoriz=null, flipVert=null )
173.81200000000536	EXP	Created TonePlayer = TonePlayer( name=TonePlayer, note=A4, duration_s=-1, volume=1, loops=null, soundLibrary="TONE_JS", autoLog=true )
173.81700000001	EXP	Created text = TextStim( name=text, win=Window( name=Window, fullscr=true, color=#808080, ~), autoDraw=null, autoLog=true, units=height, ori=null, opacity=1, pos=[0,0], size=undefined, text=Ready for the next trial?

press space bar to star~, font=Arial, color=#FFFFFF, contrast=1, height=0.05, bold=null, italic=null, alignHoriz=left, alignVert=center, wrapWidth=1, flipHoriz=null, flipVert=null )
173.82100000002538	EXP	Created text_2 = TextStim( name=text_2, win=Window( name=Window, fullscr=true, color=#808080, ~), autoDraw=null, autoLog=true, units=height, ori=null, opacity=1, pos=[0,0], size=undefined, text=Practice trials are over.

Now we are going to sta~, font=Arial, color=#FFFFFF, contrast=1, height=0.05, bold=null, italic=null, alignHoriz=left, alignVert=center, wrapWidth=1, flipHoriz=null, flipVert=null )
173.83900000000722	EXP	Created TonePlayer = TonePlayer( name=TonePlayer, note=A4, duration_s=-1, volume=1, loops=null, soundLibrary="TONE_JS", autoLog=true )
173.8410000000149	EXP	Created text_3 = TextStim( name=text_3, win=Window( name=Window, fullscr=true, color=#808080, ~), autoDraw=null, autoLog=true, units=height, ori=null, opacity=1, pos=[0,0], size=undefined, text=Ready for the next trial?

Press space bar to star~, font=Arial, color=#FFFFFF, contrast=1, height=0.05, bold=null, italic=null, alignHoriz=left, alignVert=center, wrapWidth=1, flipHoriz=null, flipVert=null )
173.84900000001653	EXP	Created text_4 = TextStim( name=text_4, win=Window( name=Window, fullscr=true, color=#808080, ~), autoDraw=null, autoLog=true, units=height, ori=null, opacity=1, pos=[0,0], size=undefined, text=Great! This is the half-way break. 

Please take y~, font=Arial, color=#FFFFFF, contrast=1, height=0.05, bold=null, italic=null, alignHoriz=left, alignVert=center, wrapWidth=1, flipHoriz=null, flipVert=null )
173.86800000001676	EXP	Created TonePlayer = TonePlayer( name=TonePlayer, note=A4, duration_s=-1, volume=1, loops=null, soundLibrary="TONE_JS", autoLog=true )
173.875	EXP	Created next_prompt_trial2 = TextStim( name=next_prompt_trial2, win=Window( name=Window, fullscr=true, color=#808080, ~), autoDraw=null, autoLog=true, units=height, ori=null, opacity=1, pos=[0,0], size=undefined, text=Ready for the next trial? 

Press space bar to sta~, font=Arial, color=#FFFFFF, contrast=1, height=0.05, bold=null, italic=null, alignHoriz=left, alignVert=center, wrapWidth=1, flipHoriz=null, flipVert=null )
173.92700000002515	EXP	Created completion_text = TextStim( name=completion_text, win=Window( name=Window, fullscr=true, color=#808080, ~), autoDraw=null, autoLog=true, units=height, ori=null, opacity=1, pos=[0,0], size=undefined, text=Thanks for your participation! 

Here is your expe~, font=Arial, color=#FFFFFF, contrast=1, height=0.05, bold=null, italic=null, alignHoriz=left, alignVert=center, wrapWidth=1, flipHoriz=null, flipVert=null )
173.95000000001164	EXP	Created goodbyetxt = TextStim( name=goodbyetxt, win=Window( name=Window, fullscr=true, color=#808080, ~), autoDraw=null, autoLog=true, units=height, ori=null, opacity=1, pos=[0,0], size=undefined, text=The test is over!

Thank you so much!!, font=Arial, color=#FFFFFF, contrast=1, height=0.05, bold=null, italic=null, alignHoriz=left, alignVert=center, wrapWidth=1, flipHoriz=null, flipVert=null )
174.04899999999907	EXP	instructiontxt: units = "height"
174.04899999999907	EXP	instructiontxt: ori = 0
174.04899999999907	EXP	instructiontxt: opacity = 1
174.04899999999907	EXP	instructiontxt: pos = [0,0]
174.04899999999907	EXP	instructiontxt: size = undefined
174.04899999999907	EXP	instructiontxt: text = "Welcome to tapping experiment. \n\nYou will hear a sequence of tones.\nUse the index finger of your dominant hand \nto tap the spacebar at where you think the beat is throughout the sound file at each trial.\n\nWhen you are ready, press the spacebar to begin the practice."
174.04899999999907	EXP	instructiontxt: font = "Arial"
174.04899999999907	EXP	instructiontxt: color = {"_hex":"#FFFFFF","_rgb":[1,1,1]}
174.04899999999907	EXP	instructiontxt: contrast = 1
174.04899999999907	EXP	instructiontxt: height = 0.05
174.04899999999907	EXP	instructiontxt: bold = false
174.04899999999907	EXP	instructiontxt: italic = false
174.04899999999907	EXP	instructiontxt: alignHoriz = "left"
174.04899999999907	EXP	instructiontxt: alignVert = "center"
174.04899999999907	EXP	instructiontxt: wrapWidth = 1
174.04899999999907	EXP	instructiontxt: flipHoriz = false
174.04899999999907	EXP	instructiontxt: flipVert = false
174.04899999999907	EXP	Sound: secs = -1
174.04899999999907	EXP	Sound: volume = 1
174.04899999999907	EXP	Sound: loops = 0
174.04899999999907	EXP	Sound: volume = 1
174.04899999999907	EXP	text: units = "height"
174.04899999999907	EXP	text: ori = 0
174.04899999999907	EXP	text: opacity = 1
174.04899999999907	EXP	text: pos = [0,0]
174.04899999999907	EXP	text: size = undefined
174.04899999999907	EXP	text: text = "Ready for the next trial?\n\npress space bar to start."
174.04899999999907	EXP	text: font = "Arial"
174.04899999999907	EXP	text: color = {"_hex":"#FFFFFF","_rgb":[1,1,1]}
174.04899999999907	EXP	text: contrast = 1
174.04899999999907	EXP	text: height = 0.05
174.04899999999907	EXP	text: bold = false
174.04899999999907	EXP	text: italic = false
174.04899999999907	EXP	text: alignHoriz = "left"
174.04899999999907	EXP	text: alignVert = "center"
174.04899999999907	EXP	text: wrapWidth = 1
174.04899999999907	EXP	text: flipHoriz = false
174.04899999999907	EXP	text: flipVert = false
174.04899999999907	EXP	text_2: units = "height"
174.04899999999907	EXP	text_2: ori = 0
174.04899999999907	EXP	text_2: opacity = 1
174.04899999999907	EXP	text_2: pos = [0,0]
174.04899999999907	EXP	text_2: size = undefined
174.04899999999907	EXP	text_2: text = "Practice trials are over.\n\nNow we are going to start the real test trials.\nThe total session length will be about 28 minutes, but we will have a short break at the half way mark.\n\nIf you are ready, please space bar."
174.04899999999907	EXP	text_2: font = "Arial"
174.04899999999907	EXP	text_2: color = {"_hex":"#FFFFFF","_rgb":[1,1,1]}
174.04899999999907	EXP	text_2: contrast = 1
174.04899999999907	EXP	text_2: height = 0.05
174.04899999999907	EXP	text_2: bold = false
174.04899999999907	EXP	text_2: italic = false
174.04899999999907	EXP	text_2: alignHoriz = "left"
174.04899999999907	EXP	text_2: alignVert = "center"
174.04899999999907	EXP	text_2: wrapWidth = 1
174.04899999999907	EXP	text_2: flipHoriz = false
174.04899999999907	EXP	text_2: flipVert = false
174.04899999999907	EXP	Sound: secs = -1
174.04899999999907	EXP	Sound: volume = 1
174.04899999999907	EXP	Sound: loops = 0
174.04899999999907	EXP	Sound: volume = 1
174.04899999999907	EXP	text_3: units = "height"
174.04899999999907	EXP	text_3: ori = 0
174.04899999999907	EXP	text_3: opacity = 1
174.04899999999907	EXP	text_3: pos = [0,0]
174.04899999999907	EXP	text_3: size = undefined
174.04899999999907	EXP	text_3: text = "Ready for the next trial?\n\nPress space bar to start."
174.04899999999907	EXP	text_3: font = "Arial"
174.04899999999907	EXP	text_3: color = {"_hex":"#FFFFFF","_rgb":[1,1,1]}
174.04899999999907	EXP	text_3: contrast = 1
174.04899999999907	EXP	text_3: height = 0.05
174.04899999999907	EXP	text_3: bold = false
174.04899999999907	EXP	text_3: italic = false
174.04899999999907	EXP	text_3: alignHoriz = "left"
174.04899999999907	EXP	text_3: alignVert = "center"
174.04899999999907	EXP	text_3: wrapWidth = 1
174.04899999999907	EXP	text_3: flipHoriz = false
174.04899999999907	EXP	text_3: flipVert = false
174.04899999999907	EXP	text_4: units = "height"
174.04899999999907	EXP	text_4: ori = 0
174.04899999999907	EXP	text_4: opacity = 1
174.04899999999907	EXP	text_4: pos = [0,0]
174.04899999999907	EXP	text_4: size = undefined
174.04899999999907	EXP	text_4: text = "Great! This is the half-way break. \n\nPlease take your time. \n\nWhen you are ready to start the second-half of the test trials, please press space bar. "
174.04899999999907	EXP	text_4: font = "Arial"
174.04899999999907	EXP	text_4: color = {"_hex":"#FFFFFF","_rgb":[1,1,1]}
174.04899999999907	EXP	text_4: contrast = 1
174.04899999999907	EXP	text_4: height = 0.05
174.04899999999907	EXP	text_4: bold = false
174.04899999999907	EXP	text_4: italic = false
174.04899999999907	EXP	text_4: alignHoriz = "left"
174.04899999999907	EXP	text_4: alignVert = "center"
174.04899999999907	EXP	text_4: wrapWidth = 1
174.04899999999907	EXP	text_4: flipHoriz = false
174.04899999999907	EXP	text_4: flipVert = false
174.04899999999907	EXP	Sound: secs = -1
174.04899999999907	EXP	Sound: volume = 1
174.04899999999907	EXP	Sound: loops = 0
174.04899999999907	EXP	Sound: volume = 1
174.04899999999907	EXP	next_prompt_trial2: units = "height"
174.04899999999907	EXP	next_prompt_trial2: ori = 0
174.04899999999907	EXP	next_prompt_trial2: opacity = 1
174.04899999999907	EXP	next_prompt_trial2: pos = [0,0]
174.04899999999907	EXP	next_prompt_trial2: size = undefined
174.04899999999907	EXP	next_prompt_trial2: text = "Ready for the next trial? \n\nPress space bar to start. "
174.04899999999907	EXP	next_prompt_trial2: font = "Arial"
174.04899999999907	EXP	next_prompt_trial2: color = {"_hex":"#FFFFFF","_rgb":[1,1,1]}
174.04899999999907	EXP	next_prompt_trial2: contrast = 1
174.04899999999907	EXP	next_prompt_trial2: height = 0.05
174.04899999999907	EXP	next_prompt_trial2: bold = false
174.04899999999907	EXP	next_prompt_trial2: italic = false
174.04899999999907	EXP	next_prompt_trial2: alignHoriz = "left"
174.04899999999907	EXP	next_prompt_trial2: alignVert = "center"
174.04899999999907	EXP	next_prompt_trial2: wrapWidth = 1
174.04899999999907	EXP	next_prompt_trial2: flipHoriz = false
174.04899999999907	EXP	next_prompt_trial2: flipVert = false
174.04899999999907	EXP	completion_text: units = "height"
174.04899999999907	EXP	completion_text: ori = 0
174.04899999999907	EXP	completion_text: opacity = 1
174.04899999999907	EXP	completion_text: pos = [0,0]
174.04899999999907	EXP	completion_text: size = undefined
174.04899999999907	EXP	completion_text: text = "Thanks for your participation! \n\nHere is your experiment completion code: \n\n9158 \n\nPlease write down this code as you will need it in order to receive payment.\n\nIf you are not an MTurk worker, please send an email to nolan.lem@gmail.com with the Experiment Completion Code as the subject of the email. In order to complete the \nexperiment, when you are ready please press space bar and wait until you see a text box appear that says \"Thanks for your patience\" where you can click 'ok'. \n\nIf you are an MTurk worker, please press the space bar to be redirected to the MTurk experiment \nhomepage where you can input the code into the Experiment Completion Code box. "
174.04899999999907	EXP	completion_text: font = "Arial"
174.04899999999907	EXP	completion_text: color = {"_hex":"#FFFFFF","_rgb":[1,1,1]}
174.04899999999907	EXP	completion_text: contrast = 1
174.04899999999907	EXP	completion_text: height = 0.05
174.04899999999907	EXP	completion_text: bold = false
174.04899999999907	EXP	completion_text: italic = false
174.04899999999907	EXP	completion_text: alignHoriz = "left"
174.04899999999907	EXP	completion_text: alignVert = "center"
174.04899999999907	EXP	completion_text: wrapWidth = 1
174.04899999999907	EXP	completion_text: flipHoriz = false
174.04899999999907	EXP	completion_text: flipVert = false
174.04899999999907	EXP	goodbyetxt: units = "height"
174.04899999999907	EXP	goodbyetxt: ori = 0
174.04899999999907	EXP	goodbyetxt: opacity = 1
174.04899999999907	EXP	goodbyetxt: pos = [0,0]
174.04899999999907	EXP	goodbyetxt: size = undefined
174.04899999999907	EXP	goodbyetxt: text = "The test is over!\n\nThank you so much!!"
174.04899999999907	EXP	goodbyetxt: font = "Arial"
174.04899999999907	EXP	goodbyetxt: color = {"_hex":"#FFFFFF","_rgb":[1,1,1]}
174.04899999999907	EXP	goodbyetxt: contrast = 1
174.04899999999907	EXP	goodbyetxt: height = 0.05
174.04899999999907	EXP	goodbyetxt: bold = false
174.04899999999907	EXP	goodbyetxt: italic = false
174.04899999999907	EXP	goodbyetxt: alignHoriz = "left"
174.04899999999907	EXP	goodbyetxt: alignVert = "center"
174.04899999999907	EXP	goodbyetxt: wrapWidth = 1
174.04899999999907	EXP	goodbyetxt: flipHoriz = false
174.04899999999907	EXP	goodbyetxt: flipVert = false
174.04899999999907	EXP	instructiontxt: autoDraw = true
189.29300000000512	DATA	Mouse: wheel shift=(0,100), pos=(762,371)
189.32500000001164	DATA	Mouse: wheel shift=(0,100), pos=(762,371)
189.34600000001956	DATA	Mouse: wheel shift=(0,100), pos=(762,371)
189.5920000000042	DATA	Mouse: wheel shift=(0,200), pos=(762,371)
189.91599999999744	DATA	Mouse: wheel shift=(0,400), pos=(762,371)
190.31600000002072	DATA	Mouse: wheel shift=(0,400), pos=(762,371)
196.06100000001607	DATA	Keydown:  
196.1380000000063	EXP	instructiontxt: autoDraw = false
196.1380000000063	EXP	Sound: secs = -1
196.1380000000063	EXP	Sound: volume = 1
196.1380000000063	EXP	Sound: loops = 0
196.1380000000063	EXP	Sound: volume = 1
202.92900000000373	DATA	Mouse: wheel shift=(0,-200), pos=(853,318)
203.44100000002072	DATA	Mouse: wheel shift=(0,-100), pos=(850,316)
205.51700000002165	DATA	Mouse: wheel shift=(0,100), pos=(847,315)
210.79200000001583	EXP	text: autoDraw = true
210.95700000002398	DATA	Mouse: wheel shift=(0,-100), pos=(819,315)
211.08900000000722	DATA	Mouse: wheel shift=(0,-100), pos=(819,315)
217.75600000002305	DATA	Keydown:  
217.7740000000049	EXP	text: autoDraw = false
217.7740000000049	EXP	Sound: secs = -1
217.7740000000049	EXP	Sound: volume = 1
217.7740000000049	EXP	Sound: loops = 0
217.7740000000049	EXP	Sound: volume = 1
237.59600000001956	EXP	text: autoDraw = true
241.97600000002421	DATA	Keydown:  
241.99199999999837	EXP	text: autoDraw = false
241.99199999999837	EXP	Sound: secs = -1
241.99199999999837	EXP	Sound: volume = 1
241.99199999999837	EXP	Sound: loops = 0
241.99199999999837	EXP	Sound: volume = 1
255.97200000000885	EXP	text: autoDraw = true
258.74199999999837	DATA	Keydown:  
258.75600000002305	EXP	text: autoDraw = false
258.75600000002305	EXP	Sound: secs = -1
258.75600000002305	EXP	Sound: volume = 1
258.75600000002305	EXP	Sound: loops = 0
258.75600000002305	EXP	Sound: volume = 1
273.8040000000037	EXP	text: autoDraw = true
276.11000000001513	DATA	Keydown:  
276.1380000000063	EXP	text: autoDraw = false
276.1380000000063	EXP	text_2: autoDraw = true
295.40300000002026	DATA	Keydown:  
295.44800000000396	EXP	text_2: autoDraw = false
295.44800000000396	EXP	Sound: secs = -1
295.44800000000396	EXP	Sound: volume = 1
295.44800000000396	EXP	Sound: loops = 0
295.44800000000396	EXP	Sound: volume = 1
313.49300000001676	EXP	text_3: autoDraw = true
316.9320000000007	DATA	Keydown:  
316.9550000000163	EXP	text_3: autoDraw = false
316.9550000000163	EXP	Sound: secs = -1
316.9550000000163	EXP	Sound: volume = 1
316.9550000000163	EXP	Sound: loops = 0
316.9550000000163	EXP	Sound: volume = 1
334.0580000000191	EXP	text_3: autoDraw = true
336.24400000000605	DATA	Keydown:  
336.25700000001234	EXP	text_3: autoDraw = false
336.25700000001234	EXP	Sound: secs = -1
336.25700000001234	EXP	Sound: volume = 1
336.25700000001234	EXP	Sound: loops = 0
336.25700000001234	EXP	Sound: volume = 1
355.10899999999674	EXP	text_3: autoDraw = true
357.3650000000198	DATA	Keydown:  
357.5320000000065	EXP	text_3: autoDraw = false
357.5320000000065	EXP	Sound: secs = -1
357.5320000000065	EXP	Sound: volume = 1
357.5320000000065	EXP	Sound: loops = 0
357.5320000000065	EXP	Sound: volume = 1
377.4550000000163	EXP	text_3: autoDraw = true
379.56400000001304	DATA	Keydown:  
379.5930000000226	EXP	text_3: autoDraw = false
379.5930000000226	EXP	Sound: secs = -1
379.5930000000226	EXP	Sound: volume = 1
379.5930000000226	EXP	Sound: loops = 0
379.5930000000226	EXP	Sound: volume = 1
397.4660000000149	EXP	text_3: autoDraw = true
399.7260000000242	DATA	Keydown:  
399.73500000001513	EXP	text_3: autoDraw = false
399.73500000001513	EXP	Sound: secs = -1
399.73500000001513	EXP	Sound: volume = 1
399.73500000001513	EXP	Sound: loops = 0
399.73500000001513	EXP	Sound: volume = 1
420.6130000000121	EXP	text_3: autoDraw = true
422.3090000000084	DATA	Keydown:  
422.3390000000072	EXP	text_3: autoDraw = false
422.3390000000072	EXP	Sound: secs = -1
422.3390000000072	EXP	Sound: volume = 1
422.3390000000072	EXP	Sound: loops = 0
422.3390000000072	EXP	Sound: volume = 1
441.75400000001537	EXP	text_3: autoDraw = true
443.78100000001723	DATA	Keydown:  
443.79000000000815	EXP	text_3: autoDraw = false
443.79000000000815	EXP	Sound: secs = -1
443.79000000000815	EXP	Sound: volume = 1
443.79000000000815	EXP	Sound: loops = 0
443.79000000000815	EXP	Sound: volume = 1
462.25800000000163	EXP	text_3: autoDraw = true
464.637000000017	DATA	Keydown:  
464.6480000000156	EXP	text_3: autoDraw = false
464.6480000000156	EXP	Sound: secs = -1
464.6480000000156	EXP	Sound: volume = 1
464.6480000000156	EXP	Sound: loops = 0
464.6480000000156	EXP	Sound: volume = 1
481.8660000000091	EXP	text_3: autoDraw = true
484.2050000000163	DATA	Keydown:  
484.2180000000226	EXP	text_3: autoDraw = false
484.2180000000226	EXP	Sound: secs = -1
484.2180000000226	EXP	Sound: volume = 1
484.2180000000226	EXP	Sound: loops = 0
484.2180000000226	EXP	Sound: volume = 1
499.122000000003	EXP	text_3: autoDraw = true
501.6730000000098	DATA	Keydown:  
501.6940000000177	EXP	text_3: autoDraw = false
501.6940000000177	EXP	Sound: secs = -1
501.6940000000177	EXP	Sound: volume = 1
501.6940000000177	EXP	Sound: loops = 0
501.6940000000177	EXP	Sound: volume = 1
527.2920000000158	EXP	text_3: autoDraw = true
529.515000000014	DATA	Keydown:  
529.5320000000065	EXP	text_3: autoDraw = false
529.5320000000065	EXP	Sound: secs = -1
529.5320000000065	EXP	Sound: volume = 1
529.5320000000065	EXP	Sound: loops = 0
529.5320000000065	EXP	Sound: volume = 1
546.9170000000158	EXP	text_3: autoDraw = true
548.5230000000156	DATA	Keydown:  
548.5470000000205	EXP	text_3: autoDraw = false
548.5470000000205	EXP	Sound: secs = -1
548.5470000000205	EXP	Sound: volume = 1
548.5470000000205	EXP	Sound: loops = 0
548.5470000000205	EXP	Sound: volume = 1
566.7920000000158	EXP	text_3: autoDraw = true
568.4380000000237	DATA	Keydown:  
568.460000000021	EXP	text_3: autoDraw = false
568.460000000021	EXP	Sound: secs = -1
568.460000000021	EXP	Sound: volume = 1
568.460000000021	EXP	Sound: loops = 0
568.460000000021	EXP	Sound: volume = 1
582.1160000000091	EXP	text_3: autoDraw = true
584.1169999999984	DATA	Keydown:  
584.1330000000016	EXP	text_3: autoDraw = false
584.1330000000016	EXP	Sound: secs = -1
584.1330000000016	EXP	Sound: volume = 1
584.1330000000016	EXP	Sound: loops = 0
584.1330000000016	EXP	Sound: volume = 1
599.5200000000186	EXP	text_3: autoDraw = true
601.1659999999974	DATA	Keydown:  
601.1760000000068	EXP	text_3: autoDraw = false
601.1760000000068	EXP	Sound: secs = -1
601.1760000000068	EXP	Sound: volume = 1
601.1760000000068	EXP	Sound: loops = 0
601.1760000000068	EXP	Sound: volume = 1
614.747000000003	EXP	text_3: autoDraw = true
616.7850000000035	DATA	Keydown:  
616.8080000000191	EXP	text_3: autoDraw = false
616.8080000000191	EXP	Sound: secs = -1
616.8080000000191	EXP	Sound: volume = 1
616.8080000000191	EXP	Sound: loops = 0
616.8080000000191	EXP	Sound: volume = 1
635.9320000000007	EXP	text_3: autoDraw = true
637.4830000000075	DATA	Keydown:  
637.506000000023	EXP	text_3: autoDraw = false
637.506000000023	EXP	Sound: secs = -1
637.506000000023	EXP	Sound: volume = 1
637.506000000023	EXP	Sound: loops = 0
637.506000000023	EXP	Sound: volume = 1
653.4910000000091	EXP	text_3: autoDraw = true
655.0610000000161	DATA	Keydown:  
655.0930000000226	EXP	text_3: autoDraw = false
655.0930000000226	EXP	Sound: secs = -1
655.0930000000226	EXP	Sound: volume = 1
655.0930000000226	EXP	Sound: loops = 0
655.0930000000226	EXP	Sound: volume = 1
667.4090000000142	EXP	text_3: autoDraw = true
669.1040000000212	DATA	Keydown:  
669.1169999999984	EXP	text_3: autoDraw = false
669.1169999999984	EXP	Sound: secs = -1
669.1169999999984	EXP	Sound: volume = 1
669.1169999999984	EXP	Sound: loops = 0
669.1169999999984	EXP	Sound: volume = 1
694.0880000000179	EXP	text_3: autoDraw = true
696.070000000007	DATA	Keydown:  
696.0860000000102	EXP	text_3: autoDraw = false
696.0860000000102	EXP	Sound: secs = -1
696.0860000000102	EXP	Sound: volume = 1
696.0860000000102	EXP	Sound: loops = 0
696.0860000000102	EXP	Sound: volume = 1
712.9950000000244	EXP	text_3: autoDraw = true
715.1840000000084	DATA	Keydown:  
715.2000000000116	EXP	text_3: autoDraw = false
715.2000000000116	EXP	Sound: secs = -1
715.2000000000116	EXP	Sound: volume = 1
715.2000000000116	EXP	Sound: loops = 0
715.2000000000116	EXP	Sound: volume = 1
731.7210000000196	EXP	text_3: autoDraw = true
733.3540000000212	DATA	Keydown:  
733.3630000000121	EXP	text_3: autoDraw = false
733.3630000000121	EXP	Sound: secs = -1
733.3630000000121	EXP	Sound: volume = 1
733.3630000000121	EXP	Sound: loops = 0
733.3630000000121	EXP	Sound: volume = 1
746.6520000000019	EXP	text_3: autoDraw = true
748.0390000000189	DATA	Keydown:  
748.0500000000175	EXP	text_3: autoDraw = false
748.0500000000175	EXP	Sound: secs = -1
748.0500000000175	EXP	Sound: volume = 1
748.0500000000175	EXP	Sound: loops = 0
748.0500000000175	EXP	Sound: volume = 1
760.2390000000014	EXP	text_3: autoDraw = true
762.5200000000186	DATA	Keydown:  
762.5550000000221	EXP	text_3: autoDraw = false
762.5550000000221	EXP	Sound: secs = -1
762.5550000000221	EXP	Sound: volume = 1
762.5550000000221	EXP	Sound: loops = 0
762.5550000000221	EXP	Sound: volume = 1
781.4090000000142	EXP	text_3: autoDraw = true
783.2180000000226	DATA	Keydown:  
783.2320000000182	EXP	text_3: autoDraw = false
783.2320000000182	EXP	Sound: secs = -1
783.2320000000182	EXP	Sound: volume = 1
783.2320000000182	EXP	Sound: loops = 0
783.2320000000182	EXP	Sound: volume = 1
797.6860000000161	EXP	text_3: autoDraw = true
799.7090000000026	DATA	Keydown:  
799.7320000000182	EXP	text_3: autoDraw = false
799.7320000000182	EXP	Sound: secs = -1
799.7320000000182	EXP	Sound: volume = 1
799.7320000000182	EXP	Sound: loops = 0
799.7320000000182	EXP	Sound: volume = 1
816.2410000000091	EXP	text_3: autoDraw = true
817.8400000000256	DATA	Keydown:  
817.8510000000242	EXP	text_3: autoDraw = false
817.8510000000242	EXP	Sound: secs = -1
817.8510000000242	EXP	Sound: volume = 1
817.8510000000242	EXP	Sound: loops = 0
817.8510000000242	EXP	Sound: volume = 1
835.0679999999993	EXP	text_3: autoDraw = true
836.9830000000075	DATA	Keydown:  
836.9950000000244	EXP	text_3: autoDraw = false
836.9950000000244	EXP	Sound: secs = -1
836.9950000000244	EXP	Sound: volume = 1
836.9950000000244	EXP	Sound: loops = 0
836.9950000000244	EXP	Sound: volume = 1
854.887000000017	EXP	text_3: autoDraw = true
856.5170000000217	DATA	Keydown:  
856.5299999999988	EXP	text_3: autoDraw = false
856.5299999999988	EXP	Sound: secs = -1
856.5299999999988	EXP	Sound: volume = 1
856.5299999999988	EXP	Sound: loops = 0
856.5299999999988	EXP	Sound: volume = 1
873.0330000000249	EXP	text_3: autoDraw = true
874.6480000000156	DATA	Keydown:  
874.6630000000005	EXP	text_3: autoDraw = false
874.6630000000005	EXP	Sound: secs = -1
874.6630000000005	EXP	Sound: volume = 1
874.6630000000005	EXP	Sound: loops = 0
874.6630000000005	EXP	Sound: volume = 1
899.0950000000012	EXP	text_3: autoDraw = true
900.7790000000095	DATA	Keydown:  
900.7920000000158	EXP	text_3: autoDraw = false
900.7920000000158	EXP	Sound: secs = -1
900.7920000000158	EXP	Sound: volume = 1
900.7920000000158	EXP	Sound: loops = 0
900.7920000000158	EXP	Sound: volume = 1
915.9330000000191	EXP	text_3: autoDraw = true
917.4830000000075	DATA	Keydown:  
917.5020000000077	EXP	text_3: autoDraw = false
917.5020000000077	EXP	Sound: secs = -1
917.5020000000077	EXP	Sound: volume = 1
917.5020000000077	EXP	Sound: loops = 0
917.5020000000077	EXP	Sound: volume = 1
931.5250000000233	EXP	text_3: autoDraw = true
933.2430000000168	DATA	Keydown:  
933.2510000000184	EXP	text_3: autoDraw = false
933.2510000000184	EXP	Sound: secs = -1
933.2510000000184	EXP	Sound: volume = 1
933.2510000000184	EXP	Sound: loops = 0
933.2510000000184	EXP	Sound: volume = 1
950.0750000000116	EXP	text_3: autoDraw = true
951.6630000000005	DATA	Keydown:  
951.6860000000161	EXP	text_3: autoDraw = false
951.6860000000161	EXP	Sound: secs = -1
951.6860000000161	EXP	Sound: volume = 1
951.6860000000161	EXP	Sound: loops = 0
951.6860000000161	EXP	Sound: volume = 1
970.2630000000063	EXP	text_3: autoDraw = true
971.8300000000163	DATA	Keydown:  
971.8400000000256	EXP	text_3: autoDraw = false
971.8400000000256	EXP	Sound: secs = -1
971.8400000000256	EXP	Sound: volume = 1
971.8400000000256	EXP	Sound: loops = 0
971.8400000000256	EXP	Sound: volume = 1
992.1330000000016	EXP	text_3: autoDraw = true
993.5660000000207	DATA	Keydown:  
993.5830000000133	EXP	text_3: autoDraw = false
993.5830000000133	EXP	Sound: secs = -1
993.5830000000133	EXP	Sound: volume = 1
993.5830000000133	EXP	Sound: loops = 0
993.5830000000133	EXP	Sound: volume = 1
1011.4990000000107	EXP	text_3: autoDraw = true
1013.4500000000116	DATA	Keydown:  
1013.4729999999981	EXP	text_3: autoDraw = false
1013.4729999999981	EXP	Sound: secs = -1
1013.4729999999981	EXP	Sound: volume = 1
1013.4729999999981	EXP	Sound: loops = 0
1013.4729999999981	EXP	Sound: volume = 1
1028.9760000000242	EXP	text_3: autoDraw = true
1030.8920000000217	DATA	Keydown:  
1030.9070000000065	EXP	text_3: autoDraw = false
1030.9070000000065	EXP	Sound: secs = -1
1030.9070000000065	EXP	Sound: volume = 1
1030.9070000000065	EXP	Sound: loops = 0
1030.9070000000065	EXP	Sound: volume = 1
1041.7400000000198	EXP	text_3: autoDraw = true
1043.7799999999988	DATA	Keydown:  
1043.7970000000205	EXP	text_3: autoDraw = false
1043.7970000000205	EXP	Sound: secs = -1
1043.7970000000205	EXP	Sound: volume = 1
1043.7970000000205	EXP	Sound: loops = 0
1043.7970000000205	EXP	Sound: volume = 1
1060.3490000000165	EXP	text_3: autoDraw = true
1062.1380000000063	DATA	Keydown:  
1062.2000000000116	EXP	text_3: autoDraw = false
1062.2000000000116	EXP	text_4: autoDraw = true
1077.808000000019	DATA	Keydown:  
1077.8680000000168	EXP	text_4: autoDraw = false
1077.8680000000168	EXP	Sound: secs = -1
1077.8680000000168	EXP	Sound: volume = 1
1077.8680000000168	EXP	Sound: loops = 0
1077.8680000000168	EXP	Sound: volume = 1
1101.671000000002	EXP	next_prompt_trial2: autoDraw = true
1102.9720000000088	DATA	Keydown:  
1102.991000000009	EXP	next_prompt_trial2: autoDraw = false
1102.991000000009	EXP	Sound: secs = -1
1102.991000000009	EXP	Sound: volume = 1
1102.991000000009	EXP	Sound: loops = 0
1102.991000000009	EXP	Sound: volume = 1
1116.9250000000175	EXP	next_prompt_trial2: autoDraw = true
1118.2640000000247	DATA	Keydown:  
1118.283000000025	EXP	next_prompt_trial2: autoDraw = false
1118.283000000025	EXP	Sound: secs = -1
1118.283000000025	EXP	Sound: volume = 1
1118.283000000025	EXP	Sound: loops = 0
1118.283000000025	EXP	Sound: volume = 1
1131.2270000000135	EXP	next_prompt_trial2: autoDraw = true
1132.9790000000212	DATA	Keydown:  
1132.994000000006	EXP	next_prompt_trial2: autoDraw = false
1132.994000000006	EXP	Sound: secs = -1
1132.994000000006	EXP	Sound: volume = 1
1132.994000000006	EXP	Sound: loops = 0
1132.994000000006	EXP	Sound: volume = 1
1148.0500000000175	EXP	next_prompt_trial2: autoDraw = true
1148.9270000000251	DATA	Keydown:  
1148.94200000001	EXP	next_prompt_trial2: autoDraw = false
1148.94200000001	EXP	Sound: secs = -1
1148.94200000001	EXP	Sound: volume = 1
1148.94200000001	EXP	Sound: loops = 0
1148.94200000001	EXP	Sound: volume = 1
1168.9490000000224	EXP	next_prompt_trial2: autoDraw = true
1171.0170000000217	DATA	Keydown:  
1171.0390000000189	EXP	next_prompt_trial2: autoDraw = false
1171.0390000000189	EXP	Sound: secs = -1
1171.0390000000189	EXP	Sound: volume = 1
1171.0390000000189	EXP	Sound: loops = 0
1171.0390000000189	EXP	Sound: volume = 1
1184.7140000000072	EXP	next_prompt_trial2: autoDraw = true
1185.8800000000047	DATA	Keydown:  
1185.933000000019	EXP	next_prompt_trial2: autoDraw = false
1185.933000000019	EXP	Sound: secs = -1
1185.933000000019	EXP	Sound: volume = 1
1185.933000000019	EXP	Sound: loops = 0
1185.933000000019	EXP	Sound: volume = 1
1205.7419999999984	EXP	next_prompt_trial2: autoDraw = true
1207.1990000000224	DATA	Keydown:  
1207.2090000000026	EXP	next_prompt_trial2: autoDraw = false
1207.2090000000026	EXP	Sound: secs = -1
1207.2090000000026	EXP	Sound: volume = 1
1207.2090000000026	EXP	Sound: loops = 0
1207.2090000000026	EXP	Sound: volume = 1
1222.5620000000054	EXP	next_prompt_trial2: autoDraw = true
1223.832000000024	DATA	Keydown:  
1223.838000000018	EXP	next_prompt_trial2: autoDraw = false
1223.838000000018	EXP	Sound: secs = -1
1223.838000000018	EXP	Sound: volume = 1
1223.838000000018	EXP	Sound: loops = 0
1223.838000000018	EXP	Sound: volume = 1
1249.6880000000237	EXP	next_prompt_trial2: autoDraw = true
1251.1929999999993	DATA	Keydown:  
1251.2190000000119	EXP	next_prompt_trial2: autoDraw = false
1251.2190000000119	EXP	Sound: secs = -1
1251.2190000000119	EXP	Sound: volume = 1
1251.2190000000119	EXP	Sound: loops = 0
1251.2190000000119	EXP	Sound: volume = 1
1267.4130000000005	EXP	next_prompt_trial2: autoDraw = true
1269.1770000000251	DATA	Keydown:  
1269.2060000000056	EXP	next_prompt_trial2: autoDraw = false
1269.2060000000056	EXP	Sound: secs = -1
1269.2060000000056	EXP	Sound: volume = 1
1269.2060000000056	EXP	Sound: loops = 0
1269.2060000000056	EXP	Sound: volume = 1
1284.6780000000144	EXP	next_prompt_trial2: autoDraw = true
1286.7540000000154	DATA	Keydown:  
1286.7670000000217	EXP	next_prompt_trial2: autoDraw = false
1286.7670000000217	EXP	Sound: secs = -1
1286.7670000000217	EXP	Sound: volume = 1
1286.7670000000217	EXP	Sound: loops = 0
1286.7670000000217	EXP	Sound: volume = 1
1306.1480000000156	EXP	next_prompt_trial2: autoDraw = true
1307.5540000000037	DATA	Keydown:  
1307.5720000000147	EXP	next_prompt_trial2: autoDraw = false
1307.5720000000147	EXP	Sound: secs = -1
1307.5720000000147	EXP	Sound: volume = 1
1307.5720000000147	EXP	Sound: loops = 0
1307.5720000000147	EXP	Sound: volume = 1
1323.439000000013	EXP	next_prompt_trial2: autoDraw = true
1324.9470000000147	DATA	Keydown:  
1324.9690000000119	EXP	next_prompt_trial2: autoDraw = false
1324.9690000000119	EXP	Sound: secs = -1
1324.9690000000119	EXP	Sound: volume = 1
1324.9690000000119	EXP	Sound: loops = 0
1324.9690000000119	EXP	Sound: volume = 1
1343.5170000000217	EXP	next_prompt_trial2: autoDraw = true
1344.9980000000214	DATA	Keydown:  
1345.0170000000217	EXP	next_prompt_trial2: autoDraw = false
1345.0170000000217	EXP	Sound: secs = -1
1345.0170000000217	EXP	Sound: volume = 1
1345.0170000000217	EXP	Sound: loops = 0
1345.0170000000217	EXP	Sound: volume = 1
1364.0810000000056	EXP	next_prompt_trial2: autoDraw = true
1365.6700000000128	DATA	Keydown:  
1365.7330000000075	EXP	next_prompt_trial2: autoDraw = false
1365.7330000000075	EXP	Sound: secs = -1
1365.7330000000075	EXP	Sound: volume = 1
1365.7330000000075	EXP	Sound: loops = 0
1365.7330000000075	EXP	Sound: volume = 1
1385.061000000016	EXP	next_prompt_trial2: autoDraw = true
1386.5810000000056	DATA	Keydown:  
1386.6110000000044	EXP	next_prompt_trial2: autoDraw = false
1386.6110000000044	EXP	Sound: secs = -1
1386.6110000000044	EXP	Sound: volume = 1
1386.6110000000044	EXP	Sound: loops = 0
1386.6110000000044	EXP	Sound: volume = 1
1408.4530000000086	EXP	next_prompt_trial2: autoDraw = true
1409.8620000000228	DATA	Keydown:  
1409.8800000000047	EXP	next_prompt_trial2: autoDraw = false
1409.8800000000047	EXP	Sound: secs = -1
1409.8800000000047	EXP	Sound: volume = 1
1409.8800000000047	EXP	Sound: loops = 0
1409.8800000000047	EXP	Sound: volume = 1
1423.4100000000035	EXP	next_prompt_trial2: autoDraw = true
1425.0940000000119	DATA	Keydown:  
1425.1089999999967	EXP	next_prompt_trial2: autoDraw = false
1425.1089999999967	EXP	Sound: secs = -1
1425.1089999999967	EXP	Sound: volume = 1
1425.1089999999967	EXP	Sound: loops = 0
1425.1089999999967	EXP	Sound: volume = 1
1444.0380000000005	EXP	next_prompt_trial2: autoDraw = true
1445.649000000005	DATA	Keydown:  
1445.6610000000219	EXP	next_prompt_trial2: autoDraw = false
1445.6610000000219	EXP	Sound: secs = -1
1445.6610000000219	EXP	Sound: volume = 1
1445.6610000000219	EXP	Sound: loops = 0
1445.6610000000219	EXP	Sound: volume = 1
1469.576000000001	EXP	next_prompt_trial2: autoDraw = true
1471.3580000000075	DATA	Keydown:  
1471.3700000000244	EXP	next_prompt_trial2: autoDraw = false
1471.3700000000244	EXP	Sound: secs = -1
1471.3700000000244	EXP	Sound: volume = 1
1471.3700000000244	EXP	Sound: loops = 0
1471.3700000000244	EXP	Sound: volume = 1
1487.5550000000221	EXP	next_prompt_trial2: autoDraw = true
1489.643000000011	DATA	Keydown:  
1489.6670000000158	EXP	next_prompt_trial2: autoDraw = false
1489.6670000000158	EXP	Sound: secs = -1
1489.6670000000158	EXP	Sound: volume = 1
1489.6670000000158	EXP	Sound: loops = 0
1489.6670000000158	EXP	Sound: volume = 1
1504.9220000000205	EXP	next_prompt_trial2: autoDraw = true
1506.7339999999967	DATA	Keydown:  
1506.7580000000016	EXP	next_prompt_trial2: autoDraw = false
1506.7580000000016	EXP	Sound: secs = -1
1506.7580000000016	EXP	Sound: volume = 1
1506.7580000000016	EXP	Sound: loops = 0
1506.7580000000016	EXP	Sound: volume = 1
1526.5409999999974	EXP	next_prompt_trial2: autoDraw = true
1527.7690000000002	DATA	Keydown:  
1527.8050000000221	EXP	next_prompt_trial2: autoDraw = false
1527.8050000000221	EXP	Sound: secs = -1
1527.8050000000221	EXP	Sound: volume = 1
1527.8050000000221	EXP	Sound: loops = 0
1527.8050000000221	EXP	Sound: volume = 1
1541.2180000000226	EXP	next_prompt_trial2: autoDraw = true
1542.8859999999986	DATA	Keydown:  
1542.8940000000002	EXP	next_prompt_trial2: autoDraw = false
1542.8940000000002	EXP	Sound: secs = -1
1542.8940000000002	EXP	Sound: volume = 1
1542.8940000000002	EXP	Sound: loops = 0
1542.8940000000002	EXP	Sound: volume = 1
1557.0890000000072	EXP	next_prompt_trial2: autoDraw = true
1558.4740000000165	DATA	Keydown:  
1558.4839999999967	EXP	next_prompt_trial2: autoDraw = false
1558.4839999999967	EXP	Sound: secs = -1
1558.4839999999967	EXP	Sound: volume = 1
1558.4839999999967	EXP	Sound: loops = 0
1558.4839999999967	EXP	Sound: volume = 1
1575.7210000000196	EXP	next_prompt_trial2: autoDraw = true
1577.439000000013	DATA	Keydown:  
1577.4640000000072	EXP	next_prompt_trial2: autoDraw = false
1577.4640000000072	EXP	Sound: secs = -1
1577.4640000000072	EXP	Sound: volume = 1
1577.4640000000072	EXP	Sound: loops = 0
1577.4640000000072	EXP	Sound: volume = 1
1592.2430000000168	EXP	next_prompt_trial2: autoDraw = true
1594.3450000000012	DATA	Keydown:  
1594.3589999999967	EXP	next_prompt_trial2: autoDraw = false
1594.3589999999967	EXP	Sound: secs = -1
1594.3589999999967	EXP	Sound: volume = 1
1594.3589999999967	EXP	Sound: loops = 0
1594.3589999999967	EXP	Sound: volume = 1
1610.024000000005	EXP	next_prompt_trial2: autoDraw = true
1611.512000000017	DATA	Keydown:  
1611.5250000000233	EXP	next_prompt_trial2: autoDraw = false
1611.5250000000233	EXP	Sound: secs = -1
1611.5250000000233	EXP	Sound: volume = 1
1611.5250000000233	EXP	Sound: loops = 0
1611.5250000000233	EXP	Sound: volume = 1
1628.7790000000095	EXP	next_prompt_trial2: autoDraw = true
1630.558000000019	DATA	Keydown:  
1630.582000000024	EXP	next_prompt_trial2: autoDraw = false
1630.582000000024	EXP	Sound: secs = -1
1630.582000000024	EXP	Sound: volume = 1
1630.582000000024	EXP	Sound: loops = 0
1630.582000000024	EXP	Sound: volume = 1
1648.2400000000198	EXP	next_prompt_trial2: autoDraw = true
1649.7760000000126	DATA	Keydown:  
1649.7980000000098	EXP	next_prompt_trial2: autoDraw = false
1649.7980000000098	EXP	Sound: secs = -1
1649.7980000000098	EXP	Sound: volume = 1
1649.7980000000098	EXP	Sound: loops = 0
1649.7980000000098	EXP	Sound: volume = 1
1664.5530000000144	EXP	next_prompt_trial2: autoDraw = true
1666.335000000021	DATA	Keydown:  
1666.3530000000028	EXP	next_prompt_trial2: autoDraw = false
1666.3530000000028	EXP	Sound: secs = -1
1666.3530000000028	EXP	Sound: volume = 1
1666.3530000000028	EXP	Sound: loops = 0
1666.3530000000028	EXP	Sound: volume = 1
1683.7880000000005	EXP	next_prompt_trial2: autoDraw = true
1685.4590000000026	DATA	Keydown:  
1685.5430000000051	EXP	next_prompt_trial2: autoDraw = false
1685.5430000000051	EXP	Sound: secs = -1
1685.5430000000051	EXP	Sound: volume = 1
1685.5430000000051	EXP	Sound: loops = 0
1685.5430000000051	EXP	Sound: volume = 1
1700.7000000000116	EXP	next_prompt_trial2: autoDraw = true
1702.5320000000065	DATA	Keydown:  
1702.5400000000081	EXP	next_prompt_trial2: autoDraw = false
1702.5400000000081	EXP	Sound: secs = -1
1702.5400000000081	EXP	Sound: volume = 1
1702.5400000000081	EXP	Sound: loops = 0
1702.5400000000081	EXP	Sound: volume = 1
1720.387000000017	EXP	next_prompt_trial2: autoDraw = true
1721.9270000000251	DATA	Keydown:  
1721.936000000016	EXP	next_prompt_trial2: autoDraw = false
1721.936000000016	EXP	Sound: secs = -1
1721.936000000016	EXP	Sound: volume = 1
1721.936000000016	EXP	Sound: loops = 0
1721.936000000016	EXP	Sound: volume = 1
1738.3610000000044	EXP	next_prompt_trial2: autoDraw = true
1739.9100000000035	DATA	Keydown:  
1739.9159999999974	EXP	next_prompt_trial2: autoDraw = false
1739.9159999999974	EXP	Sound: secs = -1
1739.9159999999974	EXP	Sound: volume = 1
1739.9159999999974	EXP	Sound: loops = 0
1739.9159999999974	EXP	Sound: volume = 1
1758.2190000000119	EXP	next_prompt_trial2: autoDraw = true
1759.948000000004	DATA	Keydown:  
1759.9690000000119	EXP	next_prompt_trial2: autoDraw = false
1759.9690000000119	EXP	Sound: secs = -1
1759.9690000000119	EXP	Sound: volume = 1
1759.9690000000119	EXP	Sound: loops = 0
1759.9690000000119	EXP	Sound: volume = 1
1778.1150000000198	EXP	next_prompt_trial2: autoDraw = true
1780.9650000000256	DATA	Keydown:  
1780.9800000000105	EXP	next_prompt_trial2: autoDraw = false
1780.9800000000105	EXP	Sound: secs = -1
1780.9800000000105	EXP	Sound: volume = 1
1780.9800000000105	EXP	Sound: loops = 0
1780.9800000000105	EXP	Sound: volume = 1
1796.9120000000112	EXP	next_prompt_trial2: autoDraw = true
1799.0440000000235	DATA	Keydown:  
1799.064000000013	EXP	next_prompt_trial2: autoDraw = false
1799.064000000013	EXP	Sound: secs = -1
1799.064000000013	EXP	Sound: volume = 1
1799.064000000013	EXP	Sound: loops = 0
1799.064000000013	EXP	Sound: volume = 1
1815.546000000002	EXP	next_prompt_trial2: autoDraw = true
1817.3500000000058	DATA	Keydown:  
1817.3570000000182	EXP	next_prompt_trial2: autoDraw = false
1817.3570000000182	EXP	Sound: secs = -1
1817.3570000000182	EXP	Sound: volume = 1
1817.3570000000182	EXP	Sound: loops = 0
1817.3570000000182	EXP	Sound: volume = 1
1829.9520000000193	EXP	next_prompt_trial2: autoDraw = true
1831.372000000003	DATA	Keydown:  
1831.4290000000037	EXP	next_prompt_trial2: autoDraw = false
1831.4290000000037	EXP	completion_text: autoDraw = true
1835.393000000011	DATA	Mouse: 0 button down, pos=(411,72)
1835.506000000023	DATA	Mouse: 0 button down, pos=(411,72)
1835.6150000000198	DATA	Mouse: 0 button down, pos=(411,72)
1835.7760000000126	DATA	Mouse: 0 button down, pos=(411,72)
1837.5930000000226	DATA	Mouse: 0 button down, pos=(411,72)
1837.5950000000012	DATA	Mouse: 0 button down, pos=(411,72)
1837.5990000000165	DATA	Mouse: 0 button down, pos=(411,72)
1837.6169999999984	DATA	Mouse: 0 button down, pos=(411,72)
1839.366000000009	DATA	Mouse: 0 button down, pos=(408,71)
1839.5409999999974	DATA	Mouse: 0 button down, pos=(408,71)
1839.56700000001	DATA	Mouse: 0 button down, pos=(408,71)
1839.56700000001	DATA	Mouse: 0 button down, pos=(408,71)
1839.5679999999993	DATA	Mouse: 0 button down, pos=(408,71)
1839.9520000000193	DATA	Mouse: 0 button down, pos=(408,71)
1883.4650000000256	DATA	Keydown:  
1883.548999999999	EXP	completion_text: autoDraw = false
1883.548999999999	EXP	goodbyetxt: autoDraw = true
