0.061000000045169145	EXP	Created Window = Window( name=Window, fullscr=true, color=#808080, units=height, waitBlanking=true, autoLog=true, size=[1024,657] )
5.232000000018161	DATA	Keydown: undefined
10.679000000003725	DATA	Keydown: undefined
12.010999999998603	DATA	Keydown: undefined
19.55999999999767	DATA	Keydown: undefined
21.81300000002375	DATA	Keydown: undefined
22.985000000044238	DATA	Keydown: undefined
25.119999999995343	DATA	Keydown: undefined
27.426000000035856	DATA	Keydown: r
27.510000000009313	DATA	Keydown: i
28.508000000030734	DATA	Keydown: Backspace
28.664000000047963	DATA	Keydown: Backspace
29.271999999997206	DATA	Keydown: Shift
29.665000000037253	DATA	Keydown: R
30.728000000002794	DATA	Keydown: i
30.95400000002701	DATA	Keydown: g
31.194000000017695	DATA	Keydown: h
31.344000000040978	DATA	Keydown: i
31.82900000002701	DATA	Keydown: Backspace
32.070000000006985	DATA	Keydown: t
32.28200000000652	DATA	Keydown: t
33.13000000000466	DATA	Keydown: Backspace
33.367000000027474	DATA	Keydown:  
42.73800000001211	DATA	Keydown: y
42.850000000034925	DATA	Keydown: e
42.977000000013504	DATA	Keydown: s
49.84200000000419	EXP	Created instructiontxt = TextStim( name=instructiontxt, win=Window( name=Window, fullscr=true, color=#808080, ~), autoDraw=null, autoLog=true, units=height, ori=null, opacity=1, pos=[0,0], size=undefined, text=Welcome to tapping experiment. 

You will hear a s~, font=Arial, color=#FFFFFF, contrast=1, height=0.05, bold=null, italic=null, alignHoriz=left, alignVert=center, wrapWidth=1, flipHoriz=null, flipVert=null )
49.90000000002328	EXP	Created TonePlayer = TonePlayer( name=TonePlayer, note=A4, duration_s=-1, volume=1, loops=null, soundLibrary="TONE_JS", autoLog=true )
49.90600000001723	EXP	Created text = TextStim( name=text, win=Window( name=Window, fullscr=true, color=#808080, ~), autoDraw=null, autoLog=true, units=height, ori=null, opacity=1, pos=[0,0], size=undefined, text=Ready for the next trial?

press space bar to star~, font=Arial, color=#FFFFFF, contrast=1, height=0.05, bold=null, italic=null, alignHoriz=left, alignVert=center, wrapWidth=1, flipHoriz=null, flipVert=null )
49.90799999999581	EXP	Created text_2 = TextStim( name=text_2, win=Window( name=Window, fullscr=true, color=#808080, ~), autoDraw=null, autoLog=true, units=height, ori=null, opacity=1, pos=[0,0], size=undefined, text=Practice trials are over.

Now we are going to sta~, font=Arial, color=#FFFFFF, contrast=1, height=0.05, bold=null, italic=null, alignHoriz=left, alignVert=center, wrapWidth=1, flipHoriz=null, flipVert=null )
49.92300000000978	EXP	Created TonePlayer = TonePlayer( name=TonePlayer, note=A4, duration_s=-1, volume=1, loops=null, soundLibrary="TONE_JS", autoLog=true )
49.927000000025146	EXP	Created text_3 = TextStim( name=text_3, win=Window( name=Window, fullscr=true, color=#808080, ~), autoDraw=null, autoLog=true, units=height, ori=null, opacity=1, pos=[0,0], size=undefined, text=Ready for the next trial?

Press space bar to star~, font=Arial, color=#FFFFFF, contrast=1, height=0.05, bold=null, italic=null, alignHoriz=left, alignVert=center, wrapWidth=1, flipHoriz=null, flipVert=null )
49.93499999999767	EXP	Created text_4 = TextStim( name=text_4, win=Window( name=Window, fullscr=true, color=#808080, ~), autoDraw=null, autoLog=true, units=height, ori=null, opacity=1, pos=[0,0], size=undefined, text=Great! This is the half-way break. 

Please take y~, font=Arial, color=#FFFFFF, contrast=1, height=0.05, bold=null, italic=null, alignHoriz=left, alignVert=center, wrapWidth=1, flipHoriz=null, flipVert=null )
49.943000000028405	EXP	Created TonePlayer = TonePlayer( name=TonePlayer, note=A4, duration_s=-1, volume=1, loops=null, soundLibrary="TONE_JS", autoLog=true )
49.94700000004377	EXP	Created next_prompt_trial2 = TextStim( name=next_prompt_trial2, win=Window( name=Window, fullscr=true, color=#808080, ~), autoDraw=null, autoLog=true, units=height, ori=null, opacity=1, pos=[0,0], size=undefined, text=Ready for the next trial? 

Press space bar to sta~, font=Arial, color=#FFFFFF, contrast=1, height=0.05, bold=null, italic=null, alignHoriz=left, alignVert=center, wrapWidth=1, flipHoriz=null, flipVert=null )
49.95000000001164	EXP	Created completion_text = TextStim( name=completion_text, win=Window( name=Window, fullscr=true, color=#808080, ~), autoDraw=null, autoLog=true, units=height, ori=null, opacity=1, pos=[0,0], size=undefined, text=Thanks for your participation! 

Here is your expe~, font=Arial, color=#FFFFFF, contrast=1, height=0.05, bold=null, italic=null, alignHoriz=left, alignVert=center, wrapWidth=1, flipHoriz=null, flipVert=null )
49.95300000003772	EXP	Created goodbyetxt = TextStim( name=goodbyetxt, win=Window( name=Window, fullscr=true, color=#808080, ~), autoDraw=null, autoLog=true, units=height, ori=null, opacity=1, pos=[0,0], size=undefined, text=The test is over!

Thank you so much!!, font=Arial, color=#FFFFFF, contrast=1, height=0.05, bold=null, italic=null, alignHoriz=left, alignVert=center, wrapWidth=1, flipHoriz=null, flipVert=null )
50.0120000000461	EXP	instructiontxt: units = "height"
50.0120000000461	EXP	instructiontxt: ori = 0
50.0120000000461	EXP	instructiontxt: opacity = 1
50.0120000000461	EXP	instructiontxt: pos = [0,0]
50.0120000000461	EXP	instructiontxt: size = undefined
50.0120000000461	EXP	instructiontxt: text = "Welcome to tapping experiment. \n\nYou will hear a sequence of tones.\nUse the index finger of your dominant hand \nto tap the spacebar at where you think the beat is throughout the sound file at each trial.\n\nWhen you are ready, press the spacebar to begin the practice."
50.0120000000461	EXP	instructiontxt: font = "Arial"
50.0120000000461	EXP	instructiontxt: color = {"_hex":"#FFFFFF","_rgb":[1,1,1]}
50.0120000000461	EXP	instructiontxt: contrast = 1
50.0120000000461	EXP	instructiontxt: height = 0.05
50.0120000000461	EXP	instructiontxt: bold = false
50.0120000000461	EXP	instructiontxt: italic = false
50.0120000000461	EXP	instructiontxt: alignHoriz = "left"
50.0120000000461	EXP	instructiontxt: alignVert = "center"
50.0120000000461	EXP	instructiontxt: wrapWidth = 1
50.0120000000461	EXP	instructiontxt: flipHoriz = false
50.0120000000461	EXP	instructiontxt: flipVert = false
50.0120000000461	EXP	Sound: secs = -1
50.0120000000461	EXP	Sound: volume = 1
50.0120000000461	EXP	Sound: loops = 0
50.0120000000461	EXP	Sound: volume = 1
50.0120000000461	EXP	text: units = "height"
50.0120000000461	EXP	text: ori = 0
50.0120000000461	EXP	text: opacity = 1
50.0120000000461	EXP	text: pos = [0,0]
50.0120000000461	EXP	text: size = undefined
50.0120000000461	EXP	text: text = "Ready for the next trial?\n\npress space bar to start."
50.0120000000461	EXP	text: font = "Arial"
50.0120000000461	EXP	text: color = {"_hex":"#FFFFFF","_rgb":[1,1,1]}
50.0120000000461	EXP	text: contrast = 1
50.0120000000461	EXP	text: height = 0.05
50.0120000000461	EXP	text: bold = false
50.0120000000461	EXP	text: italic = false
50.0120000000461	EXP	text: alignHoriz = "left"
50.0120000000461	EXP	text: alignVert = "center"
50.0120000000461	EXP	text: wrapWidth = 1
50.0120000000461	EXP	text: flipHoriz = false
50.0120000000461	EXP	text: flipVert = false
50.0120000000461	EXP	text_2: units = "height"
50.0120000000461	EXP	text_2: ori = 0
50.0120000000461	EXP	text_2: opacity = 1
50.0120000000461	EXP	text_2: pos = [0,0]
50.0120000000461	EXP	text_2: size = undefined
50.0120000000461	EXP	text_2: text = "Practice trials are over.\n\nNow we are going to start the real test trials.\nThe total session length will be about 28 minutes, but we will have a short break at the half way mark.\n\nIf you are ready, please space bar."
50.0120000000461	EXP	text_2: font = "Arial"
50.0120000000461	EXP	text_2: color = {"_hex":"#FFFFFF","_rgb":[1,1,1]}
50.0120000000461	EXP	text_2: contrast = 1
50.0120000000461	EXP	text_2: height = 0.05
50.0120000000461	EXP	text_2: bold = false
50.0120000000461	EXP	text_2: italic = false
50.0120000000461	EXP	text_2: alignHoriz = "left"
50.0120000000461	EXP	text_2: alignVert = "center"
50.0120000000461	EXP	text_2: wrapWidth = 1
50.0120000000461	EXP	text_2: flipHoriz = false
50.0120000000461	EXP	text_2: flipVert = false
50.0120000000461	EXP	Sound: secs = -1
50.0120000000461	EXP	Sound: volume = 1
50.0120000000461	EXP	Sound: loops = 0
50.0120000000461	EXP	Sound: volume = 1
50.0120000000461	EXP	text_3: units = "height"
50.0120000000461	EXP	text_3: ori = 0
50.0120000000461	EXP	text_3: opacity = 1
50.0120000000461	EXP	text_3: pos = [0,0]
50.0120000000461	EXP	text_3: size = undefined
50.0120000000461	EXP	text_3: text = "Ready for the next trial?\n\nPress space bar to start."
50.0120000000461	EXP	text_3: font = "Arial"
50.0120000000461	EXP	text_3: color = {"_hex":"#FFFFFF","_rgb":[1,1,1]}
50.0120000000461	EXP	text_3: contrast = 1
50.0120000000461	EXP	text_3: height = 0.05
50.0120000000461	EXP	text_3: bold = false
50.0120000000461	EXP	text_3: italic = false
50.0120000000461	EXP	text_3: alignHoriz = "left"
50.0120000000461	EXP	text_3: alignVert = "center"
50.0120000000461	EXP	text_3: wrapWidth = 1
50.0120000000461	EXP	text_3: flipHoriz = false
50.0120000000461	EXP	text_3: flipVert = false
50.0120000000461	EXP	text_4: units = "height"
50.0120000000461	EXP	text_4: ori = 0
50.0120000000461	EXP	text_4: opacity = 1
50.0120000000461	EXP	text_4: pos = [0,0]
50.0120000000461	EXP	text_4: size = undefined
50.0120000000461	EXP	text_4: text = "Great! This is the half-way break. \n\nPlease take your time. \n\nWhen you are ready to start the second-half of the test trials, please press space bar. "
50.0120000000461	EXP	text_4: font = "Arial"
50.0120000000461	EXP	text_4: color = {"_hex":"#FFFFFF","_rgb":[1,1,1]}
50.0120000000461	EXP	text_4: contrast = 1
50.0120000000461	EXP	text_4: height = 0.05
50.0120000000461	EXP	text_4: bold = false
50.0120000000461	EXP	text_4: italic = false
50.0120000000461	EXP	text_4: alignHoriz = "left"
50.0120000000461	EXP	text_4: alignVert = "center"
50.0120000000461	EXP	text_4: wrapWidth = 1
50.0120000000461	EXP	text_4: flipHoriz = false
50.0120000000461	EXP	text_4: flipVert = false
50.0120000000461	EXP	Sound: secs = -1
50.0120000000461	EXP	Sound: volume = 1
50.0120000000461	EXP	Sound: loops = 0
50.0120000000461	EXP	Sound: volume = 1
50.0120000000461	EXP	next_prompt_trial2: units = "height"
50.0120000000461	EXP	next_prompt_trial2: ori = 0
50.0120000000461	EXP	next_prompt_trial2: opacity = 1
50.0120000000461	EXP	next_prompt_trial2: pos = [0,0]
50.0120000000461	EXP	next_prompt_trial2: size = undefined
50.0120000000461	EXP	next_prompt_trial2: text = "Ready for the next trial? \n\nPress space bar to start. "
50.0120000000461	EXP	next_prompt_trial2: font = "Arial"
50.0120000000461	EXP	next_prompt_trial2: color = {"_hex":"#FFFFFF","_rgb":[1,1,1]}
50.0120000000461	EXP	next_prompt_trial2: contrast = 1
50.0120000000461	EXP	next_prompt_trial2: height = 0.05
50.0120000000461	EXP	next_prompt_trial2: bold = false
50.0120000000461	EXP	next_prompt_trial2: italic = false
50.0120000000461	EXP	next_prompt_trial2: alignHoriz = "left"
50.0120000000461	EXP	next_prompt_trial2: alignVert = "center"
50.0120000000461	EXP	next_prompt_trial2: wrapWidth = 1
50.0120000000461	EXP	next_prompt_trial2: flipHoriz = false
50.0120000000461	EXP	next_prompt_trial2: flipVert = false
50.0120000000461	EXP	completion_text: units = "height"
50.0120000000461	EXP	completion_text: ori = 0
50.0120000000461	EXP	completion_text: opacity = 1
50.0120000000461	EXP	completion_text: pos = [0,0]
50.0120000000461	EXP	completion_text: size = undefined
50.0120000000461	EXP	completion_text: text = "Thanks for your participation! \n\nHere is your experiment completion code: \n\n9158 \n\nPlease write down this code as you will need it in order to receive payment.\n\nIf you are not an MTurk worker, please send an email to nolan.lem@gmail.com with the Experiment Completion Code as the subject of the email. In order to complete the \nexperiment, when you are ready please press space bar and wait until you see a text box appear that says \"Thanks for your patience\" where you can click 'ok'. \n\nIf you are an MTurk worker, please press the space bar to be redirected to the MTurk experiment \nhomepage where you can input the code into the Experiment Completion Code box. "
50.0120000000461	EXP	completion_text: font = "Arial"
50.0120000000461	EXP	completion_text: color = {"_hex":"#FFFFFF","_rgb":[1,1,1]}
50.0120000000461	EXP	completion_text: contrast = 1
50.0120000000461	EXP	completion_text: height = 0.05
50.0120000000461	EXP	completion_text: bold = false
50.0120000000461	EXP	completion_text: italic = false
50.0120000000461	EXP	completion_text: alignHoriz = "left"
50.0120000000461	EXP	completion_text: alignVert = "center"
50.0120000000461	EXP	completion_text: wrapWidth = 1
50.0120000000461	EXP	completion_text: flipHoriz = false
50.0120000000461	EXP	completion_text: flipVert = false
50.0120000000461	EXP	goodbyetxt: units = "height"
50.0120000000461	EXP	goodbyetxt: ori = 0
50.0120000000461	EXP	goodbyetxt: opacity = 1
50.0120000000461	EXP	goodbyetxt: pos = [0,0]
50.0120000000461	EXP	goodbyetxt: size = undefined
50.0120000000461	EXP	goodbyetxt: text = "The test is over!\n\nThank you so much!!"
50.0120000000461	EXP	goodbyetxt: font = "Arial"
50.0120000000461	EXP	goodbyetxt: color = {"_hex":"#FFFFFF","_rgb":[1,1,1]}
50.0120000000461	EXP	goodbyetxt: contrast = 1
50.0120000000461	EXP	goodbyetxt: height = 0.05
50.0120000000461	EXP	goodbyetxt: bold = false
50.0120000000461	EXP	goodbyetxt: italic = false
50.0120000000461	EXP	goodbyetxt: alignHoriz = "left"
50.0120000000461	EXP	goodbyetxt: alignVert = "center"
50.0120000000461	EXP	goodbyetxt: wrapWidth = 1
50.0120000000461	EXP	goodbyetxt: flipHoriz = false
50.0120000000461	EXP	goodbyetxt: flipVert = false
50.0120000000461	EXP	instructiontxt: autoDraw = true
53.085000000020955	DATA	Keydown:  
53.133000000030734	EXP	instructiontxt: autoDraw = false
53.133000000030734	EXP	Sound: secs = -1
53.133000000030734	EXP	Sound: volume = 1
53.133000000030734	EXP	Sound: loops = 0
53.133000000030734	EXP	Sound: volume = 1
62.785000000032596	DATA	Keydown:  
67.44800000003306	DATA	Keydown:  
67.7609999999986	EXP	text: autoDraw = true
69.39300000004005	DATA	Keydown:  
69.42200000002049	EXP	text: autoDraw = false
69.42200000002049	EXP	Sound: secs = -1
69.42200000002049	EXP	Sound: volume = 1
69.42200000002049	EXP	Sound: loops = 0
69.42200000002049	EXP	Sound: volume = 1
83.80800000001909	DATA	Keydown:  
84.48100000002887	EXP	text: autoDraw = true
85.47200000000885	DATA	Keydown:  
85.50400000001537	EXP	text: autoDraw = false
85.50400000001537	EXP	Sound: secs = -1
85.50400000001537	EXP	Sound: volume = 1
85.50400000001537	EXP	Sound: loops = 0
85.50400000001537	EXP	Sound: volume = 1
104.90799999999581	DATA	Keydown:  
105.35700000001816	EXP	text: autoDraw = true
105.87800000002608	DATA	Keydown:  
105.89100000000326	EXP	text: autoDraw = false
105.89100000000326	EXP	Sound: secs = -1
105.89100000000326	EXP	Sound: volume = 1
105.89100000000326	EXP	Sound: loops = 0
105.89100000000326	EXP	Sound: volume = 1
119.87100000004284	EXP	text: autoDraw = true
121.23200000001816	DATA	Keydown:  
121.24800000002142	EXP	text: autoDraw = false
121.24800000002142	EXP	text_2: autoDraw = true
124.34799999999814	DATA	Keydown:  
124.3870000000461	EXP	text_2: autoDraw = false
124.3870000000461	EXP	Sound: secs = -1
124.3870000000461	EXP	Sound: volume = 1
124.3870000000461	EXP	Sound: loops = 0
124.3870000000461	EXP	Sound: volume = 1
138.03000000002794	EXP	text_3: autoDraw = true
139.32700000004843	DATA	Keydown:  
139.34700000000885	EXP	text_3: autoDraw = false
139.34700000000885	EXP	Sound: secs = -1
139.34700000000885	EXP	Sound: volume = 1
139.34700000000885	EXP	Sound: loops = 0
139.34700000000885	EXP	Sound: volume = 1
158.4670000000042	EXP	text_3: autoDraw = true
159.54300000000512	DATA	Keydown:  
159.5680000000284	EXP	text_3: autoDraw = false
159.5680000000284	EXP	Sound: secs = -1
159.5680000000284	EXP	Sound: volume = 1
159.5680000000284	EXP	Sound: loops = 0
159.5680000000284	EXP	Sound: volume = 1
174.98100000002887	EXP	text_3: autoDraw = true
175.1149999999907	DATA	Keydown:  
175.14199999999255	EXP	text_3: autoDraw = false
175.14199999999255	EXP	Sound: secs = -1
175.14199999999255	EXP	Sound: volume = 1
175.14199999999255	EXP	Sound: loops = 0
175.14199999999255	EXP	Sound: volume = 1
191.65400000003865	EXP	text_3: autoDraw = true
191.98600000003353	DATA	Keydown:  
192.01400000002468	EXP	text_3: autoDraw = false
192.01400000002468	EXP	Sound: secs = -1
192.01400000002468	EXP	Sound: volume = 1
192.01400000002468	EXP	Sound: loops = 0
192.01400000002468	EXP	Sound: volume = 1
208.50599999999395	DATA	Keydown:  
209.10500000003958	EXP	text_3: autoDraw = true
210.05200000002515	DATA	Keydown:  
210.06500000000233	EXP	text_3: autoDraw = false
210.06500000000233	EXP	Sound: secs = -1
210.06500000000233	EXP	Sound: volume = 1
210.06500000000233	EXP	Sound: loops = 0
210.06500000000233	EXP	Sound: volume = 1
228.3880000000354	DATA	Keydown:  
228.59799999999814	DATA	Keydown:  
230.10600000002887	EXP	text_3: autoDraw = true
230.9880000000121	DATA	Keydown:  
231.00800000003073	EXP	text_3: autoDraw = false
231.00800000003073	EXP	Sound: secs = -1
231.00800000003073	EXP	Sound: volume = 1
231.00800000003073	EXP	Sound: loops = 0
231.00800000003073	EXP	Sound: volume = 1
248.8850000000093	EXP	text_3: autoDraw = true
249.10100000002421	DATA	Keydown:  
249.11800000001676	EXP	text_3: autoDraw = false
249.11800000001676	EXP	Sound: secs = -1
249.11800000001676	EXP	Sound: volume = 1
249.11800000001676	EXP	Sound: loops = 0
249.11800000001676	EXP	Sound: volume = 1
272.7980000000098	DATA	Keydown:  
273.56100000004517	EXP	text_3: autoDraw = true
274.30300000001444	DATA	Keydown:  
274.32400000002235	EXP	text_3: autoDraw = false
274.32400000002235	EXP	Sound: secs = -1
274.32400000002235	EXP	Sound: volume = 1
274.32400000002235	EXP	Sound: loops = 0
274.32400000002235	EXP	Sound: volume = 1
286.64400000002934	EXP	text_3: autoDraw = true
287.1720000000205	DATA	Keydown:  
287.18600000004517	EXP	text_3: autoDraw = false
287.18600000004517	EXP	Sound: secs = -1
287.18600000004517	EXP	Sound: volume = 1
287.18600000004517	EXP	Sound: loops = 0
287.18600000004517	EXP	Sound: volume = 1
304.3880000000354	EXP	text_3: autoDraw = true
304.9409999999916	DATA	Keydown:  
304.9670000000042	EXP	text_3: autoDraw = false
304.9670000000042	EXP	Sound: secs = -1
304.9670000000042	EXP	Sound: volume = 1
304.9670000000042	EXP	Sound: loops = 0
304.9670000000042	EXP	Sound: volume = 1
322.86800000001676	EXP	text_3: autoDraw = true
323.30000000004657	DATA	Keydown:  
323.32600000000093	EXP	text_3: autoDraw = false
323.32600000000093	EXP	Sound: secs = -1
323.32600000000093	EXP	Sound: volume = 1
323.32600000000093	EXP	Sound: loops = 0
323.32600000000093	EXP	Sound: volume = 1
348.32500000001164	EXP	text_3: autoDraw = true
348.66500000003725	DATA	Keydown:  
348.68800000002375	EXP	text_3: autoDraw = false
348.68800000002375	EXP	Sound: secs = -1
348.68800000002375	EXP	Sound: volume = 1
348.68800000002375	EXP	Sound: loops = 0
348.68800000002375	EXP	Sound: volume = 1
348.92500000004657	DATA	Keydown:  
374.1970000000438	EXP	text_3: autoDraw = true
375.9890000000014	DATA	Keydown:  
376.01699999999255	EXP	text_3: autoDraw = false
376.01699999999255	EXP	Sound: secs = -1
376.01699999999255	EXP	Sound: volume = 1
376.01699999999255	EXP	Sound: loops = 0
376.01699999999255	EXP	Sound: volume = 1
387.1610000000219	DATA	Keydown:  
390.90299999999115	EXP	text_3: autoDraw = true
390.9880000000121	DATA	Keydown:  
391.00900000002	EXP	text_3: autoDraw = false
391.00900000002	EXP	Sound: secs = -1
391.00900000002	EXP	Sound: volume = 1
391.00900000002	EXP	Sound: loops = 0
391.00900000002	EXP	Sound: volume = 1
405.0430000000051	EXP	text_3: autoDraw = true
406.0810000000056	DATA	Keydown:  
406.1140000000014	EXP	text_3: autoDraw = false
406.1140000000014	EXP	Sound: secs = -1
406.1140000000014	EXP	Sound: volume = 1
406.1140000000014	EXP	Sound: loops = 0
406.1140000000014	EXP	Sound: volume = 1
419.6260000000475	DATA	Keydown:  
421.25599999999395	EXP	text_3: autoDraw = true
422.32500000001164	DATA	Keydown:  
422.3330000000424	EXP	text_3: autoDraw = false
422.3330000000424	EXP	Sound: secs = -1
422.3330000000424	EXP	Sound: volume = 1
422.3330000000424	EXP	Sound: loops = 0
422.3330000000424	EXP	Sound: volume = 1
442.4320000000298	DATA	Keydown:  
442.9180000000051	EXP	text_3: autoDraw = true
444.1030000000028	DATA	Keydown:  
444.1230000000214	EXP	text_3: autoDraw = false
444.1230000000214	EXP	Sound: secs = -1
444.1230000000214	EXP	Sound: volume = 1
444.1230000000214	EXP	Sound: loops = 0
444.1230000000214	EXP	Sound: volume = 1
460.64100000000326	EXP	text_3: autoDraw = true
461.4100000000326	DATA	Keydown:  
461.429999999993	EXP	text_3: autoDraw = false
461.429999999993	EXP	Sound: secs = -1
461.429999999993	EXP	Sound: volume = 1
461.429999999993	EXP	Sound: loops = 0
461.429999999993	EXP	Sound: volume = 1
475.5780000000377	DATA	Keydown:  
475.8980000000447	EXP	text_3: autoDraw = true
476.92800000001444	DATA	Keydown:  
476.9470000000438	EXP	text_3: autoDraw = false
476.9470000000438	EXP	Sound: secs = -1
476.9470000000438	EXP	Sound: volume = 1
476.9470000000438	EXP	Sound: loops = 0
476.9470000000438	EXP	Sound: volume = 1
495.47000000003027	DATA	Keydown:  
495.80300000001444	EXP	text_3: autoDraw = true
496.7289999999921	DATA	Keydown:  
496.75599999999395	EXP	text_3: autoDraw = false
496.75599999999395	EXP	Sound: secs = -1
496.75599999999395	EXP	Sound: volume = 1
496.75599999999395	EXP	Sound: loops = 0
496.75599999999395	EXP	Sound: volume = 1
507.57400000002235	EXP	text_3: autoDraw = true
508.2970000000205	DATA	Keydown:  
508.32500000001164	EXP	text_3: autoDraw = false
508.32500000001164	EXP	Sound: secs = -1
508.32500000001164	EXP	Sound: volume = 1
508.32500000001164	EXP	Sound: loops = 0
508.32500000001164	EXP	Sound: volume = 1
521.6100000000442	EXP	text_3: autoDraw = true
522.2339999999967	DATA	Keydown:  
522.2470000000321	EXP	text_3: autoDraw = false
522.2470000000321	EXP	Sound: secs = -1
522.2470000000321	EXP	Sound: volume = 1
522.2470000000321	EXP	Sound: loops = 0
522.2470000000321	EXP	Sound: volume = 1
540.4070000000065	DATA	Keydown:  
540.8080000000191	EXP	text_3: autoDraw = true
542.0169999999925	DATA	Keydown:  
542.0370000000112	EXP	text_3: autoDraw = false
542.0370000000112	EXP	Sound: secs = -1
542.0370000000112	EXP	Sound: volume = 1
542.0370000000112	EXP	Sound: loops = 0
542.0370000000112	EXP	Sound: volume = 1
560.4899999999907	EXP	text_3: autoDraw = true
561.0219999999972	DATA	Keydown:  
561.0470000000205	EXP	text_3: autoDraw = false
561.0470000000205	EXP	Sound: secs = -1
561.0470000000205	EXP	Sound: volume = 1
561.0470000000205	EXP	Sound: loops = 0
561.0470000000205	EXP	Sound: volume = 1
573.2669999999925	EXP	text_3: autoDraw = true
573.7110000000102	DATA	Keydown:  
573.7339999999967	EXP	text_3: autoDraw = false
573.7339999999967	EXP	Sound: secs = -1
573.7339999999967	EXP	Sound: volume = 1
573.7339999999967	EXP	Sound: loops = 0
573.7339999999967	EXP	Sound: volume = 1
589.7989999999991	DATA	Keydown:  
590.2150000000256	EXP	text_3: autoDraw = true
591.1940000000177	DATA	Keydown:  
591.2060000000056	EXP	text_3: autoDraw = false
591.2060000000056	EXP	Sound: secs = -1
591.2060000000056	EXP	Sound: volume = 1
591.2060000000056	EXP	Sound: loops = 0
591.2060000000056	EXP	Sound: volume = 1
609.4789999999921	EXP	text_3: autoDraw = true
609.6100000000442	DATA	Keydown:  
609.6210000000428	EXP	text_3: autoDraw = false
609.6210000000428	EXP	Sound: secs = -1
609.6210000000428	EXP	Sound: volume = 1
609.6210000000428	EXP	Sound: loops = 0
609.6210000000428	EXP	Sound: volume = 1
628.4660000000149	EXP	text_3: autoDraw = true
628.6630000000005	DATA	Keydown:  
628.6790000000037	EXP	text_3: autoDraw = false
628.6790000000037	EXP	Sound: secs = -1
628.6790000000037	EXP	Sound: volume = 1
628.6790000000037	EXP	Sound: loops = 0
628.6790000000037	EXP	Sound: volume = 1
645.6460000000079	DATA	Keydown:  
646.6760000000359	EXP	text_3: autoDraw = true
647.3980000000447	DATA	Keydown:  
647.4079999999958	EXP	text_3: autoDraw = false
647.4079999999958	EXP	Sound: secs = -1
647.4079999999958	EXP	Sound: volume = 1
647.4079999999958	EXP	Sound: loops = 0
647.4079999999958	EXP	Sound: volume = 1
662.0800000000163	DATA	Keydown:  
664.2350000000442	EXP	text_3: autoDraw = true
664.994000000006	DATA	Keydown:  
665.015000000014	EXP	text_3: autoDraw = false
665.015000000014	EXP	Sound: secs = -1
665.015000000014	EXP	Sound: volume = 1
665.015000000014	EXP	Sound: loops = 0
665.015000000014	EXP	Sound: volume = 1
678.5709999999963	EXP	text_3: autoDraw = true
679.335000000021	DATA	Keydown:  
679.3589999999967	EXP	text_3: autoDraw = false
679.3589999999967	EXP	Sound: secs = -1
679.3589999999967	EXP	Sound: volume = 1
679.3589999999967	EXP	Sound: loops = 0
679.3589999999967	EXP	Sound: volume = 1
699.6370000000461	EXP	text_3: autoDraw = true
700.4100000000326	DATA	Keydown:  
700.4220000000205	EXP	text_3: autoDraw = false
700.4220000000205	EXP	Sound: secs = -1
700.4220000000205	EXP	Sound: volume = 1
700.4220000000205	EXP	Sound: loops = 0
700.4220000000205	EXP	Sound: volume = 1
718.3319999999949	EXP	text_3: autoDraw = true
718.9720000000088	DATA	Keydown:  
718.9839999999967	EXP	text_3: autoDraw = false
718.9839999999967	EXP	Sound: secs = -1
718.9839999999967	EXP	Sound: volume = 1
718.9839999999967	EXP	Sound: loops = 0
718.9839999999967	EXP	Sound: volume = 1
729.5650000000023	DATA	Keydown:  
737.4560000000056	DATA	Keydown:  
738.4280000000144	EXP	text_3: autoDraw = true
739.1030000000028	DATA	Keydown:  
739.125	EXP	text_3: autoDraw = false
739.125	EXP	Sound: secs = -1
739.125	EXP	Sound: volume = 1
739.125	EXP	Sound: loops = 0
739.125	EXP	Sound: volume = 1
754.9789999999921	DATA	Keydown:  
755.6440000000293	EXP	text_3: autoDraw = true
756.439000000013	DATA	Keydown:  
756.4440000000177	EXP	text_3: autoDraw = false
756.4440000000177	EXP	Sound: secs = -1
756.4440000000177	EXP	Sound: volume = 1
756.4440000000177	EXP	Sound: loops = 0
756.4440000000177	EXP	Sound: volume = 1
773.6529999999912	EXP	text_3: autoDraw = true
774.344000000041	DATA	Keydown:  
774.3620000000228	EXP	text_3: autoDraw = false
774.3620000000228	EXP	Sound: secs = -1
774.3620000000228	EXP	Sound: volume = 1
774.3620000000228	EXP	Sound: loops = 0
774.3620000000228	EXP	Sound: volume = 1
791.7220000000088	DATA	Keydown:  
791.7410000000382	EXP	text_3: autoDraw = true
792.4619999999995	DATA	Keydown:  
792.469000000041	EXP	text_3: autoDraw = false
792.469000000041	EXP	Sound: secs = -1
792.469000000041	EXP	Sound: volume = 1
792.469000000041	EXP	Sound: loops = 0
792.469000000041	EXP	Sound: volume = 1
807.5329999999958	DATA	Keydown:  
807.9349999999977	EXP	text_3: autoDraw = true
808.5350000000326	DATA	Keydown:  
808.5620000000345	EXP	text_3: autoDraw = false
808.5620000000345	EXP	Sound: secs = -1
808.5620000000345	EXP	Sound: volume = 1
808.5620000000345	EXP	Sound: loops = 0
808.5620000000345	EXP	Sound: volume = 1
824.4660000000149	DATA	Keydown:  
824.5599999999977	EXP	text_3: autoDraw = true
825.1330000000307	DATA	Keydown:  
825.1450000000186	EXP	text_3: autoDraw = false
825.1450000000186	EXP	Sound: secs = -1
825.1450000000186	EXP	Sound: volume = 1
825.1450000000186	EXP	Sound: loops = 0
825.1450000000186	EXP	Sound: volume = 1
842.0329999999958	DATA	Keydown:  
842.0750000000116	EXP	text_3: autoDraw = true
842.7989999999991	DATA	Keydown:  
842.8250000000116	EXP	text_3: autoDraw = false
842.8250000000116	EXP	text_4: autoDraw = true
938.0450000000419	DATA	Keydown:  
938.0760000000009	EXP	text_4: autoDraw = false
938.0760000000009	EXP	Sound: secs = -1
938.0760000000009	EXP	Sound: volume = 1
938.0760000000009	EXP	Sound: loops = 0
938.0760000000009	EXP	Sound: volume = 1
961.8180000000284	EXP	next_prompt_trial2: autoDraw = true
962.9210000000312	DATA	Keydown:  
962.9380000000237	EXP	next_prompt_trial2: autoDraw = false
962.9380000000237	EXP	Sound: secs = -1
962.9380000000237	EXP	Sound: volume = 1
962.9380000000237	EXP	Sound: loops = 0
962.9380000000237	EXP	Sound: volume = 1
978.8099999999977	EXP	next_prompt_trial2: autoDraw = true
980.4079999999958	DATA	Keydown:  
980.4380000000237	EXP	next_prompt_trial2: autoDraw = false
980.4380000000237	EXP	Sound: secs = -1
980.4380000000237	EXP	Sound: volume = 1
980.4380000000237	EXP	Sound: loops = 0
980.4380000000237	EXP	Sound: volume = 1
1002.3010000000359	EXP	next_prompt_trial2: autoDraw = true
1003.4650000000256	DATA	Keydown:  
1003.4700000000303	EXP	next_prompt_trial2: autoDraw = false
1003.4700000000303	EXP	Sound: secs = -1
1003.4700000000303	EXP	Sound: volume = 1
1003.4700000000303	EXP	Sound: loops = 0
1003.4700000000303	EXP	Sound: volume = 1
1020.6220000000321	EXP	next_prompt_trial2: autoDraw = true
1021.3770000000368	DATA	Keydown:  
1021.4000000000233	EXP	next_prompt_trial2: autoDraw = false
1021.4000000000233	EXP	Sound: secs = -1
1021.4000000000233	EXP	Sound: volume = 1
1021.4000000000233	EXP	Sound: loops = 0
1021.4000000000233	EXP	Sound: volume = 1
1036.75	EXP	next_prompt_trial2: autoDraw = true
1037.3770000000368	DATA	Keydown:  
1037.39300000004	EXP	next_prompt_trial2: autoDraw = false
1037.39300000004	EXP	Sound: secs = -1
1037.39300000004	EXP	Sound: volume = 1
1037.39300000004	EXP	Sound: loops = 0
1037.39300000004	EXP	Sound: volume = 1
1063.2280000000028	EXP	next_prompt_trial2: autoDraw = true
1064.189000000013	DATA	Keydown:  
1064.2150000000256	EXP	next_prompt_trial2: autoDraw = false
1064.2150000000256	EXP	Sound: secs = -1
1064.2150000000256	EXP	Sound: volume = 1
1064.2150000000256	EXP	Sound: loops = 0
1064.2150000000256	EXP	Sound: volume = 1
1078.9890000000014	EXP	next_prompt_trial2: autoDraw = true
1079.640000000014	DATA	Keydown:  
1079.6450000000186	EXP	next_prompt_trial2: autoDraw = false
1079.6450000000186	EXP	Sound: secs = -1
1079.6450000000186	EXP	Sound: volume = 1
1079.6450000000186	EXP	Sound: loops = 0
1079.6450000000186	EXP	Sound: volume = 1
1098.9490000000224	EXP	next_prompt_trial2: autoDraw = true
1099.841000000015	DATA	Keydown:  
1099.8720000000321	EXP	next_prompt_trial2: autoDraw = false
1099.8720000000321	EXP	Sound: secs = -1
1099.8720000000321	EXP	Sound: volume = 1
1099.8720000000321	EXP	Sound: loops = 0
1099.8720000000321	EXP	Sound: volume = 1
1115.0290000000386	EXP	next_prompt_trial2: autoDraw = true
1115.6849999999977	DATA	Keydown:  
1115.6900000000023	EXP	next_prompt_trial2: autoDraw = false
1115.6900000000023	EXP	Sound: secs = -1
1115.6900000000023	EXP	Sound: volume = 1
1115.6900000000023	EXP	Sound: loops = 0
1115.6900000000023	EXP	Sound: volume = 1
1129.094000000041	EXP	next_prompt_trial2: autoDraw = true
1130.4409999999916	DATA	Keydown:  
1130.4459999999963	EXP	next_prompt_trial2: autoDraw = false
1130.4459999999963	EXP	Sound: secs = -1
1130.4459999999963	EXP	Sound: volume = 1
1130.4459999999963	EXP	Sound: loops = 0
1130.4459999999963	EXP	Sound: volume = 1
1154.3589999999967	EXP	next_prompt_trial2: autoDraw = true
1155.015000000014	DATA	Keydown:  
1155.0329999999958	EXP	next_prompt_trial2: autoDraw = false
1155.0329999999958	EXP	Sound: secs = -1
1155.0329999999958	EXP	Sound: volume = 1
1155.0329999999958	EXP	Sound: loops = 0
1155.0329999999958	EXP	Sound: volume = 1
1175.0140000000247	EXP	next_prompt_trial2: autoDraw = true
1175.7310000000289	DATA	Keydown:  
1175.7570000000414	EXP	next_prompt_trial2: autoDraw = false
1175.7570000000414	EXP	Sound: secs = -1
1175.7570000000414	EXP	Sound: volume = 1
1175.7570000000414	EXP	Sound: loops = 0
1175.7570000000414	EXP	Sound: volume = 1
1188.326000000001	EXP	next_prompt_trial2: autoDraw = true
1188.8730000000214	DATA	Keydown:  
1188.8910000000033	EXP	next_prompt_trial2: autoDraw = false
1188.8910000000033	EXP	Sound: secs = -1
1188.8910000000033	EXP	Sound: volume = 1
1188.8910000000033	EXP	Sound: loops = 0
1188.8910000000033	EXP	Sound: volume = 1
1208.6680000000051	EXP	next_prompt_trial2: autoDraw = true
1209.255999999994	DATA	Keydown:  
1209.2719999999972	EXP	next_prompt_trial2: autoDraw = false
1209.2719999999972	EXP	Sound: secs = -1
1209.2719999999972	EXP	Sound: volume = 1
1209.2719999999972	EXP	Sound: loops = 0
1209.2719999999972	EXP	Sound: volume = 1
1222.9580000000424	EXP	next_prompt_trial2: autoDraw = true
1223.6710000000312	DATA	Keydown:  
1223.6760000000359	EXP	next_prompt_trial2: autoDraw = false
1223.6760000000359	EXP	Sound: secs = -1
1223.6760000000359	EXP	Sound: volume = 1
1223.6760000000359	EXP	Sound: loops = 0
1223.6760000000359	EXP	Sound: volume = 1
1243.0320000000065	EXP	next_prompt_trial2: autoDraw = true
1244.2229999999981	DATA	Keydown:  
1244.2520000000368	EXP	next_prompt_trial2: autoDraw = false
1244.2520000000368	EXP	Sound: secs = -1
1244.2520000000368	EXP	Sound: volume = 1
1244.2520000000368	EXP	Sound: loops = 0
1244.2520000000368	EXP	Sound: volume = 1
1261.8880000000354	EXP	next_prompt_trial2: autoDraw = true
1263.1570000000065	DATA	Keydown:  
1263.179999999993	EXP	next_prompt_trial2: autoDraw = false
1263.179999999993	EXP	Sound: secs = -1
1263.179999999993	EXP	Sound: volume = 1
1263.179999999993	EXP	Sound: loops = 0
1263.179999999993	EXP	Sound: volume = 1
1279.3880000000354	EXP	next_prompt_trial2: autoDraw = true
1281.1199999999953	DATA	Keydown:  
1281.1270000000368	EXP	next_prompt_trial2: autoDraw = false
1281.1270000000368	EXP	Sound: secs = -1
1281.1270000000368	EXP	Sound: volume = 1
1281.1270000000368	EXP	Sound: loops = 0
1281.1270000000368	EXP	Sound: volume = 1
1296.6220000000321	EXP	next_prompt_trial2: autoDraw = true
1297.905000000028	DATA	Keydown:  
1297.929999999993	EXP	next_prompt_trial2: autoDraw = false
1297.929999999993	EXP	Sound: secs = -1
1297.929999999993	EXP	Sound: volume = 1
1297.929999999993	EXP	Sound: loops = 0
1297.929999999993	EXP	Sound: volume = 1
1313.1350000000093	EXP	next_prompt_trial2: autoDraw = true
1314.488000000012	DATA	Keydown:  
1314.5070000000414	EXP	next_prompt_trial2: autoDraw = false
1314.5070000000414	EXP	Sound: secs = -1
1314.5070000000414	EXP	Sound: volume = 1
1314.5070000000414	EXP	Sound: loops = 0
1314.5070000000414	EXP	Sound: volume = 1
1333.5439999999944	EXP	next_prompt_trial2: autoDraw = true
1335.488000000012	DATA	Keydown:  
1335.5140000000247	EXP	next_prompt_trial2: autoDraw = false
1335.5140000000247	EXP	Sound: secs = -1
1335.5140000000247	EXP	Sound: volume = 1
1335.5140000000247	EXP	Sound: loops = 0
1335.5140000000247	EXP	Sound: volume = 1
1349.679999999993	EXP	next_prompt_trial2: autoDraw = true
1351.8890000000247	DATA	Keydown:  
1351.9010000000126	EXP	next_prompt_trial2: autoDraw = false
1351.9010000000126	EXP	Sound: secs = -1
1351.9010000000126	EXP	Sound: volume = 1
1351.9010000000126	EXP	Sound: loops = 0
1351.9010000000126	EXP	Sound: volume = 1
1369.5620000000345	EXP	next_prompt_trial2: autoDraw = true
1370.9130000000005	DATA	Keydown:  
1370.9250000000466	EXP	next_prompt_trial2: autoDraw = false
1370.9250000000466	EXP	Sound: secs = -1
1370.9250000000466	EXP	Sound: volume = 1
1370.9250000000466	EXP	Sound: loops = 0
1370.9250000000466	EXP	Sound: volume = 1
1387.091000000015	EXP	next_prompt_trial2: autoDraw = true
1389.0360000000219	DATA	Keydown:  
1389.0620000000345	EXP	next_prompt_trial2: autoDraw = false
1389.0620000000345	EXP	Sound: secs = -1
1389.0620000000345	EXP	Sound: volume = 1
1389.0620000000345	EXP	Sound: loops = 0
1389.0620000000345	EXP	Sound: volume = 1
1408.8820000000414	EXP	next_prompt_trial2: autoDraw = true
1410.1780000000144	DATA	Keydown:  
1410.1909999999916	EXP	next_prompt_trial2: autoDraw = false
1410.1909999999916	EXP	Sound: secs = -1
1410.1909999999916	EXP	Sound: volume = 1
1410.1909999999916	EXP	Sound: loops = 0
1410.1909999999916	EXP	Sound: volume = 1
1423.6180000000168	EXP	next_prompt_trial2: autoDraw = true
1424.8479999999981	DATA	Keydown:  
1424.8760000000475	EXP	next_prompt_trial2: autoDraw = false
1424.8760000000475	EXP	Sound: secs = -1
1424.8760000000475	EXP	Sound: volume = 1
1424.8760000000475	EXP	Sound: loops = 0
1424.8760000000475	EXP	Sound: volume = 1
1442.1529999999912	EXP	next_prompt_trial2: autoDraw = true
1443.7460000000428	DATA	Keydown:  
1443.7690000000293	EXP	next_prompt_trial2: autoDraw = false
1443.7690000000293	EXP	Sound: secs = -1
1443.7690000000293	EXP	Sound: volume = 1
1443.7690000000293	EXP	Sound: loops = 0
1443.7690000000293	EXP	Sound: volume = 1
1459.2510000000475	EXP	next_prompt_trial2: autoDraw = true
1461.100000000035	DATA	Keydown:  
1461.1120000000228	EXP	next_prompt_trial2: autoDraw = false
1461.1120000000228	EXP	Sound: secs = -1
1461.1120000000228	EXP	Sound: volume = 1
1461.1120000000228	EXP	Sound: loops = 0
1461.1120000000228	EXP	Sound: volume = 1
1475.8600000000442	EXP	next_prompt_trial2: autoDraw = true
1477.1760000000359	DATA	Keydown:  
1477.1870000000345	EXP	next_prompt_trial2: autoDraw = false
1477.1870000000345	EXP	Sound: secs = -1
1477.1870000000345	EXP	Sound: volume = 1
1477.1870000000345	EXP	Sound: loops = 0
1477.1870000000345	EXP	Sound: volume = 1
1490.7229999999981	EXP	next_prompt_trial2: autoDraw = true
1491.5540000000037	DATA	Keydown:  
1491.5650000000023	EXP	next_prompt_trial2: autoDraw = false
1491.5650000000023	EXP	Sound: secs = -1
1491.5650000000023	EXP	Sound: volume = 1
1491.5650000000023	EXP	Sound: loops = 0
1491.5650000000023	EXP	Sound: volume = 1
1506.6110000000335	EXP	next_prompt_trial2: autoDraw = true
1507.378000000026	DATA	Keydown:  
1507.3919999999925	EXP	next_prompt_trial2: autoDraw = false
1507.3919999999925	EXP	Sound: secs = -1
1507.3919999999925	EXP	Sound: volume = 1
1507.3919999999925	EXP	Sound: loops = 0
1507.3919999999925	EXP	Sound: volume = 1
1520.3220000000438	EXP	next_prompt_trial2: autoDraw = true
1521.5230000000447	DATA	Keydown:  
1521.5530000000144	EXP	next_prompt_trial2: autoDraw = false
1521.5530000000144	EXP	Sound: secs = -1
1521.5530000000144	EXP	Sound: volume = 1
1521.5530000000144	EXP	Sound: loops = 0
1521.5530000000144	EXP	Sound: volume = 1
1538.9800000000396	EXP	next_prompt_trial2: autoDraw = true
1539.8649999999907	DATA	Keydown:  
1539.88400000002	EXP	next_prompt_trial2: autoDraw = false
1539.88400000002	EXP	Sound: secs = -1
1539.88400000002	EXP	Sound: volume = 1
1539.88400000002	EXP	Sound: loops = 0
1539.88400000002	EXP	Sound: volume = 1
1553.8240000000224	EXP	next_prompt_trial2: autoDraw = true
1554.7880000000005	DATA	Keydown:  
1554.8000000000466	EXP	next_prompt_trial2: autoDraw = false
1554.8000000000466	EXP	Sound: secs = -1
1554.8000000000466	EXP	Sound: volume = 1
1554.8000000000466	EXP	Sound: loops = 0
1554.8000000000466	EXP	Sound: volume = 1
1571.2770000000019	EXP	next_prompt_trial2: autoDraw = true
1572.2829999999958	DATA	Keydown:  
1572.3120000000345	EXP	next_prompt_trial2: autoDraw = false
1572.3120000000345	EXP	Sound: secs = -1
1572.3120000000345	EXP	Sound: volume = 1
1572.3120000000345	EXP	Sound: loops = 0
1572.3120000000345	EXP	Sound: volume = 1
1590.076000000001	EXP	next_prompt_trial2: autoDraw = true
1591.1020000000135	DATA	Keydown:  
1591.1120000000228	EXP	next_prompt_trial2: autoDraw = false
1591.1120000000228	EXP	Sound: secs = -1
1591.1120000000228	EXP	Sound: volume = 1
1591.1120000000228	EXP	Sound: loops = 0
1591.1120000000228	EXP	Sound: volume = 1
1606.7399999999907	EXP	next_prompt_trial2: autoDraw = true
1607.9079999999958	DATA	Keydown:  
1607.9340000000084	EXP	next_prompt_trial2: autoDraw = false
1607.9340000000084	EXP	Sound: secs = -1
1607.9340000000084	EXP	Sound: volume = 1
1607.9340000000084	EXP	Sound: loops = 0
1607.9340000000084	EXP	Sound: volume = 1
1617.9230000000098	DATA	Keydown:  
1626.4970000000321	EXP	next_prompt_trial2: autoDraw = true
1627.320000000007	DATA	Keydown:  
1627.3589999999967	EXP	next_prompt_trial2: autoDraw = false
1627.3589999999967	EXP	Sound: secs = -1
1627.3589999999967	EXP	Sound: volume = 1
1627.3589999999967	EXP	Sound: loops = 0
1627.3589999999967	EXP	Sound: volume = 1
1641.2939999999944	EXP	next_prompt_trial2: autoDraw = true
1642.015000000014	DATA	Keydown:  
1642.0329999999958	EXP	next_prompt_trial2: autoDraw = false
1642.0329999999958	EXP	Sound: secs = -1
1642.0329999999958	EXP	Sound: volume = 1
1642.0329999999958	EXP	Sound: loops = 0
1642.0329999999958	EXP	Sound: volume = 1
1660.9320000000298	EXP	next_prompt_trial2: autoDraw = true
1661.9040000000386	DATA	Keydown:  
1661.9420000000391	EXP	next_prompt_trial2: autoDraw = false
1661.9420000000391	EXP	completion_text: autoDraw = true
1664.2280000000028	DATA	Mouse: wheel shift=(0,-100), pos=(513,189)
1664.341000000015	DATA	Mouse: wheel shift=(0,-100), pos=(513,189)
1665.51800000004	DATA	Mouse: 0 button down, pos=(170,91)
1665.6070000000182	DATA	Mouse: 0 button down, pos=(170,91)
1665.7110000000102	DATA	Mouse: 0 button down, pos=(170,91)
1665.8220000000438	DATA	Mouse: 0 button down, pos=(170,91)
1668.8250000000116	DATA	Mouse: 0 button down, pos=(170,91)
1668.9440000000177	DATA	Mouse: 0 button down, pos=(170,91)
1668.9800000000396	DATA	Mouse: 0 button down, pos=(170,91)
1669.0890000000363	DATA	Mouse: 0 button down, pos=(170,91)
1669.1670000000158	DATA	Mouse: 0 button down, pos=(169,91)
1669.280000000028	DATA	Mouse: 0 button down, pos=(168,94)
1669.3479999999981	DATA	Mouse: 0 button down, pos=(169,99)
1669.4890000000014	DATA	Mouse: 0 button down, pos=(169,105)
1670.8310000000056	DATA	Mouse: 0 button down, pos=(111,94)
1671.1720000000205	DATA	Mouse: 0 button down, pos=(221,85)
1671.2840000000433	DATA	Mouse: 0 button down, pos=(52,68)
1671.4619999999995	DATA	Mouse: 0 button down, pos=(266,149)
1671.5169999999925	DATA	Mouse: 0 button down, pos=(211,151)
1671.5530000000144	DATA	Mouse: 0 button down, pos=(211,151)
1671.8720000000321	DATA	Mouse: wheel shift=(0,100), pos=(273,252)
1671.9040000000386	DATA	Mouse: wheel shift=(0,100), pos=(274,252)
1671.9340000000084	DATA	Mouse: wheel shift=(0,100), pos=(274,252)
1677.3420000000042	DATA	Keydown:  
1677.3610000000335	EXP	completion_text: autoDraw = false
1677.3610000000335	EXP	goodbyetxt: autoDraw = true
1679.4770000000135	DATA	Keydown:  
