0.06300000008195639	EXP	Created Window = Window( name=Window, fullscr=true, color=#808080, units=height, waitBlanking=true, autoLog=true, size=[1366,625] )
5.861000000033528	DATA	Keydown: Shift
6.312000000150874	DATA	Keydown: Shift
6.315000000176951	DATA	Keydown: Shift
6.508000000147149	DATA	Keydown: Shift
6.61200000019744	DATA	Keydown: Shift
6.7350000001024455	DATA	Keydown: J
7.354000000050291	DATA	Keydown: T
13.302000000141561	DATA	Keydown: Shift
13.797000000020489	DATA	Keydown: Shift
13.797000000020489	DATA	Keydown: Shift
13.922000000020489	DATA	Keydown: Shift
13.923000000184402	DATA	Keydown: Shift
13.925000000046566	DATA	Keydown: Shift
13.927000000141561	DATA	Keydown: Shift
14.014000000199303	DATA	Keydown: Shift
14.014000000199303	DATA	Keydown: Shift
14.033000000054017	DATA	Keydown: Shift
14.127000000094995	DATA	Keydown: Shift
14.127000000094995	DATA	Keydown: Shift
14.128000000026077	DATA	Keydown: Y
14.31900000013411	DATA	Keydown: e
14.553000000072643	DATA	Keydown: s
29.248000000137836	DATA	Keydown: Shift
29.4910000001546	DATA	Keydown: I
29.850000000093132	DATA	Keydown: r
30.131000000052154	DATA	Keydown: Backspace
30.317000000039116	DATA	Keydown: t
33.998000000137836	DATA	Keydown: 0
37.28500000014901	DATA	Keydown: n
37.39600000018254	DATA	Keydown: o
54.114000000059605	DATA	Keydown:  
54.748000000137836	DATA	Keydown: i
54.955000000074506	DATA	Keydown: s
55.0339999999851	DATA	Keydown:  
55.75	DATA	Keydown: a
55.86200000019744	DATA	Keydown:  
56.97800000011921	DATA	Keydown: i
57.01699999999255	DATA	Keydown: n
57.898999999975786	DATA	Keydown: -
58.209000000031665	DATA	Keydown: e
58.60000000009313	DATA	Keydown: a
58.82400000002235	DATA	Keydown: r
59.080000000074506	DATA	Keydown:  
60.0590000001248	DATA	Keydown: h
60.1840000001248	DATA	Keydown: e
60.3980000000447	DATA	Keydown: a
60.60000000009313	DATA	Keydown: d
60.87199999997392	DATA	Keydown: p
61.40200000000186	DATA	Keydown: h
61.73700000019744	DATA	Keydown: o
61.88700000010431	DATA	Keydown: n
62.09799999999814	DATA	Keydown: e
62.28300000005402	DATA	Keydown: s
65.49900000006892	DATA	Keydown: Shift
65.99900000006892	DATA	Keydown: Shift
65.99900000006892	DATA	Keydown: Shift
66.00100000016391	DATA	Keydown: Shift
66.03200000012293	DATA	Keydown: Shift
66.05800000019372	DATA	Keydown: Shift
66.09700000006706	DATA	Keydown: Shift
66.09900000016205	DATA	Keydown: Shift
66.12000000011176	DATA	Keydown: Shift
66.15800000005402	DATA	Keydown: Shift
66.1820000000298	DATA	Keydown: Shift
66.26100000017323	DATA	Keydown: Shift
66.2839999999851	DATA	Keydown: Shift
66.2839999999851	DATA	Keydown: Shift
66.36499999999069	DATA	Keydown: Shift
66.36700000008568	DATA	Keydown: Shift
66.36700000008568	DATA	Keydown: Shift
66.41700000013225	DATA	Keydown: Shift
66.4340000001248	DATA	Keydown: Shift
66.51300000003539	DATA	Keydown: Shift
66.51800000015646	DATA	Keydown: Shift
66.52100000018254	DATA	Keydown: Shift
66.56900000013411	DATA	Keydown: Shift
66.58400000003166	DATA	Keydown: Shift
66.67700000014156	DATA	Keydown: Shift
66.68100000009872	DATA	Keydown: Shift
66.68100000009872	DATA	Keydown: Shift
66.68700000015087	DATA	Keydown: Shift
66.82400000002235	DATA	Keydown: Shift
67.01500000013039	DATA	Keydown: m
69.9320000000298	DATA	Keydown: 4
70.01200000010431	DATA	Keydown: 3
73.05099999997765	DATA	Keydown: Shift
73.21500000008382	DATA	Keydown: R
77.7839999999851	DATA	Keydown: y
78.58600000012666	DATA	Keydown: e
78.77900000009686	DATA	Keydown: s
83.17700000014156	EXP	Created instructiontxt = TextStim( name=instructiontxt, win=Window( name=Window, fullscr=true, color=#808080, ~), autoDraw=null, autoLog=true, units=height, ori=null, opacity=1, pos=[0,0], size=undefined, text=Welcome to tapping experiment. 

You will hear a s~, font=Arial, color=#FFFFFF, contrast=1, height=0.05, bold=null, italic=null, alignHoriz=left, alignVert=center, wrapWidth=1, flipHoriz=null, flipVert=null )
83.18800000008196	EXP	Created TonePlayer = TonePlayer( name=TonePlayer, note=A4, duration_s=-1, volume=1, loops=null, soundLibrary="TONE_JS", autoLog=true )
83.18900000001304	EXP	Created text = TextStim( name=text, win=Window( name=Window, fullscr=true, color=#808080, ~), autoDraw=null, autoLog=true, units=height, ori=null, opacity=1, pos=[0,0], size=undefined, text=Ready for the next trial?

press space bar to star~, font=Arial, color=#FFFFFF, contrast=1, height=0.05, bold=null, italic=null, alignHoriz=left, alignVert=center, wrapWidth=1, flipHoriz=null, flipVert=null )
83.19200000003912	EXP	Created text_2 = TextStim( name=text_2, win=Window( name=Window, fullscr=true, color=#808080, ~), autoDraw=null, autoLog=true, units=height, ori=null, opacity=1, pos=[0,0], size=undefined, text=Practice trials are over.

Now we are going to sta~, font=Arial, color=#FFFFFF, contrast=1, height=0.05, bold=null, italic=null, alignHoriz=left, alignVert=center, wrapWidth=1, flipHoriz=null, flipVert=null )
83.19500000006519	EXP	Created TonePlayer = TonePlayer( name=TonePlayer, note=A4, duration_s=-1, volume=1, loops=null, soundLibrary="TONE_JS", autoLog=true )
83.19599999999627	EXP	Created text_3 = TextStim( name=text_3, win=Window( name=Window, fullscr=true, color=#808080, ~), autoDraw=null, autoLog=true, units=height, ori=null, opacity=1, pos=[0,0], size=undefined, text=Ready for the next trial?

Press space bar to star~, font=Arial, color=#FFFFFF, contrast=1, height=0.05, bold=null, italic=null, alignHoriz=left, alignVert=center, wrapWidth=1, flipHoriz=null, flipVert=null )
83.19700000016019	EXP	Created text_4 = TextStim( name=text_4, win=Window( name=Window, fullscr=true, color=#808080, ~), autoDraw=null, autoLog=true, units=height, ori=null, opacity=1, pos=[0,0], size=undefined, text=Great! This is the half-way break. 

Please take y~, font=Arial, color=#FFFFFF, contrast=1, height=0.05, bold=null, italic=null, alignHoriz=left, alignVert=center, wrapWidth=1, flipHoriz=null, flipVert=null )
83.2070000001695	EXP	Created TonePlayer = TonePlayer( name=TonePlayer, note=A4, duration_s=-1, volume=1, loops=null, soundLibrary="TONE_JS", autoLog=true )
83.22500000009313	EXP	Created next_prompt_trial2 = TextStim( name=next_prompt_trial2, win=Window( name=Window, fullscr=true, color=#808080, ~), autoDraw=null, autoLog=true, units=height, ori=null, opacity=1, pos=[0,0], size=undefined, text=Ready for the next trial? 

Press space bar to sta~, font=Arial, color=#FFFFFF, contrast=1, height=0.05, bold=null, italic=null, alignHoriz=left, alignVert=center, wrapWidth=1, flipHoriz=null, flipVert=null )
83.22900000005029	EXP	Created completion_text = TextStim( name=completion_text, win=Window( name=Window, fullscr=true, color=#808080, ~), autoDraw=null, autoLog=true, units=height, ori=null, opacity=1, pos=[0,0], size=undefined, text=Thanks for your participation! 

Here is your expe~, font=Arial, color=#FFFFFF, contrast=1, height=0.05, bold=null, italic=null, alignHoriz=left, alignVert=center, wrapWidth=1, flipHoriz=null, flipVert=null )
83.22900000005029	EXP	Created goodbyetxt = TextStim( name=goodbyetxt, win=Window( name=Window, fullscr=true, color=#808080, ~), autoDraw=null, autoLog=true, units=height, ori=null, opacity=1, pos=[0,0], size=undefined, text=The test is over!

Thank you so much!!, font=Arial, color=#FFFFFF, contrast=1, height=0.05, bold=null, italic=null, alignHoriz=left, alignVert=center, wrapWidth=1, flipHoriz=null, flipVert=null )
83.27600000007078	EXP	instructiontxt: units = "height"
83.27600000007078	EXP	instructiontxt: ori = 0
83.27600000007078	EXP	instructiontxt: opacity = 1
83.27600000007078	EXP	instructiontxt: pos = [0,0]
83.27600000007078	EXP	instructiontxt: size = undefined
83.27600000007078	EXP	instructiontxt: text = "Welcome to tapping experiment. \n\nYou will hear a sequence of tones.\nUse the index finger of your dominant hand \nto tap the spacebar at where you think the beat is throughout the sound file at each trial.\n\nWhen you are ready, press the spacebar to begin the practice."
83.27600000007078	EXP	instructiontxt: font = "Arial"
83.27600000007078	EXP	instructiontxt: color = {"_hex":"#FFFFFF","_rgb":[1,1,1]}
83.27600000007078	EXP	instructiontxt: contrast = 1
83.27600000007078	EXP	instructiontxt: height = 0.05
83.27600000007078	EXP	instructiontxt: bold = false
83.27600000007078	EXP	instructiontxt: italic = false
83.27600000007078	EXP	instructiontxt: alignHoriz = "left"
83.27600000007078	EXP	instructiontxt: alignVert = "center"
83.27600000007078	EXP	instructiontxt: wrapWidth = 1
83.27600000007078	EXP	instructiontxt: flipHoriz = false
83.27600000007078	EXP	instructiontxt: flipVert = false
83.27600000007078	EXP	Sound: secs = -1
83.27600000007078	EXP	Sound: volume = 1
83.27600000007078	EXP	Sound: loops = 0
83.27600000007078	EXP	Sound: volume = 1
83.27600000007078	EXP	text: units = "height"
83.27600000007078	EXP	text: ori = 0
83.27600000007078	EXP	text: opacity = 1
83.27600000007078	EXP	text: pos = [0,0]
83.27600000007078	EXP	text: size = undefined
83.27600000007078	EXP	text: text = "Ready for the next trial?\n\npress space bar to start."
83.27600000007078	EXP	text: font = "Arial"
83.27600000007078	EXP	text: color = {"_hex":"#FFFFFF","_rgb":[1,1,1]}
83.27600000007078	EXP	text: contrast = 1
83.27600000007078	EXP	text: height = 0.05
83.27600000007078	EXP	text: bold = false
83.27600000007078	EXP	text: italic = false
83.27600000007078	EXP	text: alignHoriz = "left"
83.27600000007078	EXP	text: alignVert = "center"
83.27600000007078	EXP	text: wrapWidth = 1
83.27600000007078	EXP	text: flipHoriz = false
83.27600000007078	EXP	text: flipVert = false
83.27600000007078	EXP	text_2: units = "height"
83.27600000007078	EXP	text_2: ori = 0
83.27600000007078	EXP	text_2: opacity = 1
83.27600000007078	EXP	text_2: pos = [0,0]
83.27600000007078	EXP	text_2: size = undefined
83.27600000007078	EXP	text_2: text = "Practice trials are over.\n\nNow we are going to start the real test trials.\nThe total session length will be about 28 minutes, but we will have a short break at the half way mark.\n\nIf you are ready, please space bar."
83.27600000007078	EXP	text_2: font = "Arial"
83.27600000007078	EXP	text_2: color = {"_hex":"#FFFFFF","_rgb":[1,1,1]}
83.27600000007078	EXP	text_2: contrast = 1
83.27600000007078	EXP	text_2: height = 0.05
83.27600000007078	EXP	text_2: bold = false
83.27600000007078	EXP	text_2: italic = false
83.27600000007078	EXP	text_2: alignHoriz = "left"
83.27600000007078	EXP	text_2: alignVert = "center"
83.27600000007078	EXP	text_2: wrapWidth = 1
83.27600000007078	EXP	text_2: flipHoriz = false
83.27600000007078	EXP	text_2: flipVert = false
83.27600000007078	EXP	Sound: secs = -1
83.27600000007078	EXP	Sound: volume = 1
83.27600000007078	EXP	Sound: loops = 0
83.27600000007078	EXP	Sound: volume = 1
83.27600000007078	EXP	text_3: units = "height"
83.27600000007078	EXP	text_3: ori = 0
83.27600000007078	EXP	text_3: opacity = 1
83.27600000007078	EXP	text_3: pos = [0,0]
83.27600000007078	EXP	text_3: size = undefined
83.27600000007078	EXP	text_3: text = "Ready for the next trial?\n\nPress space bar to start."
83.27600000007078	EXP	text_3: font = "Arial"
83.27600000007078	EXP	text_3: color = {"_hex":"#FFFFFF","_rgb":[1,1,1]}
83.27600000007078	EXP	text_3: contrast = 1
83.27600000007078	EXP	text_3: height = 0.05
83.27600000007078	EXP	text_3: bold = false
83.27600000007078	EXP	text_3: italic = false
83.27600000007078	EXP	text_3: alignHoriz = "left"
83.27600000007078	EXP	text_3: alignVert = "center"
83.27600000007078	EXP	text_3: wrapWidth = 1
83.27600000007078	EXP	text_3: flipHoriz = false
83.27600000007078	EXP	text_3: flipVert = false
83.27600000007078	EXP	text_4: units = "height"
83.27600000007078	EXP	text_4: ori = 0
83.27600000007078	EXP	text_4: opacity = 1
83.27600000007078	EXP	text_4: pos = [0,0]
83.27600000007078	EXP	text_4: size = undefined
83.27600000007078	EXP	text_4: text = "Great! This is the half-way break. \n\nPlease take your time. \n\nWhen you are ready to start the second-half of the test trials, please press space bar. "
83.27600000007078	EXP	text_4: font = "Arial"
83.27600000007078	EXP	text_4: color = {"_hex":"#FFFFFF","_rgb":[1,1,1]}
83.27600000007078	EXP	text_4: contrast = 1
83.27600000007078	EXP	text_4: height = 0.05
83.27600000007078	EXP	text_4: bold = false
83.27600000007078	EXP	text_4: italic = false
83.27600000007078	EXP	text_4: alignHoriz = "left"
83.27600000007078	EXP	text_4: alignVert = "center"
83.27600000007078	EXP	text_4: wrapWidth = 1
83.27600000007078	EXP	text_4: flipHoriz = false
83.27600000007078	EXP	text_4: flipVert = false
83.27600000007078	EXP	Sound: secs = -1
83.27600000007078	EXP	Sound: volume = 1
83.27600000007078	EXP	Sound: loops = 0
83.27600000007078	EXP	Sound: volume = 1
83.27600000007078	EXP	next_prompt_trial2: units = "height"
83.27600000007078	EXP	next_prompt_trial2: ori = 0
83.27600000007078	EXP	next_prompt_trial2: opacity = 1
83.27600000007078	EXP	next_prompt_trial2: pos = [0,0]
83.27600000007078	EXP	next_prompt_trial2: size = undefined
83.27600000007078	EXP	next_prompt_trial2: text = "Ready for the next trial? \n\nPress space bar to start. "
83.27600000007078	EXP	next_prompt_trial2: font = "Arial"
83.27600000007078	EXP	next_prompt_trial2: color = {"_hex":"#FFFFFF","_rgb":[1,1,1]}
83.27600000007078	EXP	next_prompt_trial2: contrast = 1
83.27600000007078	EXP	next_prompt_trial2: height = 0.05
83.27600000007078	EXP	next_prompt_trial2: bold = false
83.27600000007078	EXP	next_prompt_trial2: italic = false
83.27600000007078	EXP	next_prompt_trial2: alignHoriz = "left"
83.27600000007078	EXP	next_prompt_trial2: alignVert = "center"
83.27600000007078	EXP	next_prompt_trial2: wrapWidth = 1
83.27600000007078	EXP	next_prompt_trial2: flipHoriz = false
83.27600000007078	EXP	next_prompt_trial2: flipVert = false
83.27600000007078	EXP	completion_text: units = "height"
83.27600000007078	EXP	completion_text: ori = 0
83.27600000007078	EXP	completion_text: opacity = 1
83.27600000007078	EXP	completion_text: pos = [0,0]
83.27600000007078	EXP	completion_text: size = undefined
83.27600000007078	EXP	completion_text: text = "Thanks for your participation! \n\nHere is your experiment completion code: \n\n9158 \n\nPlease write down this code as you will need it in order to receive payment.\n\nIf you are not an MTurk worker, please send an email to nolan.lem@gmail.com with the Experiment Completion Code as the subject of the email. In order to complete the \nexperiment, when you are ready please press space bar and wait until you see a text box appear that says \"Thanks for your patience\" where you can click 'ok'. \n\nIf you are an MTurk worker, please press the space bar to be redirected to the MTurk experiment \nhomepage where you can input the code into the Experiment Completion Code box. "
83.27600000007078	EXP	completion_text: font = "Arial"
83.27600000007078	EXP	completion_text: color = {"_hex":"#FFFFFF","_rgb":[1,1,1]}
83.27600000007078	EXP	completion_text: contrast = 1
83.27600000007078	EXP	completion_text: height = 0.05
83.27600000007078	EXP	completion_text: bold = false
83.27600000007078	EXP	completion_text: italic = false
83.27600000007078	EXP	completion_text: alignHoriz = "left"
83.27600000007078	EXP	completion_text: alignVert = "center"
83.27600000007078	EXP	completion_text: wrapWidth = 1
83.27600000007078	EXP	completion_text: flipHoriz = false
83.27600000007078	EXP	completion_text: flipVert = false
83.27600000007078	EXP	goodbyetxt: units = "height"
83.27600000007078	EXP	goodbyetxt: ori = 0
83.27600000007078	EXP	goodbyetxt: opacity = 1
83.27600000007078	EXP	goodbyetxt: pos = [0,0]
83.27600000007078	EXP	goodbyetxt: size = undefined
83.27600000007078	EXP	goodbyetxt: text = "The test is over!\n\nThank you so much!!"
83.27600000007078	EXP	goodbyetxt: font = "Arial"
83.27600000007078	EXP	goodbyetxt: color = {"_hex":"#FFFFFF","_rgb":[1,1,1]}
83.27600000007078	EXP	goodbyetxt: contrast = 1
83.27600000007078	EXP	goodbyetxt: height = 0.05
83.27600000007078	EXP	goodbyetxt: bold = false
83.27600000007078	EXP	goodbyetxt: italic = false
83.27600000007078	EXP	goodbyetxt: alignHoriz = "left"
83.27600000007078	EXP	goodbyetxt: alignVert = "center"
83.27600000007078	EXP	goodbyetxt: wrapWidth = 1
83.27600000007078	EXP	goodbyetxt: flipHoriz = false
83.27600000007078	EXP	goodbyetxt: flipVert = false
83.27600000007078	EXP	instructiontxt: autoDraw = true
99.86200000019744	DATA	Keydown:  
99.97200000006706	EXP	instructiontxt: autoDraw = false
99.97200000006706	EXP	Sound: secs = -1
99.97200000006706	EXP	Sound: volume = 1
99.97200000006706	EXP	Sound: loops = 0
99.97200000006706	EXP	Sound: volume = 1
110.08799999998882	DATA	Keydown:  
112.47400000016205	DATA	Keydown:  
114.59600000013597	EXP	text: autoDraw = true
116.19700000016019	DATA	Keydown:  
116.21200000005774	EXP	text: autoDraw = false
116.21200000005774	EXP	Sound: secs = -1
116.21200000005774	EXP	Sound: volume = 1
116.21200000005774	EXP	Sound: loops = 0
116.21200000005774	EXP	Sound: volume = 1
119.1589999999851	DATA	Keydown:  
120.57500000018626	DATA	Keydown:  
122.78100000019185	DATA	Keydown:  
124.61499999999069	DATA	Keydown:  
127.73100000014529	DATA	Keydown:  
129.34600000013597	DATA	Keydown:  
136.02000000001863	EXP	text: autoDraw = true
136.14600000018254	DATA	Keydown:  
136.16200000001118	EXP	text: autoDraw = false
136.16200000001118	EXP	Sound: secs = -1
136.16200000001118	EXP	Sound: volume = 1
136.16200000001118	EXP	Sound: loops = 0
136.16200000001118	EXP	Sound: volume = 1
139.03100000019185	DATA	Keydown:  
141.8190000001341	DATA	Keydown:  
151.25	EXP	text: autoDraw = true
152.5720000001602	DATA	Keydown:  
152.5810000000056	EXP	text: autoDraw = false
152.5810000000056	EXP	Sound: secs = -1
152.5810000000056	EXP	Sound: volume = 1
152.5810000000056	EXP	Sound: loops = 0
152.5810000000056	EXP	Sound: volume = 1
156.03900000010617	DATA	Keydown:  
161.63100000005215	DATA	Keydown:  
163.23800000012852	DATA	Keydown:  
166.5470000000205	EXP	text: autoDraw = true
167.99699999997392	DATA	Keydown:  
168.01500000013039	EXP	text: autoDraw = false
168.01500000013039	EXP	text_2: autoDraw = true
174.20100000011735	DATA	Keydown:  
174.21400000015274	EXP	text_2: autoDraw = false
174.21400000015274	EXP	Sound: secs = -1
174.21400000015274	EXP	Sound: volume = 1
174.21400000015274	EXP	Sound: loops = 0
174.21400000015274	EXP	Sound: volume = 1
178.24600000004284	DATA	Keydown:  
178.79000000003725	DATA	Keydown:  
179.47999999998137	DATA	Keydown:  
179.8530000001192	DATA	Keydown:  
180.48400000017136	DATA	Keydown:  
180.82500000018626	DATA	Keydown:  
181.11300000012852	DATA	Keydown:  
181.46999999997206	DATA	Keydown:  
181.90700000012293	DATA	Keydown:  
182.53000000002794	DATA	Keydown:  
182.98300000000745	DATA	Keydown:  
183.36000000010245	DATA	Keydown:  
183.73800000012852	DATA	Keydown:  
184.2050000000745	DATA	Keydown:  
184.59600000013597	DATA	Keydown:  
184.97100000013597	DATA	Keydown:  
185.36300000012852	DATA	Keydown:  
185.91400000010617	DATA	Keydown:  
187.60900000017136	EXP	text_3: autoDraw = true
189.32600000011735	DATA	Keydown:  
189.3310000000056	EXP	text_3: autoDraw = false
189.3310000000056	EXP	Sound: secs = -1
189.3310000000056	EXP	Sound: volume = 1
189.3310000000056	EXP	Sound: loops = 0
189.3310000000056	EXP	Sound: volume = 1
191.3660000001546	DATA	Keydown:  
191.90200000000186	DATA	Keydown:  
192.5470000000205	DATA	Keydown:  
193.56200000015087	DATA	Keydown:  
193.9000000001397	DATA	Keydown:  
194.5	DATA	Keydown:  
195.1370000001043	DATA	Keydown:  
195.5930000001099	DATA	Keydown:  
196.08300000010058	DATA	Keydown:  
196.14300000015646	DATA	Keydown:  
196.14400000008754	DATA	Keydown:  
196.17599999997765	DATA	Keydown:  
196.2310000001453	DATA	Keydown:  
196.30000000004657	DATA	Keydown:  
196.49900000006892	DATA	Keydown:  
198.35800000000745	DATA	Keydown:  
198.84400000004098	DATA	Keydown:  
199.2980000001844	DATA	Keydown:  
199.82700000004843	DATA	Keydown:  
200.31200000015087	DATA	Keydown:  
200.92900000000373	DATA	Keydown:  
201.39300000015646	DATA	Keydown:  
201.9210000000894	DATA	Keydown:  
202.56300000008196	DATA	Keydown:  
203.09900000016205	DATA	Keydown:  
203.74600000004284	DATA	Keydown:  
208.17400000011548	EXP	text_3: autoDraw = true
209.6630000001751	DATA	Keydown:  
209.6710000000894	EXP	text_3: autoDraw = false
209.6710000000894	EXP	Sound: secs = -1
209.6710000000894	EXP	Sound: volume = 1
209.6710000000894	EXP	Sound: loops = 0
209.6710000000894	EXP	Sound: volume = 1
212.35800000000745	DATA	Keydown:  
213.11800000001676	DATA	Keydown:  
213.4340000001248	DATA	Keydown:  
214.07400000002235	DATA	Keydown:  
214.6040000000503	DATA	Keydown:  
215.25	DATA	Keydown:  
215.84499999997206	DATA	Keydown:  
216.56099999998696	DATA	Keydown:  
217.12300000013784	DATA	Keydown:  
217.73700000019744	DATA	Keydown:  
218.410000000149	DATA	Keydown:  
219.02700000000186	DATA	Keydown:  
219.6689999999944	DATA	Keydown:  
220.3279999999795	DATA	Keydown:  
220.90800000005402	DATA	Keydown:  
221.54300000006333	DATA	Keydown:  
222.20800000010058	DATA	Keydown:  
222.83700000005774	DATA	Keydown:  
223.5140000001993	DATA	Keydown:  
224.07600000011735	DATA	Keydown:  
224.71100000012666	DATA	Keydown:  
225.66400000010617	EXP	text_3: autoDraw = true
226.86800000001676	DATA	Keydown:  
226.87199999997392	EXP	text_3: autoDraw = false
226.87199999997392	EXP	Sound: secs = -1
226.87199999997392	EXP	Sound: volume = 1
226.87199999997392	EXP	Sound: loops = 0
226.87199999997392	EXP	Sound: volume = 1
229.13300000014715	DATA	Keydown:  
230.80600000009872	DATA	Keydown:  
231.51699999999255	DATA	Keydown:  
232.2960000000894	DATA	Keydown:  
233.05200000014156	DATA	Keydown:  
233.75	DATA	Keydown:  
234.46000000019558	DATA	Keydown:  
235.13100000005215	DATA	Keydown:  
235.87400000006892	DATA	Keydown:  
236.75600000005215	DATA	Keydown:  
237.46100000012666	DATA	Keydown:  
238.09400000004098	DATA	Keydown:  
238.9570000001695	DATA	Keydown:  
239.66600000020117	DATA	Keydown:  
240.32300000009127	DATA	Keydown:  
241.1380000000354	DATA	Keydown:  
241.91200000001118	DATA	Keydown:  
242.6940000001341	DATA	Keydown:  
243.40600000019185	DATA	Keydown:  
244.7600000000093	EXP	text_3: autoDraw = true
246.27800000016578	DATA	Keydown:  
246.29000000003725	EXP	text_3: autoDraw = false
246.29000000003725	EXP	Sound: secs = -1
246.29000000003725	EXP	Sound: volume = 1
246.29000000003725	EXP	Sound: loops = 0
246.29000000003725	EXP	Sound: volume = 1
249.4450000000652	DATA	Keydown:  
250.03200000012293	DATA	Keydown:  
250.7070000001695	DATA	Keydown:  
251.5930000001099	DATA	Keydown:  
252.5720000001602	DATA	Keydown:  
253.32600000011735	DATA	Keydown:  
254.0339999999851	DATA	Keydown:  
254.74300000001676	DATA	Keydown:  
255.5439999999944	DATA	Keydown:  
256.4880000001285	DATA	Keydown:  
257.1720000000205	DATA	Keydown:  
257.94000000017695	DATA	Keydown:  
258.60900000017136	DATA	Keydown:  
259.62300000013784	DATA	Keydown:  
260.2550000001211	DATA	Keydown:  
260.93800000008196	DATA	Keydown:  
261.7080000001006	DATA	Keydown:  
262.31099999998696	DATA	Keydown:  
263.01600000006147	DATA	Keydown:  
263.62900000019	DATA	Keydown:  
264.4089999999851	DATA	Keydown:  
265.1049999999814	DATA	Keydown:  
266.86200000019744	EXP	text_3: autoDraw = true
268.5010000001639	DATA	Keydown:  
268.5250000001397	EXP	text_3: autoDraw = false
268.5250000001397	EXP	Sound: secs = -1
268.5250000001397	EXP	Sound: volume = 1
268.5250000001397	EXP	Sound: loops = 0
268.5250000001397	EXP	Sound: volume = 1
271.22500000009313	DATA	Keydown:  
271.6450000000186	DATA	Keydown:  
272.1740000001155	DATA	Keydown:  
272.87300000013784	DATA	Keydown:  
273.5910000000149	DATA	Keydown:  
274.3530000001192	DATA	Keydown:  
274.9540000001434	DATA	Keydown:  
275.6870000001509	DATA	Keydown:  
276.46400000015274	DATA	Keydown:  
277.0709999999963	DATA	Keydown:  
277.79100000020117	DATA	Keydown:  
278.49300000001676	DATA	Keydown:  
279.2880000001751	DATA	Keydown:  
279.94000000017695	DATA	Keydown:  
280.67500000004657	DATA	Keydown:  
281.6390000001993	DATA	Keydown:  
282.5030000000261	DATA	Keydown:  
283.2469999999739	DATA	Keydown:  
283.89100000006147	DATA	Keydown:  
284.4910000001546	DATA	Keydown:  
285.7310000001453	EXP	text_3: autoDraw = true
286.67500000004657	DATA	Keydown:  
286.6790000000037	EXP	text_3: autoDraw = false
286.6790000000037	EXP	Sound: secs = -1
286.6790000000037	EXP	Sound: volume = 1
286.6790000000037	EXP	Sound: loops = 0
286.6790000000037	EXP	Sound: volume = 1
289.41800000006333	DATA	Keydown:  
289.8209999999963	DATA	Keydown:  
290.2650000001304	DATA	Keydown:  
290.54200000013225	DATA	Keydown:  
291.1060000001453	DATA	Keydown:  
291.43800000008196	DATA	Keydown:  
291.90500000002794	DATA	Keydown:  
292.5830000001006	DATA	Keydown:  
293.25600000005215	DATA	Keydown:  
293.9230000001844	DATA	Keydown:  
295.4089999999851	DATA	Keydown:  
295.97299999999814	DATA	Keydown:  
296.221000000136	DATA	Keydown:  
296.3200000000652	DATA	Keydown:  
296.7260000000242	DATA	Keydown:  
297.0360000000801	DATA	Keydown:  
297.45900000003166	DATA	Keydown:  
298.04000000003725	DATA	Keydown:  
298.410000000149	DATA	Keydown:  
298.8649999999907	DATA	Keydown:  
299.37000000011176	DATA	Keydown:  
299.93599999998696	DATA	Keydown:  
300.45900000003166	DATA	Keydown:  
301.7600000000093	DATA	Keydown:  
303.50800000014715	EXP	text_3: autoDraw = true
307.1940000001341	DATA	Keydown:  
307.19900000002235	EXP	text_3: autoDraw = false
307.19900000002235	EXP	Sound: secs = -1
307.19900000002235	EXP	Sound: volume = 1
307.19900000002235	EXP	Sound: loops = 0
307.19900000002235	EXP	Sound: volume = 1
310.38199999998324	DATA	Keydown:  
310.8630000001285	DATA	Keydown:  
311.4580000001006	DATA	Keydown:  
312.02900000009686	DATA	Keydown:  
312.5700000000652	DATA	Keydown:  
313.1530000001658	DATA	Keydown:  
313.7650000001304	DATA	Keydown:  
314.4899999999907	DATA	Keydown:  
314.98200000007637	DATA	Keydown:  
315.6040000000503	DATA	Keydown:  
316.096000000136	DATA	Keydown:  
316.6360000001732	DATA	Keydown:  
317.1390000001993	DATA	Keydown:  
317.8209999999963	DATA	Keydown:  
318.4030000001658	DATA	Keydown:  
318.96100000012666	DATA	Keydown:  
319.46100000012666	DATA	Keydown:  
320.0030000000261	DATA	Keydown:  
320.59499999997206	DATA	Keydown:  
321.0200000000186	DATA	Keydown:  
321.4880000001285	DATA	Keydown:  
322.0560000000987	DATA	Keydown:  
322.7080000001006	DATA	Keydown:  
323.2650000001304	DATA	Keydown:  
324.58600000012666	EXP	text_3: autoDraw = true
360.5720000001602	DATA	Keydown:  
360.58600000012666	EXP	text_3: autoDraw = false
360.58600000012666	EXP	Sound: secs = -1
360.58600000012666	EXP	Sound: volume = 1
360.58600000012666	EXP	Sound: loops = 0
360.58600000012666	EXP	Sound: volume = 1
367.04000000003725	DATA	Keydown:  
368.59499999997206	DATA	Keydown:  
369.0850000001956	DATA	Keydown:  
369.8549999999814	DATA	Keydown:  
370.53000000002794	DATA	Keydown:  
371.06500000017695	DATA	Keydown:  
371.79000000003725	DATA	Keydown:  
372.443000000203	DATA	Keydown:  
372.9230000001844	DATA	Keydown:  
373.5490000001155	DATA	Keydown:  
374.1049999999814	DATA	Keydown:  
374.6840000001248	DATA	Keydown:  
375.48400000017136	EXP	text_3: autoDraw = true
389.6040000000503	DATA	Keydown:  
389.60700000007637	EXP	text_3: autoDraw = false
389.60700000007637	EXP	Sound: secs = -1
389.60700000007637	EXP	Sound: volume = 1
389.60700000007637	EXP	Sound: loops = 0
389.60700000007637	EXP	Sound: volume = 1
391.9650000000838	DATA	Keydown:  
392.7150000000838	DATA	Keydown:  
393.2600000000093	DATA	Keydown:  
393.68599999998696	DATA	Keydown:  
394.1710000000894	DATA	Keydown:  
394.721000000136	DATA	Keydown:  
395.0370000000112	DATA	Keydown:  
395.4240000001155	DATA	Keydown:  
395.8520000001881	DATA	Keydown:  
396.45000000018626	DATA	Keydown:  
396.73700000019744	DATA	Keydown:  
397.2530000000261	DATA	Keydown:  
397.75400000019	DATA	Keydown:  
398.19800000009127	DATA	Keydown:  
398.6350000000093	DATA	Keydown:  
399.0810000000056	DATA	Keydown:  
399.5030000000261	DATA	Keydown:  
400.04000000003725	DATA	Keydown:  
400.44100000010803	EXP	text_3: autoDraw = true
403.0010000001639	DATA	Keydown:  
403.00400000019	EXP	text_3: autoDraw = false
403.00400000019	EXP	Sound: secs = -1
403.00400000019	EXP	Sound: volume = 1
403.00400000019	EXP	Sound: loops = 0
403.00400000019	EXP	Sound: volume = 1
405.0200000000186	DATA	Keydown:  
405.5580000001937	DATA	Keydown:  
405.96100000012666	DATA	Keydown:  
406.3850000000093	DATA	Keydown:  
406.9880000001285	DATA	Keydown:  
407.5670000000391	DATA	Keydown:  
408.0920000001788	DATA	Keydown:  
408.7180000001099	DATA	Keydown:  
409.33400000003166	DATA	Keydown:  
410.25400000019	DATA	Keydown:  
410.4540000001434	DATA	Keydown:  
411.0540000000037	DATA	Keydown:  
411.6130000001285	DATA	Keydown:  
412.0910000000149	DATA	Keydown:  
412.8170000000391	DATA	Keydown:  
413.3300000000745	DATA	Keydown:  
413.8310000000056	DATA	Keydown:  
414.4459999999963	DATA	Keydown:  
415.01900000008754	DATA	Keydown:  
415.6370000001043	DATA	Keydown:  
416.2040000001434	DATA	Keydown:  
416.5490000001155	EXP	text_3: autoDraw = true
417.72299999999814	DATA	Keydown:  
417.7290000000503	EXP	text_3: autoDraw = false
417.7290000000503	EXP	Sound: secs = -1
417.7290000000503	EXP	Sound: volume = 1
417.7290000000503	EXP	Sound: loops = 0
417.7290000000503	EXP	Sound: volume = 1
420.16800000006333	DATA	Keydown:  
420.6280000000261	DATA	Keydown:  
421.12000000011176	DATA	Keydown:  
422.2310000001453	DATA	Keydown:  
422.7939999999944	DATA	Keydown:  
423.2180000001099	DATA	Keydown:  
423.8200000000652	DATA	Keydown:  
424.469000000041	DATA	Keydown:  
424.8640000000596	DATA	Keydown:  
425.502000000095	DATA	Keydown:  
426.0930000001099	DATA	Keydown:  
426.76800000015646	DATA	Keydown:  
427.51900000008754	DATA	Keydown:  
428.0790000001434	DATA	Keydown:  
428.8080000001937	DATA	Keydown:  
429.45000000018626	DATA	Keydown:  
430.0200000000186	DATA	Keydown:  
430.8190000001341	DATA	Keydown:  
431.2360000000335	DATA	Keydown:  
431.95200000004843	DATA	Keydown:  
432.40200000000186	DATA	Keydown:  
433	DATA	Keydown:  
433.5260000000708	DATA	Keydown:  
434.0820000001695	DATA	Keydown:  
434.87000000011176	DATA	Keydown:  
436.18000000016764	EXP	text_3: autoDraw = true
437.23500000010245	DATA	Keydown:  
437.252000000095	EXP	text_3: autoDraw = false
437.252000000095	EXP	Sound: secs = -1
437.252000000095	EXP	Sound: volume = 1
437.252000000095	EXP	Sound: loops = 0
437.252000000095	EXP	Sound: volume = 1
440.34900000016205	DATA	Keydown:  
440.818000000203	DATA	Keydown:  
441.4470000001602	DATA	Keydown:  
442.10000000009313	DATA	Keydown:  
442.76900000008754	DATA	Keydown:  
443.25400000019	DATA	Keydown:  
443.83400000003166	DATA	Keydown:  
444.4340000001248	DATA	Keydown:  
444.969000000041	DATA	Keydown:  
445.5250000001397	DATA	Keydown:  
446.0920000001788	DATA	Keydown:  
446.7360000000335	DATA	Keydown:  
447.3350000001956	DATA	Keydown:  
447.90200000000186	DATA	Keydown:  
448.55200000014156	DATA	Keydown:  
449.1970000001602	DATA	Keydown:  
449.80300000007264	DATA	Keydown:  
450.5439999999944	DATA	Keydown:  
451.0490000001155	DATA	Keydown:  
451.6850000000559	DATA	Keydown:  
452.26900000008754	DATA	Keydown:  
453.7490000000689	EXP	text_3: autoDraw = true
454.9210000000894	DATA	Keydown:  
454.9350000000559	EXP	text_3: autoDraw = false
454.9350000000559	EXP	Sound: secs = -1
454.9350000000559	EXP	Sound: volume = 1
454.9350000000559	EXP	Sound: loops = 0
454.9350000000559	EXP	Sound: volume = 1
457.9189999999944	DATA	Keydown:  
458.285000000149	DATA	Keydown:  
458.9580000001006	DATA	Keydown:  
459.7360000000335	DATA	Keydown:  
460.55000000004657	DATA	Keydown:  
461.32600000011735	DATA	Keydown:  
462.14300000015646	DATA	Keydown:  
462.943000000203	DATA	Keydown:  
463.75	DATA	Keydown:  
464.6380000000354	DATA	Keydown:  
465.4420000000391	DATA	Keydown:  
466.1140000000596	DATA	Keydown:  
466.97200000006706	DATA	Keydown:  
467.63300000014715	DATA	Keydown:  
468.40200000000186	DATA	Keydown:  
469.1689999999944	DATA	Keydown:  
470.0010000001639	DATA	Keydown:  
470.6489999999758	DATA	Keydown:  
471.410000000149	DATA	Keydown:  
472.8980000000447	DATA	Keydown:  
474.07300000009127	EXP	text_3: autoDraw = true
475.02700000000186	DATA	Keydown:  
475.0380000001751	EXP	text_3: autoDraw = false
475.0380000001751	EXP	Sound: secs = -1
475.0380000001751	EXP	Sound: volume = 1
475.0380000001751	EXP	Sound: loops = 0
475.0380000001751	EXP	Sound: volume = 1
476.98300000000745	DATA	Keydown:  
477.49800000013784	DATA	Keydown:  
478.0879999999888	DATA	Keydown:  
478.8070000000298	DATA	Keydown:  
479.3660000001546	DATA	Keydown:  
480.2939999999944	DATA	Keydown:  
481.0100000000093	DATA	Keydown:  
481.55200000014156	DATA	Keydown:  
482.6240000000689	DATA	Keydown:  
483.3200000000652	DATA	Keydown:  
484.0830000001006	DATA	Keydown:  
484.95000000018626	DATA	Keydown:  
485.63400000007823	DATA	Keydown:  
486.5380000001751	DATA	Keydown:  
487.0670000000391	DATA	Keydown:  
487.8670000000857	DATA	Keydown:  
488.8300000000745	DATA	Keydown:  
489.4910000001546	DATA	Keydown:  
490.318000000203	DATA	Keydown:  
491.2180000001099	DATA	Keydown:  
491.908000000054	DATA	Keydown:  
492.7700000000186	DATA	Keydown:  
492.93900000001304	EXP	text_3: autoDraw = true
493.98200000007637	DATA	Keydown:  
493.9890000000596	EXP	text_3: autoDraw = false
493.9890000000596	EXP	Sound: secs = -1
493.9890000000596	EXP	Sound: volume = 1
493.9890000000596	EXP	Sound: loops = 0
493.9890000000596	EXP	Sound: volume = 1
496.9910000001546	DATA	Keydown:  
497.6190000001807	DATA	Keydown:  
498.3980000000447	DATA	Keydown:  
499.03000000002794	DATA	Keydown:  
499.79300000006333	DATA	Keydown:  
500.69900000002235	DATA	Keydown:  
501.5450000001583	DATA	Keydown:  
502.3070000000298	DATA	Keydown:  
503.05500000016764	DATA	Keydown:  
503.8900000001304	DATA	Keydown:  
504.4120000000112	DATA	Keydown:  
504.47400000016205	DATA	Keydown:  
504.4990000000689	DATA	Keydown:  
504.75	DATA	Keydown:  
505.6500000001397	DATA	Keydown:  
506.43000000016764	DATA	Keydown:  
507.2839999999851	DATA	Keydown:  
508.1010000000242	DATA	Keydown:  
508.8740000000689	DATA	Keydown:  
509.74300000001676	DATA	Keydown:  
510.57500000018626	DATA	Keydown:  
511.3670000000857	DATA	Keydown:  
512.2640000001993	DATA	Keydown:  
514.2770000000019	EXP	text_3: autoDraw = true
515.2590000000782	DATA	Keydown:  
515.2739999999758	EXP	text_3: autoDraw = false
515.2739999999758	EXP	Sound: secs = -1
515.2739999999758	EXP	Sound: volume = 1
515.2739999999758	EXP	Sound: loops = 0
515.2739999999758	EXP	Sound: volume = 1
517.5050000001211	DATA	Keydown:  
518.1820000000298	DATA	Keydown:  
518.7490000000689	DATA	Keydown:  
519.5620000001509	DATA	Keydown:  
520.2550000001211	DATA	Keydown:  
521.1680000000633	DATA	Keydown:  
521.8930000001565	DATA	Keydown:  
522.8209999999963	DATA	Keydown:  
523.5210000001825	DATA	Keydown:  
524.4960000000428	DATA	Keydown:  
525.3000000000466	DATA	Keydown:  
526.0560000000987	DATA	Keydown:  
526.910000000149	DATA	Keydown:  
527.6040000000503	DATA	Keydown:  
528.4089999999851	DATA	Keydown:  
529.2290000000503	DATA	Keydown:  
530.0180000001565	DATA	Keydown:  
530.6670000001322	DATA	Keydown:  
531.4300000001676	DATA	Keydown:  
532.5310000001919	EXP	text_3: autoDraw = true
533.4950000001118	DATA	Keydown:  
533.5110000001732	EXP	text_3: autoDraw = false
533.5110000001732	EXP	Sound: secs = -1
533.5110000001732	EXP	Sound: volume = 1
533.5110000001732	EXP	Sound: loops = 0
533.5110000001732	EXP	Sound: volume = 1
536.5220000001136	DATA	Keydown:  
537.0120000001043	DATA	Keydown:  
537.7490000000689	DATA	Keydown:  
538.1360000001732	DATA	Keydown:  
538.6610000000801	DATA	Keydown:  
539.1460000001825	DATA	Keydown:  
539.6750000000466	DATA	Keydown:  
540.1959999999963	DATA	Keydown:  
540.8260000001173	DATA	Keydown:  
541.2469999999739	DATA	Keydown:  
541.7450000001118	DATA	Keydown:  
542.2630000000354	DATA	Keydown:  
542.75400000019	DATA	Keydown:  
543.2990000001155	DATA	Keydown:  
543.7820000001229	DATA	Keydown:  
544.3300000000745	DATA	Keydown:  
544.8209999999963	DATA	Keydown:  
545.3610000000335	DATA	Keydown:  
545.8680000000168	DATA	Keydown:  
546.5110000001732	DATA	Keydown:  
547.5520000001416	EXP	text_3: autoDraw = true
548.315000000177	DATA	Keydown:  
548.3370000000577	EXP	text_3: autoDraw = false
548.3370000000577	EXP	Sound: secs = -1
548.3370000000577	EXP	Sound: volume = 1
548.3370000000577	EXP	Sound: loops = 0
548.3370000000577	EXP	Sound: volume = 1
550.4780000001192	DATA	Keydown:  
550.9990000000689	DATA	Keydown:  
551.7450000001118	DATA	Keydown:  
552.5260000000708	DATA	Keydown:  
553.1730000001844	DATA	Keydown:  
553.8870000001043	DATA	Keydown:  
554.6689999999944	DATA	Keydown:  
555.4540000001434	DATA	Keydown:  
556.1640000001062	DATA	Keydown:  
556.971000000136	DATA	Keydown:  
557.7280000001192	DATA	Keydown:  
558.5460000000894	DATA	Keydown:  
559.1080000000075	DATA	Keydown:  
559.8479999999981	DATA	Keydown:  
560.4620000000577	DATA	Keydown:  
561.2290000000503	DATA	Keydown:  
562.0110000001732	DATA	Keydown:  
562.7199999999721	DATA	Keydown:  
563.6350000000093	DATA	Keydown:  
564.3320000001695	DATA	Keydown:  
565.25400000019	EXP	text_3: autoDraw = true
566.2450000001118	DATA	Keydown:  
566.25	EXP	text_3: autoDraw = false
566.25	EXP	Sound: secs = -1
566.25	EXP	Sound: volume = 1
566.25	EXP	Sound: loops = 0
566.25	EXP	Sound: volume = 1
568.410000000149	DATA	Keydown:  
568.8850000000093	DATA	Keydown:  
569.4699999999721	DATA	Keydown:  
570.3590000001714	DATA	Keydown:  
571.0790000001434	DATA	Keydown:  
571.8520000001881	DATA	Keydown:  
572.5910000000149	DATA	Keydown:  
573.4480000000913	DATA	Keydown:  
574.1300000001211	DATA	Keydown:  
575.0800000000745	DATA	Keydown:  
575.8649999999907	DATA	Keydown:  
576.6450000000186	DATA	Keydown:  
577.4270000001416	DATA	Keydown:  
578.3100000000559	DATA	Keydown:  
579.1620000000112	DATA	Keydown:  
579.8930000001565	DATA	Keydown:  
580.7910000002012	DATA	Keydown:  
581.5820000001695	DATA	Keydown:  
582.3810000000522	DATA	Keydown:  
583.2920000001322	DATA	Keydown:  
584.1920000000391	EXP	text_3: autoDraw = true
585.0670000000391	DATA	Keydown:  
585.0709999999963	EXP	text_3: autoDraw = false
585.0709999999963	EXP	Sound: secs = -1
585.0709999999963	EXP	Sound: volume = 1
585.0709999999963	EXP	Sound: loops = 0
585.0709999999963	EXP	Sound: volume = 1
588.1219999999739	DATA	Keydown:  
588.6080000000075	DATA	Keydown:  
589.3580000000075	DATA	Keydown:  
590.1190000001807	DATA	Keydown:  
590.846000000136	DATA	Keydown:  
591.8890000001993	DATA	Keydown:  
592.6460000001825	DATA	Keydown:  
593.443000000203	DATA	Keydown:  
594.1060000001453	DATA	Keydown:  
594.9850000001024	DATA	Keydown:  
595.8950000000186	DATA	Keydown:  
596.5700000000652	DATA	Keydown:  
597.5949999999721	DATA	Keydown:  
598.2320000000764	DATA	Keydown:  
598.9250000000466	DATA	Keydown:  
599.810999999987	DATA	Keydown:  
600.6570000001229	DATA	Keydown:  
601.3170000000391	DATA	Keydown:  
602.1240000000689	DATA	Keydown:  
602.9830000000075	DATA	Keydown:  
603.6589999999851	EXP	text_3: autoDraw = true
604.568000000203	DATA	Keydown:  
604.594000000041	EXP	text_3: autoDraw = false
604.594000000041	EXP	Sound: secs = -1
604.594000000041	EXP	Sound: volume = 1
604.594000000041	EXP	Sound: loops = 0
604.594000000041	EXP	Sound: volume = 1
607.0930000001099	DATA	Keydown:  
607.8930000001565	DATA	Keydown:  
608.3590000001714	DATA	Keydown:  
608.9950000001118	DATA	Keydown:  
609.7320000000764	DATA	Keydown:  
610.375	DATA	Keydown:  
610.9560000000056	DATA	Keydown:  
611.7330000000075	DATA	Keydown:  
612.2590000000782	DATA	Keydown:  
612.8919999999925	DATA	Keydown:  
613.6219999999739	DATA	Keydown:  
614.1980000000913	DATA	Keydown:  
614.9790000000503	DATA	Keydown:  
615.7160000000149	DATA	Keydown:  
616.6090000001714	DATA	Keydown:  
617.0690000001341	DATA	Keydown:  
617.6730000001844	DATA	Keydown:  
618.4300000001676	DATA	Keydown:  
619.1149999999907	DATA	Keydown:  
620.0890000001527	EXP	text_3: autoDraw = true
621.0720000001602	DATA	Keydown:  
621.0840000000317	EXP	text_3: autoDraw = false
621.0840000000317	EXP	Sound: secs = -1
621.0840000000317	EXP	Sound: volume = 1
621.0840000000317	EXP	Sound: loops = 0
621.0840000000317	EXP	Sound: volume = 1
624.4510000001173	DATA	Keydown:  
625.096000000136	DATA	Keydown:  
625.7100000001956	DATA	Keydown:  
626.3549999999814	DATA	Keydown:  
626.939000000013	DATA	Keydown:  
627.4130000001751	DATA	Keydown:  
627.9940000001807	DATA	Keydown:  
628.4610000001267	DATA	Keydown:  
629.0790000001434	DATA	Keydown:  
629.690000000177	DATA	Keydown:  
630.2780000001658	DATA	Keydown:  
630.8320000001695	DATA	Keydown:  
631.3940000000875	DATA	Keydown:  
631.9600000001956	DATA	Keydown:  
632.5930000001099	DATA	Keydown:  
633.2440000001807	DATA	Keydown:  
633.8240000000224	DATA	Keydown:  
634.3270000000484	DATA	Keydown:  
634.8610000000335	DATA	Keydown:  
635.4830000000075	DATA	Keydown:  
637.6319999999832	EXP	text_3: autoDraw = true
639.0069999999832	DATA	Keydown:  
639.0300000000279	EXP	text_3: autoDraw = false
639.0300000000279	EXP	Sound: secs = -1
639.0300000000279	EXP	Sound: volume = 1
639.0300000000279	EXP	Sound: loops = 0
639.0300000000279	EXP	Sound: volume = 1
641.8840000000782	DATA	Keydown:  
642.7939999999944	DATA	Keydown:  
643.7970000000205	DATA	Keydown:  
644.4320000000298	DATA	Keydown:  
645.1730000001844	DATA	Keydown:  
646.1400000001304	DATA	Keydown:  
647.0050000001211	DATA	Keydown:  
648.2560000000522	DATA	Keydown:  
649.1759999999776	DATA	Keydown:  
650.1800000001676	DATA	Keydown:  
651.0879999999888	DATA	Keydown:  
652.0169999999925	DATA	Keydown:  
653.1810000000987	DATA	Keydown:  
654.2010000001173	DATA	Keydown:  
655.2800000000279	DATA	Keydown:  
656.1770000001416	DATA	Keydown:  
657.2280000001192	DATA	Keydown:  
658.2450000001118	DATA	Keydown:  
659.1550000000279	DATA	Keydown:  
659.9280000000726	DATA	Keydown:  
660.9770000001881	DATA	Keydown:  
662.4980000001378	DATA	Keydown:  
663.0430000000633	DATA	Keydown:  
664.5320000001229	EXP	text_3: autoDraw = true
665.7010000001173	DATA	Keydown:  
665.7060000000056	EXP	text_3: autoDraw = false
665.7060000000056	EXP	Sound: secs = -1
665.7060000000056	EXP	Sound: volume = 1
665.7060000000056	EXP	Sound: loops = 0
665.7060000000056	EXP	Sound: volume = 1
668.5100000000093	DATA	Keydown:  
668.9729999999981	DATA	Keydown:  
669.6640000001062	DATA	Keydown:  
670.3100000000559	DATA	Keydown:  
671.1759999999776	DATA	Keydown:  
671.940000000177	DATA	Keydown:  
672.625	DATA	Keydown:  
673.3340000000317	DATA	Keydown:  
674.2100000001956	DATA	Keydown:  
674.7469999999739	DATA	Keydown:  
675.5	DATA	Keydown:  
676.1970000001602	DATA	Keydown:  
677.0509999999776	DATA	Keydown:  
677.8250000001863	DATA	Keydown:  
678.471000000136	DATA	Keydown:  
679.2199999999721	DATA	Keydown:  
679.939000000013	DATA	Keydown:  
680.6070000000764	DATA	Keydown:  
681.5160000000615	DATA	Keydown:  
682.0740000000224	DATA	Keydown:  
682.7900000000373	DATA	Keydown:  
683.7000000001863	EXP	text_3: autoDraw = true
685.2410000001546	DATA	Keydown:  
685.252000000095	EXP	text_3: autoDraw = false
685.252000000095	EXP	Sound: secs = -1
685.252000000095	EXP	Sound: volume = 1
685.252000000095	EXP	Sound: loops = 0
685.252000000095	EXP	Sound: volume = 1
687.4969999999739	DATA	Keydown:  
688.002000000095	DATA	Keydown:  
688.7150000000838	DATA	Keydown:  
689.3610000000335	DATA	Keydown:  
689.9300000001676	DATA	Keydown:  
690.7360000000335	DATA	Keydown:  
691.7910000002012	DATA	Keydown:  
692.4350000000559	DATA	Keydown:  
693.1030000001192	DATA	Keydown:  
693.9030000001658	DATA	Keydown:  
694.6630000001751	DATA	Keydown:  
695.5410000002012	DATA	Keydown:  
696.1689999999944	DATA	Keydown:  
697.1049999999814	DATA	Keydown:  
698.0910000000149	DATA	Keydown:  
698.9910000001546	DATA	Keydown:  
699.940000000177	DATA	Keydown:  
700.8020000001416	DATA	Keydown:  
701.7350000001024	EXP	text_3: autoDraw = true
702.9250000000466	DATA	Keydown:  
702.9580000001006	EXP	text_3: autoDraw = false
702.9580000001006	EXP	Sound: secs = -1
702.9580000001006	EXP	Sound: volume = 1
702.9580000001006	EXP	Sound: loops = 0
702.9580000001006	EXP	Sound: volume = 1
705.3570000000764	DATA	Keydown:  
705.8980000000447	DATA	Keydown:  
706.7580000001471	DATA	Keydown:  
707.4270000001416	DATA	Keydown:  
708.2610000001732	DATA	Keydown:  
709.2890000001062	DATA	Keydown:  
710.3930000001565	DATA	Keydown:  
711.0239999999758	DATA	Keydown:  
711.5580000001937	DATA	Keydown:  
712.1750000000466	DATA	Keydown:  
712.6570000001229	DATA	Keydown:  
713.4729999999981	DATA	Keydown:  
714.2420000000857	DATA	Keydown:  
715.0550000001676	DATA	Keydown:  
715.9490000000224	DATA	Keydown:  
716.6030000001192	EXP	text_3: autoDraw = true
717.6830000001937	DATA	Keydown:  
717.7060000000056	EXP	text_3: autoDraw = false
717.7060000000056	EXP	Sound: secs = -1
717.7060000000056	EXP	Sound: volume = 1
717.7060000000056	EXP	Sound: loops = 0
717.7060000000056	EXP	Sound: volume = 1
720.9890000000596	DATA	Keydown:  
721.3290000001434	DATA	Keydown:  
721.9140000001062	DATA	Keydown:  
722.4590000000317	DATA	Keydown:  
723.1940000001341	DATA	Keydown:  
723.7180000001099	DATA	Keydown:  
724.2040000001434	DATA	Keydown:  
724.8360000001267	DATA	Keydown:  
725.7280000001192	DATA	Keydown:  
726.191000000108	DATA	Keydown:  
726.9729999999981	DATA	Keydown:  
727.3660000001546	DATA	Keydown:  
727.941000000108	DATA	Keydown:  
728.4310000000987	DATA	Keydown:  
729.0100000000093	DATA	Keydown:  
729.564000000013	DATA	Keydown:  
730.1550000000279	DATA	Keydown:  
730.814000000013	DATA	Keydown:  
730.940000000177	DATA	Keydown:  
731.5570000000298	DATA	Keydown:  
733.0830000001006	EXP	text_3: autoDraw = true
733.8400000000838	DATA	Keydown:  
733.8570000000764	EXP	text_3: autoDraw = false
733.8570000000764	EXP	Sound: secs = -1
733.8570000000764	EXP	Sound: volume = 1
733.8570000000764	EXP	Sound: loops = 0
733.8570000000764	EXP	Sound: volume = 1
737.2860000000801	DATA	Keydown:  
737.8870000001043	DATA	Keydown:  
738.6070000000764	DATA	Keydown:  
739.7440000001807	DATA	Keydown:  
740.2900000000373	DATA	Keydown:  
741.1940000001341	DATA	Keydown:  
741.972000000067	DATA	Keydown:  
742.814000000013	DATA	Keydown:  
743.6689999999944	DATA	Keydown:  
744.2939999999944	DATA	Keydown:  
745.1040000000503	DATA	Keydown:  
745.969000000041	DATA	Keydown:  
746.721000000136	DATA	Keydown:  
747.5030000000261	DATA	Keydown:  
748.191000000108	DATA	Keydown:  
748.9860000000335	DATA	Keydown:  
749.8730000001378	DATA	Keydown:  
750.7550000001211	DATA	Keydown:  
751.5550000001676	DATA	Keydown:  
753.877000000095	EXP	text_3: autoDraw = true
754.940000000177	DATA	Keydown:  
754.9510000001173	EXP	text_3: autoDraw = false
754.9510000001173	EXP	Sound: secs = -1
754.9510000001173	EXP	Sound: volume = 1
754.9510000001173	EXP	Sound: loops = 0
754.9510000001173	EXP	Sound: volume = 1
757.3530000001192	DATA	Keydown:  
758.5360000000801	DATA	Keydown:  
759.1589999999851	DATA	Keydown:  
759.9590000000317	DATA	Keydown:  
761	DATA	Keydown:  
761.846000000136	DATA	Keydown:  
762.6550000000279	DATA	Keydown:  
763.471000000136	DATA	Keydown:  
764.25	DATA	Keydown:  
764.9980000001378	DATA	Keydown:  
765.7690000000875	DATA	Keydown:  
766.5530000000726	DATA	Keydown:  
767.5140000001993	DATA	Keydown:  
768.2730000000447	DATA	Keydown:  
769.2839999999851	DATA	Keydown:  
770.0700000000652	DATA	Keydown:  
770.719000000041	DATA	Keydown:  
771.7560000000522	DATA	Keydown:  
772.5050000001211	DATA	Keydown:  
773.185999999987	DATA	Keydown:  
773.8190000001341	EXP	text_3: autoDraw = true
774.5310000001919	DATA	Keydown:  
774.5570000000298	EXP	text_3: autoDraw = false
774.5570000000298	EXP	Sound: secs = -1
774.5570000000298	EXP	Sound: volume = 1
774.5570000000298	EXP	Sound: loops = 0
774.5570000000298	EXP	Sound: volume = 1
777.2900000000373	DATA	Keydown:  
778	DATA	Keydown:  
778.5050000001211	DATA	Keydown:  
779.2050000000745	DATA	Keydown:  
779.8120000001509	DATA	Keydown:  
780.3700000001118	DATA	Keydown:  
781.0110000001732	DATA	Keydown:  
781.6620000000112	DATA	Keydown:  
782.5509999999776	DATA	Keydown:  
782.9370000001509	DATA	Keydown:  
783.6780000000726	DATA	Keydown:  
784.2610000001732	DATA	Keydown:  
785.0190000000875	DATA	Keydown:  
785.6550000000279	DATA	Keydown:  
786.2970000000205	DATA	Keydown:  
786.9810000001453	DATA	Keydown:  
787.5390000001062	DATA	Keydown:  
788.1190000001807	DATA	Keydown:  
788.722000000067	DATA	Keydown:  
789.4280000000726	DATA	Keydown:  
791.065000000177	EXP	text_3: autoDraw = true
792.8449999999721	DATA	Keydown:  
792.8500000000931	EXP	text_3: autoDraw = false
792.8500000000931	EXP	Sound: secs = -1
792.8500000000931	EXP	Sound: volume = 1
792.8500000000931	EXP	Sound: loops = 0
792.8500000000931	EXP	Sound: volume = 1
794.9250000000466	DATA	Keydown:  
795.7370000001974	DATA	Keydown:  
796.5120000001043	DATA	Keydown:  
797.346000000136	DATA	Keydown:  
798.1520000000019	DATA	Keydown:  
798.5500000000466	DATA	Keydown:  
799.6870000001509	DATA	Keydown:  
800.2890000001062	DATA	Keydown:  
801.0690000001341	DATA	Keydown:  
801.8370000000577	DATA	Keydown:  
802.6170000000857	DATA	Keydown:  
803.3200000000652	DATA	Keydown:  
804.0150000001304	DATA	Keydown:  
804.5069999999832	DATA	Keydown:  
805.2669999999925	DATA	Keydown:  
805.8530000001192	DATA	Keydown:  
806.6049999999814	DATA	Keydown:  
806.9950000001118	DATA	Keydown:  
807.6680000000633	DATA	Keydown:  
808.313000000082	DATA	Keydown:  
808.847000000067	DATA	Keydown:  
809.4540000001434	DATA	Keydown:  
810.2870000000112	DATA	Keydown:  
810.9210000000894	DATA	Keydown:  
811.6800000001676	DATA	Keydown:  
812.1210000000428	DATA	Keydown:  
813.3970000001136	DATA	Keydown:  
813.9120000000112	DATA	Keydown:  
814.5050000001211	DATA	Keydown:  
815.2780000001658	DATA	Keydown:  
816.1170000000857	DATA	Keydown:  
816.9980000001378	DATA	Keydown:  
817.535000000149	DATA	Keydown:  
817.8250000001863	EXP	text_3: autoDraw = true
819.0270000000019	DATA	Keydown:  
819.0310000001919	EXP	text_3: autoDraw = false
819.0310000001919	EXP	Sound: secs = -1
819.0310000001919	EXP	Sound: volume = 1
819.0310000001919	EXP	Sound: loops = 0
819.0310000001919	EXP	Sound: volume = 1
822.563000000082	DATA	Keydown:  
823.1520000000019	DATA	Keydown:  
823.8379999999888	DATA	Keydown:  
824.4620000000577	DATA	Keydown:  
825.908000000054	DATA	Keydown:  
826.5250000001397	DATA	Keydown:  
827.2580000001471	DATA	Keydown:  
828.0339999999851	DATA	Keydown:  
828.6990000000224	DATA	Keydown:  
829.2680000001565	DATA	Keydown:  
830.1100000001024	DATA	Keydown:  
830.721000000136	DATA	Keydown:  
831.2960000000894	DATA	Keydown:  
831.9480000000913	DATA	Keydown:  
832.9950000001118	DATA	Keydown:  
833.471000000136	DATA	Keydown:  
834.1959999999963	DATA	Keydown:  
834.8370000000577	DATA	Keydown:  
835.5500000000466	DATA	Keydown:  
837.2990000001155	EXP	text_3: autoDraw = true
838.2730000000447	DATA	Keydown:  
838.2780000001658	EXP	text_3: autoDraw = false
838.2780000001658	EXP	Sound: secs = -1
838.2780000001658	EXP	Sound: volume = 1
838.2780000001658	EXP	Sound: loops = 0
838.2780000001658	EXP	Sound: volume = 1
841.0509999999776	DATA	Keydown:  
841.564000000013	DATA	Keydown:  
842.0620000001509	DATA	Keydown:  
842.685999999987	DATA	Keydown:  
843.3850000000093	DATA	Keydown:  
844.221000000136	DATA	Keydown:  
844.7590000000782	DATA	Keydown:  
845.3070000000298	DATA	Keydown:  
846.0160000000615	DATA	Keydown:  
846.7430000000168	DATA	Keydown:  
847.4200000001583	DATA	Keydown:  
848.0380000001751	DATA	Keydown:  
848.5770000000484	DATA	Keydown:  
849.2640000001993	DATA	Keydown:  
849.9010000000708	DATA	Keydown:  
850.474000000162	DATA	Keydown:  
851.0620000001509	DATA	Keydown:  
851.785000000149	DATA	Keydown:  
852.4880000001285	DATA	Keydown:  
853.4330000001937	EXP	text_3: autoDraw = true
854.3340000000317	DATA	Keydown:  
854.3410000000149	EXP	text_3: autoDraw = false
854.3410000000149	EXP	Sound: secs = -1
854.3410000000149	EXP	Sound: volume = 1
854.3410000000149	EXP	Sound: loops = 0
854.3410000000149	EXP	Sound: volume = 1
857.5860000001267	DATA	Keydown:  
858.2610000001732	DATA	Keydown:  
858.8330000001006	DATA	Keydown:  
859.408000000054	DATA	Keydown:  
860.1700000001583	DATA	Keydown:  
860.8670000000857	DATA	Keydown:  
861.5	DATA	Keydown:  
862.5150000001304	DATA	Keydown:  
863.5239999999758	DATA	Keydown:  
864.3649999999907	DATA	Keydown:  
865.1520000000019	DATA	Keydown:  
865.9590000000317	DATA	Keydown:  
866.6750000000466	DATA	Keydown:  
867.6480000000447	DATA	Keydown:  
868.7510000001639	DATA	Keydown:  
869.6219999999739	DATA	Keydown:  
870.5110000001732	DATA	Keydown:  
871.1589999999851	DATA	Keydown:  
871.846000000136	DATA	Keydown:  
872.6140000000596	DATA	Keydown:  
873.4840000001714	DATA	Keydown:  
874.4450000000652	DATA	Keydown:  
875.1840000001248	DATA	Keydown:  
875.9840000001714	DATA	Keydown:  
876.9280000000726	DATA	Keydown:  
878.8090000001248	EXP	text_3: autoDraw = true
879.9290000000037	DATA	Keydown:  
879.9340000001248	EXP	text_3: autoDraw = false
879.9340000001248	EXP	Sound: secs = -1
879.9340000001248	EXP	Sound: volume = 1
879.9340000001248	EXP	Sound: loops = 0
879.9340000001248	EXP	Sound: volume = 1
882.1689999999944	DATA	Keydown:  
882.6489999999758	DATA	Keydown:  
883.0470000000205	DATA	Keydown:  
883.5460000000894	DATA	Keydown:  
883.875	DATA	Keydown:  
884.3980000000447	DATA	Keydown:  
884.8170000000391	DATA	Keydown:  
885.375	DATA	Keydown:  
885.8120000001509	DATA	Keydown:  
886.3970000001136	DATA	Keydown:  
886.8270000000484	DATA	Keydown:  
887.283000000054	DATA	Keydown:  
887.7530000000261	DATA	Keydown:  
888.3810000000522	DATA	Keydown:  
888.8960000001825	DATA	Keydown:  
889.2810000001919	DATA	Keydown:  
889.8260000001173	DATA	Keydown:  
890.314000000013	DATA	Keydown:  
890.7380000001285	DATA	Keydown:  
891.2060000000056	DATA	Keydown:  
892.1390000001993	EXP	text_3: autoDraw = true
892.9629999999888	DATA	Keydown:  
892.9650000000838	EXP	text_3: autoDraw = false
892.9650000000838	EXP	Sound: secs = -1
892.9650000000838	EXP	Sound: volume = 1
892.9650000000838	EXP	Sound: loops = 0
892.9650000000838	EXP	Sound: volume = 1
896.25	DATA	Keydown:  
896.9140000001062	DATA	Keydown:  
897.6000000000931	DATA	Keydown:  
898.3830000001471	DATA	Keydown:  
899.1470000001136	DATA	Keydown:  
899.8960000001825	DATA	Keydown:  
900.685999999987	DATA	Keydown:  
901.6390000001993	DATA	Keydown:  
902.310999999987	DATA	Keydown:  
903.0800000000745	DATA	Keydown:  
903.847000000067	DATA	Keydown:  
904.7150000000838	DATA	Keydown:  
905.3500000000931	DATA	Keydown:  
906.0760000001173	DATA	Keydown:  
906.8070000000298	DATA	Keydown:  
907.5509999999776	DATA	Keydown:  
908.3270000000484	DATA	Keydown:  
910.0720000001602	EXP	text_3: autoDraw = true
911.3910000000615	DATA	Keydown:  
911.3960000001825	EXP	text_3: autoDraw = false
911.3960000001825	EXP	Sound: secs = -1
911.3960000001825	EXP	Sound: volume = 1
911.3960000001825	EXP	Sound: loops = 0
911.3960000001825	EXP	Sound: volume = 1
913.9220000000205	DATA	Keydown:  
914.5450000001583	DATA	Keydown:  
915.1350000000093	DATA	Keydown:  
915.7330000000075	DATA	Keydown:  
916.3900000001304	DATA	Keydown:  
917.0470000000205	DATA	Keydown:  
917.5830000001006	DATA	Keydown:  
918.1820000000298	DATA	Keydown:  
918.7569999999832	DATA	Keydown:  
919.4170000001322	DATA	Keydown:  
919.9899999999907	DATA	Keydown:  
920.5570000000298	DATA	Keydown:  
921.1440000000875	DATA	Keydown:  
921.8310000000056	DATA	Keydown:  
922.3980000000447	DATA	Keydown:  
922.9480000000913	DATA	Keydown:  
923.5860000001267	DATA	Keydown:  
924.3120000001509	DATA	Keydown:  
924.847000000067	DATA	Keydown:  
925.3000000000466	DATA	Keydown:  
925.8410000000149	EXP	text_3: autoDraw = true
926.6650000000373	DATA	Keydown:  
926.6800000001676	EXP	text_3: autoDraw = false
926.6800000001676	EXP	Sound: secs = -1
926.6800000001676	EXP	Sound: volume = 1
926.6800000001676	EXP	Sound: loops = 0
926.6800000001676	EXP	Sound: volume = 1
929.4259999999776	DATA	Keydown:  
929.8500000000931	DATA	Keydown:  
930.785000000149	DATA	Keydown:  
931.4870000001974	DATA	Keydown:  
932.3300000000745	DATA	Keydown:  
933.1400000001304	DATA	Keydown:  
934.0860000001267	DATA	Keydown:  
934.7660000000615	DATA	Keydown:  
935.6000000000931	DATA	Keydown:  
936.3420000001788	DATA	Keydown:  
937.1780000000726	DATA	Keydown:  
937.9189999999944	DATA	Keydown:  
938.8080000001937	DATA	Keydown:  
939.6149999999907	DATA	Keydown:  
940.4960000000428	DATA	Keydown:  
941.2650000001304	DATA	Keydown:  
941.9770000001881	DATA	Keydown:  
942.7660000000615	DATA	Keydown:  
943.5779999999795	DATA	Keydown:  
944.5520000001416	DATA	Keydown:  
945.2150000000838	DATA	Keydown:  
946.1190000001807	EXP	text_3: autoDraw = true
947.6100000001024	DATA	Keydown:  
947.6210000000428	EXP	text_3: autoDraw = false
947.6210000000428	EXP	Sound: secs = -1
947.6210000000428	EXP	Sound: volume = 1
947.6210000000428	EXP	Sound: loops = 0
947.6210000000428	EXP	Sound: volume = 1
949.846000000136	DATA	Keydown:  
950.8009999999776	DATA	Keydown:  
951.5560000000987	DATA	Keydown:  
952.4840000001714	DATA	Keydown:  
953.1740000001155	DATA	Keydown:  
953.7460000000428	DATA	Keydown:  
954.4150000000373	DATA	Keydown:  
954.9320000000298	DATA	Keydown:  
955.4830000000075	DATA	Keydown:  
956.160000000149	DATA	Keydown:  
956.8240000000224	DATA	Keydown:  
957.3989999999758	DATA	Keydown:  
957.8660000001546	DATA	Keydown:  
958.5530000000726	DATA	Keydown:  
959.0290000000969	DATA	Keydown:  
959.599000000162	DATA	Keydown:  
959.9629999999888	EXP	text_3: autoDraw = true
961.2399999999907	DATA	Keydown:  
961.2690000000875	EXP	text_3: autoDraw = false
961.2690000000875	EXP	text_4: autoDraw = true
973.4780000001192	DATA	Keydown:  
973.5069999999832	EXP	text_4: autoDraw = false
973.5069999999832	EXP	Sound: secs = -1
973.5069999999832	EXP	Sound: volume = 1
973.5069999999832	EXP	Sound: loops = 0
973.5069999999832	EXP	Sound: volume = 1
975.9290000000037	DATA	Keydown:  
976.439000000013	DATA	Keydown:  
977.1100000001024	DATA	Keydown:  
977.9950000001118	DATA	Keydown:  
978.8610000000335	DATA	Keydown:  
979.7090000000317	DATA	Keydown:  
980.5690000001341	DATA	Keydown:  
981.5140000001993	DATA	Keydown:  
982.2410000001546	DATA	Keydown:  
983.0300000000279	DATA	Keydown:  
983.939000000013	DATA	Keydown:  
984.7100000001956	DATA	Keydown:  
985.7430000000168	DATA	Keydown:  
986.6030000001192	DATA	Keydown:  
987.2260000000242	DATA	Keydown:  
988.0190000000875	DATA	Keydown:  
988.8900000001304	DATA	Keydown:  
989.6190000001807	DATA	Keydown:  
990.4089999999851	DATA	Keydown:  
991.1310000000522	DATA	Keydown:  
991.9160000002012	DATA	Keydown:  
992.8810000000522	EXP	next_prompt_trial2: autoDraw = true
996.2469999999739	DATA	Keydown:  
996.2550000001211	EXP	next_prompt_trial2: autoDraw = false
996.2550000001211	EXP	Sound: secs = -1
996.2550000001211	EXP	Sound: volume = 1
996.2550000001211	EXP	Sound: loops = 0
996.2550000001211	EXP	Sound: volume = 1
999.2280000001192	DATA	Keydown:  
999.8400000000838	DATA	Keydown:  
1000.4610000001267	DATA	Keydown:  
1001.3930000001565	DATA	Keydown:  
1002.3090000001248	DATA	Keydown:  
1003.1540000000969	DATA	Keydown:  
1003.7790000000969	DATA	Keydown:  
1004.560999999987	DATA	Keydown:  
1005.4629999999888	DATA	Keydown:  
1006.2140000001527	DATA	Keydown:  
1006.8960000001825	DATA	Keydown:  
1007.6740000001155	DATA	Keydown:  
1008.3190000001341	DATA	Keydown:  
1009.25	DATA	Keydown:  
1010.0130000000354	DATA	Keydown:  
1010.9300000001676	DATA	Keydown:  
1011.4870000001974	DATA	Keydown:  
1012.2260000000242	DATA	Keydown:  
1013.1149999999907	DATA	Keydown:  
1013.7780000001658	DATA	Keydown:  
1014.6300000001211	DATA	Keydown:  
1015.6090000001714	EXP	next_prompt_trial2: autoDraw = true
1020.5620000001509	DATA	Keydown:  
1020.5700000000652	EXP	next_prompt_trial2: autoDraw = false
1020.5700000000652	EXP	Sound: secs = -1
1020.5700000000652	EXP	Sound: volume = 1
1020.5700000000652	EXP	Sound: loops = 0
1020.5700000000652	EXP	Sound: volume = 1
1022.7550000001211	DATA	Keydown:  
1023.3630000001285	DATA	Keydown:  
1023.9960000000428	DATA	Keydown:  
1024.627000000095	DATA	Keydown:  
1025.160000000149	DATA	Keydown:  
1025.8070000000298	DATA	Keydown:  
1026.4950000001118	DATA	Keydown:  
1027.1460000001825	DATA	Keydown:  
1027.8600000001024	DATA	Keydown:  
1028.474000000162	DATA	Keydown:  
1029.0779999999795	DATA	Keydown:  
1029.7920000001322	DATA	Keydown:  
1030.5220000001136	DATA	Keydown:  
1031.0590000001248	DATA	Keydown:  
1031.8220000001602	DATA	Keydown:  
1032.5090000000782	DATA	Keydown:  
1033.1480000000447	DATA	Keydown:  
1033.8670000000857	DATA	Keydown:  
1034.5840000000317	DATA	Keydown:  
1035.2270000001881	DATA	Keydown:  
1036.032000000123	EXP	next_prompt_trial2: autoDraw = true
1036.9259999999776	DATA	Keydown:  
1036.944000000134	EXP	next_prompt_trial2: autoDraw = false
1036.944000000134	EXP	Sound: secs = -1
1036.944000000134	EXP	Sound: volume = 1
1036.944000000134	EXP	Sound: loops = 0
1036.944000000134	EXP	Sound: volume = 1
1039.8610000000335	DATA	Keydown:  
1040.628000000026	DATA	Keydown:  
1041.3120000001509	DATA	Keydown:  
1041.913000000175	DATA	Keydown:  
1042.5900000000838	DATA	Keydown:  
1043.28600000008	DATA	Keydown:  
1043.8530000001192	DATA	Keydown:  
1044.3209999999963	DATA	Keydown:  
1044.8940000000875	DATA	Keydown:  
1045.3209999999963	DATA	Keydown:  
1045.8590000001714	DATA	Keydown:  
1046.5069999999832	DATA	Keydown:  
1047.2420000000857	DATA	Keydown:  
1047.7939999999944	DATA	Keydown:  
1048.3620000001974	DATA	Keydown:  
1048.8600000001024	DATA	Keydown:  
1049.28600000008	DATA	Keydown:  
1049.8600000001024	DATA	Keydown:  
1050.4799999999814	DATA	Keydown:  
1051.9910000001546	EXP	next_prompt_trial2: autoDraw = true
1053.157000000123	DATA	Keydown:  
1053.1740000001155	EXP	next_prompt_trial2: autoDraw = false
1053.1740000001155	EXP	Sound: secs = -1
1053.1740000001155	EXP	Sound: volume = 1
1053.1740000001155	EXP	Sound: loops = 0
1053.1740000001155	EXP	Sound: volume = 1
1056.0060000000522	DATA	Keydown:  
1056.5870000000577	DATA	Keydown:  
1057.6770000001416	DATA	Keydown:  
1058.6049999999814	DATA	Keydown:  
1062.1200000001118	DATA	Keydown:  
1067.5270000000019	DATA	Keydown:  
1069.8330000001006	DATA	Keydown:  
1073.003000000026	EXP	next_prompt_trial2: autoDraw = true
1074.1660000002012	DATA	Keydown:  
1074.2260000000242	EXP	next_prompt_trial2: autoDraw = false
1074.2260000000242	EXP	Sound: secs = -1
1074.2260000000242	EXP	Sound: volume = 1
1074.2260000000242	EXP	Sound: loops = 0
1074.2260000000242	EXP	Sound: volume = 1
1076.907000000123	DATA	Keydown:  
1077.341000000015	DATA	Keydown:  
1078.194000000134	DATA	Keydown:  
1079.0740000000224	DATA	Keydown:  
1079.9140000001062	DATA	Keydown:  
1080.7780000001658	DATA	Keydown:  
1081.655000000028	DATA	Keydown:  
1082.5090000000782	DATA	Keydown:  
1083.3020000001416	DATA	Keydown:  
1084.2299999999814	DATA	Keydown:  
1084.9600000001956	DATA	Keydown:  
1085.8240000000224	DATA	Keydown:  
1086.7610000001732	DATA	Keydown:  
1087.6990000000224	DATA	Keydown:  
1088.5220000001136	DATA	Keydown:  
1089.2410000001546	DATA	Keydown:  
1090.1080000000075	DATA	Keydown:  
1090.8890000001993	DATA	Keydown:  
1091.7399999999907	DATA	Keydown:  
1092.5550000001676	DATA	Keydown:  
1093.4220000000205	DATA	Keydown:  
1094.2340000001714	EXP	next_prompt_trial2: autoDraw = true
1095.660000000149	DATA	Keydown:  
1095.6770000001416	EXP	next_prompt_trial2: autoDraw = false
1095.6770000001416	EXP	Sound: secs = -1
1095.6770000001416	EXP	Sound: volume = 1
1095.6770000001416	EXP	Sound: loops = 0
1095.6770000001416	EXP	Sound: volume = 1
1098.2110000001267	DATA	Keydown:  
1098.7070000001695	DATA	Keydown:  
1099.2260000000242	DATA	Keydown:  
1099.96800000011	DATA	Keydown:  
1100.6170000000857	DATA	Keydown:  
1101.216000000015	DATA	Keydown:  
1101.9590000000317	DATA	Keydown:  
1102.6030000001192	DATA	Keydown:  
1103.1740000001155	DATA	Keydown:  
1103.8250000001863	DATA	Keydown:  
1104.5580000001937	DATA	Keydown:  
1105.219000000041	DATA	Keydown:  
1105.880000000121	DATA	Keydown:  
1106.7430000000168	DATA	Keydown:  
1107.3930000001565	DATA	Keydown:  
1108.0069999999832	DATA	Keydown:  
1108.8250000001863	DATA	Keydown:  
1109.3260000001173	DATA	Keydown:  
1110.0890000001527	DATA	Keydown:  
1110.8060000000987	DATA	Keydown:  
1111.871999999974	EXP	next_prompt_trial2: autoDraw = true
1115.0560000000987	DATA	Keydown:  
1115.0820000001695	EXP	next_prompt_trial2: autoDraw = false
1115.0820000001695	EXP	Sound: secs = -1
1115.0820000001695	EXP	Sound: volume = 1
1115.0820000001695	EXP	Sound: loops = 0
1115.0820000001695	EXP	Sound: volume = 1
1117.9860000000335	DATA	Keydown:  
1118.4240000001155	DATA	Keydown:  
1118.908000000054	DATA	Keydown:  
1119.4820000000764	DATA	Keydown:  
1120.1410000000615	DATA	Keydown:  
1120.7080000001006	DATA	Keydown:  
1121.3560000001453	DATA	Keydown:  
1121.8610000000335	DATA	Keydown:  
1122.376000000164	DATA	Keydown:  
1123.0480000001844	DATA	Keydown:  
1123.6430000001565	DATA	Keydown:  
1124.2410000001546	DATA	Keydown:  
1124.8310000000056	DATA	Keydown:  
1126.5390000001062	DATA	Keydown:  
1126.5580000001937	DATA	Keydown:  
1126.7040000001434	DATA	Keydown:  
1127.1920000000391	DATA	Keydown:  
1127.7890000001062	DATA	Keydown:  
1128.314000000013	DATA	Keydown:  
1128.8350000001956	DATA	Keydown:  
1129.4570000001695	DATA	Keydown:  
1130.5700000000652	EXP	next_prompt_trial2: autoDraw = true
1132.3310000000056	DATA	Keydown:  
1132.3340000000317	EXP	next_prompt_trial2: autoDraw = false
1132.3340000000317	EXP	Sound: secs = -1
1132.3340000000317	EXP	Sound: volume = 1
1132.3340000000317	EXP	Sound: loops = 0
1132.3340000000317	EXP	Sound: volume = 1
1135.2029999999795	DATA	Keydown:  
1135.7399999999907	DATA	Keydown:  
1136.4200000001583	DATA	Keydown:  
1137.1230000001378	DATA	Keydown:  
1137.8220000001602	DATA	Keydown:  
1138.5290000000969	DATA	Keydown:  
1139.3070000000298	DATA	Keydown:  
1140.0080000001471	DATA	Keydown:  
1140.5860000001267	DATA	Keydown:  
1141.28600000008	DATA	Keydown:  
1141.8700000001118	DATA	Keydown:  
1142.4610000001267	DATA	Keydown:  
1143.2790000000969	DATA	Keydown:  
1144.0709999999963	DATA	Keydown:  
1144.6080000000075	DATA	Keydown:  
1145.435999999987	DATA	Keydown:  
1146.1959999999963	DATA	Keydown:  
1146.844999999972	DATA	Keydown:  
1147.66100000008	DATA	Keydown:  
1148.4310000000987	DATA	Keydown:  
1149.0900000000838	DATA	Keydown:  
1149.8549999999814	DATA	Keydown:  
1150.7960000000894	DATA	Keydown:  
1151.2920000001322	DATA	Keydown:  
1152.0920000001788	DATA	Keydown:  
1153.002000000095	DATA	Keydown:  
1153.655000000028	DATA	Keydown:  
1154.3230000000913	DATA	Keydown:  
1154.939000000013	DATA	Keydown:  
1156.068000000203	EXP	next_prompt_trial2: autoDraw = true
1157.1790000000037	DATA	Keydown:  
1157.185999999987	EXP	next_prompt_trial2: autoDraw = false
1157.185999999987	EXP	Sound: secs = -1
1157.185999999987	EXP	Sound: volume = 1
1157.185999999987	EXP	Sound: loops = 0
1157.185999999987	EXP	Sound: volume = 1
1160.599000000162	DATA	Keydown:  
1161.1360000001732	DATA	Keydown:  
1161.8560000001453	DATA	Keydown:  
1162.8060000000987	DATA	Keydown:  
1163.4550000000745	DATA	Keydown:  
1164.1410000000615	DATA	Keydown:  
1164.7970000000205	DATA	Keydown:  
1165.6110000000335	DATA	Keydown:  
1166.4540000001434	DATA	Keydown:  
1167.0560000000987	DATA	Keydown:  
1167.7569999999832	DATA	Keydown:  
1168.5169999999925	DATA	Keydown:  
1169.4560000000056	DATA	Keydown:  
1170.5110000001732	DATA	Keydown:  
1171.068000000203	DATA	Keydown:  
1172.8520000001881	EXP	next_prompt_trial2: autoDraw = true
1173.966000000015	DATA	Keydown:  
1174.0130000000354	EXP	next_prompt_trial2: autoDraw = false
1174.0130000000354	EXP	Sound: secs = -1
1174.0130000000354	EXP	Sound: volume = 1
1174.0130000000354	EXP	Sound: loops = 0
1174.0130000000354	EXP	Sound: volume = 1
1176.3700000001118	DATA	Keydown:  
1176.755000000121	DATA	Keydown:  
1177.4950000001118	DATA	Keydown:  
1178.3500000000931	DATA	Keydown:  
1179.033000000054	DATA	Keydown:  
1179.7680000001565	DATA	Keydown:  
1180.5580000001937	DATA	Keydown:  
1181.3260000001173	DATA	Keydown:  
1182.194000000134	DATA	Keydown:  
1183.0190000000875	DATA	Keydown:  
1183.6510000000708	DATA	Keydown:  
1184.5450000001583	DATA	Keydown:  
1185.221000000136	DATA	Keydown:  
1185.9899999999907	DATA	Keydown:  
1186.9459999999963	DATA	Keydown:  
1187.5200000000186	DATA	Keydown:  
1188.3060000000987	DATA	Keydown:  
1189.068000000203	DATA	Keydown:  
1190.0270000000019	DATA	Keydown:  
1190.6360000001732	DATA	Keydown:  
1191.407000000123	DATA	Keydown:  
1191.7780000001658	EXP	next_prompt_trial2: autoDraw = true
1192.6350000000093	DATA	Keydown:  
1192.6390000001993	EXP	next_prompt_trial2: autoDraw = false
1192.6390000001993	EXP	Sound: secs = -1
1192.6390000001993	EXP	Sound: volume = 1
1192.6390000001993	EXP	Sound: loops = 0
1192.6390000001993	EXP	Sound: volume = 1
1195.8500000000931	DATA	Keydown:  
1196.1790000000037	DATA	Keydown:  
1196.719999999972	DATA	Keydown:  
1197.405000000028	DATA	Keydown:  
1197.9810000001453	DATA	Keydown:  
1198.6400000001304	DATA	Keydown:  
1199.3649999999907	DATA	Keydown:  
1200.038000000175	DATA	Keydown:  
1200.6640000001062	DATA	Keydown:  
1201.438000000082	DATA	Keydown:  
1202.0830000001006	DATA	Keydown:  
1202.7340000001714	DATA	Keydown:  
1203.407000000123	DATA	Keydown:  
1204.0590000001248	DATA	Keydown:  
1204.7299999999814	DATA	Keydown:  
1205.4860000000335	DATA	Keydown:  
1206.1710000000894	DATA	Keydown:  
1206.7090000000317	DATA	Keydown:  
1207.5200000000186	DATA	Keydown:  
1208.130000000121	DATA	Keydown:  
1208.7620000001043	DATA	Keydown:  
1209.7890000001062	EXP	next_prompt_trial2: autoDraw = true
1224.7110000001267	DATA	Keydown:  
1224.7320000000764	EXP	next_prompt_trial2: autoDraw = false
1224.7320000000764	EXP	Sound: secs = -1
1224.7320000000764	EXP	Sound: volume = 1
1224.7320000000764	EXP	Sound: loops = 0
1224.7320000000764	EXP	Sound: volume = 1
1228.066000000108	DATA	Keydown:  
1228.4189999999944	DATA	Keydown:  
1229.0540000000037	DATA	Keydown:  
1229.625	DATA	Keydown:  
1230.1200000001118	DATA	Keydown:  
1230.8700000001118	DATA	Keydown:  
1231.46800000011	DATA	Keydown:  
1231.9140000001062	DATA	Keydown:  
1232.5250000001397	DATA	Keydown:  
1233.2790000000969	DATA	Keydown:  
1233.7340000001714	DATA	Keydown:  
1234.3890000001993	DATA	Keydown:  
1235.2640000001993	DATA	Keydown:  
1235.7890000001062	DATA	Keydown:  
1236.435999999987	DATA	Keydown:  
1237.069000000134	DATA	Keydown:  
1237.7600000000093	DATA	Keydown:  
1238.374000000069	DATA	Keydown:  
1238.9670000001788	DATA	Keydown:  
1240.9240000001155	EXP	next_prompt_trial2: autoDraw = true
1242.6700000001583	DATA	Keydown:  
1242.6759999999776	EXP	next_prompt_trial2: autoDraw = false
1242.6759999999776	EXP	Sound: secs = -1
1242.6759999999776	EXP	Sound: volume = 1
1242.6759999999776	EXP	Sound: loops = 0
1242.6759999999776	EXP	Sound: volume = 1
1245.3880000000354	DATA	Keydown:  
1245.5920000001788	DATA	Keydown:  
1245.9259999999776	DATA	Keydown:  
1246.3340000000317	DATA	Keydown:  
1246.7330000000075	DATA	Keydown:  
1247.283999999985	DATA	Keydown:  
1247.8670000000857	DATA	Keydown:  
1248.282000000123	DATA	Keydown:  
1248.7120000000577	DATA	Keydown:  
1249.2410000001546	DATA	Keydown:  
1250.0150000001304	DATA	Keydown:  
1250.216000000015	DATA	Keydown:  
1250.8860000001732	DATA	Keydown:  
1251.3200000000652	DATA	Keydown:  
1251.7890000001062	DATA	Keydown:  
1252.25	DATA	Keydown:  
1252.8300000000745	DATA	Keydown:  
1253.4300000001676	DATA	Keydown:  
1253.816000000108	DATA	Keydown:  
1254.3730000001378	DATA	Keydown:  
1254.9240000001155	DATA	Keydown:  
1255.6060000001453	EXP	next_prompt_trial2: autoDraw = true
1256.9340000001248	DATA	Keydown:  
1256.940000000177	EXP	next_prompt_trial2: autoDraw = false
1256.940000000177	EXP	Sound: secs = -1
1256.940000000177	EXP	Sound: volume = 1
1256.940000000177	EXP	Sound: loops = 0
1256.940000000177	EXP	Sound: volume = 1
1258.8850000000093	DATA	Keydown:  
1259.3520000001881	DATA	Keydown:  
1260.1840000001248	DATA	Keydown:  
1261.0810000000056	DATA	Keydown:  
1262.0200000000186	DATA	Keydown:  
1262.782000000123	DATA	Keydown:  
1263.4870000001974	DATA	Keydown:  
1264.4340000001248	DATA	Keydown:  
1265.3520000001881	DATA	Keydown:  
1266.1510000000708	DATA	Keydown:  
1266.9340000001248	DATA	Keydown:  
1267.8549999999814	DATA	Keydown:  
1268.6750000000466	DATA	Keydown:  
1269.4160000002012	DATA	Keydown:  
1270.3009999999776	DATA	Keydown:  
1271.1500000001397	DATA	Keydown:  
1271.8670000000857	DATA	Keydown:  
1272.7380000001285	DATA	Keydown:  
1273.6700000001583	DATA	Keydown:  
1274.4510000001173	DATA	Keydown:  
1275.2600000000093	DATA	Keydown:  
1275.8500000000931	EXP	next_prompt_trial2: autoDraw = true
1276.71800000011	DATA	Keydown:  
1276.724000000162	EXP	next_prompt_trial2: autoDraw = false
1276.724000000162	EXP	Sound: secs = -1
1276.724000000162	EXP	Sound: volume = 1
1276.724000000162	EXP	Sound: loops = 0
1276.724000000162	EXP	Sound: volume = 1
1279.7410000001546	DATA	Keydown:  
1280.435999999987	DATA	Keydown:  
1281.032000000123	DATA	Keydown:  
1281.6380000000354	DATA	Keydown:  
1282.2480000001378	DATA	Keydown:  
1283.0870000000577	DATA	Keydown:  
1283.630000000121	DATA	Keydown:  
1284.249000000069	DATA	Keydown:  
1284.9480000000913	DATA	Keydown:  
1285.6410000000615	DATA	Keydown:  
1286.4480000000913	DATA	Keydown:  
1286.9240000001155	DATA	Keydown:  
1287.4830000000075	DATA	Keydown:  
1288.1140000000596	DATA	Keydown:  
1288.7480000001378	DATA	Keydown:  
1289.09300000011	DATA	Keydown:  
1290.3970000001136	EXP	next_prompt_trial2: autoDraw = true
1291.6419999999925	DATA	Keydown:  
1291.6470000001136	EXP	next_prompt_trial2: autoDraw = false
1291.6470000001136	EXP	Sound: secs = -1
1291.6470000001136	EXP	Sound: volume = 1
1291.6470000001136	EXP	Sound: loops = 0
1291.6470000001136	EXP	Sound: volume = 1
1294.2600000000093	DATA	Keydown:  
1294.7450000001118	DATA	Keydown:  
1295.4640000001527	DATA	Keydown:  
1296.001000000164	DATA	Keydown:  
1296.5879999999888	DATA	Keydown:  
1297.3020000001416	DATA	Keydown:  
1297.8870000001043	DATA	Keydown:  
1298.6000000000931	DATA	Keydown:  
1300.7930000000633	DATA	Keydown:  
1301.96800000011	DATA	Keydown:  
1303.099000000162	DATA	Keydown:  
1304.3989999999758	DATA	Keydown:  
1305.2980000001844	DATA	Keydown:  
1308.91100000008	EXP	next_prompt_trial2: autoDraw = true
1309.7810000001919	DATA	Keydown:  
1309.7980000001844	EXP	next_prompt_trial2: autoDraw = false
1309.7980000001844	EXP	Sound: secs = -1
1309.7980000001844	EXP	Sound: volume = 1
1309.7980000001844	EXP	Sound: loops = 0
1309.7980000001844	EXP	Sound: volume = 1
1312.9150000000373	DATA	Keydown:  
1313.5420000001322	DATA	Keydown:  
1314.2650000001304	DATA	Keydown:  
1315.1010000000242	DATA	Keydown:  
1315.969000000041	DATA	Keydown:  
1316.9340000001248	DATA	Keydown:  
1317.5280000001658	DATA	Keydown:  
1318.25400000019	DATA	Keydown:  
1318.9820000000764	DATA	Keydown:  
1319.84300000011	DATA	Keydown:  
1320.6330000001471	DATA	Keydown:  
1321.2669999999925	DATA	Keydown:  
1322.1160000001546	DATA	Keydown:  
1322.8009999999776	DATA	Keydown:  
1323.5700000000652	DATA	Keydown:  
1324.3860000001732	DATA	Keydown:  
1325.0239999999758	DATA	Keydown:  
1325.7420000000857	DATA	Keydown:  
1326.6660000002012	DATA	Keydown:  
1327.255000000121	DATA	Keydown:  
1328.8290000001434	EXP	next_prompt_trial2: autoDraw = true
1331.12900000019	DATA	Keydown:  
1331.1380000000354	EXP	next_prompt_trial2: autoDraw = false
1331.1380000000354	EXP	Sound: secs = -1
1331.1380000000354	EXP	Sound: volume = 1
1331.1380000000354	EXP	Sound: loops = 0
1331.1380000000354	EXP	Sound: volume = 1
1333.316000000108	DATA	Keydown:  
1333.7810000001919	DATA	Keydown:  
1334.2390000000596	DATA	Keydown:  
1334.9799999999814	DATA	Keydown:  
1335.4840000001714	DATA	Keydown:  
1336.2440000001807	DATA	Keydown:  
1336.9880000001285	DATA	Keydown:  
1337.6870000001509	DATA	Keydown:  
1338.2780000001658	DATA	Keydown:  
1339.0730000000913	DATA	Keydown:  
1339.7590000000782	DATA	Keydown:  
1340.4890000000596	DATA	Keydown:  
1340.908999999985	DATA	Keydown:  
1341.533999999985	DATA	Keydown:  
1342.7170000001788	DATA	Keydown:  
1342.9790000000503	DATA	Keydown:  
1343.5	DATA	Keydown:  
1344.0800000000745	DATA	Keydown:  
1344.7630000000354	DATA	Keydown:  
1345.4780000001192	DATA	Keydown:  
1346.2980000001844	EXP	next_prompt_trial2: autoDraw = true
1347.1750000000466	DATA	Keydown:  
1347.2250000000931	EXP	next_prompt_trial2: autoDraw = false
1347.2250000000931	EXP	Sound: secs = -1
1347.2250000000931	EXP	Sound: volume = 1
1347.2250000000931	EXP	Sound: loops = 0
1347.2250000000931	EXP	Sound: volume = 1
1349.4790000000503	DATA	Keydown:  
1350.0750000001863	DATA	Keydown:  
1350.7790000000969	DATA	Keydown:  
1351.847000000067	DATA	Keydown:  
1352.6620000000112	DATA	Keydown:  
1353.2930000000633	DATA	Keydown:  
1354.2620000001043	DATA	Keydown:  
1355.0160000000615	DATA	Keydown:  
1355.8120000001509	DATA	Keydown:  
1356.5840000000317	DATA	Keydown:  
1357.2900000000373	DATA	Keydown:  
1358.2870000000112	DATA	Keydown:  
1359.5500000000466	DATA	Keydown:  
1360.4540000001434	DATA	Keydown:  
1361.972000000067	EXP	next_prompt_trial2: autoDraw = true
1364.7960000000894	DATA	Keydown:  
1364.8030000000726	EXP	next_prompt_trial2: autoDraw = false
1364.8030000000726	EXP	Sound: secs = -1
1364.8030000000726	EXP	Sound: volume = 1
1364.8030000000726	EXP	Sound: loops = 0
1364.8030000000726	EXP	Sound: volume = 1
1368.0530000000726	DATA	Keydown:  
1368.8290000001434	DATA	Keydown:  
1369.6090000001714	DATA	Keydown:  
1370.1800000001676	DATA	Keydown:  
1370.8950000000186	DATA	Keydown:  
1371.469000000041	DATA	Keydown:  
1372.1820000000298	DATA	Keydown:  
1372.7660000000615	DATA	Keydown:  
1373.6340000000782	DATA	Keydown:  
1374.066000000108	DATA	Keydown:  
1374.7250000000931	DATA	Keydown:  
1375.4850000001024	DATA	Keydown:  
1376.0979999999981	DATA	Keydown:  
1376.7060000000056	DATA	Keydown:  
1377.3620000001974	DATA	Keydown:  
1377.9830000000075	DATA	Keydown:  
1379.8620000001974	DATA	Keydown:  
1379.8640000000596	DATA	Keydown:  
1379.9140000001062	DATA	Keydown:  
1380.844999999972	DATA	Keydown:  
1382.2340000001714	EXP	next_prompt_trial2: autoDraw = true
1384.722000000067	DATA	Keydown:  
1384.724000000162	EXP	next_prompt_trial2: autoDraw = false
1384.724000000162	EXP	Sound: secs = -1
1384.724000000162	EXP	Sound: volume = 1
1384.724000000162	EXP	Sound: loops = 0
1384.724000000162	EXP	Sound: volume = 1
1387.663000000175	DATA	Keydown:  
1388.2710000001825	DATA	Keydown:  
1389.1110000000335	DATA	Keydown:  
1390.09300000011	DATA	Keydown:  
1390.8270000000484	DATA	Keydown:  
1391.2970000000205	DATA	Keydown:  
1392.0310000001919	DATA	Keydown:  
1392.7620000001043	DATA	Keydown:  
1393.3209999999963	DATA	Keydown:  
1393.8870000001043	DATA	Keydown:  
1394.569000000134	DATA	Keydown:  
1395.097000000067	DATA	Keydown:  
1395.7610000001732	DATA	Keydown:  
1396.5220000001136	DATA	Keydown:  
1397.1450000000186	DATA	Keydown:  
1397.535000000149	DATA	Keydown:  
1398.313000000082	DATA	Keydown:  
1398.7630000000354	DATA	Keydown:  
1399.3549999999814	DATA	Keydown:  
1399.9810000001453	DATA	Keydown:  
1400.6419999999925	DATA	Keydown:  
1401.3050000001676	DATA	Keydown:  
1401.847000000067	DATA	Keydown:  
1402.5550000001676	DATA	Keydown:  
1403.378000000026	DATA	Keydown:  
1404.0600000000559	DATA	Keydown:  
1404.4940000001807	DATA	Keydown:  
1405.4310000000987	DATA	Keydown:  
1406.0120000001043	DATA	Keydown:  
1406.563000000082	DATA	Keydown:  
1407.0770000000484	DATA	Keydown:  
1407.7390000000596	DATA	Keydown:  
1408.41100000008	DATA	Keydown:  
1408.943000000203	DATA	Keydown:  
1409.6130000001285	DATA	Keydown:  
1410.2700000000186	DATA	Keydown:  
1410.5250000001397	EXP	next_prompt_trial2: autoDraw = true
1411.7229999999981	DATA	Keydown:  
1411.7320000000764	EXP	next_prompt_trial2: autoDraw = false
1411.7320000000764	EXP	Sound: secs = -1
1411.7320000000764	EXP	Sound: volume = 1
1411.7320000000764	EXP	Sound: loops = 0
1411.7320000000764	EXP	Sound: volume = 1
1414.6750000000466	DATA	Keydown:  
1415.2100000001956	DATA	Keydown:  
1415.7140000001527	DATA	Keydown:  
1416.1790000000037	DATA	Keydown:  
1416.5520000001416	DATA	Keydown:  
1417.0140000001993	DATA	Keydown:  
1417.4629999999888	DATA	Keydown:  
1418.005000000121	DATA	Keydown:  
1418.4570000001695	DATA	Keydown:  
1419.0840000000317	DATA	Keydown:  
1419.780000000028	DATA	Keydown:  
1420.5260000000708	DATA	Keydown:  
1420.8230000000913	DATA	Keydown:  
1421.3290000001434	DATA	Keydown:  
1422.0590000001248	DATA	Keydown:  
1422.6850000000559	DATA	Keydown:  
1422.8810000000522	DATA	Keydown:  
1423.3080000001937	DATA	Keydown:  
1424.2810000001919	EXP	next_prompt_trial2: autoDraw = true
1425.913000000175	DATA	Keydown:  
1425.9240000001155	EXP	next_prompt_trial2: autoDraw = false
1425.9240000001155	EXP	Sound: secs = -1
1425.9240000001155	EXP	Sound: volume = 1
1425.9240000001155	EXP	Sound: loops = 0
1425.9240000001155	EXP	Sound: volume = 1
1428.6460000001825	DATA	Keydown:  
1429.2020000000484	DATA	Keydown:  
1429.783000000054	DATA	Keydown:  
1430.347000000067	DATA	Keydown:  
1431	DATA	Keydown:  
1431.7350000001024	DATA	Keydown:  
1432.443000000203	DATA	Keydown:  
1433.3270000000484	DATA	Keydown:  
1434.2299999999814	DATA	Keydown:  
1434.974000000162	DATA	Keydown:  
1435.6319999999832	DATA	Keydown:  
1436.408999999985	DATA	Keydown:  
1437.25	DATA	Keydown:  
1438.163000000175	DATA	Keydown:  
1438.9300000001676	DATA	Keydown:  
1439.6710000000894	DATA	Keydown:  
1440.410000000149	DATA	Keydown:  
1441.2560000000522	DATA	Keydown:  
1441.8919999999925	DATA	Keydown:  
1442.690000000177	DATA	Keydown:  
1443.5	DATA	Keydown:  
1444.0890000001527	DATA	Keydown:  
1444.8270000000484	DATA	Keydown:  
1445.7040000001434	EXP	next_prompt_trial2: autoDraw = true
1446.6710000000894	DATA	Keydown:  
1446.6740000001155	EXP	next_prompt_trial2: autoDraw = false
1446.6740000001155	EXP	Sound: secs = -1
1446.6740000001155	EXP	Sound: volume = 1
1446.6740000001155	EXP	Sound: loops = 0
1446.6740000001155	EXP	Sound: volume = 1
1450.1210000000428	DATA	Keydown:  
1450.4790000000503	DATA	Keydown:  
1451.3880000000354	DATA	Keydown:  
1452.0450000001583	DATA	Keydown:  
1452.8200000000652	DATA	Keydown:  
1453.685999999987	DATA	Keydown:  
1454.5090000000782	DATA	Keydown:  
1455.2120000000577	DATA	Keydown:  
1456.1750000000466	DATA	Keydown:  
1457.0120000001043	DATA	Keydown:  
1457.783999999985	DATA	Keydown:  
1458.7270000001881	DATA	Keydown:  
1459.5080000001471	DATA	Keydown:  
1460.2690000000875	DATA	Keydown:  
1461.1040000000503	DATA	Keydown:  
1461.8200000000652	DATA	Keydown:  
1462.6049999999814	DATA	Keydown:  
1463.4310000000987	DATA	Keydown:  
1464.2770000000019	DATA	Keydown:  
1465.00400000019	DATA	Keydown:  
1465.8919999999925	DATA	Keydown:  
1466.8000000000466	DATA	Keydown:  
1467.4899999999907	DATA	Keydown:  
1468.4310000000987	DATA	Keydown:  
1469.0509999999776	DATA	Keydown:  
1470.5840000000317	EXP	next_prompt_trial2: autoDraw = true
1471.6110000000335	DATA	Keydown:  
1471.6160000001546	EXP	next_prompt_trial2: autoDraw = false
1471.6160000001546	EXP	Sound: secs = -1
1471.6160000001546	EXP	Sound: volume = 1
1471.6160000001546	EXP	Sound: loops = 0
1471.6160000001546	EXP	Sound: volume = 1
1474.9640000001527	DATA	Keydown:  
1475.5400000000373	DATA	Keydown:  
1476.1510000000708	DATA	Keydown:  
1476.5400000000373	DATA	Keydown:  
1477.1110000000335	DATA	Keydown:  
1477.9600000001956	DATA	Keydown:  
1478.371999999974	DATA	Keydown:  
1478.91100000008	DATA	Keydown:  
1479.3370000000577	DATA	Keydown:  
1479.907000000123	DATA	Keydown:  
1480.4750000000931	DATA	Keydown:  
1481.0410000002012	DATA	Keydown:  
1481.6149999999907	DATA	Keydown:  
1482.0770000000484	DATA	Keydown:  
1482.7100000001956	DATA	Keydown:  
1483.255000000121	DATA	Keydown:  
1483.7810000001919	DATA	Keydown:  
1484.5410000002012	DATA	Keydown:  
1485.0260000000708	DATA	Keydown:  
1485.4930000000168	DATA	Keydown:  
1486.8080000001937	EXP	next_prompt_trial2: autoDraw = true
1487.7260000000242	DATA	Keydown:  
1487.7340000001714	EXP	next_prompt_trial2: autoDraw = false
1487.7340000001714	EXP	Sound: secs = -1
1487.7340000001714	EXP	Sound: volume = 1
1487.7340000001714	EXP	Sound: loops = 0
1487.7340000001714	EXP	Sound: volume = 1
1490.6520000000019	DATA	Keydown:  
1491.2350000001024	DATA	Keydown:  
1491.7420000000857	DATA	Keydown:  
1492.1780000000726	DATA	Keydown:  
1492.594000000041	DATA	Keydown:  
1493.0979999999981	DATA	Keydown:  
1493.6330000001471	DATA	Keydown:  
1494.252000000095	DATA	Keydown:  
1494.690000000177	DATA	Keydown:  
1495.0870000000577	DATA	Keydown:  
1495.5580000001937	DATA	Keydown:  
1496.0920000001788	DATA	Keydown:  
1496.6830000001937	DATA	Keydown:  
1497.0400000000373	DATA	Keydown:  
1497.59300000011	DATA	Keydown:  
1498.1419999999925	DATA	Keydown:  
1498.6070000000764	DATA	Keydown:  
1499.0069999999832	DATA	Keydown:  
1499.6160000001546	DATA	Keydown:  
1500.1770000001416	DATA	Keydown:  
1500.5879999999888	DATA	Keydown:  
1501.6750000000466	EXP	next_prompt_trial2: autoDraw = true
1503.535000000149	DATA	Keydown:  
1503.5580000001937	EXP	next_prompt_trial2: autoDraw = false
1503.5580000001937	EXP	Sound: secs = -1
1503.5580000001937	EXP	Sound: volume = 1
1503.5580000001937	EXP	Sound: loops = 0
1503.5580000001937	EXP	Sound: volume = 1
1506.4250000000466	DATA	Keydown:  
1507.0420000001322	DATA	Keydown:  
1507.7270000001881	DATA	Keydown:  
1508.3100000000559	DATA	Keydown:  
1508.8040000000037	DATA	Keydown:  
1509.591000000015	DATA	Keydown:  
1510.0800000000745	DATA	Keydown:  
1510.6740000001155	DATA	Keydown:  
1511.2399999999907	DATA	Keydown:  
1511.8279999999795	DATA	Keydown:  
1512.3230000000913	DATA	Keydown:  
1512.908000000054	DATA	Keydown:  
1513.435999999987	DATA	Keydown:  
1514.0460000000894	DATA	Keydown:  
1514.6720000000205	DATA	Keydown:  
1515.3009999999776	DATA	Keydown:  
1515.9310000000987	DATA	Keydown:  
1516.6380000000354	DATA	Keydown:  
1516.9820000000764	DATA	Keydown:  
1517.6410000000615	DATA	Keydown:  
1517.9960000000428	DATA	Keydown:  
1518.6210000000428	DATA	Keydown:  
1519.3230000000913	DATA	Keydown:  
1519.9350000000559	DATA	Keydown:  
1521.2229999999981	EXP	next_prompt_trial2: autoDraw = true
1522.1010000000242	DATA	Keydown:  
1522.1080000000075	EXP	next_prompt_trial2: autoDraw = false
1522.1080000000075	EXP	Sound: secs = -1
1522.1080000000075	EXP	Sound: volume = 1
1522.1080000000075	EXP	Sound: loops = 0
1522.1080000000075	EXP	Sound: volume = 1
1524.533000000054	DATA	Keydown:  
1525.0920000001788	DATA	Keydown:  
1525.626000000164	DATA	Keydown:  
1526.2290000000503	DATA	Keydown:  
1526.9290000000037	DATA	Keydown:  
1527.4529999999795	DATA	Keydown:  
1528.3230000000913	DATA	Keydown:  
1528.7100000001956	DATA	Keydown:  
1529.2810000001919	DATA	Keydown:  
1530.001000000164	DATA	Keydown:  
1530.5750000001863	DATA	Keydown:  
1531.2020000000484	DATA	Keydown:  
1531.9030000001658	DATA	Keydown:  
1532.5750000001863	DATA	Keydown:  
1533.3230000000913	DATA	Keydown:  
1534.09300000011	DATA	Keydown:  
1534.9230000001844	DATA	Keydown:  
1535.2399999999907	DATA	Keydown:  
1535.8360000001267	DATA	Keydown:  
1536.160000000149	DATA	Keydown:  
1536.8560000001453	DATA	Keydown:  
1537.3250000001863	DATA	Keydown:  
1538.3710000000428	DATA	Keydown:  
1538.6030000001192	DATA	Keydown:  
1539.2669999999925	DATA	Keydown:  
1539.785000000149	EXP	next_prompt_trial2: autoDraw = true
1540.7420000000857	DATA	Keydown:  
1540.753000000026	EXP	next_prompt_trial2: autoDraw = false
1540.753000000026	EXP	Sound: secs = -1
1540.753000000026	EXP	Sound: volume = 1
1540.753000000026	EXP	Sound: loops = 0
1540.753000000026	EXP	Sound: volume = 1
1542.938000000082	DATA	Keydown:  
1543.624000000069	DATA	Keydown:  
1544.185999999987	DATA	Keydown:  
1544.9580000001006	DATA	Keydown:  
1546.4220000000205	DATA	Keydown:  
1546.4230000001844	DATA	Keydown:  
1546.4230000001844	DATA	Keydown:  
1546.941000000108	DATA	Keydown:  
1547.4750000000931	DATA	Keydown:  
1548.2710000001825	DATA	Keydown:  
1548.7410000001546	DATA	Keydown:  
1549.3540000000503	DATA	Keydown:  
1550.038000000175	DATA	Keydown:  
1550.5750000001863	DATA	Keydown:  
1551.1740000001155	DATA	Keydown:  
1551.7450000001118	DATA	Keydown:  
1552.3120000001509	DATA	Keydown:  
1552.999000000069	DATA	Keydown:  
1553.4610000001267	DATA	Keydown:  
1554.2950000001583	EXP	next_prompt_trial2: autoDraw = true
1558.5670000000391	DATA	Keydown:  
1558.5779999999795	EXP	next_prompt_trial2: autoDraw = false
1558.5779999999795	EXP	Sound: secs = -1
1558.5779999999795	EXP	Sound: volume = 1
1558.5779999999795	EXP	Sound: loops = 0
1558.5779999999795	EXP	Sound: volume = 1
1560.8910000000615	DATA	Keydown:  
1561.4150000000373	DATA	Keydown:  
1561.8050000001676	DATA	Keydown:  
1562.6210000000428	DATA	Keydown:  
1562.9550000000745	DATA	Keydown:  
1563.5520000001416	DATA	Keydown:  
1564.094999999972	DATA	Keydown:  
1564.8649999999907	DATA	Keydown:  
1565.4250000000466	DATA	Keydown:  
1566.0370000000112	DATA	Keydown:  
1566.785000000149	DATA	Keydown:  
1567.005000000121	DATA	Keydown:  
1567.219000000041	DATA	Keydown:  
1567.8420000001788	DATA	Keydown:  
1568.9259999999776	DATA	Keydown:  
1568.940000000177	DATA	Keydown:  
1569.4540000001434	DATA	Keydown:  
1570.035000000149	DATA	Keydown:  
1570.5239999999758	DATA	Keydown:  
1571.0560000000987	DATA	Keydown:  
1571.6770000001416	DATA	Keydown:  
1571.9860000000335	EXP	next_prompt_trial2: autoDraw = true
1577.4510000001173	DATA	Keydown:  
1577.4620000000577	EXP	next_prompt_trial2: autoDraw = false
1577.4620000000577	EXP	Sound: secs = -1
1577.4620000000577	EXP	Sound: volume = 1
1577.4620000000577	EXP	Sound: loops = 0
1577.4620000000577	EXP	Sound: volume = 1
1579.9560000000056	DATA	Keydown:  
1580.472000000067	DATA	Keydown:  
1580.9210000000894	DATA	Keydown:  
1581.5420000001322	DATA	Keydown:  
1582.0400000000373	DATA	Keydown:  
1582.6660000002012	DATA	Keydown:  
1583.2430000000168	DATA	Keydown:  
1583.8240000000224	DATA	Keydown:  
1584.4330000001937	DATA	Keydown:  
1585.035000000149	DATA	Keydown:  
1585.690000000177	DATA	Keydown:  
1586.4200000001583	DATA	Keydown:  
1586.905000000028	DATA	Keydown:  
1587.4899999999907	DATA	Keydown:  
1588.091000000015	DATA	Keydown:  
1588.8290000001434	DATA	Keydown:  
1589.3919999999925	DATA	Keydown:  
1590.0390000001062	DATA	Keydown:  
1590.5840000000317	DATA	Keydown:  
1591.1730000001844	DATA	Keydown:  
1592.2270000001881	EXP	next_prompt_trial2: autoDraw = true
1593.3360000001267	DATA	Keydown:  
1593.344999999972	EXP	next_prompt_trial2: autoDraw = false
1593.344999999972	EXP	Sound: secs = -1
1593.344999999972	EXP	Sound: volume = 1
1593.344999999972	EXP	Sound: loops = 0
1593.344999999972	EXP	Sound: volume = 1
1596.1130000001285	DATA	Keydown:  
1596.9310000000987	DATA	Keydown:  
1597.37900000019	DATA	Keydown:  
1598.0879999999888	DATA	Keydown:  
1598.663000000175	DATA	Keydown:  
1599.2040000001434	DATA	Keydown:  
1599.8220000001602	DATA	Keydown:  
1600.3970000001136	DATA	Keydown:  
1601.1200000001118	DATA	Keydown:  
1601.7710000001825	DATA	Keydown:  
1602.471000000136	DATA	Keydown:  
1603.0520000001416	DATA	Keydown:  
1603.7650000001304	DATA	Keydown:  
1604.4830000000075	DATA	Keydown:  
1604.9510000001173	DATA	Keydown:  
1605.6400000001304	DATA	Keydown:  
1606.1110000000335	DATA	Keydown:  
1606.8009999999776	DATA	Keydown:  
1607.3570000000764	DATA	Keydown:  
1608.6790000000037	EXP	next_prompt_trial2: autoDraw = true
1609.6500000001397	DATA	Keydown:  
1609.6530000001658	EXP	next_prompt_trial2: autoDraw = false
1609.6530000001658	EXP	Sound: secs = -1
1609.6530000001658	EXP	Sound: volume = 1
1609.6530000001658	EXP	Sound: loops = 0
1609.6530000001658	EXP	Sound: volume = 1
1612.7730000000447	DATA	Keydown:  
1613.3819999999832	DATA	Keydown:  
1614.1080000000075	DATA	Keydown:  
1614.7110000001267	DATA	Keydown:  
1615.2370000001974	DATA	Keydown:  
1615.8500000000931	DATA	Keydown:  
1616.4729999999981	DATA	Keydown:  
1617.1680000000633	DATA	Keydown:  
1618.4760000000242	DATA	Keydown:  
1619.4330000001937	DATA	Keydown:  
1621.0900000000838	DATA	Keydown:  
1622.4140000001062	DATA	Keydown:  
1623.0720000001602	EXP	next_prompt_trial2: autoDraw = true
1623.8510000000242	DATA	Keydown:  
1623.8560000001453	EXP	next_prompt_trial2: autoDraw = false
1623.8560000001453	EXP	Sound: secs = -1
1623.8560000001453	EXP	Sound: volume = 1
1623.8560000001453	EXP	Sound: loops = 0
1623.8560000001453	EXP	Sound: volume = 1
1626.3260000001173	DATA	Keydown:  
1626.8520000001881	DATA	Keydown:  
1627.37900000019	DATA	Keydown:  
1627.9830000000075	DATA	Keydown:  
1628.788000000175	DATA	Keydown:  
1629.535000000149	DATA	Keydown:  
1630.3050000001676	DATA	Keydown:  
1631.0220000001136	DATA	Keydown:  
1631.719000000041	DATA	Keydown:  
1632.5700000000652	DATA	Keydown:  
1633.413000000175	DATA	Keydown:  
1634.2280000001192	DATA	Keydown:  
1635.0860000001267	DATA	Keydown:  
1635.8690000001807	DATA	Keydown:  
1636.6720000000205	DATA	Keydown:  
1637.6230000001378	DATA	Keydown:  
1638.2340000001714	DATA	Keydown:  
1639.1000000000931	DATA	Keydown:  
1640.038000000175	DATA	Keydown:  
1640.8610000000335	DATA	Keydown:  
1641.4120000000112	DATA	Keydown:  
1642.4030000001658	EXP	next_prompt_trial2: autoDraw = true
1643.5	DATA	Keydown:  
1643.5420000001322	EXP	next_prompt_trial2: autoDraw = false
1643.5420000001322	EXP	Sound: secs = -1
1643.5420000001322	EXP	Sound: volume = 1
1643.5420000001322	EXP	Sound: loops = 0
1643.5420000001322	EXP	Sound: volume = 1
1646.6350000000093	DATA	Keydown:  
1647.0120000001043	DATA	Keydown:  
1647.75400000019	DATA	Keydown:  
1648.5810000000056	DATA	Keydown:  
1648.9780000001192	DATA	Keydown:  
1649.5520000001416	DATA	Keydown:  
1650.124000000069	DATA	Keydown:  
1650.8360000001267	DATA	Keydown:  
1651.50400000019	DATA	Keydown:  
1652.0530000000726	DATA	Keydown:  
1653.0850000001956	DATA	Keydown:  
1653.3910000000615	DATA	Keydown:  
1654.1010000000242	DATA	Keydown:  
1654.594999999972	DATA	Keydown:  
1655.4340000001248	DATA	Keydown:  
1655.9200000001583	DATA	Keydown:  
1656.4490000000224	DATA	Keydown:  
1657.2100000001956	DATA	Keydown:  
1657.9799999999814	DATA	Keydown:  
1659.4920000000857	EXP	next_prompt_trial2: autoDraw = true
1660.4030000001658	DATA	Keydown:  
1660.4180000000633	EXP	next_prompt_trial2: autoDraw = false
1660.4180000000633	EXP	Sound: secs = -1
1660.4180000000633	EXP	Sound: volume = 1
1660.4180000000633	EXP	Sound: loops = 0
1660.4180000000633	EXP	Sound: volume = 1
1662.7680000001565	DATA	Keydown:  
1663.0709999999963	DATA	Keydown:  
1663.783999999985	DATA	Keydown:  
1664.435999999987	DATA	Keydown:  
1664.938000000082	DATA	Keydown:  
1665.5370000000112	DATA	Keydown:  
1666.1419999999925	DATA	Keydown:  
1666.599000000162	DATA	Keydown:  
1667.0520000001416	DATA	Keydown:  
1667.8580000000075	DATA	Keydown:  
1668.2900000000373	DATA	Keydown:  
1668.8540000000503	DATA	Keydown:  
1669.285000000149	DATA	Keydown:  
1669.9470000001602	DATA	Keydown:  
1670.8870000001043	DATA	Keydown:  
1671.1080000000075	DATA	Keydown:  
1671.7739999999758	DATA	Keydown:  
1672.2690000000875	DATA	Keydown:  
1672.8900000001304	DATA	Keydown:  
1673.4480000000913	DATA	Keydown:  
1674.3860000001732	EXP	next_prompt_trial2: autoDraw = true
1681.3540000000503	DATA	Keydown:  
1681.3649999999907	EXP	next_prompt_trial2: autoDraw = false
1681.3649999999907	EXP	Sound: secs = -1
1681.3649999999907	EXP	Sound: volume = 1
1681.3649999999907	EXP	Sound: loops = 0
1681.3649999999907	EXP	Sound: volume = 1
1684.4529999999795	DATA	Keydown:  
1685.1020000001881	DATA	Keydown:  
1685.8200000000652	DATA	Keydown:  
1686.2010000001173	DATA	Keydown:  
1687.091000000015	DATA	Keydown:  
1687.5140000001993	DATA	Keydown:  
1688.003000000026	DATA	Keydown:  
1688.6000000000931	DATA	Keydown:  
1689.1489999999758	DATA	Keydown:  
1689.7960000000894	DATA	Keydown:  
1690.224000000162	DATA	Keydown:  
1690.7650000001304	DATA	Keydown:  
1691.03600000008	DATA	Keydown:  
1691.5620000001509	DATA	Keydown:  
1692.1340000000782	DATA	Keydown:  
1692.7720000001136	DATA	Keydown:  
1693.188000000082	DATA	Keydown:  
1694.0190000000875	DATA	Keydown:  
1695.5720000001602	EXP	next_prompt_trial2: autoDraw = true
1696.5	DATA	Keydown:  
1696.5080000001471	EXP	next_prompt_trial2: autoDraw = false
1696.5080000001471	EXP	Sound: secs = -1
1696.5080000001471	EXP	Sound: volume = 1
1696.5080000001471	EXP	Sound: loops = 0
1696.5080000001471	EXP	Sound: volume = 1
1699.5509999999776	DATA	Keydown:  
1700.1330000001471	DATA	Keydown:  
1700.8989999999758	DATA	Keydown:  
1702.0100000000093	DATA	Keydown:  
1702.6190000001807	DATA	Keydown:  
1703.5860000001267	DATA	Keydown:  
1704.219000000041	DATA	Keydown:  
1705.1840000001248	DATA	Keydown:  
1706.0750000001863	DATA	Keydown:  
1706.849000000162	DATA	Keydown:  
1707.658999999985	DATA	Keydown:  
1708.8279999999795	DATA	Keydown:  
1709.501000000164	DATA	Keydown:  
1710.7350000001024	DATA	Keydown:  
1711.5560000000987	DATA	Keydown:  
1712.6640000001062	DATA	Keydown:  
1713.346000000136	DATA	Keydown:  
1714.3819999999832	DATA	Keydown:  
1715.2100000001956	DATA	Keydown:  
1716.2980000001844	DATA	Keydown:  
1717.3340000000317	DATA	Keydown:  
1718.469999999972	EXP	next_prompt_trial2: autoDraw = true
1719.53600000008	DATA	Keydown:  
1719.5420000001322	EXP	next_prompt_trial2: autoDraw = false
1719.5420000001322	EXP	Sound: secs = -1
1719.5420000001322	EXP	Sound: volume = 1
1719.5420000001322	EXP	Sound: loops = 0
1719.5420000001322	EXP	Sound: volume = 1
1722.1400000001304	DATA	Keydown:  
1722.5470000000205	DATA	Keydown:  
1723.1470000001136	DATA	Keydown:  
1723.8549999999814	DATA	Keydown:  
1724.621999999974	DATA	Keydown:  
1725.3620000001974	DATA	Keydown:  
1726.0850000001956	DATA	Keydown:  
1726.7790000000969	DATA	Keydown:  
1727.4300000001676	DATA	Keydown:  
1728.1370000001043	DATA	Keydown:  
1728.8830000001471	DATA	Keydown:  
1729.6660000002012	DATA	Keydown:  
1730.3590000001714	DATA	Keydown:  
1731.094000000041	DATA	Keydown:  
1731.7620000001043	DATA	Keydown:  
1732.6700000001583	DATA	Keydown:  
1733.3240000000224	DATA	Keydown:  
1734.252000000095	DATA	Keydown:  
1734.8020000001416	DATA	Keydown:  
1735.5670000000391	DATA	Keydown:  
1736.0720000001602	EXP	next_prompt_trial2: autoDraw = true
1736.2000000001863	DATA	Keydown:  
1736.3670000000857	EXP	next_prompt_trial2: autoDraw = false
1736.3670000000857	EXP	completion_text: autoDraw = true
1739.7569999999832	DATA	Mouse: 0 button down, pos=(356,83)
1739.788000000175	DATA	Mouse: 0 button down, pos=(356,82)
1739.846000000136	DATA	Mouse: 0 button down, pos=(356,82)
1740.063000000082	DATA	Mouse: 0 button down, pos=(356,82)
1744.3640000000596	DATA	Mouse: 0 button down, pos=(349,85)
1744.533999999985	DATA	Mouse: 0 button down, pos=(349,85)
1744.7070000001695	DATA	Mouse: 0 button down, pos=(349,85)
1744.7760000000708	DATA	Mouse: 0 button down, pos=(349,85)
1754.8649999999907	DATA	Mouse: wheel shift=(0,300), pos=(1064,534)
1755.0520000001416	DATA	Mouse: wheel shift=(0,100), pos=(1061,536)
1756.16100000008	DATA	Mouse: wheel shift=(0,100), pos=(1036,557)
1756.1970000001602	DATA	Mouse: wheel shift=(0,400), pos=(1036,557)
1756.8479999999981	DATA	Mouse: wheel shift=(0,100), pos=(952,642)
1756.9340000001248	DATA	Mouse: wheel shift=(0,400), pos=(952,642)
1759.3830000001471	DATA	Keydown:  
1759.4830000000075	EXP	completion_text: autoDraw = false
1759.4830000000075	EXP	goodbyetxt: autoDraw = true
1761.4290000000037	DATA	Keydown:  
