0.10814500000560656	EXP	Created Window = Window( name=Window, fullscr=true, color=#808080, units=height, waitBlanking=true, autoLog=true, size=[1280,610] )
15.147354999993695	DATA	Keydown: Shift
15.388670000014827	DATA	Keydown: Shift
15.406004999997094	DATA	Keydown: Shift
15.424365000013495	DATA	Keydown: R
15.684520000009798	DATA	Keydown: a
15.987805000011576	DATA	Keydown: n
16.171785000013188	DATA	Keydown: d
16.387075000006007	DATA	Keydown: y
17.618625000002794	DATA	Keydown: Control
17.840339999995194	DATA	Keydown: v
19.37293499999214	DATA	Keydown: Shift
19.63850000000093	DATA	Keydown: Shift
19.655174999992596	DATA	Keydown: Shift
19.672735000000102	DATA	Keydown: Shift
19.689849999995204	DATA	Keydown: Shift
19.712430000014137	DATA	Keydown: Shift
19.739170000015292	DATA	Keydown: Shift
19.754879999993136	DATA	Keydown: Shift
19.770799999998417	DATA	Keydown: Y
20.191185000003316	DATA	Keydown: e
20.407834999990882	DATA	Keydown: s
21.45352000001003	DATA	Keydown: Shift
21.709819999989122	DATA	Keydown: Shift
21.72795000000042	DATA	Keydown: Shift
21.754034999990836	DATA	Keydown: Shift
21.770970000012312	DATA	Keydown: Shift
21.788564999995288	DATA	Keydown: Shift
21.807750000007218	DATA	Keydown: Shift
21.82357000000775	DATA	Keydown: Shift
21.839360000012675	DATA	Keydown: Shift
21.859029999992345	DATA	Keydown: Shift
21.876134999998612	DATA	Keydown: Shift
21.906924999988405	DATA	Keydown: Shift
21.91909000001033	DATA	Keydown: Shift
21.936344999994617	DATA	Keydown: Shift
21.954919999989215	DATA	Keydown: Shift
21.972450000001118	DATA	Keydown: Shift
21.990140000008978	DATA	Keydown: Shift
22.008124999993015	DATA	Keydown: Shift
22.02523500000825	DATA	Keydown: Shift
22.052945000003092	DATA	Keydown: Shift
22.074090000009164	DATA	Keydown: Shift
22.087480000016512	DATA	Keydown: Shift
22.10201999999117	DATA	Keydown: Shift
22.12313500000164	DATA	Keydown: Shift
22.13958499999717	DATA	Keydown: Shift
22.15796000001137	DATA	Keydown: Shift
22.175459999998566	DATA	Keydown: Shift
22.195589999988442	DATA	Keydown: Shift
22.223919999989448	DATA	Keydown: Shift
22.23823000001721	DATA	Keydown: Shift
22.25829500000691	DATA	Keydown: Shift
22.272114999999758	DATA	Keydown: Shift
22.288655000011204	DATA	Keydown: Shift
22.307180000003427	DATA	Keydown: Shift
22.323789999994915	DATA	Keydown: Shift
22.35229999999865	DATA	Keydown: Shift
22.35576000000583	DATA	Keydown: B
22.95573499999591	DATA	Keydown: o
23.11099000001559	DATA	Keydown: a
23.706304999999702	DATA	Keydown: t
25.471569999994244	DATA	Keydown: 1
27.70871000000625	DATA	Keydown: Shift
27.988249999994878	DATA	Keydown: Shift
27.989065000001574	DATA	Keydown: Shift
28.007680000009714	DATA	Keydown: Shift
28.010349999996834	DATA	Keydown: N
28.352634999988368	DATA	Keydown: o
29.323325000004843	DATA	Keydown: Shift
29.823405000002822	DATA	Keydown: Shift
30.0061299999943	DATA	Keydown: M
30.20616999999038	DATA	Keydown: a
30.37956500001019	DATA	Keydown: l
30.48957999999402	DATA	Keydown: e
33.006280000001425	DATA	Keydown: 3
33.37486000001081	DATA	Keydown: 0
34.325385000003735	DATA	Keydown: Shift
34.59050500000012	DATA	Keydown: Shift
34.60719999999856	DATA	Keydown: Shift
34.63591000001179	DATA	Keydown: Shift
34.64684500001022	DATA	Keydown: Shift
34.66951999999583	DATA	Keydown: Shift
34.685605000006035	DATA	Keydown: Shift
34.70488999999361	DATA	Keydown: Shift
34.72152500000084	DATA	Keydown: Shift
34.74003499999526	DATA	Keydown: Shift
34.75708000001032	DATA	Keydown: Shift
34.77806499999133	DATA	Keydown: Shift
34.80210000000079	DATA	Keydown: Shift
34.819075000006706	DATA	Keydown: Shift
34.838099999993574	DATA	Keydown: Shift
34.854214999999385	DATA	Keydown: Shift
34.87066000001505	DATA	Keydown: Shift
34.889259999996284	DATA	Keydown: Shift
34.90606999999727	DATA	Keydown: Shift
34.926639999990584	DATA	Keydown: Shift
34.94284999999218	DATA	Keydown: Shift
34.96990500000538	DATA	Keydown: Shift
34.99081499999738	DATA	Keydown: Shift
35.003590000007534	DATA	Keydown: Shift
35.01970000000438	DATA	Keydown: Shift
35.03938500001095	DATA	Keydown: Shift
35.05587999999989	DATA	Keydown: Shift
35.07541499999934	DATA	Keydown: Shift
35.09213999999338	DATA	Keydown: Shift
35.12007999999332	DATA	Keydown: Shift
35.131025000009686	DATA	Keydown: Shift
35.15261499999906	DATA	Keydown: Shift
35.16976499999873	DATA	Keydown: Shift
35.18859999999404	DATA	Keydown: Shift
35.206185000017285	DATA	Keydown: Shift
35.223889999993844	DATA	Keydown: Shift
35.24131000001216	DATA	Keydown: Shift
35.26344999999856	DATA	Keydown: Shift
35.28656500001671	DATA	Keydown: Shift
35.30285000000731	DATA	Keydown: Shift
35.31958999999915	DATA	Keydown: Shift
35.338340000016615	DATA	Keydown: Shift
35.355060000001686	DATA	Keydown: Shift
35.3737250000122	DATA	Keydown: Shift
35.39006000000518	DATA	Keydown: Shift
35.4111050000065	DATA	Keydown: Shift
35.44015499998932	DATA	Keydown: Shift
35.45266000000993	DATA	Keydown: Shift
35.46835999999894	DATA	Keydown: Shift
35.489159999997355	DATA	Keydown: Shift
35.50455499999225	DATA	Keydown: Shift
35.52403999998933	DATA	Keydown: Shift
35.53925000000163	DATA	Keydown: Shift
35.572374999988824	DATA	Keydown: Shift
35.57651499999338	DATA	Keydown: Shift
35.60336000000825	DATA	Keydown: Shift
35.62060500000371	DATA	Keydown: Shift
35.63592999998946	DATA	Keydown: Shift
35.653055000002496	DATA	Keydown: Shift
35.672829999995884	DATA	Keydown: Shift
35.689749999990454	DATA	Keydown: Shift
35.70899000001373	DATA	Keydown: Shift
35.72601499999291	DATA	Keydown: Shift
35.75793500000145	DATA	Keydown: Shift
35.774065000005066	DATA	Keydown: Shift
35.78586500001256	DATA	Keydown: Shift
35.80306999999448	DATA	Keydown: Shift
35.82265000001644	DATA	Keydown: Shift
35.839314999990165	DATA	Keydown: Shift
35.857875000016065	DATA	Keydown: Shift
35.87468999999692	DATA	Keydown: Shift
35.89734500000486	DATA	Keydown: Shift
35.913395000010496	DATA	Keydown: Shift
35.93634499999462	DATA	Keydown: Shift
35.956689999991795	DATA	Keydown: Shift
35.97182999999495	DATA	Keydown: Shift
35.98864500000491	DATA	Keydown: Shift
36.0071900000039	DATA	Keydown: Shift
36.02350499999011	DATA	Keydown: Shift
36.05157499999041	DATA	Keydown: Shift
36.072420000011334	DATA	Keydown: Shift
36.08473999999114	DATA	Keydown: Shift
36.101679999992484	DATA	Keydown: Shift
36.12082000001101	DATA	Keydown: Shift
36.13819500000682	DATA	Keydown: Shift
36.15636500000255	DATA	Keydown: Shift
36.173399999999674	DATA	Keydown: Shift
36.19365000000107	DATA	Keydown: Shift
36.21113499999046	DATA	Keydown: Shift
36.23464999999851	DATA	Keydown: Shift
36.25654000000213	DATA	Keydown: Shift
36.27142000000458	DATA	Keydown: Shift
36.28769500000635	DATA	Keydown: R
38.75726499999291	DATA	Keydown: Shift
39.02180000001681	DATA	Keydown: Shift
39.04021500001545	DATA	Keydown: Shift
39.05822999999509	DATA	Keydown: Shift
39.07509500000742	DATA	Keydown: Shift
39.10248000000138	DATA	Keydown: Shift
39.12072000000626	DATA	Keydown: Shift
39.13568999999552	DATA	Keydown: Shift
39.15282499999739	DATA	Keydown: Shift
39.17218500000308	DATA	Keydown: Shift
39.188945000001695	DATA	Keydown: Shift
39.20709499999066	DATA	Keydown: Shift
39.22369499999331	DATA	Keydown: Shift
39.2455750000081	DATA	Keydown: Shift
39.26289499999257	DATA	Keydown: Shift
39.284545000002254	DATA	Keydown: Shift
39.30279499999597	DATA	Keydown: Shift
39.324614999990445	DATA	Keydown: Shift
39.33827500001644	DATA	Keydown: Shift
39.356614999996964	DATA	Keydown: Shift
39.37343000000692	DATA	Keydown: Shift
39.39398500000243	DATA	Keydown: Shift
39.4108899999992	DATA	Keydown: Shift
39.438469999993686	DATA	Keydown: Shift
39.45296500000404	DATA	Keydown: Shift
39.470349999988684	DATA	Keydown: Shift
39.4871250000142	DATA	Keydown: Shift
39.506380000006175	DATA	Keydown: Shift
39.522870000015246	DATA	Keydown: Shift
39.54282500001136	DATA	Keydown: Shift
39.55924999999115	DATA	Keydown: Shift
39.58525999999256	DATA	Keydown: Shift
39.60740999999689	DATA	Keydown: Shift
39.619449999998324	DATA	Keydown: Shift
39.636020000005374	DATA	Keydown: Shift
39.65591000000131	DATA	Keydown: Shift
39.67254500000854	DATA	Keydown: Shift
39.69162500000675	DATA	Keydown: Shift
39.708639999997104	DATA	Keydown: Shift
39.73015499999747	DATA	Keydown: Shift
39.75727500001085	DATA	Keydown: Shift
39.76879999999073	DATA	Keydown: Shift
39.773325000016484	DATA	Keydown: Y
40.273795000015525	DATA	Keydown: e
40.544584999996005	DATA	Keydown: s
41.82373000000371	EXP	Created instructiontxt = TextStim( name=instructiontxt, win=Window( name=Window, fullscr=true, color=#808080, ~), autoDraw=null, autoLog=true, units=height, ori=null, opacity=1, pos=[0,0], size=undefined, text=Welcome to tapping experiment. 

You will hear a s~, font=Arial, color=#FFFFFF, contrast=1, height=0.05, bold=null, italic=null, alignHoriz=left, alignVert=center, wrapWidth=1, flipHoriz=null, flipVert=null )
41.84148999999161	EXP	Created TonePlayer = TonePlayer( name=TonePlayer, note=A4, duration_s=-1, volume=1, loops=null, soundLibrary="TONE_JS", autoLog=true )
41.8437350000022	EXP	Created text = TextStim( name=text, win=Window( name=Window, fullscr=true, color=#808080, ~), autoDraw=null, autoLog=true, units=height, ori=null, opacity=1, pos=[0,0], size=undefined, text=Ready for the next trial?

press space bar to star~, font=Arial, color=#FFFFFF, contrast=1, height=0.05, bold=null, italic=null, alignHoriz=left, alignVert=center, wrapWidth=1, flipHoriz=null, flipVert=null )
41.84682000000612	EXP	Created text_2 = TextStim( name=text_2, win=Window( name=Window, fullscr=true, color=#808080, ~), autoDraw=null, autoLog=true, units=height, ori=null, opacity=1, pos=[0,0], size=undefined, text=Practice trials are over.

Now we are going to sta~, font=Arial, color=#FFFFFF, contrast=1, height=0.05, bold=null, italic=null, alignHoriz=left, alignVert=center, wrapWidth=1, flipHoriz=null, flipVert=null )
41.85159000000567	EXP	Created TonePlayer = TonePlayer( name=TonePlayer, note=A4, duration_s=-1, volume=1, loops=null, soundLibrary="TONE_JS", autoLog=true )
41.85283499999787	EXP	Created text_3 = TextStim( name=text_3, win=Window( name=Window, fullscr=true, color=#808080, ~), autoDraw=null, autoLog=true, units=height, ori=null, opacity=1, pos=[0,0], size=undefined, text=Ready for the next trial?

Press space bar to star~, font=Arial, color=#FFFFFF, contrast=1, height=0.05, bold=null, italic=null, alignHoriz=left, alignVert=center, wrapWidth=1, flipHoriz=null, flipVert=null )
41.8541050000058	EXP	Created text_4 = TextStim( name=text_4, win=Window( name=Window, fullscr=true, color=#808080, ~), autoDraw=null, autoLog=true, units=height, ori=null, opacity=1, pos=[0,0], size=undefined, text=Great! This is the half-way break. 

Please take y~, font=Arial, color=#FFFFFF, contrast=1, height=0.05, bold=null, italic=null, alignHoriz=left, alignVert=center, wrapWidth=1, flipHoriz=null, flipVert=null )
41.857125000009546	EXP	Created TonePlayer = TonePlayer( name=TonePlayer, note=A4, duration_s=-1, volume=1, loops=null, soundLibrary="TONE_JS", autoLog=true )
41.85837000000174	EXP	Created next_prompt_trial2 = TextStim( name=next_prompt_trial2, win=Window( name=Window, fullscr=true, color=#808080, ~), autoDraw=null, autoLog=true, units=height, ori=null, opacity=1, pos=[0,0], size=undefined, text=Ready for the next trial? 

Press space bar to sta~, font=Arial, color=#FFFFFF, contrast=1, height=0.05, bold=null, italic=null, alignHoriz=left, alignVert=center, wrapWidth=1, flipHoriz=null, flipVert=null )
41.85983500001021	EXP	Created completion_text = TextStim( name=completion_text, win=Window( name=Window, fullscr=true, color=#808080, ~), autoDraw=null, autoLog=true, units=height, ori=null, opacity=1, pos=[0,0], size=undefined, text=Thanks for your participation! 

Here is your expe~, font=Arial, color=#FFFFFF, contrast=1, height=0.05, bold=null, italic=null, alignHoriz=left, alignVert=center, wrapWidth=1, flipHoriz=null, flipVert=null )
41.86095999999088	EXP	Created goodbyetxt = TextStim( name=goodbyetxt, win=Window( name=Window, fullscr=true, color=#808080, ~), autoDraw=null, autoLog=true, units=height, ori=null, opacity=1, pos=[0,0], size=undefined, text=The test is over!

Thank you so much!!, font=Arial, color=#FFFFFF, contrast=1, height=0.05, bold=null, italic=null, alignHoriz=left, alignVert=center, wrapWidth=1, flipHoriz=null, flipVert=null )
42.12254000001121	EXP	instructiontxt: units = "height"
42.12254000001121	EXP	instructiontxt: ori = 0
42.12254000001121	EXP	instructiontxt: opacity = 1
42.12254000001121	EXP	instructiontxt: pos = [0,0]
42.12254000001121	EXP	instructiontxt: size = undefined
42.12254000001121	EXP	instructiontxt: text = "Welcome to tapping experiment. \n\nYou will hear a sequence of tones.\nUse the index finger of your dominant hand \nto tap the spacebar at where you think the beat is throughout the sound file at each trial.\n\nWhen you are ready, press the spacebar to begin the practice."
42.12254000001121	EXP	instructiontxt: font = "Arial"
42.12254000001121	EXP	instructiontxt: color = {"_hex":"#FFFFFF","_rgb":[1,1,1]}
42.12254000001121	EXP	instructiontxt: contrast = 1
42.12254000001121	EXP	instructiontxt: height = 0.05
42.12254000001121	EXP	instructiontxt: bold = false
42.12254000001121	EXP	instructiontxt: italic = false
42.12254000001121	EXP	instructiontxt: alignHoriz = "left"
42.12254000001121	EXP	instructiontxt: alignVert = "center"
42.12254000001121	EXP	instructiontxt: wrapWidth = 1
42.12254000001121	EXP	instructiontxt: flipHoriz = false
42.12254000001121	EXP	instructiontxt: flipVert = false
42.12254000001121	EXP	Sound: secs = -1
42.12254000001121	EXP	Sound: volume = 1
42.12254000001121	EXP	Sound: loops = 0
42.12254000001121	EXP	Sound: volume = 1
42.12254000001121	EXP	text: units = "height"
42.12254000001121	EXP	text: ori = 0
42.12254000001121	EXP	text: opacity = 1
42.12254000001121	EXP	text: pos = [0,0]
42.12254000001121	EXP	text: size = undefined
42.12254000001121	EXP	text: text = "Ready for the next trial?\n\npress space bar to start."
42.12254000001121	EXP	text: font = "Arial"
42.12254000001121	EXP	text: color = {"_hex":"#FFFFFF","_rgb":[1,1,1]}
42.12254000001121	EXP	text: contrast = 1
42.12254000001121	EXP	text: height = 0.05
42.12254000001121	EXP	text: bold = false
42.12254000001121	EXP	text: italic = false
42.12254000001121	EXP	text: alignHoriz = "left"
42.12254000001121	EXP	text: alignVert = "center"
42.12254000001121	EXP	text: wrapWidth = 1
42.12254000001121	EXP	text: flipHoriz = false
42.12254000001121	EXP	text: flipVert = false
42.12254000001121	EXP	text_2: units = "height"
42.12254000001121	EXP	text_2: ori = 0
42.12254000001121	EXP	text_2: opacity = 1
42.12254000001121	EXP	text_2: pos = [0,0]
42.12254000001121	EXP	text_2: size = undefined
42.12254000001121	EXP	text_2: text = "Practice trials are over.\n\nNow we are going to start the real test trials.\nThe total session length will be about 28 minutes, but we will have a short break at the half way mark.\n\nIf you are ready, please space bar."
42.12254000001121	EXP	text_2: font = "Arial"
42.12254000001121	EXP	text_2: color = {"_hex":"#FFFFFF","_rgb":[1,1,1]}
42.12254000001121	EXP	text_2: contrast = 1
42.12254000001121	EXP	text_2: height = 0.05
42.12254000001121	EXP	text_2: bold = false
42.12254000001121	EXP	text_2: italic = false
42.12254000001121	EXP	text_2: alignHoriz = "left"
42.12254000001121	EXP	text_2: alignVert = "center"
42.12254000001121	EXP	text_2: wrapWidth = 1
42.12254000001121	EXP	text_2: flipHoriz = false
42.12254000001121	EXP	text_2: flipVert = false
42.12254000001121	EXP	Sound: secs = -1
42.12254000001121	EXP	Sound: volume = 1
42.12254000001121	EXP	Sound: loops = 0
42.12254000001121	EXP	Sound: volume = 1
42.12254000001121	EXP	text_3: units = "height"
42.12254000001121	EXP	text_3: ori = 0
42.12254000001121	EXP	text_3: opacity = 1
42.12254000001121	EXP	text_3: pos = [0,0]
42.12254000001121	EXP	text_3: size = undefined
42.12254000001121	EXP	text_3: text = "Ready for the next trial?\n\nPress space bar to start."
42.12254000001121	EXP	text_3: font = "Arial"
42.12254000001121	EXP	text_3: color = {"_hex":"#FFFFFF","_rgb":[1,1,1]}
42.12254000001121	EXP	text_3: contrast = 1
42.12254000001121	EXP	text_3: height = 0.05
42.12254000001121	EXP	text_3: bold = false
42.12254000001121	EXP	text_3: italic = false
42.12254000001121	EXP	text_3: alignHoriz = "left"
42.12254000001121	EXP	text_3: alignVert = "center"
42.12254000001121	EXP	text_3: wrapWidth = 1
42.12254000001121	EXP	text_3: flipHoriz = false
42.12254000001121	EXP	text_3: flipVert = false
42.12254000001121	EXP	text_4: units = "height"
42.12254000001121	EXP	text_4: ori = 0
42.12254000001121	EXP	text_4: opacity = 1
42.12254000001121	EXP	text_4: pos = [0,0]
42.12254000001121	EXP	text_4: size = undefined
42.12254000001121	EXP	text_4: text = "Great! This is the half-way break. \n\nPlease take your time. \n\nWhen you are ready to start the second-half of the test trials, please press space bar. "
42.12254000001121	EXP	text_4: font = "Arial"
42.12254000001121	EXP	text_4: color = {"_hex":"#FFFFFF","_rgb":[1,1,1]}
42.12254000001121	EXP	text_4: contrast = 1
42.12254000001121	EXP	text_4: height = 0.05
42.12254000001121	EXP	text_4: bold = false
42.12254000001121	EXP	text_4: italic = false
42.12254000001121	EXP	text_4: alignHoriz = "left"
42.12254000001121	EXP	text_4: alignVert = "center"
42.12254000001121	EXP	text_4: wrapWidth = 1
42.12254000001121	EXP	text_4: flipHoriz = false
42.12254000001121	EXP	text_4: flipVert = false
42.12254000001121	EXP	Sound: secs = -1
42.12254000001121	EXP	Sound: volume = 1
42.12254000001121	EXP	Sound: loops = 0
42.12254000001121	EXP	Sound: volume = 1
42.12254000001121	EXP	next_prompt_trial2: units = "height"
42.12254000001121	EXP	next_prompt_trial2: ori = 0
42.12254000001121	EXP	next_prompt_trial2: opacity = 1
42.12254000001121	EXP	next_prompt_trial2: pos = [0,0]
42.12254000001121	EXP	next_prompt_trial2: size = undefined
42.12254000001121	EXP	next_prompt_trial2: text = "Ready for the next trial? \n\nPress space bar to start. "
42.12254000001121	EXP	next_prompt_trial2: font = "Arial"
42.12254000001121	EXP	next_prompt_trial2: color = {"_hex":"#FFFFFF","_rgb":[1,1,1]}
42.12254000001121	EXP	next_prompt_trial2: contrast = 1
42.12254000001121	EXP	next_prompt_trial2: height = 0.05
42.12254000001121	EXP	next_prompt_trial2: bold = false
42.12254000001121	EXP	next_prompt_trial2: italic = false
42.12254000001121	EXP	next_prompt_trial2: alignHoriz = "left"
42.12254000001121	EXP	next_prompt_trial2: alignVert = "center"
42.12254000001121	EXP	next_prompt_trial2: wrapWidth = 1
42.12254000001121	EXP	next_prompt_trial2: flipHoriz = false
42.12254000001121	EXP	next_prompt_trial2: flipVert = false
42.12254000001121	EXP	completion_text: units = "height"
42.12254000001121	EXP	completion_text: ori = 0
42.12254000001121	EXP	completion_text: opacity = 1
42.12254000001121	EXP	completion_text: pos = [0,0]
42.12254000001121	EXP	completion_text: size = undefined
42.12254000001121	EXP	completion_text: text = "Thanks for your participation! \n\nHere is your experiment completion code: \n\n9158 \n\nPlease write down this code as you will need it in order to receive payment.\n\nIf you are not an MTurk worker, please send an email to nolan.lem@gmail.com with the Experiment Completion Code as the subject of the email. In order to complete the \nexperiment, when you are ready please press space bar and wait until you see a text box appear that says \"Thanks for your patience\" where you can click 'ok'. \n\nIf you are an MTurk worker, please press the space bar to be redirected to the MTurk experiment \nhomepage where you can input the code into the Experiment Completion Code box. "
42.12254000001121	EXP	completion_text: font = "Arial"
42.12254000001121	EXP	completion_text: color = {"_hex":"#FFFFFF","_rgb":[1,1,1]}
42.12254000001121	EXP	completion_text: contrast = 1
42.12254000001121	EXP	completion_text: height = 0.05
42.12254000001121	EXP	completion_text: bold = false
42.12254000001121	EXP	completion_text: italic = false
42.12254000001121	EXP	completion_text: alignHoriz = "left"
42.12254000001121	EXP	completion_text: alignVert = "center"
42.12254000001121	EXP	completion_text: wrapWidth = 1
42.12254000001121	EXP	completion_text: flipHoriz = false
42.12254000001121	EXP	completion_text: flipVert = false
42.12254000001121	EXP	goodbyetxt: units = "height"
42.12254000001121	EXP	goodbyetxt: ori = 0
42.12254000001121	EXP	goodbyetxt: opacity = 1
42.12254000001121	EXP	goodbyetxt: pos = [0,0]
42.12254000001121	EXP	goodbyetxt: size = undefined
42.12254000001121	EXP	goodbyetxt: text = "The test is over!\n\nThank you so much!!"
42.12254000001121	EXP	goodbyetxt: font = "Arial"
42.12254000001121	EXP	goodbyetxt: color = {"_hex":"#FFFFFF","_rgb":[1,1,1]}
42.12254000001121	EXP	goodbyetxt: contrast = 1
42.12254000001121	EXP	goodbyetxt: height = 0.05
42.12254000001121	EXP	goodbyetxt: bold = false
42.12254000001121	EXP	goodbyetxt: italic = false
42.12254000001121	EXP	goodbyetxt: alignHoriz = "left"
42.12254000001121	EXP	goodbyetxt: alignVert = "center"
42.12254000001121	EXP	goodbyetxt: wrapWidth = 1
42.12254000001121	EXP	goodbyetxt: flipHoriz = false
42.12254000001121	EXP	goodbyetxt: flipVert = false
42.12254000001121	EXP	instructiontxt: autoDraw = true
44.09943000000203	DATA	Keydown:  
44.13589999999385	EXP	instructiontxt: autoDraw = false
44.13589999999385	EXP	Sound: secs = -1
44.13589999999385	EXP	Sound: volume = 1
44.13589999999385	EXP	Sound: loops = 0
44.13589999999385	EXP	Sound: volume = 1
58.11412499999278	EXP	text: autoDraw = true
59.671074999991106	DATA	Keydown:  
59.69072000001324	EXP	text: autoDraw = false
59.69072000001324	EXP	Sound: secs = -1
59.69072000001324	EXP	Sound: volume = 1
59.69072000001324	EXP	Sound: loops = 0
59.69072000001324	EXP	Sound: volume = 1
67.20800499999314	DATA	Keydown: AudioVolumeUp
67.40097000001697	DATA	Keydown: AudioVolumeUp
67.55350000000908	DATA	Keydown: AudioVolumeUp
67.73277999999118	DATA	Keydown: AudioVolumeUp
67.88488500000676	DATA	Keydown: AudioVolumeUp
68.04921500000637	DATA	Keydown: AudioVolumeUp
68.31897500000196	DATA	Keydown: AudioVolumeUp
68.31992999999784	DATA	Keydown: AudioVolumeUp
68.33648500000709	DATA	Keydown: AudioVolumeUp
68.3673800000106	DATA	Keydown: AudioVolumeUp
68.38541499999701	DATA	Keydown: AudioVolumeUp
68.4003050000174	DATA	Keydown: AudioVolumeUp
68.41769500001101	DATA	Keydown: AudioVolumeUp
68.43538999999873	DATA	Keydown: AudioVolumeUp
68.45298999999068	DATA	Keydown: AudioVolumeUp
68.46917500000563	DATA	Keydown: AudioVolumeUp
68.48447500000475	DATA	Keydown: AudioVolumeUp
68.51526499999454	DATA	Keydown: AudioVolumeUp
68.53143999999156	DATA	Keydown: AudioVolumeUp
68.54961499999627	DATA	Keydown: AudioVolumeUp
68.56663499999559	DATA	Keydown: AudioVolumeUp
68.58352000001469	DATA	Keydown: AudioVolumeUp
68.59997000001022	DATA	Keydown: AudioVolumeUp
68.61709000001429	DATA	Keydown: AudioVolumeUp
68.63327500000014	DATA	Keydown: AudioVolumeUp
68.66568000000552	DATA	Keydown: AudioVolumeUp
68.6826599999913	DATA	Keydown: AudioVolumeUp
68.7001750000054	DATA	Keydown: AudioVolumeUp
68.71639499999583	DATA	Keydown: AudioVolumeUp
68.7337300000072	DATA	Keydown: AudioVolumeUp
68.75060500000836	DATA	Keydown: AudioVolumeUp
68.76574999999139	DATA	Keydown: AudioVolumeUp
68.7829550000024	DATA	Keydown: AudioVolumeUp
68.81533000001218	DATA	Keydown: AudioVolumeUp
68.8323650000093	DATA	Keydown: AudioVolumeUp
68.8492050000059	DATA	Keydown: AudioVolumeUp
68.86607499999809	DATA	Keydown: AudioVolumeUp
68.88331000000471	DATA	Keydown: AudioVolumeUp
68.89953500000411	DATA	Keydown: AudioVolumeUp
68.91615500001353	DATA	Keydown: AudioVolumeUp
68.93338000000222	DATA	Keydown: AudioVolumeUp
68.96516500000143	DATA	Keydown: AudioVolumeUp
68.98169499999494	DATA	Keydown: AudioVolumeUp
68.99837499999558	DATA	Keydown: AudioVolumeUp
69.01509000000078	DATA	Keydown: AudioVolumeUp
69.03190000000177	DATA	Keydown: AudioVolumeUp
69.0485500000068	DATA	Keydown: AudioVolumeUp
69.0667100000137	DATA	Keydown: AudioVolumeUp
79.26936000000569	DATA	Keydown: AudioVolumeDown
79.51531000001705	EXP	text: autoDraw = true
80.03412500000559	DATA	Keydown: AudioVolumeDown
81.40402499999618	DATA	Keydown:  
81.42061999998987	EXP	text: autoDraw = false
81.42061999998987	EXP	Sound: secs = -1
81.42061999998987	EXP	Sound: volume = 1
81.42061999998987	EXP	Sound: loops = 0
81.42061999998987	EXP	Sound: volume = 1
82.58989000000292	DATA	Keydown: AudioVolumeDown
82.7744450000173	DATA	Keydown: AudioVolumeDown
82.93432999998913	DATA	Keydown: AudioVolumeDown
83.09278000000631	DATA	Keydown: AudioVolumeDown
83.25129499999457	DATA	Keydown: AudioVolumeDown
83.40700500001549	DATA	Keydown: AudioVolumeDown
83.5574149999884	DATA	Keydown: AudioVolumeDown
83.71768000000156	DATA	Keydown: AudioVolumeDown
83.87774500000523	DATA	Keydown: AudioVolumeDown
84.49804999999469	DATA	Keydown: AudioVolumeDown
84.66877499999828	DATA	Keydown: AudioVolumeDown
84.83513500000117	DATA	Keydown: AudioVolumeDown
85.28002999999444	DATA	Keydown: AudioVolumeDown
85.55915499999537	DATA	Keydown: AudioVolumeDown
85.90398000000278	DATA	Keydown: AudioVolumeDown
96.4687799999956	EXP	text: autoDraw = true
96.90589500000351	DATA	Keydown:  
96.92092999999295	EXP	text: autoDraw = false
96.92092999999295	EXP	Sound: secs = -1
96.92092999999295	EXP	Sound: volume = 1
96.92092999999295	EXP	Sound: loops = 0
96.92092999999295	EXP	Sound: volume = 1
111.55322500001057	EXP	text: autoDraw = true
113.87507000000915	DATA	Keydown:  
113.91015999999945	EXP	text: autoDraw = false
113.91015999999945	EXP	text_2: autoDraw = true
116.16038000001572	DATA	Keydown:  
116.18899500000407	EXP	text_2: autoDraw = false
116.18899500000407	EXP	Sound: secs = -1
116.18899500000407	EXP	Sound: volume = 1
116.18899500000407	EXP	Sound: loops = 0
116.18899500000407	EXP	Sound: volume = 1
129.48616500000935	EXP	text_3: autoDraw = true
133.3185400000075	DATA	Keydown:  
133.3321949999954	EXP	text_3: autoDraw = false
133.3321949999954	EXP	Sound: secs = -1
133.3321949999954	EXP	Sound: volume = 1
133.3321949999954	EXP	Sound: loops = 0
133.3321949999954	EXP	Sound: volume = 1
146.86930500000017	EXP	text_3: autoDraw = true
147.26892000000225	DATA	Keydown:  
147.28271500000847	EXP	text_3: autoDraw = false
147.28271500000847	EXP	Sound: secs = -1
147.28271500000847	EXP	Sound: volume = 1
147.28271500000847	EXP	Sound: loops = 0
147.28271500000847	EXP	Sound: volume = 1
161.6868100000138	DATA	Keydown:  
162.18345000001136	EXP	text_3: autoDraw = true
174.50229999999283	DATA	Keydown:  
174.51652500001364	EXP	text_3: autoDraw = false
174.51652500001364	EXP	Sound: secs = -1
174.51652500001364	EXP	Sound: volume = 1
174.51652500001364	EXP	Sound: loops = 0
174.51652500001364	EXP	Sound: volume = 1
194.55152500001714	EXP	text_3: autoDraw = true
195.65306499999133	DATA	Keydown:  
195.66714000000502	EXP	text_3: autoDraw = false
195.66714000000502	EXP	Sound: secs = -1
195.66714000000502	EXP	Sound: volume = 1
195.66714000000502	EXP	Sound: loops = 0
195.66714000000502	EXP	Sound: volume = 1
212.88466999999946	EXP	text_3: autoDraw = true
214.08855000001495	DATA	Keydown:  
214.11732499999925	EXP	text_3: autoDraw = false
214.11732499999925	EXP	Sound: secs = -1
214.11732499999925	EXP	Sound: volume = 1
214.11732499999925	EXP	Sound: loops = 0
214.11732499999925	EXP	Sound: volume = 1
231.4850349999906	EXP	text_3: autoDraw = true
232.9036999999953	DATA	Keydown:  
232.91781000001356	EXP	text_3: autoDraw = false
232.91781000001356	EXP	Sound: secs = -1
232.91781000001356	EXP	Sound: volume = 1
232.91781000001356	EXP	Sound: loops = 0
232.91781000001356	EXP	Sound: volume = 1
249.40444000001298	EXP	text_3: autoDraw = true
265.2871000000159	DATA	Keydown:  
265.30155500001274	EXP	text_3: autoDraw = false
265.30155500001274	EXP	Sound: secs = -1
265.30155500001274	EXP	Sound: volume = 1
265.30155500001274	EXP	Sound: loops = 0
265.30155500001274	EXP	Sound: volume = 1
279.02061000000685	DATA	Keydown:  
281.81922500001383	EXP	text_3: autoDraw = true
282.88687000001664	DATA	Keydown:  
282.9014850000094	EXP	text_3: autoDraw = false
282.9014850000094	EXP	Sound: secs = -1
282.9014850000094	EXP	Sound: volume = 1
282.9014850000094	EXP	Sound: loops = 0
282.9014850000094	EXP	Sound: volume = 1
295.1027800000156	EXP	text_3: autoDraw = true
303.8043999999936	DATA	Keydown:  
303.8186799999967	EXP	text_3: autoDraw = false
303.8186799999967	EXP	Sound: secs = -1
303.8186799999967	EXP	Sound: volume = 1
303.8186799999967	EXP	Sound: loops = 0
303.8186799999967	EXP	Sound: volume = 1
314.6390149999934	EXP	text_3: autoDraw = true
320.8713599999901	DATA	Keydown:  
320.88576000000467	EXP	text_3: autoDraw = false
320.88576000000467	EXP	Sound: secs = -1
320.88576000000467	EXP	Sound: volume = 1
320.88576000000467	EXP	Sound: loops = 0
320.88576000000467	EXP	Sound: volume = 1
339.45348500000546	EXP	text_3: autoDraw = true
341.3224899999914	DATA	Keydown:  
341.336255000002	EXP	text_3: autoDraw = false
341.336255000002	EXP	Sound: secs = -1
341.336255000002	EXP	Sound: volume = 1
341.336255000002	EXP	Sound: loops = 0
341.336255000002	EXP	Sound: volume = 1
358.2536700000055	EXP	text_3: autoDraw = true
359.67230999999447	DATA	Keydown:  
359.6869350000052	EXP	text_3: autoDraw = false
359.6869350000052	EXP	Sound: secs = -1
359.6869350000052	EXP	Sound: volume = 1
359.6869350000052	EXP	Sound: loops = 0
359.6869350000052	EXP	Sound: volume = 1
376.90400000000955	EXP	text_3: autoDraw = true
377.8905599999998	DATA	Keydown:  
377.9033950000012	EXP	text_3: autoDraw = false
377.9033950000012	EXP	Sound: secs = -1
377.9033950000012	EXP	Sound: volume = 1
377.9033950000012	EXP	Sound: loops = 0
377.9033950000012	EXP	Sound: volume = 1
391.54151999999885	EXP	text_3: autoDraw = true
392.1268400000117	DATA	Keydown:  
392.14378000001307	EXP	text_3: autoDraw = false
392.14378000001307	EXP	Sound: secs = -1
392.14378000001307	EXP	Sound: volume = 1
392.14378000001307	EXP	Sound: loops = 0
392.14378000001307	EXP	Sound: volume = 1
417.6637650000048	EXP	text_3: autoDraw = true
419.3599899999972	DATA	Keydown:  
419.3775000000023	EXP	text_3: autoDraw = false
419.3775000000023	EXP	Sound: secs = -1
419.3775000000023	EXP	Sound: volume = 1
419.3775000000023	EXP	Sound: loops = 0
419.3775000000023	EXP	Sound: volume = 1
439.65867000000435	EXP	text_3: autoDraw = true
440.87834500000463	DATA	Keydown:  
440.895279999997	EXP	text_3: autoDraw = false
440.895279999997	EXP	Sound: secs = -1
440.895279999997	EXP	Sound: volume = 1
440.895279999997	EXP	Sound: loops = 0
440.895279999997	EXP	Sound: volume = 1
457.3927799999947	EXP	text_3: autoDraw = true
458.0687550000148	DATA	Keydown:  
458.07901000001584	EXP	text_3: autoDraw = false
458.07901000001584	EXP	Sound: secs = -1
458.07901000001584	EXP	Sound: volume = 1
458.07901000001584	EXP	Sound: loops = 0
458.07901000001584	EXP	Sound: volume = 1
473.45835500000976	EXP	text_3: autoDraw = true
475.46282499999506	DATA	Keydown:  
475.4778450000158	EXP	text_3: autoDraw = false
475.4778450000158	EXP	Sound: secs = -1
475.4778450000158	EXP	Sound: volume = 1
475.4778450000158	EXP	Sound: loops = 0
475.4778450000158	EXP	Sound: volume = 1
484.67649000001256	DATA	Keydown:  
492.57615000000806	EXP	text_3: autoDraw = true
494.5672950000153	DATA	Keydown:  
494.57808500001556	EXP	text_3: autoDraw = false
494.57808500001556	EXP	Sound: secs = -1
494.57808500001556	EXP	Sound: volume = 1
494.57808500001556	EXP	Sound: loops = 0
494.57808500001556	EXP	Sound: volume = 1
513.4398450000153	EXP	text_3: autoDraw = true
513.924399999989	DATA	Keydown:  
513.939080000011	EXP	text_3: autoDraw = false
513.939080000011	EXP	Sound: secs = -1
513.939080000011	EXP	Sound: volume = 1
513.939080000011	EXP	Sound: loops = 0
513.939080000011	EXP	Sound: volume = 1
520.1416150000005	DATA	Keydown:  
520.2432750000153	DATA	Keydown:  
531.8568549999909	EXP	text_3: autoDraw = true
534.1830349999946	DATA	Mouse: 0 button down, pos=(620.0000184774399,522.6666822433472)
534.3087100000121	DATA	Keydown:  
534.3225699999894	EXP	text_3: autoDraw = false
534.3225699999894	EXP	Sound: secs = -1
534.3225699999894	EXP	Sound: volume = 1
534.3225699999894	EXP	Sound: loops = 0
534.3225699999894	EXP	Sound: volume = 1
534.3784300000116	DATA	Mouse: 0 button down, pos=(620.0000184774399,522.6666822433472)
548.7589250000019	EXP	text_3: autoDraw = true
550.0754749999905	DATA	Keydown:  
550.0899900000077	EXP	text_3: autoDraw = false
550.0899900000077	EXP	Sound: secs = -1
550.0899900000077	EXP	Sound: volume = 1
550.0899900000077	EXP	Sound: loops = 0
550.0899900000077	EXP	Sound: volume = 1
565.2409749999933	EXP	text_3: autoDraw = true
565.8924300000072	DATA	Keydown:  
565.9069249999884	EXP	text_3: autoDraw = false
565.9069249999884	EXP	Sound: secs = -1
565.9069249999884	EXP	Sound: volume = 1
565.9069249999884	EXP	Sound: loops = 0
565.9069249999884	EXP	Sound: volume = 1
583.7774700000009	EXP	text_3: autoDraw = true
583.7962199999893	DATA	Keydown:  
583.8142250000092	EXP	text_3: autoDraw = false
583.8142250000092	EXP	Sound: secs = -1
583.8142250000092	EXP	Sound: volume = 1
583.8142250000092	EXP	Sound: loops = 0
583.8142250000092	EXP	Sound: volume = 1
597.844929999992	EXP	text_3: autoDraw = true
599.0014350000129	DATA	Keydown:  
599.0144300000102	EXP	text_3: autoDraw = false
599.0144300000102	EXP	Sound: secs = -1
599.0144300000102	EXP	Sound: volume = 1
599.0144300000102	EXP	Sound: loops = 0
599.0144300000102	EXP	Sound: volume = 1
618.4452999999921	EXP	text_3: autoDraw = true
619.7297350000008	DATA	Keydown:  
619.7483899999934	EXP	text_3: autoDraw = false
619.7483899999934	EXP	Sound: secs = -1
619.7483899999934	EXP	Sound: volume = 1
619.7483899999934	EXP	Sound: loops = 0
619.7483899999934	EXP	Sound: volume = 1
638.212514999992	EXP	text_3: autoDraw = true
639.5149699999893	DATA	Keydown:  
639.5312850000046	EXP	text_3: autoDraw = false
639.5312850000046	EXP	Sound: secs = -1
639.5312850000046	EXP	Sound: volume = 1
639.5312850000046	EXP	Sound: loops = 0
639.5312850000046	EXP	Sound: volume = 1
664.5131049999909	EXP	text_3: autoDraw = true
665.565975000005	DATA	Keydown:  
665.581520000007	EXP	text_3: autoDraw = false
665.581520000007	EXP	Sound: secs = -1
665.581520000007	EXP	Sound: volume = 1
665.581520000007	EXP	Sound: loops = 0
665.581520000007	EXP	Sound: volume = 1
683.8293500000145	EXP	text_3: autoDraw = true
685.1648750000168	DATA	Keydown:  
685.1891699999978	EXP	text_3: autoDraw = false
685.1891699999978	EXP	Sound: secs = -1
685.1891699999978	EXP	Sound: volume = 1
685.1891699999978	EXP	Sound: loops = 0
685.1891699999978	EXP	Sound: volume = 1
704.3115699999908	EXP	text_3: autoDraw = true
706.4002299999993	DATA	Keydown:  
706.4161550000135	EXP	text_3: autoDraw = false
706.4161550000135	EXP	Sound: secs = -1
706.4161550000135	EXP	Sound: volume = 1
706.4161550000135	EXP	Sound: loops = 0
706.4161550000135	EXP	Sound: volume = 1
721.8807350000134	EXP	text_3: autoDraw = true
734.8328350000083	DATA	Keydown:  
734.8487299999979	EXP	text_3: autoDraw = false
734.8487299999979	EXP	Sound: secs = -1
734.8487299999979	EXP	Sound: volume = 1
734.8487299999979	EXP	Sound: loops = 0
734.8487299999979	EXP	Sound: volume = 1
752.7295400000003	EXP	text_3: autoDraw = true
755.0162300000084	DATA	Keydown:  
755.0341100000078	EXP	text_3: autoDraw = false
755.0341100000078	EXP	Sound: secs = -1
755.0341100000078	EXP	Sound: volume = 1
755.0341100000078	EXP	Sound: loops = 0
755.0341100000078	EXP	Sound: volume = 1
767.3626299999887	EXP	text_3: autoDraw = true
769.4014449999959	DATA	Keydown:  
769.4205650000076	EXP	text_3: autoDraw = false
769.4205650000076	EXP	Sound: secs = -1
769.4205650000076	EXP	Sound: volume = 1
769.4205650000076	EXP	Sound: loops = 0
769.4205650000076	EXP	Sound: volume = 1
785.9317800000135	EXP	text_3: autoDraw = true
787.7682450000138	DATA	Keydown:  
787.7837099999888	EXP	text_3: autoDraw = false
787.7837099999888	EXP	Sound: secs = -1
787.7837099999888	EXP	Sound: volume = 1
787.7837099999888	EXP	Sound: loops = 0
787.7837099999888	EXP	Sound: volume = 1
803.7820300000021	EXP	text_3: autoDraw = true
804.7686450000037	DATA	Keydown:  
804.7841100000078	EXP	text_3: autoDraw = false
804.7841100000078	EXP	Sound: secs = -1
804.7841100000078	EXP	Sound: volume = 1
804.7841100000078	EXP	Sound: loops = 0
804.7841100000078	EXP	Sound: volume = 1
821.6156750000082	EXP	text_3: autoDraw = true
822.6517199999944	DATA	Keydown:  
822.6683550000016	EXP	text_3: autoDraw = false
822.6683550000016	EXP	Sound: secs = -1
822.6683550000016	EXP	Sound: volume = 1
822.6683550000016	EXP	Sound: loops = 0
822.6683550000016	EXP	Sound: volume = 1
843.2329749999917	EXP	text_3: autoDraw = true
844.2693250000011	DATA	Keydown:  
844.2851800000062	EXP	text_3: autoDraw = false
844.2851800000062	EXP	Sound: secs = -1
844.2851800000062	EXP	Sound: volume = 1
844.2851800000062	EXP	Sound: loops = 0
844.2851800000062	EXP	Sound: volume = 1
862.2833099999989	EXP	text_3: autoDraw = true
863.1318949999986	DATA	Keydown:  
863.1513550000091	EXP	text_3: autoDraw = false
863.1513550000091	EXP	Sound: secs = -1
863.1513550000091	EXP	Sound: volume = 1
863.1513550000091	EXP	Sound: loops = 0
863.1513550000091	EXP	Sound: volume = 1
863.390390000015	DATA	Keydown:  
887.5834400000167	EXP	text_3: autoDraw = true
888.9850600000063	DATA	Keydown:  
889.0028150000144	EXP	text_3: autoDraw = false
889.0028150000144	EXP	Sound: secs = -1
889.0028150000144	EXP	Sound: volume = 1
889.0028150000144	EXP	Sound: loops = 0
889.0028150000144	EXP	Sound: volume = 1
907.8342300000077	EXP	text_3: autoDraw = true
909.359449999989	DATA	Keydown:  
909.4494750000013	EXP	text_3: autoDraw = false
909.4494750000013	EXP	text_4: autoDraw = true
921.0256550000049	DATA	Keydown:  
921.0704250000126	EXP	text_4: autoDraw = false
921.0704250000126	EXP	Sound: secs = -1
921.0704250000126	EXP	Sound: volume = 1
921.0704250000126	EXP	Sound: loops = 0
921.0704250000126	EXP	Sound: volume = 1
937.2476150000002	EXP	next_prompt_trial2: autoDraw = true
938.0525149999885	DATA	Keydown:  
938.0701300000073	EXP	next_prompt_trial2: autoDraw = false
938.0701300000073	EXP	Sound: secs = -1
938.0701300000073	EXP	Sound: volume = 1
938.0701300000073	EXP	Sound: loops = 0
938.0701300000073	EXP	Sound: volume = 1
951.4846250000119	EXP	next_prompt_trial2: autoDraw = true
952.6732550000015	DATA	Keydown:  
952.6865600000019	EXP	next_prompt_trial2: autoDraw = false
952.6865600000019	EXP	Sound: secs = -1
952.6865600000019	EXP	Sound: volume = 1
952.6865600000019	EXP	Sound: loops = 0
952.6865600000019	EXP	Sound: volume = 1
972.0013099999924	EXP	next_prompt_trial2: autoDraw = true
973.3742700000003	DATA	Keydown:  
973.3870999999926	EXP	next_prompt_trial2: autoDraw = false
973.3870999999926	EXP	Sound: secs = -1
973.3870999999926	EXP	Sound: volume = 1
973.3870999999926	EXP	Sound: loops = 0
973.3870999999926	EXP	Sound: volume = 1
973.6373400000157	DATA	Keydown:  
973.6544900000154	DATA	Keydown:  
973.6751199999999	DATA	Keydown:  
973.6917700000049	DATA	Keydown:  
991.0182950000162	EXP	next_prompt_trial2: autoDraw = true
991.9774550000147	DATA	Keydown:  
991.9890250000171	EXP	next_prompt_trial2: autoDraw = false
991.9890250000171	EXP	Sound: secs = -1
991.9890250000171	EXP	Sound: volume = 1
991.9890250000171	EXP	Sound: loops = 0
991.9890250000171	EXP	Sound: volume = 1
1005.3857800000114	EXP	next_prompt_trial2: autoDraw = true
1006.8027749999892	DATA	Keydown:  
1006.8204250000126	EXP	next_prompt_trial2: autoDraw = false
1006.8204250000126	EXP	Sound: secs = -1
1006.8204250000126	EXP	Sound: volume = 1
1006.8204250000126	EXP	Sound: loops = 0
1006.8204250000126	EXP	Sound: volume = 1
1021.5526900000114	EXP	next_prompt_trial2: autoDraw = true
1022.9425350000092	DATA	Keydown:  
1022.9543249999988	EXP	next_prompt_trial2: autoDraw = false
1022.9543249999988	EXP	Sound: secs = -1
1022.9543249999988	EXP	Sound: volume = 1
1022.9543249999988	EXP	Sound: loops = 0
1022.9543249999988	EXP	Sound: volume = 1
1046.8691800000088	EXP	next_prompt_trial2: autoDraw = true
1048.1713650000165	DATA	Keydown:  
1048.1914150000084	EXP	next_prompt_trial2: autoDraw = false
1048.1914150000084	EXP	Sound: secs = -1
1048.1914150000084	EXP	Sound: volume = 1
1048.1914150000084	EXP	Sound: loops = 0
1048.1914150000084	EXP	Sound: volume = 1
1063.3361600000062	EXP	next_prompt_trial2: autoDraw = true
1064.5295050000132	DATA	Keydown:  
1064.5394899999956	EXP	next_prompt_trial2: autoDraw = false
1064.5394899999956	EXP	Sound: secs = -1
1064.5394899999956	EXP	Sound: volume = 1
1064.5394899999956	EXP	Sound: loops = 0
1064.5394899999956	EXP	Sound: volume = 1
1086.4037400000088	EXP	next_prompt_trial2: autoDraw = true
1087.2714400000114	DATA	Keydown:  
1087.288835000014	EXP	next_prompt_trial2: autoDraw = false
1087.288835000014	EXP	Sound: secs = -1
1087.288835000014	EXP	Sound: volume = 1
1087.288835000014	EXP	Sound: loops = 0
1087.288835000014	EXP	Sound: volume = 1
1104.554124999995	EXP	next_prompt_trial2: autoDraw = true
1105.4733150000102	DATA	Keydown:  
1105.4890200000082	EXP	next_prompt_trial2: autoDraw = false
1105.4890200000082	EXP	Sound: secs = -1
1105.4890200000082	EXP	Sound: volume = 1
1105.4890200000082	EXP	Sound: loops = 0
1105.4890200000082	EXP	Sound: volume = 1
1120.9710649999906	EXP	next_prompt_trial2: autoDraw = true
1127.555640000006	DATA	Keydown:  
1127.5733199999959	EXP	next_prompt_trial2: autoDraw = false
1127.5733199999959	EXP	Sound: secs = -1
1127.5733199999959	EXP	Sound: volume = 1
1127.5733199999959	EXP	Sound: loops = 0
1127.5733199999959	EXP	Sound: volume = 1
1143.0352049999929	EXP	next_prompt_trial2: autoDraw = true
1163.621775000007	DATA	Keydown:  
1163.6397250000155	EXP	next_prompt_trial2: autoDraw = false
1163.6397250000155	EXP	Sound: secs = -1
1163.6397250000155	EXP	Sound: volume = 1
1163.6397250000155	EXP	Sound: loops = 0
1163.6397250000155	EXP	Sound: volume = 1
1177.584830000007	EXP	next_prompt_trial2: autoDraw = true
1178.778720000002	DATA	Keydown:  
1178.8021799999988	EXP	next_prompt_trial2: autoDraw = false
1178.8021799999988	EXP	Sound: secs = -1
1178.8021799999988	EXP	Sound: volume = 1
1178.8021799999988	EXP	Sound: loops = 0
1178.8021799999988	EXP	Sound: volume = 1
1191.7350250000018	EXP	next_prompt_trial2: autoDraw = true
1193.5368799999997	DATA	Keydown:  
1193.5513199999987	EXP	next_prompt_trial2: autoDraw = false
1193.5513199999987	EXP	Sound: secs = -1
1193.5513199999987	EXP	Sound: volume = 1
1193.5513199999987	EXP	Sound: loops = 0
1193.5513199999987	EXP	Sound: volume = 1
1208.6192300000112	EXP	next_prompt_trial2: autoDraw = true
1211.5867950000102	DATA	Keydown:  
1211.6014650000143	EXP	next_prompt_trial2: autoDraw = false
1211.6014650000143	EXP	Sound: secs = -1
1211.6014650000143	EXP	Sound: volume = 1
1211.6014650000143	EXP	Sound: loops = 0
1211.6014650000143	EXP	Sound: volume = 1
1229.0360499999952	EXP	next_prompt_trial2: autoDraw = true
1230.2041400000162	DATA	Keydown:  
1230.2199499999988	EXP	next_prompt_trial2: autoDraw = false
1230.2199499999988	EXP	Sound: secs = -1
1230.2199499999988	EXP	Sound: volume = 1
1230.2199499999988	EXP	Sound: loops = 0
1230.2199499999988	EXP	Sound: volume = 1
1249.5863250000111	EXP	next_prompt_trial2: autoDraw = true
1251.1865000000107	DATA	Keydown:  
1251.2015850000025	EXP	next_prompt_trial2: autoDraw = false
1251.2015850000025	EXP	Sound: secs = -1
1251.2015850000025	EXP	Sound: volume = 1
1251.2015850000025	EXP	Sound: loops = 0
1251.2015850000025	EXP	Sound: volume = 1
1271.0054100000125	EXP	next_prompt_trial2: autoDraw = true
1272.4050500000012	DATA	Keydown:  
1272.4193850000156	EXP	next_prompt_trial2: autoDraw = false
1272.4193850000156	EXP	Sound: secs = -1
1272.4193850000156	EXP	Sound: volume = 1
1272.4193850000156	EXP	Sound: loops = 0
1272.4193850000156	EXP	Sound: volume = 1
1287.172825000016	EXP	next_prompt_trial2: autoDraw = true
1288.4421049999946	DATA	Keydown:  
1288.4700299999968	EXP	next_prompt_trial2: autoDraw = false
1288.4700299999968	EXP	Sound: secs = -1
1288.4700299999968	EXP	Sound: volume = 1
1288.4700299999968	EXP	Sound: loops = 0
1288.4700299999968	EXP	Sound: volume = 1
1312.1733100000129	EXP	next_prompt_trial2: autoDraw = true
1313.2828100000042	DATA	Keydown:  
1313.3039250000147	EXP	next_prompt_trial2: autoDraw = false
1313.3039250000147	EXP	Sound: secs = -1
1313.3039250000147	EXP	Sound: volume = 1
1313.3039250000147	EXP	Sound: loops = 0
1313.3039250000147	EXP	Sound: volume = 1
1328.65413000001	EXP	next_prompt_trial2: autoDraw = true
1330.7896300000139	DATA	Keydown:  
1330.8035549999913	EXP	next_prompt_trial2: autoDraw = false
1330.8035549999913	EXP	Sound: secs = -1
1330.8035549999913	EXP	Sound: volume = 1
1330.8035549999913	EXP	Sound: loops = 0
1330.8035549999913	EXP	Sound: volume = 1
1344.971590000001	EXP	next_prompt_trial2: autoDraw = true
1352.4582850000006	DATA	Keydown:  
1352.478380000015	EXP	next_prompt_trial2: autoDraw = false
1352.478380000015	EXP	Sound: secs = -1
1352.478380000015	EXP	Sound: volume = 1
1352.478380000015	EXP	Sound: loops = 0
1352.478380000015	EXP	Sound: volume = 1
1371.3895699999994	EXP	next_prompt_trial2: autoDraw = true
1372.3253250000125	DATA	Keydown:  
1372.3437949999934	EXP	next_prompt_trial2: autoDraw = false
1372.3437949999934	EXP	Sound: secs = -1
1372.3437949999934	EXP	Sound: volume = 1
1372.3437949999934	EXP	Sound: loops = 0
1372.3437949999934	EXP	Sound: volume = 1
1384.8925100000051	EXP	next_prompt_trial2: autoDraw = true
1386.8116100000043	DATA	Keydown:  
1386.8279050000128	EXP	next_prompt_trial2: autoDraw = false
1386.8279050000128	EXP	Sound: secs = -1
1386.8279050000128	EXP	Sound: volume = 1
1386.8279050000128	EXP	Sound: loops = 0
1386.8279050000128	EXP	Sound: volume = 1
1402.7110800000082	EXP	next_prompt_trial2: autoDraw = true
1403.3131100000173	DATA	Keydown:  
1403.3283900000097	EXP	next_prompt_trial2: autoDraw = false
1403.3283900000097	EXP	Sound: secs = -1
1403.3283900000097	EXP	Sound: volume = 1
1403.3283900000097	EXP	Sound: loops = 0
1403.3283900000097	EXP	Sound: volume = 1
1420.4939749999903	EXP	next_prompt_trial2: autoDraw = true
1427.1172350000124	DATA	Keydown:  
1427.1284199999936	EXP	next_prompt_trial2: autoDraw = false
1427.1284199999936	EXP	Sound: secs = -1
1427.1284199999936	EXP	Sound: volume = 1
1427.1284199999936	EXP	Sound: loops = 0
1427.1284199999936	EXP	Sound: volume = 1
1440.8073049999948	EXP	next_prompt_trial2: autoDraw = true
1443.0279000000155	DATA	Keydown:  
1443.0458900000085	EXP	next_prompt_trial2: autoDraw = false
1443.0458900000085	EXP	Sound: secs = -1
1443.0458900000085	EXP	Sound: volume = 1
1443.0458900000085	EXP	Sound: loops = 0
1443.0458900000085	EXP	Sound: volume = 1
1458.2267500000016	EXP	next_prompt_trial2: autoDraw = true
1459.545604999992	DATA	Keydown:  
1459.5619200000074	EXP	next_prompt_trial2: autoDraw = false
1459.5619200000074	EXP	Sound: secs = -1
1459.5619200000074	EXP	Sound: volume = 1
1459.5619200000074	EXP	Sound: loops = 0
1459.5619200000074	EXP	Sound: volume = 1
1477.2267350000038	EXP	next_prompt_trial2: autoDraw = true
1481.7015700000047	DATA	Keydown:  
1481.713064999989	EXP	next_prompt_trial2: autoDraw = false
1481.713064999989	EXP	Sound: secs = -1
1481.713064999989	EXP	Sound: volume = 1
1481.713064999989	EXP	Sound: loops = 0
1481.713064999989	EXP	Sound: volume = 1
1496.9357000000018	DATA	Keydown:  
1497.3108599999978	EXP	next_prompt_trial2: autoDraw = true
1501.7622900000133	DATA	Keydown:  
1501.7790350000141	EXP	next_prompt_trial2: autoDraw = false
1501.7790350000141	EXP	Sound: secs = -1
1501.7790350000141	EXP	Sound: volume = 1
1501.7790350000141	EXP	Sound: loops = 0
1501.7790350000141	EXP	Sound: volume = 1
1520.32766000001	EXP	next_prompt_trial2: autoDraw = true
1523.2793349999993	DATA	Keydown:  
1523.2978000000003	EXP	next_prompt_trial2: autoDraw = false
1523.2978000000003	EXP	Sound: secs = -1
1523.2978000000003	EXP	Sound: volume = 1
1523.2978000000003	EXP	Sound: loops = 0
1523.2978000000003	EXP	Sound: volume = 1
1538.3617699999886	DATA	Keydown:  
1539.4950900000113	EXP	next_prompt_trial2: autoDraw = true
1540.1532400000142	DATA	Keydown:  
1540.1656200000143	EXP	next_prompt_trial2: autoDraw = false
1540.1656200000143	EXP	Sound: secs = -1
1540.1656200000143	EXP	Sound: volume = 1
1540.1656200000143	EXP	Sound: loops = 0
1540.1656200000143	EXP	Sound: volume = 1
1556.5458149999904	DATA	Keydown:  
1556.6453749999928	EXP	next_prompt_trial2: autoDraw = true
1557.3203999999969	DATA	Keydown:  
1557.330569999991	EXP	next_prompt_trial2: autoDraw = false
1557.330569999991	EXP	Sound: secs = -1
1557.330569999991	EXP	Sound: volume = 1
1557.330569999991	EXP	Sound: loops = 0
1557.330569999991	EXP	Sound: volume = 1
1570.9447450000152	DATA	Keydown:  
1571.2625849999895	EXP	next_prompt_trial2: autoDraw = true
1572.047749999998	DATA	Keydown:  
1572.0646399999969	EXP	next_prompt_trial2: autoDraw = false
1572.0646399999969	EXP	Sound: secs = -1
1572.0646399999969	EXP	Sound: volume = 1
1572.0646399999969	EXP	Sound: loops = 0
1572.0646399999969	EXP	Sound: volume = 1
1573.2145550000132	DATA	Keydown:  
1588.513490000012	DATA	Keydown:  
1590.8620949999895	DATA	Keydown:  
1591.8293000000122	EXP	next_prompt_trial2: autoDraw = true
1592.1147650000057	DATA	Keydown:  
1592.1316450000159	EXP	next_prompt_trial2: autoDraw = false
1592.1316450000159	EXP	Sound: secs = -1
1592.1316450000159	EXP	Sound: volume = 1
1592.1316450000159	EXP	Sound: loops = 0
1592.1316450000159	EXP	Sound: volume = 1
1592.5862699999998	DATA	Keydown:  
1606.26933499999	DATA	Keydown:  
1614.631309999997	DATA	Keydown:  
1617.6676450000086	DATA	Keydown:  
1617.9294250000094	EXP	next_prompt_trial2: autoDraw = true
1618.4016300000076	DATA	Keydown:  
1618.4148200000054	EXP	next_prompt_trial2: autoDraw = false
1618.4148200000054	EXP	Sound: secs = -1
1618.4148200000054	EXP	Sound: volume = 1
1618.4148200000054	EXP	Sound: loops = 0
1618.4148200000054	EXP	Sound: volume = 1
1618.731625000015	DATA	Keydown:  
1631.2013199999928	DATA	Keydown:  
1631.9461550000124	EXP	next_prompt_trial2: autoDraw = true
1632.2649650000094	DATA	Keydown:  
1632.2823999999964	EXP	next_prompt_trial2: autoDraw = false
1632.2823999999964	EXP	Sound: secs = -1
1632.2823999999964	EXP	Sound: volume = 1
1632.2823999999964	EXP	Sound: loops = 0
1632.2823999999964	EXP	Sound: volume = 1
1651.5409349999973	DATA	Keydown:  
1652.2638999999908	EXP	next_prompt_trial2: autoDraw = true
1652.651515000005	DATA	Keydown:  
1652.6651849999907	EXP	next_prompt_trial2: autoDraw = false
1652.6651849999907	EXP	Sound: secs = -1
1652.6651849999907	EXP	Sound: volume = 1
1652.6651849999907	EXP	Sound: loops = 0
1652.6651849999907	EXP	Sound: volume = 1
1653.1348149999976	DATA	Keydown:  
1670.4302949999983	EXP	next_prompt_trial2: autoDraw = true
1671.2953400000115	DATA	Keydown:  
1671.3095899999898	EXP	next_prompt_trial2: autoDraw = false
1671.3095899999898	EXP	Sound: secs = -1
1671.3095899999898	EXP	Sound: volume = 1
1671.3095899999898	EXP	Sound: loops = 0
1671.3095899999898	EXP	Sound: volume = 1
1690.3292899999942	DATA	Keydown:  
1690.3441300000122	EXP	next_prompt_trial2: autoDraw = true
1690.3803849999967	DATA	Keydown: n
1691.295860000013	DATA	Keydown:  
1691.3714650000038	EXP	next_prompt_trial2: autoDraw = false
1691.3714650000038	EXP	completion_text: autoDraw = true
1767.5505249999987	DATA	Keydown:  
1767.6193750000093	EXP	completion_text: autoDraw = false
1767.6193750000093	EXP	goodbyetxt: autoDraw = true
1769.748034999997	DATA	Keydown:  
1770.3490650000167	DATA	Keydown:  
1770.5143950000056	DATA	Keydown:  
1771.1881200000062	DATA	Keydown:  
1773.365209999989	DATA	Keydown:  
1773.5096750000084	DATA	Keydown:  
1773.6526900000172	DATA	Keydown:  
