0.024254999996628612	EXP	Created Window = Window( name=Window, fullscr=true, color=#808080, units=height, waitBlanking=true, autoLog=true, size=[1366,625] )
12.489040000014938	DATA	Keydown: Control
12.887489999993704	DATA	Keydown: V
18.086524999991525	DATA	Keydown: Control
18.625910000002477	DATA	Keydown: Control
18.626685000024736	DATA	Keydown: Control
18.653840000042692	DATA	Keydown: V
20.816845000023022	DATA	Keydown: Tab
22.4966199999908	DATA	Keydown: CapsLock
22.810555000032764	DATA	Keydown: o
23.048835000023246	DATA	Keydown: m
23.286395000002813	DATA	Keydown: t
23.531480000005104	DATA	Keydown: e
23.775989999994636	DATA	Keydown: c
24.086684999987483	DATA	Keydown: h
26.099170000001322	DATA	Keydown: 1
26.303019999992102	DATA	Keydown: 2
26.498439999995753	DATA	Keydown: 2
26.499660000030417	DATA	Keydown: 3
28.006560000008903	DATA	Keydown: Backspace
28.2459600000293	DATA	Keydown: Backspace
28.4064500000095	DATA	Keydown: 3
29.125479999987874	DATA	Keydown: Shift
29.3659200000111	DATA	Keydown: @
30.193665000027977	DATA	Keydown: g
30.49931500002276	DATA	Keydown: m
30.575645000033546	DATA	Keydown: a
30.751170000003185	DATA	Keydown: i
31.050845000019763	DATA	Keydown: l
32.00562499999069	DATA	Keydown: ,
32.50093999999808	DATA	Keydown: Backspace
33.04574999999022	DATA	Keydown: c
33.247555000009015	DATA	Keydown: o
33.46030500001507	DATA	Keydown: m
36.56829000002472	DATA	Keydown: y
36.815219999989495	DATA	Keydown: e
37.061555000022054	DATA	Keydown: s
40.83560500002932	DATA	Keydown: undefined
44.57730500004254	DATA	Keydown: undefined
47.849385000008624	DATA	Keydown: 1
48.01835000002757	DATA	Keydown: 0
50.324055000033695	DATA	Keydown: n
50.56525000004331	DATA	Keydown: o
55.293455000035465	DATA	Keydown: CapsLock
55.60555999999633	DATA	Keydown: F
55.77441499999259	DATA	Keydown: E
56.010524999990594	DATA	Keydown: M
56.32377000001725	DATA	Keydown: A
56.40412000002107	DATA	Keydown: L
56.564620000019204	DATA	Keydown: E
56.565869999991264	DATA	Keydown: W
59.123870000010356	DATA	Keydown: Backspace
59.36465500004124	DATA	Keydown: Tab
60.4037150000222	DATA	Keydown: 3
60.56667999998899	DATA	Keydown: 2
60.74460999999428	DATA	Keydown: Tab
63.44959999999264	DATA	Keydown: R
63.70272500003921	DATA	Keydown: I
63.92408000002615	DATA	Keydown: G
64.40360000001965	DATA	Keydown: H
65.20455000002403	DATA	Keydown: T
65.92453499999829	DATA	Keydown: Tab
68.58133000001544	DATA	Keydown: undefined
70.39556000003358	EXP	Created instructiontxt = TextStim( name=instructiontxt, win=Window( name=Window, fullscr=true, color=#808080, ~), autoDraw=null, autoLog=true, units=height, ori=null, opacity=1, pos=[0,0], size=undefined, text=Welcome to tapping experiment. 

You will hear a s~, font=Arial, color=#FFFFFF, contrast=1, height=0.05, bold=null, italic=null, alignHoriz=left, alignVert=center, wrapWidth=1, flipHoriz=null, flipVert=null )
70.41011500003515	EXP	Created TonePlayer = TonePlayer( name=TonePlayer, note=A4, duration_s=-1, volume=1, loops=null, soundLibrary="TONE_JS", autoLog=true )
70.41139000002295	EXP	Created text = TextStim( name=text, win=Window( name=Window, fullscr=true, color=#808080, ~), autoDraw=null, autoLog=true, units=height, ori=null, opacity=1, pos=[0,0], size=undefined, text=Ready for the next trial?

press space bar to star~, font=Arial, color=#FFFFFF, contrast=1, height=0.05, bold=null, italic=null, alignHoriz=left, alignVert=center, wrapWidth=1, flipHoriz=null, flipVert=null )
70.412164999987	EXP	Created text_2 = TextStim( name=text_2, win=Window( name=Window, fullscr=true, color=#808080, ~), autoDraw=null, autoLog=true, units=height, ori=null, opacity=1, pos=[0,0], size=undefined, text=Practice trials are over.

Now we are going to sta~, font=Arial, color=#FFFFFF, contrast=1, height=0.05, bold=null, italic=null, alignHoriz=left, alignVert=center, wrapWidth=1, flipHoriz=null, flipVert=null )
70.41566500003682	EXP	Created TonePlayer = TonePlayer( name=TonePlayer, note=A4, duration_s=-1, volume=1, loops=null, soundLibrary="TONE_JS", autoLog=true )
70.41645000001881	EXP	Created text_3 = TextStim( name=text_3, win=Window( name=Window, fullscr=true, color=#808080, ~), autoDraw=null, autoLog=true, units=height, ori=null, opacity=1, pos=[0,0], size=undefined, text=Ready for the next trial?

Press space bar to star~, font=Arial, color=#FFFFFF, contrast=1, height=0.05, bold=null, italic=null, alignHoriz=left, alignVert=center, wrapWidth=1, flipHoriz=null, flipVert=null )
70.41709000000264	EXP	Created text_4 = TextStim( name=text_4, win=Window( name=Window, fullscr=true, color=#808080, ~), autoDraw=null, autoLog=true, units=height, ori=null, opacity=1, pos=[0,0], size=undefined, text=Great! This is the half-way break. 

Please take y~, font=Arial, color=#FFFFFF, contrast=1, height=0.05, bold=null, italic=null, alignHoriz=left, alignVert=center, wrapWidth=1, flipHoriz=null, flipVert=null )
70.42006500001298	EXP	Created TonePlayer = TonePlayer( name=TonePlayer, note=A4, duration_s=-1, volume=1, loops=null, soundLibrary="TONE_JS", autoLog=true )
70.42090999998618	EXP	Created next_prompt_trial2 = TextStim( name=next_prompt_trial2, win=Window( name=Window, fullscr=true, color=#808080, ~), autoDraw=null, autoLog=true, units=height, ori=null, opacity=1, pos=[0,0], size=undefined, text=Ready for the next trial? 

Press space bar to sta~, font=Arial, color=#FFFFFF, contrast=1, height=0.05, bold=null, italic=null, alignHoriz=left, alignVert=center, wrapWidth=1, flipHoriz=null, flipVert=null )
70.42156500002602	EXP	Created completion_text = TextStim( name=completion_text, win=Window( name=Window, fullscr=true, color=#808080, ~), autoDraw=null, autoLog=true, units=height, ori=null, opacity=1, pos=[0,0], size=undefined, text=Thanks for your participation! 

Here is your expe~, font=Arial, color=#FFFFFF, contrast=1, height=0.05, bold=null, italic=null, alignHoriz=left, alignVert=center, wrapWidth=1, flipHoriz=null, flipVert=null )
70.42294000001857	EXP	Created goodbyetxt = TextStim( name=goodbyetxt, win=Window( name=Window, fullscr=true, color=#808080, ~), autoDraw=null, autoLog=true, units=height, ori=null, opacity=1, pos=[0,0], size=undefined, text=The test is over!

Thank you so much!!, font=Arial, color=#FFFFFF, contrast=1, height=0.05, bold=null, italic=null, alignHoriz=left, alignVert=center, wrapWidth=1, flipHoriz=null, flipVert=null )
70.44171500002267	EXP	instructiontxt: units = "height"
70.44171500002267	EXP	instructiontxt: ori = 0
70.44171500002267	EXP	instructiontxt: opacity = 1
70.44171500002267	EXP	instructiontxt: pos = [0,0]
70.44171500002267	EXP	instructiontxt: size = undefined
70.44171500002267	EXP	instructiontxt: text = "Welcome to tapping experiment. \n\nYou will hear a sequence of tones.\nUse the index finger of your dominant hand \nto tap the spacebar at where you think the beat \nis throughout the sound file at each trial. \n\nWhen you are ready, press the spacebar to begin the practice."
70.44171500002267	EXP	instructiontxt: font = "Arial"
70.44171500002267	EXP	instructiontxt: color = {"_hex":"#FFFFFF","_rgb":[1,1,1]}
70.44171500002267	EXP	instructiontxt: contrast = 1
70.44171500002267	EXP	instructiontxt: height = 0.05
70.44171500002267	EXP	instructiontxt: bold = false
70.44171500002267	EXP	instructiontxt: italic = false
70.44171500002267	EXP	instructiontxt: alignHoriz = "left"
70.44171500002267	EXP	instructiontxt: alignVert = "center"
70.44171500002267	EXP	instructiontxt: wrapWidth = 1
70.44171500002267	EXP	instructiontxt: flipHoriz = false
70.44171500002267	EXP	instructiontxt: flipVert = false
70.44171500002267	EXP	Sound: secs = -1
70.44171500002267	EXP	Sound: volume = 1
70.44171500002267	EXP	Sound: loops = 0
70.44171500002267	EXP	Sound: volume = 1
70.44171500002267	EXP	text: units = "height"
70.44171500002267	EXP	text: ori = 0
70.44171500002267	EXP	text: opacity = 1
70.44171500002267	EXP	text: pos = [0,0]
70.44171500002267	EXP	text: size = undefined
70.44171500002267	EXP	text: text = "Ready for the next trial?\n\npress space bar to start."
70.44171500002267	EXP	text: font = "Arial"
70.44171500002267	EXP	text: color = {"_hex":"#FFFFFF","_rgb":[1,1,1]}
70.44171500002267	EXP	text: contrast = 1
70.44171500002267	EXP	text: height = 0.05
70.44171500002267	EXP	text: bold = false
70.44171500002267	EXP	text: italic = false
70.44171500002267	EXP	text: alignHoriz = "left"
70.44171500002267	EXP	text: alignVert = "center"
70.44171500002267	EXP	text: wrapWidth = 1
70.44171500002267	EXP	text: flipHoriz = false
70.44171500002267	EXP	text: flipVert = false
70.44171500002267	EXP	text_2: units = "height"
70.44171500002267	EXP	text_2: ori = 0
70.44171500002267	EXP	text_2: opacity = 1
70.44171500002267	EXP	text_2: pos = [0,0]
70.44171500002267	EXP	text_2: size = undefined
70.44171500002267	EXP	text_2: text = "Practice trials are over.\n\nNow we are going to start the real test trials.\nThe total session length will be about 28 minutes, but we will have a short break at the half way mark.\n\nIf you are ready, please space bar."
70.44171500002267	EXP	text_2: font = "Arial"
70.44171500002267	EXP	text_2: color = {"_hex":"#FFFFFF","_rgb":[1,1,1]}
70.44171500002267	EXP	text_2: contrast = 1
70.44171500002267	EXP	text_2: height = 0.05
70.44171500002267	EXP	text_2: bold = false
70.44171500002267	EXP	text_2: italic = false
70.44171500002267	EXP	text_2: alignHoriz = "left"
70.44171500002267	EXP	text_2: alignVert = "center"
70.44171500002267	EXP	text_2: wrapWidth = 1
70.44171500002267	EXP	text_2: flipHoriz = false
70.44171500002267	EXP	text_2: flipVert = false
70.44171500002267	EXP	Sound: secs = -1
70.44171500002267	EXP	Sound: volume = 1
70.44171500002267	EXP	Sound: loops = 0
70.44171500002267	EXP	Sound: volume = 1
70.44171500002267	EXP	text_3: units = "height"
70.44171500002267	EXP	text_3: ori = 0
70.44171500002267	EXP	text_3: opacity = 1
70.44171500002267	EXP	text_3: pos = [0,0]
70.44171500002267	EXP	text_3: size = undefined
70.44171500002267	EXP	text_3: text = "Ready for the next trial?\n\nPress space bar to start."
70.44171500002267	EXP	text_3: font = "Arial"
70.44171500002267	EXP	text_3: color = {"_hex":"#FFFFFF","_rgb":[1,1,1]}
70.44171500002267	EXP	text_3: contrast = 1
70.44171500002267	EXP	text_3: height = 0.05
70.44171500002267	EXP	text_3: bold = false
70.44171500002267	EXP	text_3: italic = false
70.44171500002267	EXP	text_3: alignHoriz = "left"
70.44171500002267	EXP	text_3: alignVert = "center"
70.44171500002267	EXP	text_3: wrapWidth = 1
70.44171500002267	EXP	text_3: flipHoriz = false
70.44171500002267	EXP	text_3: flipVert = false
70.44171500002267	EXP	text_4: units = "height"
70.44171500002267	EXP	text_4: ori = 0
70.44171500002267	EXP	text_4: opacity = 1
70.44171500002267	EXP	text_4: pos = [0,0]
70.44171500002267	EXP	text_4: size = undefined
70.44171500002267	EXP	text_4: text = "Great! This is the half-way break. \n\nPlease take your time. \n\nWhen you are ready to start the second-half of the test trials, please press space bar. "
70.44171500002267	EXP	text_4: font = "Arial"
70.44171500002267	EXP	text_4: color = {"_hex":"#FFFFFF","_rgb":[1,1,1]}
70.44171500002267	EXP	text_4: contrast = 1
70.44171500002267	EXP	text_4: height = 0.05
70.44171500002267	EXP	text_4: bold = false
70.44171500002267	EXP	text_4: italic = false
70.44171500002267	EXP	text_4: alignHoriz = "left"
70.44171500002267	EXP	text_4: alignVert = "center"
70.44171500002267	EXP	text_4: wrapWidth = 1
70.44171500002267	EXP	text_4: flipHoriz = false
70.44171500002267	EXP	text_4: flipVert = false
70.44171500002267	EXP	Sound: secs = -1
70.44171500002267	EXP	Sound: volume = 1
70.44171500002267	EXP	Sound: loops = 0
70.44171500002267	EXP	Sound: volume = 1
70.44171500002267	EXP	next_prompt_trial2: units = "height"
70.44171500002267	EXP	next_prompt_trial2: ori = 0
70.44171500002267	EXP	next_prompt_trial2: opacity = 1
70.44171500002267	EXP	next_prompt_trial2: pos = [0,0]
70.44171500002267	EXP	next_prompt_trial2: size = undefined
70.44171500002267	EXP	next_prompt_trial2: text = "Ready for the next trial? \n\nPress space bar to start. "
70.44171500002267	EXP	next_prompt_trial2: font = "Arial"
70.44171500002267	EXP	next_prompt_trial2: color = {"_hex":"#FFFFFF","_rgb":[1,1,1]}
70.44171500002267	EXP	next_prompt_trial2: contrast = 1
70.44171500002267	EXP	next_prompt_trial2: height = 0.05
70.44171500002267	EXP	next_prompt_trial2: bold = false
70.44171500002267	EXP	next_prompt_trial2: italic = false
70.44171500002267	EXP	next_prompt_trial2: alignHoriz = "left"
70.44171500002267	EXP	next_prompt_trial2: alignVert = "center"
70.44171500002267	EXP	next_prompt_trial2: wrapWidth = 1
70.44171500002267	EXP	next_prompt_trial2: flipHoriz = false
70.44171500002267	EXP	next_prompt_trial2: flipVert = false
70.44171500002267	EXP	completion_text: units = "height"
70.44171500002267	EXP	completion_text: ori = 0
70.44171500002267	EXP	completion_text: opacity = 1
70.44171500002267	EXP	completion_text: pos = [0,0]
70.44171500002267	EXP	completion_text: size = undefined
70.44171500002267	EXP	completion_text: text = "Thanks for your participation! \n\nHere is your experiment completion code: \n\n9158 \n\nPlease write down this code as you will need it in order to receive payment.\n\nIf you are not an MTurk worker, please send an email to nolan.lem@gmail.com with the Experiment Completion Code as the subject of the email. In order to complete the \nexperiment, when you are ready please press space bar and wait until you see a text box appear that says \"Thanks for your patience\" where you can click 'ok'. \n\nIf you are an MTurk worker, please press the space bar to be redirected to the MTurk experiment \nhomepage where you can input the code into the Experiment Completion Code box. "
70.44171500002267	EXP	completion_text: font = "Arial"
70.44171500002267	EXP	completion_text: color = {"_hex":"#FFFFFF","_rgb":[1,1,1]}
70.44171500002267	EXP	completion_text: contrast = 1
70.44171500002267	EXP	completion_text: height = 0.05
70.44171500002267	EXP	completion_text: bold = false
70.44171500002267	EXP	completion_text: italic = false
70.44171500002267	EXP	completion_text: alignHoriz = "left"
70.44171500002267	EXP	completion_text: alignVert = "center"
70.44171500002267	EXP	completion_text: wrapWidth = 1
70.44171500002267	EXP	completion_text: flipHoriz = false
70.44171500002267	EXP	completion_text: flipVert = false
70.44171500002267	EXP	goodbyetxt: units = "height"
70.44171500002267	EXP	goodbyetxt: ori = 0
70.44171500002267	EXP	goodbyetxt: opacity = 1
70.44171500002267	EXP	goodbyetxt: pos = [0,0]
70.44171500002267	EXP	goodbyetxt: size = undefined
70.44171500002267	EXP	goodbyetxt: text = "The test is over!\n\nThank you so much!!"
70.44171500002267	EXP	goodbyetxt: font = "Arial"
70.44171500002267	EXP	goodbyetxt: color = {"_hex":"#FFFFFF","_rgb":[1,1,1]}
70.44171500002267	EXP	goodbyetxt: contrast = 1
70.44171500002267	EXP	goodbyetxt: height = 0.05
70.44171500002267	EXP	goodbyetxt: bold = false
70.44171500002267	EXP	goodbyetxt: italic = false
70.44171500002267	EXP	goodbyetxt: alignHoriz = "left"
70.44171500002267	EXP	goodbyetxt: alignVert = "center"
70.44171500002267	EXP	goodbyetxt: wrapWidth = 1
70.44171500002267	EXP	goodbyetxt: flipHoriz = false
70.44171500002267	EXP	goodbyetxt: flipVert = false
70.44171500002267	EXP	instructiontxt: autoDraw = true
78.17733500001486	DATA	Keydown:  
78.1992850000388	EXP	instructiontxt: autoDraw = false
78.1992850000388	EXP	Sound: secs = -1
78.1992850000388	EXP	Sound: volume = 1
78.1992850000388	EXP	Sound: loops = 0
78.1992850000388	EXP	Sound: volume = 1
96.48689000000013	EXP	text: autoDraw = true
99.20574500004295	DATA	Keydown:  
99.2164300000295	EXP	text: autoDraw = false
99.2164300000295	EXP	text_2: autoDraw = true
102.88073000003351	DATA	Keydown:  
102.9082950000302	EXP	text_2: autoDraw = false
102.9082950000302	EXP	Sound: secs = -1
102.9082950000302	EXP	Sound: volume = 1
102.9082950000302	EXP	Sound: loops = 0
102.9082950000302	EXP	Sound: volume = 1
120.15575000003446	EXP	text_3: autoDraw = true
122.31936500000302	DATA	Keydown:  
122.3484199999948	EXP	text_3: autoDraw = false
122.3484199999948	EXP	text_4: autoDraw = true
126.55937500001164	DATA	Keydown:  
126.57725999999093	EXP	text_4: autoDraw = false
126.57725999999093	EXP	Sound: secs = -1
126.57725999999093	EXP	Sound: volume = 1
126.57725999999093	EXP	Sound: loops = 0
126.57725999999093	EXP	Sound: volume = 1
143.7402000000002	EXP	next_prompt_trial2: autoDraw = true
144.71762000001036	DATA	Keydown:  
144.7491100000334	EXP	next_prompt_trial2: autoDraw = false
144.7491100000334	EXP	completion_text: autoDraw = true
147.37063000001945	DATA	Mouse: wheel shift=(0,-100), pos=(475,253)
148.80106000002706	DATA	Mouse: 0 button down, pos=(119,57)
148.81754499999806	DATA	Mouse: 0 button down, pos=(119,57)
148.96739500004333	DATA	Mouse: 0 button down, pos=(119,57)
149.0372900000075	DATA	Mouse: 0 button down, pos=(119,57)
152.7216550000012	DATA	Mouse: wheel shift=(0,100), pos=(465,458)
152.75366500002565	DATA	Mouse: wheel shift=(0,100), pos=(465,458)
158.26380000001518	DATA	Mouse: wheel shift=(0,100), pos=(665,359)
158.29460500000278	DATA	Mouse: wheel shift=(0,100), pos=(665,359)
158.32832000002963	DATA	Mouse: wheel shift=(0,200), pos=(665,359)
159.6835650000139	DATA	Mouse: wheel shift=(0,100), pos=(780,313)
159.71714500000235	DATA	Mouse: wheel shift=(0,300), pos=(780,313)
160.4761400000425	DATA	Keydown: F11
163.28205500001786	DATA	Mouse: wheel shift=(0,100), pos=(514,394)
163.3050800000201	DATA	Mouse: wheel shift=(0,400), pos=(514,394)
163.7932199999923	DATA	Mouse: wheel shift=(0,400), pos=(514,394)
163.8587300000363	DATA	Mouse: wheel shift=(0,100), pos=(514,394)
165.7666850000387	DATA	Keydown:  
165.79398000001675	EXP	completion_text: autoDraw = false
165.79398000001675	EXP	goodbyetxt: autoDraw = true
168.32180500001414	DATA	Keydown:  
