0.07099999999999995	EXP	Created Window = Window( name=Window, fullscr=true, color=#808080, units=height, waitBlanking=true, autoLog=true, size=[1264,736] )
3.4750000000000005	DATA	Keydown: Shift
3.811	DATA	Keydown: E
4.5120000000000005	DATA	Keydown: Shift
4.753	DATA	Keydown: L
8.514000000000001	DATA	Keydown: l
8.766	DATA	Keydown: i
9.306000000000001	DATA	Keydown: z
10.049000000000001	DATA	Keydown: l
11.262	DATA	Keydown: e
11.604000000000001	DATA	Keydown: m
11.907	DATA	Keydown: 1
12.209	DATA	Keydown: 1
12.49	DATA	Keydown: Shift
12.887	DATA	Keydown: @
13.436	DATA	Keydown: g
13.706000000000001	DATA	Keydown: m
13.975	DATA	Keydown: a
14.237	DATA	Keydown: i
14.618	DATA	Keydown: l
14.936	DATA	Keydown: .
15.2	DATA	Keydown: c
15.402000000000001	DATA	Keydown: o
15.689	DATA	Keydown: m
17.969	DATA	Keydown: n
18.251	DATA	Keydown: o
23.089000000000002	DATA	Keydown: 3
23.471	DATA	Keydown:  
23.842000000000002	DATA	Keydown: y
24.131	DATA	Keydown: e
24.334	DATA	Keydown: a
24.486	DATA	Keydown: r
24.687	DATA	Keydown: s
24.937	DATA	Keydown:  
25.34	DATA	Keydown: p
25.579	DATA	Keydown: i
25.87	DATA	Keydown: a
26.049	DATA	Keydown: n
26.398	DATA	Keydown: o
28.422	DATA	Keydown:  
29.484	DATA	Keydown: a
29.707	DATA	Keydown: s
29.945	DATA	Keydown:  
30.129	DATA	Keydown: a
30.329	DATA	Keydown:  
30.53	DATA	Keydown: c
30.731	DATA	Keydown: h
30.969	DATA	Keydown: i
31.24	DATA	Keydown: k
31.257	DATA	Keydown: l
33.468	DATA	Keydown: Backspace
33.938	DATA	Keydown: Backspace
34.769	DATA	Keydown: l
35.025	DATA	Keydown: d
35.193	DATA	Keydown:  
35.494	DATA	Keydown: a
35.712	DATA	Keydown: n
35.882	DATA	Keydown: d
36.051	DATA	Keydown:  
36.625	DATA	Keydown: c
36.946	DATA	Keydown: h
37.305	DATA	Keydown: o
37.537	DATA	Keydown: i
37.908	DATA	Keydown: r
38.075	DATA	Keydown:  
38.242000000000004	DATA	Keydown: t
38.426	DATA	Keydown: h
38.87	DATA	Keydown: r
39.073	DATA	Keydown: o
39.327	DATA	Keydown: u
39.599	DATA	Keydown: g
39.747	DATA	Keydown: h
39.985	DATA	Keydown:  
40.306000000000004	DATA	Keydown: h
40.576	DATA	Keydown: i
40.875	DATA	Keydown: g
41.066	DATA	Keydown: h
41.305	DATA	Keydown:  
41.521	DATA	Keydown: s
41.779	DATA	Keydown: c
42.028	DATA	Keydown: h
42.331	DATA	Keydown: o
42.467	DATA	Keydown: o
42.687	DATA	Keydown: l
43.843	DATA	Keydown: ArrowDown
44.341	DATA	Keydown: ArrowDown
44.442	DATA	Keydown: ArrowDown
44.527	DATA	Keydown: ArrowDown
47.177	DATA	Keydown: ArrowDown
47.685	DATA	Keydown: ArrowDown
47.762	DATA	Keydown: ArrowDown
47.846000000000004	DATA	Keydown: ArrowDown
47.939	DATA	Keydown: ArrowDown
48.02	DATA	Keydown: ArrowDown
50.395	DATA	Keydown: ArrowDown
51.002	DATA	Keydown: ArrowDown
51.198	DATA	Keydown: ArrowDown
51.335	DATA	Keydown: ArrowDown
55.823	DATA	Keydown: ArrowDown
56.331	DATA	Keydown: ArrowDown
56.401	DATA	Keydown: ArrowDown
57.665	DATA	Keydown: ArrowDown
57.867000000000004	DATA	Keydown: ArrowDown
58.056000000000004	DATA	Keydown: ArrowDown
58.241	DATA	Keydown: ArrowDown
58.407000000000004	DATA	Keydown: ArrowDown
58.557	DATA	Keydown: ArrowDown
63.672999999999995	DATA	Keydown: ArrowDown
64.17899999999999	DATA	Keydown: ArrowDown
64.24799999999999	DATA	Keydown: ArrowDown
64.34899999999999	DATA	Keydown: ArrowDown
64.416	DATA	Keydown: ArrowDown
64.92099999999999	DATA	Keydown: ArrowUp
65.178	DATA	Keydown: ArrowUp
65.36099999999999	DATA	Keydown: ArrowUp
71.556	EXP	Created instructiontxt = TextStim( name=instructiontxt, win=Window( name=Window, fullscr=true, color=#808080, ~), autoDraw=null, autoLog=true, units=height, ori=null, opacity=1, pos=[0,0], size=undefined, text=Welcome to tapping experiment. 

You will hear a s~, font=Arial, color=#FFFFFF, contrast=1, height=0.025, bold=null, italic=null, alignHoriz=left, alignVert=center, wrapWidth=1, flipHoriz=null, flipVert=null )
71.565	EXP	Created TonePlayer = TonePlayer( name=TonePlayer, note=A4, duration_s=-1, volume=1, loops=null, soundLibrary="TONE_JS", autoLog=true )
71.567	EXP	Created text = TextStim( name=text, win=Window( name=Window, fullscr=true, color=#808080, ~), autoDraw=null, autoLog=true, units=height, ori=null, opacity=1, pos=[0,0], size=undefined, text=Ready for the next trial?

press space bar to star~, font=Arial, color=#FFFFFF, contrast=1, height=0.05, bold=null, italic=null, alignHoriz=left, alignVert=center, wrapWidth=1, flipHoriz=null, flipVert=null )
71.56899999999999	EXP	Created text_2 = TextStim( name=text_2, win=Window( name=Window, fullscr=true, color=#808080, ~), autoDraw=null, autoLog=true, units=height, ori=null, opacity=1, pos=[0,0], size=undefined, text=Practice trials are over.

Now we are going to sta~, font=Arial, color=#FFFFFF, contrast=1, height=0.05, bold=null, italic=null, alignHoriz=left, alignVert=center, wrapWidth=1, flipHoriz=null, flipVert=null )
71.57799999999999	EXP	Created TonePlayer = TonePlayer( name=TonePlayer, note=A4, duration_s=-1, volume=1, loops=null, soundLibrary="TONE_JS", autoLog=true )
71.58	EXP	Created text_3 = TextStim( name=text_3, win=Window( name=Window, fullscr=true, color=#808080, ~), autoDraw=null, autoLog=true, units=height, ori=null, opacity=1, pos=[0,0], size=undefined, text=Ready for the next trial?

Press space bar to star~, font=Arial, color=#FFFFFF, contrast=1, height=0.05, bold=null, italic=null, alignHoriz=left, alignVert=center, wrapWidth=1, flipHoriz=null, flipVert=null )
71.582	EXP	Created text_4 = TextStim( name=text_4, win=Window( name=Window, fullscr=true, color=#808080, ~), autoDraw=null, autoLog=true, units=height, ori=null, opacity=1, pos=[0,0], size=undefined, text=Great! This is the half-way break. 

Please take y~, font=Arial, color=#FFFFFF, contrast=1, height=0.05, bold=null, italic=null, alignHoriz=left, alignVert=center, wrapWidth=1, flipHoriz=null, flipVert=null )
71.585	EXP	Created TonePlayer = TonePlayer( name=TonePlayer, note=A4, duration_s=-1, volume=1, loops=null, soundLibrary="TONE_JS", autoLog=true )
71.586	EXP	Created next_prompt_trial2 = TextStim( name=next_prompt_trial2, win=Window( name=Window, fullscr=true, color=#808080, ~), autoDraw=null, autoLog=true, units=height, ori=null, opacity=1, pos=[0,0], size=undefined, text=Ready for the next trial? 

Press space bar to sta~, font=Arial, color=#FFFFFF, contrast=1, height=0.05, bold=null, italic=null, alignHoriz=left, alignVert=center, wrapWidth=1, flipHoriz=null, flipVert=null )
71.588	EXP	Created completion_text = TextStim( name=completion_text, win=Window( name=Window, fullscr=true, color=#808080, ~), autoDraw=null, autoLog=true, units=height, ori=null, opacity=1, pos=[0,0], size=undefined, text=Thanks for your participation! 

Here is your expe~, font=Arial, color=#FFFFFF, contrast=1, height=0.025, bold=null, italic=null, alignHoriz=left, alignVert=center, wrapWidth=1, flipHoriz=null, flipVert=null )
71.589	EXP	Created goodbyetxt = TextStim( name=goodbyetxt, win=Window( name=Window, fullscr=true, color=#808080, ~), autoDraw=null, autoLog=true, units=height, ori=null, opacity=1, pos=[0,0], size=undefined, text=The test is over!

Thank you so much!!, font=Arial, color=#FFFFFF, contrast=1, height=0.05, bold=null, italic=null, alignHoriz=left, alignVert=center, wrapWidth=1, flipHoriz=null, flipVert=null )
71.692	EXP	instructiontxt: units = "height"
71.692	EXP	instructiontxt: ori = 0
71.692	EXP	instructiontxt: opacity = 1
71.692	EXP	instructiontxt: pos = [0,0]
71.692	EXP	instructiontxt: size = undefined
71.692	EXP	instructiontxt: text = "Welcome to tapping experiment. \n\nYou will hear a sequence of tones.\nUse the index finger of your dominant hand \nto tap the spacebar at where you think the beat \nis throughout the sound file at each trial. \n\nWhen you are ready, press the spacebar to begin the practice."
71.692	EXP	instructiontxt: font = "Arial"
71.692	EXP	instructiontxt: color = {"_hex":"#FFFFFF","_rgb":[1,1,1]}
71.692	EXP	instructiontxt: contrast = 1
71.692	EXP	instructiontxt: height = 0.025
71.692	EXP	instructiontxt: bold = false
71.692	EXP	instructiontxt: italic = false
71.692	EXP	instructiontxt: alignHoriz = "left"
71.692	EXP	instructiontxt: alignVert = "center"
71.692	EXP	instructiontxt: wrapWidth = 1
71.692	EXP	instructiontxt: flipHoriz = false
71.692	EXP	instructiontxt: flipVert = false
71.692	EXP	Sound: secs = -1
71.692	EXP	Sound: volume = 1
71.692	EXP	Sound: loops = 0
71.692	EXP	Sound: volume = 1
71.692	EXP	text: units = "height"
71.692	EXP	text: ori = 0
71.692	EXP	text: opacity = 1
71.692	EXP	text: pos = [0,0]
71.692	EXP	text: size = undefined
71.692	EXP	text: text = "Ready for the next trial?\n\npress space bar to start."
71.692	EXP	text: font = "Arial"
71.692	EXP	text: color = {"_hex":"#FFFFFF","_rgb":[1,1,1]}
71.692	EXP	text: contrast = 1
71.692	EXP	text: height = 0.05
71.692	EXP	text: bold = false
71.692	EXP	text: italic = false
71.692	EXP	text: alignHoriz = "left"
71.692	EXP	text: alignVert = "center"
71.692	EXP	text: wrapWidth = 1
71.692	EXP	text: flipHoriz = false
71.692	EXP	text: flipVert = false
71.692	EXP	text_2: units = "height"
71.692	EXP	text_2: ori = 0
71.692	EXP	text_2: opacity = 1
71.692	EXP	text_2: pos = [0,0]
71.692	EXP	text_2: size = undefined
71.692	EXP	text_2: text = "Practice trials are over.\n\nNow we are going to start the real test trials.\nThe total session length will be about 28 minutes, but we will have a short break at the half way mark.\n\nIf you are ready, please space bar."
71.692	EXP	text_2: font = "Arial"
71.692	EXP	text_2: color = {"_hex":"#FFFFFF","_rgb":[1,1,1]}
71.692	EXP	text_2: contrast = 1
71.692	EXP	text_2: height = 0.05
71.692	EXP	text_2: bold = false
71.692	EXP	text_2: italic = false
71.692	EXP	text_2: alignHoriz = "left"
71.692	EXP	text_2: alignVert = "center"
71.692	EXP	text_2: wrapWidth = 1
71.692	EXP	text_2: flipHoriz = false
71.692	EXP	text_2: flipVert = false
71.692	EXP	Sound: secs = -1
71.692	EXP	Sound: volume = 1
71.692	EXP	Sound: loops = 0
71.692	EXP	Sound: volume = 1
71.692	EXP	text_3: units = "height"
71.692	EXP	text_3: ori = 0
71.692	EXP	text_3: opacity = 1
71.692	EXP	text_3: pos = [0,0]
71.692	EXP	text_3: size = undefined
71.692	EXP	text_3: text = "Ready for the next trial?\n\nPress space bar to start."
71.692	EXP	text_3: font = "Arial"
71.692	EXP	text_3: color = {"_hex":"#FFFFFF","_rgb":[1,1,1]}
71.692	EXP	text_3: contrast = 1
71.692	EXP	text_3: height = 0.05
71.692	EXP	text_3: bold = false
71.692	EXP	text_3: italic = false
71.692	EXP	text_3: alignHoriz = "left"
71.692	EXP	text_3: alignVert = "center"
71.692	EXP	text_3: wrapWidth = 1
71.692	EXP	text_3: flipHoriz = false
71.692	EXP	text_3: flipVert = false
71.692	EXP	text_4: units = "height"
71.692	EXP	text_4: ori = 0
71.692	EXP	text_4: opacity = 1
71.692	EXP	text_4: pos = [0,0]
71.692	EXP	text_4: size = undefined
71.692	EXP	text_4: text = "Great! This is the half-way break. \n\nPlease take your time. \n\nWhen you are ready to start the second-half of the test trials, please press space bar. "
71.692	EXP	text_4: font = "Arial"
71.692	EXP	text_4: color = {"_hex":"#FFFFFF","_rgb":[1,1,1]}
71.692	EXP	text_4: contrast = 1
71.692	EXP	text_4: height = 0.05
71.692	EXP	text_4: bold = false
71.692	EXP	text_4: italic = false
71.692	EXP	text_4: alignHoriz = "left"
71.692	EXP	text_4: alignVert = "center"
71.692	EXP	text_4: wrapWidth = 1
71.692	EXP	text_4: flipHoriz = false
71.692	EXP	text_4: flipVert = false
71.692	EXP	Sound: secs = -1
71.692	EXP	Sound: volume = 1
71.692	EXP	Sound: loops = 0
71.692	EXP	Sound: volume = 1
71.692	EXP	next_prompt_trial2: units = "height"
71.692	EXP	next_prompt_trial2: ori = 0
71.692	EXP	next_prompt_trial2: opacity = 1
71.692	EXP	next_prompt_trial2: pos = [0,0]
71.692	EXP	next_prompt_trial2: size = undefined
71.692	EXP	next_prompt_trial2: text = "Ready for the next trial? \n\nPress space bar to start. "
71.692	EXP	next_prompt_trial2: font = "Arial"
71.692	EXP	next_prompt_trial2: color = {"_hex":"#FFFFFF","_rgb":[1,1,1]}
71.692	EXP	next_prompt_trial2: contrast = 1
71.692	EXP	next_prompt_trial2: height = 0.05
71.692	EXP	next_prompt_trial2: bold = false
71.692	EXP	next_prompt_trial2: italic = false
71.692	EXP	next_prompt_trial2: alignHoriz = "left"
71.692	EXP	next_prompt_trial2: alignVert = "center"
71.692	EXP	next_prompt_trial2: wrapWidth = 1
71.692	EXP	next_prompt_trial2: flipHoriz = false
71.692	EXP	next_prompt_trial2: flipVert = false
71.692	EXP	completion_text: units = "height"
71.692	EXP	completion_text: ori = 0
71.692	EXP	completion_text: opacity = 1
71.692	EXP	completion_text: pos = [0,0]
71.692	EXP	completion_text: size = undefined
71.692	EXP	completion_text: text = "Thanks for your participation! \n\nHere is your experiment completion code: \n\n9158 \n\nPlease write down this code as you will need it in order to receive payment.\n\nIf you are not an MTurk worker, please send an email to nolan.lem@gmail.com with the Experiment Completion Code as the subject of the email. In order to complete the \nexperiment, when you are ready please press space bar and wait until you see a text box appear that says \"Thanks for your patience\" where you can click 'ok'. \n\nIf you are an MTurk worker, please press the space bar to be redirected to the MTurk experiment \nhomepage where you can input the code into the Experiment Completion Code box. "
71.692	EXP	completion_text: font = "Arial"
71.692	EXP	completion_text: color = {"_hex":"#FFFFFF","_rgb":[1,1,1]}
71.692	EXP	completion_text: contrast = 1
71.692	EXP	completion_text: height = 0.025
71.692	EXP	completion_text: bold = false
71.692	EXP	completion_text: italic = false
71.692	EXP	completion_text: alignHoriz = "left"
71.692	EXP	completion_text: alignVert = "center"
71.692	EXP	completion_text: wrapWidth = 1
71.692	EXP	completion_text: flipHoriz = false
71.692	EXP	completion_text: flipVert = false
71.692	EXP	goodbyetxt: units = "height"
71.692	EXP	goodbyetxt: ori = 0
71.692	EXP	goodbyetxt: opacity = 1
71.692	EXP	goodbyetxt: pos = [0,0]
71.692	EXP	goodbyetxt: size = undefined
71.692	EXP	goodbyetxt: text = "The test is over!\n\nThank you so much!!"
71.692	EXP	goodbyetxt: font = "Arial"
71.692	EXP	goodbyetxt: color = {"_hex":"#FFFFFF","_rgb":[1,1,1]}
71.692	EXP	goodbyetxt: contrast = 1
71.692	EXP	goodbyetxt: height = 0.05
71.692	EXP	goodbyetxt: bold = false
71.692	EXP	goodbyetxt: italic = false
71.692	EXP	goodbyetxt: alignHoriz = "left"
71.692	EXP	goodbyetxt: alignVert = "center"
71.692	EXP	goodbyetxt: wrapWidth = 1
71.692	EXP	goodbyetxt: flipHoriz = false
71.692	EXP	goodbyetxt: flipVert = false
71.692	EXP	instructiontxt: autoDraw = true
89.19399999999999	DATA	Keydown:  
89.219	EXP	instructiontxt: autoDraw = false
89.219	EXP	Sound: secs = -1
89.219	EXP	Sound: volume = 1
89.219	EXP	Sound: loops = 0
89.219	EXP	Sound: volume = 1
92.283	DATA	Keydown:  
92.482	DATA	Keydown:  
92.786	DATA	Keydown:  
93.106	DATA	Keydown:  
93.378	DATA	Keydown:  
93.57799999999999	DATA	Keydown:  
93.786	DATA	Keydown:  
94.426	DATA	Keydown:  
95.082	DATA	Keydown:  
95.35	DATA	Keydown:  
95.586	DATA	Keydown:  
96.88700000000001	DATA	Keydown:  
97.56299999999999	DATA	Keydown:  
98.25599999999999	DATA	Keydown:  
99.539	DATA	Keydown:  
100.365	DATA	Keydown:  
103.862	EXP	text: autoDraw = true
106.026	DATA	Keydown:  
106.03999999999999	EXP	text: autoDraw = false
106.03999999999999	EXP	Sound: secs = -1
106.03999999999999	EXP	Sound: volume = 1
106.03999999999999	EXP	Sound: loops = 0
106.03999999999999	EXP	Sound: volume = 1
108.63099999999999	DATA	Keydown:  
108.92699999999999	DATA	Keydown:  
109.07499999999999	DATA	Keydown:  
109.50099999999999	DATA	Keydown:  
109.658	DATA	Keydown:  
110.026	DATA	Keydown:  
110.19399999999999	DATA	Keydown:  
110.58	DATA	Keydown:  
110.76599999999999	DATA	Keydown:  
111.00999999999999	DATA	Keydown:  
111.223	DATA	Keydown:  
111.779	DATA	Keydown:  
112.015	DATA	Keydown:  
112.38700000000001	DATA	Keydown:  
112.58999999999999	DATA	Keydown:  
112.99499999999999	DATA	Keydown:  
113.19699999999999	DATA	Keydown:  
113.50099999999999	DATA	Keydown:  
113.72	DATA	Keydown:  
113.97399999999999	DATA	Keydown:  
114.178	DATA	Keydown:  
114.517	DATA	Keydown:  
114.859	DATA	Keydown:  
115.226	DATA	Keydown:  
115.426	DATA	Keydown:  
115.98599999999999	DATA	Keydown:  
116.16199999999999	DATA	Keydown:  
116.77799999999999	DATA	Keydown:  
118.86999999999999	EXP	text: autoDraw = true
119.538	DATA	Keydown:  
119.54899999999999	EXP	text: autoDraw = false
119.54899999999999	EXP	Sound: secs = -1
119.54899999999999	EXP	Sound: volume = 1
119.54899999999999	EXP	Sound: loops = 0
119.54899999999999	EXP	Sound: volume = 1
123.146	DATA	Keydown:  
123.47999999999999	DATA	Keydown:  
123.83399999999999	DATA	Keydown:  
124.178	DATA	Keydown:  
124.579	DATA	Keydown:  
125.068	DATA	Keydown:  
125.52199999999999	DATA	Keydown:  
125.691	DATA	Keydown:  
125.862	DATA	Keydown:  
126.13799999999999	DATA	Keydown:  
126.41	DATA	Keydown:  
126.789	DATA	Keydown:  
127.246	DATA	Keydown:  
127.71999999999998	DATA	Keydown:  
128.14600000000002	DATA	Keydown:  
128.63000000000002	DATA	Keydown:  
129.002	DATA	Keydown:  
129.178	DATA	Keydown:  
129.37300000000002	DATA	Keydown:  
129.586	DATA	Keydown:  
129.80200000000002	DATA	Keydown:  
130.018	DATA	Keydown:  
130.297	DATA	Keydown:  
130.555	DATA	Keydown:  
130.80200000000002	DATA	Keydown:  
131.062	DATA	Keydown:  
131.334	DATA	Keydown:  
131.568	DATA	Keydown:  
131.803	DATA	Keydown:  
132.026	DATA	Keydown:  
132.29000000000002	DATA	Keydown:  
132.548	DATA	Keydown:  
132.78400000000002	DATA	Keydown:  
133.00300000000001	DATA	Keydown:  
133.30700000000002	DATA	Keydown:  
133.50900000000001	DATA	Keydown:  
133.71200000000002	DATA	Keydown:  
133.93	DATA	Keydown:  
134.11700000000002	DATA	Keydown:  
134.29000000000002	DATA	Keydown:  
135.247	EXP	text: autoDraw = true
136.36200000000002	DATA	Keydown:  
136.37800000000001	EXP	text: autoDraw = false
136.37800000000001	EXP	Sound: secs = -1
136.37800000000001	EXP	Sound: volume = 1
136.37800000000001	EXP	Sound: loops = 0
136.37800000000001	EXP	Sound: volume = 1
139.84300000000002	DATA	Keydown:  
140.567	DATA	Keydown:  
141.36200000000002	DATA	Keydown:  
142.104	DATA	Keydown:  
142.864	DATA	Keydown:  
143.60600000000002	DATA	Keydown:  
144.38400000000001	DATA	Keydown:  
145.37900000000002	DATA	Keydown:  
146.14200000000002	DATA	Keydown:  
146.781	DATA	Keydown:  
147.49	DATA	Keydown:  
148.154	DATA	Keydown:  
148.925	DATA	Keydown:  
149.69	DATA	Keydown:  
150.454	DATA	Keydown:  
151.222	DATA	Keydown:  
151.965	DATA	Keydown:  
152.692	DATA	Keydown:  
153.418	DATA	Keydown:  
154.67000000000002	EXP	text: autoDraw = true
155.626	DATA	Keydown:  
155.66400000000002	EXP	text: autoDraw = false
155.66400000000002	EXP	text_2: autoDraw = true
165.181	DATA	Keydown:  
165.211	EXP	text_2: autoDraw = false
165.211	EXP	Sound: secs = -1
165.211	EXP	Sound: volume = 1
165.211	EXP	Sound: loops = 0
165.211	EXP	Sound: volume = 1
167.39600000000002	DATA	Keydown:  
168.02300000000002	DATA	Keydown:  
168.697	DATA	Keydown:  
169.365	DATA	Keydown:  
170.086	DATA	Keydown:  
170.757	DATA	Keydown:  
171.357	DATA	Keydown:  
172.05700000000002	DATA	Keydown:  
172.74900000000002	DATA	Keydown:  
173.445	DATA	Keydown:  
174.053	DATA	Keydown:  
174.76500000000001	DATA	Keydown:  
175.453	DATA	Keydown:  
176.269	DATA	Keydown:  
176.76600000000002	DATA	Keydown:  
177.442	DATA	Keydown:  
178.13500000000002	DATA	Keydown:  
178.793	DATA	Keydown:  
179.52	DATA	Keydown:  
180.16000000000003	DATA	Keydown:  
180.99200000000002	EXP	text_3: autoDraw = true
181.989	DATA	Keydown:  
182.001	EXP	text_3: autoDraw = false
182.001	EXP	Sound: secs = -1
182.001	EXP	Sound: volume = 1
182.001	EXP	Sound: loops = 0
182.001	EXP	Sound: volume = 1
185.109	DATA	Keydown:  
185.27800000000002	DATA	Keydown:  
185.53	DATA	Keydown:  
185.717	DATA	Keydown:  
185.88400000000001	DATA	Keydown:  
186.055	DATA	Keydown:  
186.223	DATA	Keydown:  
186.41400000000002	DATA	Keydown:  
186.58100000000002	DATA	Keydown:  
186.949	DATA	Keydown:  
187.13500000000002	DATA	Keydown:  
187.32	DATA	Keydown:  
187.50900000000001	DATA	Keydown:  
187.71	DATA	Keydown:  
187.911	DATA	Keydown:  
188.149	DATA	Keydown:  
188.334	DATA	Keydown:  
188.67000000000002	DATA	Keydown:  
188.85600000000002	DATA	Keydown:  
189.025	DATA	Keydown:  
189.20600000000002	DATA	Keydown:  
189.43200000000002	DATA	Keydown:  
189.60000000000002	DATA	Keydown:  
189.989	DATA	Keydown:  
190.19	DATA	Keydown:  
190.68	DATA	Keydown:  
190.865	DATA	Keydown:  
191.576	DATA	Keydown:  
192.335	DATA	Keydown:  
192.52	DATA	Keydown:  
192.669	DATA	Keydown:  
193.30100000000002	DATA	Keydown:  
194.18900000000002	DATA	Keydown:  
194.925	DATA	Keydown:  
195.69400000000002	DATA	Keydown:  
196.43800000000002	DATA	Keydown:  
197.133	DATA	Keydown:  
197.701	DATA	Keydown:  
200.068	EXP	text_3: autoDraw = true
200.826	DATA	Keydown:  
200.842	EXP	text_3: autoDraw = false
200.842	EXP	Sound: secs = -1
200.842	EXP	Sound: volume = 1
200.842	EXP	Sound: loops = 0
200.842	EXP	Sound: volume = 1
204.424	DATA	Keydown:  
204.762	DATA	Keydown:  
205.555	DATA	Keydown:  
206.197	DATA	Keydown:  
206.877	DATA	Keydown:  
207.53	DATA	Keydown:  
208.11	DATA	Keydown:  
208.763	DATA	Keydown:  
209.445	DATA	Keydown:  
210.06300000000002	DATA	Keydown:  
210.738	DATA	Keydown:  
211.363	DATA	Keydown:  
211.973	DATA	Keydown:  
212.63000000000002	DATA	Keydown:  
214.978	EXP	text_3: autoDraw = true
215.39800000000002	DATA	Keydown:  
215.41500000000002	EXP	text_3: autoDraw = false
215.41500000000002	EXP	Sound: secs = -1
215.41500000000002	EXP	Sound: volume = 1
215.41500000000002	EXP	Sound: loops = 0
215.41500000000002	EXP	Sound: volume = 1
216.76600000000002	DATA	Keydown:  
218.437	DATA	Keydown:  
218.67700000000002	DATA	Keydown:  
219.357	DATA	Keydown:  
220.03	DATA	Keydown:  
220.76500000000001	DATA	Keydown:  
221.501	DATA	Keydown:  
222.23700000000002	DATA	Keydown:  
222.88000000000002	DATA	Keydown:  
223.554	DATA	Keydown:  
224.18900000000002	DATA	Keydown:  
224.871	DATA	Keydown:  
225.549	DATA	Keydown:  
226.30100000000002	DATA	Keydown:  
227.02100000000002	DATA	Keydown:  
227.826	DATA	Keydown:  
228.65300000000002	DATA	Keydown:  
229.37400000000002	DATA	Keydown:  
230.14200000000002	DATA	Keydown:  
230.89800000000002	DATA	Keydown:  
231.701	DATA	Keydown:  
232.452	DATA	Keydown:  
233.229	DATA	Keydown:  
233.99900000000002	DATA	Keydown:  
234.80100000000002	DATA	Keydown:  
235.57500000000002	DATA	Keydown:  
236.40400000000002	DATA	Keydown:  
237.33100000000002	DATA	Keydown:  
238.25300000000001	DATA	Keydown:  
239.02100000000002	DATA	Keydown:  
240.169	EXP	text_3: autoDraw = true
240.80800000000002	DATA	Keydown:  
240.824	EXP	text_3: autoDraw = false
240.824	EXP	Sound: secs = -1
240.824	EXP	Sound: volume = 1
240.824	EXP	Sound: loops = 0
240.824	EXP	Sound: volume = 1
244.339	DATA	Keydown:  
245	DATA	Keydown:  
245.723	DATA	Keydown:  
246.365	DATA	Keydown:  
247.05700000000002	DATA	Keydown:  
247.74900000000002	DATA	Keydown:  
248.49	DATA	Keydown:  
249.251	DATA	Keydown:  
249.83700000000002	DATA	Keydown:  
250.501	DATA	Keydown:  
251.193	DATA	Keydown:  
251.877	DATA	Keydown:  
252.645	DATA	Keydown:  
253.58100000000002	DATA	Keydown:  
254.098	DATA	Keydown:  
254.726	DATA	Keydown:  
255.39600000000002	DATA	Keydown:  
256.057	DATA	Keydown:  
256.789	DATA	Keydown:  
258.32	EXP	text_3: autoDraw = true
258.842	DATA	Keydown:  
258.858	EXP	text_3: autoDraw = false
258.858	EXP	Sound: secs = -1
258.858	EXP	Sound: volume = 1
258.858	EXP	Sound: loops = 0
258.858	EXP	Sound: volume = 1
260.598	DATA	Keydown:  
261.221	DATA	Keydown:  
262.101	DATA	Keydown:  
262.877	DATA	Keydown:  
263.505	DATA	Keydown:  
264.127	DATA	Keydown:  
264.736	DATA	Keydown:  
265.378	DATA	Keydown:  
266.00100000000003	DATA	Keydown:  
266.685	DATA	Keydown:  
267.573	DATA	Keydown:  
268.198	DATA	Keydown:  
268.872	DATA	Keydown:  
269.571	DATA	Keydown:  
270.293	DATA	Keydown:  
270.949	DATA	Keydown:  
271.54900000000004	DATA	Keydown:  
273.043	EXP	text_3: autoDraw = true
273.663	DATA	Keydown:  
273.682	EXP	text_3: autoDraw = false
273.682	EXP	Sound: secs = -1
273.682	EXP	Sound: volume = 1
273.682	EXP	Sound: loops = 0
273.682	EXP	Sound: volume = 1
277.98900000000003	DATA	Keydown:  
278.664	DATA	Keydown:  
279.314	DATA	Keydown:  
280.009	DATA	Keydown:  
280.67400000000004	DATA	Keydown:  
281.345	DATA	Keydown:  
281.99	DATA	Keydown:  
282.683	DATA	Keydown:  
283.361	DATA	Keydown:  
284.06800000000004	DATA	Keydown:  
284.786	DATA	Keydown:  
285.505	DATA	Keydown:  
286.228	DATA	Keydown:  
286.946	DATA	Keydown:  
287.646	DATA	Keydown:  
288.325	DATA	Keydown:  
289.033	DATA	Keydown:  
289.713	DATA	Keydown:  
291.581	EXP	text_3: autoDraw = true
292.475	DATA	Keydown:  
292.491	EXP	text_3: autoDraw = false
292.491	EXP	Sound: secs = -1
292.491	EXP	Sound: volume = 1
292.491	EXP	Sound: loops = 0
292.491	EXP	Sound: volume = 1
297.153	DATA	Keydown:  
298.099	DATA	Keydown:  
299.095	DATA	Keydown:  
300.18100000000004	DATA	Keydown:  
301.213	DATA	Keydown:  
301.949	DATA	Keydown:  
302.949	DATA	Keydown:  
304.10900000000004	DATA	Keydown:  
305.117	DATA	Keydown:  
306.226	DATA	Keydown:  
307.216	DATA	Keydown:  
308.314	DATA	Keydown:  
309.389	DATA	Keydown:  
310.51	DATA	Keydown:  
311.606	DATA	Keydown:  
312.737	DATA	Keydown:  
313.93600000000004	DATA	Keydown:  
315.153	DATA	Keydown: m
315.154	DATA	Keydown:  
317.295	EXP	text_3: autoDraw = true
317.853	DATA	Keydown:  
317.867	EXP	text_3: autoDraw = false
317.867	EXP	Sound: secs = -1
317.867	EXP	Sound: volume = 1
317.867	EXP	Sound: loops = 0
317.867	EXP	Sound: volume = 1
320.437	DATA	Keydown:  
321.22900000000004	DATA	Keydown:  
322.029	DATA	Keydown:  
322.817	DATA	Keydown:  
323.68	DATA	Keydown:  
324.79400000000004	DATA	Keydown:  
325.63800000000003	DATA	Keydown:  
326.45300000000003	DATA	Keydown:  
327.223	DATA	Keydown:  
328.00100000000003	DATA	Keydown:  
328.83000000000004	DATA	Keydown:  
329.69	DATA	Keydown:  
330.534	DATA	Keydown:  
331.373	DATA	Keydown:  
332.27000000000004	DATA	Keydown:  
333.077	DATA	Keydown:  
333.927	DATA	Keydown:  
335.464	EXP	text_3: autoDraw = true
336.94100000000003	DATA	Keydown:  
336.949	EXP	text_3: autoDraw = false
336.949	EXP	Sound: secs = -1
336.949	EXP	Sound: volume = 1
336.949	EXP	Sound: loops = 0
336.949	EXP	Sound: volume = 1
338.677	DATA	Keydown:  
339.38100000000003	DATA	Keydown:  
340.10200000000003	DATA	Keydown:  
340.916	DATA	Keydown:  
341.66	DATA	Keydown:  
342.471	DATA	Keydown:  
343.28200000000004	DATA	Keydown:  
344.093	DATA	Keydown:  
344.987	DATA	Keydown:  
345.86400000000003	DATA	Keydown:  
346.69100000000003	DATA	Keydown:  
347.452	DATA	Keydown:  
348.367	DATA	Keydown:  
349.207	DATA	Keydown:  
350.54900000000004	DATA	Keydown:  
351.43	DATA	Keydown:  
352.5	DATA	Keydown:  
353.39500000000004	DATA	Keydown:  
355.32	EXP	text_3: autoDraw = true
356.28000000000003	DATA	Keydown:  
356.297	EXP	text_3: autoDraw = false
356.297	EXP	Sound: secs = -1
356.297	EXP	Sound: volume = 1
356.297	EXP	Sound: loops = 0
356.297	EXP	Sound: volume = 1
359.683	DATA	Keydown:  
360.446	DATA	Keydown:  
361.212	DATA	Keydown:  
361.981	DATA	Keydown:  
362.76500000000004	DATA	Keydown:  
363.494	DATA	Keydown:  
364.201	DATA	Keydown:  
364.973	DATA	Keydown:  
366.43	DATA	Keydown:  
367.189	DATA	Keydown:  
367.966	DATA	Keydown:  
368.72700000000003	DATA	Keydown:  
369.502	DATA	Keydown:  
370.27000000000004	DATA	Keydown:  
371.073	DATA	Keydown:  
371.849	DATA	Keydown:  
372.591	DATA	Keydown:  
373.389	DATA	Keydown:  
374.36600000000004	EXP	text_3: autoDraw = true
375.766	DATA	Keydown:  
375.781	EXP	text_3: autoDraw = false
375.781	EXP	Sound: secs = -1
375.781	EXP	Sound: volume = 1
375.781	EXP	Sound: loops = 0
375.781	EXP	Sound: volume = 1
379.952	DATA	Keydown:  
381.744	DATA	Keydown:  
383.60400000000004	DATA	Keydown:  
384.63100000000003	DATA	Keydown:  
385.53200000000004	DATA	Keydown:  
385.982	DATA	Keydown:  
386.488	DATA	Keydown:  
387.004	DATA	Keydown:  
387.468	DATA	Keydown:  
389.223	EXP	text_3: autoDraw = true
390.238	DATA	Keydown:  
390.255	EXP	text_3: autoDraw = false
390.255	EXP	Sound: secs = -1
390.255	EXP	Sound: volume = 1
390.255	EXP	Sound: loops = 0
390.255	EXP	Sound: volume = 1
393.43600000000004	DATA	Keydown:  
394.035	DATA	Keydown:  
395.216	DATA	Keydown:  
396.18	DATA	Keydown:  
397.02700000000004	DATA	Keydown:  
397.93100000000004	DATA	Keydown:  
398.788	DATA	Keydown:  
399.675	DATA	Keydown:  
400.557	DATA	Keydown:  
401.397	DATA	Keydown:  
402.31600000000003	DATA	Keydown:  
403.236	DATA	Keydown:  
404.16700000000003	DATA	Keydown:  
406.074	EXP	text_3: autoDraw = true
406.63	DATA	Keydown:  
406.64500000000004	EXP	text_3: autoDraw = false
406.64500000000004	EXP	Sound: secs = -1
406.64500000000004	EXP	Sound: volume = 1
406.64500000000004	EXP	Sound: loops = 0
406.64500000000004	EXP	Sound: volume = 1
408.796	DATA	Keydown:  
409.54400000000004	DATA	Keydown:  
410.312	DATA	Keydown:  
411.084	DATA	Keydown:  
411.85	DATA	Keydown:  
412.524	DATA	Keydown:  
413.244	DATA	Keydown:  
413.964	DATA	Keydown:  
414.719	DATA	Keydown:  
415.48400000000004	DATA	Keydown:  
416.272	DATA	Keydown:  
417.005	DATA	Keydown:  
417.75800000000004	DATA	Keydown:  
418.555	DATA	Keydown:  
419.27700000000004	DATA	Keydown:  
420.052	DATA	Keydown:  
420.813	DATA	Keydown:  
421.608	DATA	Keydown:  
422.29200000000003	DATA	Keydown:  
423.617	EXP	text_3: autoDraw = true
424.363	DATA	Keydown:  
424.375	EXP	text_3: autoDraw = false
424.375	EXP	Sound: secs = -1
424.375	EXP	Sound: volume = 1
424.375	EXP	Sound: loops = 0
424.375	EXP	Sound: volume = 1
427.045	DATA	Keydown:  
427.60200000000003	DATA	Keydown:  
428.22	DATA	Keydown:  
428.935	DATA	Keydown:  
429.678	DATA	Keydown:  
430.54	DATA	Keydown:  
431.249	DATA	Keydown:  
432.099	DATA	Keydown:  
432.87	DATA	Keydown:  
433.596	DATA	Keydown:  
434.276	DATA	Keydown:  
436.02700000000004	EXP	text_3: autoDraw = true
436.583	DATA	Keydown:  
436.598	EXP	text_3: autoDraw = false
436.598	EXP	Sound: secs = -1
436.598	EXP	Sound: volume = 1
436.598	EXP	Sound: loops = 0
436.598	EXP	Sound: volume = 1
440.04400000000004	DATA	Keydown:  
440.656	DATA	Keydown:  
441.332	DATA	Keydown:  
442.012	DATA	Keydown:  
442.66200000000003	DATA	Keydown:  
443.324	DATA	Keydown:  
443.98	DATA	Keydown:  
444.70500000000004	DATA	Keydown:  
445.314	DATA	Keydown:  
445.94	DATA	Keydown:  
446.596	DATA	Keydown:  
447.27500000000003	DATA	Keydown:  
447.91400000000004	DATA	Keydown:  
448.572	DATA	Keydown:  
449.22	DATA	Keydown:  
449.872	DATA	Keydown:  
450.514	DATA	Keydown:  
451.224	DATA	Keydown:  
452.524	DATA	Keydown:  
454.666	EXP	text_3: autoDraw = true
455.60400000000004	DATA	Keydown:  
455.61400000000003	EXP	text_3: autoDraw = false
455.61400000000003	EXP	Sound: secs = -1
455.61400000000003	EXP	Sound: volume = 1
455.61400000000003	EXP	Sound: loops = 0
455.61400000000003	EXP	Sound: volume = 1
458.348	DATA	Keydown:  
459.625	DATA	Keydown:  
460.595	DATA	Keydown:  
461.45500000000004	DATA	Keydown:  
462.308	DATA	Keydown:  
463.14300000000003	DATA	Keydown:  
464.091	DATA	Keydown:  
465.017	DATA	Keydown:  
465.81300000000005	DATA	Keydown:  
466.63800000000003	DATA	Keydown:  
467.56800000000004	DATA	Keydown:  
468.396	DATA	Keydown:  
469.44100000000003	DATA	Keydown:  
470.236	DATA	Keydown:  
471.13	DATA	Keydown:  
471.992	DATA	Keydown:  
472.903	DATA	Keydown:  
473.697	DATA	Keydown:  
475.672	EXP	text_3: autoDraw = true
476.22900000000004	DATA	Keydown:  
476.244	EXP	text_3: autoDraw = false
476.244	EXP	Sound: secs = -1
476.244	EXP	Sound: volume = 1
476.244	EXP	Sound: loops = 0
476.244	EXP	Sound: volume = 1
479.673	DATA	Keydown:  
481.32800000000003	DATA	Keydown:  
482.444	DATA	Keydown:  
482.625	DATA	Keydown:  
482.796	DATA	Keydown:  
482.983	DATA	Keydown:  
483.168	DATA	Keydown:  
483.35400000000004	DATA	Keydown:  
483.516	DATA	Keydown:  
483.67400000000004	DATA	Keydown:  
483.835	DATA	Keydown:  
484.02000000000004	DATA	Keydown:  
484.199	DATA	Keydown:  
484.384	DATA	Keydown:  
484.57	DATA	Keydown:  
484.738	DATA	Keydown:  
484.92400000000004	DATA	Keydown:  
485.084	DATA	Keydown:  
485.278	DATA	Keydown:  
485.448	DATA	Keydown:  
485.62800000000004	DATA	Keydown:  
485.812	DATA	Keydown:  
485.98900000000003	DATA	Keydown:  
486.15700000000004	DATA	Keydown:  
486.343	DATA	Keydown:  
486.512	DATA	Keydown:  
486.714	DATA	Keydown:  
487.812	DATA	Keydown:  
488.03000000000003	DATA	Keydown:  
488.21700000000004	DATA	Keydown:  
488.38	DATA	Keydown:  
488.571	DATA	Keydown:  
488.742	DATA	Keydown:  
488.911	DATA	Keydown:  
489.095	DATA	Keydown:  
489.283	DATA	Keydown:  
489.468	DATA	Keydown:  
489.65200000000004	DATA	Keydown:  
489.85400000000004	DATA	Keydown:  
490.011	DATA	Keydown:  
490.48	DATA	Keydown:  
490.66	DATA	Keydown:  
490.851	DATA	Keydown:  
493.18	EXP	text_3: autoDraw = true
493.774	DATA	Keydown:  
493.79	EXP	text_3: autoDraw = false
493.79	EXP	Sound: secs = -1
493.79	EXP	Sound: volume = 1
493.79	EXP	Sound: loops = 0
493.79	EXP	Sound: volume = 1
498.21200000000005	DATA	Keydown:  
499.057	DATA	Keydown:  
499.81600000000003	DATA	Keydown:  
500.61	DATA	Keydown:  
501.473	DATA	Keydown:  
502.41	DATA	Keydown:  
503.29400000000004	DATA	Keydown:  
505.033	DATA	Keydown:  
505.928	DATA	Keydown:  
506.80600000000004	DATA	Keydown:  
507.70500000000004	DATA	Keydown:  
508.601	DATA	Keydown:  
509.545	DATA	Keydown:  
510.321	DATA	Keydown:  
511.21700000000004	DATA	Keydown:  
512.024	DATA	Keydown:  
513.053	DATA	Keydown:  
514.32	EXP	text_3: autoDraw = true
515.565	DATA	Keydown:  
515.5840000000001	EXP	text_3: autoDraw = false
515.5840000000001	EXP	Sound: secs = -1
515.5840000000001	EXP	Sound: volume = 1
515.5840000000001	EXP	Sound: loops = 0
515.5840000000001	EXP	Sound: volume = 1
518.032	DATA	Keydown:  
518.996	DATA	Keydown:  
519.825	DATA	Keydown:  
520.721	DATA	Keydown:  
521.562	DATA	Keydown:  
522.4490000000001	DATA	Keydown:  
523.327	DATA	Keydown:  
524.097	DATA	Keydown:  
524.957	DATA	Keydown:  
525.8190000000001	DATA	Keydown:  
526.6800000000001	DATA	Keydown:  
527.465	DATA	Keydown:  
528.333	DATA	Keydown:  
529.094	DATA	Keydown:  
529.871	DATA	Keydown:  
530.625	DATA	Keydown:  
531.525	DATA	Keydown:  
532.289	DATA	Keydown:  
533.097	DATA	Keydown:  
534.176	EXP	text_3: autoDraw = true
534.75	DATA	Keydown:  
534.765	EXP	text_3: autoDraw = false
534.765	EXP	Sound: secs = -1
534.765	EXP	Sound: volume = 1
534.765	EXP	Sound: loops = 0
534.765	EXP	Sound: volume = 1
537.706	DATA	Keydown:  
538.4300000000001	DATA	Keydown:  
539.309	DATA	Keydown:  
540.051	DATA	Keydown:  
540.847	DATA	Keydown:  
541.657	DATA	Keydown:  
542.5210000000001	DATA	Keydown:  
543.322	DATA	Keydown:  
544.145	DATA	Keydown:  
545.049	DATA	Keydown:  
545.8820000000001	DATA	Keydown:  
546.654	DATA	Keydown:  
547.505	DATA	Keydown:  
548.345	DATA	Keydown:  
549.1610000000001	DATA	Keydown:  
549.945	DATA	Keydown:  
550.7760000000001	DATA	Keydown:  
551.5690000000001	DATA	Keydown:  
553.3050000000001	EXP	text_3: autoDraw = true
553.745	DATA	Keydown:  
553.778	EXP	text_3: autoDraw = false
553.778	EXP	Sound: secs = -1
553.778	EXP	Sound: volume = 1
553.778	EXP	Sound: loops = 0
553.778	EXP	Sound: volume = 1
555.561	DATA	Keydown:  
556.344	DATA	Keydown:  
557.172	DATA	Keydown:  
557.953	DATA	Keydown:  
558.811	DATA	Keydown:  
559.993	DATA	Keydown:  
560.924	DATA	Keydown:  
561.833	DATA	Keydown:  
562.6940000000001	DATA	Keydown:  
563.639	DATA	Keydown:  
564.467	DATA	Keydown:  
565.4250000000001	DATA	Keydown:  
566.408	DATA	Keydown:  
567.354	DATA	Keydown:  
568.169	DATA	Keydown:  
569.431	EXP	text_3: autoDraw = true
569.852	DATA	Keydown:  
569.869	EXP	text_3: autoDraw = false
569.869	EXP	Sound: secs = -1
569.869	EXP	Sound: volume = 1
569.869	EXP	Sound: loops = 0
569.869	EXP	Sound: volume = 1
573.179	DATA	Keydown:  
573.985	DATA	Keydown:  
574.753	DATA	Keydown:  
575.476	DATA	Keydown:  
576.641	DATA	Keydown:  
577.282	DATA	Keydown:  
578.042	DATA	Keydown:  
578.818	DATA	Keydown:  
579.591	DATA	Keydown:  
580.422	DATA	Keydown:  
581.198	DATA	Keydown:  
582.009	DATA	Keydown:  
582.804	DATA	Keydown:  
583.62	DATA	Keydown:  
584.357	DATA	Keydown:  
585.217	DATA	Keydown:  
587.142	EXP	text_3: autoDraw = true
587.618	DATA	Keydown:  
587.635	EXP	text_3: autoDraw = false
587.635	EXP	Sound: secs = -1
587.635	EXP	Sound: volume = 1
587.635	EXP	Sound: loops = 0
587.635	EXP	Sound: volume = 1
589.6220000000001	DATA	Keydown:  
590.465	DATA	Keydown:  
591.279	DATA	Keydown:  
592.056	DATA	Keydown:  
592.857	DATA	Keydown:  
593.71	DATA	Keydown:  
594.5550000000001	DATA	Keydown:  
595.424	DATA	Keydown:  
596.16	DATA	Keydown:  
596.9350000000001	DATA	Keydown:  
598.454	DATA	Keydown:  
599.3340000000001	DATA	Keydown:  
600.1940000000001	DATA	Keydown:  
600.988	DATA	Keydown:  
601.831	DATA	Keydown:  
602.643	DATA	Keydown:  
603.385	DATA	Keydown:  
604.2470000000001	DATA	Keydown:  
604.989	DATA	Keydown:  
605.8000000000001	EXP	text_3: autoDraw = true
606.6610000000001	DATA	Keydown:  
606.676	EXP	text_3: autoDraw = false
606.676	EXP	Sound: secs = -1
606.676	EXP	Sound: volume = 1
606.676	EXP	Sound: loops = 0
606.676	EXP	Sound: volume = 1
609.818	DATA	Keydown:  
610.595	DATA	Keydown:  
611.338	DATA	Keydown:  
612.1320000000001	DATA	Keydown:  
612.773	DATA	Keydown:  
613.482	DATA	Keydown:  
614.191	DATA	Keydown:  
614.905	DATA	Keydown:  
615.649	DATA	Keydown:  
616.37	DATA	Keydown:  
617.113	DATA	Keydown:  
618.429	DATA	Keydown:  
619.097	DATA	Keydown:  
619.849	DATA	Keydown:  
620.626	DATA	Keydown:  
621.1850000000001	DATA	Keydown:  
621.89	DATA	Keydown:  
622.549	DATA	Keydown:  
625.2330000000001	EXP	text_3: autoDraw = true
629.154	DATA	Keydown:  
629.1700000000001	EXP	text_3: autoDraw = false
629.1700000000001	EXP	Sound: secs = -1
629.1700000000001	EXP	Sound: volume = 1
629.1700000000001	EXP	Sound: loops = 0
629.1700000000001	EXP	Sound: volume = 1
630.653	DATA	Keydown:  
631.451	DATA	Keydown:  
632.173	DATA	Keydown:  
632.865	DATA	Keydown:  
633.609	DATA	Keydown:  
634.352	DATA	Keydown:  
635.145	DATA	Keydown:  
635.956	DATA	Keydown:  
636.715	DATA	Keydown:  
637.457	DATA	Keydown:  
638.202	DATA	Keydown:  
638.954	DATA	Keydown:  
639.69	DATA	Keydown:  
640.513	DATA	Keydown:  
641.26	DATA	Keydown:  
642.0160000000001	DATA	Keydown:  
642.797	DATA	Keydown:  
643.655	DATA	Keydown:  
644.634	EXP	text_3: autoDraw = true
648.485	DATA	Keydown:  
648.495	EXP	text_3: autoDraw = false
648.495	EXP	Sound: secs = -1
648.495	EXP	Sound: volume = 1
648.495	EXP	Sound: loops = 0
648.495	EXP	Sound: volume = 1
650.98	DATA	Keydown:  
651.724	DATA	Keydown:  
652.64	DATA	Keydown:  
653.558	DATA	Keydown:  
654.0600000000001	DATA	Keydown:  
654.629	DATA	Keydown:  
655.204	DATA	Keydown:  
655.946	DATA	Keydown:  
656.524	DATA	Keydown:  
657.077	DATA	Keydown:  
657.889	DATA	Keydown:  
658.495	DATA	Keydown:  
659.054	DATA	Keydown:  
659.5	DATA	Keydown:  
659.999	DATA	Keydown:  
661.368	EXP	text_3: autoDraw = true
661.756	DATA	Keydown:  
661.7710000000001	EXP	text_3: autoDraw = false
661.7710000000001	EXP	Sound: secs = -1
661.7710000000001	EXP	Sound: volume = 1
661.7710000000001	EXP	Sound: loops = 0
661.7710000000001	EXP	Sound: volume = 1
664.58	DATA	Keydown:  
665.182	DATA	Keydown:  
665.9	DATA	Keydown:  
666.3720000000001	DATA	Keydown:  
666.908	DATA	Keydown:  
667.478	DATA	Keydown:  
668.053	DATA	Keydown:  
668.592	DATA	Keydown:  
669.133	DATA	Keydown:  
669.704	DATA	Keydown:  
670.289	DATA	Keydown:  
670.829	DATA	Keydown:  
671.3000000000001	DATA	Keydown:  
671.869	DATA	Keydown:  
672.436	DATA	Keydown:  
672.9830000000001	DATA	Keydown:  
673.556	DATA	Keydown:  
674.1080000000001	DATA	Keydown:  
676.697	EXP	text_3: autoDraw = true
683.829	DATA	Keydown:  
683.855	EXP	text_3: autoDraw = false
683.855	EXP	Sound: secs = -1
683.855	EXP	Sound: volume = 1
683.855	EXP	Sound: loops = 0
683.855	EXP	Sound: volume = 1
688.07	DATA	Keydown:  
688.669	DATA	Keydown:  
689.301	DATA	Keydown:  
689.9730000000001	DATA	Keydown:  
690.573	DATA	Keydown:  
691.235	DATA	Keydown:  
691.829	DATA	Keydown:  
692.445	DATA	Keydown:  
693.078	DATA	Keydown:  
693.669	DATA	Keydown:  
694.3430000000001	DATA	Keydown:  
694.934	DATA	Keydown:  
695.573	DATA	Keydown:  
696.201	DATA	Keydown:  
696.845	DATA	Keydown:  
697.509	DATA	Keydown:  
698.078	DATA	Keydown:  
699.068	EXP	text_3: autoDraw = true
699.509	DATA	Keydown:  
699.528	EXP	text_3: autoDraw = false
699.528	EXP	Sound: secs = -1
699.528	EXP	Sound: volume = 1
699.528	EXP	Sound: loops = 0
699.528	EXP	Sound: volume = 1
701.585	DATA	Keydown:  
702.428	DATA	Keydown:  
703.173	DATA	Keydown:  
703.948	DATA	Keydown:  
704.717	DATA	Keydown:  
705.501	DATA	Keydown:  
706.253	DATA	Keydown:  
707.106	DATA	Keydown:  
707.7810000000001	DATA	Keydown:  
708.558	DATA	Keydown:  
709.309	DATA	Keydown:  
710.128	DATA	Keydown:  
710.9010000000001	DATA	Keydown:  
711.631	DATA	Keydown:  
712.289	DATA	Keydown:  
713.033	DATA	Keydown:  
713.725	DATA	Keydown:  
714.4010000000001	DATA	Keydown:  
715.11	DATA	Keydown:  
715.797	DATA	Keydown:  
716.549	DATA	Keydown:  
717.304	DATA	Keydown:  
718.053	DATA	Keydown:  
718.773	DATA	Keydown:  
719.4150000000001	DATA	Keydown:  
720.105	DATA	Keydown:  
720.833	DATA	Keydown:  
721.525	DATA	Keydown:  
722.792	EXP	text_3: autoDraw = true
723.362	DATA	Keydown:  
723.381	EXP	text_3: autoDraw = false
723.381	EXP	Sound: secs = -1
723.381	EXP	Sound: volume = 1
723.381	EXP	Sound: loops = 0
723.381	EXP	Sound: volume = 1
726.7330000000001	DATA	Keydown:  
727.6850000000001	DATA	Keydown:  
728.398	DATA	Keydown:  
729.166	DATA	Keydown:  
729.832	DATA	Keydown:  
730.559	DATA	Keydown:  
731.3190000000001	DATA	Keydown:  
731.9970000000001	DATA	Keydown:  
732.737	DATA	Keydown:  
733.749	DATA	Keydown:  
734.441	DATA	Keydown:  
735.1850000000001	DATA	Keydown:  
735.8430000000001	DATA	Keydown:  
736.621	DATA	Keydown:  
737.245	DATA	Keydown:  
737.957	DATA	Keydown:  
738.691	DATA	Keydown:  
741.7330000000001	EXP	text_3: autoDraw = true
742.446	DATA	Keydown:  
742.479	EXP	text_3: autoDraw = false
742.479	EXP	Sound: secs = -1
742.479	EXP	Sound: volume = 1
742.479	EXP	Sound: loops = 0
742.479	EXP	Sound: volume = 1
745.116	DATA	Keydown:  
745.8050000000001	DATA	Keydown:  
746.3480000000001	DATA	Keydown:  
747.02	DATA	Keydown:  
748.017	DATA	Keydown:  
748.7090000000001	DATA	Keydown:  
749.3340000000001	DATA	Keydown:  
750.062	DATA	Keydown:  
750.918	DATA	Keydown:  
751.5640000000001	DATA	Keydown:  
752.238	DATA	Keydown:  
752.898	DATA	Keydown:  
753.454	DATA	Keydown:  
754.0450000000001	DATA	Keydown:  
754.704	DATA	Keydown:  
755.649	DATA	Keydown:  
757.488	EXP	text_3: autoDraw = true
757.91	DATA	Keydown:  
757.934	EXP	text_3: autoDraw = false
757.934	EXP	Sound: secs = -1
757.934	EXP	Sound: volume = 1
757.934	EXP	Sound: loops = 0
757.934	EXP	Sound: volume = 1
760.394	DATA	Keydown:  
761.576	DATA	Keydown:  
762.118	DATA	Keydown:  
762.615	DATA	Keydown:  
763.102	DATA	Keydown:  
763.639	DATA	Keydown:  
764.1410000000001	DATA	Keydown:  
764.716	DATA	Keydown:  
765.205	DATA	Keydown:  
765.745	DATA	Keydown:  
766.355	DATA	Keydown:  
766.978	DATA	Keydown:  
767.552	DATA	Keydown:  
768.094	DATA	Keydown:  
768.852	DATA	Keydown:  
769.375	DATA	Keydown:  
769.916	DATA	Keydown:  
771.453	EXP	text_3: autoDraw = true
771.9590000000001	DATA	Keydown:  
771.975	EXP	text_3: autoDraw = false
771.975	EXP	Sound: secs = -1
771.975	EXP	Sound: volume = 1
771.975	EXP	Sound: loops = 0
771.975	EXP	Sound: volume = 1
774.654	DATA	Keydown:  
775.302	DATA	Keydown:  
775.91	DATA	Keydown:  
776.926	DATA	Keydown:  
777.649	DATA	Keydown:  
778.294	DATA	Keydown:  
778.9490000000001	DATA	Keydown:  
779.575	DATA	Keydown:  
780.2860000000001	DATA	Keydown:  
780.846	DATA	Keydown:  
781.5160000000001	DATA	Keydown:  
782.11	DATA	Keydown:  
782.7810000000001	DATA	Keydown:  
783.323	DATA	Keydown:  
783.946	DATA	Keydown:  
784.5210000000001	DATA	Keydown:  
785.118	DATA	Keydown:  
785.77	DATA	Keydown:  
787.745	EXP	text_3: autoDraw = true
791.371	DATA	Keydown:  
791.379	EXP	text_3: autoDraw = false
791.379	EXP	Sound: secs = -1
791.379	EXP	Sound: volume = 1
791.379	EXP	Sound: loops = 0
791.379	EXP	Sound: volume = 1
793.217	DATA	Keydown:  
793.7900000000001	DATA	Keydown:  
794.399	DATA	Keydown:  
795.158	DATA	Keydown:  
795.8670000000001	DATA	Keydown:  
796.499	DATA	Keydown:  
797.134	DATA	Keydown:  
797.758	DATA	Keydown:  
798.403	DATA	Keydown:  
799.027	DATA	Keydown:  
799.6850000000001	DATA	Keydown:  
800.342	DATA	Keydown:  
801.0160000000001	DATA	Keydown:  
801.732	DATA	Keydown:  
802.383	DATA	Keydown:  
803.043	DATA	Keydown:  
803.6510000000001	DATA	Keydown:  
804.3770000000002	DATA	Keydown:  
805.035	DATA	Keydown:  
805.693	DATA	Keydown:  
806.335	DATA	Keydown:  
807.028	DATA	Keydown:  
807.7370000000001	DATA	Keydown:  
808.3960000000001	DATA	Keydown:  
809.087	DATA	Keydown:  
809.6990000000001	DATA	Keydown:  
810.388	DATA	Keydown:  
810.971	DATA	Keydown:  
811.706	DATA	Keydown:  
812.616	EXP	text_3: autoDraw = true
817.865	DATA	Keydown:  
817.881	EXP	text_3: autoDraw = false
817.881	EXP	Sound: secs = -1
817.881	EXP	Sound: volume = 1
817.881	EXP	Sound: loops = 0
817.881	EXP	Sound: volume = 1
821.5880000000001	DATA	Keydown:  
822.0110000000001	DATA	Keydown:  
822.493	DATA	Keydown:  
822.979	DATA	Keydown:  
823.523	DATA	Keydown:  
824.0310000000001	DATA	Keydown:  
824.6270000000002	DATA	Keydown:  
825.128	DATA	Keydown:  
825.702	DATA	Keydown:  
826.2090000000001	DATA	Keydown:  
826.7230000000001	DATA	Keydown:  
827.221	DATA	Keydown:  
827.744	DATA	Keydown:  
828.269	DATA	Keydown:  
828.7470000000001	DATA	Keydown:  
829.2810000000001	DATA	Keydown:  
829.763	DATA	Keydown:  
830.328	DATA	Keydown:  
832.219	EXP	text_3: autoDraw = true
832.64	DATA	Keydown:  
832.6560000000001	EXP	text_3: autoDraw = false
832.6560000000001	EXP	Sound: secs = -1
832.6560000000001	EXP	Sound: volume = 1
832.6560000000001	EXP	Sound: loops = 0
832.6560000000001	EXP	Sound: volume = 1
836.402	DATA	Keydown:  
837.083	DATA	Keydown:  
837.8240000000001	DATA	Keydown:  
838.6360000000001	DATA	Keydown:  
839.426	DATA	Keydown:  
840.226	DATA	Keydown:  
840.994	DATA	Keydown:  
841.746	DATA	Keydown:  
842.5360000000001	DATA	Keydown:  
843.3000000000001	DATA	Keydown:  
844.173	DATA	Keydown:  
844.918	DATA	Keydown:  
845.692	DATA	Keydown:  
846.466	DATA	Keydown:  
847.364	DATA	Keydown:  
848.3100000000001	DATA	Keydown:  
849.11	DATA	Keydown:  
849.874	DATA	Keydown:  
852.5310000000001	EXP	text_3: autoDraw = true
853.482	DATA	Keydown:  
853.495	EXP	text_3: autoDraw = false
853.495	EXP	Sound: secs = -1
853.495	EXP	Sound: volume = 1
853.495	EXP	Sound: loops = 0
853.495	EXP	Sound: volume = 1
856.5840000000001	DATA	Keydown:  
857.445	DATA	Keydown:  
858.155	DATA	Keydown:  
858.913	DATA	Keydown:  
859.626	DATA	Keydown:  
860.434	DATA	Keydown:  
861.202	DATA	Keydown:  
861.957	DATA	Keydown:  
862.6750000000001	DATA	Keydown:  
863.3380000000001	DATA	Keydown:  
864.066	DATA	Keydown:  
864.791	DATA	Keydown:  
865.464	DATA	Keydown:  
866.267	DATA	Keydown:  
866.951	DATA	Keydown:  
867.676	DATA	Keydown:  
868.4100000000001	DATA	Keydown:  
869.044	DATA	Keydown:  
870.008	DATA	Keydown:  
870.682	DATA	Keydown:  
871.4350000000001	DATA	Keydown:  
873.52	EXP	text_3: autoDraw = true
874.1460000000001	DATA	Keydown:  
874.159	EXP	text_3: autoDraw = false
874.159	EXP	Sound: secs = -1
874.159	EXP	Sound: volume = 1
874.159	EXP	Sound: loops = 0
874.159	EXP	Sound: volume = 1
877.251	DATA	Keydown:  
877.8910000000001	DATA	Keydown:  
878.434	DATA	Keydown:  
878.888	DATA	Keydown:  
879.3770000000002	DATA	Keydown:  
880.039	DATA	Keydown:  
880.88	DATA	Keydown:  
881.419	DATA	Keydown:  
881.945	DATA	Keydown:  
882.501	DATA	Keydown:  
883.067	DATA	Keydown:  
883.6320000000001	DATA	Keydown:  
884.258	DATA	Keydown:  
884.8670000000001	DATA	Keydown:  
885.562	DATA	Keydown:  
886.1460000000001	DATA	Keydown:  
888.481	EXP	text_3: autoDraw = true
889.068	DATA	Keydown:  
889.0840000000001	EXP	text_3: autoDraw = false
889.0840000000001	EXP	Sound: secs = -1
889.0840000000001	EXP	Sound: volume = 1
889.0840000000001	EXP	Sound: loops = 0
889.0840000000001	EXP	Sound: volume = 1
891.3480000000001	DATA	Keydown:  
892.041	DATA	Keydown:  
893.1220000000001	DATA	Keydown:  
893.97	DATA	Keydown:  
894.8770000000002	DATA	Keydown:  
895.722	DATA	Keydown:  
896.5160000000001	DATA	Keydown:  
897.477	DATA	Keydown:  
898.211	DATA	Keydown:  
898.9300000000001	DATA	Keydown:  
899.724	DATA	Keydown:  
900.618	DATA	Keydown:  
901.336	DATA	Keydown:  
902.038	DATA	Keydown:  
902.7610000000001	DATA	Keydown:  
903.5160000000001	DATA	Keydown:  
905.095	EXP	text_3: autoDraw = true
905.447	DATA	Keydown:  
905.482	EXP	text_3: autoDraw = false
905.482	EXP	text_4: autoDraw = true
1035.6970000000001	DATA	Keydown:  
1035.72	EXP	text_4: autoDraw = false
1035.72	EXP	Sound: secs = -1
1035.72	EXP	Sound: volume = 1
1035.72	EXP	Sound: loops = 0
1035.72	EXP	Sound: volume = 1
1039.338	DATA	Keydown:  
1039.8220000000001	DATA	Keydown:  
1040.393	DATA	Keydown:  
1040.913	DATA	Keydown:  
1041.641	DATA	Keydown:  
1042.134	DATA	Keydown:  
1042.615	DATA	Keydown:  
1043.155	DATA	Keydown:  
1043.682	DATA	Keydown:  
1044.2250000000001	DATA	Keydown:  
1044.7930000000001	DATA	Keydown:  
1045.385	DATA	Keydown:  
1046.039	DATA	Keydown:  
1046.618	DATA	Keydown:  
1047.098	DATA	Keydown:  
1047.609	DATA	Keydown:  
1048.1870000000004	DATA	Keydown:  
1048.762	DATA	Keydown:  
1050.385	EXP	next_prompt_trial2: autoDraw = true
1050.855	DATA	Keydown:  
1050.873	EXP	next_prompt_trial2: autoDraw = false
1050.873	EXP	Sound: secs = -1
1050.873	EXP	Sound: volume = 1
1050.873	EXP	Sound: loops = 0
1050.873	EXP	Sound: volume = 1
1053.692	DATA	Keydown:  
1054.367	DATA	Keydown:  
1055.409	DATA	Keydown:  
1056.411	DATA	Keydown:  
1057.39	DATA	Keydown:  
1058.436	DATA	Keydown:  
1059.601	DATA	Keydown:  
1060.683	DATA	Keydown:  
1061.695	DATA	Keydown:  
1062.7930000000001	DATA	Keydown:  
1063.865	DATA	Keydown:  
1065.038	DATA	Keydown:  
1066.22	DATA	Keydown:  
1068.212	DATA	Keydown:  
1068.804	EXP	next_prompt_trial2: autoDraw = true
1069.714	DATA	Keydown:  
1069.731	EXP	next_prompt_trial2: autoDraw = false
1069.731	EXP	Sound: secs = -1
1069.731	EXP	Sound: volume = 1
1069.731	EXP	Sound: loops = 0
1069.731	EXP	Sound: volume = 1
1073.65	DATA	Keydown:  
1074.14	DATA	Keydown:  
1074.695	DATA	Keydown:  
1075.191	DATA	Keydown:  
1075.743	DATA	Keydown:  
1076.303	DATA	Keydown:  
1076.823	DATA	Keydown:  
1077.366	DATA	Keydown:  
1077.943	DATA	Keydown:  
1078.535	DATA	Keydown:  
1079.053	DATA	Keydown:  
1079.592	DATA	Keydown:  
1080.251	DATA	Keydown:  
1080.792	DATA	Keydown:  
1081.348	DATA	Keydown:  
1081.935	DATA	Keydown:  
1082.503	DATA	Keydown:  
1083.104	DATA	Keydown:  
1083.663	DATA	Keydown:  
1084.175	DATA	Keydown:  
1084.6580000000001	DATA	Keydown:  
1085.198	DATA	Keydown:  
1085.674	DATA	Keydown:  
1086.247	DATA	Keydown:  
1086.759	DATA	Keydown:  
1087.329	DATA	Keydown:  
1087.916	DATA	Keydown:  
1088.423	DATA	Keydown:  
1090.264	EXP	next_prompt_trial2: autoDraw = true
1090.863	DATA	Keydown:  
1090.872	EXP	next_prompt_trial2: autoDraw = false
1090.872	EXP	Sound: secs = -1
1090.872	EXP	Sound: volume = 1
1090.872	EXP	Sound: loops = 0
1090.872	EXP	Sound: volume = 1
1093.623	DATA	Keydown:  
1094.487	DATA	Keydown:  
1094.889	DATA	Keydown:  
1095.103	DATA	Keydown:  
1095.329	DATA	Keydown:  
1095.566	DATA	Keydown:  
1095.92	DATA	Keydown:  
1096.46	DATA	Keydown:  
1096.911	DATA	Keydown:  
1097.415	DATA	Keydown:  
1097.935	DATA	Keydown:  
1098.469	DATA	Keydown:  
1098.967	DATA	Keydown:  
1099.584	DATA	Keydown:  
1100.124	DATA	Keydown:  
1100.683	DATA	Keydown:  
1101.238	DATA	Keydown:  
1101.761	DATA	Keydown:  
1102.303	DATA	Keydown:  
1102.8600000000001	DATA	Keydown:  
1103.416	DATA	Keydown:  
1103.94	DATA	Keydown:  
1104.567	DATA	Keydown:  
1105.122	DATA	Keydown:  
1105.731	DATA	Keydown:  
1106.338	DATA	Keydown:  
1106.912	DATA	Keydown:  
1107.452	DATA	Keydown:  
1108.015	DATA	Keydown:  
1108.566	DATA	Keydown:  
1109.079	DATA	Keydown:  
1109.731	DATA	Keydown:  
1110.28	DATA	Keydown:  
1110.896	DATA	Keydown:  
1111.436	DATA	Keydown:  
1112.653	EXP	next_prompt_trial2: autoDraw = true
1184.46	DATA	Keydown:  
1184.48	EXP	next_prompt_trial2: autoDraw = false
1184.48	EXP	Sound: secs = -1
1184.48	EXP	Sound: volume = 1
1184.48	EXP	Sound: loops = 0
1184.48	EXP	Sound: volume = 1
1187.828	DATA	Keydown:  
1188.156	DATA	Keydown:  
1188.548	DATA	Keydown:  
1188.8600000000001	DATA	Keydown:  
1189.309	DATA	Keydown:  
1189.678	DATA	Keydown:  
1190.049	DATA	Keydown:  
1190.454	DATA	Keydown:  
1190.82	DATA	Keydown:  
1191.268	DATA	Keydown:  
1191.724	DATA	Keydown:  
1192.136	DATA	Keydown:  
1192.568	DATA	Keydown:  
1192.972	DATA	Keydown:  
1193.396	DATA	Keydown:  
1193.815	DATA	Keydown:  
1194.205	DATA	Keydown:  
1194.609	DATA	Keydown:  
1195.0520000000001	DATA	Keydown:  
1195.516	DATA	Keydown:  
1195.9650000000001	DATA	Keydown:  
1196.3790000000001	DATA	Keydown:  
1196.788	DATA	Keydown:  
1197.141	DATA	Keydown:  
1197.5240000000001	DATA	Keydown:  
1197.986	DATA	Keydown:  
1198.4080000000001	DATA	Keydown:  
1198.847	DATA	Keydown:  
1199.324	DATA	Keydown:  
1199.748	DATA	Keydown:  
1200.18	DATA	Keydown:  
1200.6190000000001	DATA	Keydown:  
1201.068	DATA	Keydown:  
1201.565	DATA	Keydown:  
1201.987	DATA	Keydown:  
1202.469	DATA	Keydown:  
1202.9	DATA	Keydown:  
1203.372	DATA	Keydown:  
1203.828	DATA	Keydown:  
1204.269	DATA	Keydown:  
1204.708	DATA	Keydown:  
1205.094	DATA	Keydown:  
1205.6200000000001	DATA	Keydown:  
1207.9850000000001	EXP	next_prompt_trial2: autoDraw = true
1208.538	DATA	Keydown:  
1208.554	EXP	next_prompt_trial2: autoDraw = false
1208.554	EXP	Sound: secs = -1
1208.554	EXP	Sound: volume = 1
1208.554	EXP	Sound: loops = 0
1208.554	EXP	Sound: volume = 1
1211.883	DATA	Keydown:  
1212.287	DATA	Keydown:  
1212.762	DATA	Keydown:  
1213.22	DATA	Keydown:  
1213.89	DATA	Keydown:  
1214.433	DATA	Keydown:  
1214.99	DATA	Keydown:  
1215.532	DATA	Keydown:  
1216.054	DATA	Keydown:  
1216.5420000000001	DATA	Keydown:  
1217.014	DATA	Keydown:  
1217.508	DATA	Keydown:  
1218.029	DATA	Keydown:  
1218.5	DATA	Keydown:  
1218.9560000000001	DATA	Keydown:  
1219.481	DATA	Keydown:  
1219.969	DATA	Keydown:  
1220.556	DATA	Keydown:  
1220.924	DATA	Keydown:  
1221.387	DATA	Keydown:  
1221.809	DATA	Keydown:  
1222.282	DATA	Keydown:  
1222.722	DATA	Keydown:  
1223.1770000000001	DATA	Keydown:  
1223.7	DATA	Keydown:  
1224.1480000000001	DATA	Keydown:  
1224.612	DATA	Keydown:  
1225.02	DATA	Keydown:  
1225.423	DATA	Keydown:  
1225.901	DATA	Keydown:  
1226.388	DATA	Keydown:  
1226.9080000000001	DATA	Keydown:  
1227.388	DATA	Keydown:  
1227.89	DATA	Keydown:  
1228.378	DATA	Keydown:  
1228.816	DATA	Keydown:  
1229.289	DATA	Keydown:  
1231.502	EXP	next_prompt_trial2: autoDraw = true
1232.006	DATA	Keydown:  
1232.022	EXP	next_prompt_trial2: autoDraw = false
1232.022	EXP	Sound: secs = -1
1232.022	EXP	Sound: volume = 1
1232.022	EXP	Sound: loops = 0
1232.022	EXP	Sound: volume = 1
1234.9	DATA	Keydown:  
1235.612	DATA	Keydown:  
1236.452	DATA	Keydown:  
1237.614	DATA	Keydown:  
1238.576	DATA	Keydown:  
1239.564	DATA	Keydown:  
1240.3990000000001	DATA	Keydown:  
1241.452	DATA	Keydown:  
1242.628	DATA	Keydown:  
1243.556	DATA	Keydown:  
1244.452	DATA	Keydown:  
1245.313	DATA	Keydown:  
1246.108	DATA	Keydown:  
1246.9	DATA	Keydown:  
1247.922	DATA	Keydown:  
1250.2440000000001	EXP	next_prompt_trial2: autoDraw = true
1250.68	DATA	Keydown:  
1250.6960000000001	EXP	next_prompt_trial2: autoDraw = false
1250.6960000000001	EXP	Sound: secs = -1
1250.6960000000001	EXP	Sound: volume = 1
1250.6960000000001	EXP	Sound: loops = 0
1250.6960000000001	EXP	Sound: volume = 1
1253.036	DATA	Keydown:  
1253.772	DATA	Keydown:  
1254.567	DATA	Keydown:  
1255.2920000000001	DATA	Keydown:  
1256.035	DATA	Keydown:  
1256.729	DATA	Keydown:  
1257.452	DATA	Keydown:  
1258.1580000000001	DATA	Keydown:  
1258.905	DATA	Keydown:  
1259.682	DATA	Keydown:  
1260.373	DATA	Keydown:  
1261.116	DATA	Keydown:  
1261.8120000000004	DATA	Keydown:  
1262.6200000000001	DATA	Keydown:  
1263.278	DATA	Keydown:  
1264.021	DATA	Keydown:  
1264.82	DATA	Keydown:  
1265.5230000000001	DATA	Keydown:  
1266.22	DATA	Keydown:  
1266.874	DATA	Keydown:  
1268.21	EXP	next_prompt_trial2: autoDraw = true
1268.663	DATA	Keydown:  
1268.679	EXP	next_prompt_trial2: autoDraw = false
1268.679	EXP	Sound: secs = -1
1268.679	EXP	Sound: volume = 1
1268.679	EXP	Sound: loops = 0
1268.679	EXP	Sound: volume = 1
1271.298	DATA	Keydown:  
1272.125	DATA	Keydown:  
1272.886	DATA	Keydown:  
1273.695	DATA	Keydown:  
1274.508	DATA	Keydown:  
1275.284	DATA	Keydown:  
1276.008	DATA	Keydown:  
1276.853	DATA	Keydown:  
1277.6290000000001	DATA	Keydown:  
1278.444	DATA	Keydown:  
1279.216	DATA	Keydown:  
1280.028	DATA	Keydown:  
1280.8600000000001	DATA	Keydown:  
1281.645	DATA	Keydown:  
1282.492	DATA	Keydown:  
1283.269	DATA	Keydown:  
1284.0620000000004	DATA	Keydown:  
1284.856	DATA	Keydown:  
1286.528	EXP	next_prompt_trial2: autoDraw = true
1287.303	DATA	Keydown:  
1287.318	EXP	next_prompt_trial2: autoDraw = false
1287.318	EXP	Sound: secs = -1
1287.318	EXP	Sound: volume = 1
1287.318	EXP	Sound: loops = 0
1287.318	EXP	Sound: volume = 1
1290.604	DATA	Keydown:  
1291.172	DATA	Keydown:  
1291.508	DATA	Keydown:  
1292.099	DATA	Keydown:  
1292.3020000000001	DATA	Keydown:  
1292.894	DATA	Keydown:  
1293.383	DATA	Keydown:  
1294.279	DATA	Keydown:  
1294.8	DATA	Keydown:  
1295.174	DATA	Keydown:  
1295.704	DATA	Keydown:  
1296.2440000000001	DATA	Keydown:  
1296.81	DATA	Keydown:  
1297.384	DATA	Keydown:  
1298.028	DATA	Keydown:  
1298.684	DATA	Keydown:  
1299.2920000000001	DATA	Keydown:  
1299.968	DATA	Keydown:  
1302.348	EXP	next_prompt_trial2: autoDraw = true
1302.959	DATA	Keydown:  
1302.977	EXP	next_prompt_trial2: autoDraw = false
1302.977	EXP	Sound: secs = -1
1302.977	EXP	Sound: volume = 1
1302.977	EXP	Sound: loops = 0
1302.977	EXP	Sound: volume = 1
1305.236	DATA	Keydown:  
1305.5900000000001	DATA	Keydown:  
1306.188	DATA	Keydown:  
1306.74	DATA	Keydown:  
1307.1960000000001	DATA	Keydown:  
1307.693	DATA	Keydown:  
1308.246	DATA	Keydown:  
1308.882	DATA	Keydown:  
1309.507	DATA	Keydown:  
1310.084	DATA	Keydown:  
1310.741	DATA	Keydown:  
1311.156	DATA	Keydown:  
1311.6490000000001	DATA	Keydown:  
1312.221	DATA	Keydown:  
1312.7830000000001	DATA	Keydown:  
1313.364	DATA	Keydown:  
1314.015	DATA	Keydown:  
1314.592	DATA	Keydown:  
1315.232	DATA	Keydown:  
1316.919	EXP	next_prompt_trial2: autoDraw = true
1317.491	DATA	Keydown:  
1317.508	EXP	next_prompt_trial2: autoDraw = false
1317.508	EXP	Sound: secs = -1
1317.508	EXP	Sound: volume = 1
1317.508	EXP	Sound: loops = 0
1317.508	EXP	Sound: volume = 1
1321.076	DATA	Keydown:  
1321.596	DATA	Keydown:  
1322.238	DATA	Keydown:  
1322.852	DATA	Keydown:  
1323.508	DATA	Keydown:  
1324.18	DATA	Keydown:  
1324.796	DATA	Keydown:  
1325.463	DATA	Keydown:  
1326.123	DATA	Keydown:  
1326.747	DATA	Keydown:  
1327.371	DATA	Keydown:  
1327.998	DATA	Keydown:  
1328.6380000000001	DATA	Keydown:  
1329.2920000000001	DATA	Keydown:  
1329.996	DATA	Keydown:  
1330.68	DATA	Keydown:  
1331.332	DATA	Keydown:  
1331.964	DATA	Keydown:  
1332.605	DATA	Keydown:  
1334.6490000000001	EXP	next_prompt_trial2: autoDraw = true
1335.1200000000001	DATA	Keydown:  
1335.1380000000001	EXP	next_prompt_trial2: autoDraw = false
1335.1380000000001	EXP	Sound: secs = -1
1335.1380000000001	EXP	Sound: volume = 1
1335.1380000000001	EXP	Sound: loops = 0
1335.1380000000001	EXP	Sound: volume = 1
1337.282	DATA	Keydown:  
1337.516	DATA	Keydown:  
1337.974	DATA	Keydown:  
1338.82	DATA	Keydown:  
1339.4950000000001	DATA	Keydown:  
1340.172	DATA	Keydown:  
1340.7930000000001	DATA	Keydown:  
1341.453	DATA	Keydown:  
1342.229	DATA	Keydown:  
1342.905	DATA	Keydown:  
1343.652	DATA	Keydown:  
1344.365	DATA	Keydown:  
1345.0520000000001	DATA	Keydown:  
1345.7740000000001	DATA	Keydown:  
1346.486	DATA	Keydown:  
1347.2450000000001	DATA	Keydown:  
1347.948	DATA	Keydown:  
1348.646	DATA	Keydown:  
1349.354	DATA	Keydown:  
1350.13	DATA	Keydown:  
1350.755	DATA	Keydown:  
1352.14	EXP	next_prompt_trial2: autoDraw = true
1352.934	DATA	Keydown:  
1352.9650000000001	EXP	next_prompt_trial2: autoDraw = false
1352.9650000000001	EXP	Sound: secs = -1
1352.9650000000001	EXP	Sound: volume = 1
1352.9650000000001	EXP	Sound: loops = 0
1352.9650000000001	EXP	Sound: volume = 1
1354.284	DATA	Keydown:  
1354.959	DATA	Keydown:  
1355.6680000000001	DATA	Keydown:  
1356.344	DATA	Keydown:  
1357.02	DATA	Keydown:  
1357.712	DATA	Keydown:  
1358.428	DATA	Keydown:  
1359.164	DATA	Keydown:  
1359.884	DATA	Keydown:  
1360.484	DATA	Keydown:  
1361.1000000000001	DATA	Keydown:  
1361.867	DATA	Keydown:  
1362.558	DATA	Keydown:  
1363.269	DATA	Keydown:  
1363.925	DATA	Keydown:  
1364.5330000000001	DATA	Keydown:  
1365.157	DATA	Keydown:  
1365.816	DATA	Keydown:  
1366.51	DATA	Keydown:  
1367.151	DATA	Keydown:  
1368.503	EXP	next_prompt_trial2: autoDraw = true
1369.26	DATA	Keydown:  
1369.275	EXP	next_prompt_trial2: autoDraw = false
1369.275	EXP	Sound: secs = -1
1369.275	EXP	Sound: volume = 1
1369.275	EXP	Sound: loops = 0
1369.275	EXP	Sound: volume = 1
1372.2150000000001	DATA	Keydown:  
1372.909	DATA	Keydown:  
1373.584	DATA	Keydown:  
1374.258	DATA	Keydown:  
1375.137	DATA	Keydown:  
1375.8120000000004	DATA	Keydown:  
1376.353	DATA	Keydown:  
1376.932	DATA	Keydown:  
1377.564	DATA	Keydown:  
1378.42	DATA	Keydown:  
1379.036	DATA	Keydown:  
1379.6200000000001	DATA	Keydown:  
1380.14	DATA	Keydown:  
1380.759	DATA	Keydown:  
1381.628	DATA	Keydown:  
1382.211	DATA	Keydown:  
1384.575	EXP	next_prompt_trial2: autoDraw = true
1384.932	DATA	Keydown:  
1384.949	EXP	next_prompt_trial2: autoDraw = false
1384.949	EXP	Sound: secs = -1
1384.949	EXP	Sound: volume = 1
1384.949	EXP	Sound: loops = 0
1384.949	EXP	Sound: volume = 1
1387.633	DATA	Keydown:  
1388.239	DATA	Keydown:  
1388.797	DATA	Keydown:  
1389.454	DATA	Keydown:  
1390.182	DATA	Keydown:  
1390.772	DATA	Keydown:  
1391.413	DATA	Keydown:  
1392.039	DATA	Keydown:  
1392.724	DATA	Keydown:  
1393.428	DATA	Keydown:  
1394.116	DATA	Keydown:  
1394.836	DATA	Keydown:  
1395.5	DATA	Keydown:  
1396.212	DATA	Keydown:  
1396.9080000000001	DATA	Keydown:  
1397.604	DATA	Keydown:  
1398.303	DATA	Keydown:  
1399.113	DATA	Keydown:  
1399.856	DATA	Keydown:  
1400.532	DATA	Keydown:  
1402.75	EXP	next_prompt_trial2: autoDraw = true
1403.2440000000001	DATA	Keydown:  
1403.266	EXP	next_prompt_trial2: autoDraw = false
1403.266	EXP	Sound: secs = -1
1403.266	EXP	Sound: volume = 1
1403.266	EXP	Sound: loops = 0
1403.266	EXP	Sound: volume = 1
1405.749	DATA	Keydown:  
1406.116	DATA	Keydown:  
1406.564	DATA	Keydown:  
1407.0330000000001	DATA	Keydown:  
1407.487	DATA	Keydown:  
1408.012	DATA	Keydown:  
1408.5240000000001	DATA	Keydown:  
1409.074	DATA	Keydown:  
1409.615	DATA	Keydown:  
1410.108	DATA	Keydown:  
1410.628	DATA	Keydown:  
1411.156	DATA	Keydown:  
1411.916	DATA	Keydown:  
1412.4850000000001	DATA	Keydown:  
1413.059	DATA	Keydown:  
1413.486	DATA	Keydown:  
1413.9370000000004	DATA	Keydown:  
1414.461	DATA	Keydown:  
1414.836	DATA	Keydown:  
1416.385	EXP	next_prompt_trial2: autoDraw = true
1416.796	DATA	Keydown:  
1416.807	EXP	next_prompt_trial2: autoDraw = false
1416.807	EXP	Sound: secs = -1
1416.807	EXP	Sound: volume = 1
1416.807	EXP	Sound: loops = 0
1416.807	EXP	Sound: volume = 1
1419.51	DATA	Keydown:  
1420.22	DATA	Keydown:  
1421.079	DATA	Keydown:  
1421.889	DATA	Keydown:  
1422.65	DATA	Keydown:  
1423.365	DATA	Keydown:  
1424.068	DATA	Keydown:  
1424.772	DATA	Keydown:  
1425.404	DATA	Keydown:  
1426.111	DATA	Keydown:  
1426.82	DATA	Keydown:  
1427.529	DATA	Keydown:  
1428.212	DATA	Keydown:  
1429.116	DATA	Keydown:  
1429.948	DATA	Keydown:  
1430.72	DATA	Keydown:  
1431.548	DATA	Keydown:  
1433.776	EXP	next_prompt_trial2: autoDraw = true
1434.214	DATA	Keydown:  
1434.23	EXP	next_prompt_trial2: autoDraw = false
1434.23	EXP	Sound: secs = -1
1434.23	EXP	Sound: volume = 1
1434.23	EXP	Sound: loops = 0
1434.23	EXP	Sound: volume = 1
1436.546	DATA	Keydown:  
1437.14	DATA	Keydown:  
1437.828	DATA	Keydown:  
1438.573	DATA	Keydown:  
1439.3	DATA	Keydown:  
1440.084	DATA	Keydown:  
1440.8	DATA	Keydown:  
1441.46	DATA	Keydown:  
1442.252	DATA	Keydown:  
1442.944	DATA	Keydown:  
1443.689	DATA	Keydown:  
1444.364	DATA	Keydown:  
1445.057	DATA	Keydown:  
1445.6970000000001	DATA	Keydown:  
1446.492	DATA	Keydown:  
1447.182	DATA	Keydown:  
1448.016	DATA	Keydown:  
1448.72	DATA	Keydown:  
1449.478	DATA	Keydown:  
1450.212	DATA	Keydown:  
1451.082	EXP	next_prompt_trial2: autoDraw = true
1451.473	DATA	Keydown:  
1451.4940000000001	EXP	next_prompt_trial2: autoDraw = false
1451.4940000000001	EXP	Sound: secs = -1
1451.4940000000001	EXP	Sound: volume = 1
1451.4940000000001	EXP	Sound: loops = 0
1451.4940000000001	EXP	Sound: volume = 1
1454.46	DATA	Keydown:  
1455.189	DATA	Keydown:  
1456.114	DATA	Keydown:  
1456.8120000000004	DATA	Keydown:  
1457.516	DATA	Keydown:  
1458.243	DATA	Keydown:  
1458.948	DATA	Keydown:  
1459.716	DATA	Keydown:  
1460.444	DATA	Keydown:  
1461.382	DATA	Keydown:  
1462.044	DATA	Keydown:  
1462.716	DATA	Keydown:  
1463.46	DATA	Keydown:  
1464.1000000000001	DATA	Keydown:  
1464.82	DATA	Keydown:  
1465.469	DATA	Keydown: n
1465.476	DATA	Keydown:  
1466.1770000000001	DATA	Keydown:  
1466.989	DATA	Keydown:  
1467.73	DATA	Keydown:  
1469.689	EXP	next_prompt_trial2: autoDraw = true
1470.356	DATA	Keydown:  
1470.367	EXP	next_prompt_trial2: autoDraw = false
1470.367	EXP	Sound: secs = -1
1470.367	EXP	Sound: volume = 1
1470.367	EXP	Sound: loops = 0
1470.367	EXP	Sound: volume = 1
1472.444	DATA	Keydown:  
1472.981	DATA	Keydown:  
1473.764	DATA	Keydown:  
1474.644	DATA	Keydown:  
1475.468	DATA	Keydown:  
1476.545	DATA	Keydown:  
1477.5240000000001	DATA	Keydown:  
1478.38	DATA	Keydown:  
1479.246	DATA	Keydown:  
1479.98	DATA	Keydown:  
1480.884	DATA	Keydown:  
1481.804	DATA	Keydown:  
1482.707	DATA	Keydown:  
1483.588	DATA	Keydown:  
1484.547	DATA	Keydown:  
1485.364	DATA	Keydown:  
1486.269	DATA	Keydown:  
1487.162	DATA	Keydown:  
1488.026	DATA	Keydown:  
1488.876	DATA	Keydown:  
1491.25	EXP	next_prompt_trial2: autoDraw = true
1492.144	DATA	Keydown:  
1492.162	EXP	next_prompt_trial2: autoDraw = false
1492.162	EXP	Sound: secs = -1
1492.162	EXP	Sound: volume = 1
1492.162	EXP	Sound: loops = 0
1492.162	EXP	Sound: volume = 1
1494.779	DATA	Keydown:  
1495.304	DATA	Keydown:  
1495.9950000000001	DATA	Keydown:  
1496.757	DATA	Keydown:  
1497.4950000000001	DATA	Keydown:  
1498.204	DATA	Keydown:  
1498.972	DATA	Keydown:  
1499.76	DATA	Keydown:  
1500.5040000000001	DATA	Keydown:  
1501.276	DATA	Keydown:  
1501.957	DATA	Keydown:  
1502.698	DATA	Keydown:  
1503.468	DATA	Keydown:  
1504.252	DATA	Keydown:  
1505.0130000000001	DATA	Keydown:  
1505.805	DATA	Keydown:  
1506.532	DATA	Keydown:  
1507.173	DATA	Keydown:  
1507.864	DATA	Keydown:  
1510.078	EXP	next_prompt_trial2: autoDraw = true
1510.4840000000002	DATA	Keydown:  
1510.5040000000001	EXP	next_prompt_trial2: autoDraw = false
1510.5040000000001	EXP	Sound: secs = -1
1510.5040000000001	EXP	Sound: volume = 1
1510.5040000000001	EXP	Sound: loops = 0
1510.5040000000001	EXP	Sound: volume = 1
1512.373	DATA	Keydown:  
1512.845	DATA	Keydown:  
1513.557	DATA	Keydown:  
1514.517	DATA	Keydown:  
1515.33	DATA	Keydown:  
1516.257	DATA	Keydown:  
1517.124	DATA	Keydown:  
1518.028	DATA	Keydown:  
1518.9080000000001	DATA	Keydown:  
1519.836	DATA	Keydown:  
1520.749	DATA	Keydown:  
1521.6770000000001	DATA	Keydown:  
1522.554	DATA	Keydown:  
1523.3880000000001	DATA	Keydown:  
1524.3120000000004	DATA	Keydown:  
1525.143	DATA	Keydown:  
1525.982	DATA	Keydown:  
1526.894	DATA	Keydown:  
1527.8220000000001	DATA	Keydown:  
1528.7350000000001	DATA	Keydown:  
1530.861	EXP	next_prompt_trial2: autoDraw = true
1531.3	DATA	Keydown:  
1531.315	EXP	next_prompt_trial2: autoDraw = false
1531.315	EXP	Sound: secs = -1
1531.315	EXP	Sound: volume = 1
1531.315	EXP	Sound: loops = 0
1531.315	EXP	Sound: volume = 1
1534.372	DATA	Keydown:  
1535.0810000000001	DATA	Keydown:  
1535.876	DATA	Keydown:  
1536.637	DATA	Keydown:  
1537.468	DATA	Keydown:  
1538.216	DATA	Keydown:  
1539.017	DATA	Keydown:  
1539.742	DATA	Keydown:  
1540.5240000000001	DATA	Keydown:  
1541.38	DATA	Keydown:  
1542.48	DATA	Keydown:  
1543.324	DATA	Keydown:  
1544.188	DATA	Keydown:  
1545.078	DATA	Keydown:  
1545.905	DATA	Keydown:  
1547.324	EXP	next_prompt_trial2: autoDraw = true
1547.796	DATA	Keydown:  
1547.8110000000001	EXP	next_prompt_trial2: autoDraw = false
1547.8110000000001	EXP	Sound: secs = -1
1547.8110000000001	EXP	Sound: volume = 1
1547.8110000000001	EXP	Sound: loops = 0
1547.8110000000001	EXP	Sound: volume = 1
1550.9560000000001	DATA	Keydown:  
1551.82	DATA	Keydown:  
1552.642	DATA	Keydown:  
1553.596	DATA	Keydown:  
1554.382	DATA	Keydown:  
1555.1960000000001	DATA	Keydown:  
1556.1200000000001	DATA	Keydown:  
1556.972	DATA	Keydown:  
1557.843	DATA	Keydown:  
1558.644	DATA	Keydown:  
1559.4470000000001	DATA	Keydown:  
1560.276	DATA	Keydown:  
1561.017	DATA	Keydown:  
1561.895	DATA	Keydown:  
1561.931	DATA	Keydown: m
1562.676	DATA	Keydown:  
1563.4650000000001	DATA	Keydown:  
1564.277	DATA	Keydown:  
1564.934	DATA	Keydown:  
1567.636	EXP	next_prompt_trial2: autoDraw = true
1568.0900000000001	DATA	Keydown:  
1568.106	EXP	next_prompt_trial2: autoDraw = false
1568.106	EXP	Sound: secs = -1
1568.106	EXP	Sound: volume = 1
1568.106	EXP	Sound: loops = 0
1568.106	EXP	Sound: volume = 1
1570.54	DATA	Keydown:  
1570.892	DATA	Keydown:  
1571.364	DATA	Keydown:  
1571.8600000000001	DATA	Keydown:  
1572.295	DATA	Keydown:  
1572.903	DATA	Keydown:  
1573.444	DATA	Keydown:  
1573.815	DATA	Keydown:  
1574.476	DATA	Keydown:  
1574.711	DATA	Keydown:  
1575.335	DATA	Keydown:  
1575.9070000000002	DATA	Keydown:  
1576.3990000000001	DATA	Keydown:  
1576.9	DATA	Keydown:  
1577.393	DATA	Keydown:  
1577.952	DATA	Keydown:  
1578.42	DATA	Keydown:  
1578.967	DATA	Keydown:  
1579.455	DATA	Keydown:  
1580.0040000000001	DATA	Keydown:  
1581.26	EXP	next_prompt_trial2: autoDraw = true
1582.092	DATA	Keydown:  
1582.108	EXP	next_prompt_trial2: autoDraw = false
1582.108	EXP	Sound: secs = -1
1582.108	EXP	Sound: volume = 1
1582.108	EXP	Sound: loops = 0
1582.108	EXP	Sound: volume = 1
1584.063	DATA	Keydown:  
1584.74	DATA	Keydown:  
1585.433	DATA	Keydown:  
1586.26	DATA	Keydown:  
1587.121	DATA	Keydown:  
1588.0320000000002	DATA	Keydown:  
1588.9270000000001	DATA	Keydown:  
1589.8210000000001	DATA	Keydown:  
1590.515	DATA	Keydown:  
1591.392	DATA	Keydown:  
1592.2440000000001	DATA	Keydown:  
1593.08	DATA	Keydown:  
1593.932	DATA	Keydown:  
1594.768	DATA	Keydown:  
1595.6680000000001	DATA	Keydown:  
1596.592	DATA	Keydown:  
1597.372	DATA	Keydown:  
1598.13	DATA	Keydown:  
1598.893	DATA	Keydown:  
1599.7	DATA	Keydown:  
1600.6200000000001	DATA	Keydown:  
1601.505	EXP	next_prompt_trial2: autoDraw = true
1602.1480000000001	DATA	Keydown:  
1602.17	EXP	next_prompt_trial2: autoDraw = false
1602.17	EXP	Sound: secs = -1
1602.17	EXP	Sound: volume = 1
1602.17	EXP	Sound: loops = 0
1602.17	EXP	Sound: volume = 1
1604.866	DATA	Keydown:  
1605.444	DATA	Keydown:  
1606.132	DATA	Keydown:  
1607.165	DATA	Keydown:  
1608.0230000000001	DATA	Keydown:  
1608.844	DATA	Keydown:  
1609.732	DATA	Keydown:  
1610.473	DATA	Keydown:  
1611.18	DATA	Keydown:  
1611.941	DATA	Keydown:  
1612.804	DATA	Keydown:  
1613.596	DATA	Keydown:  
1614.304	DATA	Keydown:  
1615.068	DATA	Keydown:  
1615.791	DATA	Keydown:  
1616.566	DATA	Keydown:  
1619.335	EXP	next_prompt_trial2: autoDraw = true
1619.74	DATA	Keydown:  
1619.757	EXP	next_prompt_trial2: autoDraw = false
1619.757	EXP	Sound: secs = -1
1619.757	EXP	Sound: volume = 1
1619.757	EXP	Sound: loops = 0
1619.757	EXP	Sound: volume = 1
1622.055	DATA	Keydown:  
1622.516	DATA	Keydown:  
1623.101	DATA	Keydown:  
1623.78	DATA	Keydown:  
1624.54	DATA	Keydown:  
1625.348	DATA	Keydown:  
1626.124	DATA	Keydown:  
1626.9170000000001	DATA	Keydown:  
1627.6090000000002	DATA	Keydown:  
1628.361	DATA	Keydown:  
1629.1480000000001	DATA	Keydown:  
1630.006	DATA	Keydown:  
1630.8210000000001	DATA	Keydown:  
1631.576	DATA	Keydown:  
1632.372	DATA	Keydown:  
1633.1480000000001	DATA	Keydown:  
1633.926	DATA	Keydown:  
1634.751	DATA	Keydown:  
1635.5320000000002	DATA	Keydown:  
1636.356	DATA	Keydown:  
1638.721	EXP	next_prompt_trial2: autoDraw = true
1639.68	DATA	Keydown:  
1639.6960000000001	EXP	next_prompt_trial2: autoDraw = false
1639.6960000000001	EXP	Sound: secs = -1
1639.6960000000001	EXP	Sound: volume = 1
1639.6960000000001	EXP	Sound: loops = 0
1639.6960000000001	EXP	Sound: volume = 1
1642.0130000000001	DATA	Keydown:  
1642.8600000000001	DATA	Keydown:  
1643.633	DATA	Keydown:  
1644.461	DATA	Keydown:  
1645.284	DATA	Keydown:  
1646.1490000000001	DATA	Keydown:  
1646.9170000000001	DATA	Keydown:  
1647.788	DATA	Keydown:  
1648.596	DATA	Keydown:  
1649.373	DATA	Keydown:  
1650.2	DATA	Keydown:  
1650.9940000000001	DATA	Keydown:  
1651.787	DATA	Keydown:  
1652.604	DATA	Keydown:  
1653.4360000000001	DATA	Keydown:  
1654.22	DATA	Keydown:  
1654.978	DATA	Keydown:  
1656.212	DATA	Keydown:  
1657.028	DATA	Keydown:  
1657.784	DATA	Keydown:  
1658.473	EXP	next_prompt_trial2: autoDraw = true
1658.979	DATA	Keydown:  
1659	EXP	next_prompt_trial2: autoDraw = false
1659	EXP	Sound: secs = -1
1659	EXP	Sound: volume = 1
1659	EXP	Sound: loops = 0
1659	EXP	Sound: volume = 1
1661.978	DATA	Keydown:  
1662.576	DATA	Keydown:  
1663.356	DATA	Keydown:  
1664.0040000000001	DATA	Keydown:  
1664.67	DATA	Keydown:  
1665.276	DATA	Keydown:  
1665.892	DATA	Keydown:  
1666.596	DATA	Keydown:  
1667.271	DATA	Keydown:  
1667.932	DATA	Keydown:  
1668.604	DATA	Keydown:  
1669.314	DATA	Keydown:  
1670.022	DATA	Keydown:  
1670.699	DATA	Keydown:  
1671.374	DATA	Keydown:  
1672.083	DATA	Keydown:  
1672.775	DATA	Keydown:  
1673.4	DATA	Keydown:  
1674.116	DATA	Keydown:  
1674.767	DATA	Keydown:  
1676.54	EXP	next_prompt_trial2: autoDraw = true
1677.116	DATA	Keydown:  
1677.136	EXP	next_prompt_trial2: autoDraw = false
1677.136	EXP	Sound: secs = -1
1677.136	EXP	Sound: volume = 1
1677.136	EXP	Sound: loops = 0
1677.136	EXP	Sound: volume = 1
1680.1190000000001	DATA	Keydown:  
1680.781	DATA	Keydown:  
1681.453	DATA	Keydown:  
1682.156	DATA	Keydown:  
1682.872	DATA	Keydown:  
1683.547	DATA	Keydown:  
1684.2930000000001	DATA	Keydown:  
1685.049	DATA	Keydown:  
1685.895	DATA	Keydown:  
1686.553	DATA	Keydown:  
1687.295	DATA	Keydown:  
1687.892	DATA	Keydown:  
1688.604	DATA	Keydown:  
1689.228	DATA	Keydown:  
1689.963	DATA	Keydown:  
1690.5320000000002	DATA	Keydown:  
1691.268	DATA	Keydown:  
1691.989	DATA	Keydown:  
1692.852	DATA	Keydown:  
1693.882	EXP	next_prompt_trial2: autoDraw = true
1696.867	DATA	Keydown:  
1696.877	EXP	next_prompt_trial2: autoDraw = false
1696.877	EXP	Sound: secs = -1
1696.877	EXP	Sound: volume = 1
1696.877	EXP	Sound: loops = 0
1696.877	EXP	Sound: volume = 1
1699.753	DATA	Keydown:  
1700.617	DATA	Keydown:  
1701.309	DATA	Keydown:  
1702.0130000000001	DATA	Keydown:  
1702.7440000000001	DATA	Keydown:  
1703.487	DATA	Keydown:  
1704.231	DATA	Keydown:  
1704.893	DATA	Keydown:  
1705.583	DATA	Keydown:  
1706.409	DATA	Keydown:  
1707.1190000000001	DATA	Keydown:  
1707.813	DATA	Keydown:  
1708.536	DATA	Keydown:  
1709.229	DATA	Keydown:  
1709.957	DATA	Keydown:  
1711.659	EXP	next_prompt_trial2: autoDraw = true
1712.397	DATA	Keydown:  
1712.4070000000002	EXP	next_prompt_trial2: autoDraw = false
1712.4070000000002	EXP	Sound: secs = -1
1712.4070000000002	EXP	Sound: volume = 1
1712.4070000000002	EXP	Sound: loops = 0
1712.4070000000002	EXP	Sound: volume = 1
1714.421	DATA	Keydown:  
1715.171	DATA	Keydown:  
1715.915	DATA	Keydown:  
1716.674	DATA	Keydown:  
1717.421	DATA	Keydown:  
1718.193	DATA	Keydown:  
1719.0040000000001	DATA	Keydown:  
1719.764	DATA	Keydown:  
1720.517	DATA	Keydown:  
1721.3	DATA	Keydown:  
1722.1100000000001	DATA	Keydown:  
1722.942	DATA	Keydown:  
1723.7250000000001	DATA	Keydown:  
1725.2340000000002	EXP	next_prompt_trial2: autoDraw = true
1725.997	DATA	Keydown:  
1726.0130000000001	EXP	next_prompt_trial2: autoDraw = false
1726.0130000000001	EXP	Sound: secs = -1
1726.0130000000001	EXP	Sound: volume = 1
1726.0130000000001	EXP	Sound: loops = 0
1726.0130000000001	EXP	Sound: volume = 1
1729.7930000000001	DATA	Keydown:  
1730.621	DATA	Keydown:  
1731.347	DATA	Keydown:  
1732.275	DATA	Keydown:  
1733.0520000000001	DATA	Keydown:  
1733.8110000000001	DATA	Keydown:  
1734.578	DATA	Keydown:  
1735.365	DATA	Keydown:  
1736.114	DATA	Keydown:  
1736.901	DATA	Keydown:  
1737.6970000000001	DATA	Keydown:  
1738.522	DATA	Keydown:  
1739.2740000000001	DATA	Keydown:  
1740.026	DATA	Keydown:  
1741.01	DATA	Keydown:  
1741.764	DATA	Keydown:  
1742.579	DATA	Keydown:  
1743.402	DATA	Keydown:  
1744.162	DATA	Keydown:  
1746.239	EXP	next_prompt_trial2: autoDraw = true
1746.929	DATA	Keydown:  
1746.945	EXP	next_prompt_trial2: autoDraw = false
1746.945	EXP	Sound: secs = -1
1746.945	EXP	Sound: volume = 1
1746.945	EXP	Sound: loops = 0
1746.945	EXP	Sound: volume = 1
1749.6480000000001	DATA	Keydown:  
1750.493	DATA	Keydown:  
1751.439	DATA	Keydown:  
1752.453	DATA	Keydown:  
1753.449	DATA	Keydown:  
1754.4460000000001	DATA	Keydown:  
1755.4750000000001	DATA	Keydown:  
1756.474	DATA	Keydown:  
1757.435	DATA	Keydown:  
1758.362	DATA	Keydown:  
1759.376	DATA	Keydown:  
1760.2530000000002	DATA	Keydown:  
1761.068	DATA	Keydown:  
1762.786	EXP	next_prompt_trial2: autoDraw = true
1763.2920000000001	DATA	Keydown:  
1763.308	EXP	next_prompt_trial2: autoDraw = false
1763.308	EXP	Sound: secs = -1
1763.308	EXP	Sound: volume = 1
1763.308	EXP	Sound: loops = 0
1763.308	EXP	Sound: volume = 1
1765.386	DATA	Keydown:  
1766.218	DATA	Keydown:  
1767.107	DATA	Keydown:  
1767.902	DATA	Keydown:  
1768.796	DATA	Keydown:  
1769.41	DATA	Keydown:  
1770.231	DATA	Keydown:  
1771.077	DATA	Keydown:  
1771.92	DATA	Keydown:  
1772.602	DATA	Keydown:  
1773.608	DATA	Keydown:  
1774.403	DATA	Keydown:  
1775.094	DATA	Keydown:  
1775.99	DATA	Keydown:  
1777.678	EXP	next_prompt_trial2: autoDraw = true
1778.184	DATA	Keydown:  
1778.2	EXP	next_prompt_trial2: autoDraw = false
1778.2	EXP	Sound: secs = -1
1778.2	EXP	Sound: volume = 1
1778.2	EXP	Sound: loops = 0
1778.2	EXP	Sound: volume = 1
1782.372	DATA	Keydown:  
1782.786	DATA	Keydown:  
1783.3500000000001	DATA	Keydown:  
1783.959	DATA	Keydown:  
1784.538	DATA	Keydown:  
1785.174	DATA	Keydown:  
1785.8020000000001	DATA	Keydown:  
1786.346	DATA	Keydown:  
1786.9470000000001	DATA	Keydown:  
1787.47	DATA	Keydown:  
1788.078	DATA	Keydown:  
1788.719	DATA	Keydown:  
1789.277	DATA	Keydown:  
1790.375	DATA	Keydown:  
1790.81	DATA	Keydown:  
1791.403	DATA	Keydown:  
1791.9950000000001	DATA	Keydown:  
1794.14	EXP	next_prompt_trial2: autoDraw = true
1794.665	DATA	Keydown:  
1794.682	EXP	next_prompt_trial2: autoDraw = false
1794.682	EXP	Sound: secs = -1
1794.682	EXP	Sound: volume = 1
1794.682	EXP	Sound: loops = 0
1794.682	EXP	Sound: volume = 1
1798.766	DATA	Keydown:  
1799.5610000000001	DATA	Keydown:  
1800.505	DATA	Keydown:  
1801.367	DATA	Keydown:  
1802.194	DATA	Keydown:  
1802.924	DATA	Keydown:  
1803.73	DATA	Keydown:  
1804.6100000000001	DATA	Keydown:  
1805.486	DATA	Keydown:  
1806.3310000000001	DATA	Keydown:  
1807.1570000000002	DATA	Keydown:  
1809.882	EXP	next_prompt_trial2: autoDraw = true
1810.382	DATA	Keydown:  
1810.3980000000001	EXP	next_prompt_trial2: autoDraw = false
1810.3980000000001	EXP	Sound: secs = -1
1810.3980000000001	EXP	Sound: volume = 1
1810.3980000000001	EXP	Sound: loops = 0
1810.3980000000001	EXP	Sound: volume = 1
1812.949	DATA	Keydown:  
1813.726	DATA	Keydown:  
1814.502	DATA	Keydown:  
1815.228	DATA	Keydown:  
1816.007	DATA	Keydown:  
1816.731	DATA	Keydown:  
1817.373	DATA	Keydown:  
1818.2	DATA	Keydown:  
1818.986	DATA	Keydown:  
1819.762	DATA	Keydown:  
1820.5800000000002	DATA	Keydown:  
1821.466	DATA	Keydown:  
1822.337	DATA	Keydown:  
1823.164	DATA	Keydown:  
1823.914	DATA	Keydown:  
1824.772	DATA	Keydown:  
1825.595	DATA	Keydown:  
1826.4070000000002	DATA	Keydown:  
1827.314	DATA	Keydown:  
1828.651	EXP	next_prompt_trial2: autoDraw = true
1858.704	DATA	Keydown:  
1858.747	EXP	next_prompt_trial2: autoDraw = false
1858.747	EXP	completion_text: autoDraw = true
1875.304	DATA	Keydown:  
1875.3220000000001	EXP	completion_text: autoDraw = false
1875.3220000000001	EXP	goodbyetxt: autoDraw = true
