0.26227500004461035	EXP	Created Window = Window( name=Window, fullscr=true, color=#808080, units=height, waitBlanking=true, autoLog=true, size=[1536,686] )
5.543715000036173	DATA	Keydown: Shift
5.736514999996871	DATA	Keydown: J
5.915420000033919	DATA	Keydown: S
6.541015000024345	DATA	Keydown: Tab
20.81989500002237	DATA	Keydown: y
20.92338000005111	DATA	Keydown: e
21.111825000029057	DATA	Keydown: s
21.327560000005178	DATA	Keydown: Tab
21.648350000032224	DATA	Keydown: t
21.748880000028294	DATA	Keydown: u
21.824255000043195	DATA	Keydown: r
22.412040000024717	DATA	Keydown: l
22.512810000043828	DATA	Keydown: e
22.67186500004027	DATA	Keydown:  
22.87855500000296	DATA	Keydown: b
23.0631000000285	DATA	Keydown: e
23.23796500003664	DATA	Keydown: a
24.097085000015795	DATA	Keydown: Backspace
24.28992000001017	DATA	Keydown: Backspace
24.47115500003565	DATA	Keydown: Backspace
24.65729000000283	DATA	Keydown: Backspace
24.83624500001315	DATA	Keydown: Backspace
25.541180000000168	DATA	Keydown: Backspace
25.812995000043884	DATA	Keydown: t
25.88782500004163	DATA	Keydown: l
26.05368000001181	DATA	Keydown: e
26.228250000043772	DATA	Keydown:  
26.728815000038594	DATA	Keydown: b
26.9444450000301	DATA	Keydown: e
27.061410000023898	DATA	Keydown: a
27.34553000004962	DATA	Keydown: c
27.418445000017527	DATA	Keydown: h
31.348635000002105	DATA	Keydown: 0
35.95575000002282	DATA	Keydown: n
36.32103500002995	DATA	Keydown: o
36.550835000001825	DATA	Keydown: n
36.69904999999562	DATA	Keydown: e
37.00954500003718	DATA	Keydown: Tab
37.62060500000371	DATA	Keydown: f
38.28903500002343	DATA	Keydown: Tab
40.0804300000309	DATA	Keydown: 4
40.600765000039246	DATA	Keydown: 7
41.553125000034925	DATA	Keydown: Tab
42.213290000043344	DATA	Keydown: l
44.27986000000965	DATA	Keydown: Backspace
44.45184000005247	DATA	Keydown: Shift
44.59985500003677	DATA	Keydown: L
45.3253750000149	DATA	Keydown: Tab
46.918464999995194	DATA	Keydown: y
47.021900000050664	DATA	Keydown: e
47.26227000000654	DATA	Keydown: s
47.564245000015944	DATA	Keydown: Tab
55.14580500003649	EXP	Created instructiontxt = TextStim( name=instructiontxt, win=Window( name=Window, fullscr=true, color=#808080, ~), autoDraw=null, autoLog=true, units=height, ori=null, opacity=1, pos=[0,0], size=undefined, text=Welcome to tapping experiment. 

You will hear a s~, font=Arial, color=#FFFFFF, contrast=1, height=0.05, bold=null, italic=null, alignHoriz=left, alignVert=center, wrapWidth=1, flipHoriz=null, flipVert=null )
55.155079999996815	EXP	Created TonePlayer = TonePlayer( name=TonePlayer, note=A4, duration_s=-1, volume=1, loops=null, soundLibrary="TONE_JS", autoLog=true )
55.15673500002595	EXP	Created text = TextStim( name=text, win=Window( name=Window, fullscr=true, color=#808080, ~), autoDraw=null, autoLog=true, units=height, ori=null, opacity=1, pos=[0,0], size=undefined, text=Ready for the next trial?

press space bar to star~, font=Arial, color=#FFFFFF, contrast=1, height=0.05, bold=null, italic=null, alignHoriz=left, alignVert=center, wrapWidth=1, flipHoriz=null, flipVert=null )
55.15761500003282	EXP	Created text_2 = TextStim( name=text_2, win=Window( name=Window, fullscr=true, color=#808080, ~), autoDraw=null, autoLog=true, units=height, ori=null, opacity=1, pos=[0,0], size=undefined, text=Practice trials are over.

Now we are going to sta~, font=Arial, color=#FFFFFF, contrast=1, height=0.05, bold=null, italic=null, alignHoriz=left, alignVert=center, wrapWidth=1, flipHoriz=null, flipVert=null )
55.16196500003571	EXP	Created TonePlayer = TonePlayer( name=TonePlayer, note=A4, duration_s=-1, volume=1, loops=null, soundLibrary="TONE_JS", autoLog=true )
55.16302000003634	EXP	Created text_3 = TextStim( name=text_3, win=Window( name=Window, fullscr=true, color=#808080, ~), autoDraw=null, autoLog=true, units=height, ori=null, opacity=1, pos=[0,0], size=undefined, text=Ready for the next trial?

Press space bar to star~, font=Arial, color=#FFFFFF, contrast=1, height=0.05, bold=null, italic=null, alignHoriz=left, alignVert=center, wrapWidth=1, flipHoriz=null, flipVert=null )
55.16388500004541	EXP	Created text_4 = TextStim( name=text_4, win=Window( name=Window, fullscr=true, color=#808080, ~), autoDraw=null, autoLog=true, units=height, ori=null, opacity=1, pos=[0,0], size=undefined, text=Great! This is the half-way break. 

Please take y~, font=Arial, color=#FFFFFF, contrast=1, height=0.05, bold=null, italic=null, alignHoriz=left, alignVert=center, wrapWidth=1, flipHoriz=null, flipVert=null )
55.166265000007115	EXP	Created TonePlayer = TonePlayer( name=TonePlayer, note=A4, duration_s=-1, volume=1, loops=null, soundLibrary="TONE_JS", autoLog=true )
55.16857500001788	EXP	Created next_prompt_trial2 = TextStim( name=next_prompt_trial2, win=Window( name=Window, fullscr=true, color=#808080, ~), autoDraw=null, autoLog=true, units=height, ori=null, opacity=1, pos=[0,0], size=undefined, text=Ready for the next trial? 

Press space bar to sta~, font=Arial, color=#FFFFFF, contrast=1, height=0.05, bold=null, italic=null, alignHoriz=left, alignVert=center, wrapWidth=1, flipHoriz=null, flipVert=null )
55.16924499999732	EXP	Created completion_text = TextStim( name=completion_text, win=Window( name=Window, fullscr=true, color=#808080, ~), autoDraw=null, autoLog=true, units=height, ori=null, opacity=1, pos=[0,0], size=undefined, text=Thanks for your participation! 

Here is your expe~, font=Arial, color=#FFFFFF, contrast=1, height=0.05, bold=null, italic=null, alignHoriz=left, alignVert=center, wrapWidth=1, flipHoriz=null, flipVert=null )
55.169880000001285	EXP	Created goodbyetxt = TextStim( name=goodbyetxt, win=Window( name=Window, fullscr=true, color=#808080, ~), autoDraw=null, autoLog=true, units=height, ori=null, opacity=1, pos=[0,0], size=undefined, text=The test is over!

Thank you so much!!, font=Arial, color=#FFFFFF, contrast=1, height=0.05, bold=null, italic=null, alignHoriz=left, alignVert=center, wrapWidth=1, flipHoriz=null, flipVert=null )
55.48256000003312	EXP	instructiontxt: units = "height"
55.48256000003312	EXP	instructiontxt: ori = 0
55.48256000003312	EXP	instructiontxt: opacity = 1
55.48256000003312	EXP	instructiontxt: pos = [0,0]
55.48256000003312	EXP	instructiontxt: size = undefined
55.48256000003312	EXP	instructiontxt: text = "Welcome to tapping experiment. \n\nYou will hear a sequence of tones.\nUse the index finger of your dominant hand \nto tap the spacebar at where you think the beat \nis throughout the sound file at each trial. \n\nWhen you are ready, press the spacebar to begin the practice."
55.48256000003312	EXP	instructiontxt: font = "Arial"
55.48256000003312	EXP	instructiontxt: color = {"_hex":"#FFFFFF","_rgb":[1,1,1]}
55.48256000003312	EXP	instructiontxt: contrast = 1
55.48256000003312	EXP	instructiontxt: height = 0.05
55.48256000003312	EXP	instructiontxt: bold = false
55.48256000003312	EXP	instructiontxt: italic = false
55.48256000003312	EXP	instructiontxt: alignHoriz = "left"
55.48256000003312	EXP	instructiontxt: alignVert = "center"
55.48256000003312	EXP	instructiontxt: wrapWidth = 1
55.48256000003312	EXP	instructiontxt: flipHoriz = false
55.48256000003312	EXP	instructiontxt: flipVert = false
55.48256000003312	EXP	Sound: secs = -1
55.48256000003312	EXP	Sound: volume = 1
55.48256000003312	EXP	Sound: loops = 0
55.48256000003312	EXP	Sound: volume = 1
55.48256000003312	EXP	text: units = "height"
55.48256000003312	EXP	text: ori = 0
55.48256000003312	EXP	text: opacity = 1
55.48256000003312	EXP	text: pos = [0,0]
55.48256000003312	EXP	text: size = undefined
55.48256000003312	EXP	text: text = "Ready for the next trial?\n\npress space bar to start."
55.48256000003312	EXP	text: font = "Arial"
55.48256000003312	EXP	text: color = {"_hex":"#FFFFFF","_rgb":[1,1,1]}
55.48256000003312	EXP	text: contrast = 1
55.48256000003312	EXP	text: height = 0.05
55.48256000003312	EXP	text: bold = false
55.48256000003312	EXP	text: italic = false
55.48256000003312	EXP	text: alignHoriz = "left"
55.48256000003312	EXP	text: alignVert = "center"
55.48256000003312	EXP	text: wrapWidth = 1
55.48256000003312	EXP	text: flipHoriz = false
55.48256000003312	EXP	text: flipVert = false
55.48256000003312	EXP	text_2: units = "height"
55.48256000003312	EXP	text_2: ori = 0
55.48256000003312	EXP	text_2: opacity = 1
55.48256000003312	EXP	text_2: pos = [0,0]
55.48256000003312	EXP	text_2: size = undefined
55.48256000003312	EXP	text_2: text = "Practice trials are over.\n\nNow we are going to start the real test trials.\nThe total session length will be about 28 minutes, but we will have a short break at the half way mark.\n\nIf you are ready, please space bar."
55.48256000003312	EXP	text_2: font = "Arial"
55.48256000003312	EXP	text_2: color = {"_hex":"#FFFFFF","_rgb":[1,1,1]}
55.48256000003312	EXP	text_2: contrast = 1
55.48256000003312	EXP	text_2: height = 0.05
55.48256000003312	EXP	text_2: bold = false
55.48256000003312	EXP	text_2: italic = false
55.48256000003312	EXP	text_2: alignHoriz = "left"
55.48256000003312	EXP	text_2: alignVert = "center"
55.48256000003312	EXP	text_2: wrapWidth = 1
55.48256000003312	EXP	text_2: flipHoriz = false
55.48256000003312	EXP	text_2: flipVert = false
55.48256000003312	EXP	Sound: secs = -1
55.48256000003312	EXP	Sound: volume = 1
55.48256000003312	EXP	Sound: loops = 0
55.48256000003312	EXP	Sound: volume = 1
55.48256000003312	EXP	text_3: units = "height"
55.48256000003312	EXP	text_3: ori = 0
55.48256000003312	EXP	text_3: opacity = 1
55.48256000003312	EXP	text_3: pos = [0,0]
55.48256000003312	EXP	text_3: size = undefined
55.48256000003312	EXP	text_3: text = "Ready for the next trial?\n\nPress space bar to start."
55.48256000003312	EXP	text_3: font = "Arial"
55.48256000003312	EXP	text_3: color = {"_hex":"#FFFFFF","_rgb":[1,1,1]}
55.48256000003312	EXP	text_3: contrast = 1
55.48256000003312	EXP	text_3: height = 0.05
55.48256000003312	EXP	text_3: bold = false
55.48256000003312	EXP	text_3: italic = false
55.48256000003312	EXP	text_3: alignHoriz = "left"
55.48256000003312	EXP	text_3: alignVert = "center"
55.48256000003312	EXP	text_3: wrapWidth = 1
55.48256000003312	EXP	text_3: flipHoriz = false
55.48256000003312	EXP	text_3: flipVert = false
55.48256000003312	EXP	text_4: units = "height"
55.48256000003312	EXP	text_4: ori = 0
55.48256000003312	EXP	text_4: opacity = 1
55.48256000003312	EXP	text_4: pos = [0,0]
55.48256000003312	EXP	text_4: size = undefined
55.48256000003312	EXP	text_4: text = "Great! This is the half-way break. \n\nPlease take your time. \n\nWhen you are ready to start the second-half of the test trials, please press space bar. "
55.48256000003312	EXP	text_4: font = "Arial"
55.48256000003312	EXP	text_4: color = {"_hex":"#FFFFFF","_rgb":[1,1,1]}
55.48256000003312	EXP	text_4: contrast = 1
55.48256000003312	EXP	text_4: height = 0.05
55.48256000003312	EXP	text_4: bold = false
55.48256000003312	EXP	text_4: italic = false
55.48256000003312	EXP	text_4: alignHoriz = "left"
55.48256000003312	EXP	text_4: alignVert = "center"
55.48256000003312	EXP	text_4: wrapWidth = 1
55.48256000003312	EXP	text_4: flipHoriz = false
55.48256000003312	EXP	text_4: flipVert = false
55.48256000003312	EXP	Sound: secs = -1
55.48256000003312	EXP	Sound: volume = 1
55.48256000003312	EXP	Sound: loops = 0
55.48256000003312	EXP	Sound: volume = 1
55.48256000003312	EXP	next_prompt_trial2: units = "height"
55.48256000003312	EXP	next_prompt_trial2: ori = 0
55.48256000003312	EXP	next_prompt_trial2: opacity = 1
55.48256000003312	EXP	next_prompt_trial2: pos = [0,0]
55.48256000003312	EXP	next_prompt_trial2: size = undefined
55.48256000003312	EXP	next_prompt_trial2: text = "Ready for the next trial? \n\nPress space bar to start. "
55.48256000003312	EXP	next_prompt_trial2: font = "Arial"
55.48256000003312	EXP	next_prompt_trial2: color = {"_hex":"#FFFFFF","_rgb":[1,1,1]}
55.48256000003312	EXP	next_prompt_trial2: contrast = 1
55.48256000003312	EXP	next_prompt_trial2: height = 0.05
55.48256000003312	EXP	next_prompt_trial2: bold = false
55.48256000003312	EXP	next_prompt_trial2: italic = false
55.48256000003312	EXP	next_prompt_trial2: alignHoriz = "left"
55.48256000003312	EXP	next_prompt_trial2: alignVert = "center"
55.48256000003312	EXP	next_prompt_trial2: wrapWidth = 1
55.48256000003312	EXP	next_prompt_trial2: flipHoriz = false
55.48256000003312	EXP	next_prompt_trial2: flipVert = false
55.48256000003312	EXP	completion_text: units = "height"
55.48256000003312	EXP	completion_text: ori = 0
55.48256000003312	EXP	completion_text: opacity = 1
55.48256000003312	EXP	completion_text: pos = [0,0]
55.48256000003312	EXP	completion_text: size = undefined
55.48256000003312	EXP	completion_text: text = "Thanks for your participation! \n\nHere is your experiment completion code: \n\n9158 \n\nPlease write down this code as you will need it in order to receive payment.\n\nIf you are not an MTurk worker, please send an email to nolan.lem@gmail.com with the Experiment Completion Code as the subject of the email. In order to complete the \nexperiment, when you are ready please press space bar and wait until you see a text box appear that says \"Thanks for your patience\" where you can click 'ok'. \n\nIf you are an MTurk worker, please press the space bar to be redirected to the MTurk experiment \nhomepage where you can input the code into the Experiment Completion Code box. "
55.48256000003312	EXP	completion_text: font = "Arial"
55.48256000003312	EXP	completion_text: color = {"_hex":"#FFFFFF","_rgb":[1,1,1]}
55.48256000003312	EXP	completion_text: contrast = 1
55.48256000003312	EXP	completion_text: height = 0.05
55.48256000003312	EXP	completion_text: bold = false
55.48256000003312	EXP	completion_text: italic = false
55.48256000003312	EXP	completion_text: alignHoriz = "left"
55.48256000003312	EXP	completion_text: alignVert = "center"
55.48256000003312	EXP	completion_text: wrapWidth = 1
55.48256000003312	EXP	completion_text: flipHoriz = false
55.48256000003312	EXP	completion_text: flipVert = false
55.48256000003312	EXP	goodbyetxt: units = "height"
55.48256000003312	EXP	goodbyetxt: ori = 0
55.48256000003312	EXP	goodbyetxt: opacity = 1
55.48256000003312	EXP	goodbyetxt: pos = [0,0]
55.48256000003312	EXP	goodbyetxt: size = undefined
55.48256000003312	EXP	goodbyetxt: text = "The test is over!\n\nThank you so much!!"
55.48256000003312	EXP	goodbyetxt: font = "Arial"
55.48256000003312	EXP	goodbyetxt: color = {"_hex":"#FFFFFF","_rgb":[1,1,1]}
55.48256000003312	EXP	goodbyetxt: contrast = 1
55.48256000003312	EXP	goodbyetxt: height = 0.05
55.48256000003312	EXP	goodbyetxt: bold = false
55.48256000003312	EXP	goodbyetxt: italic = false
55.48256000003312	EXP	goodbyetxt: alignHoriz = "left"
55.48256000003312	EXP	goodbyetxt: alignVert = "center"
55.48256000003312	EXP	goodbyetxt: wrapWidth = 1
55.48256000003312	EXP	goodbyetxt: flipHoriz = false
55.48256000003312	EXP	goodbyetxt: flipVert = false
55.48256000003312	EXP	instructiontxt: autoDraw = true
64.76616500003729	DATA	Mouse: wheel shift=(0,125), pos=(877.6000130772591,609.4000090807676)
105.64095500000985	DATA	Keydown:  
105.67424000002211	EXP	instructiontxt: autoDraw = false
105.67424000002211	EXP	Sound: secs = -1
105.67424000002211	EXP	Sound: volume = 1
105.67424000002211	EXP	Sound: loops = 0
105.67424000002211	EXP	Sound: volume = 1
108.80769500002498	DATA	Keydown:  
109.9862350000185	DATA	Keydown:  
110.68643000000156	DATA	Keydown:  
111.3642300000065	DATA	Keydown:  
112.12794000003487	DATA	Keydown:  
112.84248500003014	DATA	Keydown:  
113.60481000004802	DATA	Keydown:  
114.31801000004634	DATA	Keydown:  
115.07179000001634	DATA	Keydown:  
115.84340000001248	DATA	Keydown:  
116.5673100000131	DATA	Keydown:  
117.37843000004068	DATA	Keydown:  
118.17918000003556	DATA	Keydown:  
118.92813499999465	DATA	Keydown:  
119.69625500001712	DATA	Keydown:  
120.43011499999557	DATA	Keydown:  
121.16755000001285	DATA	Keydown:  
121.9526350000524	DATA	Keydown:  
122.65236500004539	DATA	Keydown:  
123.96840500005055	EXP	text: autoDraw = true
126.55209500005003	DATA	Keydown:  
126.56932500004768	EXP	text: autoDraw = false
126.56932500004768	EXP	text_2: autoDraw = true
134.25129500002367	DATA	Keydown:  
134.28280500002438	EXP	text_2: autoDraw = false
134.28280500002438	EXP	Sound: secs = -1
134.28280500002438	EXP	Sound: volume = 1
134.28280500002438	EXP	Sound: loops = 0
134.28280500002438	EXP	Sound: volume = 1
137.1918799999985	DATA	Keydown:  
137.4325550000067	DATA	Keydown:  
137.65343000000576	DATA	Keydown:  
137.78237500000978	DATA	Keydown:  
137.9212750000297	DATA	Keydown:  
138.08497000002535	DATA	Keydown:  
138.25203500001226	DATA	Keydown:  
138.40291000000434	DATA	Keydown:  
138.5740100000403	DATA	Keydown:  
138.74500500003342	DATA	Keydown:  
138.90816000004997	DATA	Keydown:  
139.06666000001132	DATA	Keydown:  
139.2396900000167	DATA	Keydown:  
139.41709500004072	DATA	Keydown:  
139.59824500000104	DATA	Keydown:  
139.7663650000468	DATA	Keydown:  
139.95277500001248	DATA	Keydown:  
140.16306000004988	DATA	Keydown:  
140.34873500000685	DATA	Keydown:  
140.52726500004064	DATA	Keydown:  
140.70791500003543	DATA	Keydown:  
140.8928050000104	DATA	Keydown:  
141.09470000001602	DATA	Keydown:  
141.26944000000367	DATA	Keydown:  
141.47157000005245	DATA	Keydown:  
141.6500600000145	DATA	Keydown:  
141.83142500004033	DATA	Keydown:  
142.01476000004914	DATA	Keydown:  
142.1586950000492	DATA	Keydown:  
142.77514000004157	DATA	Keydown:  
142.9492850000388	DATA	Keydown:  
143.12648500001524	DATA	Keydown:  
143.34031500003766	DATA	Keydown:  
143.5639749999973	DATA	Keydown:  
143.75870500004385	DATA	Keydown:  
144.1547450000071	DATA	Keydown:  
144.3425500000012	DATA	Keydown:  
144.53364000003785	DATA	Keydown:  
144.7001900000032	DATA	Keydown:  
144.8806100000511	DATA	Keydown:  
145.05891500000143	DATA	Keydown:  
145.33965500001796	DATA	Keydown:  
145.53897500003222	DATA	Keydown:  
145.7229900000384	DATA	Keydown:  
145.891350000049	DATA	Keydown:  
146.07197000004817	DATA	Keydown:  
146.27982500003418	DATA	Keydown:  
146.45138500002213	DATA	Keydown:  
146.86504000000423	DATA	Keydown:  
147.06844000000274	DATA	Keydown:  
147.25705499999458	DATA	Keydown:  
147.43008499999996	DATA	Keydown:  
147.81940500001656	DATA	Keydown:  
148.00496000004932	DATA	Keydown:  
148.4006900000386	DATA	Keydown:  
148.75417500000913	DATA	Keydown:  
148.98771499999566	DATA	Keydown:  
149.17341000004672	DATA	Keydown:  
149.61256500001764	DATA	Keydown:  
150.03443500003777	DATA	Keydown:  
151.52843000000576	EXP	text_3: autoDraw = true
152.48923500004457	DATA	Keydown:  
152.51221000001533	EXP	text_3: autoDraw = false
152.51221000001533	EXP	text_4: autoDraw = true
160.09381000004942	DATA	Keydown:  
160.10956500004977	EXP	text_4: autoDraw = false
160.10956500004977	EXP	Sound: secs = -1
160.10956500004977	EXP	Sound: volume = 1
160.10956500004977	EXP	Sound: loops = 0
160.10956500004977	EXP	Sound: volume = 1
162.9440000000177	DATA	Keydown:  
163.3269100000034	DATA	Keydown:  
163.70581000001403	DATA	Keydown:  
164.14435499999672	DATA	Keydown:  
164.54453500005184	DATA	Keydown:  
165.09195500001078	DATA	Keydown:  
165.6046600000118	DATA	Keydown:  
166.21484000002965	DATA	Keydown:  
166.9365150000085	DATA	Keydown:  
167.59597000002395	DATA	Keydown:  
168.22485500003677	DATA	Keydown:  
168.89642500004265	DATA	Keydown:  
169.5412350000115	DATA	Keydown:  
170.16315500001656	DATA	Keydown:  
170.7375699999975	DATA	Keydown:  
171.3928400000441	DATA	Keydown:  
171.96533000003546	DATA	Keydown:  
172.62396500003524	DATA	Keydown:  
173.20665000000736	DATA	Keydown:  
173.8464850000455	DATA	Keydown:  
174.5163650000468	DATA	Keydown:  
175.12889500003075	DATA	Keydown:  
177.29495000001043	EXP	next_prompt_trial2: autoDraw = true
178.91129499999806	DATA	Keydown:  
178.9501900000032	EXP	next_prompt_trial2: autoDraw = false
178.9501900000032	EXP	completion_text: autoDraw = true
183.36966000002576	DATA	Mouse: wheel shift=(0,125), pos=(321.60000479221344,568.8000084757805)
183.43593999999575	DATA	Mouse: wheel shift=(0,125), pos=(321.60000479221344,568.8000084757805)
183.62217000004603	DATA	Mouse: wheel shift=(0,125), pos=(322.40000480413437,578.4000086188316)
184.3691800000379	DATA	Mouse: wheel shift=(0,-125), pos=(384.8000301480297,731.2000108957291)
184.4357350000064	DATA	Mouse: wheel shift=(0,-125), pos=(384.8000301480297,731.2000108957291)
184.46928499999922	DATA	Mouse: wheel shift=(0,-125), pos=(384.8000301480297,731.2000108957291)
184.65316000004532	DATA	Mouse: wheel shift=(0,-125), pos=(384.8000301480297,731.2000108957291)
204.18380500003695	DATA	Keydown: Alt
211.36303500004578	DATA	Mouse: wheel shift=(0,-125), pos=(536.8000079989433,556.8000082969666)
211.69570000004023	DATA	Mouse: wheel shift=(0,-125), pos=(536.8000079989433,556.8000082969666)
211.7791900000302	DATA	Mouse: wheel shift=(0,125), pos=(536.8000079989433,556.8000082969666)
211.89601000002585	DATA	Mouse: wheel shift=(0,125), pos=(536.8000079989433,556.8000082969666)
211.96667000005255	DATA	Mouse: wheel shift=(0,125), pos=(536.8000079989433,558.4000083208084)
212.59542000002693	DATA	Mouse: wheel shift=(0,125), pos=(536.8000079989433,558.4000083208084)
212.77875500003574	DATA	Mouse: wheel shift=(0,125), pos=(536.8000079989433,558.4000083208084)
212.9619300000486	DATA	Mouse: wheel shift=(0,125), pos=(536.8000079989433,558.4000083208084)
216.3806850000401	DATA	Keydown:  
216.41244500002358	EXP	completion_text: autoDraw = false
216.41244500002358	EXP	goodbyetxt: autoDraw = true
