0.4169999999999998	EXP	Created Window = Window( name=Window, fullscr=true, color=#808080, units=height, waitBlanking=true, autoLog=true, size=[1584,853] )
4.627	DATA	Keydown: Shift
4.824	DATA	Keydown: M
4.942	DATA	Keydown: A
5.146	DATA	Keydown: P
81.254	DATA	Keydown: Shift
81.531	DATA	Keydown: Y
81.691	DATA	Keydown: e
82.011	DATA	Keydown: s
84.392	DATA	Keydown: Meta
84.621	DATA	Keydown: v
86.356	DATA	Keydown: Backspace
86.854	DATA	Keydown: Backspace
86.941	DATA	Keydown: Backspace
87.021	DATA	Keydown: Backspace
87.105	DATA	Keydown: Backspace
87.19500000000001	DATA	Keydown: Backspace
87.272	DATA	Keydown: Backspace
87.356	DATA	Keydown: Backspace
87.43900000000001	DATA	Keydown: Backspace
87.514	DATA	Keydown: Backspace
87.607	DATA	Keydown: Backspace
87.687	DATA	Keydown: Backspace
87.772	DATA	Keydown: Backspace
87.855	DATA	Keydown: Backspace
87.93900000000001	DATA	Keydown: Backspace
88.022	DATA	Keydown: Backspace
88.106	DATA	Keydown: Backspace
88.18900000000001	DATA	Keydown: Backspace
88.273	DATA	Keydown: Backspace
88.509	DATA	Keydown: Backspace
88.772	DATA	Keydown: Backspace
89.055	DATA	Keydown: Backspace
89.308	DATA	Keydown: Backspace
89.493	DATA	Keydown: Backspace
89.66	DATA	Keydown: Backspace
89.855	DATA	Keydown: Backspace
90.028	DATA	Keydown: Backspace
90.228	DATA	Keydown: Backspace
90.423	DATA	Keydown: Backspace
90.606	DATA	Keydown: Backspace
90.771	DATA	Keydown: Backspace
90.994	DATA	Keydown: Backspace
91.889	DATA	Keydown:  
92.456	DATA	Keydown: Shift
92.79	DATA	Keydown: Z
93.124	DATA	Keydown: X
93.745	DATA	Keydown:  
94.039	DATA	Keydown: s
94.20700000000001	DATA	Keydown: e
94.44	DATA	Keydown: r
94.639	DATA	Keydown: i
95.106	DATA	Keydown: e
95.34	DATA	Keydown: s
106.545	DATA	Keydown: 5
106.708	DATA	Keydown: 0
107.674	DATA	Keydown: Backspace
107.875	DATA	Keydown: Backspace
110.313	DATA	Keydown: 5
110.726	DATA	Keydown: 0
199.745	DATA	Keydown: n
199.823	DATA	Keydown: o
199.939	DATA	Keydown: n
200.039	DATA	Keydown: e
204.99	DATA	Keydown: m
207.513	DATA	Keydown: 7
208.627	DATA	Keydown: 0
212.241	DATA	Keydown: r
213.514	DATA	Keydown: Backspace
214.694	DATA	Keydown: Shift
214.883	DATA	Keydown: R
219.942	DATA	Keydown: y
220.059	DATA	Keydown: e
220.311	DATA	Keydown: s
229.871	DATA	Keydown: y
229.935	DATA	Keydown: e
230.127	DATA	Keydown: s
232.454	EXP	Created instructiontxt = TextStim( name=instructiontxt, win=Window( name=Window, fullscr=true, color=#808080, ~), autoDraw=null, autoLog=true, units=height, ori=null, opacity=1, pos=[0,0], size=undefined, text=Welcome to tapping experiment. 

You will hear a s~, font=Arial, color=#FFFFFF, contrast=1, height=0.05, bold=null, italic=null, alignHoriz=left, alignVert=center, wrapWidth=1, flipHoriz=null, flipVert=null )
232.462	EXP	Created TonePlayer = TonePlayer( name=TonePlayer, note=A4, duration_s=-1, volume=1, loops=null, soundLibrary="TONE_JS", autoLog=true )
232.463	EXP	Created text = TextStim( name=text, win=Window( name=Window, fullscr=true, color=#808080, ~), autoDraw=null, autoLog=true, units=height, ori=null, opacity=1, pos=[0,0], size=undefined, text=Ready for the next trial?

press space bar to star~, font=Arial, color=#FFFFFF, contrast=1, height=0.05, bold=null, italic=null, alignHoriz=left, alignVert=center, wrapWidth=1, flipHoriz=null, flipVert=null )
232.465	EXP	Created text_2 = TextStim( name=text_2, win=Window( name=Window, fullscr=true, color=#808080, ~), autoDraw=null, autoLog=true, units=height, ori=null, opacity=1, pos=[0,0], size=undefined, text=Practice trials are over.

Now we are going to sta~, font=Arial, color=#FFFFFF, contrast=1, height=0.05, bold=null, italic=null, alignHoriz=left, alignVert=center, wrapWidth=1, flipHoriz=null, flipVert=null )
232.47	EXP	Created TonePlayer = TonePlayer( name=TonePlayer, note=A4, duration_s=-1, volume=1, loops=null, soundLibrary="TONE_JS", autoLog=true )
232.471	EXP	Created text_3 = TextStim( name=text_3, win=Window( name=Window, fullscr=true, color=#808080, ~), autoDraw=null, autoLog=true, units=height, ori=null, opacity=1, pos=[0,0], size=undefined, text=Ready for the next trial?

Press space bar to star~, font=Arial, color=#FFFFFF, contrast=1, height=0.05, bold=null, italic=null, alignHoriz=left, alignVert=center, wrapWidth=1, flipHoriz=null, flipVert=null )
232.473	EXP	Created text_4 = TextStim( name=text_4, win=Window( name=Window, fullscr=true, color=#808080, ~), autoDraw=null, autoLog=true, units=height, ori=null, opacity=1, pos=[0,0], size=undefined, text=Great! This is the half-way break. 

Please take y~, font=Arial, color=#FFFFFF, contrast=1, height=0.05, bold=null, italic=null, alignHoriz=left, alignVert=center, wrapWidth=1, flipHoriz=null, flipVert=null )
232.476	EXP	Created TonePlayer = TonePlayer( name=TonePlayer, note=A4, duration_s=-1, volume=1, loops=null, soundLibrary="TONE_JS", autoLog=true )
232.478	EXP	Created next_prompt_trial2 = TextStim( name=next_prompt_trial2, win=Window( name=Window, fullscr=true, color=#808080, ~), autoDraw=null, autoLog=true, units=height, ori=null, opacity=1, pos=[0,0], size=undefined, text=Ready for the next trial? 

Press space bar to sta~, font=Arial, color=#FFFFFF, contrast=1, height=0.05, bold=null, italic=null, alignHoriz=left, alignVert=center, wrapWidth=1, flipHoriz=null, flipVert=null )
232.479	EXP	Created completion_text = TextStim( name=completion_text, win=Window( name=Window, fullscr=true, color=#808080, ~), autoDraw=null, autoLog=true, units=height, ori=null, opacity=1, pos=[0,0], size=undefined, text=Thanks for your participation! 

Here is your expe~, font=Arial, color=#FFFFFF, contrast=1, height=0.05, bold=null, italic=null, alignHoriz=left, alignVert=center, wrapWidth=1, flipHoriz=null, flipVert=null )
232.48	EXP	Created goodbyetxt = TextStim( name=goodbyetxt, win=Window( name=Window, fullscr=true, color=#808080, ~), autoDraw=null, autoLog=true, units=height, ori=null, opacity=1, pos=[0,0], size=undefined, text=The test is over!

Thank you so much!!, font=Arial, color=#FFFFFF, contrast=1, height=0.05, bold=null, italic=null, alignHoriz=left, alignVert=center, wrapWidth=1, flipHoriz=null, flipVert=null )
232.533	EXP	instructiontxt: units = "height"
232.533	EXP	instructiontxt: ori = 0
232.533	EXP	instructiontxt: opacity = 1
232.533	EXP	instructiontxt: pos = [0,0]
232.533	EXP	instructiontxt: size = undefined
232.533	EXP	instructiontxt: text = "Welcome to tapping experiment. \n\nYou will hear a sequence of tones.\nUse the index finger of your dominant hand \nto tap the spacebar at where you think the beat \nis throughout the sound file at each trial. \n\nWhen you are ready, press the spacebar to begin the practice."
232.533	EXP	instructiontxt: font = "Arial"
232.533	EXP	instructiontxt: color = {"_hex":"#FFFFFF","_rgb":[1,1,1]}
232.533	EXP	instructiontxt: contrast = 1
232.533	EXP	instructiontxt: height = 0.05
232.533	EXP	instructiontxt: bold = false
232.533	EXP	instructiontxt: italic = false
232.533	EXP	instructiontxt: alignHoriz = "left"
232.533	EXP	instructiontxt: alignVert = "center"
232.533	EXP	instructiontxt: wrapWidth = 1
232.533	EXP	instructiontxt: flipHoriz = false
232.533	EXP	instructiontxt: flipVert = false
232.533	EXP	Sound: secs = -1
232.533	EXP	Sound: volume = 1
232.533	EXP	Sound: loops = 0
232.533	EXP	Sound: volume = 1
232.533	EXP	text: units = "height"
232.533	EXP	text: ori = 0
232.533	EXP	text: opacity = 1
232.533	EXP	text: pos = [0,0]
232.533	EXP	text: size = undefined
232.533	EXP	text: text = "Ready for the next trial?\n\npress space bar to start."
232.533	EXP	text: font = "Arial"
232.533	EXP	text: color = {"_hex":"#FFFFFF","_rgb":[1,1,1]}
232.533	EXP	text: contrast = 1
232.533	EXP	text: height = 0.05
232.533	EXP	text: bold = false
232.533	EXP	text: italic = false
232.533	EXP	text: alignHoriz = "left"
232.533	EXP	text: alignVert = "center"
232.533	EXP	text: wrapWidth = 1
232.533	EXP	text: flipHoriz = false
232.533	EXP	text: flipVert = false
232.533	EXP	text_2: units = "height"
232.533	EXP	text_2: ori = 0
232.533	EXP	text_2: opacity = 1
232.533	EXP	text_2: pos = [0,0]
232.533	EXP	text_2: size = undefined
232.533	EXP	text_2: text = "Practice trials are over.\n\nNow we are going to start the real test trials.\nThe total session length will be about 28 minutes, but we will have a short break at the half way mark.\n\nIf you are ready, please space bar."
232.533	EXP	text_2: font = "Arial"
232.533	EXP	text_2: color = {"_hex":"#FFFFFF","_rgb":[1,1,1]}
232.533	EXP	text_2: contrast = 1
232.533	EXP	text_2: height = 0.05
232.533	EXP	text_2: bold = false
232.533	EXP	text_2: italic = false
232.533	EXP	text_2: alignHoriz = "left"
232.533	EXP	text_2: alignVert = "center"
232.533	EXP	text_2: wrapWidth = 1
232.533	EXP	text_2: flipHoriz = false
232.533	EXP	text_2: flipVert = false
232.533	EXP	Sound: secs = -1
232.533	EXP	Sound: volume = 1
232.533	EXP	Sound: loops = 0
232.533	EXP	Sound: volume = 1
232.533	EXP	text_3: units = "height"
232.533	EXP	text_3: ori = 0
232.533	EXP	text_3: opacity = 1
232.533	EXP	text_3: pos = [0,0]
232.533	EXP	text_3: size = undefined
232.533	EXP	text_3: text = "Ready for the next trial?\n\nPress space bar to start."
232.533	EXP	text_3: font = "Arial"
232.533	EXP	text_3: color = {"_hex":"#FFFFFF","_rgb":[1,1,1]}
232.533	EXP	text_3: contrast = 1
232.533	EXP	text_3: height = 0.05
232.533	EXP	text_3: bold = false
232.533	EXP	text_3: italic = false
232.533	EXP	text_3: alignHoriz = "left"
232.533	EXP	text_3: alignVert = "center"
232.533	EXP	text_3: wrapWidth = 1
232.533	EXP	text_3: flipHoriz = false
232.533	EXP	text_3: flipVert = false
232.533	EXP	text_4: units = "height"
232.533	EXP	text_4: ori = 0
232.533	EXP	text_4: opacity = 1
232.533	EXP	text_4: pos = [0,0]
232.533	EXP	text_4: size = undefined
232.533	EXP	text_4: text = "Great! This is the half-way break. \n\nPlease take your time. \n\nWhen you are ready to start the second-half of the test trials, please press space bar. "
232.533	EXP	text_4: font = "Arial"
232.533	EXP	text_4: color = {"_hex":"#FFFFFF","_rgb":[1,1,1]}
232.533	EXP	text_4: contrast = 1
232.533	EXP	text_4: height = 0.05
232.533	EXP	text_4: bold = false
232.533	EXP	text_4: italic = false
232.533	EXP	text_4: alignHoriz = "left"
232.533	EXP	text_4: alignVert = "center"
232.533	EXP	text_4: wrapWidth = 1
232.533	EXP	text_4: flipHoriz = false
232.533	EXP	text_4: flipVert = false
232.533	EXP	Sound: secs = -1
232.533	EXP	Sound: volume = 1
232.533	EXP	Sound: loops = 0
232.533	EXP	Sound: volume = 1
232.533	EXP	next_prompt_trial2: units = "height"
232.533	EXP	next_prompt_trial2: ori = 0
232.533	EXP	next_prompt_trial2: opacity = 1
232.533	EXP	next_prompt_trial2: pos = [0,0]
232.533	EXP	next_prompt_trial2: size = undefined
232.533	EXP	next_prompt_trial2: text = "Ready for the next trial? \n\nPress space bar to start. "
232.533	EXP	next_prompt_trial2: font = "Arial"
232.533	EXP	next_prompt_trial2: color = {"_hex":"#FFFFFF","_rgb":[1,1,1]}
232.533	EXP	next_prompt_trial2: contrast = 1
232.533	EXP	next_prompt_trial2: height = 0.05
232.533	EXP	next_prompt_trial2: bold = false
232.533	EXP	next_prompt_trial2: italic = false
232.533	EXP	next_prompt_trial2: alignHoriz = "left"
232.533	EXP	next_prompt_trial2: alignVert = "center"
232.533	EXP	next_prompt_trial2: wrapWidth = 1
232.533	EXP	next_prompt_trial2: flipHoriz = false
232.533	EXP	next_prompt_trial2: flipVert = false
232.533	EXP	completion_text: units = "height"
232.533	EXP	completion_text: ori = 0
232.533	EXP	completion_text: opacity = 1
232.533	EXP	completion_text: pos = [0,0]
232.533	EXP	completion_text: size = undefined
232.533	EXP	completion_text: text = "Thanks for your participation! \n\nHere is your experiment completion code: \n\n9158 \n\nPlease write down this code as you will need it in order to receive payment.\n\nIf you are not an MTurk worker, please send an email to nolan.lem@gmail.com with the Experiment Completion Code as the subject of the email. In order to complete the \nexperiment, when you are ready please press space bar and wait until you see a text box appear that says \"Thanks for your patience\" where you can click 'ok'. \n\nIf you are an MTurk worker, please press the space bar to be redirected to the MTurk experiment \nhomepage where you can input the code into the Experiment Completion Code box. "
232.533	EXP	completion_text: font = "Arial"
232.533	EXP	completion_text: color = {"_hex":"#FFFFFF","_rgb":[1,1,1]}
232.533	EXP	completion_text: contrast = 1
232.533	EXP	completion_text: height = 0.05
232.533	EXP	completion_text: bold = false
232.533	EXP	completion_text: italic = false
232.533	EXP	completion_text: alignHoriz = "left"
232.533	EXP	completion_text: alignVert = "center"
232.533	EXP	completion_text: wrapWidth = 1
232.533	EXP	completion_text: flipHoriz = false
232.533	EXP	completion_text: flipVert = false
232.533	EXP	goodbyetxt: units = "height"
232.533	EXP	goodbyetxt: ori = 0
232.533	EXP	goodbyetxt: opacity = 1
232.533	EXP	goodbyetxt: pos = [0,0]
232.533	EXP	goodbyetxt: size = undefined
232.533	EXP	goodbyetxt: text = "The test is over!\n\nThank you so much!!"
232.533	EXP	goodbyetxt: font = "Arial"
232.533	EXP	goodbyetxt: color = {"_hex":"#FFFFFF","_rgb":[1,1,1]}
232.533	EXP	goodbyetxt: contrast = 1
232.533	EXP	goodbyetxt: height = 0.05
232.533	EXP	goodbyetxt: bold = false
232.533	EXP	goodbyetxt: italic = false
232.533	EXP	goodbyetxt: alignHoriz = "left"
232.533	EXP	goodbyetxt: alignVert = "center"
232.533	EXP	goodbyetxt: wrapWidth = 1
232.533	EXP	goodbyetxt: flipHoriz = false
232.533	EXP	goodbyetxt: flipVert = false
232.533	EXP	instructiontxt: autoDraw = true
244.102	DATA	Keydown:  
244.117	EXP	instructiontxt: autoDraw = false
244.117	EXP	Sound: secs = -1
244.117	EXP	Sound: volume = 1
244.117	EXP	Sound: loops = 0
244.117	EXP	Sound: volume = 1
247.531	DATA	Keydown:  
248.283	DATA	Keydown:  
249.048	DATA	Keydown:  
249.819	DATA	Keydown:  
250.57	DATA	Keydown:  
251.314	DATA	Keydown:  
252.055	DATA	Keydown:  
252.83	DATA	Keydown:  
253.584	DATA	Keydown:  
254.35000000000002	DATA	Keydown:  
255.08499999999998	DATA	Keydown:  
255.853	DATA	Keydown:  
256.604	DATA	Keydown:  
257.351	DATA	Keydown:  
258.123	DATA	Keydown:  
258.903	DATA	Keydown:  
259.666	DATA	Keydown:  
260.433	DATA	Keydown:  
261.172	DATA	Keydown:  
262.407	EXP	text: autoDraw = true
264.431	DATA	Keydown:  
264.492	EXP	text: autoDraw = false
264.492	EXP	text_2: autoDraw = true
272.773	DATA	Keydown:  
272.78	EXP	text_2: autoDraw = false
272.78	EXP	Sound: secs = -1
272.78	EXP	Sound: volume = 1
272.78	EXP	Sound: loops = 0
272.78	EXP	Sound: volume = 1
275.586	DATA	Keydown:  
275.854	DATA	Keydown:  
276.186	DATA	Keydown:  
276.637	DATA	Keydown:  
276.924	DATA	Keydown:  
277.292	DATA	Keydown:  
277.615	DATA	Keydown:  
277.982	DATA	Keydown:  
278.39	DATA	Keydown:  
278.775	DATA	Keydown:  
279.167	DATA	Keydown:  
279.607	DATA	Keydown:  
280.007	DATA	Keydown:  
280.389	DATA	Keydown:  
280.77	DATA	Keydown:  
281.108	DATA	Keydown:  
281.521	DATA	Keydown:  
281.943	DATA	Keydown:  
282.343	DATA	Keydown:  
282.75	DATA	Keydown:  
283.167	DATA	Keydown:  
283.559	DATA	Keydown:  
283.926	DATA	Keydown:  
284.357	DATA	Keydown:  
284.754	DATA	Keydown:  
285.186	DATA	Keydown:  
285.559	DATA	Keydown:  
285.954	DATA	Keydown:  
286.383	DATA	Keydown:  
286.79	DATA	Keydown:  
287.222	DATA	Keydown:  
287.695	DATA	Keydown:  
288.063	DATA	Keydown:  
288.471	DATA	Keydown:  
290.047	EXP	text_3: autoDraw = true
291.854	DATA	Keydown:  
291.917	EXP	text_3: autoDraw = false
291.917	EXP	text_4: autoDraw = true
298.709	DATA	Keydown:  
298.72	EXP	text_4: autoDraw = false
298.72	EXP	Sound: secs = -1
298.72	EXP	Sound: volume = 1
298.72	EXP	Sound: loops = 0
298.72	EXP	Sound: volume = 1
301.658	DATA	Keydown:  
302.541	DATA	Keydown:  
303.344	DATA	Keydown:  
303.791	DATA	Keydown:  
304.407	DATA	Keydown:  
305.057	DATA	Keydown:  
305.658	DATA	Keydown:  
306.292	DATA	Keydown:  
306.928	DATA	Keydown:  
307.541	DATA	Keydown:  
308.162	DATA	Keydown:  
308.775	DATA	Keydown:  
309.441	DATA	Keydown:  
310.091	DATA	Keydown:  
310.729	DATA	Keydown:  
311.379	DATA	Keydown:  
311.992	DATA	Keydown:  
312.656	DATA	Keydown:  
313.258	DATA	Keydown:  
315.898	EXP	next_prompt_trial2: autoDraw = true
317.467	DATA	Keydown:  
317.548	EXP	next_prompt_trial2: autoDraw = false
317.548	EXP	completion_text: autoDraw = true
322.029	DATA	Mouse: 0 button down, pos=(366,108)
322.165	DATA	Mouse: 0 button down, pos=(366,108)
322.266	DATA	Mouse: 0 button down, pos=(366,108)
322.415	DATA	Mouse: 0 button down, pos=(366,108)
341.255	DATA	Mouse: wheel shift=(0,1), pos=(565,191)
341.321	DATA	Mouse: wheel shift=(0,1), pos=(565,191)
341.388	DATA	Mouse: wheel shift=(0,3), pos=(565,191)
341.546	DATA	Mouse: wheel shift=(0,1), pos=(565,191)
341.839	DATA	Mouse: wheel shift=(0,1), pos=(566,191)
341.886	DATA	Mouse: wheel shift=(0,2), pos=(566,190)
341.929	DATA	Mouse: wheel shift=(0,5), pos=(566,190)
342.327	DATA	Mouse: wheel shift=(0,1), pos=(685,374)
342.356	DATA	Mouse: wheel shift=(0,2), pos=(685,374)
342.39	DATA	Mouse: wheel shift=(0,6), pos=(685,374)
342.424	DATA	Mouse: wheel shift=(0,9), pos=(685,374)
354.257	DATA	Keydown:  
354.273	EXP	completion_text: autoDraw = false
354.273	EXP	goodbyetxt: autoDraw = true
