0.2390000000000001	EXP	Created Window = Window( name=Window, fullscr=true, color=#808080, units=height, waitBlanking=true, autoLog=true, size=[1533,757] )
7.6290000000000004	DATA	Keydown: Shift
7.632000000000001	DATA	Keydown: G
7.639	DATA	Keydown: e
7.64	DATA	Keydown: o
7.642	DATA	Keydown: r
7.643	DATA	Keydown: g
7.6450000000000005	DATA	Keydown: e
7.713	DATA	Keydown: Tab
8.255	DATA	Keydown: Control
8.565000000000001	DATA	Keydown: v
9.283000000000001	DATA	Keydown: Tab
9.342	DATA	Keydown: Tab
12.172	DATA	Keydown: Shift
12.172	DATA	Keydown: Shift
12.468	DATA	Keydown: Y
12.47	DATA	Keydown: e
12.472000000000001	DATA	Keydown: s
29.852999999999998	DATA	Keydown: Shift
30.035999999999998	DATA	Keydown: B
30.389999999999997	DATA	Keydown: o
30.507	DATA	Keydown: a
30.959999999999997	DATA	Keydown: t
30.961000000000002	DATA	Keydown:  
30.962	DATA	Keydown: Shift
31.060999999999996	DATA	Keydown: R
31.359999999999996	DATA	Keydown: o
31.362999999999996	DATA	Keydown: c
31.94	DATA	Keydown: k
31.941999999999997	DATA	Keydown: e
32.171	DATA	Keydown: r
32.173	DATA	Keydown: z
32.768	DATA	Keydown:  
33.368	DATA	Keydown: 4
33.372	DATA	Keydown: 0
33.374	DATA	Keydown: 0
36.421	DATA	Keydown: 1
37.062000000000005	DATA	Keydown: 2
38.385000000000005	DATA	Keydown: Tab
43.89	DATA	Keydown: Shift
43.891000000000005	DATA	Keydown: N
43.894000000000005	DATA	Keydown: o
50.309000000000005	DATA	Keydown: Tab
52.772000000000006	DATA	Keydown: m
53.978	DATA	Keydown: Tab
56.75	DATA	Keydown: 6
57.041000000000004	DATA	Keydown: 0
57.823	DATA	Keydown: Tab
61.59	DATA	Keydown: Shift
61.831	DATA	Keydown: R
62.24	DATA	Keydown: Tab
68.904	DATA	Keydown: Shift
68.905	DATA	Keydown: T
68.90599999999999	DATA	Keydown: Backspace
68.911	DATA	Keydown: Backspace
69.005	DATA	Keydown: Shift
69.142	DATA	Keydown: Y
69.801	DATA	Keydown: e
69.991	DATA	Keydown: s
70.756	DATA	Keydown: Tab
79.402	EXP	Created instructiontxt = TextStim( name=instructiontxt, win=Window( name=Window, fullscr=true, color=#808080, ~), autoDraw=null, autoLog=true, units=height, ori=null, opacity=1, pos=[0,0], size=undefined, text=Welcome to tapping experiment. 

You will hear a s~, font=Arial, color=#FFFFFF, contrast=1, height=0.05, bold=null, italic=null, alignHoriz=left, alignVert=center, wrapWidth=1, flipHoriz=null, flipVert=null )
79.438	EXP	Created TonePlayer = TonePlayer( name=TonePlayer, note=A4, duration_s=-1, volume=1, loops=null, soundLibrary="TONE_JS", autoLog=true )
79.443	EXP	Created text = TextStim( name=text, win=Window( name=Window, fullscr=true, color=#808080, ~), autoDraw=null, autoLog=true, units=height, ori=null, opacity=1, pos=[0,0], size=undefined, text=Ready for the next trial?

press space bar to star~, font=Arial, color=#FFFFFF, contrast=1, height=0.05, bold=null, italic=null, alignHoriz=left, alignVert=center, wrapWidth=1, flipHoriz=null, flipVert=null )
79.448	EXP	Created text_2 = TextStim( name=text_2, win=Window( name=Window, fullscr=true, color=#808080, ~), autoDraw=null, autoLog=true, units=height, ori=null, opacity=1, pos=[0,0], size=undefined, text=Practice trials are over.

Now we are going to sta~, font=Arial, color=#FFFFFF, contrast=1, height=0.05, bold=null, italic=null, alignHoriz=left, alignVert=center, wrapWidth=1, flipHoriz=null, flipVert=null )
79.55499999999999	EXP	Created TonePlayer = TonePlayer( name=TonePlayer, note=A4, duration_s=-1, volume=1, loops=null, soundLibrary="TONE_JS", autoLog=true )
79.643	EXP	Created text_3 = TextStim( name=text_3, win=Window( name=Window, fullscr=true, color=#808080, ~), autoDraw=null, autoLog=true, units=height, ori=null, opacity=1, pos=[0,0], size=undefined, text=Ready for the next trial?

Press space bar to star~, font=Arial, color=#FFFFFF, contrast=1, height=0.05, bold=null, italic=null, alignHoriz=left, alignVert=center, wrapWidth=1, flipHoriz=null, flipVert=null )
79.67	EXP	Created text_4 = TextStim( name=text_4, win=Window( name=Window, fullscr=true, color=#808080, ~), autoDraw=null, autoLog=true, units=height, ori=null, opacity=1, pos=[0,0], size=undefined, text=Great! This is the half-way break. 

Please take y~, font=Arial, color=#FFFFFF, contrast=1, height=0.05, bold=null, italic=null, alignHoriz=left, alignVert=center, wrapWidth=1, flipHoriz=null, flipVert=null )
79.685	EXP	Created TonePlayer = TonePlayer( name=TonePlayer, note=A4, duration_s=-1, volume=1, loops=null, soundLibrary="TONE_JS", autoLog=true )
79.756	EXP	Created next_prompt_trial2 = TextStim( name=next_prompt_trial2, win=Window( name=Window, fullscr=true, color=#808080, ~), autoDraw=null, autoLog=true, units=height, ori=null, opacity=1, pos=[0,0], size=undefined, text=Ready for the next trial? 

Press space bar to sta~, font=Arial, color=#FFFFFF, contrast=1, height=0.05, bold=null, italic=null, alignHoriz=left, alignVert=center, wrapWidth=1, flipHoriz=null, flipVert=null )
79.76299999999999	EXP	Created completion_text = TextStim( name=completion_text, win=Window( name=Window, fullscr=true, color=#808080, ~), autoDraw=null, autoLog=true, units=height, ori=null, opacity=1, pos=[0,0], size=undefined, text=Thanks for your participation! 

Here is your expe~, font=Arial, color=#FFFFFF, contrast=1, height=0.05, bold=null, italic=null, alignHoriz=left, alignVert=center, wrapWidth=1, flipHoriz=null, flipVert=null )
79.76599999999999	EXP	Created goodbyetxt = TextStim( name=goodbyetxt, win=Window( name=Window, fullscr=true, color=#808080, ~), autoDraw=null, autoLog=true, units=height, ori=null, opacity=1, pos=[0,0], size=undefined, text=The test is over!

Thank you so much!!, font=Arial, color=#FFFFFF, contrast=1, height=0.05, bold=null, italic=null, alignHoriz=left, alignVert=center, wrapWidth=1, flipHoriz=null, flipVert=null )
80.484	EXP	instructiontxt: units = "height"
80.484	EXP	instructiontxt: ori = 0
80.484	EXP	instructiontxt: opacity = 1
80.484	EXP	instructiontxt: pos = [0,0]
80.484	EXP	instructiontxt: size = undefined
80.484	EXP	instructiontxt: text = "Welcome to tapping experiment. \n\nYou will hear a sequence of tones.\nUse the index finger of your dominant hand \nto tap the spacebar at where you think the beat \nis throughout the sound file at each trial. \n\nWhen you are ready, press the spacebar to begin the practice."
80.484	EXP	instructiontxt: font = "Arial"
80.484	EXP	instructiontxt: color = {"_hex":"#FFFFFF","_rgb":[1,1,1]}
80.484	EXP	instructiontxt: contrast = 1
80.484	EXP	instructiontxt: height = 0.05
80.484	EXP	instructiontxt: bold = false
80.484	EXP	instructiontxt: italic = false
80.484	EXP	instructiontxt: alignHoriz = "left"
80.484	EXP	instructiontxt: alignVert = "center"
80.484	EXP	instructiontxt: wrapWidth = 1
80.484	EXP	instructiontxt: flipHoriz = false
80.484	EXP	instructiontxt: flipVert = false
80.484	EXP	Sound: secs = -1
80.484	EXP	Sound: volume = 1
80.484	EXP	Sound: loops = 0
80.484	EXP	Sound: volume = 1
80.484	EXP	text: units = "height"
80.484	EXP	text: ori = 0
80.484	EXP	text: opacity = 1
80.484	EXP	text: pos = [0,0]
80.484	EXP	text: size = undefined
80.484	EXP	text: text = "Ready for the next trial?\n\npress space bar to start."
80.484	EXP	text: font = "Arial"
80.484	EXP	text: color = {"_hex":"#FFFFFF","_rgb":[1,1,1]}
80.484	EXP	text: contrast = 1
80.484	EXP	text: height = 0.05
80.484	EXP	text: bold = false
80.484	EXP	text: italic = false
80.484	EXP	text: alignHoriz = "left"
80.484	EXP	text: alignVert = "center"
80.484	EXP	text: wrapWidth = 1
80.484	EXP	text: flipHoriz = false
80.484	EXP	text: flipVert = false
80.484	EXP	text_2: units = "height"
80.484	EXP	text_2: ori = 0
80.484	EXP	text_2: opacity = 1
80.484	EXP	text_2: pos = [0,0]
80.484	EXP	text_2: size = undefined
80.484	EXP	text_2: text = "Practice trials are over.\n\nNow we are going to start the real test trials.\nThe total session length will be about 28 minutes, but we will have a short break at the half way mark.\n\nIf you are ready, please space bar."
80.484	EXP	text_2: font = "Arial"
80.484	EXP	text_2: color = {"_hex":"#FFFFFF","_rgb":[1,1,1]}
80.484	EXP	text_2: contrast = 1
80.484	EXP	text_2: height = 0.05
80.484	EXP	text_2: bold = false
80.484	EXP	text_2: italic = false
80.484	EXP	text_2: alignHoriz = "left"
80.484	EXP	text_2: alignVert = "center"
80.484	EXP	text_2: wrapWidth = 1
80.484	EXP	text_2: flipHoriz = false
80.484	EXP	text_2: flipVert = false
80.484	EXP	Sound: secs = -1
80.484	EXP	Sound: volume = 1
80.484	EXP	Sound: loops = 0
80.484	EXP	Sound: volume = 1
80.484	EXP	text_3: units = "height"
80.484	EXP	text_3: ori = 0
80.484	EXP	text_3: opacity = 1
80.484	EXP	text_3: pos = [0,0]
80.484	EXP	text_3: size = undefined
80.484	EXP	text_3: text = "Ready for the next trial?\n\nPress space bar to start."
80.484	EXP	text_3: font = "Arial"
80.484	EXP	text_3: color = {"_hex":"#FFFFFF","_rgb":[1,1,1]}
80.484	EXP	text_3: contrast = 1
80.484	EXP	text_3: height = 0.05
80.484	EXP	text_3: bold = false
80.484	EXP	text_3: italic = false
80.484	EXP	text_3: alignHoriz = "left"
80.484	EXP	text_3: alignVert = "center"
80.484	EXP	text_3: wrapWidth = 1
80.484	EXP	text_3: flipHoriz = false
80.484	EXP	text_3: flipVert = false
80.484	EXP	text_4: units = "height"
80.484	EXP	text_4: ori = 0
80.484	EXP	text_4: opacity = 1
80.484	EXP	text_4: pos = [0,0]
80.484	EXP	text_4: size = undefined
80.484	EXP	text_4: text = "Great! This is the half-way break. \n\nPlease take your time. \n\nWhen you are ready to start the second-half of the test trials, please press space bar. "
80.484	EXP	text_4: font = "Arial"
80.484	EXP	text_4: color = {"_hex":"#FFFFFF","_rgb":[1,1,1]}
80.484	EXP	text_4: contrast = 1
80.484	EXP	text_4: height = 0.05
80.484	EXP	text_4: bold = false
80.484	EXP	text_4: italic = false
80.484	EXP	text_4: alignHoriz = "left"
80.484	EXP	text_4: alignVert = "center"
80.484	EXP	text_4: wrapWidth = 1
80.484	EXP	text_4: flipHoriz = false
80.484	EXP	text_4: flipVert = false
80.484	EXP	Sound: secs = -1
80.484	EXP	Sound: volume = 1
80.484	EXP	Sound: loops = 0
80.484	EXP	Sound: volume = 1
80.484	EXP	next_prompt_trial2: units = "height"
80.484	EXP	next_prompt_trial2: ori = 0
80.484	EXP	next_prompt_trial2: opacity = 1
80.484	EXP	next_prompt_trial2: pos = [0,0]
80.484	EXP	next_prompt_trial2: size = undefined
80.484	EXP	next_prompt_trial2: text = "Ready for the next trial? \n\nPress space bar to start. "
80.484	EXP	next_prompt_trial2: font = "Arial"
80.484	EXP	next_prompt_trial2: color = {"_hex":"#FFFFFF","_rgb":[1,1,1]}
80.484	EXP	next_prompt_trial2: contrast = 1
80.484	EXP	next_prompt_trial2: height = 0.05
80.484	EXP	next_prompt_trial2: bold = false
80.484	EXP	next_prompt_trial2: italic = false
80.484	EXP	next_prompt_trial2: alignHoriz = "left"
80.484	EXP	next_prompt_trial2: alignVert = "center"
80.484	EXP	next_prompt_trial2: wrapWidth = 1
80.484	EXP	next_prompt_trial2: flipHoriz = false
80.484	EXP	next_prompt_trial2: flipVert = false
80.484	EXP	completion_text: units = "height"
80.484	EXP	completion_text: ori = 0
80.484	EXP	completion_text: opacity = 1
80.484	EXP	completion_text: pos = [0,0]
80.484	EXP	completion_text: size = undefined
80.484	EXP	completion_text: text = "Thanks for your participation! \n\nHere is your experiment completion code: \n\n9158 \n\nPlease write down this code as you will need it in order to receive payment.\n\nIf you are not an MTurk worker, please send an email to nolan.lem@gmail.com with the Experiment Completion Code as the subject of the email. In order to complete the \nexperiment, when you are ready please press space bar and wait until you see a text box appear that says \"Thanks for your patience\" where you can click 'ok'. \n\nIf you are an MTurk worker, please press the space bar to be redirected to the MTurk experiment \nhomepage where you can input the code into the Experiment Completion Code box. "
80.484	EXP	completion_text: font = "Arial"
80.484	EXP	completion_text: color = {"_hex":"#FFFFFF","_rgb":[1,1,1]}
80.484	EXP	completion_text: contrast = 1
80.484	EXP	completion_text: height = 0.05
80.484	EXP	completion_text: bold = false
80.484	EXP	completion_text: italic = false
80.484	EXP	completion_text: alignHoriz = "left"
80.484	EXP	completion_text: alignVert = "center"
80.484	EXP	completion_text: wrapWidth = 1
80.484	EXP	completion_text: flipHoriz = false
80.484	EXP	completion_text: flipVert = false
80.484	EXP	goodbyetxt: units = "height"
80.484	EXP	goodbyetxt: ori = 0
80.484	EXP	goodbyetxt: opacity = 1
80.484	EXP	goodbyetxt: pos = [0,0]
80.484	EXP	goodbyetxt: size = undefined
80.484	EXP	goodbyetxt: text = "The test is over!\n\nThank you so much!!"
80.484	EXP	goodbyetxt: font = "Arial"
80.484	EXP	goodbyetxt: color = {"_hex":"#FFFFFF","_rgb":[1,1,1]}
80.484	EXP	goodbyetxt: contrast = 1
80.484	EXP	goodbyetxt: height = 0.05
80.484	EXP	goodbyetxt: bold = false
80.484	EXP	goodbyetxt: italic = false
80.484	EXP	goodbyetxt: alignHoriz = "left"
80.484	EXP	goodbyetxt: alignVert = "center"
80.484	EXP	goodbyetxt: wrapWidth = 1
80.484	EXP	goodbyetxt: flipHoriz = false
80.484	EXP	goodbyetxt: flipVert = false
80.484	EXP	instructiontxt: autoDraw = true
309.01300000000003	DATA	Keydown:  
309.18	EXP	instructiontxt: autoDraw = false
309.18	EXP	Sound: secs = -1
309.18	EXP	Sound: volume = 1
309.18	EXP	Sound: loops = 0
309.18	EXP	Sound: volume = 1
327.588	EXP	text: autoDraw = true
332.935	DATA	Keydown:  
333.193	EXP	text: autoDraw = false
333.193	EXP	text_2: autoDraw = true
517.596	DATA	Mouse: 0 button down, pos=(765,541)
517.5989999999999	DATA	Mouse: 0 button down, pos=(765,539)
518.024	DATA	Keydown:  
518.1189999999999	EXP	text_2: autoDraw = false
518.1189999999999	EXP	Sound: secs = -1
518.1189999999999	EXP	Sound: volume = 1
518.1189999999999	EXP	Sound: loops = 0
518.1189999999999	EXP	Sound: volume = 1
526.747	DATA	Keydown:  
532.334	DATA	Keydown:  
535.4169999999999	EXP	text_3: autoDraw = true
537.641	DATA	Keydown:  
537.925	EXP	text_3: autoDraw = false
537.925	EXP	text_4: autoDraw = true
542.0569999999999	DATA	Mouse: 0 button down, pos=(1022,150)
542.3059999999999	DATA	Mouse: 0 button down, pos=(1022,150)
592.7779999999999	DATA	Mouse: 0 button down, pos=(1039,154)
592.78	DATA	Mouse: 0 button down, pos=(1039,154)
593.875	DATA	Keydown:  
593.968	EXP	text_4: autoDraw = false
593.968	EXP	Sound: secs = -1
593.968	EXP	Sound: volume = 1
593.968	EXP	Sound: loops = 0
593.968	EXP	Sound: volume = 1
607.7289999999999	DATA	Mouse: 0 button down, pos=(889,375)
607.9219999999999	DATA	Mouse: 0 button down, pos=(889,375)
611.188	EXP	next_prompt_trial2: autoDraw = true
613.3019999999999	DATA	Keydown:  
613.698	EXP	next_prompt_trial2: autoDraw = false
613.698	EXP	completion_text: autoDraw = true
642.505	DATA	Mouse: wheel shift=(0,6), pos=(1142,426)
642.506	DATA	Mouse: wheel shift=(0,9), pos=(1142,426)
642.507	DATA	Mouse: wheel shift=(0,3), pos=(1142,426)
642.5089999999999	DATA	Keydown:  
642.626	EXP	completion_text: autoDraw = false
642.626	EXP	goodbyetxt: autoDraw = true
646.002	DATA	Keydown:  
