0.03087499999674037	EXP	Created Window = Window( name=Window, fullscr=true, color=#808080, units=height, waitBlanking=true, autoLog=true, size=[1366,625] )
42.036034999997355	DATA	Keydown: Shift
42.13785499997903	DATA	Keydown: S
42.881050000025425	DATA	Keydown: Tab
44.02580000000307	DATA	Keydown: Tab
44.933655000000726	DATA	Keydown: Tab
46.318874999997206	DATA	Keydown: Shift
46.5827500000014	DATA	Keydown: Y
47.09587499999907	DATA	Keydown: e
47.298004999989644	DATA	Keydown: s
47.83591999998316	DATA	Keydown: Tab
98.02323500002967	DATA	Keydown: Shift
98.15828000003239	DATA	Keydown: A
100.12258500000462	DATA	Keydown: Shift
100.24417999997968	DATA	Keydown: E
100.87163000000874	DATA	Keydown:  
101.51781500002835	DATA	Keydown: m
101.81296499999007	DATA	Keydown: o
102.07843500003219	DATA	Keydown: d
102.24775999999838	DATA	Keydown: e
102.43797000002814	DATA	Keydown: l
102.97967999998946	DATA	Keydown: Tab
105.64438000001246	DATA	Keydown: 2
107.22315500001423	DATA	Keydown: Backspace
107.41785500000697	DATA	Keydown: Backspace
107.58276999997906	DATA	Keydown: Backspace
107.98282999999356	DATA	Keydown: 5
109.6319750000257	DATA	Keydown: Tab
117.8078899999964	DATA	Keydown: Shift
118.05846999998903	DATA	Keydown: N
118.43507499998668	DATA	Keydown: p
127.71865500003332	DATA	Keydown: undefined
131.46633999998448	DATA	Keydown: Backspace
131.82274000003235	DATA	Keydown: o
132.7629050000105	DATA	Keydown: Backspace
133.14275499997893	DATA	Keydown: o
135.89908000000287	DATA	Keydown: Tab
137.3624149999814	DATA	Keydown: Shift
137.8710350000183	DATA	Keydown: Shift
137.87221499998122	DATA	Keydown: Shift
137.90465500002028	DATA	Keydown: Shift
137.94368500000564	DATA	Keydown: Shift
137.94414500001585	DATA	Keydown: F
138.36765000002924	DATA	Keydown: e
139.270205000008	DATA	Keydown: m
139.53240999998525	DATA	Keydown: a
139.6336199999787	DATA	Keydown: l
139.70280500000808	DATA	Keydown: e
140.8282500000205	DATA	Keydown: Tab
158.05320999998366	DATA	Keydown: 3
159.1453399999882	DATA	Keydown: 0
164.20449000003282	DATA	Keydown: Tab
168.73321500001475	DATA	Keydown: Shift
168.96294499997748	DATA	Keydown: R
170.17647499998566	DATA	Keydown: Tab
175.99773000000278	DATA	Keydown: Shift
176.16415000002598	DATA	Keydown: Y
176.54397499997867	DATA	Keydown: e
176.6329450000194	DATA	Keydown: s
177.02537500002654	DATA	Keydown: Tab
224.5533150000265	DATA	Keydown: 0
224.55639500002144	DATA	Keydown: 0
225.43107500002952	DATA	Keydown: 1
229.55813999997918	DATA	Keydown: 1
232.88511999999173	DATA	Keydown: 4
235.7532249999931	DATA	Keydown: Backspace
236.21150999999372	DATA	Keydown: 2
237.59846000000834	DATA	Keydown: 3
238.68285500002094	DATA	Keydown: Backspace
238.93462000001455	DATA	Keydown: Backspace
239.15561499999603	DATA	Keydown: Backspace
239.40532499999972	DATA	Keydown: Backspace
239.6034300000174	DATA	Keydown: Backspace
239.78283500002	DATA	Keydown: Backspace
239.9776449999772	DATA	Keydown: Backspace
240.17856500000926	DATA	Keydown: Backspace
240.40312500001164	DATA	Keydown: Backspace
240.64349500002572	DATA	Keydown: Backspace
240.84673500002827	DATA	Keydown: Backspace
293.1981300000334	DATA	Keydown: 0
293.3431650000275	DATA	Keydown: 0
293.43307000002824	DATA	Keydown: 1
783.3322100000223	EXP	Created instructiontxt = TextStim( name=instructiontxt, win=Window( name=Window, fullscr=true, color=#808080, ~), autoDraw=null, autoLog=true, units=height, ori=null, opacity=1, pos=[0,0], size=undefined, text=Welcome to tapping experiment. 

You will hear a s~, font=Arial, color=#FFFFFF, contrast=1, height=0.05, bold=null, italic=null, alignHoriz=left, alignVert=center, wrapWidth=1, flipHoriz=null, flipVert=null )
783.3483799999813	EXP	Created TonePlayer = TonePlayer( name=TonePlayer, note=A4, duration_s=-1, volume=1, loops=null, soundLibrary="TONE_JS", autoLog=true )
783.3495100000291	EXP	Created text = TextStim( name=text, win=Window( name=Window, fullscr=true, color=#808080, ~), autoDraw=null, autoLog=true, units=height, ori=null, opacity=1, pos=[0,0], size=undefined, text=Ready for the next trial?

press space bar to star~, font=Arial, color=#FFFFFF, contrast=1, height=0.05, bold=null, italic=null, alignHoriz=left, alignVert=center, wrapWidth=1, flipHoriz=null, flipVert=null )
783.350150000013	EXP	Created text_2 = TextStim( name=text_2, win=Window( name=Window, fullscr=true, color=#808080, ~), autoDraw=null, autoLog=true, units=height, ori=null, opacity=1, pos=[0,0], size=undefined, text=Practice trials are over.

Now we are going to sta~, font=Arial, color=#FFFFFF, contrast=1, height=0.05, bold=null, italic=null, alignHoriz=left, alignVert=center, wrapWidth=1, flipHoriz=null, flipVert=null )
783.3539599999785	EXP	Created TonePlayer = TonePlayer( name=TonePlayer, note=A4, duration_s=-1, volume=1, loops=null, soundLibrary="TONE_JS", autoLog=true )
783.3547450000187	EXP	Created text_3 = TextStim( name=text_3, win=Window( name=Window, fullscr=true, color=#808080, ~), autoDraw=null, autoLog=true, units=height, ori=null, opacity=1, pos=[0,0], size=undefined, text=Ready for the next trial?

Press space bar to star~, font=Arial, color=#FFFFFF, contrast=1, height=0.05, bold=null, italic=null, alignHoriz=left, alignVert=center, wrapWidth=1, flipHoriz=null, flipVert=null )
783.3619300000137	EXP	Created text_4 = TextStim( name=text_4, win=Window( name=Window, fullscr=true, color=#808080, ~), autoDraw=null, autoLog=true, units=height, ori=null, opacity=1, pos=[0,0], size=undefined, text=Great! This is the half-way break. 

Please take y~, font=Arial, color=#FFFFFF, contrast=1, height=0.05, bold=null, italic=null, alignHoriz=left, alignVert=center, wrapWidth=1, flipHoriz=null, flipVert=null )
783.3637549999985	EXP	Created TonePlayer = TonePlayer( name=TonePlayer, note=A4, duration_s=-1, volume=1, loops=null, soundLibrary="TONE_JS", autoLog=true )
783.364590000012	EXP	Created next_prompt_trial2 = TextStim( name=next_prompt_trial2, win=Window( name=Window, fullscr=true, color=#808080, ~), autoDraw=null, autoLog=true, units=height, ori=null, opacity=1, pos=[0,0], size=undefined, text=Ready for the next trial? 

Press space bar to sta~, font=Arial, color=#FFFFFF, contrast=1, height=0.05, bold=null, italic=null, alignHoriz=left, alignVert=center, wrapWidth=1, flipHoriz=null, flipVert=null )
783.3663050000323	EXP	Created completion_text = TextStim( name=completion_text, win=Window( name=Window, fullscr=true, color=#808080, ~), autoDraw=null, autoLog=true, units=height, ori=null, opacity=1, pos=[0,0], size=undefined, text=Thanks for your participation! 

Here is your expe~, font=Arial, color=#FFFFFF, contrast=1, height=0.05, bold=null, italic=null, alignHoriz=left, alignVert=center, wrapWidth=1, flipHoriz=null, flipVert=null )
783.3670150000253	EXP	Created goodbyetxt = TextStim( name=goodbyetxt, win=Window( name=Window, fullscr=true, color=#808080, ~), autoDraw=null, autoLog=true, units=height, ori=null, opacity=1, pos=[0,0], size=undefined, text=The test is over!

Thank you so much!!, font=Arial, color=#FFFFFF, contrast=1, height=0.05, bold=null, italic=null, alignHoriz=left, alignVert=center, wrapWidth=1, flipHoriz=null, flipVert=null )
783.395904999983	EXP	instructiontxt: units = "height"
783.395904999983	EXP	instructiontxt: ori = 0
783.395904999983	EXP	instructiontxt: opacity = 1
783.395904999983	EXP	instructiontxt: pos = [0,0]
783.395904999983	EXP	instructiontxt: size = undefined
783.395904999983	EXP	instructiontxt: text = "Welcome to tapping experiment. \n\nYou will hear a sequence of tones.\nUse the index finger of your dominant hand \nto tap the spacebar at where you think the beat \nis throughout the sound file at each trial. \n\nWhen you are ready, press the spacebar to begin the practice."
783.395904999983	EXP	instructiontxt: font = "Arial"
783.395904999983	EXP	instructiontxt: color = {"_hex":"#FFFFFF","_rgb":[1,1,1]}
783.395904999983	EXP	instructiontxt: contrast = 1
783.395904999983	EXP	instructiontxt: height = 0.05
783.395904999983	EXP	instructiontxt: bold = false
783.395904999983	EXP	instructiontxt: italic = false
783.395904999983	EXP	instructiontxt: alignHoriz = "left"
783.395904999983	EXP	instructiontxt: alignVert = "center"
783.395904999983	EXP	instructiontxt: wrapWidth = 1
783.395904999983	EXP	instructiontxt: flipHoriz = false
783.395904999983	EXP	instructiontxt: flipVert = false
783.395904999983	EXP	Sound: secs = -1
783.395904999983	EXP	Sound: volume = 1
783.395904999983	EXP	Sound: loops = 0
783.395904999983	EXP	Sound: volume = 1
783.395904999983	EXP	text: units = "height"
783.395904999983	EXP	text: ori = 0
783.395904999983	EXP	text: opacity = 1
783.395904999983	EXP	text: pos = [0,0]
783.395904999983	EXP	text: size = undefined
783.395904999983	EXP	text: text = "Ready for the next trial?\n\npress space bar to start."
783.395904999983	EXP	text: font = "Arial"
783.395904999983	EXP	text: color = {"_hex":"#FFFFFF","_rgb":[1,1,1]}
783.395904999983	EXP	text: contrast = 1
783.395904999983	EXP	text: height = 0.05
783.395904999983	EXP	text: bold = false
783.395904999983	EXP	text: italic = false
783.395904999983	EXP	text: alignHoriz = "left"
783.395904999983	EXP	text: alignVert = "center"
783.395904999983	EXP	text: wrapWidth = 1
783.395904999983	EXP	text: flipHoriz = false
783.395904999983	EXP	text: flipVert = false
783.395904999983	EXP	text_2: units = "height"
783.395904999983	EXP	text_2: ori = 0
783.395904999983	EXP	text_2: opacity = 1
783.395904999983	EXP	text_2: pos = [0,0]
783.395904999983	EXP	text_2: size = undefined
783.395904999983	EXP	text_2: text = "Practice trials are over.\n\nNow we are going to start the real test trials.\nThe total session length will be about 28 minutes, but we will have a short break at the half way mark.\n\nIf you are ready, please space bar."
783.395904999983	EXP	text_2: font = "Arial"
783.395904999983	EXP	text_2: color = {"_hex":"#FFFFFF","_rgb":[1,1,1]}
783.395904999983	EXP	text_2: contrast = 1
783.395904999983	EXP	text_2: height = 0.05
783.395904999983	EXP	text_2: bold = false
783.395904999983	EXP	text_2: italic = false
783.395904999983	EXP	text_2: alignHoriz = "left"
783.395904999983	EXP	text_2: alignVert = "center"
783.395904999983	EXP	text_2: wrapWidth = 1
783.395904999983	EXP	text_2: flipHoriz = false
783.395904999983	EXP	text_2: flipVert = false
783.395904999983	EXP	Sound: secs = -1
783.395904999983	EXP	Sound: volume = 1
783.395904999983	EXP	Sound: loops = 0
783.395904999983	EXP	Sound: volume = 1
783.395904999983	EXP	text_3: units = "height"
783.395904999983	EXP	text_3: ori = 0
783.395904999983	EXP	text_3: opacity = 1
783.395904999983	EXP	text_3: pos = [0,0]
783.395904999983	EXP	text_3: size = undefined
783.395904999983	EXP	text_3: text = "Ready for the next trial?\n\nPress space bar to start."
783.395904999983	EXP	text_3: font = "Arial"
783.395904999983	EXP	text_3: color = {"_hex":"#FFFFFF","_rgb":[1,1,1]}
783.395904999983	EXP	text_3: contrast = 1
783.395904999983	EXP	text_3: height = 0.05
783.395904999983	EXP	text_3: bold = false
783.395904999983	EXP	text_3: italic = false
783.395904999983	EXP	text_3: alignHoriz = "left"
783.395904999983	EXP	text_3: alignVert = "center"
783.395904999983	EXP	text_3: wrapWidth = 1
783.395904999983	EXP	text_3: flipHoriz = false
783.395904999983	EXP	text_3: flipVert = false
783.395904999983	EXP	text_4: units = "height"
783.395904999983	EXP	text_4: ori = 0
783.395904999983	EXP	text_4: opacity = 1
783.395904999983	EXP	text_4: pos = [0,0]
783.395904999983	EXP	text_4: size = undefined
783.395904999983	EXP	text_4: text = "Great! This is the half-way break. \n\nPlease take your time. \n\nWhen you are ready to start the second-half of the test trials, please press space bar. "
783.395904999983	EXP	text_4: font = "Arial"
783.395904999983	EXP	text_4: color = {"_hex":"#FFFFFF","_rgb":[1,1,1]}
783.395904999983	EXP	text_4: contrast = 1
783.395904999983	EXP	text_4: height = 0.05
783.395904999983	EXP	text_4: bold = false
783.395904999983	EXP	text_4: italic = false
783.395904999983	EXP	text_4: alignHoriz = "left"
783.395904999983	EXP	text_4: alignVert = "center"
783.395904999983	EXP	text_4: wrapWidth = 1
783.395904999983	EXP	text_4: flipHoriz = false
783.395904999983	EXP	text_4: flipVert = false
783.395904999983	EXP	Sound: secs = -1
783.395904999983	EXP	Sound: volume = 1
783.395904999983	EXP	Sound: loops = 0
783.395904999983	EXP	Sound: volume = 1
783.395904999983	EXP	next_prompt_trial2: units = "height"
783.395904999983	EXP	next_prompt_trial2: ori = 0
783.395904999983	EXP	next_prompt_trial2: opacity = 1
783.395904999983	EXP	next_prompt_trial2: pos = [0,0]
783.395904999983	EXP	next_prompt_trial2: size = undefined
783.395904999983	EXP	next_prompt_trial2: text = "Ready for the next trial? \n\nPress space bar to start. "
783.395904999983	EXP	next_prompt_trial2: font = "Arial"
783.395904999983	EXP	next_prompt_trial2: color = {"_hex":"#FFFFFF","_rgb":[1,1,1]}
783.395904999983	EXP	next_prompt_trial2: contrast = 1
783.395904999983	EXP	next_prompt_trial2: height = 0.05
783.395904999983	EXP	next_prompt_trial2: bold = false
783.395904999983	EXP	next_prompt_trial2: italic = false
783.395904999983	EXP	next_prompt_trial2: alignHoriz = "left"
783.395904999983	EXP	next_prompt_trial2: alignVert = "center"
783.395904999983	EXP	next_prompt_trial2: wrapWidth = 1
783.395904999983	EXP	next_prompt_trial2: flipHoriz = false
783.395904999983	EXP	next_prompt_trial2: flipVert = false
783.395904999983	EXP	completion_text: units = "height"
783.395904999983	EXP	completion_text: ori = 0
783.395904999983	EXP	completion_text: opacity = 1
783.395904999983	EXP	completion_text: pos = [0,0]
783.395904999983	EXP	completion_text: size = undefined
783.395904999983	EXP	completion_text: text = "Thanks for your participation! \n\nHere is your experiment completion code: \n\n9158 \n\nPlease write down this code as you will need it in order to receive payment.\n\nIf you are not an MTurk worker, please send an email to nolan.lem@gmail.com with the Experiment Completion Code as the subject of the email. In order to complete the \nexperiment, when you are ready please press space bar and wait until you see a text box appear that says \"Thanks for your patience\" where you can click 'ok'. \n\nIf you are an MTurk worker, please press the space bar to be redirected to the MTurk experiment \nhomepage where you can input the code into the Experiment Completion Code box. "
783.395904999983	EXP	completion_text: font = "Arial"
783.395904999983	EXP	completion_text: color = {"_hex":"#FFFFFF","_rgb":[1,1,1]}
783.395904999983	EXP	completion_text: contrast = 1
783.395904999983	EXP	completion_text: height = 0.05
783.395904999983	EXP	completion_text: bold = false
783.395904999983	EXP	completion_text: italic = false
783.395904999983	EXP	completion_text: alignHoriz = "left"
783.395904999983	EXP	completion_text: alignVert = "center"
783.395904999983	EXP	completion_text: wrapWidth = 1
783.395904999983	EXP	completion_text: flipHoriz = false
783.395904999983	EXP	completion_text: flipVert = false
783.395904999983	EXP	goodbyetxt: units = "height"
783.395904999983	EXP	goodbyetxt: ori = 0
783.395904999983	EXP	goodbyetxt: opacity = 1
783.395904999983	EXP	goodbyetxt: pos = [0,0]
783.395904999983	EXP	goodbyetxt: size = undefined
783.395904999983	EXP	goodbyetxt: text = "The test is over!\n\nThank you so much!!"
783.395904999983	EXP	goodbyetxt: font = "Arial"
783.395904999983	EXP	goodbyetxt: color = {"_hex":"#FFFFFF","_rgb":[1,1,1]}
783.395904999983	EXP	goodbyetxt: contrast = 1
783.395904999983	EXP	goodbyetxt: height = 0.05
783.395904999983	EXP	goodbyetxt: bold = false
783.395904999983	EXP	goodbyetxt: italic = false
783.395904999983	EXP	goodbyetxt: alignHoriz = "left"
783.395904999983	EXP	goodbyetxt: alignVert = "center"
783.395904999983	EXP	goodbyetxt: wrapWidth = 1
783.395904999983	EXP	goodbyetxt: flipHoriz = false
783.395904999983	EXP	goodbyetxt: flipVert = false
783.395904999983	EXP	instructiontxt: autoDraw = true
789.6752350000315	DATA	Keydown:  
789.6962400000193	EXP	instructiontxt: autoDraw = false
789.6962400000193	EXP	Sound: secs = -1
789.6962400000193	EXP	Sound: volume = 1
789.6962400000193	EXP	Sound: loops = 0
789.6962400000193	EXP	Sound: volume = 1
793.6349300000002	DATA	Mouse: wheel shift=(0,-100), pos=(758,496)
793.670065000013	DATA	Mouse: wheel shift=(0,-300), pos=(749,491)
793.7045950000174	DATA	Mouse: wheel shift=(0,-100), pos=(749,491)
793.9393000000273	DATA	Mouse: wheel shift=(0,100), pos=(733,518)
793.9726699999883	DATA	Mouse: wheel shift=(0,200), pos=(733,518)
794.0071549999993	DATA	Mouse: wheel shift=(0,200), pos=(733,522)
807.9877899999847	EXP	text: autoDraw = true
819.9220700000296	DATA	Keydown:  
819.9278349999804	EXP	text: autoDraw = false
819.9278349999804	EXP	text_2: autoDraw = true
826.7699799999828	DATA	Keydown:  
826.781959999993	EXP	text_2: autoDraw = false
826.781959999993	EXP	Sound: secs = -1
826.781959999993	EXP	Sound: volume = 1
826.781959999993	EXP	Sound: loops = 0
826.781959999993	EXP	Sound: volume = 1
830.7953550000093	DATA	Mouse: wheel shift=(0,-100), pos=(738,464)
830.8311100000283	DATA	Mouse: wheel shift=(0,-100), pos=(738,465)
831.0664649999817	DATA	Mouse: wheel shift=(0,100), pos=(738,465)
831.0996850000229	DATA	Mouse: wheel shift=(0,100), pos=(738,465)
831.1348749999888	DATA	Mouse: wheel shift=(0,100), pos=(738,465)
835.9412500000326	DATA	Mouse: 0 button down, pos=(701,387)
835.9422599999816	DATA	Mouse: 0 button down, pos=(701,387)
837.205094999983	DATA	Keydown:  
844.0475800000131	EXP	text_3: autoDraw = true
846.2660449999967	DATA	Keydown:  
846.2971750000142	EXP	text_3: autoDraw = false
846.2971750000142	EXP	text_4: autoDraw = true
849.3343599999789	DATA	Keydown:  
849.3535200000042	EXP	text_4: autoDraw = false
849.3535200000042	EXP	Sound: secs = -1
849.3535200000042	EXP	Sound: volume = 1
849.3535200000042	EXP	Sound: loops = 0
849.3535200000042	EXP	Sound: volume = 1
856.6155150000122	DATA	Keydown:  
866.5350549999857	EXP	next_prompt_trial2: autoDraw = true
867.9198150000302	DATA	Keydown:  
867.9436400000122	EXP	next_prompt_trial2: autoDraw = false
867.9436400000122	EXP	completion_text: autoDraw = true
871.5700349999825	DATA	Mouse: 0 button down, pos=(373,85)
871.6989000000176	DATA	Mouse: 0 button down, pos=(373,85)
871.7448750000331	DATA	Mouse: 0 button down, pos=(373,85)
871.8848299999954	DATA	Mouse: 0 button down, pos=(373,85)
875.5137600000016	DATA	Mouse: wheel shift=(0,-400), pos=(383,572)
876.0200850000256	DATA	Mouse: wheel shift=(0,-200), pos=(383,572)
876.5505550000235	DATA	Mouse: wheel shift=(0,-100), pos=(385,563)
876.5863900000113	DATA	Mouse: wheel shift=(0,-200), pos=(385,563)
876.6176899999846	DATA	Mouse: wheel shift=(0,-100), pos=(385,563)
876.6516399999964	DATA	Mouse: wheel shift=(0,-100), pos=(385,563)
879.7029249999905	DATA	Mouse: wheel shift=(0,-100), pos=(463,277)
879.7375149999862	DATA	Mouse: wheel shift=(0,-100), pos=(463,280)
879.8051100000157	DATA	Mouse: wheel shift=(0,-100), pos=(463,283)
879.8733900000225	DATA	Mouse: wheel shift=(0,-100), pos=(463,284)
879.9043050000328	DATA	Mouse: wheel shift=(0,-100), pos=(463,285)
880.0414299999829	DATA	Mouse: wheel shift=(0,-100), pos=(463,286)
890.0248349999893	DATA	Keydown:  
890.0525999999954	EXP	completion_text: autoDraw = false
890.0525999999954	EXP	goodbyetxt: autoDraw = true
892.9443699999829	DATA	Keydown:  
