0.06046499987132847	EXP	Created Window = Window( name=Window, fullscr=true, color=#808080, units=height, waitBlanking=true, autoLog=true, size=[1707,771] )
3.366630000062287	DATA	Keydown: Shift
3.567204999970272	DATA	Keydown: A
4.713410000083968	DATA	Keydown: k
5.495695000048727	DATA	Keydown: a
5.679874999914318	DATA	Keydown: s
6.509614999871701	DATA	Keydown: h
16.240289999870583	DATA	Keydown: Control
16.49034500005655	DATA	Keydown: Control
16.507354999892414	DATA	Keydown: Control
16.524465000024065	DATA	Keydown: v
24.901120000053197	DATA	Keydown: Shift
25.164670000085607	DATA	Keydown: Shift
25.182680000085384	DATA	Keydown: Shift
25.19926999998279	DATA	Keydown: Shift
25.213294999906793	DATA	Keydown: Shift
25.234050000086427	DATA	Keydown: Shift
25.251050000078976	DATA	Keydown: Shift
25.270405000075698	DATA	Keydown: Shift
25.296289999969304	DATA	Keydown: Shift
25.317585000069812	DATA	Keydown: Shift
25.332539999857545	DATA	Keydown: Shift
25.34807000006549	DATA	Keydown: Shift
25.367874999996275	DATA	Keydown: Shift
25.38494999986142	DATA	Keydown: Shift
25.403110000072047	DATA	Keydown: Shift
25.42026500008069	DATA	Keydown: Shift
25.436639999970794	DATA	Keydown: Shift
25.467470000032336	DATA	Keydown: Shift
25.481149999890476	DATA	Keydown: Shift
25.50050999992527	DATA	Keydown: Shift
25.51728000002913	DATA	Keydown: Shift
25.53383499989286	DATA	Keydown: Shift
25.552364999894053	DATA	Keydown: Shift
25.579600000055507	DATA	Keydown: Shift
25.58483999990858	DATA	Keydown: Y
26.10281499987468	DATA	Keydown: e
26.283550000051036	DATA	Keydown: s
28.447255000006407	DATA	Keydown: Shift
28.701764999888837	DATA	Keydown: Shift
28.72900000005029	DATA	Keydown: Shift
28.748864999972284	DATA	Keydown: Shift
28.769599999999627	DATA	Keydown: Shift
28.778574999887496	DATA	Keydown: Shift
28.798320000059903	DATA	Keydown: Shift
28.81517000007443	DATA	Keydown: Shift
28.833444999996573	DATA	Keydown: Shift
28.85082000005059	DATA	Keydown: Shift
28.869464999996126	DATA	Keydown: Shift
28.8940949998796	DATA	Keydown: Shift
28.897954999934882	DATA	Keydown: B
29.13393500004895	DATA	Keydown: a
29.74656999995932	DATA	Keydown: s
29.945409999927506	DATA	Keydown: i
30.193310000002384	DATA	Keydown: c
32.63054000004195	DATA	Keydown: Shift
32.89837499987334	DATA	Keydown: Shift
32.91160500003025	DATA	Keydown: Shift
32.931689999997616	DATA	Keydown: Shift
32.94717000005767	DATA	Keydown: Shift
32.97466000006534	DATA	Keydown: Shift
32.99586999998428	DATA	Keydown: Shift
33.012690000003204	DATA	Keydown: Shift
33.02878000005148	DATA	Keydown: Shift
33.050125000067055	DATA	Keydown: Shift
33.06262500002049	DATA	Keydown: Shift
33.094714999897406	DATA	Keydown: Shift
33.09855500003323	DATA	Keydown: Shift
33.12618999998085	DATA	Keydown: Shift
33.146015000063926	DATA	Keydown: Shift
33.16228500008583	DATA	Keydown: Shift
33.17625999986194	DATA	Keydown: Shift
33.196130000054836	DATA	Keydown: Shift
33.21252999990247	DATA	Keydown: Shift
33.23289999994449	DATA	Keydown: Shift
33.24881000001915	DATA	Keydown: Shift
33.27925999998115	DATA	Keydown: Shift
33.291149999946356	DATA	Keydown: Shift
33.312510000076145	DATA	Keydown: Shift
33.32894499995746	DATA	Keydown: Shift
33.34302500006743	DATA	Keydown: Shift
33.3626599998679	DATA	Keydown: Shift
33.392624999862164	DATA	Keydown: Shift
33.41251499997452	DATA	Keydown: Shift
33.426160000031814	DATA	Keydown: Shift
33.4453799999319	DATA	Keydown: Shift
33.9782300000079	DATA	Keydown: 2
35.93959000008181	DATA	Keydown: Shift
36.41247499990277	DATA	Keydown: Shift
36.412590000079945	DATA	Keydown: Shift
36.41275499993935	DATA	Keydown: Shift
36.41285500000231	DATA	Keydown: Shift
36.412950000027195	DATA	Keydown: Shift
36.41310500004329	DATA	Keydown: Shift
36.41323000006378	DATA	Keydown: Shift
36.413329999893904	DATA	Keydown: Shift
36.41347000002861	DATA	Keydown: Shift
36.413584999972954	DATA	Keydown: Shift
36.413690000073984	DATA	Keydown: Shift
36.414244999876246	DATA	Keydown: Shift
36.427475000033155	DATA	Keydown: Shift
36.4425999999512	DATA	Keydown: Shift
36.460209999931976	DATA	Keydown: N
37.055865000002086	DATA	Keydown: o
40.27491499995813	DATA	Keydown: f
46.451379999984056	DATA	Keydown: 2
47.07064999989234	DATA	Keydown: 5
50.13235000008717	DATA	Keydown: Shift
50.39873000001535	DATA	Keydown: Shift
50.45250499993563	DATA	Keydown: Shift
50.5324800000526	DATA	Keydown: Shift
50.537825000006706	DATA	Keydown: Shift
50.55172999994829	DATA	Keydown: Shift
50.56981000001542	DATA	Keydown: Shift
50.582050000084564	DATA	Keydown: Shift
50.60178999998607	DATA	Keydown: Shift
50.633755000075325	DATA	Keydown: Shift
50.91546000004746	DATA	Keydown: a
51.51488499995321	DATA	Keydown: m
52.28108499990776	DATA	Keydown: b
52.61471499991603	DATA	Keydown: i
58.59704999998212	DATA	Keydown: Shift
58.896650000009686	DATA	Keydown: Y
59.56658999994397	DATA	Keydown: e
59.59330499987118	DATA	Keydown: s
65.30231499997899	EXP	Created instructiontxt = TextStim( name=instructiontxt, win=Window( name=Window, fullscr=true, color=#808080, ~), autoDraw=null, autoLog=true, units=height, ori=null, opacity=1, pos=[0,0], size=undefined, text=Welcome to tapping experiment. 

You will hear a s~, font=Arial, color=#FFFFFF, contrast=1, height=0.025, bold=null, italic=null, alignHoriz=left, alignVert=center, wrapWidth=1, flipHoriz=null, flipVert=null )
65.31981000001542	EXP	Created TonePlayer = TonePlayer( name=TonePlayer, note=A4, duration_s=-1, volume=1, loops=null, soundLibrary="TONE_JS", autoLog=true )
65.32199499988928	EXP	Created text = TextStim( name=text, win=Window( name=Window, fullscr=true, color=#808080, ~), autoDraw=null, autoLog=true, units=height, ori=null, opacity=1, pos=[0,0], size=undefined, text=Ready for the next trial?

press space bar to star~, font=Arial, color=#FFFFFF, contrast=1, height=0.05, bold=null, italic=null, alignHoriz=left, alignVert=center, wrapWidth=1, flipHoriz=null, flipVert=null )
65.32475499995053	EXP	Created text_2 = TextStim( name=text_2, win=Window( name=Window, fullscr=true, color=#808080, ~), autoDraw=null, autoLog=true, units=height, ori=null, opacity=1, pos=[0,0], size=undefined, text=Practice trials are over.

Now we are going to sta~, font=Arial, color=#FFFFFF, contrast=1, height=0.05, bold=null, italic=null, alignHoriz=left, alignVert=center, wrapWidth=1, flipHoriz=null, flipVert=null )
65.33256000000983	EXP	Created TonePlayer = TonePlayer( name=TonePlayer, note=A4, duration_s=-1, volume=1, loops=null, soundLibrary="TONE_JS", autoLog=true )
65.33433500002138	EXP	Created text_3 = TextStim( name=text_3, win=Window( name=Window, fullscr=true, color=#808080, ~), autoDraw=null, autoLog=true, units=height, ori=null, opacity=1, pos=[0,0], size=undefined, text=Ready for the next trial?

Press space bar to star~, font=Arial, color=#FFFFFF, contrast=1, height=0.05, bold=null, italic=null, alignHoriz=left, alignVert=center, wrapWidth=1, flipHoriz=null, flipVert=null )
65.3355449999217	EXP	Created text_4 = TextStim( name=text_4, win=Window( name=Window, fullscr=true, color=#808080, ~), autoDraw=null, autoLog=true, units=height, ori=null, opacity=1, pos=[0,0], size=undefined, text=Great! This is the half-way break. 

Please take y~, font=Arial, color=#FFFFFF, contrast=1, height=0.05, bold=null, italic=null, alignHoriz=left, alignVert=center, wrapWidth=1, flipHoriz=null, flipVert=null )
65.34134000004269	EXP	Created TonePlayer = TonePlayer( name=TonePlayer, note=A4, duration_s=-1, volume=1, loops=null, soundLibrary="TONE_JS", autoLog=true )
65.34252499998547	EXP	Created next_prompt_trial2 = TextStim( name=next_prompt_trial2, win=Window( name=Window, fullscr=true, color=#808080, ~), autoDraw=null, autoLog=true, units=height, ori=null, opacity=1, pos=[0,0], size=undefined, text=Ready for the next trial? 

Press space bar to sta~, font=Arial, color=#FFFFFF, contrast=1, height=0.05, bold=null, italic=null, alignHoriz=left, alignVert=center, wrapWidth=1, flipHoriz=null, flipVert=null )
65.3439950000029	EXP	Created completion_text = TextStim( name=completion_text, win=Window( name=Window, fullscr=true, color=#808080, ~), autoDraw=null, autoLog=true, units=height, ori=null, opacity=1, pos=[0,0], size=undefined, text=Thanks for your participation! 

Here is your expe~, font=Arial, color=#FFFFFF, contrast=1, height=0.025, bold=null, italic=null, alignHoriz=left, alignVert=center, wrapWidth=1, flipHoriz=null, flipVert=null )
65.34904000000097	EXP	Created goodbyetxt = TextStim( name=goodbyetxt, win=Window( name=Window, fullscr=true, color=#808080, ~), autoDraw=null, autoLog=true, units=height, ori=null, opacity=1, pos=[0,0], size=undefined, text=The test is over!

Thank you so much!!, font=Arial, color=#FFFFFF, contrast=1, height=0.05, bold=null, italic=null, alignHoriz=left, alignVert=center, wrapWidth=1, flipHoriz=null, flipVert=null )
65.39667499996722	EXP	instructiontxt: units = "height"
65.39667499996722	EXP	instructiontxt: ori = 0
65.39667499996722	EXP	instructiontxt: opacity = 1
65.39667499996722	EXP	instructiontxt: pos = [0,0]
65.39667499996722	EXP	instructiontxt: size = undefined
65.39667499996722	EXP	instructiontxt: text = "Welcome to tapping experiment. \n\nYou will hear a sequence of tones.\nUse the index finger of your dominant hand \nto tap the spacebar at where you think the beat \nis throughout the sound file at each trial. \n\nWhen you are ready, press the spacebar to begin the practice."
65.39667499996722	EXP	instructiontxt: font = "Arial"
65.39667499996722	EXP	instructiontxt: color = {"_hex":"#FFFFFF","_rgb":[1,1,1]}
65.39667499996722	EXP	instructiontxt: contrast = 1
65.39667499996722	EXP	instructiontxt: height = 0.025
65.39667499996722	EXP	instructiontxt: bold = false
65.39667499996722	EXP	instructiontxt: italic = false
65.39667499996722	EXP	instructiontxt: alignHoriz = "left"
65.39667499996722	EXP	instructiontxt: alignVert = "center"
65.39667499996722	EXP	instructiontxt: wrapWidth = 1
65.39667499996722	EXP	instructiontxt: flipHoriz = false
65.39667499996722	EXP	instructiontxt: flipVert = false
65.39667499996722	EXP	Sound: secs = -1
65.39667499996722	EXP	Sound: volume = 1
65.39667499996722	EXP	Sound: loops = 0
65.39667499996722	EXP	Sound: volume = 1
65.39667499996722	EXP	text: units = "height"
65.39667499996722	EXP	text: ori = 0
65.39667499996722	EXP	text: opacity = 1
65.39667499996722	EXP	text: pos = [0,0]
65.39667499996722	EXP	text: size = undefined
65.39667499996722	EXP	text: text = "Ready for the next trial?\n\npress space bar to start."
65.39667499996722	EXP	text: font = "Arial"
65.39667499996722	EXP	text: color = {"_hex":"#FFFFFF","_rgb":[1,1,1]}
65.39667499996722	EXP	text: contrast = 1
65.39667499996722	EXP	text: height = 0.05
65.39667499996722	EXP	text: bold = false
65.39667499996722	EXP	text: italic = false
65.39667499996722	EXP	text: alignHoriz = "left"
65.39667499996722	EXP	text: alignVert = "center"
65.39667499996722	EXP	text: wrapWidth = 1
65.39667499996722	EXP	text: flipHoriz = false
65.39667499996722	EXP	text: flipVert = false
65.39667499996722	EXP	text_2: units = "height"
65.39667499996722	EXP	text_2: ori = 0
65.39667499996722	EXP	text_2: opacity = 1
65.39667499996722	EXP	text_2: pos = [0,0]
65.39667499996722	EXP	text_2: size = undefined
65.39667499996722	EXP	text_2: text = "Practice trials are over.\n\nNow we are going to start the real test trials.\nThe total session length will be about 28 minutes, but we will have a short break at the half way mark.\n\nIf you are ready, please space bar."
65.39667499996722	EXP	text_2: font = "Arial"
65.39667499996722	EXP	text_2: color = {"_hex":"#FFFFFF","_rgb":[1,1,1]}
65.39667499996722	EXP	text_2: contrast = 1
65.39667499996722	EXP	text_2: height = 0.05
65.39667499996722	EXP	text_2: bold = false
65.39667499996722	EXP	text_2: italic = false
65.39667499996722	EXP	text_2: alignHoriz = "left"
65.39667499996722	EXP	text_2: alignVert = "center"
65.39667499996722	EXP	text_2: wrapWidth = 1
65.39667499996722	EXP	text_2: flipHoriz = false
65.39667499996722	EXP	text_2: flipVert = false
65.39667499996722	EXP	Sound: secs = -1
65.39667499996722	EXP	Sound: volume = 1
65.39667499996722	EXP	Sound: loops = 0
65.39667499996722	EXP	Sound: volume = 1
65.39667499996722	EXP	text_3: units = "height"
65.39667499996722	EXP	text_3: ori = 0
65.39667499996722	EXP	text_3: opacity = 1
65.39667499996722	EXP	text_3: pos = [0,0]
65.39667499996722	EXP	text_3: size = undefined
65.39667499996722	EXP	text_3: text = "Ready for the next trial?\n\nPress space bar to start."
65.39667499996722	EXP	text_3: font = "Arial"
65.39667499996722	EXP	text_3: color = {"_hex":"#FFFFFF","_rgb":[1,1,1]}
65.39667499996722	EXP	text_3: contrast = 1
65.39667499996722	EXP	text_3: height = 0.05
65.39667499996722	EXP	text_3: bold = false
65.39667499996722	EXP	text_3: italic = false
65.39667499996722	EXP	text_3: alignHoriz = "left"
65.39667499996722	EXP	text_3: alignVert = "center"
65.39667499996722	EXP	text_3: wrapWidth = 1
65.39667499996722	EXP	text_3: flipHoriz = false
65.39667499996722	EXP	text_3: flipVert = false
65.39667499996722	EXP	text_4: units = "height"
65.39667499996722	EXP	text_4: ori = 0
65.39667499996722	EXP	text_4: opacity = 1
65.39667499996722	EXP	text_4: pos = [0,0]
65.39667499996722	EXP	text_4: size = undefined
65.39667499996722	EXP	text_4: text = "Great! This is the half-way break. \n\nPlease take your time. \n\nWhen you are ready to start the second-half of the test trials, please press space bar. "
65.39667499996722	EXP	text_4: font = "Arial"
65.39667499996722	EXP	text_4: color = {"_hex":"#FFFFFF","_rgb":[1,1,1]}
65.39667499996722	EXP	text_4: contrast = 1
65.39667499996722	EXP	text_4: height = 0.05
65.39667499996722	EXP	text_4: bold = false
65.39667499996722	EXP	text_4: italic = false
65.39667499996722	EXP	text_4: alignHoriz = "left"
65.39667499996722	EXP	text_4: alignVert = "center"
65.39667499996722	EXP	text_4: wrapWidth = 1
65.39667499996722	EXP	text_4: flipHoriz = false
65.39667499996722	EXP	text_4: flipVert = false
65.39667499996722	EXP	Sound: secs = -1
65.39667499996722	EXP	Sound: volume = 1
65.39667499996722	EXP	Sound: loops = 0
65.39667499996722	EXP	Sound: volume = 1
65.39667499996722	EXP	next_prompt_trial2: units = "height"
65.39667499996722	EXP	next_prompt_trial2: ori = 0
65.39667499996722	EXP	next_prompt_trial2: opacity = 1
65.39667499996722	EXP	next_prompt_trial2: pos = [0,0]
65.39667499996722	EXP	next_prompt_trial2: size = undefined
65.39667499996722	EXP	next_prompt_trial2: text = "Ready for the next trial? \n\nPress space bar to start. "
65.39667499996722	EXP	next_prompt_trial2: font = "Arial"
65.39667499996722	EXP	next_prompt_trial2: color = {"_hex":"#FFFFFF","_rgb":[1,1,1]}
65.39667499996722	EXP	next_prompt_trial2: contrast = 1
65.39667499996722	EXP	next_prompt_trial2: height = 0.05
65.39667499996722	EXP	next_prompt_trial2: bold = false
65.39667499996722	EXP	next_prompt_trial2: italic = false
65.39667499996722	EXP	next_prompt_trial2: alignHoriz = "left"
65.39667499996722	EXP	next_prompt_trial2: alignVert = "center"
65.39667499996722	EXP	next_prompt_trial2: wrapWidth = 1
65.39667499996722	EXP	next_prompt_trial2: flipHoriz = false
65.39667499996722	EXP	next_prompt_trial2: flipVert = false
65.39667499996722	EXP	completion_text: units = "height"
65.39667499996722	EXP	completion_text: ori = 0
65.39667499996722	EXP	completion_text: opacity = 1
65.39667499996722	EXP	completion_text: pos = [0,0]
65.39667499996722	EXP	completion_text: size = undefined
65.39667499996722	EXP	completion_text: text = "Thanks for your participation! \n\nHere is your experiment completion code: \n\n9158 \n\nPlease write down this code as you will need it in order to receive payment.\n\nIf you are not an MTurk worker, please send an email to nolan.lem@gmail.com with the Experiment Completion Code as the subject of the email. In order to complete the \nexperiment, when you are ready please press space bar and wait until you see a text box appear that says \"Thanks for your patience\" where you can click 'ok'. \n\nIf you are an MTurk worker, please press the space bar to be redirected to the MTurk experiment \nhomepage where you can input the code into the Experiment Completion Code box. "
65.39667499996722	EXP	completion_text: font = "Arial"
65.39667499996722	EXP	completion_text: color = {"_hex":"#FFFFFF","_rgb":[1,1,1]}
65.39667499996722	EXP	completion_text: contrast = 1
65.39667499996722	EXP	completion_text: height = 0.025
65.39667499996722	EXP	completion_text: bold = false
65.39667499996722	EXP	completion_text: italic = false
65.39667499996722	EXP	completion_text: alignHoriz = "left"
65.39667499996722	EXP	completion_text: alignVert = "center"
65.39667499996722	EXP	completion_text: wrapWidth = 1
65.39667499996722	EXP	completion_text: flipHoriz = false
65.39667499996722	EXP	completion_text: flipVert = false
65.39667499996722	EXP	goodbyetxt: units = "height"
65.39667499996722	EXP	goodbyetxt: ori = 0
65.39667499996722	EXP	goodbyetxt: opacity = 1
65.39667499996722	EXP	goodbyetxt: pos = [0,0]
65.39667499996722	EXP	goodbyetxt: size = undefined
65.39667499996722	EXP	goodbyetxt: text = "The test is over!\n\nThank you so much!!"
65.39667499996722	EXP	goodbyetxt: font = "Arial"
65.39667499996722	EXP	goodbyetxt: color = {"_hex":"#FFFFFF","_rgb":[1,1,1]}
65.39667499996722	EXP	goodbyetxt: contrast = 1
65.39667499996722	EXP	goodbyetxt: height = 0.05
65.39667499996722	EXP	goodbyetxt: bold = false
65.39667499996722	EXP	goodbyetxt: italic = false
65.39667499996722	EXP	goodbyetxt: alignHoriz = "left"
65.39667499996722	EXP	goodbyetxt: alignVert = "center"
65.39667499996722	EXP	goodbyetxt: wrapWidth = 1
65.39667499996722	EXP	goodbyetxt: flipHoriz = false
65.39667499996722	EXP	goodbyetxt: flipVert = false
65.39667499996722	EXP	instructiontxt: autoDraw = true
71.77324000000954	DATA	Keydown:  
71.7898999999743	EXP	instructiontxt: autoDraw = false
71.7898999999743	EXP	Sound: secs = -1
71.7898999999743	EXP	Sound: volume = 1
71.7898999999743	EXP	Sound: loops = 0
71.7898999999743	EXP	Sound: volume = 1
84.62938499986194	EXP	text: autoDraw = true
84.74008499993943	DATA	Keydown:  
84.76318000000902	EXP	text: autoDraw = false
84.76318000000902	EXP	Sound: secs = -1
84.76318000000902	EXP	Sound: volume = 1
84.76318000000902	EXP	Sound: loops = 0
84.76318000000902	EXP	Sound: volume = 1
100.46277999994345	EXP	text: autoDraw = true
101.01328000007197	DATA	Keydown:  
101.03676500008442	EXP	text: autoDraw = false
101.03676500008442	EXP	Sound: secs = -1
101.03676500008442	EXP	Sound: volume = 1
101.03676500008442	EXP	Sound: loops = 0
101.03676500008442	EXP	Sound: volume = 1
119.30175499990582	EXP	text: autoDraw = true
119.76776499999687	DATA	Keydown:  
119.79150000005029	EXP	text: autoDraw = false
119.79150000005029	EXP	Sound: secs = -1
119.79150000005029	EXP	Sound: volume = 1
119.79150000005029	EXP	Sound: loops = 0
119.79150000005029	EXP	Sound: volume = 1
134.40864000003785	EXP	text: autoDraw = true
135.46166500006802	DATA	Keydown:  
135.48548500007018	EXP	text: autoDraw = false
135.48548500007018	EXP	text_2: autoDraw = true
136.39123499998823	DATA	Keydown:  
136.41448999987915	EXP	text_2: autoDraw = false
136.41448999987915	EXP	Sound: secs = -1
136.41448999987915	EXP	Sound: volume = 1
136.41448999987915	EXP	Sound: loops = 0
136.41448999987915	EXP	Sound: volume = 1
144.6620249999687	DATA	Keydown:  
150.77416500006802	EXP	text_3: autoDraw = true
151.6981150000356	DATA	Keydown:  
151.7192549998872	EXP	text_3: autoDraw = false
151.7192549998872	EXP	Sound: secs = -1
151.7192549998872	EXP	Sound: volume = 1
151.7192549998872	EXP	Sound: loops = 0
151.7192549998872	EXP	Sound: volume = 1
167.72188000008464	EXP	text_3: autoDraw = true
168.8886750000529	DATA	Keydown:  
168.9113799999468	EXP	text_3: autoDraw = false
168.9113799999468	EXP	Sound: secs = -1
168.9113799999468	EXP	Sound: volume = 1
168.9113799999468	EXP	Sound: loops = 0
168.9113799999468	EXP	Sound: volume = 1
186.9760449999012	EXP	text_3: autoDraw = true
191.18460500007495	DATA	Keydown:  
191.19770499994047	EXP	text_3: autoDraw = false
191.19770499994047	EXP	Sound: secs = -1
191.19770499994047	EXP	Sound: volume = 1
191.19770499994047	EXP	Sound: loops = 0
191.19770499994047	EXP	Sound: volume = 1
203.0201900000684	DATA	Keydown:  
205.4506349998992	DATA	Keydown:  
211.227734999964	EXP	text_3: autoDraw = true
221.48262999998406	DATA	Keydown:  
221.49551999988034	EXP	text_3: autoDraw = false
221.49551999988034	EXP	Sound: secs = -1
221.49551999988034	EXP	Sound: volume = 1
221.49551999988034	EXP	Sound: loops = 0
221.49551999988034	EXP	Sound: volume = 1
237.1452500000596	EXP	text_3: autoDraw = true
239.06114999996498	DATA	Keydown:  
239.08465999993496	EXP	text_3: autoDraw = false
239.08465999993496	EXP	Sound: secs = -1
239.08465999993496	EXP	Sound: volume = 1
239.08465999993496	EXP	Sound: loops = 0
239.08465999993496	EXP	Sound: volume = 1
242.20160000002943	DATA	Keydown:  
246.7104499998968	DATA	Keydown:  
256.6444850000553	DATA	Keydown:  
256.94956999993883	EXP	text_3: autoDraw = true
263.51792500005104	DATA	Keydown:  
263.53626500000246	EXP	text_3: autoDraw = false
263.53626500000246	EXP	Sound: secs = -1
263.53626500000246	EXP	Sound: volume = 1
263.53626500000246	EXP	Sound: loops = 0
263.53626500000246	EXP	Sound: volume = 1
278.45353000005707	EXP	text_3: autoDraw = true
279.18622000003234	DATA	Keydown:  
279.2068849999923	EXP	text_3: autoDraw = false
279.2068849999923	EXP	Sound: secs = -1
279.2068849999923	EXP	Sound: volume = 1
279.2068849999923	EXP	Sound: loops = 0
279.2068849999923	EXP	Sound: volume = 1
294.95975499995984	EXP	text_3: autoDraw = true
300.98973000003025	DATA	Keydown:  
301.01147999987006	EXP	text_3: autoDraw = false
301.01147999987006	EXP	Sound: secs = -1
301.01147999987006	EXP	Sound: volume = 1
301.01147999987006	EXP	Sound: loops = 0
301.01147999987006	EXP	Sound: volume = 1
316.46261000004597	EXP	text_3: autoDraw = true
317.6862699999474	DATA	Keydown:  
317.70283000008203	EXP	text_3: autoDraw = false
317.70283000008203	EXP	Sound: secs = -1
317.70283000008203	EXP	Sound: volume = 1
317.70283000008203	EXP	Sound: loops = 0
317.70283000008203	EXP	Sound: volume = 1
338.21607999992557	EXP	text_3: autoDraw = true
374.26613499992527	DATA	Keydown:  
374.2817899999209	EXP	text_3: autoDraw = false
374.2817899999209	EXP	Sound: secs = -1
374.2817899999209	EXP	Sound: volume = 1
374.2817899999209	EXP	Sound: loops = 0
374.2817899999209	EXP	Sound: volume = 1
376.23439499991946	DATA	Keydown:  
392.4158199999947	EXP	text_3: autoDraw = true
393.14956999989226	DATA	Keydown:  
393.16986999986693	EXP	text_3: autoDraw = false
393.16986999986693	EXP	Sound: secs = -1
393.16986999986693	EXP	Sound: volume = 1
393.16986999986693	EXP	Sound: loops = 0
393.16986999986693	EXP	Sound: volume = 1
410.1384449999314	EXP	text_3: autoDraw = true
411.6282249998767	DATA	Keydown:  
411.64456499996595	EXP	text_3: autoDraw = false
411.64456499996595	EXP	Sound: secs = -1
411.64456499996595	EXP	Sound: volume = 1
411.64456499996595	EXP	Sound: loops = 0
411.64456499996595	EXP	Sound: volume = 1
425.1290499998722	EXP	text_3: autoDraw = true
425.8955749999732	DATA	Keydown:  
425.9191900000442	EXP	text_3: autoDraw = false
425.9191900000442	EXP	Sound: secs = -1
425.9191900000442	EXP	Sound: volume = 1
425.9191900000442	EXP	Sound: loops = 0
425.9191900000442	EXP	Sound: volume = 1
441.1027649999596	EXP	text_3: autoDraw = true
453.6048999999184	DATA	Keydown:  
453.61572499992326	EXP	text_3: autoDraw = false
453.61572499992326	EXP	Sound: secs = -1
453.61572499992326	EXP	Sound: volume = 1
453.61572499992326	EXP	Sound: loops = 0
453.61572499992326	EXP	Sound: volume = 1
476.84871499985456	EXP	text_3: autoDraw = true
484.38539499999024	DATA	Keydown:  
484.39959000004455	EXP	text_3: autoDraw = false
484.39959000004455	EXP	Sound: secs = -1
484.39959000004455	EXP	Sound: volume = 1
484.39959000004455	EXP	Sound: loops = 0
484.39959000004455	EXP	Sound: volume = 1
490.49927000002936	DATA	Keydown:  
494.8596850000322	DATA	Keydown:  
504.8360999999568	DATA	Keydown:  
509.1438349999953	EXP	text_3: autoDraw = true
513.234969999874	DATA	Keydown:  
513.248254999984	EXP	text_3: autoDraw = false
513.248254999984	EXP	Sound: secs = -1
513.248254999984	EXP	Sound: volume = 1
513.248254999984	EXP	Sound: loops = 0
513.248254999984	EXP	Sound: volume = 1
526.0998750000726	EXP	text_3: autoDraw = true
527.8561899999622	DATA	Keydown:  
527.8699099998921	EXP	text_3: autoDraw = false
527.8699099998921	EXP	Sound: secs = -1
527.8699099998921	EXP	Sound: volume = 1
527.8699099998921	EXP	Sound: loops = 0
527.8699099998921	EXP	Sound: volume = 1
534.7688949999865	DATA	Keydown:  
546.2048899999354	EXP	text_3: autoDraw = true
547.0041749998927	DATA	Keydown:  
547.0274149999022	EXP	text_3: autoDraw = false
547.0274149999022	EXP	Sound: secs = -1
547.0274149999022	EXP	Sound: volume = 1
547.0274149999022	EXP	Sound: loops = 0
547.0274149999022	EXP	Sound: volume = 1
559.9294900000095	DATA	Keydown:  
564.2597199999727	EXP	text_3: autoDraw = true
564.5434099999256	DATA	Keydown:  
564.5667749999557	EXP	text_3: autoDraw = false
564.5667749999557	EXP	Sound: secs = -1
564.5667749999557	EXP	Sound: volume = 1
564.5667749999557	EXP	Sound: loops = 0
564.5667749999557	EXP	Sound: volume = 1
571.6624699998647	DATA	Keydown:  
581.4823249999899	EXP	text_3: autoDraw = true
583.238469999982	DATA	Keydown:  
583.253139999928	EXP	text_3: autoDraw = false
583.253139999928	EXP	Sound: secs = -1
583.253139999928	EXP	Sound: volume = 1
583.253139999928	EXP	Sound: loops = 0
583.253139999928	EXP	Sound: volume = 1
597.4226150000468	EXP	text_3: autoDraw = true
599.4234499998856	DATA	Keydown:  
599.4451500000432	EXP	text_3: autoDraw = false
599.4451500000432	EXP	Sound: secs = -1
599.4451500000432	EXP	Sound: volume = 1
599.4451500000432	EXP	Sound: loops = 0
599.4451500000432	EXP	Sound: volume = 1
600.8566099999007	DATA	Keydown:  
619.4588349999394	EXP	text_3: autoDraw = true
619.5031699999236	DATA	Keydown:  
619.5132450000383	EXP	text_3: autoDraw = false
619.5132450000383	EXP	Sound: secs = -1
619.5132450000383	EXP	Sound: volume = 1
619.5132450000383	EXP	Sound: loops = 0
619.5132450000383	EXP	Sound: volume = 1
634.533044999931	EXP	text_3: autoDraw = true
636.590099999914	DATA	Keydown:  
636.6055149999447	EXP	text_3: autoDraw = false
636.6055149999447	EXP	Sound: secs = -1
636.6055149999447	EXP	Sound: volume = 1
636.6055149999447	EXP	Sound: loops = 0
636.6055149999447	EXP	Sound: volume = 1
651.4836849998683	DATA	Keydown:  
654.6704450000543	EXP	text_3: autoDraw = true
654.7067899999674	DATA	Keydown:  
654.7249849999789	EXP	text_3: autoDraw = false
654.7249849999789	EXP	Sound: secs = -1
654.7249849999789	EXP	Sound: volume = 1
654.7249849999789	EXP	Sound: loops = 0
654.7249849999789	EXP	Sound: volume = 1
669.0449250000529	EXP	text_3: autoDraw = true
672.5175749999471	DATA	Keydown:  
672.5332299999427	EXP	text_3: autoDraw = false
672.5332299999427	EXP	Sound: secs = -1
672.5332299999427	EXP	Sound: volume = 1
672.5332299999427	EXP	Sound: loops = 0
672.5332299999427	EXP	Sound: volume = 1
683.1240399999078	DATA	Keydown:  
683.5738649999257	DATA	Keydown:  
690.5983549999073	EXP	text_3: autoDraw = true
691.5169299999252	DATA	Keydown:  
691.5353599998634	EXP	text_3: autoDraw = false
691.5353599998634	EXP	Sound: secs = -1
691.5353599998634	EXP	Sound: volume = 1
691.5353599998634	EXP	Sound: loops = 0
691.5353599998634	EXP	Sound: volume = 1
712.7684549998958	EXP	text_3: autoDraw = true
713.7940350000281	DATA	Keydown:  
713.8075899998657	EXP	text_3: autoDraw = false
713.8075899998657	EXP	Sound: secs = -1
713.8075899998657	EXP	Sound: volume = 1
713.8075899998657	EXP	Sound: loops = 0
713.8075899998657	EXP	Sound: volume = 1
716.3826450000051	DATA	Keydown:  
716.9415700000245	DATA	Keydown:  
727.941995000001	EXP	text_3: autoDraw = true
744.5397349998821	DATA	Keydown:  
744.555560000008	EXP	text_3: autoDraw = false
744.555560000008	EXP	Sound: secs = -1
744.555560000008	EXP	Sound: volume = 1
744.555560000008	EXP	Sound: loops = 0
744.555560000008	EXP	Sound: volume = 1
760.3554950000253	EXP	text_3: autoDraw = true
768.6501450000796	DATA	Keydown:  
768.6717399999034	EXP	text_3: autoDraw = false
768.6717399999034	EXP	Sound: secs = -1
768.6717399999034	EXP	Sound: volume = 1
768.6717399999034	EXP	Sound: loops = 0
768.6717399999034	EXP	Sound: volume = 1
780.3095750000793	EXP	text_3: autoDraw = true
782.4492599999066	DATA	Keydown:  
782.4622199998703	EXP	text_3: autoDraw = false
782.4622199998703	EXP	Sound: secs = -1
782.4622199998703	EXP	Sound: volume = 1
782.4622199998703	EXP	Sound: loops = 0
782.4622199998703	EXP	Sound: volume = 1
800.0644749999046	EXP	text_3: autoDraw = true
801.1638599999715	DATA	Keydown:  
801.184605000075	EXP	text_3: autoDraw = false
801.184605000075	EXP	Sound: secs = -1
801.184605000075	EXP	Sound: volume = 1
801.184605000075	EXP	Sound: loops = 0
801.184605000075	EXP	Sound: volume = 1
821.068089999957	EXP	text_3: autoDraw = true
823.7743949999567	DATA	Keydown:  
823.7857850000728	EXP	text_3: autoDraw = false
823.7857850000728	EXP	Sound: secs = -1
823.7857850000728	EXP	Sound: volume = 1
823.7857850000728	EXP	Sound: loops = 0
823.7857850000728	EXP	Sound: volume = 1
831.5116000000853	DATA	Keydown:  
835.0518199999351	DATA	Keydown:  
848.600689999992	EXP	text_3: autoDraw = true
851.6089500000235	DATA	Keydown:  
851.6226150000002	EXP	text_3: autoDraw = false
851.6226150000002	EXP	Sound: secs = -1
851.6226150000002	EXP	Sound: volume = 1
851.6226150000002	EXP	Sound: loops = 0
851.6226150000002	EXP	Sound: volume = 1
867.370704999892	EXP	text_3: autoDraw = true
867.9602600000799	DATA	Keydown:  
867.9794749999419	EXP	text_3: autoDraw = false
867.9794749999419	EXP	Sound: secs = -1
867.9794749999419	EXP	Sound: volume = 1
867.9794749999419	EXP	Sound: loops = 0
867.9794749999419	EXP	Sound: volume = 1
886.5606400000397	EXP	text_3: autoDraw = true
899.7594149999786	DATA	Keydown:  
899.7765150000341	EXP	text_3: autoDraw = false
899.7765150000341	EXP	Sound: secs = -1
899.7765150000341	EXP	Sound: volume = 1
899.7765150000341	EXP	Sound: loops = 0
899.7765150000341	EXP	Sound: volume = 1
917.2752449999098	EXP	text_3: autoDraw = true
921.7654699999839	DATA	Keydown:  
921.7781899999827	EXP	text_3: autoDraw = false
921.7781899999827	EXP	Sound: secs = -1
921.7781899999827	EXP	Sound: volume = 1
921.7781899999827	EXP	Sound: loops = 0
921.7781899999827	EXP	Sound: volume = 1
924.1209199998993	DATA	Keydown:  
940.3111149999313	EXP	text_3: autoDraw = true
941.5534699999262	DATA	Keydown:  
941.5673849999439	EXP	text_3: autoDraw = false
941.5673849999439	EXP	Sound: secs = -1
941.5673849999439	EXP	Sound: volume = 1
941.5673849999439	EXP	Sound: loops = 0
941.5673849999439	EXP	Sound: volume = 1
959.6993449998554	EXP	text_3: autoDraw = true
961.2079099998809	DATA	Keydown:  
961.2235649998765	EXP	text_3: autoDraw = false
961.2235649998765	EXP	Sound: secs = -1
961.2235649998765	EXP	Sound: volume = 1
961.2235649998765	EXP	Sound: loops = 0
961.2235649998765	EXP	Sound: volume = 1
962.9636899998877	DATA	Keydown:  
979.7705850000493	EXP	text_3: autoDraw = true
987.0338900000788	DATA	Keydown:  
987.053414999973	EXP	text_3: autoDraw = false
987.053414999973	EXP	Sound: secs = -1
987.053414999973	EXP	Sound: volume = 1
987.053414999973	EXP	Sound: loops = 0
987.053414999973	EXP	Sound: volume = 1
1000.4903349999804	EXP	text_3: autoDraw = true
1019.2529199998826	DATA	Keydown:  
1019.2776150000282	EXP	text_3: autoDraw = false
1019.2776150000282	EXP	text_4: autoDraw = true
1024.4016650000121	DATA	Keydown:  
1024.417929999996	EXP	text_4: autoDraw = false
1024.417929999996	EXP	Sound: secs = -1
1024.417929999996	EXP	Sound: volume = 1
1024.417929999996	EXP	Sound: loops = 0
1024.417929999996	EXP	Sound: volume = 1
1039.9738999998663	EXP	next_prompt_trial2: autoDraw = true
1041.1025399998762	DATA	Keydown:  
1041.1226699999534	EXP	next_prompt_trial2: autoDraw = false
1041.1226699999534	EXP	Sound: secs = -1
1041.1226699999534	EXP	Sound: volume = 1
1041.1226699999534	EXP	Sound: loops = 0
1041.1226699999534	EXP	Sound: volume = 1
1053.2078450000845	DATA	Keydown:  
1057.83820499992	EXP	next_prompt_trial2: autoDraw = true
1059.0902849999256	DATA	Keydown:  
1059.1081850000191	EXP	next_prompt_trial2: autoDraw = false
1059.1081850000191	EXP	Sound: secs = -1
1059.1081850000191	EXP	Sound: volume = 1
1059.1081850000191	EXP	Sound: loops = 0
1059.1081850000191	EXP	Sound: volume = 1
1064.5900850000326	DATA	Keydown:  
1073.4454550000373	EXP	next_prompt_trial2: autoDraw = true
1074.2118500000797	DATA	Keydown:  
1074.2324349998962	EXP	next_prompt_trial2: autoDraw = false
1074.2324349998962	EXP	Sound: secs = -1
1074.2324349998962	EXP	Sound: volume = 1
1074.2324349998962	EXP	Sound: loops = 0
1074.2324349998962	EXP	Sound: volume = 1
1090.151504999958	EXP	next_prompt_trial2: autoDraw = true
1090.9788500000723	DATA	Keydown:  
1090.9885899999645	EXP	next_prompt_trial2: autoDraw = false
1090.9885899999645	EXP	Sound: secs = -1
1090.9885899999645	EXP	Sound: volume = 1
1090.9885899999645	EXP	Sound: loops = 0
1090.9885899999645	EXP	Sound: volume = 1
1107.8241900000721	EXP	next_prompt_trial2: autoDraw = true
1109.5896949998569	DATA	Keydown:  
1109.613314999966	EXP	next_prompt_trial2: autoDraw = false
1109.613314999966	EXP	Sound: secs = -1
1109.613314999966	EXP	Sound: volume = 1
1109.613314999966	EXP	Sound: loops = 0
1109.613314999966	EXP	Sound: volume = 1
1122.7144899999257	EXP	next_prompt_trial2: autoDraw = true
1133.2945649998728	DATA	Keydown:  
1133.314994999906	EXP	next_prompt_trial2: autoDraw = false
1133.314994999906	EXP	Sound: secs = -1
1133.314994999906	EXP	Sound: volume = 1
1133.314994999906	EXP	Sound: loops = 0
1133.314994999906	EXP	Sound: volume = 1
1151.5472150000278	EXP	next_prompt_trial2: autoDraw = true
1151.7641399998683	DATA	Keydown:  
1151.787539999932	EXP	next_prompt_trial2: autoDraw = false
1151.787539999932	EXP	Sound: secs = -1
1151.787539999932	EXP	Sound: volume = 1
1151.787539999932	EXP	Sound: loops = 0
1151.787539999932	EXP	Sound: volume = 1
1170.0025549998973	EXP	next_prompt_trial2: autoDraw = true
1173.717554999981	DATA	Keydown:  
1173.738265000051	EXP	next_prompt_trial2: autoDraw = false
1173.738265000051	EXP	Sound: secs = -1
1173.738265000051	EXP	Sound: volume = 1
1173.738265000051	EXP	Sound: loops = 0
1173.738265000051	EXP	Sound: volume = 1
1188.7571749999188	EXP	next_prompt_trial2: autoDraw = true
1222.8719599999022	DATA	Keydown:  
1222.893364999909	EXP	next_prompt_trial2: autoDraw = false
1222.893364999909	EXP	Sound: secs = -1
1222.893364999909	EXP	Sound: volume = 1
1222.893364999909	EXP	Sound: loops = 0
1222.893364999909	EXP	Sound: volume = 1
1240.4082249999046	EXP	next_prompt_trial2: autoDraw = true
1254.1214349998627	DATA	Keydown:  
1254.1378349999432	EXP	next_prompt_trial2: autoDraw = false
1254.1378349999432	EXP	Sound: secs = -1
1254.1378349999432	EXP	Sound: volume = 1
1254.1378349999432	EXP	Sound: loops = 0
1254.1378349999432	EXP	Sound: volume = 1
1273.088715000078	EXP	next_prompt_trial2: autoDraw = true
1273.4227749998681	DATA	Keydown:  
1273.4424749999307	EXP	next_prompt_trial2: autoDraw = false
1273.4424749999307	EXP	Sound: secs = -1
1273.4424749999307	EXP	Sound: volume = 1
1273.4424749999307	EXP	Sound: loops = 0
1273.4424749999307	EXP	Sound: volume = 1
1288.2126400000416	EXP	next_prompt_trial2: autoDraw = true
1288.9455150000285	DATA	Keydown:  
1288.969299999997	EXP	next_prompt_trial2: autoDraw = false
1288.969299999997	EXP	Sound: secs = -1
1288.969299999997	EXP	Sound: volume = 1
1288.969299999997	EXP	Sound: loops = 0
1288.969299999997	EXP	Sound: volume = 1
1309.8494150000624	EXP	next_prompt_trial2: autoDraw = true
1314.2884150000755	DATA	Keydown:  
1314.3002800000831	EXP	next_prompt_trial2: autoDraw = false
1314.3002800000831	EXP	Sound: secs = -1
1314.3002800000831	EXP	Sound: volume = 1
1314.3002800000831	EXP	Sound: loops = 0
1314.3002800000831	EXP	Sound: volume = 1
1315.0125899999402	DATA	Keydown:  
1332.4850500000175	EXP	next_prompt_trial2: autoDraw = true
1333.2352749998681	DATA	Keydown:  
1333.258829999948	EXP	next_prompt_trial2: autoDraw = false
1333.258829999948	EXP	Sound: secs = -1
1333.258829999948	EXP	Sound: volume = 1
1333.258829999948	EXP	Sound: loops = 0
1333.258829999948	EXP	Sound: volume = 1
1346.270120000001	DATA	Keydown:  
1346.4099699999206	EXP	next_prompt_trial2: autoDraw = true
1352.0253500000108	DATA	Keydown:  
1352.04417499993	EXP	next_prompt_trial2: autoDraw = false
1352.04417499993	EXP	Sound: secs = -1
1352.04417499993	EXP	Sound: volume = 1
1352.04417499993	EXP	Sound: loops = 0
1352.04417499993	EXP	Sound: volume = 1
1358.202374999877	DATA	Keydown:  
1361.5208399998955	DATA	Keydown:  
1366.3307550000027	DATA	Keydown:  
1369.6184950000606	DATA	Keydown:  
1371.877444999991	EXP	next_prompt_trial2: autoDraw = true
1376.457865000004	DATA	Keydown:  
1376.47933500004	EXP	next_prompt_trial2: autoDraw = false
1376.47933500004	EXP	Sound: secs = -1
1376.47933500004	EXP	Sound: volume = 1
1376.47933500004	EXP	Sound: loops = 0
1376.47933500004	EXP	Sound: volume = 1
1385.2855849999469	DATA	Keydown:  
1389.3005349999294	EXP	next_prompt_trial2: autoDraw = true
1390.8203600000124	DATA	Keydown:  
1390.8400850000326	EXP	next_prompt_trial2: autoDraw = false
1390.8400850000326	EXP	Sound: secs = -1
1390.8400850000326	EXP	Sound: volume = 1
1390.8400850000326	EXP	Sound: loops = 0
1390.8400850000326	EXP	Sound: volume = 1
1396.0198349999264	DATA	Keydown:  
1405.2468799999915	DATA	Keydown:  
1406.838899999857	EXP	next_prompt_trial2: autoDraw = true
1407.7054850000422	DATA	Keydown:  
1407.7293199999258	EXP	next_prompt_trial2: autoDraw = false
1407.7293199999258	EXP	Sound: secs = -1
1407.7293199999258	EXP	Sound: volume = 1
1407.7293199999258	EXP	Sound: loops = 0
1407.7293199999258	EXP	Sound: volume = 1
1414.0954299999867	DATA	Keydown:  
1421.4469550000504	DATA	Keydown:  
1421.6635000000242	EXP	next_prompt_trial2: autoDraw = true
1424.4854349999223	DATA	Keydown:  
1424.5020250000525	EXP	next_prompt_trial2: autoDraw = false
1424.5020250000525	EXP	Sound: secs = -1
1424.5020250000525	EXP	Sound: volume = 1
1424.5020250000525	EXP	Sound: loops = 0
1424.5020250000525	EXP	Sound: volume = 1
1428.425869999919	DATA	Keydown:  
1435.3046249998733	DATA	Keydown:  
1441.4674549999181	EXP	next_prompt_trial2: autoDraw = true
1444.656939999899	DATA	Keydown:  
1444.6730150000658	EXP	next_prompt_trial2: autoDraw = false
1444.6730150000658	EXP	Sound: secs = -1
1444.6730150000658	EXP	Sound: volume = 1
1444.6730150000658	EXP	Sound: loops = 0
1444.6730150000658	EXP	Sound: volume = 1
1461.6718649999239	EXP	next_prompt_trial2: autoDraw = true
1462.3815800000448	DATA	Keydown:  
1462.3920549999457	EXP	next_prompt_trial2: autoDraw = false
1462.3920549999457	EXP	Sound: secs = -1
1462.3920549999457	EXP	Sound: volume = 1
1462.3920549999457	EXP	Sound: loops = 0
1462.3920549999457	EXP	Sound: volume = 1
1476.9802399999462	DATA	Keydown:  
1477.679220000049	EXP	next_prompt_trial2: autoDraw = true
1478.6716700000688	DATA	Keydown:  
1478.6851800000295	EXP	next_prompt_trial2: autoDraw = false
1478.6851800000295	EXP	Sound: secs = -1
1478.6851800000295	EXP	Sound: volume = 1
1478.6851800000295	EXP	Sound: loops = 0
1478.6851800000295	EXP	Sound: volume = 1
1495.8507300000638	EXP	next_prompt_trial2: autoDraw = true
1501.2369450000115	DATA	Keydown:  
1501.252199999988	EXP	next_prompt_trial2: autoDraw = false
1501.252199999988	EXP	Sound: secs = -1
1501.252199999988	EXP	Sound: volume = 1
1501.252199999988	EXP	Sound: loops = 0
1501.252199999988	EXP	Sound: volume = 1
1512.3155999998562	DATA	Keydown: ArrowUp
1512.533700000029	DATA	Keydown: ArrowUp
1512.681554999901	DATA	Keydown: ArrowUp
1512.8573549999855	DATA	Keydown: ArrowUp
1513.0784449998755	DATA	Keydown: ArrowUp
1513.281350000063	DATA	Keydown: ArrowUp
1513.4631900000386	DATA	Keydown: ArrowUp
1513.6444899998605	DATA	Keydown: ArrowUp
1513.8898000000045	DATA	Keydown: ArrowUp
1514.0820249998942	DATA	Keydown: ArrowUp
1514.22523500002	DATA	Keydown: ArrowUp
1514.431610000087	DATA	Keydown: ArrowUp
1514.6070000000764	DATA	Keydown: ArrowUp
1514.8556399999652	DATA	Keydown: ArrowUp
1515.096744999988	DATA	Keydown: ArrowUp
1515.872160000028	EXP	next_prompt_trial2: autoDraw = true
1520.7233549999073	DATA	Keydown:  
1520.7399049999658	EXP	next_prompt_trial2: autoDraw = false
1520.7399049999658	EXP	Sound: secs = -1
1520.7399049999658	EXP	Sound: volume = 1
1520.7399049999658	EXP	Sound: loops = 0
1520.7399049999658	EXP	Sound: volume = 1
1542.5050299998838	EXP	next_prompt_trial2: autoDraw = true
1543.5082000000402	DATA	Keydown:  
1543.5285650000442	EXP	next_prompt_trial2: autoDraw = false
1543.5285650000442	EXP	Sound: secs = -1
1543.5285650000442	EXP	Sound: volume = 1
1543.5285650000442	EXP	Sound: loops = 0
1543.5285650000442	EXP	Sound: volume = 1
1558.7140500000678	EXP	next_prompt_trial2: autoDraw = true
1564.4918299999554	DATA	Keydown:  
1564.5152399998624	EXP	next_prompt_trial2: autoDraw = false
1564.5152399998624	EXP	Sound: secs = -1
1564.5152399998624	EXP	Sound: volume = 1
1564.5152399998624	EXP	Sound: loops = 0
1564.5152399998624	EXP	Sound: volume = 1
1587.4606800000183	EXP	next_prompt_trial2: autoDraw = true
1593.5740399998613	DATA	Keydown:  
1593.5947249999736	EXP	next_prompt_trial2: autoDraw = false
1593.5947249999736	EXP	Sound: secs = -1
1593.5947249999736	EXP	Sound: volume = 1
1593.5947249999736	EXP	Sound: loops = 0
1593.5947249999736	EXP	Sound: volume = 1
1617.0938349999487	EXP	next_prompt_trial2: autoDraw = true
1622.272910000058	DATA	Keydown:  
1622.2938899998553	EXP	next_prompt_trial2: autoDraw = false
1622.2938899998553	EXP	Sound: secs = -1
1622.2938899998553	EXP	Sound: volume = 1
1622.2938899998553	EXP	Sound: loops = 0
1622.2938899998553	EXP	Sound: volume = 1
1641.0615049998742	EXP	next_prompt_trial2: autoDraw = true
1651.0584849999286	DATA	Keydown:  
1651.07621999993	EXP	next_prompt_trial2: autoDraw = false
1651.07621999993	EXP	Sound: secs = -1
1651.07621999993	EXP	Sound: volume = 1
1651.07621999993	EXP	Sound: loops = 0
1651.07621999993	EXP	Sound: volume = 1
1668.210715000052	EXP	next_prompt_trial2: autoDraw = true
1671.3669499999378	DATA	Keydown:  
1671.3787400000729	EXP	next_prompt_trial2: autoDraw = false
1671.3787400000729	EXP	Sound: secs = -1
1671.3787400000729	EXP	Sound: volume = 1
1671.3787400000729	EXP	Sound: loops = 0
1671.3787400000729	EXP	Sound: volume = 1
1689.181554999901	EXP	next_prompt_trial2: autoDraw = true
1690.0128200000618	DATA	Keydown:  
1690.0351199998986	EXP	next_prompt_trial2: autoDraw = false
1690.0351199998986	EXP	Sound: secs = -1
1690.0351199998986	EXP	Sound: volume = 1
1690.0351199998986	EXP	Sound: loops = 0
1690.0351199998986	EXP	Sound: volume = 1
1706.1241150000133	DATA	Keydown:  
1710.534994999878	EXP	next_prompt_trial2: autoDraw = true
1711.7580999999773	DATA	Keydown:  
1711.7749300000723	EXP	next_prompt_trial2: autoDraw = false
1711.7749300000723	EXP	Sound: secs = -1
1711.7749300000723	EXP	Sound: volume = 1
1711.7749300000723	EXP	Sound: loops = 0
1711.7749300000723	EXP	Sound: volume = 1
1729.6062199999578	EXP	next_prompt_trial2: autoDraw = true
1733.5444000000134	DATA	Keydown:  
1733.5586449999828	EXP	next_prompt_trial2: autoDraw = false
1733.5586449999828	EXP	Sound: secs = -1
1733.5586449999828	EXP	Sound: volume = 1
1733.5586449999828	EXP	Sound: loops = 0
1733.5586449999828	EXP	Sound: volume = 1
1748.1532649998553	DATA	Keydown:  
1748.3614499999676	DATA	Keydown:  
1748.3779649999924	DATA	Keydown:  
1748.4026699999813	DATA	Keydown:  
1748.4206850000191	DATA	Keydown:  
1748.448829999892	DATA	Keydown:  
1748.465804999927	DATA	Keydown:  
1748.4840700000059	DATA	Keydown:  
1748.502289999975	DATA	Keydown:  
1748.5618900000118	DATA	Keydown:  
1748.5785000000615	DATA	Keydown:  
1748.5975150000304	DATA	Keydown:  
1748.6148449999746	DATA	Keydown:  
1748.6947500000242	DATA	Keydown:  
1748.7133799998555	DATA	Keydown:  
1748.7347549998667	DATA	Keydown:  
1748.7521100000013	DATA	Keydown:  
1748.7709349999204	DATA	Keydown:  
1748.7883049999364	DATA	Keydown:  
1748.8054750000592	DATA	Keydown:  
1751.476484999992	EXP	next_prompt_trial2: autoDraw = true
1753.5250750000123	DATA	Keydown:  
1753.5487549998797	EXP	next_prompt_trial2: autoDraw = false
1753.5487549998797	EXP	Sound: secs = -1
1753.5487549998797	EXP	Sound: volume = 1
1753.5487549998797	EXP	Sound: loops = 0
1753.5487549998797	EXP	Sound: volume = 1
1766.9504150000867	DATA	Keydown:  
1771.4307800000533	EXP	next_prompt_trial2: autoDraw = true
1772.4806099999696	DATA	Keydown:  
1772.5008099998813	EXP	next_prompt_trial2: autoDraw = false
1772.5008099998813	EXP	Sound: secs = -1
1772.5008099998813	EXP	Sound: volume = 1
1772.5008099998813	EXP	Sound: loops = 0
1772.5008099998813	EXP	Sound: volume = 1
1780.5250500000548	DATA	Keydown:  
1787.7539200000465	DATA	Keydown:  
1792.716994999908	EXP	next_prompt_trial2: autoDraw = true
1793.8336799999233	DATA	Keydown:  
1793.8545649999287	EXP	next_prompt_trial2: autoDraw = false
1793.8545649999287	EXP	Sound: secs = -1
1793.8545649999287	EXP	Sound: volume = 1
1793.8545649999287	EXP	Sound: loops = 0
1793.8545649999287	EXP	Sound: volume = 1
1811.3723400000017	EXP	next_prompt_trial2: autoDraw = true
1813.389024999924	DATA	Keydown:  
1813.4116100000683	EXP	next_prompt_trial2: autoDraw = false
1813.4116100000683	EXP	Sound: secs = -1
1813.4116100000683	EXP	Sound: volume = 1
1813.4116100000683	EXP	Sound: loops = 0
1813.4116100000683	EXP	Sound: volume = 1
1832.7926950000692	EXP	next_prompt_trial2: autoDraw = true
1834.175959999906	DATA	Keydown:  
1834.19888000004	EXP	next_prompt_trial2: autoDraw = false
1834.19888000004	EXP	Sound: secs = -1
1834.19888000004	EXP	Sound: volume = 1
1834.19888000004	EXP	Sound: loops = 0
1834.19888000004	EXP	Sound: volume = 1
1854.5461599999107	EXP	next_prompt_trial2: autoDraw = true
1855.4026899999008	DATA	Keydown:  
1855.4193450000603	EXP	next_prompt_trial2: autoDraw = false
1855.4193450000603	EXP	Sound: secs = -1
1855.4193450000603	EXP	Sound: volume = 1
1855.4193450000603	EXP	Sound: loops = 0
1855.4193450000603	EXP	Sound: volume = 1
1871.2520550000481	EXP	next_prompt_trial2: autoDraw = true
1885.2311750000808	DATA	Keydown:  
1885.267869999865	EXP	next_prompt_trial2: autoDraw = false
1885.267869999865	EXP	completion_text: autoDraw = true
1890.9580250000581	DATA	Keydown:  
1890.9760199999437	EXP	completion_text: autoDraw = false
1890.9760199999437	EXP	goodbyetxt: autoDraw = true
