0.41528000007383525	EXP	Created Window = Window( name=Window, fullscr=true, color=#808080, units=height, waitBlanking=true, autoLog=true, size=[1333,628] )
2.2980250000255182	DATA	Mouse: wheel shift=(0,-100), pos=(511,136)
2.347785000107251	DATA	Mouse: wheel shift=(0,-100), pos=(511,131)
2.413675000076182	DATA	Mouse: wheel shift=(0,-100), pos=(511,130)
2.464380000019446	DATA	Mouse: wheel shift=(0,-100), pos=(511,130)
6.835935000097379	DATA	Keydown: Shift
7.436075000092387	DATA	Keydown: Shift
7.462315000011586	DATA	Keydown: M
18.5502400000114	DATA	Keydown: Control
18.753720000036992	DATA	Keydown: v
48.20654000004288	DATA	Keydown: Control
48.505740000051446	DATA	Keydown: v
55.910475000040606	DATA	Keydown: y
56.34157500008587	DATA	Keydown: e
56.49804000009317	DATA	Keydown: s
60.44292000005953	DATA	Keydown: Shift
60.73507000005338	DATA	Keydown: J
62.602355000097305	DATA	Keydown: P
63.200370000093244	DATA	Keydown: L
70.8008100000443	DATA	Keydown: 2
76.19870000006631	DATA	Keydown: n
76.60166000004392	DATA	Keydown: o
82.21251500002109	DATA	Keydown: Shift
82.81533500005025	DATA	Keydown: Shift
82.86386000004131	DATA	Keydown: Shift
82.90338000003248	DATA	Keydown: Shift
82.94837500003632	DATA	Keydown: Shift
82.99325500009581	DATA	Keydown: Shift
83.03333500004373	DATA	Keydown: Shift
83.07717000006232	DATA	Keydown: Shift
83.121085000108	DATA	Keydown: Shift
83.16373500006739	DATA	Keydown: Shift
83.20643000002019	DATA	Keydown: Shift
83.25174000009429	DATA	Keydown: Shift
83.30018500005826	DATA	Keydown: Shift
83.33258500008378	DATA	Keydown: M
84.54691000003368	DATA	Keydown: a
85.24207999999635	DATA	Keydown: l
85.70003500010353	DATA	Keydown: e
89.07386500004213	DATA	Keydown: 3
89.3566400000127	DATA	Keydown: 0
98.07858000008855	DATA	Keydown: Shift
98.69438500003889	DATA	Keydown: Shift
98.73262000002433	DATA	Keydown: Shift
98.78083000006154	DATA	Keydown: Shift
98.82056500006001	DATA	Keydown: Shift
98.86345500010066	DATA	Keydown: Shift
98.9076950000599	DATA	Keydown: Shift
98.95035000005737	DATA	Keydown: Shift
98.99766000011005	DATA	Keydown: Shift
99.00999000004958	DATA	Keydown: L
178.10260500002187	DATA	Keydown: Shift
178.46304000006057	DATA	Keydown: Y
179.13570000010077	DATA	Keydown: e
179.37176500004716	DATA	Keydown: s
198.19303500000387	EXP	Created instructiontxt = TextStim( name=instructiontxt, win=Window( name=Window, fullscr=true, color=#808080, ~), autoDraw=null, autoLog=true, units=height, ori=null, opacity=1, pos=[0,0], size=undefined, text=Welcome to tapping experiment. 

You will hear a s~, font=Arial, color=#FFFFFF, contrast=1, height=0.05, bold=null, italic=null, alignHoriz=left, alignVert=center, wrapWidth=1, flipHoriz=null, flipVert=null )
198.2190600000322	EXP	Created TonePlayer = TonePlayer( name=TonePlayer, note=A4, duration_s=-1, volume=1, loops=null, soundLibrary="TONE_JS", autoLog=true )
198.2228050000267	EXP	Created text = TextStim( name=text, win=Window( name=Window, fullscr=true, color=#808080, ~), autoDraw=null, autoLog=true, units=height, ori=null, opacity=1, pos=[0,0], size=undefined, text=Ready for the next trial?

press space bar to star~, font=Arial, color=#FFFFFF, contrast=1, height=0.05, bold=null, italic=null, alignHoriz=left, alignVert=center, wrapWidth=1, flipHoriz=null, flipVert=null )
198.22424500004854	EXP	Created text_2 = TextStim( name=text_2, win=Window( name=Window, fullscr=true, color=#808080, ~), autoDraw=null, autoLog=true, units=height, ori=null, opacity=1, pos=[0,0], size=undefined, text=Practice trials are over.

Now we are going to sta~, font=Arial, color=#FFFFFF, contrast=1, height=0.05, bold=null, italic=null, alignHoriz=left, alignVert=center, wrapWidth=1, flipHoriz=null, flipVert=null )
198.2299050000729	EXP	Created TonePlayer = TonePlayer( name=TonePlayer, note=A4, duration_s=-1, volume=1, loops=null, soundLibrary="TONE_JS", autoLog=true )
198.23209000006318	EXP	Created text_3 = TextStim( name=text_3, win=Window( name=Window, fullscr=true, color=#808080, ~), autoDraw=null, autoLog=true, units=height, ori=null, opacity=1, pos=[0,0], size=undefined, text=Ready for the next trial?

Press space bar to star~, font=Arial, color=#FFFFFF, contrast=1, height=0.05, bold=null, italic=null, alignHoriz=left, alignVert=center, wrapWidth=1, flipHoriz=null, flipVert=null )
198.23674500000197	EXP	Created text_4 = TextStim( name=text_4, win=Window( name=Window, fullscr=true, color=#808080, ~), autoDraw=null, autoLog=true, units=height, ori=null, opacity=1, pos=[0,0], size=undefined, text=Great! This is the half-way break. 

Please take y~, font=Arial, color=#FFFFFF, contrast=1, height=0.05, bold=null, italic=null, alignHoriz=left, alignVert=center, wrapWidth=1, flipHoriz=null, flipVert=null )
198.24004000006244	EXP	Created TonePlayer = TonePlayer( name=TonePlayer, note=A4, duration_s=-1, volume=1, loops=null, soundLibrary="TONE_JS", autoLog=true )
198.24169500009157	EXP	Created next_prompt_trial2 = TextStim( name=next_prompt_trial2, win=Window( name=Window, fullscr=true, color=#808080, ~), autoDraw=null, autoLog=true, units=height, ori=null, opacity=1, pos=[0,0], size=undefined, text=Ready for the next trial? 

Press space bar to sta~, font=Arial, color=#FFFFFF, contrast=1, height=0.05, bold=null, italic=null, alignHoriz=left, alignVert=center, wrapWidth=1, flipHoriz=null, flipVert=null )
198.24428000010084	EXP	Created completion_text = TextStim( name=completion_text, win=Window( name=Window, fullscr=true, color=#808080, ~), autoDraw=null, autoLog=true, units=height, ori=null, opacity=1, pos=[0,0], size=undefined, text=Thanks for your participation! 

Here is your expe~, font=Arial, color=#FFFFFF, contrast=1, height=0.05, bold=null, italic=null, alignHoriz=left, alignVert=center, wrapWidth=1, flipHoriz=null, flipVert=null )
198.24622000008821	EXP	Created goodbyetxt = TextStim( name=goodbyetxt, win=Window( name=Window, fullscr=true, color=#808080, ~), autoDraw=null, autoLog=true, units=height, ori=null, opacity=1, pos=[0,0], size=undefined, text=The test is over!

Thank you so much!!, font=Arial, color=#FFFFFF, contrast=1, height=0.05, bold=null, italic=null, alignHoriz=left, alignVert=center, wrapWidth=1, flipHoriz=null, flipVert=null )
198.4770150000695	EXP	instructiontxt: units = "height"
198.4770150000695	EXP	instructiontxt: ori = 0
198.4770150000695	EXP	instructiontxt: opacity = 1
198.4770150000695	EXP	instructiontxt: pos = [0,0]
198.4770150000695	EXP	instructiontxt: size = undefined
198.4770150000695	EXP	instructiontxt: text = "Welcome to tapping experiment. \n\nYou will hear a sequence of tones.\nUse the index finger of your dominant hand \nto tap the spacebar at where you think the beat \nis throughout the sound file at each trial. \n\nWhen you are ready, press the spacebar to begin the practice."
198.4770150000695	EXP	instructiontxt: font = "Arial"
198.4770150000695	EXP	instructiontxt: color = {"_hex":"#FFFFFF","_rgb":[1,1,1]}
198.4770150000695	EXP	instructiontxt: contrast = 1
198.4770150000695	EXP	instructiontxt: height = 0.05
198.4770150000695	EXP	instructiontxt: bold = false
198.4770150000695	EXP	instructiontxt: italic = false
198.4770150000695	EXP	instructiontxt: alignHoriz = "left"
198.4770150000695	EXP	instructiontxt: alignVert = "center"
198.4770150000695	EXP	instructiontxt: wrapWidth = 1
198.4770150000695	EXP	instructiontxt: flipHoriz = false
198.4770150000695	EXP	instructiontxt: flipVert = false
198.4770150000695	EXP	Sound: secs = -1
198.4770150000695	EXP	Sound: volume = 1
198.4770150000695	EXP	Sound: loops = 0
198.4770150000695	EXP	Sound: volume = 1
198.4770150000695	EXP	text: units = "height"
198.4770150000695	EXP	text: ori = 0
198.4770150000695	EXP	text: opacity = 1
198.4770150000695	EXP	text: pos = [0,0]
198.4770150000695	EXP	text: size = undefined
198.4770150000695	EXP	text: text = "Ready for the next trial?\n\npress space bar to start."
198.4770150000695	EXP	text: font = "Arial"
198.4770150000695	EXP	text: color = {"_hex":"#FFFFFF","_rgb":[1,1,1]}
198.4770150000695	EXP	text: contrast = 1
198.4770150000695	EXP	text: height = 0.05
198.4770150000695	EXP	text: bold = false
198.4770150000695	EXP	text: italic = false
198.4770150000695	EXP	text: alignHoriz = "left"
198.4770150000695	EXP	text: alignVert = "center"
198.4770150000695	EXP	text: wrapWidth = 1
198.4770150000695	EXP	text: flipHoriz = false
198.4770150000695	EXP	text: flipVert = false
198.4770150000695	EXP	text_2: units = "height"
198.4770150000695	EXP	text_2: ori = 0
198.4770150000695	EXP	text_2: opacity = 1
198.4770150000695	EXP	text_2: pos = [0,0]
198.4770150000695	EXP	text_2: size = undefined
198.4770150000695	EXP	text_2: text = "Practice trials are over.\n\nNow we are going to start the real test trials.\nThe total session length will be about 28 minutes, but we will have a short break at the half way mark.\n\nIf you are ready, please space bar."
198.4770150000695	EXP	text_2: font = "Arial"
198.4770150000695	EXP	text_2: color = {"_hex":"#FFFFFF","_rgb":[1,1,1]}
198.4770150000695	EXP	text_2: contrast = 1
198.4770150000695	EXP	text_2: height = 0.05
198.4770150000695	EXP	text_2: bold = false
198.4770150000695	EXP	text_2: italic = false
198.4770150000695	EXP	text_2: alignHoriz = "left"
198.4770150000695	EXP	text_2: alignVert = "center"
198.4770150000695	EXP	text_2: wrapWidth = 1
198.4770150000695	EXP	text_2: flipHoriz = false
198.4770150000695	EXP	text_2: flipVert = false
198.4770150000695	EXP	Sound: secs = -1
198.4770150000695	EXP	Sound: volume = 1
198.4770150000695	EXP	Sound: loops = 0
198.4770150000695	EXP	Sound: volume = 1
198.4770150000695	EXP	text_3: units = "height"
198.4770150000695	EXP	text_3: ori = 0
198.4770150000695	EXP	text_3: opacity = 1
198.4770150000695	EXP	text_3: pos = [0,0]
198.4770150000695	EXP	text_3: size = undefined
198.4770150000695	EXP	text_3: text = "Ready for the next trial?\n\nPress space bar to start."
198.4770150000695	EXP	text_3: font = "Arial"
198.4770150000695	EXP	text_3: color = {"_hex":"#FFFFFF","_rgb":[1,1,1]}
198.4770150000695	EXP	text_3: contrast = 1
198.4770150000695	EXP	text_3: height = 0.05
198.4770150000695	EXP	text_3: bold = false
198.4770150000695	EXP	text_3: italic = false
198.4770150000695	EXP	text_3: alignHoriz = "left"
198.4770150000695	EXP	text_3: alignVert = "center"
198.4770150000695	EXP	text_3: wrapWidth = 1
198.4770150000695	EXP	text_3: flipHoriz = false
198.4770150000695	EXP	text_3: flipVert = false
198.4770150000695	EXP	text_4: units = "height"
198.4770150000695	EXP	text_4: ori = 0
198.4770150000695	EXP	text_4: opacity = 1
198.4770150000695	EXP	text_4: pos = [0,0]
198.4770150000695	EXP	text_4: size = undefined
198.4770150000695	EXP	text_4: text = "Great! This is the half-way break. \n\nPlease take your time. \n\nWhen you are ready to start the second-half of the test trials, please press space bar. "
198.4770150000695	EXP	text_4: font = "Arial"
198.4770150000695	EXP	text_4: color = {"_hex":"#FFFFFF","_rgb":[1,1,1]}
198.4770150000695	EXP	text_4: contrast = 1
198.4770150000695	EXP	text_4: height = 0.05
198.4770150000695	EXP	text_4: bold = false
198.4770150000695	EXP	text_4: italic = false
198.4770150000695	EXP	text_4: alignHoriz = "left"
198.4770150000695	EXP	text_4: alignVert = "center"
198.4770150000695	EXP	text_4: wrapWidth = 1
198.4770150000695	EXP	text_4: flipHoriz = false
198.4770150000695	EXP	text_4: flipVert = false
198.4770150000695	EXP	Sound: secs = -1
198.4770150000695	EXP	Sound: volume = 1
198.4770150000695	EXP	Sound: loops = 0
198.4770150000695	EXP	Sound: volume = 1
198.4770150000695	EXP	next_prompt_trial2: units = "height"
198.4770150000695	EXP	next_prompt_trial2: ori = 0
198.4770150000695	EXP	next_prompt_trial2: opacity = 1
198.4770150000695	EXP	next_prompt_trial2: pos = [0,0]
198.4770150000695	EXP	next_prompt_trial2: size = undefined
198.4770150000695	EXP	next_prompt_trial2: text = "Ready for the next trial? \n\nPress space bar to start. "
198.4770150000695	EXP	next_prompt_trial2: font = "Arial"
198.4770150000695	EXP	next_prompt_trial2: color = {"_hex":"#FFFFFF","_rgb":[1,1,1]}
198.4770150000695	EXP	next_prompt_trial2: contrast = 1
198.4770150000695	EXP	next_prompt_trial2: height = 0.05
198.4770150000695	EXP	next_prompt_trial2: bold = false
198.4770150000695	EXP	next_prompt_trial2: italic = false
198.4770150000695	EXP	next_prompt_trial2: alignHoriz = "left"
198.4770150000695	EXP	next_prompt_trial2: alignVert = "center"
198.4770150000695	EXP	next_prompt_trial2: wrapWidth = 1
198.4770150000695	EXP	next_prompt_trial2: flipHoriz = false
198.4770150000695	EXP	next_prompt_trial2: flipVert = false
198.4770150000695	EXP	completion_text: units = "height"
198.4770150000695	EXP	completion_text: ori = 0
198.4770150000695	EXP	completion_text: opacity = 1
198.4770150000695	EXP	completion_text: pos = [0,0]
198.4770150000695	EXP	completion_text: size = undefined
198.4770150000695	EXP	completion_text: text = "Thanks for your participation! \n\nHere is your experiment completion code: \n\n9158 \n\nPlease write down this code as you will need it in order to receive payment.\n\nIf you are not an MTurk worker, please send an email to nolan.lem@gmail.com with the Experiment Completion Code as the subject of the email. In order to complete the \nexperiment, when you are ready please press space bar and wait until you see a text box appear that says \"Thanks for your patience\" where you can click 'ok'. \n\nIf you are an MTurk worker, please press the space bar to be redirected to the MTurk experiment \nhomepage where you can input the code into the Experiment Completion Code box. "
198.4770150000695	EXP	completion_text: font = "Arial"
198.4770150000695	EXP	completion_text: color = {"_hex":"#FFFFFF","_rgb":[1,1,1]}
198.4770150000695	EXP	completion_text: contrast = 1
198.4770150000695	EXP	completion_text: height = 0.05
198.4770150000695	EXP	completion_text: bold = false
198.4770150000695	EXP	completion_text: italic = false
198.4770150000695	EXP	completion_text: alignHoriz = "left"
198.4770150000695	EXP	completion_text: alignVert = "center"
198.4770150000695	EXP	completion_text: wrapWidth = 1
198.4770150000695	EXP	completion_text: flipHoriz = false
198.4770150000695	EXP	completion_text: flipVert = false
198.4770150000695	EXP	goodbyetxt: units = "height"
198.4770150000695	EXP	goodbyetxt: ori = 0
198.4770150000695	EXP	goodbyetxt: opacity = 1
198.4770150000695	EXP	goodbyetxt: pos = [0,0]
198.4770150000695	EXP	goodbyetxt: size = undefined
198.4770150000695	EXP	goodbyetxt: text = "The test is over!\n\nThank you so much!!"
198.4770150000695	EXP	goodbyetxt: font = "Arial"
198.4770150000695	EXP	goodbyetxt: color = {"_hex":"#FFFFFF","_rgb":[1,1,1]}
198.4770150000695	EXP	goodbyetxt: contrast = 1
198.4770150000695	EXP	goodbyetxt: height = 0.05
198.4770150000695	EXP	goodbyetxt: bold = false
198.4770150000695	EXP	goodbyetxt: italic = false
198.4770150000695	EXP	goodbyetxt: alignHoriz = "left"
198.4770150000695	EXP	goodbyetxt: alignVert = "center"
198.4770150000695	EXP	goodbyetxt: wrapWidth = 1
198.4770150000695	EXP	goodbyetxt: flipHoriz = false
198.4770150000695	EXP	goodbyetxt: flipVert = false
198.4770150000695	EXP	instructiontxt: autoDraw = true
199.4236300000921	DATA	Mouse: wheel shift=(0,100), pos=(724,472)
199.47299999999814	DATA	Mouse: wheel shift=(0,100), pos=(724,472)
199.50664999999572	DATA	Mouse: wheel shift=(0,100), pos=(724,472)
199.54028000007384	DATA	Mouse: wheel shift=(0,100), pos=(724,472)
199.5905849999981	DATA	Mouse: wheel shift=(0,100), pos=(724,472)
200.36940000008326	DATA	Mouse: 0 button down, pos=(664,435)
200.50185000000056	DATA	Mouse: 0 button down, pos=(664,435)
205.2791450000368	DATA	Keydown:  
205.3227200000547	EXP	instructiontxt: autoDraw = false
205.3227200000547	EXP	Sound: secs = -1
205.3227200000547	EXP	Sound: volume = 1
205.3227200000547	EXP	Sound: loops = 0
205.3227200000547	EXP	Sound: volume = 1
213.20209000003524	DATA	Keydown:  
217.9539400000358	DATA	Keydown:  
219.75704500009306	DATA	Mouse: 0 button down, pos=(690,502)
219.89275500003714	DATA	Mouse: 0 button down, pos=(690,502)
220.56587000004947	DATA	Mouse: wheel shift=(0,-100), pos=(772,507)
220.58393500000238	DATA	Mouse: wheel shift=(0,-100), pos=(772,505)
220.61793000006583	DATA	Mouse: wheel shift=(0,-100), pos=(773,502)
223.6095450000139	EXP	text: autoDraw = true
225.8042800000403	DATA	Keydown:  
225.82687000010628	EXP	text: autoDraw = false
225.82687000010628	EXP	text_2: autoDraw = true
230.963310000021	DATA	Keydown:  
230.98139000008814	EXP	text_2: autoDraw = false
230.98139000008814	EXP	Sound: secs = -1
230.98139000008814	EXP	Sound: volume = 1
230.98139000008814	EXP	Sound: loops = 0
230.98139000008814	EXP	Sound: volume = 1
248.22106000001077	EXP	text_3: autoDraw = true
250.50944500009064	DATA	Keydown:  
250.52106000005733	EXP	text_3: autoDraw = false
250.52106000005733	EXP	text_4: autoDraw = true
253.06211500009522	DATA	Keydown:  
253.0818900000304	EXP	text_4: autoDraw = false
253.0818900000304	EXP	Sound: secs = -1
253.0818900000304	EXP	Sound: volume = 1
253.0818900000304	EXP	Sound: loops = 0
253.0818900000304	EXP	Sound: volume = 1
270.2527650000993	EXP	next_prompt_trial2: autoDraw = true
270.87432000006083	DATA	Keydown:  
270.9042850000551	EXP	next_prompt_trial2: autoDraw = false
270.9042850000551	EXP	completion_text: autoDraw = true
272.658250000095	DATA	Mouse: wheel shift=(0,-100), pos=(732,410)
272.741640000022	DATA	Mouse: wheel shift=(0,-100), pos=(732,390)
273.0792950000614	DATA	Mouse: wheel shift=(0,-100), pos=(639,250)
273.11101500003133	DATA	Mouse: wheel shift=(0,-100), pos=(627,247)
273.1289800000377	DATA	Mouse: wheel shift=(0,-100), pos=(624,246)
273.1612750000786	DATA	Mouse: wheel shift=(0,-100), pos=(621,246)
273.21094000001904	DATA	Mouse: wheel shift=(0,-100), pos=(615,246)
273.24654000008013	DATA	Mouse: wheel shift=(0,-100), pos=(609,250)
273.63087500003166	DATA	Mouse: wheel shift=(0,-100), pos=(451,185)
273.66466000000946	DATA	Mouse: wheel shift=(0,-100), pos=(451,185)
273.6816650000401	DATA	Mouse: wheel shift=(0,-100), pos=(451,185)
273.71418000000995	DATA	Mouse: wheel shift=(0,-100), pos=(451,185)
273.76496000005864	DATA	Mouse: wheel shift=(0,-100), pos=(451,185)
274.1835050000809	DATA	Mouse: wheel shift=(0,-100), pos=(451,121)
274.2168150000507	DATA	Mouse: wheel shift=(0,-100), pos=(451,120)
274.28404000005685	DATA	Mouse: wheel shift=(0,-100), pos=(451,120)
298.10980000009295	DATA	Mouse: wheel shift=(0,-100), pos=(724,101)
298.14286000002176	DATA	Mouse: wheel shift=(0,-100), pos=(724,112)
298.1752550000092	DATA	Mouse: wheel shift=(0,-100), pos=(724,132)
298.36556000006385	DATA	Mouse: wheel shift=(0,100), pos=(736,205)
298.3953850000398	DATA	Mouse: wheel shift=(0,100), pos=(735,212)
298.4114750000881	DATA	Mouse: wheel shift=(0,100), pos=(735,221)
298.44450000009965	DATA	Mouse: wheel shift=(0,100), pos=(735,235)
298.4629600000335	DATA	Mouse: wheel shift=(0,100), pos=(735,255)
298.4793800000334	DATA	Mouse: wheel shift=(0,100), pos=(735,277)
298.8999199999962	DATA	Mouse: wheel shift=(0,100), pos=(727,328)
298.92987500003073	DATA	Mouse: wheel shift=(0,100), pos=(727,328)
298.9672750000609	DATA	Mouse: wheel shift=(0,100), pos=(727,333)
298.98116000008304	DATA	Mouse: wheel shift=(0,100), pos=(727,340)
299.5479500000365	DATA	Mouse: 0 button down, pos=(726,350)
299.6514250000473	DATA	Mouse: 0 button down, pos=(726,350)
300.2944050000515	DATA	Keydown:  
300.3123350000242	EXP	completion_text: autoDraw = false
300.3123350000242	EXP	goodbyetxt: autoDraw = true
301.1408100000117	DATA	Keydown:  
302.34935000003316	DATA	Mouse: wheel shift=(0,-100), pos=(733,389)
302.36569500004407	DATA	Mouse: wheel shift=(0,-100), pos=(732,392)
302.3819600000279	DATA	Mouse: wheel shift=(0,-100), pos=(732,392)
302.4175100000575	DATA	Mouse: wheel shift=(0,-100), pos=(732,392)
302.4494200000772	DATA	Mouse: wheel shift=(0,-100), pos=(732,392)
302.7682350000832	DATA	Mouse: wheel shift=(0,100), pos=(734,361)
302.7843050000956	DATA	Mouse: wheel shift=(0,100), pos=(734,361)
302.8006250000326	DATA	Mouse: wheel shift=(0,100), pos=(734,361)
302.8194750000257	DATA	Mouse: wheel shift=(0,100), pos=(734,361)
302.83549500000663	DATA	Mouse: wheel shift=(0,100), pos=(734,361)
302.85155000002123	DATA	Mouse: wheel shift=(0,100), pos=(734,361)
302.9356150000822	DATA	Mouse: wheel shift=(0,100), pos=(734,361)
