0.18500000000000005	EXP	Created Window = Window( name=Window, fullscr=true, color=#808080, units=height, waitBlanking=true, autoLog=true, size=[1920,976] )
3.4160000000000004	DATA	Keydown: Shift
3.519	DATA	Keydown: G
3.7190000000000003	DATA	Keydown: A
9.119	DATA	Keydown: Shift
9.457	DATA	Keydown: Y
9.767	DATA	Keydown: e
9.95	DATA	Keydown: s
55.209	DATA	Keydown: Shift
55.345	DATA	Keydown: A
55.963	DATA	Keydown: u
56.28	DATA	Keydown: d
56.736000000000004	DATA	Keydown: i
56.816	DATA	Keydown: o
56.993	DATA	Keydown:  
57.57	DATA	Keydown: Shift
58.078	DATA	Keydown: Shift
58.109	DATA	Keydown: Shift
58.135000000000005	DATA	Keydown: Shift
58.18	DATA	Keydown: Shift
58.211	DATA	Keydown: T
58.737	DATA	Keydown: e
59.042	DATA	Keydown: c
59.368	DATA	Keydown: h
59.648	DATA	Keydown: n
59.898	DATA	Keydown: i
63.17700000000001	DATA	Keydown: c
63.48100000000001	DATA	Keydown: a
64.281	DATA	Keydown:  
66.561	DATA	Keydown: Shift
67.069	DATA	Keydown: Shift
67.099	DATA	Keydown: Shift
67.131	DATA	Keydown: Shift
67.161	DATA	Keydown: Shift
67.208	DATA	Keydown: Shift
67.242	DATA	Keydown: Shift
67.269	DATA	Keydown: Shift
67.3	DATA	Keydown: Shift
67.331	DATA	Keydown: Shift
67.362	DATA	Keydown: Shift
67.393	DATA	Keydown: Shift
67.425	DATA	Keydown: Shift
67.47	DATA	Keydown: Shift
67.501	DATA	Keydown: Shift
67.53	DATA	Keydown: Shift
67.562	DATA	Keydown: Shift
67.592	DATA	Keydown: Shift
67.624	DATA	Keydown: Shift
67.67	DATA	Keydown: Shift
67.7	DATA	Keydown: Shift
67.73	DATA	Keydown: Shift
67.761	DATA	Keydown: Shift
67.792	DATA	Keydown: Shift
67.825	DATA	Keydown: Shift
67.854	DATA	Keydown: Shift
67.9	DATA	Keydown: Shift
67.931	DATA	Keydown: Shift
67.961	DATA	Keydown: Shift
67.992	DATA	Keydown: Shift
68.025	DATA	Keydown: Shift
68.058	DATA	Keydown: Shift
68.099	DATA	Keydown: Shift
68.13	DATA	Keydown: Shift
68.161	DATA	Keydown: Shift
68.19200000000001	DATA	Keydown: Shift
68.22500000000001	DATA	Keydown: Shift
68.253	DATA	Keydown: Shift
68.282	DATA	Keydown: Shift
68.33	DATA	Keydown: Shift
68.362	DATA	Keydown: Shift
68.391	DATA	Keydown: Shift
68.424	DATA	Keydown: Shift
68.453	DATA	Keydown: Shift
68.484	DATA	Keydown: Shift
68.515	DATA	Keydown: Shift
68.547	DATA	Keydown: Shift
68.593	DATA	Keydown: Shift
68.625	DATA	Keydown: Shift
68.658	DATA	Keydown: Shift
68.69200000000001	DATA	Keydown: Shift
68.71900000000001	DATA	Keydown: Shift
68.75	DATA	Keydown: Shift
68.781	DATA	Keydown: Shift
68.813	DATA	Keydown: Shift
68.86	DATA	Keydown: Shift
68.891	DATA	Keydown: Shift
68.92	DATA	Keydown: Shift
68.95	DATA	Keydown: Shift
68.98100000000001	DATA	Keydown: Shift
69.012	DATA	Keydown: Shift
69.044	DATA	Keydown: Shift
69.09100000000001	DATA	Keydown: Shift
69.118	DATA	Keydown: Shift
69.15	DATA	Keydown: Shift
69.181	DATA	Keydown: Shift
69.211	DATA	Keydown: Shift
69.243	DATA	Keydown: Shift
69.275	DATA	Keydown: Shift
69.308	DATA	Keydown: Shift
69.354	DATA	Keydown: Shift
69.384	DATA	Keydown: Shift
69.415	DATA	Keydown: Shift
69.433	DATA	Keydown: A
69.793	DATA	Keydown: T
70.153	DATA	Keydown: H
70.985	DATA	Keydown: -
72.281	DATA	Keydown: Shift
72.792	DATA	Keydown: Shift
72.825	DATA	Keydown: Shift
72.858	DATA	Keydown: Shift
72.885	DATA	Keydown: Shift
72.915	DATA	Keydown: Shift
72.947	DATA	Keydown: Shift
72.993	DATA	Keydown: Shift
73.025	DATA	Keydown: Shift
73.058	DATA	Keydown: Shift
73.087	DATA	Keydown: Shift
73.117	DATA	Keydown: Shift
73.148	DATA	Keydown: Shift
73.179	DATA	Keydown: Shift
73.224	DATA	Keydown: Shift
73.258	DATA	Keydown: Shift
73.284	DATA	Keydown: Shift
73.315	DATA	Keydown: Shift
73.34700000000001	DATA	Keydown: Shift
73.377	DATA	Keydown: Shift
73.424	DATA	Keydown: Shift
73.45400000000001	DATA	Keydown: Shift
73.484	DATA	Keydown: Shift
73.516	DATA	Keydown: Shift
73.546	DATA	Keydown: Shift
73.577	DATA	Keydown: Shift
73.607	DATA	Keydown: Shift
73.654	DATA	Keydown: Shift
73.685	DATA	Keydown: Shift
73.715	DATA	Keydown: Shift
73.747	DATA	Keydown: Shift
73.769	DATA	Keydown: A
74.569	DATA	Keydown: D
75.124	DATA	Keydown: 7
75.541	DATA	Keydown: 0
75.69800000000001	DATA	Keydown: 0
91.514	DATA	Keydown: 0
93.69200000000001	DATA	Keydown: Shift
93.878	DATA	Keydown: N
94.21000000000001	DATA	Keydown: o
96.394	DATA	Keydown: m
98.274	DATA	Keydown: 3
98.31400000000001	DATA	Keydown: 2
100.05	DATA	Keydown: Shift
100.69800000000001	DATA	Keydown: Shift
100.786	DATA	Keydown: R
103.262	DATA	Keydown: Shift
103.44200000000001	DATA	Keydown: Y
103.586	DATA	Keydown: e
103.774	DATA	Keydown: s
234.50199999999998	EXP	Created instructiontxt = TextStim( name=instructiontxt, win=Window( name=Window, fullscr=true, color=#808080, ~), autoDraw=null, autoLog=true, units=height, ori=null, opacity=1, pos=[0,0], size=undefined, text=Welcome to tapping experiment. 

You will hear a s~, font=Arial, color=#FFFFFF, contrast=1, height=0.05, bold=null, italic=null, alignHoriz=left, alignVert=center, wrapWidth=1, flipHoriz=null, flipVert=null )
234.511	EXP	Created TonePlayer = TonePlayer( name=TonePlayer, note=A4, duration_s=-1, volume=1, loops=null, soundLibrary="TONE_JS", autoLog=true )
234.512	EXP	Created text = TextStim( name=text, win=Window( name=Window, fullscr=true, color=#808080, ~), autoDraw=null, autoLog=true, units=height, ori=null, opacity=1, pos=[0,0], size=undefined, text=Ready for the next trial?

press space bar to star~, font=Arial, color=#FFFFFF, contrast=1, height=0.05, bold=null, italic=null, alignHoriz=left, alignVert=center, wrapWidth=1, flipHoriz=null, flipVert=null )
234.51299999999998	EXP	Created text_2 = TextStim( name=text_2, win=Window( name=Window, fullscr=true, color=#808080, ~), autoDraw=null, autoLog=true, units=height, ori=null, opacity=1, pos=[0,0], size=undefined, text=Practice trials are over.

Now we are going to sta~, font=Arial, color=#FFFFFF, contrast=1, height=0.05, bold=null, italic=null, alignHoriz=left, alignVert=center, wrapWidth=1, flipHoriz=null, flipVert=null )
234.517	EXP	Created TonePlayer = TonePlayer( name=TonePlayer, note=A4, duration_s=-1, volume=1, loops=null, soundLibrary="TONE_JS", autoLog=true )
234.518	EXP	Created text_3 = TextStim( name=text_3, win=Window( name=Window, fullscr=true, color=#808080, ~), autoDraw=null, autoLog=true, units=height, ori=null, opacity=1, pos=[0,0], size=undefined, text=Ready for the next trial?

Press space bar to star~, font=Arial, color=#FFFFFF, contrast=1, height=0.05, bold=null, italic=null, alignHoriz=left, alignVert=center, wrapWidth=1, flipHoriz=null, flipVert=null )
234.51899999999998	EXP	Created text_4 = TextStim( name=text_4, win=Window( name=Window, fullscr=true, color=#808080, ~), autoDraw=null, autoLog=true, units=height, ori=null, opacity=1, pos=[0,0], size=undefined, text=Great! This is the half-way break. 

Please take y~, font=Arial, color=#FFFFFF, contrast=1, height=0.05, bold=null, italic=null, alignHoriz=left, alignVert=center, wrapWidth=1, flipHoriz=null, flipVert=null )
234.521	EXP	Created TonePlayer = TonePlayer( name=TonePlayer, note=A4, duration_s=-1, volume=1, loops=null, soundLibrary="TONE_JS", autoLog=true )
234.523	EXP	Created next_prompt_trial2 = TextStim( name=next_prompt_trial2, win=Window( name=Window, fullscr=true, color=#808080, ~), autoDraw=null, autoLog=true, units=height, ori=null, opacity=1, pos=[0,0], size=undefined, text=Ready for the next trial? 

Press space bar to sta~, font=Arial, color=#FFFFFF, contrast=1, height=0.05, bold=null, italic=null, alignHoriz=left, alignVert=center, wrapWidth=1, flipHoriz=null, flipVert=null )
234.523	EXP	Created completion_text = TextStim( name=completion_text, win=Window( name=Window, fullscr=true, color=#808080, ~), autoDraw=null, autoLog=true, units=height, ori=null, opacity=1, pos=[0,0], size=undefined, text=Thanks for your participation! 

Here is your expe~, font=Arial, color=#FFFFFF, contrast=1, height=0.05, bold=null, italic=null, alignHoriz=left, alignVert=center, wrapWidth=1, flipHoriz=null, flipVert=null )
234.524	EXP	Created goodbyetxt = TextStim( name=goodbyetxt, win=Window( name=Window, fullscr=true, color=#808080, ~), autoDraw=null, autoLog=true, units=height, ori=null, opacity=1, pos=[0,0], size=undefined, text=The test is over!

Thank you so much!!, font=Arial, color=#FFFFFF, contrast=1, height=0.05, bold=null, italic=null, alignHoriz=left, alignVert=center, wrapWidth=1, flipHoriz=null, flipVert=null )
234.558	EXP	instructiontxt: units = "height"
234.558	EXP	instructiontxt: ori = 0
234.558	EXP	instructiontxt: opacity = 1
234.558	EXP	instructiontxt: pos = [0,0]
234.558	EXP	instructiontxt: size = undefined
234.558	EXP	instructiontxt: text = "Welcome to tapping experiment. \n\nYou will hear a sequence of tones.\nUse the index finger of your dominant hand \nto tap the spacebar at where you think the beat \nis throughout the sound file at each trial. \n\nWhen you are ready, press the spacebar to begin the practice."
234.558	EXP	instructiontxt: font = "Arial"
234.558	EXP	instructiontxt: color = {"_hex":"#FFFFFF","_rgb":[1,1,1]}
234.558	EXP	instructiontxt: contrast = 1
234.558	EXP	instructiontxt: height = 0.05
234.558	EXP	instructiontxt: bold = false
234.558	EXP	instructiontxt: italic = false
234.558	EXP	instructiontxt: alignHoriz = "left"
234.558	EXP	instructiontxt: alignVert = "center"
234.558	EXP	instructiontxt: wrapWidth = 1
234.558	EXP	instructiontxt: flipHoriz = false
234.558	EXP	instructiontxt: flipVert = false
234.558	EXP	Sound: secs = -1
234.558	EXP	Sound: volume = 1
234.558	EXP	Sound: loops = 0
234.558	EXP	Sound: volume = 1
234.558	EXP	text: units = "height"
234.558	EXP	text: ori = 0
234.558	EXP	text: opacity = 1
234.558	EXP	text: pos = [0,0]
234.558	EXP	text: size = undefined
234.558	EXP	text: text = "Ready for the next trial?\n\npress space bar to start."
234.558	EXP	text: font = "Arial"
234.558	EXP	text: color = {"_hex":"#FFFFFF","_rgb":[1,1,1]}
234.558	EXP	text: contrast = 1
234.558	EXP	text: height = 0.05
234.558	EXP	text: bold = false
234.558	EXP	text: italic = false
234.558	EXP	text: alignHoriz = "left"
234.558	EXP	text: alignVert = "center"
234.558	EXP	text: wrapWidth = 1
234.558	EXP	text: flipHoriz = false
234.558	EXP	text: flipVert = false
234.558	EXP	text_2: units = "height"
234.558	EXP	text_2: ori = 0
234.558	EXP	text_2: opacity = 1
234.558	EXP	text_2: pos = [0,0]
234.558	EXP	text_2: size = undefined
234.558	EXP	text_2: text = "Practice trials are over.\n\nNow we are going to start the real test trials.\nThe total session length will be about 28 minutes, but we will have a short break at the half way mark.\n\nIf you are ready, please space bar."
234.558	EXP	text_2: font = "Arial"
234.558	EXP	text_2: color = {"_hex":"#FFFFFF","_rgb":[1,1,1]}
234.558	EXP	text_2: contrast = 1
234.558	EXP	text_2: height = 0.05
234.558	EXP	text_2: bold = false
234.558	EXP	text_2: italic = false
234.558	EXP	text_2: alignHoriz = "left"
234.558	EXP	text_2: alignVert = "center"
234.558	EXP	text_2: wrapWidth = 1
234.558	EXP	text_2: flipHoriz = false
234.558	EXP	text_2: flipVert = false
234.558	EXP	Sound: secs = -1
234.558	EXP	Sound: volume = 1
234.558	EXP	Sound: loops = 0
234.558	EXP	Sound: volume = 1
234.558	EXP	text_3: units = "height"
234.558	EXP	text_3: ori = 0
234.558	EXP	text_3: opacity = 1
234.558	EXP	text_3: pos = [0,0]
234.558	EXP	text_3: size = undefined
234.558	EXP	text_3: text = "Ready for the next trial?\n\nPress space bar to start."
234.558	EXP	text_3: font = "Arial"
234.558	EXP	text_3: color = {"_hex":"#FFFFFF","_rgb":[1,1,1]}
234.558	EXP	text_3: contrast = 1
234.558	EXP	text_3: height = 0.05
234.558	EXP	text_3: bold = false
234.558	EXP	text_3: italic = false
234.558	EXP	text_3: alignHoriz = "left"
234.558	EXP	text_3: alignVert = "center"
234.558	EXP	text_3: wrapWidth = 1
234.558	EXP	text_3: flipHoriz = false
234.558	EXP	text_3: flipVert = false
234.558	EXP	text_4: units = "height"
234.558	EXP	text_4: ori = 0
234.558	EXP	text_4: opacity = 1
234.558	EXP	text_4: pos = [0,0]
234.558	EXP	text_4: size = undefined
234.558	EXP	text_4: text = "Great! This is the half-way break. \n\nPlease take your time. \n\nWhen you are ready to start the second-half of the test trials, please press space bar. "
234.558	EXP	text_4: font = "Arial"
234.558	EXP	text_4: color = {"_hex":"#FFFFFF","_rgb":[1,1,1]}
234.558	EXP	text_4: contrast = 1
234.558	EXP	text_4: height = 0.05
234.558	EXP	text_4: bold = false
234.558	EXP	text_4: italic = false
234.558	EXP	text_4: alignHoriz = "left"
234.558	EXP	text_4: alignVert = "center"
234.558	EXP	text_4: wrapWidth = 1
234.558	EXP	text_4: flipHoriz = false
234.558	EXP	text_4: flipVert = false
234.558	EXP	Sound: secs = -1
234.558	EXP	Sound: volume = 1
234.558	EXP	Sound: loops = 0
234.558	EXP	Sound: volume = 1
234.558	EXP	next_prompt_trial2: units = "height"
234.558	EXP	next_prompt_trial2: ori = 0
234.558	EXP	next_prompt_trial2: opacity = 1
234.558	EXP	next_prompt_trial2: pos = [0,0]
234.558	EXP	next_prompt_trial2: size = undefined
234.558	EXP	next_prompt_trial2: text = "Ready for the next trial? \n\nPress space bar to start. "
234.558	EXP	next_prompt_trial2: font = "Arial"
234.558	EXP	next_prompt_trial2: color = {"_hex":"#FFFFFF","_rgb":[1,1,1]}
234.558	EXP	next_prompt_trial2: contrast = 1
234.558	EXP	next_prompt_trial2: height = 0.05
234.558	EXP	next_prompt_trial2: bold = false
234.558	EXP	next_prompt_trial2: italic = false
234.558	EXP	next_prompt_trial2: alignHoriz = "left"
234.558	EXP	next_prompt_trial2: alignVert = "center"
234.558	EXP	next_prompt_trial2: wrapWidth = 1
234.558	EXP	next_prompt_trial2: flipHoriz = false
234.558	EXP	next_prompt_trial2: flipVert = false
234.558	EXP	completion_text: units = "height"
234.558	EXP	completion_text: ori = 0
234.558	EXP	completion_text: opacity = 1
234.558	EXP	completion_text: pos = [0,0]
234.558	EXP	completion_text: size = undefined
234.558	EXP	completion_text: text = "Thanks for your participation! \n\nHere is your experiment completion code: \n\n9158 \n\nPlease write down this code as you will need it in order to receive payment.\n\nIf you are not an MTurk worker, please send an email to nolan.lem@gmail.com with the Experiment Completion Code as the subject of the email. In order to complete the \nexperiment, when you are ready please press space bar and wait until you see a text box appear that says \"Thanks for your patience\" where you can click 'ok'. \n\nIf you are an MTurk worker, please press the space bar to be redirected to the MTurk experiment \nhomepage where you can input the code into the Experiment Completion Code box. "
234.558	EXP	completion_text: font = "Arial"
234.558	EXP	completion_text: color = {"_hex":"#FFFFFF","_rgb":[1,1,1]}
234.558	EXP	completion_text: contrast = 1
234.558	EXP	completion_text: height = 0.05
234.558	EXP	completion_text: bold = false
234.558	EXP	completion_text: italic = false
234.558	EXP	completion_text: alignHoriz = "left"
234.558	EXP	completion_text: alignVert = "center"
234.558	EXP	completion_text: wrapWidth = 1
234.558	EXP	completion_text: flipHoriz = false
234.558	EXP	completion_text: flipVert = false
234.558	EXP	goodbyetxt: units = "height"
234.558	EXP	goodbyetxt: ori = 0
234.558	EXP	goodbyetxt: opacity = 1
234.558	EXP	goodbyetxt: pos = [0,0]
234.558	EXP	goodbyetxt: size = undefined
234.558	EXP	goodbyetxt: text = "The test is over!\n\nThank you so much!!"
234.558	EXP	goodbyetxt: font = "Arial"
234.558	EXP	goodbyetxt: color = {"_hex":"#FFFFFF","_rgb":[1,1,1]}
234.558	EXP	goodbyetxt: contrast = 1
234.558	EXP	goodbyetxt: height = 0.05
234.558	EXP	goodbyetxt: bold = false
234.558	EXP	goodbyetxt: italic = false
234.558	EXP	goodbyetxt: alignHoriz = "left"
234.558	EXP	goodbyetxt: alignVert = "center"
234.558	EXP	goodbyetxt: wrapWidth = 1
234.558	EXP	goodbyetxt: flipHoriz = false
234.558	EXP	goodbyetxt: flipVert = false
234.558	EXP	instructiontxt: autoDraw = true
253.25699999999998	DATA	Keydown:  
253.265	EXP	instructiontxt: autoDraw = false
253.265	EXP	Sound: secs = -1
253.265	EXP	Sound: volume = 1
253.265	EXP	Sound: loops = 0
253.265	EXP	Sound: volume = 1
256.757	DATA	Keydown:  
257.51300000000003	DATA	Keydown:  
258.216	DATA	Keydown:  
258.96000000000004	DATA	Keydown:  
259.697	DATA	Keydown:  
260.48900000000003	DATA	Keydown:  
261.25600000000003	DATA	Keydown:  
262	DATA	Keydown:  
262.757	DATA	Keydown:  
263.528	DATA	Keydown:  
264.28900000000004	DATA	Keydown:  
265.05600000000004	DATA	Keydown:  
265.841	DATA	Keydown:  
266.56100000000004	DATA	Keydown:  
267.297	DATA	Keydown:  
268.07300000000004	DATA	Keydown:  
268.81600000000003	DATA	Keydown:  
269.577	DATA	Keydown:  
270.356	DATA	Keydown:  
271.54400000000004	EXP	text: autoDraw = true
272.843	DATA	Keydown:  
272.865	EXP	text: autoDraw = false
272.865	EXP	text_2: autoDraw = true
278.113	DATA	Keydown:  
278.125	EXP	text_2: autoDraw = false
278.125	EXP	Sound: secs = -1
278.125	EXP	Sound: volume = 1
278.125	EXP	Sound: loops = 0
278.125	EXP	Sound: volume = 1
280.63300000000004	DATA	Keydown:  
280.79	DATA	Keydown:  
280.92400000000004	DATA	Keydown:  
281.23400000000004	DATA	Keydown:  
281.51300000000003	DATA	Keydown:  
281.72900000000004	DATA	Keydown:  
281.88100000000003	DATA	Keydown:  
282.10900000000004	DATA	Keydown:  
282.32300000000004	DATA	Keydown:  
282.559	DATA	Keydown:  
282.745	DATA	Keydown:  
282.923	DATA	Keydown:  
283.065	DATA	Keydown:  
283.218	DATA	Keydown:  
283.362	DATA	Keydown:  
283.51300000000003	DATA	Keydown:  
283.65000000000003	DATA	Keydown:  
283.801	DATA	Keydown:  
283.945	DATA	Keydown:  
284.09000000000003	DATA	Keydown:  
284.242	DATA	Keydown:  
284.398	DATA	Keydown:  
284.529	DATA	Keydown:  
284.676	DATA	Keydown:  
284.831	DATA	Keydown:  
284.973	DATA	Keydown:  
285.113	DATA	Keydown:  
285.257	DATA	Keydown:  
285.40200000000004	DATA	Keydown:  
285.546	DATA	Keydown:  
285.69800000000004	DATA	Keydown:  
285.841	DATA	Keydown:  
285.978	DATA	Keydown:  
286.129	DATA	Keydown:  
286.281	DATA	Keydown:  
286.433	DATA	Keydown:  
286.576	DATA	Keydown:  
286.713	DATA	Keydown:  
286.857	DATA	Keydown:  
287.00100000000003	DATA	Keydown:  
287.139	DATA	Keydown:  
287.273	DATA	Keydown:  
287.425	DATA	Keydown:  
287.545	DATA	Keydown:  
287.673	DATA	Keydown:  
287.817	DATA	Keydown:  
287.956	DATA	Keydown:  
288.098	DATA	Keydown:  
288.23400000000004	DATA	Keydown:  
288.37800000000004	DATA	Keydown:  
288.523	DATA	Keydown:  
288.658	DATA	Keydown:  
288.793	DATA	Keydown:  
288.945	DATA	Keydown:  
289.09000000000003	DATA	Keydown:  
289.233	DATA	Keydown:  
289.37800000000004	DATA	Keydown:  
289.514	DATA	Keydown:  
289.67400000000004	DATA	Keydown:  
289.865	DATA	Keydown:  
290.026	DATA	Keydown:  
290.129	DATA	Keydown:  
290.27500000000003	DATA	Keydown:  
290.41700000000003	DATA	Keydown:  
290.575	DATA	Keydown:  
290.714	DATA	Keydown:  
290.858	DATA	Keydown:  
291.01	DATA	Keydown:  
291.15700000000004	DATA	Keydown:  
291.307	DATA	Keydown:  
291.45	DATA	Keydown:  
291.606	DATA	Keydown:  
291.745	DATA	Keydown:  
291.89000000000004	DATA	Keydown:  
292.04200000000003	DATA	Keydown:  
292.206	DATA	Keydown:  
292.356	DATA	Keydown:  
292.50600000000003	DATA	Keydown:  
292.665	DATA	Keydown:  
292.817	DATA	Keydown:  
292.97700000000003	DATA	Keydown:  
293.146	DATA	Keydown:  
293.308	DATA	Keydown:  
293.46500000000003	DATA	Keydown:  
293.618	DATA	Keydown:  
293.77700000000004	DATA	Keydown:  
293.922	DATA	Keydown:  
294.082	DATA	Keydown:  
295.377	EXP	text_3: autoDraw = true
296.475	DATA	Keydown:  
296.49600000000004	EXP	text_3: autoDraw = false
296.49600000000004	EXP	text_4: autoDraw = true
301.73	DATA	Keydown:  
301.75600000000003	EXP	text_4: autoDraw = false
301.75600000000003	EXP	Sound: secs = -1
301.75600000000003	EXP	Sound: volume = 1
301.75600000000003	EXP	Sound: loops = 0
301.75600000000003	EXP	Sound: volume = 1
305.298	DATA	Keydown:  
305.754	DATA	Keydown:  
306.295	DATA	Keydown:  
306.642	DATA	Keydown:  
306.79400000000004	DATA	Keydown:  
307.195	DATA	Keydown:  
307.35900000000004	DATA	Keydown:  
307.658	DATA	Keydown:  
307.86600000000004	DATA	Keydown:  
308.183	DATA	Keydown:  
308.572	DATA	Keydown:  
308.73	DATA	Keydown:  
309.106	DATA	Keydown:  
309.25800000000004	DATA	Keydown:  
309.41	DATA	Keydown:  
309.55600000000004	DATA	Keydown:  
309.69800000000004	DATA	Keydown:  
309.84200000000004	DATA	Keydown:  
310.11	DATA	Keydown:  
310.25800000000004	DATA	Keydown:  
310.563	DATA	Keydown:  
310.699	DATA	Keydown:  
311.034	DATA	Keydown:  
311.178	DATA	Keydown:  
311.33000000000004	DATA	Keydown:  
311.476	DATA	Keydown:  
311.61400000000003	DATA	Keydown:  
311.867	DATA	Keydown:  
311.994	DATA	Keydown:  
312.315	DATA	Keydown:  
312.45	DATA	Keydown:  
312.76300000000003	DATA	Keydown:  
312.93100000000004	DATA	Keydown:  
313.096	DATA	Keydown:  
313.235	DATA	Keydown:  
313.38800000000003	DATA	Keydown:  
313.531	DATA	Keydown:  
313.81100000000004	DATA	Keydown:  
314.267	DATA	Keydown:  
314.40700000000004	DATA	Keydown:  
314.86600000000004	DATA	Keydown:  
315.051	DATA	Keydown:  
315.211	DATA	Keydown:  
315.377	DATA	Keydown:  
315.51500000000004	DATA	Keydown:  
315.85900000000004	DATA	Keydown:  
316.27500000000003	DATA	Keydown:  
316.422	DATA	Keydown:  
316.79400000000004	DATA	Keydown:  
318.923	EXP	next_prompt_trial2: autoDraw = true
320.163	DATA	Keydown:  
320.206	EXP	next_prompt_trial2: autoDraw = false
320.206	EXP	completion_text: autoDraw = true
322.29200000000003	DATA	Mouse: wheel shift=(0,-3), pos=(859,645)
322.528	DATA	Mouse: wheel shift=(0,-3), pos=(870,630)
322.676	DATA	Mouse: wheel shift=(0,-3), pos=(874,621)
338.797	DATA	Mouse: wheel shift=(0,3), pos=(1109,417)
338.974	DATA	Mouse: wheel shift=(0,3), pos=(1109,417)
339.06800000000004	DATA	Mouse: wheel shift=(0,3), pos=(1109,417)
339.221	DATA	Mouse: wheel shift=(0,3), pos=(1109,417)
339.39000000000004	DATA	Mouse: wheel shift=(0,-3), pos=(1109,417)
339.548	DATA	Mouse: wheel shift=(0,-3), pos=(1109,417)
339.661	DATA	Mouse: wheel shift=(0,3), pos=(1109,417)
339.711	DATA	Mouse: wheel shift=(0,3), pos=(1109,417)
339.76	DATA	Mouse: wheel shift=(0,3), pos=(1109,417)
360.605	DATA	Keydown:  
360.623	EXP	completion_text: autoDraw = false
360.623	EXP	goodbyetxt: autoDraw = true
362.076	DATA	Keydown:  
