0.044999999925494194	EXP	Created Window = Window( name=Window, fullscr=true, color=#808080, units=height, waitBlanking=true, autoLog=true, size=[1366,657] )
37.86699999985285	DATA	Keydown: Y
38.55599999986589	DATA	Keydown: E
38.95999999996275	DATA	Keydown: S
46.5	DATA	Keydown: J
46.77899999986403	DATA	Keydown: B
47.312999999849126	DATA	Keydown: L
76.17599999997765	DATA	Keydown: M
76.73499999986961	DATA	Keydown: I
77.12199999997392	DATA	Keydown: C
77.27700000000186	DATA	Keydown: H
77.49600000004284	DATA	Keydown: E
78.25099999993108	DATA	Keydown: A
78.34299999987707	DATA	Keydown: L
87.25	DATA	Keydown: 1
93.14999999990687	DATA	Keydown: N
93.37199999997392	DATA	Keydown: O
94.80000000004657	DATA	Keydown: CapsLock
97.93399999989197	EXP	Created instructiontxt = TextStim( name=instructiontxt, win=Window( name=Window, fullscr=true, color=#808080, ~), autoDraw=null, autoLog=true, units=height, ori=null, opacity=1, pos=[0,0], size=undefined, text=Welcome to tapping experiment. 

You will hear a s~, font=Arial, color=#FFFFFF, contrast=1, height=0.025, bold=null, italic=null, alignHoriz=left, alignVert=center, wrapWidth=1, flipHoriz=null, flipVert=null )
97.95900000003166	EXP	Created TonePlayer = TonePlayer( name=TonePlayer, note=A4, duration_s=-1, volume=1, loops=null, soundLibrary="TONE_JS", autoLog=true )
97.96099999989383	EXP	Created text = TextStim( name=text, win=Window( name=Window, fullscr=true, color=#808080, ~), autoDraw=null, autoLog=true, units=height, ori=null, opacity=1, pos=[0,0], size=undefined, text=Ready for the next trial?

press space bar to star~, font=Arial, color=#FFFFFF, contrast=1, height=0.05, bold=null, italic=null, alignHoriz=left, alignVert=center, wrapWidth=1, flipHoriz=null, flipVert=null )
97.96199999982491	EXP	Created text_2 = TextStim( name=text_2, win=Window( name=Window, fullscr=true, color=#808080, ~), autoDraw=null, autoLog=true, units=height, ori=null, opacity=1, pos=[0,0], size=undefined, text=Practice trials are over.

Now we are going to sta~, font=Arial, color=#FFFFFF, contrast=1, height=0.05, bold=null, italic=null, alignHoriz=left, alignVert=center, wrapWidth=1, flipHoriz=null, flipVert=null )
97.9660000000149	EXP	Created TonePlayer = TonePlayer( name=TonePlayer, note=A4, duration_s=-1, volume=1, loops=null, soundLibrary="TONE_JS", autoLog=true )
97.96900000004098	EXP	Created text_3 = TextStim( name=text_3, win=Window( name=Window, fullscr=true, color=#808080, ~), autoDraw=null, autoLog=true, units=height, ori=null, opacity=1, pos=[0,0], size=undefined, text=Ready for the next trial?

Press space bar to star~, font=Arial, color=#FFFFFF, contrast=1, height=0.05, bold=null, italic=null, alignHoriz=left, alignVert=center, wrapWidth=1, flipHoriz=null, flipVert=null )
97.96900000004098	EXP	Created text_4 = TextStim( name=text_4, win=Window( name=Window, fullscr=true, color=#808080, ~), autoDraw=null, autoLog=true, units=height, ori=null, opacity=1, pos=[0,0], size=undefined, text=Great! This is the half-way break. 

Please take y~, font=Arial, color=#FFFFFF, contrast=1, height=0.05, bold=null, italic=null, alignHoriz=left, alignVert=center, wrapWidth=1, flipHoriz=null, flipVert=null )
97.97600000002421	EXP	Created TonePlayer = TonePlayer( name=TonePlayer, note=A4, duration_s=-1, volume=1, loops=null, soundLibrary="TONE_JS", autoLog=true )
97.97799999988638	EXP	Created next_prompt_trial2 = TextStim( name=next_prompt_trial2, win=Window( name=Window, fullscr=true, color=#808080, ~), autoDraw=null, autoLog=true, units=height, ori=null, opacity=1, pos=[0,0], size=undefined, text=Ready for the next trial? 

Press space bar to sta~, font=Arial, color=#FFFFFF, contrast=1, height=0.05, bold=null, italic=null, alignHoriz=left, alignVert=center, wrapWidth=1, flipHoriz=null, flipVert=null )
97.97899999981746	EXP	Created completion_text = TextStim( name=completion_text, win=Window( name=Window, fullscr=true, color=#808080, ~), autoDraw=null, autoLog=true, units=height, ori=null, opacity=1, pos=[0,0], size=undefined, text=Thanks for your participation! 

Here is your expe~, font=Arial, color=#FFFFFF, contrast=1, height=0.025, bold=null, italic=null, alignHoriz=left, alignVert=center, wrapWidth=1, flipHoriz=null, flipVert=null )
97.97999999998137	EXP	Created goodbyetxt = TextStim( name=goodbyetxt, win=Window( name=Window, fullscr=true, color=#808080, ~), autoDraw=null, autoLog=true, units=height, ori=null, opacity=1, pos=[0,0], size=undefined, text=The test is over!

Thank you so much!!, font=Arial, color=#FFFFFF, contrast=1, height=0.05, bold=null, italic=null, alignHoriz=left, alignVert=center, wrapWidth=1, flipHoriz=null, flipVert=null )
98.03899999987334	EXP	instructiontxt: units = "height"
98.03899999987334	EXP	instructiontxt: ori = 0
98.03899999987334	EXP	instructiontxt: opacity = 1
98.03899999987334	EXP	instructiontxt: pos = [0,0]
98.03899999987334	EXP	instructiontxt: size = undefined
98.03899999987334	EXP	instructiontxt: text = "Welcome to tapping experiment. \n\nYou will hear a sequence of tones.\nUse the index finger of your dominant hand \nto tap the spacebar at where you think the beat \nis throughout the sound file at each trial. \n\nWhen you are ready, press the spacebar to begin the practice."
98.03899999987334	EXP	instructiontxt: font = "Arial"
98.03899999987334	EXP	instructiontxt: color = {"_hex":"#FFFFFF","_rgb":[1,1,1]}
98.03899999987334	EXP	instructiontxt: contrast = 1
98.03899999987334	EXP	instructiontxt: height = 0.025
98.03899999987334	EXP	instructiontxt: bold = false
98.03899999987334	EXP	instructiontxt: italic = false
98.03899999987334	EXP	instructiontxt: alignHoriz = "left"
98.03899999987334	EXP	instructiontxt: alignVert = "center"
98.03899999987334	EXP	instructiontxt: wrapWidth = 1
98.03899999987334	EXP	instructiontxt: flipHoriz = false
98.03899999987334	EXP	instructiontxt: flipVert = false
98.03899999987334	EXP	Sound: secs = -1
98.03899999987334	EXP	Sound: volume = 1
98.03899999987334	EXP	Sound: loops = 0
98.03899999987334	EXP	Sound: volume = 1
98.03899999987334	EXP	text: units = "height"
98.03899999987334	EXP	text: ori = 0
98.03899999987334	EXP	text: opacity = 1
98.03899999987334	EXP	text: pos = [0,0]
98.03899999987334	EXP	text: size = undefined
98.03899999987334	EXP	text: text = "Ready for the next trial?\n\npress space bar to start."
98.03899999987334	EXP	text: font = "Arial"
98.03899999987334	EXP	text: color = {"_hex":"#FFFFFF","_rgb":[1,1,1]}
98.03899999987334	EXP	text: contrast = 1
98.03899999987334	EXP	text: height = 0.05
98.03899999987334	EXP	text: bold = false
98.03899999987334	EXP	text: italic = false
98.03899999987334	EXP	text: alignHoriz = "left"
98.03899999987334	EXP	text: alignVert = "center"
98.03899999987334	EXP	text: wrapWidth = 1
98.03899999987334	EXP	text: flipHoriz = false
98.03899999987334	EXP	text: flipVert = false
98.03899999987334	EXP	text_2: units = "height"
98.03899999987334	EXP	text_2: ori = 0
98.03899999987334	EXP	text_2: opacity = 1
98.03899999987334	EXP	text_2: pos = [0,0]
98.03899999987334	EXP	text_2: size = undefined
98.03899999987334	EXP	text_2: text = "Practice trials are over.\n\nNow we are going to start the real test trials.\nThe total session length will be about 28 minutes, but we will have a short break at the half way mark.\n\nIf you are ready, please space bar."
98.03899999987334	EXP	text_2: font = "Arial"
98.03899999987334	EXP	text_2: color = {"_hex":"#FFFFFF","_rgb":[1,1,1]}
98.03899999987334	EXP	text_2: contrast = 1
98.03899999987334	EXP	text_2: height = 0.05
98.03899999987334	EXP	text_2: bold = false
98.03899999987334	EXP	text_2: italic = false
98.03899999987334	EXP	text_2: alignHoriz = "left"
98.03899999987334	EXP	text_2: alignVert = "center"
98.03899999987334	EXP	text_2: wrapWidth = 1
98.03899999987334	EXP	text_2: flipHoriz = false
98.03899999987334	EXP	text_2: flipVert = false
98.03899999987334	EXP	Sound: secs = -1
98.03899999987334	EXP	Sound: volume = 1
98.03899999987334	EXP	Sound: loops = 0
98.03899999987334	EXP	Sound: volume = 1
98.03899999987334	EXP	text_3: units = "height"
98.03899999987334	EXP	text_3: ori = 0
98.03899999987334	EXP	text_3: opacity = 1
98.03899999987334	EXP	text_3: pos = [0,0]
98.03899999987334	EXP	text_3: size = undefined
98.03899999987334	EXP	text_3: text = "Ready for the next trial?\n\nPress space bar to start."
98.03899999987334	EXP	text_3: font = "Arial"
98.03899999987334	EXP	text_3: color = {"_hex":"#FFFFFF","_rgb":[1,1,1]}
98.03899999987334	EXP	text_3: contrast = 1
98.03899999987334	EXP	text_3: height = 0.05
98.03899999987334	EXP	text_3: bold = false
98.03899999987334	EXP	text_3: italic = false
98.03899999987334	EXP	text_3: alignHoriz = "left"
98.03899999987334	EXP	text_3: alignVert = "center"
98.03899999987334	EXP	text_3: wrapWidth = 1
98.03899999987334	EXP	text_3: flipHoriz = false
98.03899999987334	EXP	text_3: flipVert = false
98.03899999987334	EXP	text_4: units = "height"
98.03899999987334	EXP	text_4: ori = 0
98.03899999987334	EXP	text_4: opacity = 1
98.03899999987334	EXP	text_4: pos = [0,0]
98.03899999987334	EXP	text_4: size = undefined
98.03899999987334	EXP	text_4: text = "Great! This is the half-way break. \n\nPlease take your time. \n\nWhen you are ready to start the second-half of the test trials, please press space bar. "
98.03899999987334	EXP	text_4: font = "Arial"
98.03899999987334	EXP	text_4: color = {"_hex":"#FFFFFF","_rgb":[1,1,1]}
98.03899999987334	EXP	text_4: contrast = 1
98.03899999987334	EXP	text_4: height = 0.05
98.03899999987334	EXP	text_4: bold = false
98.03899999987334	EXP	text_4: italic = false
98.03899999987334	EXP	text_4: alignHoriz = "left"
98.03899999987334	EXP	text_4: alignVert = "center"
98.03899999987334	EXP	text_4: wrapWidth = 1
98.03899999987334	EXP	text_4: flipHoriz = false
98.03899999987334	EXP	text_4: flipVert = false
98.03899999987334	EXP	Sound: secs = -1
98.03899999987334	EXP	Sound: volume = 1
98.03899999987334	EXP	Sound: loops = 0
98.03899999987334	EXP	Sound: volume = 1
98.03899999987334	EXP	next_prompt_trial2: units = "height"
98.03899999987334	EXP	next_prompt_trial2: ori = 0
98.03899999987334	EXP	next_prompt_trial2: opacity = 1
98.03899999987334	EXP	next_prompt_trial2: pos = [0,0]
98.03899999987334	EXP	next_prompt_trial2: size = undefined
98.03899999987334	EXP	next_prompt_trial2: text = "Ready for the next trial? \n\nPress space bar to start. "
98.03899999987334	EXP	next_prompt_trial2: font = "Arial"
98.03899999987334	EXP	next_prompt_trial2: color = {"_hex":"#FFFFFF","_rgb":[1,1,1]}
98.03899999987334	EXP	next_prompt_trial2: contrast = 1
98.03899999987334	EXP	next_prompt_trial2: height = 0.05
98.03899999987334	EXP	next_prompt_trial2: bold = false
98.03899999987334	EXP	next_prompt_trial2: italic = false
98.03899999987334	EXP	next_prompt_trial2: alignHoriz = "left"
98.03899999987334	EXP	next_prompt_trial2: alignVert = "center"
98.03899999987334	EXP	next_prompt_trial2: wrapWidth = 1
98.03899999987334	EXP	next_prompt_trial2: flipHoriz = false
98.03899999987334	EXP	next_prompt_trial2: flipVert = false
98.03899999987334	EXP	completion_text: units = "height"
98.03899999987334	EXP	completion_text: ori = 0
98.03899999987334	EXP	completion_text: opacity = 1
98.03899999987334	EXP	completion_text: pos = [0,0]
98.03899999987334	EXP	completion_text: size = undefined
98.03899999987334	EXP	completion_text: text = "Thanks for your participation! \n\nHere is your experiment completion code: \n\n9158 \n\nPlease write down this code as you will need it in order to receive payment.\n\nIf you are not an MTurk worker, please send an email to nolan.lem@gmail.com with the Experiment Completion Code as the subject of the email. In order to complete the \nexperiment, when you are ready please press space bar and wait until you see a text box appear that says \"Thanks for your patience\" where you can click 'ok'. \n\nIf you are an MTurk worker, please press the space bar to be redirected to the MTurk experiment \nhomepage where you can input the code into the Experiment Completion Code box. "
98.03899999987334	EXP	completion_text: font = "Arial"
98.03899999987334	EXP	completion_text: color = {"_hex":"#FFFFFF","_rgb":[1,1,1]}
98.03899999987334	EXP	completion_text: contrast = 1
98.03899999987334	EXP	completion_text: height = 0.025
98.03899999987334	EXP	completion_text: bold = false
98.03899999987334	EXP	completion_text: italic = false
98.03899999987334	EXP	completion_text: alignHoriz = "left"
98.03899999987334	EXP	completion_text: alignVert = "center"
98.03899999987334	EXP	completion_text: wrapWidth = 1
98.03899999987334	EXP	completion_text: flipHoriz = false
98.03899999987334	EXP	completion_text: flipVert = false
98.03899999987334	EXP	goodbyetxt: units = "height"
98.03899999987334	EXP	goodbyetxt: ori = 0
98.03899999987334	EXP	goodbyetxt: opacity = 1
98.03899999987334	EXP	goodbyetxt: pos = [0,0]
98.03899999987334	EXP	goodbyetxt: size = undefined
98.03899999987334	EXP	goodbyetxt: text = "The test is over!\n\nThank you so much!!"
98.03899999987334	EXP	goodbyetxt: font = "Arial"
98.03899999987334	EXP	goodbyetxt: color = {"_hex":"#FFFFFF","_rgb":[1,1,1]}
98.03899999987334	EXP	goodbyetxt: contrast = 1
98.03899999987334	EXP	goodbyetxt: height = 0.05
98.03899999987334	EXP	goodbyetxt: bold = false
98.03899999987334	EXP	goodbyetxt: italic = false
98.03899999987334	EXP	goodbyetxt: alignHoriz = "left"
98.03899999987334	EXP	goodbyetxt: alignVert = "center"
98.03899999987334	EXP	goodbyetxt: wrapWidth = 1
98.03899999987334	EXP	goodbyetxt: flipHoriz = false
98.03899999987334	EXP	goodbyetxt: flipVert = false
98.03899999987334	EXP	instructiontxt: autoDraw = true
103.84400000004098	DATA	Keydown:  
103.88999999989755	EXP	instructiontxt: autoDraw = false
103.88999999989755	EXP	Sound: secs = -1
103.88999999989755	EXP	Sound: volume = 1
103.88999999989755	EXP	Sound: loops = 0
103.88999999989755	EXP	Sound: volume = 1
112.5	DATA	Keydown:  
112.96699999994598	DATA	Keydown:  
112.96900000004098	DATA	Keydown:  
113.00199999986216	DATA	Keydown:  
113.0109999999404	DATA	Keydown:  
113.04899999988265	DATA	Keydown:  
113.05599999986589	DATA	Keydown:  
113.12199999997392	DATA	Keydown:  
113.15099999983795	DATA	Keydown:  
113.15299999993294	DATA	Keydown:  
113.17599999997765	DATA	Keydown:  
113.51399999996647	DATA	Keydown:  
116.71099999989383	EXP	text: autoDraw = true
119.39699999988079	DATA	Keydown:  
119.43299999996088	EXP	text: autoDraw = false
119.43299999996088	EXP	Sound: secs = -1
119.43299999996088	EXP	Sound: volume = 1
119.43299999996088	EXP	Sound: loops = 0
119.43299999996088	EXP	Sound: volume = 1
137.73499999986961	EXP	text: autoDraw = true
140.72099999990314	DATA	Keydown:  
140.73499999986961	EXP	text: autoDraw = false
140.73499999986961	EXP	Sound: secs = -1
140.73499999986961	EXP	Sound: volume = 1
140.73499999986961	EXP	Sound: loops = 0
140.73499999986961	EXP	Sound: volume = 1
145.42900000000373	DATA	Mouse: 0 button down, pos=(752,0)
145.6469999998808	DATA	Mouse: 0 button down, pos=(752,0)
147.52899999986403	DATA	Mouse: 0 button down, pos=(752,4)
147.70499999984168	DATA	Mouse: 0 button down, pos=(752,4)
155.36100000003353	EXP	text: autoDraw = true
156.6149999999907	DATA	Keydown:  
156.63899999996647	EXP	text: autoDraw = false
156.63899999996647	EXP	Sound: secs = -1
156.63899999996647	EXP	Sound: volume = 1
156.63899999996647	EXP	Sound: loops = 0
156.63899999996647	EXP	Sound: volume = 1
172.35299999988638	EXP	text: autoDraw = true
174.214999999851	DATA	Keydown:  
174.2489999998361	EXP	text: autoDraw = false
174.2489999998361	EXP	text_2: autoDraw = true
179.53000000002794	DATA	Keydown:  
179.56099999998696	EXP	text_2: autoDraw = false
179.56099999998696	EXP	Sound: secs = -1
179.56099999998696	EXP	Sound: volume = 1
179.56099999998696	EXP	Sound: loops = 0
179.56099999998696	EXP	Sound: volume = 1
193.73199999984354	EXP	text_3: autoDraw = true
195.9619999998249	DATA	Keydown:  
195.98199999984354	EXP	text_3: autoDraw = false
195.98199999984354	EXP	Sound: secs = -1
195.98199999984354	EXP	Sound: volume = 1
195.98199999984354	EXP	Sound: loops = 0
195.98199999984354	EXP	Sound: volume = 1
214.58799999998882	EXP	text_3: autoDraw = true
216.15399999986403	DATA	Keydown:  
216.17299999995157	EXP	text_3: autoDraw = false
216.17299999995157	EXP	Sound: secs = -1
216.17299999995157	EXP	Sound: volume = 1
216.17299999995157	EXP	Sound: loops = 0
216.17299999995157	EXP	Sound: volume = 1
232.1720000000205	EXP	text_3: autoDraw = true
233.9639999999199	DATA	Keydown:  
233.98600000003353	EXP	text_3: autoDraw = false
233.98600000003353	EXP	Sound: secs = -1
233.98600000003353	EXP	Sound: volume = 1
233.98600000003353	EXP	Sound: loops = 0
233.98600000003353	EXP	Sound: volume = 1
248.95799999986775	EXP	text_3: autoDraw = true
250.52399999997579	DATA	Keydown:  
250.55199999990873	EXP	text_3: autoDraw = false
250.55199999990873	EXP	Sound: secs = -1
250.55199999990873	EXP	Sound: volume = 1
250.55199999990873	EXP	Sound: loops = 0
250.55199999990873	EXP	Sound: volume = 1
268.42500000004657	EXP	text_3: autoDraw = true
269.7819999998901	DATA	Keydown:  
269.8059999998659	EXP	text_3: autoDraw = false
269.8059999998659	EXP	Sound: secs = -1
269.8059999998659	EXP	Sound: volume = 1
269.8059999998659	EXP	Sound: loops = 0
269.8059999998659	EXP	Sound: volume = 1
287.8880000000354	EXP	text_3: autoDraw = true
288.9660000000149	DATA	Keydown:  
288.98300000000745	EXP	text_3: autoDraw = false
288.98300000000745	EXP	Sound: secs = -1
288.98300000000745	EXP	Sound: volume = 1
288.98300000000745	EXP	Sound: loops = 0
288.98300000000745	EXP	Sound: volume = 1
308.9199999999255	EXP	text_3: autoDraw = true
311.59599999990314	DATA	Keydown:  
311.6720000000205	EXP	text_3: autoDraw = false
311.6720000000205	EXP	Sound: secs = -1
311.6720000000205	EXP	Sound: volume = 1
311.6720000000205	EXP	Sound: loops = 0
311.6720000000205	EXP	Sound: volume = 1
331.70999999996275	EXP	text_3: autoDraw = true
333.464999999851	DATA	Keydown:  
333.4949999998789	EXP	text_3: autoDraw = false
333.4949999998789	EXP	Sound: secs = -1
333.4949999998789	EXP	Sound: volume = 1
333.4949999998789	EXP	Sound: loops = 0
333.4949999998789	EXP	Sound: volume = 1
347.64199999999255	EXP	text_3: autoDraw = true
348.719000000041	DATA	Keydown:  
348.73300000000745	EXP	text_3: autoDraw = false
348.73300000000745	EXP	Sound: secs = -1
348.73300000000745	EXP	Sound: volume = 1
348.73300000000745	EXP	Sound: loops = 0
348.73300000000745	EXP	Sound: volume = 1
365.69900000002235	EXP	text_3: autoDraw = true
377.1829999999609	DATA	Keydown:  
377.1929999999702	EXP	text_3: autoDraw = false
377.1929999999702	EXP	Sound: secs = -1
377.1929999999702	EXP	Sound: volume = 1
377.1929999999702	EXP	Sound: loops = 0
377.1929999999702	EXP	Sound: volume = 1
417.41500000003725	EXP	text_3: autoDraw = true
418.7730000000447	DATA	Keydown:  
418.8040000000037	EXP	text_3: autoDraw = false
418.8040000000037	EXP	Sound: secs = -1
418.8040000000037	EXP	Sound: volume = 1
418.8040000000037	EXP	Sound: loops = 0
418.8040000000037	EXP	Sound: volume = 1
459.839999999851	EXP	text_3: autoDraw = true
461.372999999905	DATA	Keydown:  
461.3859999999404	EXP	text_3: autoDraw = false
461.3859999999404	EXP	Sound: secs = -1
461.3859999999404	EXP	Sound: volume = 1
461.3859999999404	EXP	Sound: loops = 0
461.3859999999404	EXP	Sound: volume = 1
484.25399999995716	EXP	text_3: autoDraw = true
485.80199999990873	DATA	Keydown:  
485.8269999998156	EXP	text_3: autoDraw = false
485.8269999998156	EXP	Sound: secs = -1
485.8269999998156	EXP	Sound: volume = 1
485.8269999998156	EXP	Sound: loops = 0
485.8269999998156	EXP	Sound: volume = 1
499.41599999996834	EXP	text_3: autoDraw = true
500.55899999989197	DATA	Keydown:  
500.5629999998491	EXP	text_3: autoDraw = false
500.5629999998491	EXP	Sound: secs = -1
500.5629999998491	EXP	Sound: volume = 1
500.5629999998491	EXP	Sound: loops = 0
500.5629999998491	EXP	Sound: volume = 1
520.5059999998193	EXP	text_3: autoDraw = true
521.6709999998566	DATA	Keydown:  
521.6750000000466	EXP	text_3: autoDraw = false
521.6750000000466	EXP	Sound: secs = -1
521.6750000000466	EXP	Sound: volume = 1
521.6750000000466	EXP	Sound: loops = 0
521.6750000000466	EXP	Sound: volume = 1
551.7090000000317	EXP	text_3: autoDraw = true
553.625	DATA	Keydown:  
553.6520000000019	EXP	text_3: autoDraw = false
553.6520000000019	EXP	Sound: secs = -1
553.6520000000019	EXP	Sound: volume = 1
553.6520000000019	EXP	Sound: loops = 0
553.6520000000019	EXP	Sound: volume = 1
616.7900000000373	EXP	text_3: autoDraw = true
618.0849999999627	DATA	Keydown:  
618.0999999998603	EXP	text_3: autoDraw = false
618.0999999998603	EXP	Sound: secs = -1
618.0999999998603	EXP	Sound: volume = 1
618.0999999998603	EXP	Sound: loops = 0
618.0999999998603	EXP	Sound: volume = 1
814.8329999998678	DATA	Mouse: wheel shift=(0,100), pos=(632,396)
814.8649999999907	DATA	Mouse: wheel shift=(0,100), pos=(632,396)
814.997999999905	DATA	Mouse: wheel shift=(0,100), pos=(632,396)
815.1520000000019	DATA	Mouse: wheel shift=(0,100), pos=(632,396)
816.344000000041	DATA	Mouse: wheel shift=(0,-100), pos=(632,396)
816.4839999999385	DATA	Mouse: wheel shift=(0,-100), pos=(632,396)
877.5849999999627	EXP	text_3: autoDraw = true
878.9989999998361	DATA	Keydown:  
879.0149999998976	EXP	text_3: autoDraw = false
879.0149999998976	EXP	Sound: secs = -1
879.0149999998976	EXP	Sound: volume = 1
879.0149999998976	EXP	Sound: loops = 0
879.0149999998976	EXP	Sound: volume = 1
904.5089999998454	EXP	text_3: autoDraw = true
905.4079999998212	DATA	Keydown:  
905.4239999998827	EXP	text_3: autoDraw = false
905.4239999998827	EXP	Sound: secs = -1
905.4239999998827	EXP	Sound: volume = 1
905.4239999998827	EXP	Sound: loops = 0
905.4239999998827	EXP	Sound: volume = 1
922.6659999999683	EXP	text_3: autoDraw = true
923.4619999998249	DATA	Keydown:  
923.4919999998529	EXP	text_3: autoDraw = false
923.4919999998529	EXP	Sound: secs = -1
923.4919999998529	EXP	Sound: volume = 1
923.4919999998529	EXP	Sound: loops = 0
923.4919999998529	EXP	Sound: volume = 1
928.5489999998827	DATA	Mouse: 0 button down, pos=(680,137)
928.6480000000447	DATA	Mouse: 0 button down, pos=(683,140)
928.7589999998454	DATA	Mouse: 0 button down, pos=(683,140)
928.7839999999851	DATA	Mouse: 0 button down, pos=(683,140)
964.528999999864	EXP	text_3: autoDraw = true
965.6769999999087	DATA	Keydown:  
965.7109999998938	EXP	text_3: autoDraw = false
965.7109999998938	EXP	Sound: secs = -1
965.7109999998938	EXP	Sound: volume = 1
965.7109999998938	EXP	Sound: loops = 0
965.7109999998938	EXP	Sound: volume = 1
981.0429999998305	EXP	text_3: autoDraw = true
982.1739999998827	DATA	Keydown:  
982.2029999999795	EXP	text_3: autoDraw = false
982.2029999999795	EXP	Sound: secs = -1
982.2029999999795	EXP	Sound: volume = 1
982.2029999999795	EXP	Sound: loops = 0
982.2029999999795	EXP	Sound: volume = 1
1002.7330000000075	EXP	text_3: autoDraw = true
1004.058999999892	DATA	Keydown:  
1004.0759999998845	EXP	text_3: autoDraw = false
1004.0759999998845	EXP	Sound: secs = -1
1004.0759999998845	EXP	Sound: volume = 1
1004.0759999998845	EXP	Sound: loops = 0
1004.0759999998845	EXP	Sound: volume = 1
1022.4189999999944	EXP	text_3: autoDraw = true
1023.9930000000168	DATA	Keydown:  
1024.0039999999572	EXP	text_3: autoDraw = false
1024.0039999999572	EXP	Sound: secs = -1
1024.0039999999572	EXP	Sound: volume = 1
1024.0039999999572	EXP	Sound: loops = 0
1024.0039999999572	EXP	Sound: volume = 1
1045.2369999999646	EXP	text_3: autoDraw = true
1048.3710000000428	DATA	Keydown: Enter
1050.2430000000168	DATA	Keydown:  
1050.2679999999236	EXP	text_3: autoDraw = false
1050.2679999999236	EXP	Sound: secs = -1
1050.2679999999236	EXP	Sound: volume = 1
1050.2679999999236	EXP	Sound: loops = 0
1050.2679999999236	EXP	Sound: volume = 1
1068.8319999999367	EXP	text_3: autoDraw = true
1069.5549999999348	DATA	Keydown:  
1069.558999999892	EXP	text_3: autoDraw = false
1069.558999999892	EXP	Sound: secs = -1
1069.558999999892	EXP	Sound: volume = 1
1069.558999999892	EXP	Sound: loops = 0
1069.558999999892	EXP	Sound: volume = 1
1085.3289999999106	EXP	text_3: autoDraw = true
1086.122999999905	DATA	Keydown:  
1086.1389999999665	EXP	text_3: autoDraw = false
1086.1389999999665	EXP	Sound: secs = -1
1086.1389999999665	EXP	Sound: volume = 1
1086.1389999999665	EXP	Sound: loops = 0
1086.1389999999665	EXP	Sound: volume = 1
1106.1689999999944	EXP	text_3: autoDraw = true
1107.1459999999497	DATA	Keydown:  
1107.1709999998566	EXP	text_3: autoDraw = false
1107.1709999998566	EXP	Sound: secs = -1
1107.1709999998566	EXP	Sound: volume = 1
1107.1709999998566	EXP	Sound: loops = 0
1107.1709999998566	EXP	Sound: volume = 1
1122.9809999999125	EXP	text_3: autoDraw = true
1123.841000000015	DATA	Keydown:  
1123.8589999999385	EXP	text_3: autoDraw = false
1123.8589999999385	EXP	Sound: secs = -1
1123.8589999999385	EXP	Sound: volume = 1
1123.8589999999385	EXP	Sound: loops = 0
1123.8589999999385	EXP	Sound: volume = 1
1147.1069999998435	EXP	text_3: autoDraw = true
1149.1139999998268	DATA	Keydown:  
1149.1389999999665	EXP	text_3: autoDraw = false
1149.1389999999665	EXP	Sound: secs = -1
1149.1389999999665	EXP	Sound: volume = 1
1149.1389999999665	EXP	Sound: loops = 0
1149.1389999999665	EXP	Sound: volume = 1
1164.7929999998305	EXP	text_3: autoDraw = true
1167.155000000028	DATA	Keydown:  
1167.1699999999255	EXP	text_3: autoDraw = false
1167.1699999999255	EXP	Sound: secs = -1
1167.1699999999255	EXP	Sound: volume = 1
1167.1699999999255	EXP	Sound: loops = 0
1167.1699999999255	EXP	Sound: volume = 1
1184.7009999998845	EXP	text_3: autoDraw = true
1185.528999999864	DATA	Keydown:  
1185.5459999998566	EXP	text_3: autoDraw = false
1185.5459999998566	EXP	Sound: secs = -1
1185.5459999998566	EXP	Sound: volume = 1
1185.5459999998566	EXP	Sound: loops = 0
1185.5459999998566	EXP	Sound: volume = 1
1203.1669999998994	EXP	text_3: autoDraw = true
1203.9250000000466	DATA	Keydown:  
1203.9509999998845	EXP	text_3: autoDraw = false
1203.9509999998845	EXP	Sound: secs = -1
1203.9509999998845	EXP	Sound: volume = 1
1203.9509999998845	EXP	Sound: loops = 0
1203.9509999998845	EXP	Sound: volume = 1
1217.6899999999441	DATA	Keydown: AudioVolumeDown
1217.964999999851	DATA	Keydown: AudioVolumeDown
1218.184999999823	DATA	Keydown: AudioVolumeDown
1218.4179999998305	DATA	Keydown: AudioVolumeDown
1218.625999999931	DATA	Keydown: AudioVolumeDown
1218.8989999999758	DATA	Keydown: AudioVolumeDown
1219.1459999999497	DATA	Keydown: AudioVolumeDown
1219.3680000000168	DATA	Keydown: AudioVolumeDown
1219.5629999998491	DATA	Keydown: AudioVolumeDown
1219.83899999992	DATA	Keydown: AudioVolumeDown
1220.1699999999255	DATA	Keydown: AudioVolumeDown
1222.1039999998175	EXP	text_3: autoDraw = true
1224.214999999851	DATA	Keydown:  
1224.2379999998957	EXP	text_3: autoDraw = false
1224.2379999998957	EXP	Sound: secs = -1
1224.2379999998957	EXP	Sound: volume = 1
1224.2379999998957	EXP	Sound: loops = 0
1224.2379999998957	EXP	Sound: volume = 1
1242.8009999999776	EXP	text_3: autoDraw = true
1244.1149999999907	DATA	Keydown:  
1244.1419999999925	EXP	text_3: autoDraw = false
1244.1419999999925	EXP	Sound: secs = -1
1244.1419999999925	EXP	Sound: volume = 1
1244.1419999999925	EXP	Sound: loops = 0
1244.1419999999925	EXP	Sound: volume = 1
1257.0119999998715	EXP	text_3: autoDraw = true
1257.6480000000447	DATA	Keydown:  
1257.6759999999776	EXP	text_3: autoDraw = false
1257.6759999999776	EXP	Sound: secs = -1
1257.6759999999776	EXP	Sound: volume = 1
1257.6759999999776	EXP	Sound: loops = 0
1257.6759999999776	EXP	Sound: volume = 1
1275.6019999999553	EXP	text_3: autoDraw = true
1276.3340000000317	DATA	Keydown:  
1276.3619999999646	EXP	text_3: autoDraw = false
1276.3619999999646	EXP	Sound: secs = -1
1276.3619999999646	EXP	Sound: volume = 1
1276.3619999999646	EXP	Sound: loops = 0
1276.3619999999646	EXP	Sound: volume = 1
1291.8259999998845	EXP	text_3: autoDraw = true
1292.8299999998417	DATA	Keydown:  
1292.8549999999814	EXP	text_3: autoDraw = false
1292.8549999999814	EXP	Sound: secs = -1
1292.8549999999814	EXP	Sound: volume = 1
1292.8549999999814	EXP	Sound: loops = 0
1292.8549999999814	EXP	Sound: volume = 1
1310.9259999999776	EXP	text_3: autoDraw = true
1312.0169999999925	DATA	Keydown:  
1312.0489999998827	EXP	text_3: autoDraw = false
1312.0489999998827	EXP	Sound: secs = -1
1312.0489999998827	EXP	Sound: volume = 1
1312.0489999998827	EXP	Sound: loops = 0
1312.0489999998827	EXP	Sound: volume = 1
1328.9939999999478	EXP	text_3: autoDraw = true
1330.623999999836	DATA	Keydown:  
1330.6709999998566	EXP	text_3: autoDraw = false
1330.6709999998566	EXP	text_4: autoDraw = true
1336.9860000000335	DATA	Keydown:  
1337.0329999998212	EXP	text_4: autoDraw = false
1337.0329999998212	EXP	Sound: secs = -1
1337.0329999998212	EXP	Sound: volume = 1
1337.0329999998212	EXP	Sound: loops = 0
1337.0329999998212	EXP	Sound: volume = 1
1352.0789999999106	EXP	next_prompt_trial2: autoDraw = true
1354.0329999998212	DATA	Keydown:  
1354.0459999998566	EXP	next_prompt_trial2: autoDraw = false
1354.0459999998566	EXP	Sound: secs = -1
1354.0459999998566	EXP	Sound: volume = 1
1354.0459999998566	EXP	Sound: loops = 0
1354.0459999998566	EXP	Sound: volume = 1
1369.96399999992	EXP	next_prompt_trial2: autoDraw = true
1370.780000000028	DATA	Keydown:  
1370.808999999892	EXP	next_prompt_trial2: autoDraw = false
1370.808999999892	EXP	Sound: secs = -1
1370.808999999892	EXP	Sound: volume = 1
1370.808999999892	EXP	Sound: loops = 0
1370.808999999892	EXP	Sound: volume = 1
1387.8259999998845	EXP	next_prompt_trial2: autoDraw = true
1389.5	DATA	Keydown:  
1389.5139999999665	EXP	next_prompt_trial2: autoDraw = false
1389.5139999999665	EXP	Sound: secs = -1
1389.5139999999665	EXP	Sound: volume = 1
1389.5139999999665	EXP	Sound: loops = 0
1389.5139999999665	EXP	Sound: volume = 1
1409.7369999999646	EXP	next_prompt_trial2: autoDraw = true
1410.5230000000447	DATA	Keydown:  
1410.5519999999087	EXP	next_prompt_trial2: autoDraw = false
1410.5519999999087	EXP	Sound: secs = -1
1410.5519999999087	EXP	Sound: volume = 1
1410.5519999999087	EXP	Sound: loops = 0
1410.5519999999087	EXP	Sound: volume = 1
1431.4529999999795	EXP	next_prompt_trial2: autoDraw = true
1438.8259999998845	DATA	Keydown:  
1438.8299999998417	EXP	next_prompt_trial2: autoDraw = false
1438.8299999998417	EXP	Sound: secs = -1
1438.8299999998417	EXP	Sound: volume = 1
1438.8299999998417	EXP	Sound: loops = 0
1438.8299999998417	EXP	Sound: volume = 1
1454.8559999999125	EXP	next_prompt_trial2: autoDraw = true
1456.1799999999348	DATA	Keydown:  
1456.2090000000317	EXP	next_prompt_trial2: autoDraw = false
1456.2090000000317	EXP	Sound: secs = -1
1456.2090000000317	EXP	Sound: volume = 1
1456.2090000000317	EXP	Sound: loops = 0
1456.2090000000317	EXP	Sound: volume = 1
1479.1699999999255	EXP	next_prompt_trial2: autoDraw = true
1479.873999999836	DATA	Keydown:  
1479.8889999999665	EXP	next_prompt_trial2: autoDraw = false
1479.8889999999665	EXP	Sound: secs = -1
1479.8889999999665	EXP	Sound: volume = 1
1479.8889999999665	EXP	Sound: loops = 0
1479.8889999999665	EXP	Sound: volume = 1
1493.0729999998584	EXP	next_prompt_trial2: autoDraw = true
1496.7689999998547	DATA	Keydown:  
1496.8000000000466	EXP	next_prompt_trial2: autoDraw = false
1496.8000000000466	EXP	Sound: secs = -1
1496.8000000000466	EXP	Sound: volume = 1
1496.8000000000466	EXP	Sound: loops = 0
1496.8000000000466	EXP	Sound: volume = 1
1514.3269999998156	EXP	next_prompt_trial2: autoDraw = true
1514.9709999999031	DATA	Keydown:  
1514.9839999999385	EXP	next_prompt_trial2: autoDraw = false
1514.9839999999385	EXP	Sound: secs = -1
1514.9839999999385	EXP	Sound: volume = 1
1514.9839999999385	EXP	Sound: loops = 0
1514.9839999999385	EXP	Sound: volume = 1
1530.1689999999944	EXP	next_prompt_trial2: autoDraw = true
1535.997999999905	DATA	Keydown:  
1536.0119999998715	EXP	next_prompt_trial2: autoDraw = false
1536.0119999998715	EXP	Sound: secs = -1
1536.0119999998715	EXP	Sound: volume = 1
1536.0119999998715	EXP	Sound: loops = 0
1536.0119999998715	EXP	Sound: volume = 1
1551.8549999999814	EXP	next_prompt_trial2: autoDraw = true
1554.3329999998678	DATA	Keydown:  
1554.3599999998696	EXP	next_prompt_trial2: autoDraw = false
1554.3599999998696	EXP	Sound: secs = -1
1554.3599999998696	EXP	Sound: volume = 1
1554.3599999998696	EXP	Sound: loops = 0
1554.3599999998696	EXP	Sound: volume = 1
1568.3170000000391	EXP	next_prompt_trial2: autoDraw = true
1570.5230000000447	DATA	Keydown:  
1570.5489999998827	EXP	next_prompt_trial2: autoDraw = false
1570.5489999998827	EXP	Sound: secs = -1
1570.5489999998827	EXP	Sound: volume = 1
1570.5489999998827	EXP	Sound: loops = 0
1570.5489999998827	EXP	Sound: volume = 1
1588.8000000000466	EXP	next_prompt_trial2: autoDraw = true
1590.4499999999534	DATA	Keydown:  
1590.4539999999106	EXP	next_prompt_trial2: autoDraw = false
1590.4539999999106	EXP	Sound: secs = -1
1590.4539999999106	EXP	Sound: volume = 1
1590.4539999999106	EXP	Sound: loops = 0
1590.4539999999106	EXP	Sound: volume = 1
1605.7409999999218	EXP	next_prompt_trial2: autoDraw = true
1606.2099999999627	DATA	Keydown:  
1606.2349999998696	EXP	next_prompt_trial2: autoDraw = false
1606.2349999998696	EXP	Sound: secs = -1
1606.2349999998696	EXP	Sound: volume = 1
1606.2349999998696	EXP	Sound: loops = 0
1606.2349999998696	EXP	Sound: volume = 1
1624.0789999999106	EXP	next_prompt_trial2: autoDraw = true
1630.6779999998398	DATA	Keydown:  
1630.7079999998678	EXP	next_prompt_trial2: autoDraw = false
1630.7079999998678	EXP	Sound: secs = -1
1630.7079999998678	EXP	Sound: volume = 1
1630.7079999998678	EXP	Sound: loops = 0
1630.7079999998678	EXP	Sound: volume = 1
1654.2079999998678	EXP	next_prompt_trial2: autoDraw = true
1655.685999999987	DATA	Keydown:  
1655.7019999998156	EXP	next_prompt_trial2: autoDraw = false
1655.7019999998156	EXP	Sound: secs = -1
1655.7019999998156	EXP	Sound: volume = 1
1655.7019999998156	EXP	Sound: loops = 0
1655.7019999998156	EXP	Sound: volume = 1
1673.6429999999236	EXP	next_prompt_trial2: autoDraw = true
1675.628000000026	DATA	Keydown:  
1675.6459999999497	EXP	next_prompt_trial2: autoDraw = false
1675.6459999999497	EXP	Sound: secs = -1
1675.6459999999497	EXP	Sound: volume = 1
1675.6459999999497	EXP	Sound: loops = 0
1675.6459999999497	EXP	Sound: volume = 1
1693.8789999999572	EXP	next_prompt_trial2: autoDraw = true
1698.9629999999888	DATA	Keydown:  
1698.9819999998435	EXP	next_prompt_trial2: autoDraw = false
1698.9819999998435	EXP	Sound: secs = -1
1698.9819999998435	EXP	Sound: volume = 1
1698.9819999998435	EXP	Sound: loops = 0
1698.9819999998435	EXP	Sound: volume = 1
1719.4909999999218	EXP	next_prompt_trial2: autoDraw = true
1725.0429999998305	DATA	Keydown:  
1725.0470000000205	EXP	next_prompt_trial2: autoDraw = false
1725.0470000000205	EXP	Sound: secs = -1
1725.0470000000205	EXP	Sound: volume = 1
1725.0470000000205	EXP	Sound: loops = 0
1725.0470000000205	EXP	Sound: volume = 1
1741.7609999999404	EXP	next_prompt_trial2: autoDraw = true
1745.653999999864	DATA	Keydown:  
1745.6709999998566	EXP	next_prompt_trial2: autoDraw = false
1745.6709999998566	EXP	Sound: secs = -1
1745.6709999998566	EXP	Sound: volume = 1
1745.6709999998566	EXP	Sound: loops = 0
1745.6709999998566	EXP	Sound: volume = 1
1767.4529999999795	EXP	next_prompt_trial2: autoDraw = true
1769.625	DATA	Keydown:  
1769.6389999999665	EXP	next_prompt_trial2: autoDraw = false
1769.6389999999665	EXP	Sound: secs = -1
1769.6389999999665	EXP	Sound: volume = 1
1769.6389999999665	EXP	Sound: loops = 0
1769.6389999999665	EXP	Sound: volume = 1
1789.4729999999981	EXP	next_prompt_trial2: autoDraw = true
1792.464999999851	DATA	Keydown:  
1792.4930000000168	EXP	next_prompt_trial2: autoDraw = false
1792.4930000000168	EXP	Sound: secs = -1
1792.4930000000168	EXP	Sound: volume = 1
1792.4930000000168	EXP	Sound: loops = 0
1792.4930000000168	EXP	Sound: volume = 1
1811.4479999998584	EXP	next_prompt_trial2: autoDraw = true
1814.964999999851	DATA	Keydown:  
1814.9849999998696	EXP	next_prompt_trial2: autoDraw = false
1814.9849999998696	EXP	Sound: secs = -1
1814.9849999998696	EXP	Sound: volume = 1
1814.9849999998696	EXP	Sound: loops = 0
1814.9849999998696	EXP	Sound: volume = 1
1832.1380000000354	EXP	next_prompt_trial2: autoDraw = true
1833.7519999998622	DATA	Keydown:  
1833.7619999998715	EXP	next_prompt_trial2: autoDraw = false
1833.7619999998715	EXP	Sound: secs = -1
1833.7619999998715	EXP	Sound: volume = 1
1833.7619999998715	EXP	Sound: loops = 0
1833.7619999998715	EXP	Sound: volume = 1
1848.5459999998566	EXP	next_prompt_trial2: autoDraw = true
1850.2439999999478	DATA	Keydown:  
1850.2659999998286	EXP	next_prompt_trial2: autoDraw = false
1850.2659999998286	EXP	Sound: secs = -1
1850.2659999998286	EXP	Sound: volume = 1
1850.2659999998286	EXP	Sound: loops = 0
1850.2659999998286	EXP	Sound: volume = 1
1869.6650000000373	EXP	next_prompt_trial2: autoDraw = true
1872.6469999998808	DATA	Keydown:  
1872.6639999998733	EXP	next_prompt_trial2: autoDraw = false
1872.6639999998733	EXP	Sound: secs = -1
1872.6639999998733	EXP	Sound: volume = 1
1872.6639999998733	EXP	Sound: loops = 0
1872.6639999998733	EXP	Sound: volume = 1
1890.8539999998175	EXP	next_prompt_trial2: autoDraw = true
1894.1149999999907	DATA	Keydown:  
1894.1359999999404	EXP	next_prompt_trial2: autoDraw = false
1894.1359999999404	EXP	Sound: secs = -1
1894.1359999999404	EXP	Sound: volume = 1
1894.1359999999404	EXP	Sound: loops = 0
1894.1359999999404	EXP	Sound: volume = 1
1908.4709999999031	EXP	next_prompt_trial2: autoDraw = true
1912.561999999918	DATA	Keydown:  
1912.5729999998584	EXP	next_prompt_trial2: autoDraw = false
1912.5729999998584	EXP	Sound: secs = -1
1912.5729999998584	EXP	Sound: volume = 1
1912.5729999998584	EXP	Sound: loops = 0
1912.5729999998584	EXP	Sound: volume = 1
1934.719999999972	EXP	next_prompt_trial2: autoDraw = true
1936.461999999825	DATA	Keydown:  
1936.4819999998435	EXP	next_prompt_trial2: autoDraw = false
1936.4819999998435	EXP	Sound: secs = -1
1936.4819999998435	EXP	Sound: volume = 1
1936.4819999998435	EXP	Sound: loops = 0
1936.4819999998435	EXP	Sound: volume = 1
1953.4490000000224	EXP	next_prompt_trial2: autoDraw = true
1966.336999999825	DATA	Keydown:  
1966.3559999999125	EXP	next_prompt_trial2: autoDraw = false
1966.3559999999125	EXP	Sound: secs = -1
1966.3559999999125	EXP	Sound: volume = 1
1966.3559999999125	EXP	Sound: loops = 0
1966.3559999999125	EXP	Sound: volume = 1
1979.4729999999981	EXP	next_prompt_trial2: autoDraw = true
1980.7419999998529	DATA	Keydown:  
1980.7989999998827	EXP	next_prompt_trial2: autoDraw = false
1980.7989999998827	EXP	Sound: secs = -1
1980.7989999998827	EXP	Sound: volume = 1
1980.7989999998827	EXP	Sound: loops = 0
1980.7989999998827	EXP	Sound: volume = 1
2001.1659999999683	EXP	next_prompt_trial2: autoDraw = true
2006.6799999999348	DATA	Keydown:  
2006.6999999999534	EXP	next_prompt_trial2: autoDraw = false
2006.6999999999534	EXP	Sound: secs = -1
2006.6999999999534	EXP	Sound: volume = 1
2006.6999999999534	EXP	Sound: loops = 0
2006.6999999999534	EXP	Sound: volume = 1
2021.3279999999795	EXP	next_prompt_trial2: autoDraw = true
2028.8619999999646	DATA	Keydown:  
2028.8859999999404	EXP	next_prompt_trial2: autoDraw = false
2028.8859999999404	EXP	Sound: secs = -1
2028.8859999999404	EXP	Sound: volume = 1
2028.8859999999404	EXP	Sound: loops = 0
2028.8859999999404	EXP	Sound: volume = 1
2047.6659999999683	EXP	next_prompt_trial2: autoDraw = true
2050.878000000026	DATA	Keydown:  
2050.8859999999404	EXP	next_prompt_trial2: autoDraw = false
2050.8859999999404	EXP	Sound: secs = -1
2050.8859999999404	EXP	Sound: volume = 1
2050.8859999999404	EXP	Sound: loops = 0
2050.8859999999404	EXP	Sound: volume = 1
2063.7279999998864	EXP	next_prompt_trial2: autoDraw = true
2096.991999999853	DATA	Keydown:  
2097.0119999998715	EXP	next_prompt_trial2: autoDraw = false
2097.0119999998715	EXP	Sound: secs = -1
2097.0119999998715	EXP	Sound: volume = 1
2097.0119999998715	EXP	Sound: loops = 0
2097.0119999998715	EXP	Sound: volume = 1
2114.2039999999106	EXP	next_prompt_trial2: autoDraw = true
2119.934999999823	DATA	Keydown:  
2119.9479999998584	EXP	next_prompt_trial2: autoDraw = false
2119.9479999998584	EXP	Sound: secs = -1
2119.9479999998584	EXP	Sound: volume = 1
2119.9479999998584	EXP	Sound: loops = 0
2119.9479999998584	EXP	Sound: volume = 1
2137.8529999998864	EXP	next_prompt_trial2: autoDraw = true
2138.929999999935	DATA	Keydown:  
2138.962999999989	EXP	next_prompt_trial2: autoDraw = false
2138.962999999989	EXP	Sound: secs = -1
2138.962999999989	EXP	Sound: volume = 1
2138.962999999989	EXP	Sound: loops = 0
2138.962999999989	EXP	Sound: volume = 1
2156.4830000000075	EXP	next_prompt_trial2: autoDraw = true
2157.8000000000466	DATA	Keydown:  
2157.8249999999534	EXP	next_prompt_trial2: autoDraw = false
2157.8249999999534	EXP	Sound: secs = -1
2157.8249999999534	EXP	Sound: volume = 1
2157.8249999999534	EXP	Sound: loops = 0
2157.8249999999534	EXP	Sound: volume = 1
2173.375999999931	EXP	next_prompt_trial2: autoDraw = true
2174.4220000000205	DATA	Keydown:  
2174.4519999998156	EXP	next_prompt_trial2: autoDraw = false
2174.4519999998156	EXP	Sound: secs = -1
2174.4519999998156	EXP	Sound: volume = 1
2174.4519999998156	EXP	Sound: loops = 0
2174.4519999998156	EXP	Sound: volume = 1
2192.253999999957	EXP	next_prompt_trial2: autoDraw = true
2192.936999999918	DATA	Keydown:  
2192.969999999972	EXP	next_prompt_trial2: autoDraw = false
2192.969999999972	EXP	completion_text: autoDraw = true
2200.780000000028	DATA	Mouse: 0 button down, pos=(392,262)
2201.1480000000447	DATA	Mouse: 0 button down, pos=(392,261)
2201.180999999866	DATA	Mouse: 0 button down, pos=(392,260)
2201.314999999944	DATA	Mouse: 0 button down, pos=(392,260)
2202.462999999989	DATA	Mouse: 0 button down, pos=(388,267)
2202.585999999894	DATA	Mouse: 0 button down, pos=(388,267)
2202.625999999931	DATA	Mouse: 0 button down, pos=(388,267)
2202.738999999827	DATA	Mouse: 0 button down, pos=(388,266)
2203.4849999998696	DATA	Mouse: 0 button down, pos=(356,267)
2204.996999999974	DATA	Mouse: 0 button down, pos=(406,264)
2207.6709999998566	DATA	Mouse: wheel shift=(0,100), pos=(650,397)
2207.7619999998715	DATA	Mouse: wheel shift=(0,100), pos=(650,397)
2213.587999999989	DATA	Mouse: 0 button down, pos=(392,262)
2213.6129999998957	DATA	Mouse: 0 button down, pos=(392,262)
2213.621999999974	DATA	Mouse: 0 button down, pos=(392,262)
2213.7049999998417	DATA	Mouse: 0 button down, pos=(392,262)
2213.7069999999367	DATA	Mouse: 0 button down, pos=(392,262)
2213.8619999999646	DATA	Mouse: 0 button down, pos=(392,262)
2214.523999999976	DATA	Mouse: 0 button down, pos=(392,261)
2214.618999999948	DATA	Mouse: 0 button down, pos=(392,261)
2214.655000000028	DATA	Mouse: 0 button down, pos=(392,261)
2214.774999999907	DATA	Mouse: 0 button down, pos=(392,261)
2256.655999999959	DATA	Keydown:  
2256.7009999998845	EXP	completion_text: autoDraw = false
2256.7009999998845	EXP	goodbyetxt: autoDraw = true
