0.03500000003259629	EXP	Created Window = Window( name=Window, fullscr=true, color=#808080, units=height, waitBlanking=true, autoLog=true, size=[1366,657] )
68.31299999996554	DATA	Keydown: Shift
68.4089999999851	DATA	Keydown: T
68.9079999999376	DATA	Keydown: e
69.43599999998696	DATA	Keydown: r
69.59600000001956	DATA	Keydown: e
71.91099999996368	DATA	Keydown: s
72.09900000004563	DATA	Keydown: a
72.87100000004284	DATA	Keydown: Tab
107.58600000001024	DATA	Keydown: t
107.5910000000149	DATA	Keydown: e
107.59499999997206	DATA	Keydown: r
107.59799999999814	DATA	Keydown: e
107.6019999999553	DATA	Keydown: s
108.62199999997392	DATA	Keydown: a
110.6260000000475	DATA	Keydown: .
111.21400000003632	DATA	Keydown: w
111.62300000002142	DATA	Keydown: o
112.08100000000559	DATA	Keydown: o
112.42500000004657	DATA	Keydown: d
113.20299999997951	DATA	Keydown: w
113.23999999999069	DATA	Keydown: a
113.81099999998696	DATA	Keydown: r
114.02800000004936	DATA	Keydown: e
119.26199999998789	DATA	Keydown: Backspace
120.22400000004563	DATA	Keydown: d
125.31400000001304	DATA	Keydown: 3
127.33699999994133	DATA	Keydown: 0
128.07600000000093	DATA	Keydown: 2
128.12699999997858	DATA	Keydown: 4
129.99800000002142	DATA	Keydown: Shift
130.47100000001956	DATA	Keydown: @
133.2399999999907	DATA	Keydown: o
133.420999999973	DATA	Keydown: u
133.62899999995716	DATA	Keydown: t
134.4200000000419	DATA	Keydown: l
134.6689999999944	DATA	Keydown: o
134.67299999995157	DATA	Keydown: o
134.67599999997765	DATA	Keydown: k
135.62800000002608	DATA	Keydown: .
135.93599999998696	DATA	Keydown: c
136.11899999994785	DATA	Keydown: o
136.5230000000447	DATA	Keydown: m
147.43700000003446	DATA	Keydown: Shift
147.5	DATA	Keydown: Y
148.00199999997858	DATA	Keydown: e
148.125	DATA	Keydown: s
148.41099999996368	DATA	Keydown:  
156.8310000000056	DATA	Keydown: b
160.03000000002794	DATA	Keydown: o
160.03599999996368	DATA	Keydown: a
160.1239999999525	DATA	Keydown: t
170.66799999994691	DATA	Keydown: y
171.38899999996647	DATA	Keydown: e
171.4189999999944	DATA	Keydown: s
175.40399999998044	DATA	Keydown: Shift
175.58900000003632	DATA	Keydown: N
175.81299999996554	DATA	Keydown: o
176.21199999994133	DATA	Keydown: t
176.4200000000419	DATA	Keydown: h
176.62199999997392	DATA	Keydown: i
177.02800000004936	DATA	Keydown: n
177.93799999996554	DATA	Keydown: g
185.43700000003446	DATA	Keydown: Shift
185.72199999995064	DATA	Keydown: Shift
185.72299999999814	DATA	Keydown: Shift
185.78599999996368	DATA	Keydown: Shift
185.8179999999702	DATA	Keydown: Shift
185.83200000005309	DATA	Keydown: F
187.23300000000745	DATA	Keydown: e
187.87899999995716	DATA	Keydown: m
187.93700000003446	DATA	Keydown: a
188.72299999999814	DATA	Keydown: k
189.3410000000149	DATA	Keydown: Backspace
190.03200000000652	DATA	Keydown: l
190.12699999997858	DATA	Keydown: e
195.66799999994691	DATA	Keydown: 3
196.63899999996647	DATA	Keydown: 6
205.42700000002515	DATA	Keydown: r
205.4309999999823	DATA	Keydown: i
206.625	DATA	Keydown: g
206.9200000000419	DATA	Keydown: h
207.21799999999348	DATA	Keydown: t
266.77599999995437	DATA	Keydown: y
266.8190000000177	DATA	Keydown: e
267.00399999995716	DATA	Keydown: s
376.2839999999851	EXP	Created instructiontxt = TextStim( name=instructiontxt, win=Window( name=Window, fullscr=true, color=#808080, ~), autoDraw=null, autoLog=true, units=height, ori=null, opacity=1, pos=[0,0], size=undefined, text=Welcome to tapping experiment. 

You will hear a s~, font=Arial, color=#FFFFFF, contrast=1, height=0.05, bold=null, italic=null, alignHoriz=left, alignVert=center, wrapWidth=1, flipHoriz=null, flipVert=null )
376.3950000000186	EXP	Created TonePlayer = TonePlayer( name=TonePlayer, note=A4, duration_s=-1, volume=1, loops=null, soundLibrary="TONE_JS", autoLog=true )
376.40200000000186	EXP	Created text = TextStim( name=text, win=Window( name=Window, fullscr=true, color=#808080, ~), autoDraw=null, autoLog=true, units=height, ori=null, opacity=1, pos=[0,0], size=undefined, text=Ready for the next trial?

press space bar to star~, font=Arial, color=#FFFFFF, contrast=1, height=0.05, bold=null, italic=null, alignHoriz=left, alignVert=center, wrapWidth=1, flipHoriz=null, flipVert=null )
376.40500000002794	EXP	Created text_2 = TextStim( name=text_2, win=Window( name=Window, fullscr=true, color=#808080, ~), autoDraw=null, autoLog=true, units=height, ori=null, opacity=1, pos=[0,0], size=undefined, text=Practice trials are over.

Now we are going to sta~, font=Arial, color=#FFFFFF, contrast=1, height=0.05, bold=null, italic=null, alignHoriz=left, alignVert=center, wrapWidth=1, flipHoriz=null, flipVert=null )
376.4109999999637	EXP	Created TonePlayer = TonePlayer( name=TonePlayer, note=A4, duration_s=-1, volume=1, loops=null, soundLibrary="TONE_JS", autoLog=true )
376.41399999998976	EXP	Created text_3 = TextStim( name=text_3, win=Window( name=Window, fullscr=true, color=#808080, ~), autoDraw=null, autoLog=true, units=height, ori=null, opacity=1, pos=[0,0], size=undefined, text=Ready for the next trial?

Press space bar to star~, font=Arial, color=#FFFFFF, contrast=1, height=0.05, bold=null, italic=null, alignHoriz=left, alignVert=center, wrapWidth=1, flipHoriz=null, flipVert=null )
376.4179999999469	EXP	Created text_4 = TextStim( name=text_4, win=Window( name=Window, fullscr=true, color=#808080, ~), autoDraw=null, autoLog=true, units=height, ori=null, opacity=1, pos=[0,0], size=undefined, text=Great! This is the half-way break. 

Please take y~, font=Arial, color=#FFFFFF, contrast=1, height=0.05, bold=null, italic=null, alignHoriz=left, alignVert=center, wrapWidth=1, flipHoriz=null, flipVert=null )
376.4799999999814	EXP	Created TonePlayer = TonePlayer( name=TonePlayer, note=A4, duration_s=-1, volume=1, loops=null, soundLibrary="TONE_JS", autoLog=true )
376.48300000000745	EXP	Created next_prompt_trial2 = TextStim( name=next_prompt_trial2, win=Window( name=Window, fullscr=true, color=#808080, ~), autoDraw=null, autoLog=true, units=height, ori=null, opacity=1, pos=[0,0], size=undefined, text=Ready for the next trial? 

Press space bar to sta~, font=Arial, color=#FFFFFF, contrast=1, height=0.05, bold=null, italic=null, alignHoriz=left, alignVert=center, wrapWidth=1, flipHoriz=null, flipVert=null )
376.4860000000335	EXP	Created completion_text = TextStim( name=completion_text, win=Window( name=Window, fullscr=true, color=#808080, ~), autoDraw=null, autoLog=true, units=height, ori=null, opacity=1, pos=[0,0], size=undefined, text=Thanks for your participation! 

Here is your expe~, font=Arial, color=#FFFFFF, contrast=1, height=0.05, bold=null, italic=null, alignHoriz=left, alignVert=center, wrapWidth=1, flipHoriz=null, flipVert=null )
376.4880000000121	EXP	Created goodbyetxt = TextStim( name=goodbyetxt, win=Window( name=Window, fullscr=true, color=#808080, ~), autoDraw=null, autoLog=true, units=height, ori=null, opacity=1, pos=[0,0], size=undefined, text=The test is over!

Thank you so much!!, font=Arial, color=#FFFFFF, contrast=1, height=0.05, bold=null, italic=null, alignHoriz=left, alignVert=center, wrapWidth=1, flipHoriz=null, flipVert=null )
376.6040000000503	EXP	instructiontxt: units = "height"
376.6040000000503	EXP	instructiontxt: ori = 0
376.6040000000503	EXP	instructiontxt: opacity = 1
376.6040000000503	EXP	instructiontxt: pos = [0,0]
376.6040000000503	EXP	instructiontxt: size = undefined
376.6040000000503	EXP	instructiontxt: text = "Welcome to tapping experiment. \n\nYou will hear a sequence of tones.\nUse the index finger of your dominant hand \nto tap the spacebar at where you think the beat \nis throughout the sound file at each trial. \n\nWhen you are ready, press the spacebar to begin the practice."
376.6040000000503	EXP	instructiontxt: font = "Arial"
376.6040000000503	EXP	instructiontxt: color = {"_hex":"#FFFFFF","_rgb":[1,1,1]}
376.6040000000503	EXP	instructiontxt: contrast = 1
376.6040000000503	EXP	instructiontxt: height = 0.05
376.6040000000503	EXP	instructiontxt: bold = false
376.6040000000503	EXP	instructiontxt: italic = false
376.6040000000503	EXP	instructiontxt: alignHoriz = "left"
376.6040000000503	EXP	instructiontxt: alignVert = "center"
376.6040000000503	EXP	instructiontxt: wrapWidth = 1
376.6040000000503	EXP	instructiontxt: flipHoriz = false
376.6040000000503	EXP	instructiontxt: flipVert = false
376.6040000000503	EXP	Sound: secs = -1
376.6040000000503	EXP	Sound: volume = 1
376.6040000000503	EXP	Sound: loops = 0
376.6040000000503	EXP	Sound: volume = 1
376.6040000000503	EXP	text: units = "height"
376.6040000000503	EXP	text: ori = 0
376.6040000000503	EXP	text: opacity = 1
376.6040000000503	EXP	text: pos = [0,0]
376.6040000000503	EXP	text: size = undefined
376.6040000000503	EXP	text: text = "Ready for the next trial?\n\npress space bar to start."
376.6040000000503	EXP	text: font = "Arial"
376.6040000000503	EXP	text: color = {"_hex":"#FFFFFF","_rgb":[1,1,1]}
376.6040000000503	EXP	text: contrast = 1
376.6040000000503	EXP	text: height = 0.05
376.6040000000503	EXP	text: bold = false
376.6040000000503	EXP	text: italic = false
376.6040000000503	EXP	text: alignHoriz = "left"
376.6040000000503	EXP	text: alignVert = "center"
376.6040000000503	EXP	text: wrapWidth = 1
376.6040000000503	EXP	text: flipHoriz = false
376.6040000000503	EXP	text: flipVert = false
376.6040000000503	EXP	text_2: units = "height"
376.6040000000503	EXP	text_2: ori = 0
376.6040000000503	EXP	text_2: opacity = 1
376.6040000000503	EXP	text_2: pos = [0,0]
376.6040000000503	EXP	text_2: size = undefined
376.6040000000503	EXP	text_2: text = "Practice trials are over.\n\nNow we are going to start the real test trials.\nThe total session length will be about 28 minutes, but we will have a short break at the half way mark.\n\nIf you are ready, please space bar."
376.6040000000503	EXP	text_2: font = "Arial"
376.6040000000503	EXP	text_2: color = {"_hex":"#FFFFFF","_rgb":[1,1,1]}
376.6040000000503	EXP	text_2: contrast = 1
376.6040000000503	EXP	text_2: height = 0.05
376.6040000000503	EXP	text_2: bold = false
376.6040000000503	EXP	text_2: italic = false
376.6040000000503	EXP	text_2: alignHoriz = "left"
376.6040000000503	EXP	text_2: alignVert = "center"
376.6040000000503	EXP	text_2: wrapWidth = 1
376.6040000000503	EXP	text_2: flipHoriz = false
376.6040000000503	EXP	text_2: flipVert = false
376.6040000000503	EXP	Sound: secs = -1
376.6040000000503	EXP	Sound: volume = 1
376.6040000000503	EXP	Sound: loops = 0
376.6040000000503	EXP	Sound: volume = 1
376.6040000000503	EXP	text_3: units = "height"
376.6040000000503	EXP	text_3: ori = 0
376.6040000000503	EXP	text_3: opacity = 1
376.6040000000503	EXP	text_3: pos = [0,0]
376.6040000000503	EXP	text_3: size = undefined
376.6040000000503	EXP	text_3: text = "Ready for the next trial?\n\nPress space bar to start."
376.6040000000503	EXP	text_3: font = "Arial"
376.6040000000503	EXP	text_3: color = {"_hex":"#FFFFFF","_rgb":[1,1,1]}
376.6040000000503	EXP	text_3: contrast = 1
376.6040000000503	EXP	text_3: height = 0.05
376.6040000000503	EXP	text_3: bold = false
376.6040000000503	EXP	text_3: italic = false
376.6040000000503	EXP	text_3: alignHoriz = "left"
376.6040000000503	EXP	text_3: alignVert = "center"
376.6040000000503	EXP	text_3: wrapWidth = 1
376.6040000000503	EXP	text_3: flipHoriz = false
376.6040000000503	EXP	text_3: flipVert = false
376.6040000000503	EXP	text_4: units = "height"
376.6040000000503	EXP	text_4: ori = 0
376.6040000000503	EXP	text_4: opacity = 1
376.6040000000503	EXP	text_4: pos = [0,0]
376.6040000000503	EXP	text_4: size = undefined
376.6040000000503	EXP	text_4: text = "Great! This is the half-way break. \n\nPlease take your time. \n\nWhen you are ready to start the second-half of the test trials, please press space bar. "
376.6040000000503	EXP	text_4: font = "Arial"
376.6040000000503	EXP	text_4: color = {"_hex":"#FFFFFF","_rgb":[1,1,1]}
376.6040000000503	EXP	text_4: contrast = 1
376.6040000000503	EXP	text_4: height = 0.05
376.6040000000503	EXP	text_4: bold = false
376.6040000000503	EXP	text_4: italic = false
376.6040000000503	EXP	text_4: alignHoriz = "left"
376.6040000000503	EXP	text_4: alignVert = "center"
376.6040000000503	EXP	text_4: wrapWidth = 1
376.6040000000503	EXP	text_4: flipHoriz = false
376.6040000000503	EXP	text_4: flipVert = false
376.6040000000503	EXP	Sound: secs = -1
376.6040000000503	EXP	Sound: volume = 1
376.6040000000503	EXP	Sound: loops = 0
376.6040000000503	EXP	Sound: volume = 1
376.6040000000503	EXP	next_prompt_trial2: units = "height"
376.6040000000503	EXP	next_prompt_trial2: ori = 0
376.6040000000503	EXP	next_prompt_trial2: opacity = 1
376.6040000000503	EXP	next_prompt_trial2: pos = [0,0]
376.6040000000503	EXP	next_prompt_trial2: size = undefined
376.6040000000503	EXP	next_prompt_trial2: text = "Ready for the next trial? \n\nPress space bar to start. "
376.6040000000503	EXP	next_prompt_trial2: font = "Arial"
376.6040000000503	EXP	next_prompt_trial2: color = {"_hex":"#FFFFFF","_rgb":[1,1,1]}
376.6040000000503	EXP	next_prompt_trial2: contrast = 1
376.6040000000503	EXP	next_prompt_trial2: height = 0.05
376.6040000000503	EXP	next_prompt_trial2: bold = false
376.6040000000503	EXP	next_prompt_trial2: italic = false
376.6040000000503	EXP	next_prompt_trial2: alignHoriz = "left"
376.6040000000503	EXP	next_prompt_trial2: alignVert = "center"
376.6040000000503	EXP	next_prompt_trial2: wrapWidth = 1
376.6040000000503	EXP	next_prompt_trial2: flipHoriz = false
376.6040000000503	EXP	next_prompt_trial2: flipVert = false
376.6040000000503	EXP	completion_text: units = "height"
376.6040000000503	EXP	completion_text: ori = 0
376.6040000000503	EXP	completion_text: opacity = 1
376.6040000000503	EXP	completion_text: pos = [0,0]
376.6040000000503	EXP	completion_text: size = undefined
376.6040000000503	EXP	completion_text: text = "Thanks for your participation! \n\nHere is your experiment completion code: \n\n9158 \n\nPlease write down this code as you will need it in order to receive payment.\n\nIf you are not an MTurk worker, please send an email to nolan.lem@gmail.com with the Experiment Completion Code as the subject of the email. In order to complete the \nexperiment, when you are ready please press space bar and wait until you see a text box appear that says \"Thanks for your patience\" where you can click 'ok'. \n\nIf you are an MTurk worker, please press the space bar to be redirected to the MTurk experiment \nhomepage where you can input the code into the Experiment Completion Code box. "
376.6040000000503	EXP	completion_text: font = "Arial"
376.6040000000503	EXP	completion_text: color = {"_hex":"#FFFFFF","_rgb":[1,1,1]}
376.6040000000503	EXP	completion_text: contrast = 1
376.6040000000503	EXP	completion_text: height = 0.05
376.6040000000503	EXP	completion_text: bold = false
376.6040000000503	EXP	completion_text: italic = false
376.6040000000503	EXP	completion_text: alignHoriz = "left"
376.6040000000503	EXP	completion_text: alignVert = "center"
376.6040000000503	EXP	completion_text: wrapWidth = 1
376.6040000000503	EXP	completion_text: flipHoriz = false
376.6040000000503	EXP	completion_text: flipVert = false
376.6040000000503	EXP	goodbyetxt: units = "height"
376.6040000000503	EXP	goodbyetxt: ori = 0
376.6040000000503	EXP	goodbyetxt: opacity = 1
376.6040000000503	EXP	goodbyetxt: pos = [0,0]
376.6040000000503	EXP	goodbyetxt: size = undefined
376.6040000000503	EXP	goodbyetxt: text = "The test is over!\n\nThank you so much!!"
376.6040000000503	EXP	goodbyetxt: font = "Arial"
376.6040000000503	EXP	goodbyetxt: color = {"_hex":"#FFFFFF","_rgb":[1,1,1]}
376.6040000000503	EXP	goodbyetxt: contrast = 1
376.6040000000503	EXP	goodbyetxt: height = 0.05
376.6040000000503	EXP	goodbyetxt: bold = false
376.6040000000503	EXP	goodbyetxt: italic = false
376.6040000000503	EXP	goodbyetxt: alignHoriz = "left"
376.6040000000503	EXP	goodbyetxt: alignVert = "center"
376.6040000000503	EXP	goodbyetxt: wrapWidth = 1
376.6040000000503	EXP	goodbyetxt: flipHoriz = false
376.6040000000503	EXP	goodbyetxt: flipVert = false
376.6040000000503	EXP	instructiontxt: autoDraw = true
379.579000000027	DATA	Mouse: wheel shift=(0,100), pos=(674,408)
379.6160000000382	DATA	Mouse: wheel shift=(0,100), pos=(674,408)
380.7859999999637	DATA	Mouse: wheel shift=(0,100), pos=(674,408)
381.1280000000261	DATA	Mouse: wheel shift=(0,200), pos=(674,410)
381.1389999999665	DATA	Mouse: wheel shift=(0,100), pos=(605,200)
381.1829999999609	DATA	Mouse: wheel shift=(0,400), pos=(605,200)
383.02899999998044	DATA	Mouse: wheel shift=(0,100), pos=(666,267)
383.07499999995343	DATA	Mouse: wheel shift=(0,100), pos=(666,267)
384.0089999999618	DATA	Mouse: wheel shift=(0,100), pos=(666,267)
386.98100000002887	DATA	Keydown: Tab
387.7380000000121	DATA	Keydown: Enter
387.9969999999739	DATA	Keydown: Enter
389.21999999997206	DATA	Keydown: Enter
389.22299999999814	DATA	Keydown: Enter
389.22299999999814	DATA	Keydown:  
389.3199999999488	EXP	instructiontxt: autoDraw = false
389.3199999999488	EXP	Sound: secs = -1
389.3199999999488	EXP	Sound: volume = 1
389.3199999999488	EXP	Sound: loops = 0
389.3199999999488	EXP	Sound: volume = 1
394.13000000000466	DATA	Keydown:  
394.3179999999702	DATA	Keydown:  
407.63300000003073	EXP	text: autoDraw = true
410.9100000000326	DATA	Keydown:  
410.93900000001304	EXP	text: autoDraw = false
410.93900000001304	EXP	text_2: autoDraw = true
412.59799999999814	DATA	Keydown:  
412.6339999999618	EXP	text_2: autoDraw = false
412.6339999999618	EXP	Sound: secs = -1
412.6339999999618	EXP	Sound: volume = 1
412.6339999999618	EXP	Sound: loops = 0
412.6339999999618	EXP	Sound: volume = 1
413.4109999999637	DATA	Keydown:  
429.8859999999404	EXP	text_3: autoDraw = true
470.2970000000205	DATA	Keydown:  
470.30999999993946	EXP	text_3: autoDraw = false
470.30999999993946	EXP	text_4: autoDraw = true
473.5209999999497	DATA	Keydown:  
473.53799999994226	EXP	text_4: autoDraw = false
473.53799999994226	EXP	Sound: secs = -1
473.53799999994226	EXP	Sound: volume = 1
473.53799999994226	EXP	Sound: loops = 0
473.53799999994226	EXP	Sound: volume = 1
473.7639999999665	DATA	Keydown:  
473.7719999999972	DATA	Keydown:  
473.9109999999637	DATA	Keydown:  
473.9769999999553	DATA	Keydown:  
475.47100000001956	DATA	Keydown:  
490.9179999999469	EXP	next_prompt_trial2: autoDraw = true
493.1380000000354	DATA	Keydown:  
493.1840000000084	EXP	next_prompt_trial2: autoDraw = false
493.1840000000084	EXP	completion_text: autoDraw = true
496.9189999999944	DATA	Mouse: wheel shift=(0,-100), pos=(856,411)
497.0030000000261	DATA	Mouse: wheel shift=(0,-300), pos=(915,370)
498.4790000000503	DATA	Mouse: 0 button down, pos=(343,79)
498.48100000002887	DATA	Mouse: 0 button down, pos=(343,79)
498.48199999995995	DATA	Mouse: 0 button down, pos=(343,79)
498.48199999995995	DATA	Mouse: 0 button down, pos=(343,79)
505.61699999996927	DATA	Mouse: wheel shift=(0,-212.49998474121094), pos=(730,367)
505.70900000003166	DATA	Mouse: wheel shift=(0,-100), pos=(730,367)
505.77700000000186	DATA	Mouse: wheel shift=(0,300), pos=(730,367)
506.4799999999814	DATA	Mouse: wheel shift=(0,100), pos=(714,251)
506.50800000003073	DATA	Mouse: wheel shift=(0,100), pos=(714,251)
507.1800000000512	DATA	Mouse: wheel shift=(0,100), pos=(714,251)
507.2029999999795	DATA	Mouse: wheel shift=(0,200), pos=(714,251)
512.7070000000531	DATA	Mouse: wheel shift=(0,1313.3333740234375), pos=(714,251)
512.7900000000373	DATA	Mouse: wheel shift=(0,100), pos=(736,298)
512.8070000000298	DATA	Mouse: wheel shift=(0,100), pos=(736,298)
512.8279999999795	DATA	Mouse: wheel shift=(0,300), pos=(736,298)
512.8739999999525	DATA	Mouse: wheel shift=(0,100), pos=(736,298)
513.6959999999963	DATA	Mouse: wheel shift=(0,-100), pos=(733,298)
513.7219999999506	DATA	Mouse: wheel shift=(0,-600), pos=(733,298)
513.8959999999497	DATA	Mouse: wheel shift=(0,-600), pos=(733,298)
514.4860000000335	DATA	Mouse: wheel shift=(0,-100), pos=(733,298)
514.5820000000531	DATA	Mouse: wheel shift=(0,-400), pos=(733,298)
519.0139999999665	DATA	Mouse: wheel shift=(0,100), pos=(889,361)
519.0320000000065	DATA	Mouse: wheel shift=(0,100), pos=(889,361)
521.1689999999944	DATA	Mouse: wheel shift=(0,100), pos=(823,226)
521.2639999999665	DATA	Mouse: wheel shift=(0,500), pos=(823,226)
521.5690000000177	DATA	Mouse: wheel shift=(0,400), pos=(825,226)
521.6689999999944	DATA	Mouse: wheel shift=(0,200), pos=(825,226)
521.8279999999795	DATA	Mouse: wheel shift=(0,300), pos=(825,221)
521.9189999999944	DATA	Mouse: wheel shift=(0,200), pos=(825,221)
521.9710000000196	DATA	Mouse: wheel shift=(0,200), pos=(825,221)
550.515000000014	DATA	Mouse: wheel shift=(0,100), pos=(543,306)
550.5729999999749	DATA	Mouse: wheel shift=(0,1000), pos=(543,306)
550.5729999999749	DATA	Mouse: wheel shift=(0,100), pos=(543,306)
552.3260000000009	DATA	Mouse: wheel shift=(0,100), pos=(711,276)
552.3769999999786	DATA	Mouse: wheel shift=(0,200), pos=(711,277)
552.4189999999944	DATA	Mouse: wheel shift=(0,100), pos=(711,277)
553.0999999999767	DATA	Mouse: wheel shift=(0,100), pos=(709,249)
553.1210000000428	DATA	Mouse: wheel shift=(0,600), pos=(709,249)
553.2399999999907	DATA	Mouse: wheel shift=(0,100), pos=(704,257)
553.2839999999851	DATA	Mouse: wheel shift=(0,500), pos=(704,257)
554.1639999999898	DATA	Mouse: wheel shift=(0,100), pos=(701,268)
554.1899999999441	DATA	Mouse: wheel shift=(0,100), pos=(684,325)
554.1899999999441	DATA	Mouse: wheel shift=(0,500), pos=(684,325)
554.2099999999627	DATA	Mouse: wheel shift=(0,600), pos=(684,325)
556.2330000000075	DATA	Keydown:  
556.265000000014	EXP	completion_text: autoDraw = false
556.265000000014	EXP	goodbyetxt: autoDraw = true
558.4089999999851	DATA	Keydown:  
