0.09299999987706542	EXP	Created Window = Window( name=Window, fullscr=true, color=#808080, units=height, waitBlanking=true, autoLog=true, size=[1366,657] )
3.571999999694526	DATA	Keydown: Control
3.9860000000335276	DATA	Keydown: Control
4.071999999694526	DATA	Keydown: Control
4.080000000074506	DATA	Keydown: Control
4.871999999973923	DATA	Keydown: Shift
5.364000000059605	DATA	Keydown: K
5.666999999899417	DATA	Keydown: P
8.004999999888241	DATA	Keydown: Control
8.47899999981746	DATA	Keydown: v
11.395999999716878	DATA	Keydown: Shift
11.869999999646097	DATA	Keydown: Y
12.199000000022352	DATA	Keydown: e
12.398000000044703	DATA	Keydown: s
22.20200000004843	DATA	Keydown: Shift
22.791999999899417	DATA	Keydown: I
23.16800000006333	DATA	Keydown: p
23.47499999962747	DATA	Keydown: h
23.975999999791384	DATA	Keydown: o
24.873999999836087	DATA	Keydown: Backspace
25.00099999969825	DATA	Keydown: Backspace
25.273000000044703	DATA	Keydown: Backspace
25.389999999664724	DATA	Keydown: Backspace
25.585999999661	DATA	Keydown: Backspace
25.770000000018626	DATA	Keydown: Backspace
26.36599999992177	DATA	Keydown: Shift
26.790999999735504	DATA	Keydown: Shift
26.878000000026077	DATA	Keydown: Shift
26.87899999972433	DATA	Keydown: Shift
26.88400000007823	DATA	Keydown: Shift
26.969000000040978	DATA	Keydown: Shift
26.96999999973923	DATA	Keydown: Shift
27.16399999987334	DATA	Keydown: Shift
27.179999999701977	DATA	Keydown: Shift
27.179999999701977	DATA	Keydown: Shift
27.265999999828637	DATA	Keydown: Shift
27.3410000000149	DATA	Keydown: Shift
27.37599999969825	DATA	Keydown: Shift
27.407999999821186	DATA	Keydown: Shift
27.42199999978766	DATA	Keydown: Shift
27.42199999978766	DATA	Keydown: A
29.285999999847263	DATA	Keydown: p
29.487999999895692	DATA	Keydown: p
29.773000000044703	DATA	Keydown: l
29.998999999836087	DATA	Keydown: e
31.092999999877065	DATA	Keydown:  
39.47099999990314	DATA	Keydown: Shift
39.98600000003353	DATA	Keydown: Shift
39.98699999973178	DATA	Keydown: Shift
39.98699999973178	DATA	Keydown: Shift
40.070999999996275	DATA	Keydown: Shift
40.070999999996275	DATA	Keydown: Shift
40.070999999996275	DATA	Keydown: Shift
40.10800000000745	DATA	Keydown: Shift
40.17299999995157	DATA	Keydown: Shift
40.18999999994412	DATA	Keydown: Shift
40.2730000000447	DATA	Keydown: Shift
40.2730000000447	DATA	Keydown: Shift
40.2730000000447	DATA	Keydown: Shift
40.29799999995157	DATA	Keydown: Shift
40.36199999973178	DATA	Keydown: Shift
40.398999999742955	DATA	Keydown: Shift
40.463999999687076	DATA	Keydown: Shift
40.4769999999553	DATA	Keydown: Shift
40.497999999672174	DATA	Keydown: Shift
40.56599999964237	DATA	Keydown: Shift
40.583999999798834	DATA	Keydown: Shift
40.65999999968335	DATA	Keydown: Shift
40.6820000000298	DATA	Keydown: Shift
40.6820000000298	DATA	Keydown: Shift
40.6999999997206	DATA	Keydown: Shift
40.75900000007823	DATA	Keydown: Shift
40.79699999978766	DATA	Keydown: Shift
40.864000000059605	DATA	Keydown: Shift
40.8699999996461	DATA	Keydown: Shift
40.89199999999255	DATA	Keydown: Shift
40.97099999990314	DATA	Keydown: Shift
40.97099999990314	DATA	Keydown: Shift
41.00099999969825	DATA	Keydown: Shift
41.010999999940395	DATA	Keydown: Shift
41.07799999974668	DATA	Keydown: Shift
41.16500000003725	DATA	Keydown: Shift
41.169999999925494	DATA	Keydown: Shift
41.19099999964237	DATA	Keydown: Shift
41.26399999996647	DATA	Keydown: Shift
41.278999999631196	DATA	Keydown: X
41.7679999996908	DATA	Keydown: R
47.96900000004098	DATA	Keydown: 5
50.56599999964237	DATA	Keydown: Shift
50.87800000002608	DATA	Keydown: N
51.29399999976158	DATA	Keydown: o
51.489999999757856	DATA	Keydown: p
51.674999999813735	DATA	Keydown: e
53.50799999991432	DATA	Keydown: Shift
53.875	DATA	Keydown: M
54.17799999983981	DATA	Keydown: a
54.364000000059605	DATA	Keydown: l
54.5679999999702	DATA	Keydown: e
56.56399999978021	DATA	Keydown: 2
56.86199999973178	DATA	Keydown: 8
74.5800000000745	DATA	Keydown: Shift
75.0679999999702	DATA	Keydown: Shift
75.08399999979883	DATA	Keydown: Shift
75.17299999995157	DATA	Keydown: Shift
75.17299999995157	DATA	Keydown: Shift
75.1879999996163	DATA	Keydown: Shift
75.26499999966472	DATA	Keydown: Shift
75.27000000001863	DATA	Keydown: Shift
75.36299999989569	DATA	Keydown: Shift
75.37199999997392	DATA	Keydown: Shift
75.39199999999255	DATA	Keydown: Shift
75.41800000006333	DATA	Keydown: Shift
75.47399999992922	DATA	Keydown: Shift
75.47499999962747	DATA	Keydown: Shift
75.57099999999627	DATA	Keydown: Shift
75.57199999969453	DATA	Keydown: Shift
75.6019999999553	DATA	Keydown: Shift
75.67599999997765	DATA	Keydown: Shift
75.69199999980628	DATA	Keydown: Shift
75.76499999966472	DATA	Keydown: Shift
75.7789999996312	DATA	Keydown: Shift
75.79699999978766	DATA	Keydown: Shift
75.88100000005215	DATA	Keydown: Shift
75.8819999997504	DATA	Keydown: R
81.88799999980256	DATA	Keydown: y
82.46199999982491	DATA	Keydown: e
82.68899999978021	DATA	Keydown: s
87.86699999962002	EXP	Created instructiontxt = TextStim( name=instructiontxt, win=Window( name=Window, fullscr=true, color=#808080, ~), autoDraw=null, autoLog=true, units=height, ori=null, opacity=1, pos=[0,0], size=undefined, text=Welcome to tapping experiment. 

You will hear a s~, font=Arial, color=#FFFFFF, contrast=1, height=0.025, bold=null, italic=null, alignHoriz=left, alignVert=center, wrapWidth=1, flipHoriz=null, flipVert=null )
87.99199999962002	EXP	Created TonePlayer = TonePlayer( name=TonePlayer, note=A4, duration_s=-1, volume=1, loops=null, soundLibrary="TONE_JS", autoLog=true )
87.99399999994785	EXP	Created text = TextStim( name=text, win=Window( name=Window, fullscr=true, color=#808080, ~), autoDraw=null, autoLog=true, units=height, ori=null, opacity=1, pos=[0,0], size=undefined, text=Ready for the next trial?

press space bar to star~, font=Arial, color=#FFFFFF, contrast=1, height=0.05, bold=null, italic=null, alignHoriz=left, alignVert=center, wrapWidth=1, flipHoriz=null, flipVert=null )
87.9949999996461	EXP	Created text_2 = TextStim( name=text_2, win=Window( name=Window, fullscr=true, color=#808080, ~), autoDraw=null, autoLog=true, units=height, ori=null, opacity=1, pos=[0,0], size=undefined, text=Practice trials are over.

Now we are going to sta~, font=Arial, color=#FFFFFF, contrast=1, height=0.05, bold=null, italic=null, alignHoriz=left, alignVert=center, wrapWidth=1, flipHoriz=null, flipVert=null )
88.00199999986216	EXP	Created TonePlayer = TonePlayer( name=TonePlayer, note=A4, duration_s=-1, volume=1, loops=null, soundLibrary="TONE_JS", autoLog=true )
88.00300000002608	EXP	Created text_3 = TextStim( name=text_3, win=Window( name=Window, fullscr=true, color=#808080, ~), autoDraw=null, autoLog=true, units=height, ori=null, opacity=1, pos=[0,0], size=undefined, text=Ready for the next trial?

Press space bar to star~, font=Arial, color=#FFFFFF, contrast=1, height=0.05, bold=null, italic=null, alignHoriz=left, alignVert=center, wrapWidth=1, flipHoriz=null, flipVert=null )
88.00399999972433	EXP	Created text_4 = TextStim( name=text_4, win=Window( name=Window, fullscr=true, color=#808080, ~), autoDraw=null, autoLog=true, units=height, ori=null, opacity=1, pos=[0,0], size=undefined, text=Great! This is the half-way break. 

Please take y~, font=Arial, color=#FFFFFF, contrast=1, height=0.05, bold=null, italic=null, alignHoriz=left, alignVert=center, wrapWidth=1, flipHoriz=null, flipVert=null )
88.0109999999404	EXP	Created TonePlayer = TonePlayer( name=TonePlayer, note=A4, duration_s=-1, volume=1, loops=null, soundLibrary="TONE_JS", autoLog=true )
88.01299999980256	EXP	Created next_prompt_trial2 = TextStim( name=next_prompt_trial2, win=Window( name=Window, fullscr=true, color=#808080, ~), autoDraw=null, autoLog=true, units=height, ori=null, opacity=1, pos=[0,0], size=undefined, text=Ready for the next trial? 

Press space bar to sta~, font=Arial, color=#FFFFFF, contrast=1, height=0.05, bold=null, italic=null, alignHoriz=left, alignVert=center, wrapWidth=1, flipHoriz=null, flipVert=null )
88.01499999966472	EXP	Created completion_text = TextStim( name=completion_text, win=Window( name=Window, fullscr=true, color=#808080, ~), autoDraw=null, autoLog=true, units=height, ori=null, opacity=1, pos=[0,0], size=undefined, text=Thanks for your participation! 

Here is your expe~, font=Arial, color=#FFFFFF, contrast=1, height=0.025, bold=null, italic=null, alignHoriz=left, alignVert=center, wrapWidth=1, flipHoriz=null, flipVert=null )
88.01599999982864	EXP	Created goodbyetxt = TextStim( name=goodbyetxt, win=Window( name=Window, fullscr=true, color=#808080, ~), autoDraw=null, autoLog=true, units=height, ori=null, opacity=1, pos=[0,0], size=undefined, text=The test is over!

Thank you so much!!, font=Arial, color=#FFFFFF, contrast=1, height=0.05, bold=null, italic=null, alignHoriz=left, alignVert=center, wrapWidth=1, flipHoriz=null, flipVert=null )
88.20799999963492	EXP	instructiontxt: units = "height"
88.20799999963492	EXP	instructiontxt: ori = 0
88.20799999963492	EXP	instructiontxt: opacity = 1
88.20799999963492	EXP	instructiontxt: pos = [0,0]
88.20799999963492	EXP	instructiontxt: size = undefined
88.20799999963492	EXP	instructiontxt: text = "Welcome to tapping experiment. \n\nYou will hear a sequence of tones.\nUse the index finger of your dominant hand \nto tap the spacebar at where you think the beat \nis throughout the sound file at each trial. \n\nWhen you are ready, press the spacebar to begin the practice."
88.20799999963492	EXP	instructiontxt: font = "Arial"
88.20799999963492	EXP	instructiontxt: color = {"_hex":"#FFFFFF","_rgb":[1,1,1]}
88.20799999963492	EXP	instructiontxt: contrast = 1
88.20799999963492	EXP	instructiontxt: height = 0.025
88.20799999963492	EXP	instructiontxt: bold = false
88.20799999963492	EXP	instructiontxt: italic = false
88.20799999963492	EXP	instructiontxt: alignHoriz = "left"
88.20799999963492	EXP	instructiontxt: alignVert = "center"
88.20799999963492	EXP	instructiontxt: wrapWidth = 1
88.20799999963492	EXP	instructiontxt: flipHoriz = false
88.20799999963492	EXP	instructiontxt: flipVert = false
88.20799999963492	EXP	Sound: secs = -1
88.20799999963492	EXP	Sound: volume = 1
88.20799999963492	EXP	Sound: loops = 0
88.20799999963492	EXP	Sound: volume = 1
88.20799999963492	EXP	text: units = "height"
88.20799999963492	EXP	text: ori = 0
88.20799999963492	EXP	text: opacity = 1
88.20799999963492	EXP	text: pos = [0,0]
88.20799999963492	EXP	text: size = undefined
88.20799999963492	EXP	text: text = "Ready for the next trial?\n\npress space bar to start."
88.20799999963492	EXP	text: font = "Arial"
88.20799999963492	EXP	text: color = {"_hex":"#FFFFFF","_rgb":[1,1,1]}
88.20799999963492	EXP	text: contrast = 1
88.20799999963492	EXP	text: height = 0.05
88.20799999963492	EXP	text: bold = false
88.20799999963492	EXP	text: italic = false
88.20799999963492	EXP	text: alignHoriz = "left"
88.20799999963492	EXP	text: alignVert = "center"
88.20799999963492	EXP	text: wrapWidth = 1
88.20799999963492	EXP	text: flipHoriz = false
88.20799999963492	EXP	text: flipVert = false
88.20799999963492	EXP	text_2: units = "height"
88.20799999963492	EXP	text_2: ori = 0
88.20799999963492	EXP	text_2: opacity = 1
88.20799999963492	EXP	text_2: pos = [0,0]
88.20799999963492	EXP	text_2: size = undefined
88.20799999963492	EXP	text_2: text = "Practice trials are over.\n\nNow we are going to start the real test trials.\nThe total session length will be about 28 minutes, but we will have a short break at the half way mark.\n\nIf you are ready, please space bar."
88.20799999963492	EXP	text_2: font = "Arial"
88.20799999963492	EXP	text_2: color = {"_hex":"#FFFFFF","_rgb":[1,1,1]}
88.20799999963492	EXP	text_2: contrast = 1
88.20799999963492	EXP	text_2: height = 0.05
88.20799999963492	EXP	text_2: bold = false
88.20799999963492	EXP	text_2: italic = false
88.20799999963492	EXP	text_2: alignHoriz = "left"
88.20799999963492	EXP	text_2: alignVert = "center"
88.20799999963492	EXP	text_2: wrapWidth = 1
88.20799999963492	EXP	text_2: flipHoriz = false
88.20799999963492	EXP	text_2: flipVert = false
88.20799999963492	EXP	Sound: secs = -1
88.20799999963492	EXP	Sound: volume = 1
88.20799999963492	EXP	Sound: loops = 0
88.20799999963492	EXP	Sound: volume = 1
88.20799999963492	EXP	text_3: units = "height"
88.20799999963492	EXP	text_3: ori = 0
88.20799999963492	EXP	text_3: opacity = 1
88.20799999963492	EXP	text_3: pos = [0,0]
88.20799999963492	EXP	text_3: size = undefined
88.20799999963492	EXP	text_3: text = "Ready for the next trial?\n\nPress space bar to start."
88.20799999963492	EXP	text_3: font = "Arial"
88.20799999963492	EXP	text_3: color = {"_hex":"#FFFFFF","_rgb":[1,1,1]}
88.20799999963492	EXP	text_3: contrast = 1
88.20799999963492	EXP	text_3: height = 0.05
88.20799999963492	EXP	text_3: bold = false
88.20799999963492	EXP	text_3: italic = false
88.20799999963492	EXP	text_3: alignHoriz = "left"
88.20799999963492	EXP	text_3: alignVert = "center"
88.20799999963492	EXP	text_3: wrapWidth = 1
88.20799999963492	EXP	text_3: flipHoriz = false
88.20799999963492	EXP	text_3: flipVert = false
88.20799999963492	EXP	text_4: units = "height"
88.20799999963492	EXP	text_4: ori = 0
88.20799999963492	EXP	text_4: opacity = 1
88.20799999963492	EXP	text_4: pos = [0,0]
88.20799999963492	EXP	text_4: size = undefined
88.20799999963492	EXP	text_4: text = "Great! This is the half-way break. \n\nPlease take your time. \n\nWhen you are ready to start the second-half of the test trials, please press space bar. "
88.20799999963492	EXP	text_4: font = "Arial"
88.20799999963492	EXP	text_4: color = {"_hex":"#FFFFFF","_rgb":[1,1,1]}
88.20799999963492	EXP	text_4: contrast = 1
88.20799999963492	EXP	text_4: height = 0.05
88.20799999963492	EXP	text_4: bold = false
88.20799999963492	EXP	text_4: italic = false
88.20799999963492	EXP	text_4: alignHoriz = "left"
88.20799999963492	EXP	text_4: alignVert = "center"
88.20799999963492	EXP	text_4: wrapWidth = 1
88.20799999963492	EXP	text_4: flipHoriz = false
88.20799999963492	EXP	text_4: flipVert = false
88.20799999963492	EXP	Sound: secs = -1
88.20799999963492	EXP	Sound: volume = 1
88.20799999963492	EXP	Sound: loops = 0
88.20799999963492	EXP	Sound: volume = 1
88.20799999963492	EXP	next_prompt_trial2: units = "height"
88.20799999963492	EXP	next_prompt_trial2: ori = 0
88.20799999963492	EXP	next_prompt_trial2: opacity = 1
88.20799999963492	EXP	next_prompt_trial2: pos = [0,0]
88.20799999963492	EXP	next_prompt_trial2: size = undefined
88.20799999963492	EXP	next_prompt_trial2: text = "Ready for the next trial? \n\nPress space bar to start. "
88.20799999963492	EXP	next_prompt_trial2: font = "Arial"
88.20799999963492	EXP	next_prompt_trial2: color = {"_hex":"#FFFFFF","_rgb":[1,1,1]}
88.20799999963492	EXP	next_prompt_trial2: contrast = 1
88.20799999963492	EXP	next_prompt_trial2: height = 0.05
88.20799999963492	EXP	next_prompt_trial2: bold = false
88.20799999963492	EXP	next_prompt_trial2: italic = false
88.20799999963492	EXP	next_prompt_trial2: alignHoriz = "left"
88.20799999963492	EXP	next_prompt_trial2: alignVert = "center"
88.20799999963492	EXP	next_prompt_trial2: wrapWidth = 1
88.20799999963492	EXP	next_prompt_trial2: flipHoriz = false
88.20799999963492	EXP	next_prompt_trial2: flipVert = false
88.20799999963492	EXP	completion_text: units = "height"
88.20799999963492	EXP	completion_text: ori = 0
88.20799999963492	EXP	completion_text: opacity = 1
88.20799999963492	EXP	completion_text: pos = [0,0]
88.20799999963492	EXP	completion_text: size = undefined
88.20799999963492	EXP	completion_text: text = "Thanks for your participation! \n\nHere is your experiment completion code: \n\n9158 \n\nPlease write down this code as you will need it in order to receive payment.\n\nIf you are not an MTurk worker, please send an email to nolan.lem@gmail.com with the Experiment Completion Code as the subject of the email. In order to complete the \nexperiment, when you are ready please press space bar and wait until you see a text box appear that says \"Thanks for your patience\" where you can click 'ok'. \n\nIf you are an MTurk worker, please press the space bar to be redirected to the MTurk experiment \nhomepage where you can input the code into the Experiment Completion Code box. "
88.20799999963492	EXP	completion_text: font = "Arial"
88.20799999963492	EXP	completion_text: color = {"_hex":"#FFFFFF","_rgb":[1,1,1]}
88.20799999963492	EXP	completion_text: contrast = 1
88.20799999963492	EXP	completion_text: height = 0.025
88.20799999963492	EXP	completion_text: bold = false
88.20799999963492	EXP	completion_text: italic = false
88.20799999963492	EXP	completion_text: alignHoriz = "left"
88.20799999963492	EXP	completion_text: alignVert = "center"
88.20799999963492	EXP	completion_text: wrapWidth = 1
88.20799999963492	EXP	completion_text: flipHoriz = false
88.20799999963492	EXP	completion_text: flipVert = false
88.20799999963492	EXP	goodbyetxt: units = "height"
88.20799999963492	EXP	goodbyetxt: ori = 0
88.20799999963492	EXP	goodbyetxt: opacity = 1
88.20799999963492	EXP	goodbyetxt: pos = [0,0]
88.20799999963492	EXP	goodbyetxt: size = undefined
88.20799999963492	EXP	goodbyetxt: text = "The test is over!\n\nThank you so much!!"
88.20799999963492	EXP	goodbyetxt: font = "Arial"
88.20799999963492	EXP	goodbyetxt: color = {"_hex":"#FFFFFF","_rgb":[1,1,1]}
88.20799999963492	EXP	goodbyetxt: contrast = 1
88.20799999963492	EXP	goodbyetxt: height = 0.05
88.20799999963492	EXP	goodbyetxt: bold = false
88.20799999963492	EXP	goodbyetxt: italic = false
88.20799999963492	EXP	goodbyetxt: alignHoriz = "left"
88.20799999963492	EXP	goodbyetxt: alignVert = "center"
88.20799999963492	EXP	goodbyetxt: wrapWidth = 1
88.20799999963492	EXP	goodbyetxt: flipHoriz = false
88.20799999963492	EXP	goodbyetxt: flipVert = false
88.20799999963492	EXP	instructiontxt: autoDraw = true
106.38799999980256	DATA	Keydown:  
106.46900000004098	EXP	instructiontxt: autoDraw = false
106.46900000004098	EXP	Sound: secs = -1
106.46900000004098	EXP	Sound: volume = 1
106.46900000004098	EXP	Sound: loops = 0
106.46900000004098	EXP	Sound: volume = 1
112.76199999963865	DATA	Keydown:  
119.5789999999106	DATA	Keydown:  
124.79399999976158	EXP	text: autoDraw = true
134.37299999967217	DATA	Keydown:  
134.3819999997504	EXP	text: autoDraw = false
134.3819999997504	EXP	Sound: secs = -1
134.3819999997504	EXP	Sound: volume = 1
134.3819999997504	EXP	Sound: loops = 0
134.3819999997504	EXP	Sound: volume = 1
141.67299999995157	DATA	Keydown:  
146.5979999997653	DATA	Keydown:  
150.08099999977276	EXP	text: autoDraw = true
166.6699999999255	DATA	Keydown:  
166.67999999970198	EXP	text: autoDraw = false
166.67999999970198	EXP	Sound: secs = -1
166.67999999970198	EXP	Sound: volume = 1
166.67999999970198	EXP	Sound: loops = 0
166.67999999970198	EXP	Sound: volume = 1
176.56099999975413	DATA	Keydown:  
179.4879999998957	EXP	text: autoDraw = true
182.79199999989942	DATA	Keydown:  
182.87099999981	EXP	text: autoDraw = false
182.87099999981	EXP	Sound: secs = -1
182.87099999981	EXP	Sound: volume = 1
182.87099999981	EXP	Sound: loops = 0
182.87099999981	EXP	Sound: volume = 1
187.48199999984354	DATA	Keydown:  
197.4890000000596	EXP	text: autoDraw = true
198.67299999995157	DATA	Keydown:  
198.69099999964237	EXP	text: autoDraw = false
198.69099999964237	EXP	text_2: autoDraw = true
207.86199999973178	DATA	Keydown:  
207.87699999986216	EXP	text_2: autoDraw = false
207.87699999986216	EXP	Sound: secs = -1
207.87699999986216	EXP	Sound: volume = 1
207.87699999986216	EXP	Sound: loops = 0
207.87699999986216	EXP	Sound: volume = 1
216.28199999965727	DATA	Keydown:  
223.0789999999106	EXP	text_3: autoDraw = true
224.57599999988452	DATA	Keydown:  
224.58399999979883	EXP	text_3: autoDraw = false
224.58399999979883	EXP	Sound: secs = -1
224.58399999979883	EXP	Sound: volume = 1
224.58399999979883	EXP	Sound: loops = 0
224.58399999979883	EXP	Sound: volume = 1
232.37899999972433	DATA	Keydown:  
242.48199999984354	EXP	text_3: autoDraw = true
243.5639999997802	DATA	Keydown:  
243.57199999969453	EXP	text_3: autoDraw = false
243.57199999969453	EXP	Sound: secs = -1
243.57199999969453	EXP	Sound: volume = 1
243.57199999969453	EXP	Sound: loops = 0
243.57199999969453	EXP	Sound: volume = 1
254.37299999967217	DATA	Keydown:  
262.179999999702	EXP	text_3: autoDraw = true
263.2719999998808	DATA	Keydown:  
263.27499999990687	EXP	text_3: autoDraw = false
263.27499999990687	EXP	Sound: secs = -1
263.27499999990687	EXP	Sound: volume = 1
263.27499999990687	EXP	Sound: loops = 0
263.27499999990687	EXP	Sound: volume = 1
270.6999999997206	DATA	Keydown:  
280.27699999976903	EXP	text_3: autoDraw = true
282.0639999997802	DATA	Keydown:  
282.0639999997802	EXP	text_3: autoDraw = false
282.0639999997802	EXP	Sound: secs = -1
282.0639999997802	EXP	Sound: volume = 1
282.0639999997802	EXP	Sound: loops = 0
282.0639999997802	EXP	Sound: volume = 1
291.6790000000037	DATA	Keydown:  
293.76699999999255	EXP	text_3: autoDraw = true
295.085999999661	DATA	Keydown:  
295.089999999851	EXP	text_3: autoDraw = false
295.089999999851	EXP	Sound: secs = -1
295.089999999851	EXP	Sound: volume = 1
295.089999999851	EXP	Sound: loops = 0
295.089999999851	EXP	Sound: volume = 1
304.01699999999255	DATA	Keydown:  
311.59199999971315	EXP	text_3: autoDraw = true
312.66500000003725	DATA	Keydown:  
312.6699999999255	EXP	text_3: autoDraw = false
312.6699999999255	EXP	Sound: secs = -1
312.6699999999255	EXP	Sound: volume = 1
312.6699999999255	EXP	Sound: loops = 0
312.6699999999255	EXP	Sound: volume = 1
317.9629999999888	DATA	Keydown:  
328.8029999998398	EXP	text_3: autoDraw = true
329.875	DATA	Keydown:  
329.8849999997765	EXP	text_3: autoDraw = false
329.8849999997765	EXP	Sound: secs = -1
329.8849999997765	EXP	Sound: volume = 1
329.8849999997765	EXP	Sound: loops = 0
329.8849999997765	EXP	Sound: volume = 1
338.5679999999702	DATA	Keydown:  
351.16800000006333	EXP	text_3: autoDraw = true
353.49599999981	DATA	Keydown:  
353.50099999969825	EXP	text_3: autoDraw = false
353.50099999969825	EXP	Sound: secs = -1
353.50099999969825	EXP	Sound: volume = 1
353.50099999969825	EXP	Sound: loops = 0
353.50099999969825	EXP	Sound: volume = 1
360.42199999978766	DATA	Keydown:  
378.3019999996759	EXP	text_3: autoDraw = true
379.66099999984726	DATA	Keydown:  
379.6689999997616	EXP	text_3: autoDraw = false
379.6689999997616	EXP	Sound: secs = -1
379.6689999997616	EXP	Sound: volume = 1
379.6689999997616	EXP	Sound: loops = 0
379.6689999997616	EXP	Sound: volume = 1
388.4129999997094	DATA	Keydown:  
397.76199999963865	EXP	text_3: autoDraw = true
398.8640000000596	DATA	Keydown:  
398.87099999981	EXP	text_3: autoDraw = false
398.87099999981	EXP	Sound: secs = -1
398.87099999981	EXP	Sound: volume = 1
398.87099999981	EXP	Sound: loops = 0
398.87099999981	EXP	Sound: volume = 1
409.2679999996908	DATA	Keydown:  
415.2799999997951	EXP	text_3: autoDraw = true
416.4660000000149	DATA	Keydown:  
416.46799999987707	EXP	text_3: autoDraw = false
416.46799999987707	EXP	Sound: secs = -1
416.46799999987707	EXP	Sound: volume = 1
416.46799999987707	EXP	Sound: loops = 0
416.46799999987707	EXP	Sound: volume = 1
427.69799999985844	DATA	Keydown:  
429.9759999997914	EXP	text_3: autoDraw = true
447.06199999991804	DATA	Keydown:  
447.0639999997802	EXP	text_3: autoDraw = false
447.0639999997802	EXP	Sound: secs = -1
447.0639999997802	EXP	Sound: volume = 1
447.0639999997802	EXP	Sound: loops = 0
447.0639999997802	EXP	Sound: volume = 1
455.3729999996722	DATA	Keydown:  
470.1969999996945	EXP	text_3: autoDraw = true
471.7719999998808	DATA	Keydown:  
471.7799999997951	EXP	text_3: autoDraw = false
471.7799999997951	EXP	Sound: secs = -1
471.7799999997951	EXP	Sound: volume = 1
471.7799999997951	EXP	Sound: loops = 0
471.7799999997951	EXP	Sound: volume = 1
479.18699999991804	DATA	Keydown:  
524.8819999997504	EXP	text_3: autoDraw = true
527.6759999999776	DATA	Keydown:  
527.6820000000298	EXP	text_3: autoDraw = false
527.6820000000298	EXP	Sound: secs = -1
527.6820000000298	EXP	Sound: volume = 1
527.6820000000298	EXP	Sound: loops = 0
527.6820000000298	EXP	Sound: volume = 1
532.1790000000037	DATA	Keydown:  
567.2079999996349	EXP	text_3: autoDraw = true
568.8899999996647	DATA	Keydown:  
568.9010000000708	EXP	text_3: autoDraw = false
568.9010000000708	EXP	Sound: secs = -1
568.9010000000708	EXP	Sound: volume = 1
568.9010000000708	EXP	Sound: loops = 0
568.9010000000708	EXP	Sound: volume = 1
577.280999999959	DATA	Keydown:  
606.933999999892	EXP	text_3: autoDraw = true
608.807999999728	DATA	Keydown:  
608.8689999999478	EXP	text_3: autoDraw = false
608.8689999999478	EXP	Sound: secs = -1
608.8689999999478	EXP	Sound: volume = 1
608.8689999999478	EXP	Sound: loops = 0
608.8689999999478	EXP	Sound: volume = 1
618.5039999997243	DATA	Keydown:  
624.6769999996759	EXP	text_3: autoDraw = true
707.5009999996983	DATA	Keydown:  
707.5009999996983	EXP	text_3: autoDraw = false
707.5009999996983	EXP	Sound: secs = -1
707.5009999996983	EXP	Sound: volume = 1
707.5009999996983	EXP	Sound: loops = 0
707.5009999996983	EXP	Sound: volume = 1
713.4180000000633	DATA	Keydown:  
721.8739999998361	EXP	text_3: autoDraw = true
770.3659999999218	DATA	Keydown:  
770.3759999996983	EXP	text_3: autoDraw = false
770.3759999996983	EXP	Sound: secs = -1
770.3759999996983	EXP	Sound: volume = 1
770.3759999996983	EXP	Sound: loops = 0
770.3759999996983	EXP	Sound: volume = 1
778.3969999998808	DATA	Keydown:  
786.3819999997504	EXP	text_3: autoDraw = true
788.6159999999218	DATA	Keydown:  
788.6719999997877	EXP	text_3: autoDraw = false
788.6719999997877	EXP	Sound: secs = -1
788.6719999997877	EXP	Sound: volume = 1
788.6719999997877	EXP	Sound: loops = 0
788.6719999997877	EXP	Sound: volume = 1
791.7979999999516	DATA	Keydown:  
807.0789999999106	EXP	text_3: autoDraw = true
824.5740000000224	DATA	Keydown:  
824.5879999999888	EXP	text_3: autoDraw = false
824.5879999999888	EXP	Sound: secs = -1
824.5879999999888	EXP	Sound: volume = 1
824.5879999999888	EXP	Sound: loops = 0
824.5879999999888	EXP	Sound: volume = 1
828.1699999999255	DATA	Keydown:  
838.7730000000447	EXP	text_3: autoDraw = true
843.9830000000075	DATA	Keydown:  
843.99199999962	EXP	text_3: autoDraw = false
843.99199999962	EXP	Sound: secs = -1
843.99199999962	EXP	Sound: volume = 1
843.99199999962	EXP	Sound: loops = 0
843.99199999962	EXP	Sound: volume = 1
853.589999999851	DATA	Keydown:  
859.0699999998324	EXP	text_3: autoDraw = true
861.3729999996722	DATA	Keydown:  
861.3780000000261	EXP	text_3: autoDraw = false
861.3780000000261	EXP	Sound: secs = -1
861.3780000000261	EXP	Sound: volume = 1
861.3780000000261	EXP	Sound: loops = 0
861.3780000000261	EXP	Sound: volume = 1
871.1990000000224	DATA	Keydown:  
878.2989999996498	EXP	text_3: autoDraw = true
886.2979999999516	DATA	Keydown:  
886.3610000000335	EXP	text_3: autoDraw = false
886.3610000000335	EXP	Sound: secs = -1
886.3610000000335	EXP	Sound: volume = 1
886.3610000000335	EXP	Sound: loops = 0
886.3610000000335	EXP	Sound: volume = 1
891.1680000000633	DATA	Keydown:  
900.4759999997914	EXP	text_3: autoDraw = true
904.8980000000447	DATA	Keydown:  
904.9909999999218	EXP	text_3: autoDraw = false
904.9909999999218	EXP	Sound: secs = -1
904.9909999999218	EXP	Sound: volume = 1
904.9909999999218	EXP	Sound: loops = 0
904.9909999999218	EXP	Sound: volume = 1
907.8849999997765	DATA	Keydown:  
925.5179999996908	EXP	text_3: autoDraw = true
927.5779999997467	DATA	Keydown:  
927.5829999996349	EXP	text_3: autoDraw = false
927.5829999996349	EXP	Sound: secs = -1
927.5829999996349	EXP	Sound: volume = 1
927.5829999996349	EXP	Sound: loops = 0
927.5829999996349	EXP	Sound: volume = 1
931.5879999999888	DATA	Keydown:  
943.3789999997243	EXP	text_3: autoDraw = true
945.4929999997839	DATA	Keydown:  
945.49599999981	EXP	text_3: autoDraw = false
945.49599999981	EXP	Sound: secs = -1
945.49599999981	EXP	Sound: volume = 1
945.49599999981	EXP	Sound: loops = 0
945.49599999981	EXP	Sound: volume = 1
947.7829999998212	DATA	Keydown:  
962.7629999998026	EXP	text_3: autoDraw = true
964.773999999743	DATA	Keydown:  
964.8009999999776	EXP	text_3: autoDraw = false
964.8009999999776	EXP	Sound: secs = -1
964.8009999999776	EXP	Sound: volume = 1
964.8009999999776	EXP	Sound: loops = 0
964.8009999999776	EXP	Sound: volume = 1
970.304999999702	DATA	Keydown:  
982.9789999998175	EXP	text_3: autoDraw = true
985.0689999996684	DATA	Keydown:  
985.0729999998584	EXP	text_3: autoDraw = false
985.0729999998584	EXP	Sound: secs = -1
985.0729999998584	EXP	Sound: volume = 1
985.0729999998584	EXP	Sound: loops = 0
985.0729999998584	EXP	Sound: volume = 1
987.4830000000075	DATA	Keydown:  
1002.6759999999776	EXP	text_3: autoDraw = true
1004.8889999999665	DATA	Keydown:  
1004.8919999999925	EXP	text_3: autoDraw = false
1004.8919999999925	EXP	Sound: secs = -1
1004.8919999999925	EXP	Sound: volume = 1
1004.8919999999925	EXP	Sound: loops = 0
1004.8919999999925	EXP	Sound: volume = 1
1008.3729999996722	DATA	Keydown:  
1022.972000000067	EXP	text_3: autoDraw = true
1025.0669999998063	DATA	Keydown:  
1025.0709999999963	EXP	text_3: autoDraw = false
1025.0709999999963	EXP	Sound: secs = -1
1025.0709999999963	EXP	Sound: volume = 1
1025.0709999999963	EXP	Sound: loops = 0
1025.0709999999963	EXP	Sound: volume = 1
1030.2719999998808	DATA	Keydown:  
1043.6779999998398	EXP	text_3: autoDraw = true
1056.2009999998845	DATA	Keydown:  
1056.2689999998547	EXP	text_3: autoDraw = false
1056.2689999998547	EXP	Sound: secs = -1
1056.2689999998547	EXP	Sound: volume = 1
1056.2689999998547	EXP	Sound: loops = 0
1056.2689999998547	EXP	Sound: volume = 1
1071.2059999997728	EXP	text_3: autoDraw = true
1072.8789999997243	DATA	Keydown:  
1072.8959999997169	EXP	text_3: autoDraw = false
1072.8959999997169	EXP	Sound: secs = -1
1072.8959999997169	EXP	Sound: volume = 1
1072.8959999997169	EXP	Sound: loops = 0
1072.8959999997169	EXP	Sound: volume = 1
1075.4799999999814	DATA	Keydown:  
1088.561999999918	EXP	text_3: autoDraw = true
1093.5740000000224	DATA	Keydown:  
1093.585999999661	EXP	text_3: autoDraw = false
1093.585999999661	EXP	Sound: secs = -1
1093.585999999661	EXP	Sound: volume = 1
1093.585999999661	EXP	Sound: loops = 0
1093.585999999661	EXP	Sound: volume = 1
1100.6650000000373	DATA	Keydown:  
1118.3589999997057	EXP	text_3: autoDraw = true
1122.87099999981	DATA	Keydown:  
1122.8759999996983	EXP	text_3: autoDraw = false
1122.8759999996983	EXP	Sound: secs = -1
1122.8759999996983	EXP	Sound: volume = 1
1122.8759999996983	EXP	Sound: loops = 0
1122.8759999996983	EXP	Sound: volume = 1
1127.3810000000522	DATA	Keydown:  
1140.9739999999292	EXP	text_3: autoDraw = true
1149.3640000000596	DATA	Keydown:  
1149.3689999999478	EXP	text_3: autoDraw = false
1149.3689999999478	EXP	Sound: secs = -1
1149.3689999999478	EXP	Sound: volume = 1
1149.3689999999478	EXP	Sound: loops = 0
1149.3689999999478	EXP	Sound: volume = 1
1156.4749999996275	DATA	Keydown:  
1169.3929999996908	EXP	text_3: autoDraw = true
1267.4729999997653	DATA	Keydown:  
1267.4909999999218	EXP	text_3: autoDraw = false
1267.4909999999218	EXP	Sound: secs = -1
1267.4909999999218	EXP	Sound: volume = 1
1267.4909999999218	EXP	Sound: loops = 0
1267.4909999999218	EXP	Sound: volume = 1
1276.464999999851	DATA	Keydown:  
1287.588999999687	EXP	text_3: autoDraw = true
1293.7709999997169	DATA	Keydown:  
1293.7760000000708	EXP	text_3: autoDraw = false
1293.7760000000708	EXP	Sound: secs = -1
1293.7760000000708	EXP	Sound: volume = 1
1293.7760000000708	EXP	Sound: loops = 0
1293.7760000000708	EXP	Sound: volume = 1
1297.176999999676	DATA	Keydown:  
1312.3649999997579	EXP	text_3: autoDraw = true
1317.7669999999925	DATA	Keydown:  
1317.7709999997169	EXP	text_3: autoDraw = false
1317.7709999997169	EXP	Sound: secs = -1
1317.7709999997169	EXP	Sound: volume = 1
1317.7709999997169	EXP	Sound: loops = 0
1317.7709999997169	EXP	Sound: volume = 1
1327.1129999998957	DATA	Keydown:  
1335.969000000041	EXP	text_3: autoDraw = true
1342.4759999997914	DATA	Keydown:  
1342.4890000000596	EXP	text_3: autoDraw = false
1342.4890000000596	EXP	Sound: secs = -1
1342.4890000000596	EXP	Sound: volume = 1
1342.4890000000596	EXP	Sound: loops = 0
1342.4890000000596	EXP	Sound: volume = 1
1346.0849999999627	DATA	Keydown:  
1362.373999999836	EXP	text_3: autoDraw = true
1388.1719999997877	DATA	Keydown:  
1389.8040000000037	EXP	text_3: autoDraw = false
1389.8040000000037	EXP	text_4: autoDraw = true
1396.6779999998398	DATA	Keydown:  
1397.2199999997392	EXP	text_4: autoDraw = false
1397.2199999997392	EXP	Sound: secs = -1
1397.2199999997392	EXP	Sound: volume = 1
1397.2199999997392	EXP	Sound: loops = 0
1397.2199999997392	EXP	Sound: volume = 1
1405.2749999999069	DATA	Keydown:  
1413.1349999997765	EXP	next_prompt_trial2: autoDraw = true
1417.211999999825	DATA	Keydown:  
1417.5209999997169	EXP	next_prompt_trial2: autoDraw = false
1417.5209999997169	EXP	Sound: secs = -1
1417.5209999997169	EXP	Sound: volume = 1
1417.5209999997169	EXP	Sound: loops = 0
1417.5209999997169	EXP	Sound: volume = 1
1425.561999999918	DATA	Keydown:  
1432.7999999998137	EXP	next_prompt_trial2: autoDraw = true
1437.2089999997988	DATA	Keydown:  
1437.2789999996312	EXP	next_prompt_trial2: autoDraw = false
1437.2789999996312	EXP	Sound: secs = -1
1437.2789999996312	EXP	Sound: volume = 1
1437.2789999996312	EXP	Sound: loops = 0
1437.2789999996312	EXP	Sound: volume = 1
1447.2889999998733	DATA	Keydown:  
1454.7999999998137	EXP	next_prompt_trial2: autoDraw = true
1462.210999999661	DATA	Keydown:  
1462.2629999998026	EXP	next_prompt_trial2: autoDraw = false
1462.2629999998026	EXP	Sound: secs = -1
1462.2629999998026	EXP	Sound: volume = 1
1462.2629999998026	EXP	Sound: loops = 0
1462.2629999998026	EXP	Sound: volume = 1
1470.7959999996237	DATA	Keydown:  
1482.7700000000186	EXP	next_prompt_trial2: autoDraw = true
1486.8810000000522	DATA	Keydown:  
1486.8950000000186	EXP	next_prompt_trial2: autoDraw = false
1486.8950000000186	EXP	Sound: secs = -1
1486.8950000000186	EXP	Sound: volume = 1
1486.8950000000186	EXP	Sound: loops = 0
1486.8950000000186	EXP	Sound: volume = 1
1495.0699999998324	DATA	Keydown:  
1503.8950000000186	EXP	next_prompt_trial2: autoDraw = true
1505.4099999996834	DATA	Keydown:  
1505.466000000015	EXP	next_prompt_trial2: autoDraw = false
1505.466000000015	EXP	Sound: secs = -1
1505.466000000015	EXP	Sound: volume = 1
1505.466000000015	EXP	Sound: loops = 0
1505.466000000015	EXP	Sound: volume = 1
1513.0659999996424	DATA	Keydown:  
1522.6739999996498	EXP	next_prompt_trial2: autoDraw = true
1523.6909999996424	DATA	Keydown:  
1523.7069999999367	EXP	next_prompt_trial2: autoDraw = false
1523.7069999999367	EXP	Sound: secs = -1
1523.7069999999367	EXP	Sound: volume = 1
1523.7069999999367	EXP	Sound: loops = 0
1523.7069999999367	EXP	Sound: volume = 1
1534.5639999997802	DATA	Keydown:  
1539.6719999997877	EXP	next_prompt_trial2: autoDraw = true
1565.6669999998994	DATA	Keydown:  
1565.6749999998137	EXP	next_prompt_trial2: autoDraw = false
1565.6749999998137	EXP	Sound: secs = -1
1565.6749999998137	EXP	Sound: volume = 1
1565.6749999998137	EXP	Sound: loops = 0
1565.6749999998137	EXP	Sound: volume = 1
1576.6929999999702	DATA	Keydown:  
1585.905999999959	EXP	next_prompt_trial2: autoDraw = true
1587.49599999981	DATA	Keydown:  
1587.9249999998137	EXP	next_prompt_trial2: autoDraw = false
1587.9249999998137	EXP	Sound: secs = -1
1587.9249999998137	EXP	Sound: volume = 1
1587.9249999998137	EXP	Sound: loops = 0
1587.9249999998137	EXP	Sound: volume = 1
1600.6729999999516	EXP	next_prompt_trial2: autoDraw = true
1602.1669999998994	DATA	Keydown:  
1602.1729999999516	EXP	next_prompt_trial2: autoDraw = false
1602.1729999999516	EXP	Sound: secs = -1
1602.1729999999516	EXP	Sound: volume = 1
1602.1729999999516	EXP	Sound: loops = 0
1602.1729999999516	EXP	Sound: volume = 1
1614.3689999999478	DATA	Keydown:  
1709.463999999687	EXP	next_prompt_trial2: autoDraw = true
1711.773999999743	DATA	Keydown:  
1711.779999999795	EXP	next_prompt_trial2: autoDraw = false
1711.779999999795	EXP	Sound: secs = -1
1711.779999999795	EXP	Sound: volume = 1
1711.779999999795	EXP	Sound: loops = 0
1711.779999999795	EXP	Sound: volume = 1
1721.0069999997504	DATA	Keydown:  
1730.0169999999925	EXP	next_prompt_trial2: autoDraw = true
1734.8689999999478	DATA	Keydown:  
1734.875	EXP	next_prompt_trial2: autoDraw = false
1734.875	EXP	Sound: secs = -1
1734.875	EXP	Sound: volume = 1
1734.875	EXP	Sound: loops = 0
1734.875	EXP	Sound: volume = 1
1737.4849999998696	DATA	Keydown:  
1749.2059999997728	EXP	next_prompt_trial2: autoDraw = true
1751.6790000000037	DATA	Keydown:  
1751.6850000000559	EXP	next_prompt_trial2: autoDraw = false
1751.6850000000559	EXP	Sound: secs = -1
1751.6850000000559	EXP	Sound: volume = 1
1751.6850000000559	EXP	Sound: loops = 0
1751.6850000000559	EXP	Sound: volume = 1
1764.119999999646	DATA	Keydown:  
1768.4249999998137	EXP	next_prompt_trial2: autoDraw = true
1770.585999999661	DATA	Keydown:  
1770.6140000000596	EXP	next_prompt_trial2: autoDraw = false
1770.6140000000596	EXP	Sound: secs = -1
1770.6140000000596	EXP	Sound: volume = 1
1770.6140000000596	EXP	Sound: loops = 0
1770.6140000000596	EXP	Sound: volume = 1
1780.2719999998808	DATA	Keydown:  
1790.4669999997132	EXP	next_prompt_trial2: autoDraw = true
1793.3640000000596	DATA	Keydown:  
1793.369999999646	EXP	next_prompt_trial2: autoDraw = false
1793.369999999646	EXP	Sound: secs = -1
1793.369999999646	EXP	Sound: volume = 1
1793.369999999646	EXP	Sound: loops = 0
1793.369999999646	EXP	Sound: volume = 1
1802.8939999998547	DATA	Keydown:  
1806.1899999999441	EXP	next_prompt_trial2: autoDraw = true
1810.1669999998994	DATA	Keydown:  
1810.176999999676	EXP	next_prompt_trial2: autoDraw = false
1810.176999999676	EXP	Sound: secs = -1
1810.176999999676	EXP	Sound: volume = 1
1810.176999999676	EXP	Sound: loops = 0
1810.176999999676	EXP	Sound: volume = 1
1817.5689999996684	DATA	Keydown:  
1831.0959999999031	EXP	next_prompt_trial2: autoDraw = true
1835.8789999997243	DATA	Keydown:  
1835.8849999997765	EXP	next_prompt_trial2: autoDraw = false
1835.8849999997765	EXP	Sound: secs = -1
1835.8849999997765	EXP	Sound: volume = 1
1835.8849999997765	EXP	Sound: loops = 0
1835.8849999997765	EXP	Sound: volume = 1
1841.2959999996237	DATA	Keydown:  
1850.6729999999516	EXP	next_prompt_trial2: autoDraw = true
1852.773999999743	DATA	Keydown:  
1852.777999999933	EXP	next_prompt_trial2: autoDraw = false
1852.777999999933	EXP	Sound: secs = -1
1852.777999999933	EXP	Sound: volume = 1
1852.777999999933	EXP	Sound: loops = 0
1852.777999999933	EXP	Sound: volume = 1
1860.3999999999069	DATA	Keydown:  
1868.7989999996498	EXP	next_prompt_trial2: autoDraw = true
1885.5779999997467	DATA	Keydown:  
1885.5809999997728	EXP	next_prompt_trial2: autoDraw = false
1885.5809999997728	EXP	Sound: secs = -1
1885.5809999997728	EXP	Sound: volume = 1
1885.5809999997728	EXP	Sound: loops = 0
1885.5809999997728	EXP	Sound: volume = 1
1893.119999999646	DATA	Keydown:  
1902.7709999997169	EXP	next_prompt_trial2: autoDraw = true
1910.464999999851	DATA	Keydown:  
1910.467999999877	EXP	next_prompt_trial2: autoDraw = false
1910.467999999877	EXP	Sound: secs = -1
1910.467999999877	EXP	Sound: volume = 1
1910.467999999877	EXP	Sound: loops = 0
1910.467999999877	EXP	Sound: volume = 1
1918.9779999996535	DATA	Keydown:  
1930.5979999997653	DATA	Keydown:  
1930.873999999836	EXP	next_prompt_trial2: autoDraw = true
1940.7959999996237	DATA	Keydown:  
1940.8009999999776	EXP	next_prompt_trial2: autoDraw = false
1940.8009999999776	EXP	Sound: secs = -1
1940.8009999999776	EXP	Sound: volume = 1
1940.8009999999776	EXP	Sound: loops = 0
1940.8009999999776	EXP	Sound: volume = 1
1953.276999999769	DATA	Keydown:  
1962.5629999996163	EXP	next_prompt_trial2: autoDraw = true
1975.9769999999553	DATA	Keydown:  
1976.0230000000447	EXP	next_prompt_trial2: autoDraw = false
1976.0230000000447	EXP	Sound: secs = -1
1976.0230000000447	EXP	Sound: volume = 1
1976.0230000000447	EXP	Sound: loops = 0
1976.0230000000447	EXP	Sound: volume = 1
1992.8810000000522	EXP	next_prompt_trial2: autoDraw = true
2004.6029999996535	DATA	Keydown:  
2004.6129999998957	EXP	next_prompt_trial2: autoDraw = false
2004.6129999998957	EXP	Sound: secs = -1
2004.6129999998957	EXP	Sound: volume = 1
2004.6129999998957	EXP	Sound: loops = 0
2004.6129999998957	EXP	Sound: volume = 1
2013.463999999687	DATA	Keydown:  
2017.780999999959	EXP	next_prompt_trial2: autoDraw = true
2019.3859999999404	DATA	Keydown:  
2019.3950000000186	EXP	next_prompt_trial2: autoDraw = false
2019.3950000000186	EXP	Sound: secs = -1
2019.3950000000186	EXP	Sound: volume = 1
2019.3950000000186	EXP	Sound: loops = 0
2019.3950000000186	EXP	Sound: volume = 1
2030.1949999998324	DATA	Keydown:  
2037.3009999999776	EXP	next_prompt_trial2: autoDraw = true
2038.597000000067	DATA	Keydown:  
2038.686999999918	EXP	next_prompt_trial2: autoDraw = false
2038.686999999918	EXP	Sound: secs = -1
2038.686999999918	EXP	Sound: volume = 1
2038.686999999918	EXP	Sound: loops = 0
2038.686999999918	EXP	Sound: volume = 1
2045.6329999999143	DATA	Keydown:  
2053.37099999981	EXP	next_prompt_trial2: autoDraw = true
2055.085999999661	DATA	Keydown:  
2055.1159999999218	EXP	next_prompt_trial2: autoDraw = false
2055.1159999999218	EXP	Sound: secs = -1
2055.1159999999218	EXP	Sound: volume = 1
2055.1159999999218	EXP	Sound: loops = 0
2055.1159999999218	EXP	Sound: volume = 1
2061.368999999948	DATA	Keydown:  
2075.3309999997728	EXP	next_prompt_trial2: autoDraw = true
2079.4729999997653	DATA	Keydown:  
2079.489999999758	EXP	next_prompt_trial2: autoDraw = false
2079.489999999758	EXP	Sound: secs = -1
2079.489999999758	EXP	Sound: volume = 1
2079.489999999758	EXP	Sound: loops = 0
2079.489999999758	EXP	Sound: volume = 1
2087.6110000000335	DATA	Keydown:  
2095.064999999944	EXP	next_prompt_trial2: autoDraw = true
2097.8879999998026	DATA	Keydown:  
2097.898999999743	EXP	next_prompt_trial2: autoDraw = false
2097.898999999743	EXP	Sound: secs = -1
2097.898999999743	EXP	Sound: volume = 1
2097.898999999743	EXP	Sound: loops = 0
2097.898999999743	EXP	Sound: volume = 1
2107.463999999687	DATA	Keydown:  
2116.111999999732	EXP	next_prompt_trial2: autoDraw = true
2123.782999999821	DATA	Keydown:  
2123.8009999999776	EXP	next_prompt_trial2: autoDraw = false
2123.8009999999776	EXP	Sound: secs = -1
2123.8009999999776	EXP	Sound: volume = 1
2123.8009999999776	EXP	Sound: loops = 0
2123.8009999999776	EXP	Sound: volume = 1
2132.711999999825	DATA	Keydown:  
2138.8629999998957	EXP	next_prompt_trial2: autoDraw = true
2146.6749999998137	DATA	Keydown:  
2146.6790000000037	EXP	next_prompt_trial2: autoDraw = false
2146.6790000000037	EXP	Sound: secs = -1
2146.6790000000037	EXP	Sound: volume = 1
2146.6790000000037	EXP	Sound: loops = 0
2146.6790000000037	EXP	Sound: volume = 1
2154.7879999997094	DATA	Keydown:  
2160.6129999998957	EXP	next_prompt_trial2: autoDraw = true
2166.6909999996424	DATA	Keydown:  
2166.707999999635	EXP	next_prompt_trial2: autoDraw = false
2166.707999999635	EXP	Sound: secs = -1
2166.707999999635	EXP	Sound: volume = 1
2166.707999999635	EXP	Sound: loops = 0
2166.707999999635	EXP	Sound: volume = 1
2176.682999999728	DATA	Keydown:  
2185.9699999997392	DATA	Keydown:  
2189.662000000011	EXP	next_prompt_trial2: autoDraw = true
2195.524999999907	DATA	Keydown:  
2195.5709999999963	EXP	next_prompt_trial2: autoDraw = false
2195.5709999999963	EXP	Sound: secs = -1
2195.5709999999963	EXP	Sound: volume = 1
2195.5709999999963	EXP	Sound: loops = 0
2195.5709999999963	EXP	Sound: volume = 1
2210.7599999997765	DATA	Keydown:  
2213.0849999999627	EXP	next_prompt_trial2: autoDraw = true
2221.585999999661	DATA	Keydown:  
2221.6639999998733	EXP	next_prompt_trial2: autoDraw = false
2221.6639999998733	EXP	Sound: secs = -1
2221.6639999998733	EXP	Sound: volume = 1
2221.6639999998733	EXP	Sound: loops = 0
2221.6639999998733	EXP	Sound: volume = 1
2236.274999999907	DATA	Keydown:  
2253.0090000000782	EXP	next_prompt_trial2: autoDraw = true
2254.685000000056	DATA	Keydown: Enter
2256.210999999661	DATA	Keydown:  
2256.274999999907	EXP	next_prompt_trial2: autoDraw = false
2256.274999999907	EXP	Sound: secs = -1
2256.274999999907	EXP	Sound: volume = 1
2256.274999999907	EXP	Sound: loops = 0
2256.274999999907	EXP	Sound: volume = 1
2270.0629999996163	DATA	Keydown:  
2274.1129999998957	EXP	next_prompt_trial2: autoDraw = true
2276.3869999996386	DATA	Keydown:  
2276.464999999851	EXP	next_prompt_trial2: autoDraw = false
2276.464999999851	EXP	Sound: secs = -1
2276.464999999851	EXP	Sound: volume = 1
2276.464999999851	EXP	Sound: loops = 0
2276.464999999851	EXP	Sound: volume = 1
2282.8640000000596	DATA	Keydown:  
2293.4729999997653	EXP	next_prompt_trial2: autoDraw = true
2295.1689999997616	DATA	Keydown:  
2295.1729999999516	EXP	next_prompt_trial2: autoDraw = false
2295.1729999999516	EXP	Sound: secs = -1
2295.1729999999516	EXP	Sound: volume = 1
2295.1729999999516	EXP	Sound: loops = 0
2295.1729999999516	EXP	Sound: volume = 1
2302.2649999996647	DATA	Keydown:  
2313.017999999691	EXP	next_prompt_trial2: autoDraw = true
2314.6080000000075	DATA	Keydown:  
2314.6129999998957	EXP	next_prompt_trial2: autoDraw = false
2314.6129999998957	EXP	Sound: secs = -1
2314.6129999998957	EXP	Sound: volume = 1
2314.6129999998957	EXP	Sound: loops = 0
2314.6129999998957	EXP	Sound: volume = 1
2323.0749999997206	DATA	Keydown:  
2334.088999999687	EXP	next_prompt_trial2: autoDraw = true
2340.2659999998286	DATA	Keydown:  
2340.276999999769	EXP	next_prompt_trial2: autoDraw = false
2340.276999999769	EXP	Sound: secs = -1
2340.276999999769	EXP	Sound: volume = 1
2340.276999999769	EXP	Sound: loops = 0
2340.276999999769	EXP	Sound: volume = 1
2349.767999999691	DATA	Keydown:  
2359.251999999862	EXP	next_prompt_trial2: autoDraw = true
2372.399999999907	DATA	Keydown:  
2372.4249999998137	EXP	next_prompt_trial2: autoDraw = false
2372.4249999998137	EXP	Sound: secs = -1
2372.4249999998137	EXP	Sound: volume = 1
2372.4249999998137	EXP	Sound: loops = 0
2372.4249999998137	EXP	Sound: volume = 1
2382.771999999881	DATA	Keydown:  
2391.2050000000745	EXP	next_prompt_trial2: autoDraw = true
2392.8640000000596	DATA	Keydown:  
2392.871999999974	EXP	next_prompt_trial2: autoDraw = false
2392.871999999974	EXP	Sound: secs = -1
2392.871999999974	EXP	Sound: volume = 1
2392.871999999974	EXP	Sound: loops = 0
2392.871999999974	EXP	Sound: volume = 1
2400.6729999999516	DATA	Keydown:  
2411.0770000000484	EXP	next_prompt_trial2: autoDraw = true
2416.787000000011	DATA	Keydown:  
2416.8840000000782	EXP	next_prompt_trial2: autoDraw = false
2416.8840000000782	EXP	completion_text: autoDraw = true
2420.805999999866	DATA	Mouse: 0 button down, pos=(386,268)
2420.9769999999553	DATA	Mouse: 0 button down, pos=(386,268)
2420.9769999999553	DATA	Mouse: 0 button down, pos=(386,268)
2420.9779999996535	DATA	Mouse: 0 button down, pos=(386,268)
2654.498999999836	DATA	Mouse: 0 button down, pos=(906,230)
2654.6719999997877	DATA	Mouse: 0 button down, pos=(906,230)
2654.8980000000447	DATA	Keydown:  
2654.9909999999218	EXP	completion_text: autoDraw = false
2654.9909999999218	EXP	goodbyetxt: autoDraw = true
