0.23751500016078353	EXP	Created Window = Window( name=Window, fullscr=true, color=#808080, units=height, waitBlanking=true, autoLog=true, size=[1366,657] )
25.239070000126958	DATA	Keydown: Shift
25.728370000142604	DATA	Keydown: Shift
25.761020000092685	DATA	Keydown: Shift
25.788480000104755	DATA	Keydown: Shift
25.82778500020504	DATA	Keydown: Shift
25.84893500013277	DATA	Keydown: Shift
25.89664000016637	DATA	Keydown: Shift
25.949510000180453	DATA	Keydown: Shift
25.961835000198334	DATA	Keydown: J
26.18028000020422	DATA	Keydown: v
27.563145000021905	DATA	Keydown: Control
27.966620000079274	DATA	Keydown: v
31.516635000007227	DATA	Keydown: Shift
31.72916500014253	DATA	Keydown: Y
31.948585000121966	DATA	Keydown: e
32.19915000000037	DATA	Keydown: s
34.212390000000596	DATA	Keydown: Shift
34.7152500001248	DATA	Keydown: Shift
34.74271500017494	DATA	Keydown: Shift
34.7691750000231	DATA	Keydown: Shift
34.803300000028685	DATA	Keydown: Shift
34.81847000005655	DATA	Keydown: Shift
34.868914999999106	DATA	Keydown: Shift
34.88240500004031	DATA	Keydown: Shift
34.93449500016868	DATA	Keydown: Shift
34.94899000017904	DATA	Keydown: Shift
34.9816250000149	DATA	Keydown: Shift
35.013710000086576	DATA	Keydown: Shift
35.04785500001162	DATA	Keydown: Shift
35.065005000215024	DATA	Keydown: Shift
35.09838500013575	DATA	Keydown: Shift
35.13115500006825	DATA	Keydown: Shift
35.16560500022024	DATA	Keydown: Shift
35.183805000036955	DATA	Keydown: Shift
35.24927500006743	DATA	Keydown: Shift
35.26370000001043	DATA	Keydown: Shift
35.27265500021167	DATA	Keydown: Shift
35.346320000011474	DATA	Keydown: Shift
35.35371500020847	DATA	Keydown: Shift
35.36543500004336	DATA	Keydown: Shift
35.4000000001397	DATA	Keydown: Shift
35.415450000204146	DATA	Keydown: Shift
35.46360000013374	DATA	Keydown: Shift
35.4809050001204	DATA	Keydown: Shift
35.5154900001362	DATA	Keydown: Shift
35.56307500018738	DATA	Keydown: Shift
35.57634500018321	DATA	Keydown: Shift
35.61326500005089	DATA	Keydown: Shift
35.65027500013821	DATA	Keydown: Shift
35.66358000016771	DATA	Keydown: Shift
35.69917000015266	DATA	Keydown: Shift
35.729070000117645	DATA	Keydown: Shift
35.76247000019066	DATA	Keydown: Shift
35.78400000021793	DATA	Keydown: Shift
35.830465000122786	DATA	Keydown: Shift
35.841940000187606	DATA	Keydown: Shift
35.86826000013389	DATA	Keydown: Shift
35.91847000014968	DATA	Keydown: Shift
35.93053500005044	DATA	Keydown: Shift
35.96553000016138	DATA	Keydown: Shift
35.998715000227094	DATA	Keydown: Shift
36.04681000020355	DATA	Keydown: Shift
36.06341500021517	DATA	Keydown: Shift
36.09884500014596	DATA	Keydown: Shift
36.11412000004202	DATA	Keydown: Shift
36.14274000003934	DATA	Keydown: Shift
36.182830000063404	DATA	Keydown: Shift
36.2137300001923	DATA	Keydown: Shift
36.23321500001475	DATA	Keydown: Shift
36.26837000017986	DATA	Keydown: Shift
36.30979000008665	DATA	Keydown: Shift
36.34479000000283	DATA	Keydown: Shift
36.36325500020757	DATA	Keydown: Shift
36.38389500021003	DATA	Keydown: Shift
36.44780500000343	DATA	Keydown: Shift
36.450000000186265	DATA	Keydown: Shift
36.49858500016853	DATA	Keydown: Shift
36.51685000001453	DATA	Keydown: Shift
36.53252000012435	DATA	Keydown: Shift
36.5815700001549	DATA	Keydown: Shift
36.597805000143126	DATA	Keydown: Shift
36.64785000006668	DATA	Keydown: Shift
36.65617000008933	DATA	Keydown: Shift
36.69806500012055	DATA	Keydown: Shift
36.717935000080615	DATA	Keydown: Shift
36.76526000001468	DATA	Keydown: Shift
36.77812000014819	DATA	Keydown: Shift
36.813655000180006	DATA	Keydown: Shift
36.86673500016332	DATA	Keydown: Shift
36.870565000222996	DATA	Keydown: Shift
36.90011500008404	DATA	Keydown: Shift
36.932770000072196	DATA	Keydown: Shift
36.956880000187084	DATA	Keydown: Shift
36.9990950000938	DATA	Keydown: Shift
37.01410000002943	DATA	Keydown: Shift
37.06428000004962	DATA	Keydown: Shift
37.07758000004105	DATA	Keydown: Shift
37.11986000020988	DATA	Keydown: Shift
37.133010000223294	DATA	Keydown: Shift
37.168475000187755	DATA	Keydown: Shift
37.200890000211075	DATA	Keydown: Shift
37.244655000045896	DATA	Keydown: Shift
37.25292000011541	DATA	Keydown: Shift
37.29619500017725	DATA	Keydown: Shift
37.31472000014037	DATA	Keydown: Shift
37.34769500000402	DATA	Keydown: Shift
37.380770000163466	DATA	Keydown: Shift
37.39827500004321	DATA	Keydown: Shift
37.44665000005625	DATA	Keydown: Shift
37.48323500016704	DATA	Keydown: Shift
37.49680000008084	DATA	Keydown: Shift
37.53188000014052	DATA	Keydown: Shift
37.55657500005327	DATA	Keydown: Shift
37.59370000008494	DATA	Keydown: Shift
37.61479000002146	DATA	Keydown: Shift
37.65210500010289	DATA	Keydown: Shift
37.69556500017643	DATA	Keydown: Shift
37.699790000217035	DATA	Keydown: Shift
37.74915000004694	DATA	Keydown: Shift
37.764450000133365	DATA	Keydown: Shift
37.818525000009686	DATA	Keydown: Shift
37.828135000076145	DATA	Keydown: Shift
37.893345000222325	DATA	Keydown: Shift
37.900015000021085	DATA	Keydown: Shift
37.95028500002809	DATA	Keydown: Shift
37.96831000014208	DATA	Keydown: Shift
37.9902000001166	DATA	Keydown: Shift
38.01358500006609	DATA	Keydown: Shift
38.05022000009194	DATA	Keydown: Shift
38.0656500000041	DATA	Keydown: Shift
38.09993000002578	DATA	Keydown: Shift
38.147600000025705	DATA	Keydown: Shift
38.178615000098944	DATA	Keydown: Shift
38.21858000010252	DATA	Keydown: Shift
38.22958500008099	DATA	Keydown: Shift
38.235975000075996	DATA	Keydown: Shift
38.280055000213906	DATA	Keydown: Shift
38.30557500012219	DATA	Keydown: Shift
38.34685500012711	DATA	Keydown: Shift
38.36420000018552	DATA	Keydown: Shift
38.39693500008434	DATA	Keydown: Shift
38.44686500006355	DATA	Keydown: Shift
38.44957000017166	DATA	Keydown: Shift
38.498560000211	DATA	Keydown: Shift
38.54788500000723	DATA	Keydown: Shift
38.54871000000276	DATA	Keydown: Shift
38.59891500021331	DATA	Keydown: Shift
38.61334000015631	DATA	Keydown: Shift
38.64833500003442	DATA	Keydown: Shift
38.664220000151545	DATA	Keydown: Shift
38.69984500017017	DATA	Keydown: Shift
38.74701500008814	DATA	Keydown: Shift
38.76500500016846	DATA	Keydown: Shift
39.46830500010401	DATA	Keydown: Shift
39.478435000171885	DATA	Keydown: Shift
39.48911000019871	DATA	Keydown: Shift
39.4969300001394	DATA	Keydown: Shift
39.50639000022784	DATA	Keydown: B
39.530410000123084	DATA	Keydown: o
39.5485850002151	DATA	Keydown: a
39.69736000010744	DATA	Keydown: t
43.379200000083074	DATA	Keydown: 1
45.05949500016868	EXP	Created instructiontxt = TextStim( name=instructiontxt, win=Window( name=Window, fullscr=true, color=#808080, ~), autoDraw=null, autoLog=true, units=height, ori=null, opacity=1, pos=[0,0], size=undefined, text=Welcome to tapping experiment. 

You will hear a s~, font=Arial, color=#FFFFFF, contrast=1, height=0.025, bold=null, italic=null, alignHoriz=left, alignVert=center, wrapWidth=1, flipHoriz=null, flipVert=null )
45.11774000013247	EXP	Created TonePlayer = TonePlayer( name=TonePlayer, note=A4, duration_s=-1, volume=1, loops=null, soundLibrary="TONE_JS", autoLog=true )
45.123890000162646	EXP	Created text = TextStim( name=text, win=Window( name=Window, fullscr=true, color=#808080, ~), autoDraw=null, autoLog=true, units=height, ori=null, opacity=1, pos=[0,0], size=undefined, text=Ready for the next trial?

press space bar to star~, font=Arial, color=#FFFFFF, contrast=1, height=0.05, bold=null, italic=null, alignHoriz=left, alignVert=center, wrapWidth=1, flipHoriz=null, flipVert=null )
45.12621000013314	EXP	Created text_2 = TextStim( name=text_2, win=Window( name=Window, fullscr=true, color=#808080, ~), autoDraw=null, autoLog=true, units=height, ori=null, opacity=1, pos=[0,0], size=undefined, text=Practice trials are over.

Now we are going to sta~, font=Arial, color=#FFFFFF, contrast=1, height=0.05, bold=null, italic=null, alignHoriz=left, alignVert=center, wrapWidth=1, flipHoriz=null, flipVert=null )
45.137775000184774	EXP	Created TonePlayer = TonePlayer( name=TonePlayer, note=A4, duration_s=-1, volume=1, loops=null, soundLibrary="TONE_JS", autoLog=true )
45.1417200001888	EXP	Created text_3 = TextStim( name=text_3, win=Window( name=Window, fullscr=true, color=#808080, ~), autoDraw=null, autoLog=true, units=height, ori=null, opacity=1, pos=[0,0], size=undefined, text=Ready for the next trial?

Press space bar to star~, font=Arial, color=#FFFFFF, contrast=1, height=0.05, bold=null, italic=null, alignHoriz=left, alignVert=center, wrapWidth=1, flipHoriz=null, flipVert=null )
45.14378000004217	EXP	Created text_4 = TextStim( name=text_4, win=Window( name=Window, fullscr=true, color=#808080, ~), autoDraw=null, autoLog=true, units=height, ori=null, opacity=1, pos=[0,0], size=undefined, text=Great! This is the half-way break. 

Please take y~, font=Arial, color=#FFFFFF, contrast=1, height=0.05, bold=null, italic=null, alignHoriz=left, alignVert=center, wrapWidth=1, flipHoriz=null, flipVert=null )
45.15352500020526	EXP	Created TonePlayer = TonePlayer( name=TonePlayer, note=A4, duration_s=-1, volume=1, loops=null, soundLibrary="TONE_JS", autoLog=true )
45.15637500002049	EXP	Created next_prompt_trial2 = TextStim( name=next_prompt_trial2, win=Window( name=Window, fullscr=true, color=#808080, ~), autoDraw=null, autoLog=true, units=height, ori=null, opacity=1, pos=[0,0], size=undefined, text=Ready for the next trial? 

Press space bar to sta~, font=Arial, color=#FFFFFF, contrast=1, height=0.05, bold=null, italic=null, alignHoriz=left, alignVert=center, wrapWidth=1, flipHoriz=null, flipVert=null )
45.15860000019893	EXP	Created completion_text = TextStim( name=completion_text, win=Window( name=Window, fullscr=true, color=#808080, ~), autoDraw=null, autoLog=true, units=height, ori=null, opacity=1, pos=[0,0], size=undefined, text=Thanks for your participation! 

Here is your expe~, font=Arial, color=#FFFFFF, contrast=1, height=0.025, bold=null, italic=null, alignHoriz=left, alignVert=center, wrapWidth=1, flipHoriz=null, flipVert=null )
45.16035500005819	EXP	Created goodbyetxt = TextStim( name=goodbyetxt, win=Window( name=Window, fullscr=true, color=#808080, ~), autoDraw=null, autoLog=true, units=height, ori=null, opacity=1, pos=[0,0], size=undefined, text=The test is over!

Thank you so much!!, font=Arial, color=#FFFFFF, contrast=1, height=0.05, bold=null, italic=null, alignHoriz=left, alignVert=center, wrapWidth=1, flipHoriz=null, flipVert=null )
45.23995000007562	EXP	instructiontxt: units = "height"
45.23995000007562	EXP	instructiontxt: ori = 0
45.23995000007562	EXP	instructiontxt: opacity = 1
45.23995000007562	EXP	instructiontxt: pos = [0,0]
45.23995000007562	EXP	instructiontxt: size = undefined
45.23995000007562	EXP	instructiontxt: text = "Welcome to tapping experiment. \n\nYou will hear a sequence of tones.\nUse the index finger of your dominant hand \nto tap the spacebar at where you think the beat \nis throughout the sound file at each trial. \n\nWhen you are ready, press the spacebar to begin the practice."
45.23995000007562	EXP	instructiontxt: font = "Arial"
45.23995000007562	EXP	instructiontxt: color = {"_hex":"#FFFFFF","_rgb":[1,1,1]}
45.23995000007562	EXP	instructiontxt: contrast = 1
45.23995000007562	EXP	instructiontxt: height = 0.025
45.23995000007562	EXP	instructiontxt: bold = false
45.23995000007562	EXP	instructiontxt: italic = false
45.23995000007562	EXP	instructiontxt: alignHoriz = "left"
45.23995000007562	EXP	instructiontxt: alignVert = "center"
45.23995000007562	EXP	instructiontxt: wrapWidth = 1
45.23995000007562	EXP	instructiontxt: flipHoriz = false
45.23995000007562	EXP	instructiontxt: flipVert = false
45.23995000007562	EXP	Sound: secs = -1
45.23995000007562	EXP	Sound: volume = 1
45.23995000007562	EXP	Sound: loops = 0
45.23995000007562	EXP	Sound: volume = 1
45.23995000007562	EXP	text: units = "height"
45.23995000007562	EXP	text: ori = 0
45.23995000007562	EXP	text: opacity = 1
45.23995000007562	EXP	text: pos = [0,0]
45.23995000007562	EXP	text: size = undefined
45.23995000007562	EXP	text: text = "Ready for the next trial?\n\npress space bar to start."
45.23995000007562	EXP	text: font = "Arial"
45.23995000007562	EXP	text: color = {"_hex":"#FFFFFF","_rgb":[1,1,1]}
45.23995000007562	EXP	text: contrast = 1
45.23995000007562	EXP	text: height = 0.05
45.23995000007562	EXP	text: bold = false
45.23995000007562	EXP	text: italic = false
45.23995000007562	EXP	text: alignHoriz = "left"
45.23995000007562	EXP	text: alignVert = "center"
45.23995000007562	EXP	text: wrapWidth = 1
45.23995000007562	EXP	text: flipHoriz = false
45.23995000007562	EXP	text: flipVert = false
45.23995000007562	EXP	text_2: units = "height"
45.23995000007562	EXP	text_2: ori = 0
45.23995000007562	EXP	text_2: opacity = 1
45.23995000007562	EXP	text_2: pos = [0,0]
45.23995000007562	EXP	text_2: size = undefined
45.23995000007562	EXP	text_2: text = "Practice trials are over.\n\nNow we are going to start the real test trials.\nThe total session length will be about 28 minutes, but we will have a short break at the half way mark.\n\nIf you are ready, please space bar."
45.23995000007562	EXP	text_2: font = "Arial"
45.23995000007562	EXP	text_2: color = {"_hex":"#FFFFFF","_rgb":[1,1,1]}
45.23995000007562	EXP	text_2: contrast = 1
45.23995000007562	EXP	text_2: height = 0.05
45.23995000007562	EXP	text_2: bold = false
45.23995000007562	EXP	text_2: italic = false
45.23995000007562	EXP	text_2: alignHoriz = "left"
45.23995000007562	EXP	text_2: alignVert = "center"
45.23995000007562	EXP	text_2: wrapWidth = 1
45.23995000007562	EXP	text_2: flipHoriz = false
45.23995000007562	EXP	text_2: flipVert = false
45.23995000007562	EXP	Sound: secs = -1
45.23995000007562	EXP	Sound: volume = 1
45.23995000007562	EXP	Sound: loops = 0
45.23995000007562	EXP	Sound: volume = 1
45.23995000007562	EXP	text_3: units = "height"
45.23995000007562	EXP	text_3: ori = 0
45.23995000007562	EXP	text_3: opacity = 1
45.23995000007562	EXP	text_3: pos = [0,0]
45.23995000007562	EXP	text_3: size = undefined
45.23995000007562	EXP	text_3: text = "Ready for the next trial?\n\nPress space bar to start."
45.23995000007562	EXP	text_3: font = "Arial"
45.23995000007562	EXP	text_3: color = {"_hex":"#FFFFFF","_rgb":[1,1,1]}
45.23995000007562	EXP	text_3: contrast = 1
45.23995000007562	EXP	text_3: height = 0.05
45.23995000007562	EXP	text_3: bold = false
45.23995000007562	EXP	text_3: italic = false
45.23995000007562	EXP	text_3: alignHoriz = "left"
45.23995000007562	EXP	text_3: alignVert = "center"
45.23995000007562	EXP	text_3: wrapWidth = 1
45.23995000007562	EXP	text_3: flipHoriz = false
45.23995000007562	EXP	text_3: flipVert = false
45.23995000007562	EXP	text_4: units = "height"
45.23995000007562	EXP	text_4: ori = 0
45.23995000007562	EXP	text_4: opacity = 1
45.23995000007562	EXP	text_4: pos = [0,0]
45.23995000007562	EXP	text_4: size = undefined
45.23995000007562	EXP	text_4: text = "Great! This is the half-way break. \n\nPlease take your time. \n\nWhen you are ready to start the second-half of the test trials, please press space bar. "
45.23995000007562	EXP	text_4: font = "Arial"
45.23995000007562	EXP	text_4: color = {"_hex":"#FFFFFF","_rgb":[1,1,1]}
45.23995000007562	EXP	text_4: contrast = 1
45.23995000007562	EXP	text_4: height = 0.05
45.23995000007562	EXP	text_4: bold = false
45.23995000007562	EXP	text_4: italic = false
45.23995000007562	EXP	text_4: alignHoriz = "left"
45.23995000007562	EXP	text_4: alignVert = "center"
45.23995000007562	EXP	text_4: wrapWidth = 1
45.23995000007562	EXP	text_4: flipHoriz = false
45.23995000007562	EXP	text_4: flipVert = false
45.23995000007562	EXP	Sound: secs = -1
45.23995000007562	EXP	Sound: volume = 1
45.23995000007562	EXP	Sound: loops = 0
45.23995000007562	EXP	Sound: volume = 1
45.23995000007562	EXP	next_prompt_trial2: units = "height"
45.23995000007562	EXP	next_prompt_trial2: ori = 0
45.23995000007562	EXP	next_prompt_trial2: opacity = 1
45.23995000007562	EXP	next_prompt_trial2: pos = [0,0]
45.23995000007562	EXP	next_prompt_trial2: size = undefined
45.23995000007562	EXP	next_prompt_trial2: text = "Ready for the next trial? \n\nPress space bar to start. "
45.23995000007562	EXP	next_prompt_trial2: font = "Arial"
45.23995000007562	EXP	next_prompt_trial2: color = {"_hex":"#FFFFFF","_rgb":[1,1,1]}
45.23995000007562	EXP	next_prompt_trial2: contrast = 1
45.23995000007562	EXP	next_prompt_trial2: height = 0.05
45.23995000007562	EXP	next_prompt_trial2: bold = false
45.23995000007562	EXP	next_prompt_trial2: italic = false
45.23995000007562	EXP	next_prompt_trial2: alignHoriz = "left"
45.23995000007562	EXP	next_prompt_trial2: alignVert = "center"
45.23995000007562	EXP	next_prompt_trial2: wrapWidth = 1
45.23995000007562	EXP	next_prompt_trial2: flipHoriz = false
45.23995000007562	EXP	next_prompt_trial2: flipVert = false
45.23995000007562	EXP	completion_text: units = "height"
45.23995000007562	EXP	completion_text: ori = 0
45.23995000007562	EXP	completion_text: opacity = 1
45.23995000007562	EXP	completion_text: pos = [0,0]
45.23995000007562	EXP	completion_text: size = undefined
45.23995000007562	EXP	completion_text: text = "Thanks for your participation! \n\nHere is your experiment completion code: \n\n9158 \n\nPlease write down this code as you will need it in order to receive payment.\n\nIf you are not an MTurk worker, please send an email to nolan.lem@gmail.com with the Experiment Completion Code as the subject of the email. In order to complete the \nexperiment, when you are ready please press space bar and wait until you see a text box appear that says \"Thanks for your patience\" where you can click 'ok'. \n\nIf you are an MTurk worker, please press the space bar to be redirected to the MTurk experiment \nhomepage where you can input the code into the Experiment Completion Code box. "
45.23995000007562	EXP	completion_text: font = "Arial"
45.23995000007562	EXP	completion_text: color = {"_hex":"#FFFFFF","_rgb":[1,1,1]}
45.23995000007562	EXP	completion_text: contrast = 1
45.23995000007562	EXP	completion_text: height = 0.025
45.23995000007562	EXP	completion_text: bold = false
45.23995000007562	EXP	completion_text: italic = false
45.23995000007562	EXP	completion_text: alignHoriz = "left"
45.23995000007562	EXP	completion_text: alignVert = "center"
45.23995000007562	EXP	completion_text: wrapWidth = 1
45.23995000007562	EXP	completion_text: flipHoriz = false
45.23995000007562	EXP	completion_text: flipVert = false
45.23995000007562	EXP	goodbyetxt: units = "height"
45.23995000007562	EXP	goodbyetxt: ori = 0
45.23995000007562	EXP	goodbyetxt: opacity = 1
45.23995000007562	EXP	goodbyetxt: pos = [0,0]
45.23995000007562	EXP	goodbyetxt: size = undefined
45.23995000007562	EXP	goodbyetxt: text = "The test is over!\n\nThank you so much!!"
45.23995000007562	EXP	goodbyetxt: font = "Arial"
45.23995000007562	EXP	goodbyetxt: color = {"_hex":"#FFFFFF","_rgb":[1,1,1]}
45.23995000007562	EXP	goodbyetxt: contrast = 1
45.23995000007562	EXP	goodbyetxt: height = 0.05
45.23995000007562	EXP	goodbyetxt: bold = false
45.23995000007562	EXP	goodbyetxt: italic = false
45.23995000007562	EXP	goodbyetxt: alignHoriz = "left"
45.23995000007562	EXP	goodbyetxt: alignVert = "center"
45.23995000007562	EXP	goodbyetxt: wrapWidth = 1
45.23995000007562	EXP	goodbyetxt: flipHoriz = false
45.23995000007562	EXP	goodbyetxt: flipVert = false
45.23995000007562	EXP	instructiontxt: autoDraw = true
46.23966500000097	DATA	Mouse: wheel shift=(0,100), pos=(839,558)
50.6485850000754	DATA	Keydown:  
50.71191000007093	EXP	instructiontxt: autoDraw = false
50.71191000007093	EXP	Sound: secs = -1
50.71191000007093	EXP	Sound: volume = 1
50.71191000007093	EXP	Sound: loops = 0
50.71191000007093	EXP	Sound: volume = 1
66.45096500008367	EXP	text: autoDraw = true
81.52890500007197	DATA	Keydown:  
81.55132500012405	EXP	text: autoDraw = false
81.55132500012405	EXP	Sound: secs = -1
81.55132500012405	EXP	Sound: volume = 1
81.55132500012405	EXP	Sound: loops = 0
81.55132500012405	EXP	Sound: volume = 1
94.94392500002868	DATA	Mouse: 0 button down, pos=(1124,618)
95.07202500011772	DATA	Mouse: 0 button down, pos=(1124,618)
96.1684050001204	EXP	text: autoDraw = true
98.62079000007361	DATA	Keydown:  
98.63593500014395	EXP	text: autoDraw = false
98.63593500014395	EXP	Sound: secs = -1
98.63593500014395	EXP	Sound: volume = 1
98.63593500014395	EXP	Sound: loops = 0
98.63593500014395	EXP	Sound: volume = 1
105.3707000000868	DATA	Keydown: NumLock
105.38850000011735	DATA	Keydown: NumLock
106.10137000004761	DATA	Keydown: NumLock
106.13690500007942	DATA	Keydown: NumLock
106.14147500018589	DATA	Keydown: NumLock
106.16879500006326	DATA	Keydown: NumLock
106.18541000015102	DATA	Keydown: NumLock
106.21876500011422	DATA	Keydown: NumLock
106.23612000001594	DATA	Keydown: NumLock
106.25546500016935	DATA	Keydown: NumLock
106.2688550001476	DATA	Keydown: NumLock
106.30156000005081	DATA	Keydown: NumLock
106.31596500007436	DATA	Keydown: NumLock
106.33464500005357	DATA	Keydown: NumLock
106.35161500005051	DATA	Keydown: NumLock
106.38242999999784	DATA	Keydown: NumLock
106.40092500019819	DATA	Keydown: NumLock
106.42084500007331	DATA	Keydown: NumLock
106.45110500021838	DATA	Keydown: NumLock
106.4682750001084	DATA	Keydown: NumLock
106.48231500014663	DATA	Keydown: NumLock
106.50299500022084	DATA	Keydown: NumLock
106.55597500014119	DATA	Keydown: NumLock
106.58526500011794	DATA	Keydown: NumLock
111.46403500018641	EXP	text: autoDraw = true
112.63723500003107	DATA	Mouse: 0 button down, pos=(687,380)
112.70224500005133	DATA	Mouse: 0 button down, pos=(687,380)
113.36905500013381	DATA	Keydown:  
113.39998000022024	EXP	text: autoDraw = false
113.39998000022024	EXP	Sound: secs = -1
113.39998000022024	EXP	Sound: volume = 1
113.39998000022024	EXP	Sound: loops = 0
113.39998000022024	EXP	Sound: volume = 1
131.66450000018813	EXP	text: autoDraw = true
133.78269000002183	DATA	Keydown:  
133.87497500004247	EXP	text: autoDraw = false
133.87497500004247	EXP	text_2: autoDraw = true
138.0536050000228	DATA	Keydown:  
138.09008000022732	EXP	text_2: autoDraw = false
138.09008000022732	EXP	Sound: secs = -1
138.09008000022732	EXP	Sound: volume = 1
138.09008000022732	EXP	Sound: loops = 0
138.09008000022732	EXP	Sound: volume = 1
151.21314000012353	DATA	Keydown: NumLock
151.2141300002113	DATA	Keydown: NumLock
151.87060000002384	DATA	Keydown: NumLock
151.87106500007212	DATA	Keydown: NumLock
151.87380000017583	DATA	Keydown: NumLock
151.8747250000015	DATA	Keydown: NumLock
151.8752150000073	DATA	Keydown: NumLock
151.8757700000424	DATA	Keydown: NumLock
151.87602000008337	DATA	Keydown: NumLock
151.8763850000687	DATA	Keydown: NumLock
151.8766300000716	DATA	Keydown: NumLock
151.87696500006132	DATA	Keydown: NumLock
151.88689500000328	DATA	Keydown: NumLock
151.91295500006527	DATA	Keydown: NumLock
151.92918000021018	DATA	Keydown: NumLock
151.95403000013903	DATA	Keydown: NumLock
151.96999000012875	DATA	Keydown: NumLock
151.99598500016145	DATA	Keydown: NumLock
152.01235000020824	DATA	Keydown: NumLock
152.0369850001298	DATA	Keydown: NumLock
152.0541600000579	DATA	Keydown: NumLock
152.07887500012293	DATA	Keydown: NumLock
152.12920500012115	DATA	Keydown: NumLock
152.15410000015981	DATA	Keydown: NumLock
156.28104500006884	EXP	text_3: autoDraw = true
158.07317000022158	DATA	Mouse: wheel shift=(0,100), pos=(1010,422)
158.2232700001914	DATA	Mouse: wheel shift=(0,100), pos=(1010,422)
158.92882500006817	DATA	Keydown:  
158.96051500015892	EXP	text_3: autoDraw = false
158.96051500015892	EXP	Sound: secs = -1
158.96051500015892	EXP	Sound: volume = 1
158.96051500015892	EXP	Sound: loops = 0
158.96051500015892	EXP	Sound: volume = 1
173.8758800001815	EXP	text_3: autoDraw = true
175.86655000015162	DATA	Keydown:  
175.89211500016972	EXP	text_3: autoDraw = false
175.89211500016972	EXP	Sound: secs = -1
175.89211500016972	EXP	Sound: volume = 1
175.89211500016972	EXP	Sound: loops = 0
175.89211500016972	EXP	Sound: volume = 1
180.99292500014417	DATA	Mouse: wheel shift=(0,100), pos=(1005,516)
181.07693500001915	DATA	Mouse: wheel shift=(0,100), pos=(1009,512)
181.12800500006415	DATA	Mouse: wheel shift=(0,100), pos=(1011,507)
181.20664000022225	DATA	Mouse: wheel shift=(0,100), pos=(1005,497)
181.6360050002113	DATA	Mouse: wheel shift=(0,100), pos=(998,492)
181.68727500014938	DATA	Mouse: wheel shift=(0,100), pos=(998,492)
181.80361500009894	DATA	Mouse: wheel shift=(0,100), pos=(998,492)
181.90557500021532	DATA	Mouse: wheel shift=(0,100), pos=(1005,498)
182.02571500022896	DATA	Mouse: wheel shift=(0,100), pos=(1005,498)
182.43660000013188	DATA	Mouse: wheel shift=(0,100), pos=(1008,499)
182.4758500000462	DATA	Mouse: wheel shift=(0,100), pos=(1008,499)
182.5264250000473	DATA	Mouse: wheel shift=(0,100), pos=(1008,499)
182.6035700000357	DATA	Mouse: wheel shift=(0,100), pos=(1008,499)
182.7396950002294	DATA	Mouse: wheel shift=(0,100), pos=(1008,501)
191.0757600001525	EXP	text_3: autoDraw = true
192.9095700001344	DATA	Keydown:  
192.92384000006132	EXP	text_3: autoDraw = false
192.92384000006132	EXP	Sound: secs = -1
192.92384000006132	EXP	Sound: volume = 1
192.92384000006132	EXP	Sound: loops = 0
192.92384000006132	EXP	Sound: volume = 1
209.90420000022277	EXP	text_3: autoDraw = true
215.12540500005707	DATA	Mouse: 0 button down, pos=(904,448)
215.22676500002854	DATA	Mouse: 0 button down, pos=(904,448)
215.67175500001758	DATA	Keydown:  
215.70345500018448	EXP	text_3: autoDraw = false
215.70345500018448	EXP	Sound: secs = -1
215.70345500018448	EXP	Sound: volume = 1
215.70345500018448	EXP	Sound: loops = 0
215.70345500018448	EXP	Sound: volume = 1
216.02803000016138	DATA	Keydown:  
225.00607500015758	DATA	Keydown: AudioVolumeUp
225.177270000102	DATA	Keydown: AudioVolumeUp
225.29323500022292	DATA	Keydown: AudioVolumeUp
225.82370500010438	DATA	Keydown: AudioVolumeUp
225.83741500019096	DATA	Keydown: AudioVolumeUp
225.8838200001046	DATA	Keydown: AudioVolumeUp
225.90656500007026	DATA	Keydown: AudioVolumeUp
225.91724500013515	DATA	Keydown: AudioVolumeUp
225.94075500010513	DATA	Keydown: AudioVolumeUp
225.9922750000842	DATA	Keydown: AudioVolumeUp
226.02134500001557	DATA	Keydown: AudioVolumeUp
226.039195000194	DATA	Keydown: AudioVolumeUp
226.06914500007406	DATA	Keydown: AudioVolumeUp
226.10672500007786	DATA	Keydown: AudioVolumeUp
226.1244350001216	DATA	Keydown: AudioVolumeUp
226.17303000018	DATA	Keydown: AudioVolumeUp
226.19226999999955	DATA	Keydown: AudioVolumeUp
226.20958500006236	DATA	Keydown: AudioVolumeUp
226.2590650001075	DATA	Keydown: AudioVolumeUp
226.27177000022493	DATA	Keydown: AudioVolumeUp
226.33748000022024	DATA	Keydown: AudioVolumeUp
226.35459000011906	DATA	Keydown: AudioVolumeUp
226.3715450000018	DATA	Keydown: AudioVolumeUp
226.40581000014208	DATA	Keydown: AudioVolumeUp
226.42315000016242	DATA	Keydown: AudioVolumeUp
226.4547550000716	DATA	Keydown: AudioVolumeUp
226.4906450000126	DATA	Keydown: AudioVolumeUp
228.56910000019707	EXP	text_3: autoDraw = true
230.5601200000383	DATA	Keydown:  
230.5843500001356	EXP	text_3: autoDraw = false
230.5843500001356	EXP	Sound: secs = -1
230.5843500001356	EXP	Sound: volume = 1
230.5843500001356	EXP	Sound: loops = 0
230.5843500001356	EXP	Sound: volume = 1
240.05258000013418	DATA	Keydown: NumLock
240.0715350001119	DATA	Keydown: NumLock
241.31420000013895	DATA	Keydown: NumLock
241.31575000006706	DATA	Keydown: NumLock
241.3165100000333	DATA	Keydown: NumLock
241.31742500001565	DATA	Keydown: NumLock
241.3183250001166	DATA	Keydown: NumLock
241.31920500006527	DATA	Keydown: NumLock
241.31979000009596	DATA	Keydown: NumLock
241.32069500000216	DATA	Keydown: NumLock
241.3214150001295	DATA	Keydown: NumLock
241.32255500019528	DATA	Keydown: NumLock
241.3232100000605	DATA	Keydown: NumLock
241.32404500013217	DATA	Keydown: NumLock
241.32452000002377	DATA	Keydown: NumLock
241.32523500011303	DATA	Keydown: NumLock
241.32590500009246	DATA	Keydown: NumLock
241.32658000010997	DATA	Keydown: NumLock
241.32762500015087	DATA	Keydown: NumLock
241.32853500009514	DATA	Keydown: NumLock
241.3290150000248	DATA	Keydown: NumLock
241.329725000076	DATA	Keydown: NumLock
241.33254000009038	DATA	Keydown: NumLock
241.33338500000536	DATA	Keydown: NumLock
249.10154000017792	EXP	text_3: autoDraw = true
250.16032500006258	DATA	Keydown:  
250.1721100001596	EXP	text_3: autoDraw = false
250.1721100001596	EXP	Sound: secs = -1
250.1721100001596	EXP	Sound: volume = 1
250.1721100001596	EXP	Sound: loops = 0
250.1721100001596	EXP	Sound: volume = 1
265.9330950002186	EXP	text_3: autoDraw = true
268.8340600000229	DATA	Keydown:  
268.8495300000068	EXP	text_3: autoDraw = false
268.8495300000068	EXP	Sound: secs = -1
268.8495300000068	EXP	Sound: volume = 1
268.8495300000068	EXP	Sound: loops = 0
268.8495300000068	EXP	Sound: volume = 1
282.99543000012636	EXP	text_3: autoDraw = true
283.98418500018306	DATA	Keydown:  
283.99887500004843	EXP	text_3: autoDraw = false
283.99887500004843	EXP	Sound: secs = -1
283.99887500004843	EXP	Sound: volume = 1
283.99887500004843	EXP	Sound: loops = 0
283.99887500004843	EXP	Sound: volume = 1
299.01236000005156	EXP	text_3: autoDraw = true
300.6196700001601	DATA	Keydown:  
300.631345000118	EXP	text_3: autoDraw = false
300.631345000118	EXP	Sound: secs = -1
300.631345000118	EXP	Sound: volume = 1
300.631345000118	EXP	Sound: loops = 0
300.631345000118	EXP	Sound: volume = 1
325.3933350001462	EXP	text_3: autoDraw = true
330.31500000017695	DATA	Keydown:  
330.32764000003226	EXP	text_3: autoDraw = false
330.32764000003226	EXP	Sound: secs = -1
330.32764000003226	EXP	Sound: volume = 1
330.32764000003226	EXP	Sound: loops = 0
330.32764000003226	EXP	Sound: volume = 1
346.0893550000619	EXP	text_3: autoDraw = true
350.54298500018194	DATA	Keydown:  
350.5596300000325	EXP	text_3: autoDraw = false
350.5596300000325	EXP	Sound: secs = -1
350.5596300000325	EXP	Sound: volume = 1
350.5596300000325	EXP	Sound: loops = 0
350.5596300000325	EXP	Sound: volume = 1
362.2037700000219	EXP	text_3: autoDraw = true
363.5742600001395	DATA	Keydown:  
363.6001600001473	EXP	text_3: autoDraw = false
363.6001600001473	EXP	Sound: secs = -1
363.6001600001473	EXP	Sound: volume = 1
363.6001600001473	EXP	Sound: loops = 0
363.6001600001473	EXP	Sound: volume = 1
381.46597500005737	EXP	text_3: autoDraw = true
382.7672100001946	DATA	Keydown:  
382.7985500001814	EXP	text_3: autoDraw = false
382.7985500001814	EXP	Sound: secs = -1
382.7985500001814	EXP	Sound: volume = 1
382.7985500001814	EXP	Sound: loops = 0
382.7985500001814	EXP	Sound: volume = 1
400.03092000004835	EXP	text_3: autoDraw = true
401.3052950000856	DATA	Keydown:  
401.31875000009313	EXP	text_3: autoDraw = false
401.31875000009313	EXP	Sound: secs = -1
401.31875000009313	EXP	Sound: volume = 1
401.31875000009313	EXP	Sound: loops = 0
401.31875000009313	EXP	Sound: volume = 1
418.2471900000237	EXP	text_3: autoDraw = true
419.01574500021525	DATA	Keydown:  
419.0352200001944	EXP	text_3: autoDraw = false
419.0352200001944	EXP	Sound: secs = -1
419.0352200001944	EXP	Sound: volume = 1
419.0352200001944	EXP	Sound: loops = 0
419.0352200001944	EXP	Sound: volume = 1
433.2109950000886	EXP	text_3: autoDraw = true
435.6982600002084	DATA	Keydown:  
435.7141000002157	EXP	text_3: autoDraw = false
435.7141000002157	EXP	Sound: secs = -1
435.7141000002157	EXP	Sound: volume = 1
435.7141000002157	EXP	Sound: loops = 0
435.7141000002157	EXP	Sound: volume = 1
460.5250350001734	EXP	text_3: autoDraw = true
462.4863700000569	DATA	Keydown:  
462.4961000001058	EXP	text_3: autoDraw = false
462.4961000001058	EXP	Sound: secs = -1
462.4961000001058	EXP	Sound: volume = 1
462.4961000001058	EXP	Sound: loops = 0
462.4961000001058	EXP	Sound: volume = 1
480.6546550001949	EXP	text_3: autoDraw = true
482.0792900000233	DATA	Keydown:  
482.1041050001513	EXP	text_3: autoDraw = false
482.1041050001513	EXP	Sound: secs = -1
482.1041050001513	EXP	Sound: volume = 1
482.1041050001513	EXP	Sound: loops = 0
482.1041050001513	EXP	Sound: volume = 1
503.3360550000798	EXP	text_3: autoDraw = true
504.6791600000579	DATA	Keydown:  
504.6899300001096	EXP	text_3: autoDraw = false
504.6899300001096	EXP	Sound: secs = -1
504.6899300001096	EXP	Sound: volume = 1
504.6899300001096	EXP	Sound: loops = 0
504.6899300001096	EXP	Sound: volume = 1
518.1343900000211	EXP	text_3: autoDraw = true
520.2029250001069	DATA	Keydown:  
520.220100000035	EXP	text_3: autoDraw = false
520.220100000035	EXP	Sound: secs = -1
520.220100000035	EXP	Sound: volume = 1
520.220100000035	EXP	Sound: loops = 0
520.220100000035	EXP	Sound: volume = 1
538.3151300000027	EXP	text_3: autoDraw = true
540.0664800000377	DATA	Keydown:  
540.095750000095	EXP	text_3: autoDraw = false
540.095750000095	EXP	Sound: secs = -1
540.095750000095	EXP	Sound: volume = 1
540.095750000095	EXP	Sound: loops = 0
540.095750000095	EXP	Sound: volume = 1
553.5631100002211	EXP	text_3: autoDraw = true
554.696145000169	DATA	Keydown:  
554.7059100000188	EXP	text_3: autoDraw = false
554.7059100000188	EXP	Sound: secs = -1
554.7059100000188	EXP	Sound: volume = 1
554.7059100000188	EXP	Sound: loops = 0
554.7059100000188	EXP	Sound: volume = 1
577.9433500000741	EXP	text_3: autoDraw = true
579.6004800000228	DATA	Keydown:  
579.6132100000978	EXP	text_3: autoDraw = false
579.6132100000978	EXP	Sound: secs = -1
579.6132100000978	EXP	Sound: volume = 1
579.6132100000978	EXP	Sound: loops = 0
579.6132100000978	EXP	Sound: volume = 1
593.9572600000538	EXP	text_3: autoDraw = true
595.3603600000497	DATA	Keydown:  
595.3769150001463	EXP	text_3: autoDraw = false
595.3769150001463	EXP	Sound: secs = -1
595.3769150001463	EXP	Sound: volume = 1
595.3769150001463	EXP	Sound: loops = 0
595.3769150001463	EXP	Sound: volume = 1
612.8875350002199	EXP	text_3: autoDraw = true
614.1414000000805	DATA	Keydown:  
614.1602300000377	EXP	text_3: autoDraw = false
614.1602300000377	EXP	Sound: secs = -1
614.1602300000377	EXP	Sound: volume = 1
614.1602300000377	EXP	Sound: loops = 0
614.1602300000377	EXP	Sound: volume = 1
632.2202250000555	EXP	text_3: autoDraw = true
633.8647000000346	DATA	Keydown:  
633.8746500001289	EXP	text_3: autoDraw = false
633.8746500001289	EXP	Sound: secs = -1
633.8746500001289	EXP	Sound: volume = 1
633.8746500001289	EXP	Sound: loops = 0
633.8746500001289	EXP	Sound: volume = 1
651.9506000000983	EXP	text_3: autoDraw = true
653.2555550001562	DATA	Keydown:  
653.26897500013	EXP	text_3: autoDraw = false
653.26897500013	EXP	Sound: secs = -1
653.26897500013	EXP	Sound: volume = 1
653.26897500013	EXP	Sound: loops = 0
653.26897500013	EXP	Sound: volume = 1
673.1482850001194	EXP	text_3: autoDraw = true
673.9285250001121	DATA	Keydown:  
673.9381600001361	EXP	text_3: autoDraw = false
673.9381600001361	EXP	Sound: secs = -1
673.9381600001361	EXP	Sound: volume = 1
673.9381600001361	EXP	Sound: loops = 0
673.9381600001361	EXP	Sound: volume = 1
693.9628400001675	EXP	text_3: autoDraw = true
695.3114700000733	DATA	Keydown:  
695.3261050002184	EXP	text_3: autoDraw = false
695.3261050002184	EXP	Sound: secs = -1
695.3261050002184	EXP	Sound: volume = 1
695.3261050002184	EXP	Sound: loops = 0
695.3261050002184	EXP	Sound: volume = 1
713.4581450000405	EXP	text_3: autoDraw = true
715.0777600000147	DATA	Keydown:  
715.1086000001524	EXP	text_3: autoDraw = false
715.1086000001524	EXP	Sound: secs = -1
715.1086000001524	EXP	Sound: volume = 1
715.1086000001524	EXP	Sound: loops = 0
715.1086000001524	EXP	Sound: volume = 1
731.0908200000413	EXP	text_3: autoDraw = true
732.8611550000496	DATA	Keydown:  
732.8819050001912	EXP	text_3: autoDraw = false
732.8819050001912	EXP	Sound: secs = -1
732.8819050001912	EXP	Sound: volume = 1
732.8819050001912	EXP	Sound: loops = 0
732.8819050001912	EXP	Sound: volume = 1
747.2206700001843	EXP	text_3: autoDraw = true
754.6548200000543	DATA	Keydown:  
754.6696450000163	EXP	text_3: autoDraw = false
754.6696450000163	EXP	Sound: secs = -1
754.6696450000163	EXP	Sound: volume = 1
754.6696450000163	EXP	Sound: loops = 0
754.6696450000163	EXP	Sound: volume = 1
773.0176800000481	EXP	text_3: autoDraw = true
774.737875000108	DATA	Keydown:  
774.766530000139	EXP	text_3: autoDraw = false
774.766530000139	EXP	Sound: secs = -1
774.766530000139	EXP	Sound: volume = 1
774.766530000139	EXP	Sound: loops = 0
774.766530000139	EXP	Sound: volume = 1
795.2815500001889	EXP	text_3: autoDraw = true
809.3494650002103	DATA	Keydown:  
809.3793750000186	EXP	text_3: autoDraw = false
809.3793750000186	EXP	Sound: secs = -1
809.3793750000186	EXP	Sound: volume = 1
809.3793750000186	EXP	Sound: loops = 0
809.3793750000186	EXP	Sound: volume = 1
827.9277400001884	EXP	text_3: autoDraw = true
829.3122750001494	DATA	Keydown:  
829.3274950000923	EXP	text_3: autoDraw = false
829.3274950000923	EXP	Sound: secs = -1
829.3274950000923	EXP	Sound: volume = 1
829.3274950000923	EXP	Sound: loops = 0
829.3274950000923	EXP	Sound: volume = 1
845.0075650000945	EXP	text_3: autoDraw = true
846.6935100001283	DATA	Keydown:  
846.7085150000639	EXP	text_3: autoDraw = false
846.7085150000639	EXP	Sound: secs = -1
846.7085150000639	EXP	Sound: volume = 1
846.7085150000639	EXP	Sound: loops = 0
846.7085150000639	EXP	Sound: volume = 1
865.3074849999975	EXP	text_3: autoDraw = true
868.2052850001492	DATA	Keydown:  
868.2381300001871	EXP	text_3: autoDraw = false
868.2381300001871	EXP	Sound: secs = -1
868.2381300001871	EXP	Sound: volume = 1
868.2381300001871	EXP	Sound: loops = 0
868.2381300001871	EXP	Sound: volume = 1
884.0391650001984	EXP	text_3: autoDraw = true
886.6349450000562	DATA	Keydown:  
886.653060000157	EXP	text_3: autoDraw = false
886.653060000157	EXP	Sound: secs = -1
886.653060000157	EXP	Sound: volume = 1
886.653060000157	EXP	Sound: loops = 0
886.653060000157	EXP	Sound: volume = 1
904.251700000139	EXP	text_3: autoDraw = true
910.6559850000776	DATA	Keydown:  
910.6830500001088	EXP	text_3: autoDraw = false
910.6830500001088	EXP	Sound: secs = -1
910.6830500001088	EXP	Sound: volume = 1
910.6830500001088	EXP	Sound: loops = 0
910.6830500001088	EXP	Sound: volume = 1
917.7241600002162	DATA	Keydown: AudioVolumeMute
930.7161750001833	EXP	text_3: autoDraw = true
950.0178050000686	DATA	Keydown:  
950.0890400002245	EXP	text_3: autoDraw = false
950.0890400002245	EXP	text_4: autoDraw = true
954.1399200002197	DATA	Mouse: wheel shift=(0,100), pos=(1035,195)
954.4057400000747	DATA	Mouse: wheel shift=(0,100), pos=(1035,195)
956.1960600002203	DATA	Keydown:  
956.2665850000922	EXP	text_4: autoDraw = false
956.2665850000922	EXP	Sound: secs = -1
956.2665850000922	EXP	Sound: volume = 1
956.2665850000922	EXP	Sound: loops = 0
956.2665850000922	EXP	Sound: volume = 1
973.4115150000434	EXP	next_prompt_trial2: autoDraw = true
976.32658000011	DATA	Keydown:  
976.340415000217	EXP	next_prompt_trial2: autoDraw = false
976.340415000217	EXP	Sound: secs = -1
976.340415000217	EXP	Sound: volume = 1
976.340415000217	EXP	Sound: loops = 0
976.340415000217	EXP	Sound: volume = 1
989.473700000206	EXP	next_prompt_trial2: autoDraw = true
991.0094200000167	DATA	Keydown:  
991.0407100000884	EXP	next_prompt_trial2: autoDraw = false
991.0407100000884	EXP	Sound: secs = -1
991.0407100000884	EXP	Sound: volume = 1
991.0407100000884	EXP	Sound: loops = 0
991.0407100000884	EXP	Sound: volume = 1
1011.920880000107	EXP	next_prompt_trial2: autoDraw = true
1012.6744100002106	DATA	Keydown:  
1012.689500000095	EXP	next_prompt_trial2: autoDraw = false
1012.689500000095	EXP	Sound: secs = -1
1012.689500000095	EXP	Sound: volume = 1
1012.689500000095	EXP	Sound: loops = 0
1012.689500000095	EXP	Sound: volume = 1
1029.5357850000728	EXP	next_prompt_trial2: autoDraw = true
1031.1875300002284	DATA	Keydown:  
1031.2026600001846	EXP	next_prompt_trial2: autoDraw = false
1031.2026600001846	EXP	Sound: secs = -1
1031.2026600001846	EXP	Sound: volume = 1
1031.2026600001846	EXP	Sound: loops = 0
1031.2026600001846	EXP	Sound: volume = 1
1049.0996000000741	EXP	next_prompt_trial2: autoDraw = true
1057.651965000201	DATA	Keydown:  
1057.6812500001397	EXP	next_prompt_trial2: autoDraw = false
1057.6812500001397	EXP	Sound: secs = -1
1057.6812500001397	EXP	Sound: volume = 1
1057.6812500001397	EXP	Sound: loops = 0
1057.6812500001397	EXP	Sound: volume = 1
1075.1957750001457	EXP	next_prompt_trial2: autoDraw = true
1077.2811600000132	DATA	Keydown:  
1077.2959900000133	EXP	next_prompt_trial2: autoDraw = false
1077.2959900000133	EXP	Sound: secs = -1
1077.2959900000133	EXP	Sound: volume = 1
1077.2959900000133	EXP	Sound: loops = 0
1077.2959900000133	EXP	Sound: volume = 1
1095.4939500000328	EXP	next_prompt_trial2: autoDraw = true
1096.9953350001015	DATA	Keydown:  
1097.0101200002246	EXP	next_prompt_trial2: autoDraw = false
1097.0101200002246	EXP	Sound: secs = -1
1097.0101200002246	EXP	Sound: volume = 1
1097.0101200002246	EXP	Sound: loops = 0
1097.0101200002246	EXP	Sound: volume = 1
1110.9436350001488	EXP	next_prompt_trial2: autoDraw = true
1112.9444700002205	DATA	Keydown:  
1112.9578550001606	EXP	next_prompt_trial2: autoDraw = false
1112.9578550001606	EXP	Sound: secs = -1
1112.9578550001606	EXP	Sound: volume = 1
1112.9578550001606	EXP	Sound: loops = 0
1112.9578550001606	EXP	Sound: volume = 1
1131.739365000045	EXP	next_prompt_trial2: autoDraw = true
1141.0571450002026	DATA	Keydown:  
1141.0879950001836	EXP	next_prompt_trial2: autoDraw = false
1141.0879950001836	EXP	Sound: secs = -1
1141.0879950001836	EXP	Sound: volume = 1
1141.0879950001836	EXP	Sound: loops = 0
1141.0879950001836	EXP	Sound: volume = 1
1156.6198950000107	EXP	next_prompt_trial2: autoDraw = true
1158.321945000207	DATA	Keydown:  
1158.3521200001705	EXP	next_prompt_trial2: autoDraw = false
1158.3521200001705	EXP	Sound: secs = -1
1158.3521200001705	EXP	Sound: volume = 1
1158.3521200001705	EXP	Sound: loops = 0
1158.3521200001705	EXP	Sound: volume = 1
1175.5186400001403	EXP	next_prompt_trial2: autoDraw = true
1176.7646850000601	DATA	Keydown:  
1176.78320000018	EXP	next_prompt_trial2: autoDraw = false
1176.78320000018	EXP	Sound: secs = -1
1176.78320000018	EXP	Sound: volume = 1
1176.78320000018	EXP	Sound: loops = 0
1176.78320000018	EXP	Sound: volume = 1
1191.1321850002278	EXP	next_prompt_trial2: autoDraw = true
1193.2346950001083	DATA	Keydown:  
1193.2487900000997	EXP	next_prompt_trial2: autoDraw = false
1193.2487900000997	EXP	Sound: secs = -1
1193.2487900000997	EXP	Sound: volume = 1
1193.2487900000997	EXP	Sound: loops = 0
1193.2487900000997	EXP	Sound: volume = 1
1195.8659300000872	DATA	Mouse: wheel shift=(0,-100), pos=(1282,123)
1196.0345600000583	DATA	Mouse: wheel shift=(0,-100), pos=(1297,111)
1196.416635000147	DATA	Mouse: wheel shift=(0,-100), pos=(1365,66)
1196.4640750000253	DATA	Mouse: wheel shift=(0,-100), pos=(1365,64)
1196.5658750000875	DATA	Mouse: wheel shift=(0,-100), pos=(1365,60)
1196.8603350000922	DATA	Mouse: wheel shift=(0,-100), pos=(1365,55)
1196.959620000096	DATA	Mouse: wheel shift=(0,-100), pos=(1365,55)
1197.2771950000897	DATA	Mouse: wheel shift=(0,-100), pos=(1365,54)
1197.316295000026	DATA	Mouse: wheel shift=(0,-100), pos=(1365,52)
1197.3453650001902	DATA	Mouse: wheel shift=(0,-100), pos=(1365,52)
1197.660140000051	DATA	Mouse: wheel shift=(0,-100), pos=(1365,54)
1202.1827950000297	DATA	Mouse: wheel shift=(0,-100), pos=(1365,40)
1202.261390000116	DATA	Mouse: wheel shift=(0,-100), pos=(1365,39)
1202.4480550000444	DATA	Mouse: wheel shift=(0,-100), pos=(1365,39)
1202.6083600001875	DATA	Mouse: wheel shift=(0,-100), pos=(1365,39)
1206.660400000168	DATA	Mouse: wheel shift=(0,-100), pos=(1365,35)
1206.8148450001609	DATA	Mouse: wheel shift=(0,-100), pos=(1365,34)
1208.4992250001524	DATA	Mouse: wheel shift=(0,-100), pos=(1365,29)
1208.5599350000266	DATA	Mouse: wheel shift=(0,-100), pos=(1365,29)
1208.6642100000754	DATA	Mouse: wheel shift=(0,-100), pos=(1365,29)
1209.615620000055	DATA	Mouse: wheel shift=(0,-100), pos=(1365,25)
1209.6311500000302	DATA	Mouse: wheel shift=(0,-100), pos=(1365,25)
1210.1904150000773	DATA	Mouse: wheel shift=(0,-100), pos=(1365,16)
1210.2905000001192	DATA	Mouse: wheel shift=(0,-100), pos=(1365,4)
1211.4630200001411	EXP	next_prompt_trial2: autoDraw = true
1213.637935000006	DATA	Keydown:  
1213.6621100001503	EXP	next_prompt_trial2: autoDraw = false
1213.6621100001503	EXP	Sound: secs = -1
1213.6621100001503	EXP	Sound: volume = 1
1213.6621100001503	EXP	Sound: loops = 0
1213.6621100001503	EXP	Sound: volume = 1
1220.535950000165	DATA	Mouse: wheel shift=(0,-100), pos=(1365,3)
1220.545885000145	DATA	Mouse: wheel shift=(0,-100), pos=(1365,3)
1221.0944700001273	DATA	Mouse: wheel shift=(0,-100), pos=(1365,3)
1221.1405600002035	DATA	Mouse: wheel shift=(0,-100), pos=(1365,3)
1221.5637300000526	DATA	Mouse: wheel shift=(0,-100), pos=(1365,3)
1222.5564500000328	DATA	Mouse: wheel shift=(0,-100), pos=(1365,3)
1224.4572650000919	DATA	Mouse: wheel shift=(0,-100), pos=(1365,5)
1235.7064150001388	DATA	Mouse: wheel shift=(0,-100), pos=(1365,9)
1235.7886050001252	DATA	Mouse: wheel shift=(0,-100), pos=(1365,9)
1235.8217500001192	DATA	Mouse: wheel shift=(0,-100), pos=(1365,9)
1235.9077950001229	DATA	Mouse: wheel shift=(0,-100), pos=(1365,8)
1237.1601050000172	EXP	next_prompt_trial2: autoDraw = true
1239.078625000082	DATA	Keydown:  
1239.0927300001495	EXP	next_prompt_trial2: autoDraw = false
1239.0927300001495	EXP	Sound: secs = -1
1239.0927300001495	EXP	Sound: volume = 1
1239.0927300001495	EXP	Sound: loops = 0
1239.0927300001495	EXP	Sound: volume = 1
1244.620810000226	DATA	Mouse: wheel shift=(0,-100), pos=(1365,11)
1244.6868600000162	DATA	Mouse: wheel shift=(0,-100), pos=(1365,11)
1245.6037500000093	DATA	Mouse: wheel shift=(0,-100), pos=(1365,10)
1245.6257800001185	DATA	Mouse: wheel shift=(0,-100), pos=(1365,10)
1245.6697350000031	DATA	Mouse: wheel shift=(0,-100), pos=(1365,10)
1247.8198200000916	DATA	Mouse: wheel shift=(0,-100), pos=(1365,7)
1247.9194250002038	DATA	Mouse: wheel shift=(0,-100), pos=(1365,7)
1248.0527600001078	DATA	Mouse: wheel shift=(0,-100), pos=(1365,7)
1248.252255000174	DATA	Mouse: wheel shift=(0,-100), pos=(1365,7)
1254.1250250001904	DATA	Mouse: wheel shift=(0,-100), pos=(1365,5)
1254.1407550000586	EXP	next_prompt_trial2: autoDraw = true
1254.3185050000902	DATA	Mouse: wheel shift=(0,-100), pos=(1365,5)
1255.981085000094	DATA	Keydown:  
1256.0063050000463	EXP	next_prompt_trial2: autoDraw = false
1256.0063050000463	EXP	Sound: secs = -1
1256.0063050000463	EXP	Sound: volume = 1
1256.0063050000463	EXP	Sound: loops = 0
1256.0063050000463	EXP	Sound: volume = 1
1257.7189350000117	DATA	Mouse: wheel shift=(0,-100), pos=(1365,5)
1257.7422350000124	DATA	Mouse: wheel shift=(0,-100), pos=(1365,5)
1257.8681350001134	DATA	Mouse: wheel shift=(0,-100), pos=(1365,5)
1261.401060000062	DATA	Mouse: wheel shift=(0,-100), pos=(1365,5)
1262.2674850001931	DATA	Mouse: wheel shift=(0,-100), pos=(1365,5)
1262.4355000001378	DATA	Mouse: wheel shift=(0,-100), pos=(1365,2)
1269.1719950002152	EXP	next_prompt_trial2: autoDraw = true
1270.8730650001671	DATA	Keydown:  
1270.888730000006	EXP	next_prompt_trial2: autoDraw = false
1270.888730000006	EXP	Sound: secs = -1
1270.888730000006	EXP	Sound: volume = 1
1270.888730000006	EXP	Sound: loops = 0
1270.888730000006	EXP	Sound: volume = 1
1283.7038200001698	EXP	next_prompt_trial2: autoDraw = true
1285.6881650001742	DATA	Keydown:  
1285.7036450000014	EXP	next_prompt_trial2: autoDraw = false
1285.7036450000014	EXP	Sound: secs = -1
1285.7036450000014	EXP	Sound: volume = 1
1285.7036450000014	EXP	Sound: loops = 0
1285.7036450000014	EXP	Sound: volume = 1
1303.9508000002243	EXP	next_prompt_trial2: autoDraw = true
1305.8855550000444	DATA	Keydown:  
1305.9007250000723	EXP	next_prompt_trial2: autoDraw = false
1305.9007250000723	EXP	Sound: secs = -1
1305.9007250000723	EXP	Sound: volume = 1
1305.9007250000723	EXP	Sound: loops = 0
1305.9007250000723	EXP	Sound: volume = 1
1322.9002900000196	EXP	next_prompt_trial2: autoDraw = true
1324.5733200001996	DATA	Keydown:  
1324.5855500001926	EXP	next_prompt_trial2: autoDraw = false
1324.5855500001926	EXP	Sound: secs = -1
1324.5855500001926	EXP	Sound: volume = 1
1324.5855500001926	EXP	Sound: loops = 0
1324.5855500001926	EXP	Sound: volume = 1
1340.4323900002055	EXP	next_prompt_trial2: autoDraw = true
1342.8105450000148	DATA	Keydown:  
1342.8186350001488	EXP	next_prompt_trial2: autoDraw = false
1342.8186350001488	EXP	Sound: secs = -1
1342.8186350001488	EXP	Sound: volume = 1
1342.8186350001488	EXP	Sound: loops = 0
1342.8186350001488	EXP	Sound: volume = 1
1351.032150000101	DATA	Keydown:  
1358.7462300001644	EXP	next_prompt_trial2: autoDraw = true
1361.4273150002118	DATA	Keydown:  
1361.4390800001565	EXP	next_prompt_trial2: autoDraw = false
1361.4390800001565	EXP	Sound: secs = -1
1361.4390800001565	EXP	Sound: volume = 1
1361.4390800001565	EXP	Sound: loops = 0
1361.4390800001565	EXP	Sound: volume = 1
1377.4604550001677	EXP	next_prompt_trial2: autoDraw = true
1380.712160000112	DATA	Keydown:  
1380.7415500001516	EXP	next_prompt_trial2: autoDraw = false
1380.7415500001516	EXP	Sound: secs = -1
1380.7415500001516	EXP	Sound: volume = 1
1380.7415500001516	EXP	Sound: loops = 0
1380.7415500001516	EXP	Sound: volume = 1
1398.672825000016	EXP	next_prompt_trial2: autoDraw = true
1400.3577950000763	DATA	Keydown:  
1400.3718300000764	EXP	next_prompt_trial2: autoDraw = false
1400.3718300000764	EXP	Sound: secs = -1
1400.3718300000764	EXP	Sound: volume = 1
1400.3718300000764	EXP	Sound: loops = 0
1400.3718300000764	EXP	Sound: volume = 1
1420.7208250002004	EXP	next_prompt_trial2: autoDraw = true
1422.8462350000627	DATA	Keydown:  
1422.8689500000328	EXP	next_prompt_trial2: autoDraw = false
1422.8689500000328	EXP	Sound: secs = -1
1422.8689500000328	EXP	Sound: volume = 1
1422.8689500000328	EXP	Sound: loops = 0
1422.8689500000328	EXP	Sound: volume = 1
1440.3842850001529	EXP	next_prompt_trial2: autoDraw = true
1442.3861450001132	DATA	Keydown:  
1442.4017450001556	EXP	next_prompt_trial2: autoDraw = false
1442.4017450001556	EXP	Sound: secs = -1
1442.4017450001556	EXP	Sound: volume = 1
1442.4017450001556	EXP	Sound: loops = 0
1442.4017450001556	EXP	Sound: volume = 1
1461.3495350000449	EXP	next_prompt_trial2: autoDraw = true
1471.4992900001816	DATA	Keydown:  
1471.5136000001803	EXP	next_prompt_trial2: autoDraw = false
1471.5136000001803	EXP	Sound: secs = -1
1471.5136000001803	EXP	Sound: volume = 1
1471.5136000001803	EXP	Sound: loops = 0
1471.5136000001803	EXP	Sound: volume = 1
1492.0280350001995	EXP	next_prompt_trial2: autoDraw = true
1493.7732000001706	DATA	Keydown:  
1493.7936650000047	EXP	next_prompt_trial2: autoDraw = false
1493.7936650000047	EXP	Sound: secs = -1
1493.7936650000047	EXP	Sound: volume = 1
1493.7936650000047	EXP	Sound: loops = 0
1493.7936650000047	EXP	Sound: volume = 1
1493.9497250001878	DATA	Keydown:  
1511.629745000042	EXP	next_prompt_trial2: autoDraw = true
1521.7572700001765	DATA	Keydown:  
1521.772920000134	EXP	next_prompt_trial2: autoDraw = false
1521.772920000134	EXP	Sound: secs = -1
1521.772920000134	EXP	Sound: volume = 1
1521.772920000134	EXP	Sound: loops = 0
1521.772920000134	EXP	Sound: volume = 1
1537.056965000229	EXP	next_prompt_trial2: autoDraw = true
1539.3124100000132	DATA	Keydown:  
1539.3266950000543	EXP	next_prompt_trial2: autoDraw = false
1539.3266950000543	EXP	Sound: secs = -1
1539.3266950000543	EXP	Sound: volume = 1
1539.3266950000543	EXP	Sound: loops = 0
1539.3266950000543	EXP	Sound: volume = 1
1557.7915600000415	DATA	Keydown:  
1558.7213550000452	EXP	next_prompt_trial2: autoDraw = true
1560.0906400000677	DATA	Keydown:  
1560.119010000024	EXP	next_prompt_trial2: autoDraw = false
1560.119010000024	EXP	Sound: secs = -1
1560.119010000024	EXP	Sound: volume = 1
1560.119010000024	EXP	Sound: loops = 0
1560.119010000024	EXP	Sound: volume = 1
1574.7341900002211	EXP	next_prompt_trial2: autoDraw = true
1580.0014100000262	DATA	Keydown:  
1580.0166949999984	EXP	next_prompt_trial2: autoDraw = false
1580.0166949999984	EXP	Sound: secs = -1
1580.0166949999984	EXP	Sound: volume = 1
1580.0166949999984	EXP	Sound: loops = 0
1580.0166949999984	EXP	Sound: volume = 1
1595.2158950001467	EXP	next_prompt_trial2: autoDraw = true
1597.1656550001353	DATA	Keydown:  
1597.1818350001704	EXP	next_prompt_trial2: autoDraw = false
1597.1818350001704	EXP	Sound: secs = -1
1597.1818350001704	EXP	Sound: volume = 1
1597.1818350001704	EXP	Sound: loops = 0
1597.1818350001704	EXP	Sound: volume = 1
1620.128245000029	EXP	next_prompt_trial2: autoDraw = true
1621.9524150001816	DATA	Keydown:  
1621.978140000021	EXP	next_prompt_trial2: autoDraw = false
1621.978140000021	EXP	Sound: secs = -1
1621.978140000021	EXP	Sound: volume = 1
1621.978140000021	EXP	Sound: loops = 0
1621.978140000021	EXP	Sound: volume = 1
1638.709475000156	EXP	next_prompt_trial2: autoDraw = true
1640.432610000018	DATA	Keydown:  
1640.4592950001825	EXP	next_prompt_trial2: autoDraw = false
1640.4592950001825	EXP	Sound: secs = -1
1640.4592950001825	EXP	Sound: volume = 1
1640.4592950001825	EXP	Sound: loops = 0
1640.4592950001825	EXP	Sound: volume = 1
1655.2403800000902	EXP	next_prompt_trial2: autoDraw = true
1656.9784200000577	DATA	Keydown:  
1656.9934400001075	EXP	next_prompt_trial2: autoDraw = false
1656.9934400001075	EXP	Sound: secs = -1
1656.9934400001075	EXP	Sound: volume = 1
1656.9934400001075	EXP	Sound: loops = 0
1656.9934400001075	EXP	Sound: volume = 1
1674.8046950001735	EXP	next_prompt_trial2: autoDraw = true
1676.3463800000027	DATA	Keydown:  
1676.3701350002084	EXP	next_prompt_trial2: autoDraw = false
1676.3701350002084	EXP	Sound: secs = -1
1676.3701350002084	EXP	Sound: volume = 1
1676.3701350002084	EXP	Sound: loops = 0
1676.3701350002084	EXP	Sound: volume = 1
1698.137085000053	EXP	next_prompt_trial2: autoDraw = true
1699.4756550001912	DATA	Keydown:  
1699.5021350001916	EXP	next_prompt_trial2: autoDraw = false
1699.5021350001916	EXP	Sound: secs = -1
1699.5021350001916	EXP	Sound: volume = 1
1699.5021350001916	EXP	Sound: loops = 0
1699.5021350001916	EXP	Sound: volume = 1
1706.3132800001185	DATA	Mouse: wheel shift=(0,-100), pos=(1068,257)
1706.3688350000884	DATA	Mouse: wheel shift=(0,-100), pos=(1068,257)
1712.2784150000662	DATA	Mouse: wheel shift=(0,-100), pos=(1055,254)
1712.362620000029	DATA	Mouse: wheel shift=(0,-100), pos=(1055,254)
1714.0121450000443	DATA	Mouse: wheel shift=(0,-100), pos=(1055,254)
1716.4830599999987	EXP	next_prompt_trial2: autoDraw = true
1718.0166200001258	DATA	Keydown:  
1718.0338200000115	EXP	next_prompt_trial2: autoDraw = false
1718.0338200000115	EXP	Sound: secs = -1
1718.0338200000115	EXP	Sound: volume = 1
1718.0338200000115	EXP	Sound: loops = 0
1718.0338200000115	EXP	Sound: volume = 1
1738.263380000135	EXP	next_prompt_trial2: autoDraw = true
1739.3365700000431	DATA	Keydown:  
1739.3631850001402	EXP	next_prompt_trial2: autoDraw = false
1739.3631850001402	EXP	Sound: secs = -1
1739.3631850001402	EXP	Sound: volume = 1
1739.3631850001402	EXP	Sound: loops = 0
1739.3631850001402	EXP	Sound: volume = 1
1759.1947200000286	EXP	next_prompt_trial2: autoDraw = true
1760.1250850001816	DATA	Keydown:  
1760.19654000015	EXP	next_prompt_trial2: autoDraw = false
1760.19654000015	EXP	completion_text: autoDraw = true
1763.152460000012	DATA	Mouse: 0 button down, pos=(377,261)
1763.2826150001492	DATA	Mouse: 0 button down, pos=(377,261)
1763.3500800000038	DATA	Mouse: 0 button down, pos=(377,261)
1763.5160000000615	DATA	Mouse: 0 button down, pos=(377,261)
1764.7967550000176	DATA	Mouse: 0 button down, pos=(392,264)
1764.9350650000852	DATA	Mouse: 0 button down, pos=(392,264)
1764.985730000073	DATA	Mouse: 0 button down, pos=(392,264)
1765.1558600000571	DATA	Mouse: 0 button down, pos=(392,264)
1765.9307550000958	DATA	Mouse: 0 button down, pos=(364,261)
1766.9548650002107	DATA	Mouse: 0 button down, pos=(406,265)
1767.9720600000583	DATA	Mouse: wheel shift=(0,100), pos=(568,388)
1768.0220000001136	DATA	Mouse: wheel shift=(0,100), pos=(568,391)
1768.1398500001524	DATA	Mouse: wheel shift=(0,100), pos=(567,395)
1768.2072250000201	DATA	Mouse: wheel shift=(0,100), pos=(567,406)
1768.9200250001159	DATA	Mouse: wheel shift=(0,100), pos=(572,415)
1768.9392850000877	DATA	Mouse: wheel shift=(0,100), pos=(572,415)
1768.9560950000305	DATA	Mouse: wheel shift=(0,100), pos=(572,415)
1769.0727250000928	DATA	Mouse: wheel shift=(0,100), pos=(570,415)
1769.9557849999983	DATA	Mouse: wheel shift=(0,100), pos=(568,456)
1769.9875450001564	DATA	Mouse: wheel shift=(0,200), pos=(568,456)
1783.7262400002219	DATA	Mouse: 0 button down, pos=(891,240)
1783.7266300001647	DATA	Mouse: 0 button down, pos=(891,240)
1783.7519450001419	DATA	Mouse: wheel shift=(0,100), pos=(891,240)
1783.7685900002252	DATA	Mouse: wheel shift=(0,100), pos=(1214,405)
1783.7852400001138	DATA	Mouse: wheel shift=(0,100), pos=(1214,405)
1783.885740000056	DATA	Mouse: wheel shift=(0,100), pos=(1214,405)
1790.980540000135	DATA	Keydown:  
1791.0103250001557	EXP	completion_text: autoDraw = false
1791.0103250001557	EXP	goodbyetxt: autoDraw = true
1793.600384999998	DATA	Mouse: wheel shift=(0,100), pos=(1120,417)
1793.6523200001102	DATA	Mouse: wheel shift=(0,100), pos=(1119,418)
1793.7508900000248	DATA	Mouse: wheel shift=(0,100), pos=(1112,420)
1793.8190300001297	DATA	Mouse: wheel shift=(0,100), pos=(1105,424)
