0.11299999989569187	EXP	Created Window = Window( name=Window, fullscr=true, color=#808080, units=height, waitBlanking=true, autoLog=true, size=[1366,657] )
65.3469999996014	DATA	Keydown: undefined
67.48999999975786	DATA	Keydown: undefined
70.36899999994785	DATA	Keydown: undefined
72.335999999661	DATA	Keydown: undefined
75	DATA	Keydown: Backspace
75.20299999974668	DATA	Keydown: Backspace
77.03099999995902	DATA	Keydown: undefined
78.7229999997653	DATA	Keydown: undefined
80.15699999965727	DATA	Keydown: undefined
81.63699999963865	DATA	Keydown: undefined
82.91799999959767	DATA	Keydown: undefined
86.27199999988079	DATA	Keydown: undefined
87.79399999976158	DATA	Keydown: undefined
89.30999999959022	EXP	Created instructiontxt = TextStim( name=instructiontxt, win=Window( name=Window, fullscr=true, color=#808080, ~), autoDraw=null, autoLog=true, units=height, ori=null, opacity=1, pos=[0,0], size=undefined, text=Welcome to tapping experiment. 

You will hear a s~, font=Arial, color=#FFFFFF, contrast=1, height=0.05, bold=null, italic=null, alignHoriz=left, alignVert=center, wrapWidth=1, flipHoriz=null, flipVert=null )
89.33899999968708	EXP	Created TonePlayer = TonePlayer( name=TonePlayer, note=A4, duration_s=-1, volume=1, loops=null, soundLibrary="TONE_JS", autoLog=true )
89.34199999971315	EXP	Created text = TextStim( name=text, win=Window( name=Window, fullscr=true, color=#808080, ~), autoDraw=null, autoLog=true, units=height, ori=null, opacity=1, pos=[0,0], size=undefined, text=Ready for the next trial?

press space bar to star~, font=Arial, color=#FFFFFF, contrast=1, height=0.05, bold=null, italic=null, alignHoriz=left, alignVert=center, wrapWidth=1, flipHoriz=null, flipVert=null )
89.34599999990314	EXP	Created text_2 = TextStim( name=text_2, win=Window( name=Window, fullscr=true, color=#808080, ~), autoDraw=null, autoLog=true, units=height, ori=null, opacity=1, pos=[0,0], size=undefined, text=Practice trials are over.

Now we are going to sta~, font=Arial, color=#FFFFFF, contrast=1, height=0.05, bold=null, italic=null, alignHoriz=left, alignVert=center, wrapWidth=1, flipHoriz=null, flipVert=null )
89.34899999992922	EXP	Created TonePlayer = TonePlayer( name=TonePlayer, note=A4, duration_s=-1, volume=1, loops=null, soundLibrary="TONE_JS", autoLog=true )
89.36599999992177	EXP	Created text_3 = TextStim( name=text_3, win=Window( name=Window, fullscr=true, color=#808080, ~), autoDraw=null, autoLog=true, units=height, ori=null, opacity=1, pos=[0,0], size=undefined, text=Ready for the next trial?

Press space bar to star~, font=Arial, color=#FFFFFF, contrast=1, height=0.05, bold=null, italic=null, alignHoriz=left, alignVert=center, wrapWidth=1, flipHoriz=null, flipVert=null )
89.36799999978393	EXP	Created text_4 = TextStim( name=text_4, win=Window( name=Window, fullscr=true, color=#808080, ~), autoDraw=null, autoLog=true, units=height, ori=null, opacity=1, pos=[0,0], size=undefined, text=Great! This is the half-way break. 

Please take y~, font=Arial, color=#FFFFFF, contrast=1, height=0.05, bold=null, italic=null, alignHoriz=left, alignVert=center, wrapWidth=1, flipHoriz=null, flipVert=null )
89.3699999996461	EXP	Created TonePlayer = TonePlayer( name=TonePlayer, note=A4, duration_s=-1, volume=1, loops=null, soundLibrary="TONE_JS", autoLog=true )
89.375	EXP	Created next_prompt_trial2 = TextStim( name=next_prompt_trial2, win=Window( name=Window, fullscr=true, color=#808080, ~), autoDraw=null, autoLog=true, units=height, ori=null, opacity=1, pos=[0,0], size=undefined, text=Ready for the next trial? 

Press space bar to sta~, font=Arial, color=#FFFFFF, contrast=1, height=0.05, bold=null, italic=null, alignHoriz=left, alignVert=center, wrapWidth=1, flipHoriz=null, flipVert=null )
89.37799999956042	EXP	Created completion_text = TextStim( name=completion_text, win=Window( name=Window, fullscr=true, color=#808080, ~), autoDraw=null, autoLog=true, units=height, ori=null, opacity=1, pos=[0,0], size=undefined, text=Thanks for your participation! 

Here is your expe~, font=Arial, color=#FFFFFF, contrast=1, height=0.05, bold=null, italic=null, alignHoriz=left, alignVert=center, wrapWidth=1, flipHoriz=null, flipVert=null )
89.37799999956042	EXP	Created goodbyetxt = TextStim( name=goodbyetxt, win=Window( name=Window, fullscr=true, color=#808080, ~), autoDraw=null, autoLog=true, units=height, ori=null, opacity=1, pos=[0,0], size=undefined, text=The test is over!

Thank you so much!!, font=Arial, color=#FFFFFF, contrast=1, height=0.05, bold=null, italic=null, alignHoriz=left, alignVert=center, wrapWidth=1, flipHoriz=null, flipVert=null )
89.49399999994785	EXP	instructiontxt: units = "height"
89.49399999994785	EXP	instructiontxt: ori = 0
89.49399999994785	EXP	instructiontxt: opacity = 1
89.49399999994785	EXP	instructiontxt: pos = [0,0]
89.49399999994785	EXP	instructiontxt: size = undefined
89.49399999994785	EXP	instructiontxt: text = "Welcome to tapping experiment. \n\nYou will hear a sequence of tones.\nUse the index finger of your dominant hand \nto tap the spacebar at where you think the beat \nis throughout the sound file at each trial. \n\nWhen you are ready, press the spacebar to begin the practice."
89.49399999994785	EXP	instructiontxt: font = "Arial"
89.49399999994785	EXP	instructiontxt: color = {"_hex":"#FFFFFF","_rgb":[1,1,1]}
89.49399999994785	EXP	instructiontxt: contrast = 1
89.49399999994785	EXP	instructiontxt: height = 0.05
89.49399999994785	EXP	instructiontxt: bold = false
89.49399999994785	EXP	instructiontxt: italic = false
89.49399999994785	EXP	instructiontxt: alignHoriz = "left"
89.49399999994785	EXP	instructiontxt: alignVert = "center"
89.49399999994785	EXP	instructiontxt: wrapWidth = 1
89.49399999994785	EXP	instructiontxt: flipHoriz = false
89.49399999994785	EXP	instructiontxt: flipVert = false
89.49399999994785	EXP	Sound: secs = -1
89.49399999994785	EXP	Sound: volume = 1
89.49399999994785	EXP	Sound: loops = 0
89.49399999994785	EXP	Sound: volume = 1
89.49399999994785	EXP	text: units = "height"
89.49399999994785	EXP	text: ori = 0
89.49399999994785	EXP	text: opacity = 1
89.49399999994785	EXP	text: pos = [0,0]
89.49399999994785	EXP	text: size = undefined
89.49399999994785	EXP	text: text = "Ready for the next trial?\n\npress space bar to start."
89.49399999994785	EXP	text: font = "Arial"
89.49399999994785	EXP	text: color = {"_hex":"#FFFFFF","_rgb":[1,1,1]}
89.49399999994785	EXP	text: contrast = 1
89.49399999994785	EXP	text: height = 0.05
89.49399999994785	EXP	text: bold = false
89.49399999994785	EXP	text: italic = false
89.49399999994785	EXP	text: alignHoriz = "left"
89.49399999994785	EXP	text: alignVert = "center"
89.49399999994785	EXP	text: wrapWidth = 1
89.49399999994785	EXP	text: flipHoriz = false
89.49399999994785	EXP	text: flipVert = false
89.49399999994785	EXP	text_2: units = "height"
89.49399999994785	EXP	text_2: ori = 0
89.49399999994785	EXP	text_2: opacity = 1
89.49399999994785	EXP	text_2: pos = [0,0]
89.49399999994785	EXP	text_2: size = undefined
89.49399999994785	EXP	text_2: text = "Practice trials are over.\n\nNow we are going to start the real test trials.\nThe total session length will be about 28 minutes, but we will have a short break at the half way mark.\n\nIf you are ready, please space bar."
89.49399999994785	EXP	text_2: font = "Arial"
89.49399999994785	EXP	text_2: color = {"_hex":"#FFFFFF","_rgb":[1,1,1]}
89.49399999994785	EXP	text_2: contrast = 1
89.49399999994785	EXP	text_2: height = 0.05
89.49399999994785	EXP	text_2: bold = false
89.49399999994785	EXP	text_2: italic = false
89.49399999994785	EXP	text_2: alignHoriz = "left"
89.49399999994785	EXP	text_2: alignVert = "center"
89.49399999994785	EXP	text_2: wrapWidth = 1
89.49399999994785	EXP	text_2: flipHoriz = false
89.49399999994785	EXP	text_2: flipVert = false
89.49399999994785	EXP	Sound: secs = -1
89.49399999994785	EXP	Sound: volume = 1
89.49399999994785	EXP	Sound: loops = 0
89.49399999994785	EXP	Sound: volume = 1
89.49399999994785	EXP	text_3: units = "height"
89.49399999994785	EXP	text_3: ori = 0
89.49399999994785	EXP	text_3: opacity = 1
89.49399999994785	EXP	text_3: pos = [0,0]
89.49399999994785	EXP	text_3: size = undefined
89.49399999994785	EXP	text_3: text = "Ready for the next trial?\n\nPress space bar to start."
89.49399999994785	EXP	text_3: font = "Arial"
89.49399999994785	EXP	text_3: color = {"_hex":"#FFFFFF","_rgb":[1,1,1]}
89.49399999994785	EXP	text_3: contrast = 1
89.49399999994785	EXP	text_3: height = 0.05
89.49399999994785	EXP	text_3: bold = false
89.49399999994785	EXP	text_3: italic = false
89.49399999994785	EXP	text_3: alignHoriz = "left"
89.49399999994785	EXP	text_3: alignVert = "center"
89.49399999994785	EXP	text_3: wrapWidth = 1
89.49399999994785	EXP	text_3: flipHoriz = false
89.49399999994785	EXP	text_3: flipVert = false
89.49399999994785	EXP	text_4: units = "height"
89.49399999994785	EXP	text_4: ori = 0
89.49399999994785	EXP	text_4: opacity = 1
89.49399999994785	EXP	text_4: pos = [0,0]
89.49399999994785	EXP	text_4: size = undefined
89.49399999994785	EXP	text_4: text = "Great! This is the half-way break. \n\nPlease take your time. \n\nWhen you are ready to start the second-half of the test trials, please press space bar. "
89.49399999994785	EXP	text_4: font = "Arial"
89.49399999994785	EXP	text_4: color = {"_hex":"#FFFFFF","_rgb":[1,1,1]}
89.49399999994785	EXP	text_4: contrast = 1
89.49399999994785	EXP	text_4: height = 0.05
89.49399999994785	EXP	text_4: bold = false
89.49399999994785	EXP	text_4: italic = false
89.49399999994785	EXP	text_4: alignHoriz = "left"
89.49399999994785	EXP	text_4: alignVert = "center"
89.49399999994785	EXP	text_4: wrapWidth = 1
89.49399999994785	EXP	text_4: flipHoriz = false
89.49399999994785	EXP	text_4: flipVert = false
89.49399999994785	EXP	Sound: secs = -1
89.49399999994785	EXP	Sound: volume = 1
89.49399999994785	EXP	Sound: loops = 0
89.49399999994785	EXP	Sound: volume = 1
89.49399999994785	EXP	next_prompt_trial2: units = "height"
89.49399999994785	EXP	next_prompt_trial2: ori = 0
89.49399999994785	EXP	next_prompt_trial2: opacity = 1
89.49399999994785	EXP	next_prompt_trial2: pos = [0,0]
89.49399999994785	EXP	next_prompt_trial2: size = undefined
89.49399999994785	EXP	next_prompt_trial2: text = "Ready for the next trial? \n\nPress space bar to start. "
89.49399999994785	EXP	next_prompt_trial2: font = "Arial"
89.49399999994785	EXP	next_prompt_trial2: color = {"_hex":"#FFFFFF","_rgb":[1,1,1]}
89.49399999994785	EXP	next_prompt_trial2: contrast = 1
89.49399999994785	EXP	next_prompt_trial2: height = 0.05
89.49399999994785	EXP	next_prompt_trial2: bold = false
89.49399999994785	EXP	next_prompt_trial2: italic = false
89.49399999994785	EXP	next_prompt_trial2: alignHoriz = "left"
89.49399999994785	EXP	next_prompt_trial2: alignVert = "center"
89.49399999994785	EXP	next_prompt_trial2: wrapWidth = 1
89.49399999994785	EXP	next_prompt_trial2: flipHoriz = false
89.49399999994785	EXP	next_prompt_trial2: flipVert = false
89.49399999994785	EXP	completion_text: units = "height"
89.49399999994785	EXP	completion_text: ori = 0
89.49399999994785	EXP	completion_text: opacity = 1
89.49399999994785	EXP	completion_text: pos = [0,0]
89.49399999994785	EXP	completion_text: size = undefined
89.49399999994785	EXP	completion_text: text = "Thanks for your participation! \n\nHere is your experiment completion code: \n\n9158 \n\nPlease write down this code as you will need it in order to receive payment.\n\nIf you are not an MTurk worker, please send an email to nolan.lem@gmail.com with the Experiment Completion Code as the subject of the email. In order to complete the \nexperiment, when you are ready please press space bar and wait until you see a text box appear that says \"Thanks for your patience\" where you can click 'ok'. \n\nIf you are an MTurk worker, please press the space bar to be redirected to the MTurk experiment \nhomepage where you can input the code into the Experiment Completion Code box. "
89.49399999994785	EXP	completion_text: font = "Arial"
89.49399999994785	EXP	completion_text: color = {"_hex":"#FFFFFF","_rgb":[1,1,1]}
89.49399999994785	EXP	completion_text: contrast = 1
89.49399999994785	EXP	completion_text: height = 0.05
89.49399999994785	EXP	completion_text: bold = false
89.49399999994785	EXP	completion_text: italic = false
89.49399999994785	EXP	completion_text: alignHoriz = "left"
89.49399999994785	EXP	completion_text: alignVert = "center"
89.49399999994785	EXP	completion_text: wrapWidth = 1
89.49399999994785	EXP	completion_text: flipHoriz = false
89.49399999994785	EXP	completion_text: flipVert = false
89.49399999994785	EXP	goodbyetxt: units = "height"
89.49399999994785	EXP	goodbyetxt: ori = 0
89.49399999994785	EXP	goodbyetxt: opacity = 1
89.49399999994785	EXP	goodbyetxt: pos = [0,0]
89.49399999994785	EXP	goodbyetxt: size = undefined
89.49399999994785	EXP	goodbyetxt: text = "The test is over!\n\nThank you so much!!"
89.49399999994785	EXP	goodbyetxt: font = "Arial"
89.49399999994785	EXP	goodbyetxt: color = {"_hex":"#FFFFFF","_rgb":[1,1,1]}
89.49399999994785	EXP	goodbyetxt: contrast = 1
89.49399999994785	EXP	goodbyetxt: height = 0.05
89.49399999994785	EXP	goodbyetxt: bold = false
89.49399999994785	EXP	goodbyetxt: italic = false
89.49399999994785	EXP	goodbyetxt: alignHoriz = "left"
89.49399999994785	EXP	goodbyetxt: alignVert = "center"
89.49399999994785	EXP	goodbyetxt: wrapWidth = 1
89.49399999994785	EXP	goodbyetxt: flipHoriz = false
89.49399999994785	EXP	goodbyetxt: flipVert = false
89.49399999994785	EXP	instructiontxt: autoDraw = true
95.58099999977276	DATA	Mouse: wheel shift=(0,100), pos=(677,428)
95.65499999979511	DATA	Mouse: wheel shift=(0,100), pos=(677,428)
95.78299999982119	DATA	Mouse: wheel shift=(0,200), pos=(677,428)
96.02399999974295	DATA	Mouse: wheel shift=(0,300), pos=(677,428)
96.96499999985099	DATA	Keydown:  
97.03099999995902	EXP	instructiontxt: autoDraw = false
97.03099999995902	EXP	Sound: secs = -1
97.03099999995902	EXP	Sound: volume = 1
97.03099999995902	EXP	Sound: loops = 0
97.03099999995902	EXP	Sound: volume = 1
115.33699999982491	EXP	text: autoDraw = true
120.42799999983981	DATA	Keydown:  
120.52499999990687	EXP	text: autoDraw = false
120.52499999990687	EXP	text_2: autoDraw = true
130.91299999970943	DATA	Keydown:  
130.93999999994412	EXP	text_2: autoDraw = false
130.93999999994412	EXP	Sound: secs = -1
130.93999999994412	EXP	Sound: volume = 1
130.93999999994412	EXP	Sound: loops = 0
130.93999999994412	EXP	Sound: volume = 1
148.19199999980628	EXP	text_3: autoDraw = true
158.95299999974668	DATA	Keydown:  
158.9949999996461	EXP	text_3: autoDraw = false
158.9949999996461	EXP	text_4: autoDraw = true
159.39199999999255	DATA	Keydown:  
159.42099999962375	EXP	text_4: autoDraw = false
159.42099999962375	EXP	Sound: secs = -1
159.42099999962375	EXP	Sound: volume = 1
159.42099999962375	EXP	Sound: loops = 0
159.42099999962375	EXP	Sound: volume = 1
176.63999999966472	EXP	next_prompt_trial2: autoDraw = true
178.8469999996014	DATA	Keydown:  
178.91099999984726	EXP	next_prompt_trial2: autoDraw = false
178.91099999984726	EXP	completion_text: autoDraw = true
181.7219999996014	DATA	Mouse: wheel shift=(0,-100), pos=(860,278)
181.7569999997504	DATA	Mouse: wheel shift=(0,-200), pos=(860,278)
181.98499999986961	DATA	Mouse: wheel shift=(0,-100), pos=(860,278)
182.0399999995716	DATA	Mouse: wheel shift=(0,-100), pos=(860,278)
182.10999999986961	DATA	Mouse: wheel shift=(0,-100), pos=(846,273)
182.37699999986216	DATA	Mouse: wheel shift=(0,-100), pos=(404,173)
182.40199999976903	DATA	Mouse: wheel shift=(0,-100), pos=(401,172)
182.72399999992922	DATA	Mouse: wheel shift=(0,-100), pos=(413,168)
182.7679999996908	DATA	Mouse: wheel shift=(0,-200), pos=(413,168)
183.1579999998212	DATA	Mouse: wheel shift=(0,-100), pos=(580,144)
183.20899999979883	DATA	Mouse: wheel shift=(0,-200), pos=(580,144)
184.12999999988824	DATA	Mouse: 0 button down, pos=(348,79)
184.20499999960884	DATA	Mouse: 0 button down, pos=(348,79)
184.3699999996461	DATA	Mouse: 0 button down, pos=(348,79)
184.43299999972805	DATA	Mouse: 0 button down, pos=(348,79)
195.83499999996275	DATA	Mouse: wheel shift=(0,100), pos=(642,305)
195.92599999997765	DATA	Mouse: wheel shift=(0,100), pos=(644,311)
195.9729999997653	DATA	Mouse: wheel shift=(0,100), pos=(645,315)
196.07799999974668	DATA	Mouse: wheel shift=(0,100), pos=(645,316)
202.83299999963492	DATA	Mouse: 0 button down, pos=(305,84)
203.39099999982864	DATA	Mouse: 0 button down, pos=(435,92)
223.6809999998659	DATA	Mouse: wheel shift=(0,100), pos=(575,316)
223.74299999978393	DATA	Mouse: wheel shift=(0,100), pos=(617,320)
225.25299999956042	DATA	Keydown:  
225.26999999955297	EXP	completion_text: autoDraw = false
225.26999999955297	EXP	goodbyetxt: autoDraw = true
