0.06900000001769513	EXP	Created Window = Window( name=Window, fullscr=true, color=#808080, units=height, waitBlanking=true, autoLog=true, size=[1360,625] )
15.253000000026077	DATA	Keydown: c
15.320999999996275	DATA	Keydown: a
15.511999999987893	DATA	Keydown: l
15.978000000002794	DATA	Keydown: d
16.32999999995809	DATA	Keydown: e
16.55099999997765	DATA	Keydown: r
16.631999999983236	DATA	Keydown: o
16.858999999938533	DATA	Keydown: n
17.934999999939464	DATA	Keydown: Tab
27.331000000005588	DATA	Keydown: y
27.48499999998603	DATA	Keydown: e
27.76899999997113	DATA	Keydown: s
222.06400000001304	DATA	Keydown: Shift
222.52799999993294	DATA	Keydown: Shift
222.5549999999348	DATA	Keydown: Shift
222.60499999998137	DATA	Keydown: Shift
222.62899999995716	DATA	Keydown: Shift
222.71299999998882	DATA	Keydown: Shift
223.5549999999348	DATA	Keydown: Shift
223.9549999999581	DATA	Keydown: G
225.15500000002794	DATA	Keydown: i
225.3869999999879	DATA	Keydown: o
227.46400000003632	DATA	Keydown: Backspace
227.69200000003912	DATA	Keydown: Backspace
227.84900000004563	DATA	Keydown: Backspace
228.00199999997858	DATA	Keydown: Backspace
228.16299999994226	DATA	Keydown: Backspace
228.80000000004657	DATA	Keydown: Shift
229.14199999999255	DATA	Keydown: R
229.41599999996834	DATA	Keydown: e
230.54099999996834	DATA	Keydown: d
231.1369999999879	DATA	Keydown: m
231.3619999999646	DATA	Keydown: i
237.0329999999376	DATA	Keydown: 5
239.47299999999814	DATA	Keydown: n
239.68400000000838	DATA	Keydown: o
244.4869999999646	DATA	Keydown: f
257.7820000000065	DATA	Keydown: 4
258.0350000000326	DATA	Keydown: 0
258.03799999994226	DATA	Keydown: 1
259.5250000000233	DATA	Keydown: Backspace
266.48399999993853	DATA	Keydown: r
267.6899999999441	DATA	Keydown: Backspace
268.2299999999814	DATA	Keydown: Shift
268.7299999999814	DATA	Keydown: Shift
268.7600000000093	DATA	Keydown: Shift
268.7850000000326	DATA	Keydown: R
272.6959999999963	DATA	Keydown: Shift
273.06400000001304	DATA	Keydown: N
274.09799999999814	DATA	Keydown: o
708.5300000000279	EXP	Created instructiontxt = TextStim( name=instructiontxt, win=Window( name=Window, fullscr=true, color=#808080, ~), autoDraw=null, autoLog=true, units=height, ori=null, opacity=1, pos=[0,0], size=undefined, text=Welcome to tapping experiment. 

You will hear a s~, font=Arial, color=#FFFFFF, contrast=1, height=0.05, bold=null, italic=null, alignHoriz=left, alignVert=center, wrapWidth=1, flipHoriz=null, flipVert=null )
708.5819999999367	EXP	Created TonePlayer = TonePlayer( name=TonePlayer, note=A4, duration_s=-1, volume=1, loops=null, soundLibrary="TONE_JS", autoLog=true )
708.6010000000242	EXP	Created text = TextStim( name=text, win=Window( name=Window, fullscr=true, color=#808080, ~), autoDraw=null, autoLog=true, units=height, ori=null, opacity=1, pos=[0,0], size=undefined, text=Ready for the next trial?

press space bar to star~, font=Arial, color=#FFFFFF, contrast=1, height=0.05, bold=null, italic=null, alignHoriz=left, alignVert=center, wrapWidth=1, flipHoriz=null, flipVert=null )
708.6309999999357	EXP	Created text_2 = TextStim( name=text_2, win=Window( name=Window, fullscr=true, color=#808080, ~), autoDraw=null, autoLog=true, units=height, ori=null, opacity=1, pos=[0,0], size=undefined, text=Practice trials are over.

Now we are going to sta~, font=Arial, color=#FFFFFF, contrast=1, height=0.05, bold=null, italic=null, alignHoriz=left, alignVert=center, wrapWidth=1, flipHoriz=null, flipVert=null )
708.6419999999925	EXP	Created TonePlayer = TonePlayer( name=TonePlayer, note=A4, duration_s=-1, volume=1, loops=null, soundLibrary="TONE_JS", autoLog=true )
708.6500000000233	EXP	Created text_3 = TextStim( name=text_3, win=Window( name=Window, fullscr=true, color=#808080, ~), autoDraw=null, autoLog=true, units=height, ori=null, opacity=1, pos=[0,0], size=undefined, text=Ready for the next trial?

Press space bar to star~, font=Arial, color=#FFFFFF, contrast=1, height=0.05, bold=null, italic=null, alignHoriz=left, alignVert=center, wrapWidth=1, flipHoriz=null, flipVert=null )
708.6659999999683	EXP	Created text_4 = TextStim( name=text_4, win=Window( name=Window, fullscr=true, color=#808080, ~), autoDraw=null, autoLog=true, units=height, ori=null, opacity=1, pos=[0,0], size=undefined, text=Great! This is the half-way break. 

Please take y~, font=Arial, color=#FFFFFF, contrast=1, height=0.05, bold=null, italic=null, alignHoriz=left, alignVert=center, wrapWidth=1, flipHoriz=null, flipVert=null )
708.6729999999516	EXP	Created TonePlayer = TonePlayer( name=TonePlayer, note=A4, duration_s=-1, volume=1, loops=null, soundLibrary="TONE_JS", autoLog=true )
708.704000000027	EXP	Created next_prompt_trial2 = TextStim( name=next_prompt_trial2, win=Window( name=Window, fullscr=true, color=#808080, ~), autoDraw=null, autoLog=true, units=height, ori=null, opacity=1, pos=[0,0], size=undefined, text=Ready for the next trial? 

Press space bar to sta~, font=Arial, color=#FFFFFF, contrast=1, height=0.05, bold=null, italic=null, alignHoriz=left, alignVert=center, wrapWidth=1, flipHoriz=null, flipVert=null )
708.7069999999367	EXP	Created completion_text = TextStim( name=completion_text, win=Window( name=Window, fullscr=true, color=#808080, ~), autoDraw=null, autoLog=true, units=height, ori=null, opacity=1, pos=[0,0], size=undefined, text=Thanks for your participation! 

Here is your expe~, font=Arial, color=#FFFFFF, contrast=1, height=0.05, bold=null, italic=null, alignHoriz=left, alignVert=center, wrapWidth=1, flipHoriz=null, flipVert=null )
708.7140000000363	EXP	Created goodbyetxt = TextStim( name=goodbyetxt, win=Window( name=Window, fullscr=true, color=#808080, ~), autoDraw=null, autoLog=true, units=height, ori=null, opacity=1, pos=[0,0], size=undefined, text=The test is over!

Thank you so much!!, font=Arial, color=#FFFFFF, contrast=1, height=0.05, bold=null, italic=null, alignHoriz=left, alignVert=center, wrapWidth=1, flipHoriz=null, flipVert=null )
708.7800000000279	EXP	instructiontxt: units = "height"
708.7800000000279	EXP	instructiontxt: ori = 0
708.7800000000279	EXP	instructiontxt: opacity = 1
708.7800000000279	EXP	instructiontxt: pos = [0,0]
708.7800000000279	EXP	instructiontxt: size = undefined
708.7800000000279	EXP	instructiontxt: text = "Welcome to tapping experiment. \n\nYou will hear a sequence of tones.\nUse the index finger of your dominant hand \nto tap the spacebar at where you think the beat \nis throughout the sound file at each trial. \n\nWhen you are ready, press the spacebar to begin the practice."
708.7800000000279	EXP	instructiontxt: font = "Arial"
708.7800000000279	EXP	instructiontxt: color = {"_hex":"#FFFFFF","_rgb":[1,1,1]}
708.7800000000279	EXP	instructiontxt: contrast = 1
708.7800000000279	EXP	instructiontxt: height = 0.05
708.7800000000279	EXP	instructiontxt: bold = false
708.7800000000279	EXP	instructiontxt: italic = false
708.7800000000279	EXP	instructiontxt: alignHoriz = "left"
708.7800000000279	EXP	instructiontxt: alignVert = "center"
708.7800000000279	EXP	instructiontxt: wrapWidth = 1
708.7800000000279	EXP	instructiontxt: flipHoriz = false
708.7800000000279	EXP	instructiontxt: flipVert = false
708.7800000000279	EXP	Sound: secs = -1
708.7800000000279	EXP	Sound: volume = 1
708.7800000000279	EXP	Sound: loops = 0
708.7800000000279	EXP	Sound: volume = 1
708.7800000000279	EXP	text: units = "height"
708.7800000000279	EXP	text: ori = 0
708.7800000000279	EXP	text: opacity = 1
708.7800000000279	EXP	text: pos = [0,0]
708.7800000000279	EXP	text: size = undefined
708.7800000000279	EXP	text: text = "Ready for the next trial?\n\npress space bar to start."
708.7800000000279	EXP	text: font = "Arial"
708.7800000000279	EXP	text: color = {"_hex":"#FFFFFF","_rgb":[1,1,1]}
708.7800000000279	EXP	text: contrast = 1
708.7800000000279	EXP	text: height = 0.05
708.7800000000279	EXP	text: bold = false
708.7800000000279	EXP	text: italic = false
708.7800000000279	EXP	text: alignHoriz = "left"
708.7800000000279	EXP	text: alignVert = "center"
708.7800000000279	EXP	text: wrapWidth = 1
708.7800000000279	EXP	text: flipHoriz = false
708.7800000000279	EXP	text: flipVert = false
708.7800000000279	EXP	text_2: units = "height"
708.7800000000279	EXP	text_2: ori = 0
708.7800000000279	EXP	text_2: opacity = 1
708.7800000000279	EXP	text_2: pos = [0,0]
708.7800000000279	EXP	text_2: size = undefined
708.7800000000279	EXP	text_2: text = "Practice trials are over.\n\nNow we are going to start the real test trials.\nThe total session length will be about 28 minutes, but we will have a short break at the half way mark.\n\nIf you are ready, please space bar."
708.7800000000279	EXP	text_2: font = "Arial"
708.7800000000279	EXP	text_2: color = {"_hex":"#FFFFFF","_rgb":[1,1,1]}
708.7800000000279	EXP	text_2: contrast = 1
708.7800000000279	EXP	text_2: height = 0.05
708.7800000000279	EXP	text_2: bold = false
708.7800000000279	EXP	text_2: italic = false
708.7800000000279	EXP	text_2: alignHoriz = "left"
708.7800000000279	EXP	text_2: alignVert = "center"
708.7800000000279	EXP	text_2: wrapWidth = 1
708.7800000000279	EXP	text_2: flipHoriz = false
708.7800000000279	EXP	text_2: flipVert = false
708.7800000000279	EXP	Sound: secs = -1
708.7800000000279	EXP	Sound: volume = 1
708.7800000000279	EXP	Sound: loops = 0
708.7800000000279	EXP	Sound: volume = 1
708.7800000000279	EXP	text_3: units = "height"
708.7800000000279	EXP	text_3: ori = 0
708.7800000000279	EXP	text_3: opacity = 1
708.7800000000279	EXP	text_3: pos = [0,0]
708.7800000000279	EXP	text_3: size = undefined
708.7800000000279	EXP	text_3: text = "Ready for the next trial?\n\nPress space bar to start."
708.7800000000279	EXP	text_3: font = "Arial"
708.7800000000279	EXP	text_3: color = {"_hex":"#FFFFFF","_rgb":[1,1,1]}
708.7800000000279	EXP	text_3: contrast = 1
708.7800000000279	EXP	text_3: height = 0.05
708.7800000000279	EXP	text_3: bold = false
708.7800000000279	EXP	text_3: italic = false
708.7800000000279	EXP	text_3: alignHoriz = "left"
708.7800000000279	EXP	text_3: alignVert = "center"
708.7800000000279	EXP	text_3: wrapWidth = 1
708.7800000000279	EXP	text_3: flipHoriz = false
708.7800000000279	EXP	text_3: flipVert = false
708.7800000000279	EXP	text_4: units = "height"
708.7800000000279	EXP	text_4: ori = 0
708.7800000000279	EXP	text_4: opacity = 1
708.7800000000279	EXP	text_4: pos = [0,0]
708.7800000000279	EXP	text_4: size = undefined
708.7800000000279	EXP	text_4: text = "Great! This is the half-way break. \n\nPlease take your time. \n\nWhen you are ready to start the second-half of the test trials, please press space bar. "
708.7800000000279	EXP	text_4: font = "Arial"
708.7800000000279	EXP	text_4: color = {"_hex":"#FFFFFF","_rgb":[1,1,1]}
708.7800000000279	EXP	text_4: contrast = 1
708.7800000000279	EXP	text_4: height = 0.05
708.7800000000279	EXP	text_4: bold = false
708.7800000000279	EXP	text_4: italic = false
708.7800000000279	EXP	text_4: alignHoriz = "left"
708.7800000000279	EXP	text_4: alignVert = "center"
708.7800000000279	EXP	text_4: wrapWidth = 1
708.7800000000279	EXP	text_4: flipHoriz = false
708.7800000000279	EXP	text_4: flipVert = false
708.7800000000279	EXP	Sound: secs = -1
708.7800000000279	EXP	Sound: volume = 1
708.7800000000279	EXP	Sound: loops = 0
708.7800000000279	EXP	Sound: volume = 1
708.7800000000279	EXP	next_prompt_trial2: units = "height"
708.7800000000279	EXP	next_prompt_trial2: ori = 0
708.7800000000279	EXP	next_prompt_trial2: opacity = 1
708.7800000000279	EXP	next_prompt_trial2: pos = [0,0]
708.7800000000279	EXP	next_prompt_trial2: size = undefined
708.7800000000279	EXP	next_prompt_trial2: text = "Ready for the next trial? \n\nPress space bar to start. "
708.7800000000279	EXP	next_prompt_trial2: font = "Arial"
708.7800000000279	EXP	next_prompt_trial2: color = {"_hex":"#FFFFFF","_rgb":[1,1,1]}
708.7800000000279	EXP	next_prompt_trial2: contrast = 1
708.7800000000279	EXP	next_prompt_trial2: height = 0.05
708.7800000000279	EXP	next_prompt_trial2: bold = false
708.7800000000279	EXP	next_prompt_trial2: italic = false
708.7800000000279	EXP	next_prompt_trial2: alignHoriz = "left"
708.7800000000279	EXP	next_prompt_trial2: alignVert = "center"
708.7800000000279	EXP	next_prompt_trial2: wrapWidth = 1
708.7800000000279	EXP	next_prompt_trial2: flipHoriz = false
708.7800000000279	EXP	next_prompt_trial2: flipVert = false
708.7800000000279	EXP	completion_text: units = "height"
708.7800000000279	EXP	completion_text: ori = 0
708.7800000000279	EXP	completion_text: opacity = 1
708.7800000000279	EXP	completion_text: pos = [0,0]
708.7800000000279	EXP	completion_text: size = undefined
708.7800000000279	EXP	completion_text: text = "Thanks for your participation! \n\nHere is your experiment completion code: \n\n9158 \n\nPlease write down this code as you will need it in order to receive payment.\n\nIf you are not an MTurk worker, please send an email to nolan.lem@gmail.com with the Experiment Completion Code as the subject of the email. In order to complete the \nexperiment, when you are ready please press space bar and wait until you see a text box appear that says \"Thanks for your patience\" where you can click 'ok'. \n\nIf you are an MTurk worker, please press the space bar to be redirected to the MTurk experiment \nhomepage where you can input the code into the Experiment Completion Code box. "
708.7800000000279	EXP	completion_text: font = "Arial"
708.7800000000279	EXP	completion_text: color = {"_hex":"#FFFFFF","_rgb":[1,1,1]}
708.7800000000279	EXP	completion_text: contrast = 1
708.7800000000279	EXP	completion_text: height = 0.05
708.7800000000279	EXP	completion_text: bold = false
708.7800000000279	EXP	completion_text: italic = false
708.7800000000279	EXP	completion_text: alignHoriz = "left"
708.7800000000279	EXP	completion_text: alignVert = "center"
708.7800000000279	EXP	completion_text: wrapWidth = 1
708.7800000000279	EXP	completion_text: flipHoriz = false
708.7800000000279	EXP	completion_text: flipVert = false
708.7800000000279	EXP	goodbyetxt: units = "height"
708.7800000000279	EXP	goodbyetxt: ori = 0
708.7800000000279	EXP	goodbyetxt: opacity = 1
708.7800000000279	EXP	goodbyetxt: pos = [0,0]
708.7800000000279	EXP	goodbyetxt: size = undefined
708.7800000000279	EXP	goodbyetxt: text = "The test is over!\n\nThank you so much!!"
708.7800000000279	EXP	goodbyetxt: font = "Arial"
708.7800000000279	EXP	goodbyetxt: color = {"_hex":"#FFFFFF","_rgb":[1,1,1]}
708.7800000000279	EXP	goodbyetxt: contrast = 1
708.7800000000279	EXP	goodbyetxt: height = 0.05
708.7800000000279	EXP	goodbyetxt: bold = false
708.7800000000279	EXP	goodbyetxt: italic = false
708.7800000000279	EXP	goodbyetxt: alignHoriz = "left"
708.7800000000279	EXP	goodbyetxt: alignVert = "center"
708.7800000000279	EXP	goodbyetxt: wrapWidth = 1
708.7800000000279	EXP	goodbyetxt: flipHoriz = false
708.7800000000279	EXP	goodbyetxt: flipVert = false
708.7800000000279	EXP	instructiontxt: autoDraw = true
714.0429999999469	DATA	Keydown:  
714.0849999999627	EXP	instructiontxt: autoDraw = false
714.0849999999627	EXP	Sound: secs = -1
714.0849999999627	EXP	Sound: volume = 1
714.0849999999627	EXP	Sound: loops = 0
714.0849999999627	EXP	Sound: volume = 1
719.7519999999786	DATA	Keydown:  
721.1309999999357	DATA	Keydown:  
721.4420000000391	DATA	Keydown:  
721.7060000000056	DATA	Keydown:  
1028.5420000000158	EXP	text: autoDraw = true
1030.7820000000065	DATA	Keydown:  
1030.8209999999963	EXP	text: autoDraw = false
1030.8209999999963	EXP	text_2: autoDraw = true
1032.4740000000456	DATA	Keydown: F11
1033.8919999999925	DATA	Keydown:  
1033.935999999987	EXP	text_2: autoDraw = false
1033.935999999987	EXP	Sound: secs = -1
1033.935999999987	EXP	Sound: volume = 1
1033.935999999987	EXP	Sound: loops = 0
1033.935999999987	EXP	Sound: volume = 1
1051.1970000000438	EXP	text_3: autoDraw = true
1053.3279999999795	DATA	Keydown:  
1053.344000000041	EXP	text_3: autoDraw = false
1053.344000000041	EXP	text_4: autoDraw = true
1062.0990000000456	DATA	Keydown:  
1062.1230000000214	EXP	text_4: autoDraw = false
1062.1230000000214	EXP	Sound: secs = -1
1062.1230000000214	EXP	Sound: volume = 1
1062.1230000000214	EXP	Sound: loops = 0
1062.1230000000214	EXP	Sound: volume = 1
1079.3009999999776	EXP	next_prompt_trial2: autoDraw = true
1081.1260000000475	DATA	Keydown:  
1081.1729999999516	EXP	next_prompt_trial2: autoDraw = false
1081.1729999999516	EXP	completion_text: autoDraw = true
1083.3170000000391	DATA	Mouse: wheel shift=(0,-100), pos=(821,338)
1083.3340000000317	DATA	Mouse: wheel shift=(0,-100), pos=(821,338)
1083.3939999999711	DATA	Mouse: wheel shift=(0,-100), pos=(821,338)
1084.5590000000084	DATA	Mouse: wheel shift=(0,-100), pos=(682,355)
1084.652999999933	DATA	Mouse: wheel shift=(0,-100), pos=(682,355)
1103.3090000000084	DATA	Mouse: wheel shift=(0,-100), pos=(550,376)
1103.3310000000056	DATA	Mouse: wheel shift=(0,-200), pos=(550,376)
1103.3760000000475	DATA	Mouse: wheel shift=(0,-100), pos=(550,376)
1103.8530000000028	DATA	Mouse: wheel shift=(0,-200), pos=(550,376)
1103.8669999999693	DATA	Mouse: wheel shift=(0,-100), pos=(550,376)
1104.2709999999497	DATA	Mouse: wheel shift=(0,-200), pos=(550,376)
1104.3170000000391	DATA	Mouse: wheel shift=(0,-100), pos=(550,376)
1104.8229999999749	DATA	Mouse: wheel shift=(0,-200), pos=(550,376)
1104.8649999999907	DATA	Mouse: wheel shift=(0,-100), pos=(550,376)
1105.113000000012	DATA	Mouse: wheel shift=(0,-200), pos=(550,376)
1105.1539999999804	DATA	Mouse: wheel shift=(0,-200), pos=(550,376)
1105.576000000001	DATA	Mouse: wheel shift=(0,100), pos=(550,376)
1105.6049999999814	DATA	Mouse: wheel shift=(0,200), pos=(550,376)
1105.8959999999497	DATA	Mouse: wheel shift=(0,100), pos=(550,376)
1105.9250000000466	DATA	Mouse: wheel shift=(0,100), pos=(550,376)
1105.9579999999842	DATA	Mouse: wheel shift=(0,100), pos=(550,376)
1105.9910000000382	DATA	Mouse: wheel shift=(0,200), pos=(550,376)
1106.26800000004	DATA	Mouse: wheel shift=(0,100), pos=(550,376)
1106.4279999999562	DATA	Mouse: wheel shift=(0,300), pos=(550,376)
1107.7249999999767	DATA	Keydown: F11
1110.8429999999935	DATA	Mouse: wheel shift=(0,100), pos=(584,480)
1110.8809999999357	DATA	Mouse: wheel shift=(0,700), pos=(584,480)
1111.1509999999544	DATA	Mouse: wheel shift=(0,200), pos=(584,480)
1111.1849999999395	DATA	Mouse: wheel shift=(0,400), pos=(584,480)
1111.454000000027	DATA	Mouse: wheel shift=(0,200), pos=(584,480)
1111.4869999999646	DATA	Mouse: wheel shift=(0,400), pos=(584,480)
1111.7589999999618	DATA	Mouse: wheel shift=(0,200), pos=(584,480)
1111.795999999973	DATA	Mouse: wheel shift=(0,200), pos=(584,480)
1111.8340000000317	DATA	Mouse: wheel shift=(0,300), pos=(584,480)
1113.7539999999572	DATA	Mouse: wheel shift=(0,100), pos=(584,480)
1113.7759999999544	DATA	Mouse: wheel shift=(0,300), pos=(584,480)
1113.905000000028	DATA	Mouse: wheel shift=(0,200), pos=(584,480)
1114.0829999999842	DATA	Mouse: wheel shift=(0,100), pos=(584,480)
1114.113000000012	DATA	Mouse: wheel shift=(0,200), pos=(584,480)
1114.1489999999758	DATA	Mouse: wheel shift=(0,100), pos=(584,480)
1114.4279999999562	DATA	Mouse: wheel shift=(0,100), pos=(584,480)
1114.4569999999367	DATA	Mouse: wheel shift=(0,200), pos=(584,480)
1115.39300000004	DATA	Keydown:  
1115.4020000000019	EXP	completion_text: autoDraw = false
1115.4020000000019	EXP	goodbyetxt: autoDraw = true
1117.408999999985	DATA	Keydown:  
1118.8760000000475	DATA	Keydown:  
1119.1139999999432	DATA	Keydown:  
