0.15598500007763505	EXP	Created Window = Window( name=Window, fullscr=true, color=#808080, units=height, waitBlanking=true, autoLog=true, size=[766,742] )
7.625519999768585	DATA	Keydown: Shift
8.131345000118017	DATA	Keydown: Shift
8.156094999983907	DATA	Keydown: Shift
8.189739999826998	DATA	Keydown: Shift
8.222930000163615	DATA	Keydown: Shift
8.255365000106394	DATA	Keydown: Shift
8.288034999743104	DATA	Keydown: Shift
8.320994999725372	DATA	Keydown: Shift
8.353974999859929	DATA	Keydown: Shift
8.387310000136495	DATA	Keydown: Shift
8.41995000001043	DATA	Keydown: Shift
8.453119999729097	DATA	Keydown: Shift
8.48627999983728	DATA	Keydown: Shift
8.51977499993518	DATA	Keydown: Shift
8.551979999989271	DATA	Keydown: Shift
8.584840000141412	DATA	Keydown: Shift
8.618189999833703	DATA	Keydown: Shift
8.651095000095665	DATA	Keydown: Shift
8.684210000094026	DATA	Keydown: Shift
8.716939999721944	DATA	Keydown: Shift
8.750450000166893	DATA	Keydown: Shift
8.783379999920726	DATA	Keydown: Shift
8.816050000023097	DATA	Keydown: Shift
8.849459999706596	DATA	Keydown: Shift
8.883380000013858	DATA	Keydown: Shift
8.915215000044554	DATA	Keydown: Shift
8.927180000115186	DATA	Keydown: K
9.95979500003159	DATA	Keydown: B
27.42399499984458	DATA	Keydown: Shift
27.923349999822676	DATA	Keydown: Shift
27.956464999821037	DATA	Keydown: Shift
27.989509999752045	DATA	Keydown: Shift
28.022644999902695	DATA	Keydown: Shift
28.05566499987617	DATA	Keydown: Shift
28.088570000138134	DATA	Keydown: Shift
28.12148999981582	DATA	Keydown: Shift
28.154504999984056	DATA	Keydown: Shift
28.18762499978766	DATA	Keydown: Shift
28.21551000000909	DATA	Keydown: Y
29.263269999995828	DATA	Keydown: e
29.743464999832213	DATA	Keydown: s
75.43079499993473	DATA	Keydown: 0
78.24780000001192	DATA	Keydown: n
78.7753149997443	DATA	Keydown: o
81.83099000016227	DATA	Keydown: m
84.84702999982983	DATA	Keydown: 4
85.08686999976635	DATA	Keydown: 4
88.50410000002012	DATA	Keydown: Shift
89.0027499999851	DATA	Keydown: Shift
89.03578499983996	DATA	Keydown: Shift
89.06891999999061	DATA	Keydown: Shift
89.10240500001237	DATA	Keydown: Shift
89.1348350001499	DATA	Keydown: Shift
89.1678149998188	DATA	Keydown: Shift
89.17593499971554	DATA	Keydown: R
92.62324000010267	DATA	Keydown: y
93.39092999976128	DATA	Keydown: e
93.87061999971047	DATA	Keydown: s
98.13745500007644	EXP	Created instructiontxt = TextStim( name=instructiontxt, win=Window( name=Window, fullscr=true, color=#808080, ~), autoDraw=null, autoLog=true, units=height, ori=null, opacity=1, pos=[0,0], size=undefined, text=Welcome to tapping experiment. 

You will hear a s~, font=Arial, color=#FFFFFF, contrast=1, height=0.05, bold=null, italic=null, alignHoriz=left, alignVert=center, wrapWidth=1, flipHoriz=null, flipVert=null )
98.14660000009462	EXP	Created TonePlayer = TonePlayer( name=TonePlayer, note=A4, duration_s=-1, volume=1, loops=null, soundLibrary="TONE_JS", autoLog=true )
98.1474899998866	EXP	Created text = TextStim( name=text, win=Window( name=Window, fullscr=true, color=#808080, ~), autoDraw=null, autoLog=true, units=height, ori=null, opacity=1, pos=[0,0], size=undefined, text=Ready for the next trial?

press space bar to star~, font=Arial, color=#FFFFFF, contrast=1, height=0.05, bold=null, italic=null, alignHoriz=left, alignVert=center, wrapWidth=1, flipHoriz=null, flipVert=null )
98.14802500000224	EXP	Created text_2 = TextStim( name=text_2, win=Window( name=Window, fullscr=true, color=#808080, ~), autoDraw=null, autoLog=true, units=height, ori=null, opacity=1, pos=[0,0], size=undefined, text=Practice trials are over.

Now we are going to sta~, font=Arial, color=#FFFFFF, contrast=1, height=0.05, bold=null, italic=null, alignHoriz=left, alignVert=center, wrapWidth=1, flipHoriz=null, flipVert=null )
98.15138499997556	EXP	Created TonePlayer = TonePlayer( name=TonePlayer, note=A4, duration_s=-1, volume=1, loops=null, soundLibrary="TONE_JS", autoLog=true )
98.15225999988616	EXP	Created text_3 = TextStim( name=text_3, win=Window( name=Window, fullscr=true, color=#808080, ~), autoDraw=null, autoLog=true, units=height, ori=null, opacity=1, pos=[0,0], size=undefined, text=Ready for the next trial?

Press space bar to star~, font=Arial, color=#FFFFFF, contrast=1, height=0.05, bold=null, italic=null, alignHoriz=left, alignVert=center, wrapWidth=1, flipHoriz=null, flipVert=null )
98.15367499971762	EXP	Created text_4 = TextStim( name=text_4, win=Window( name=Window, fullscr=true, color=#808080, ~), autoDraw=null, autoLog=true, units=height, ori=null, opacity=1, pos=[0,0], size=undefined, text=Great! This is the half-way break. 

Please take y~, font=Arial, color=#FFFFFF, contrast=1, height=0.05, bold=null, italic=null, alignHoriz=left, alignVert=center, wrapWidth=1, flipHoriz=null, flipVert=null )
98.15525500010699	EXP	Created TonePlayer = TonePlayer( name=TonePlayer, note=A4, duration_s=-1, volume=1, loops=null, soundLibrary="TONE_JS", autoLog=true )
98.15597999980673	EXP	Created next_prompt_trial2 = TextStim( name=next_prompt_trial2, win=Window( name=Window, fullscr=true, color=#808080, ~), autoDraw=null, autoLog=true, units=height, ori=null, opacity=1, pos=[0,0], size=undefined, text=Ready for the next trial? 

Press space bar to sta~, font=Arial, color=#FFFFFF, contrast=1, height=0.05, bold=null, italic=null, alignHoriz=left, alignVert=center, wrapWidth=1, flipHoriz=null, flipVert=null )
98.15659500006586	EXP	Created text_5 = TextStim( name=text_5, win=Window( name=Window, fullscr=true, color=#808080, ~), autoDraw=null, autoLog=true, units=height, ori=null, opacity=1, pos=[0,0], size=undefined, text=Thanks for your participation! 

Here is your expe~, font=Arial, color=#FFFFFF, contrast=1, height=0.05, bold=null, italic=null, alignHoriz=left, alignVert=center, wrapWidth=1, flipHoriz=null, flipVert=null )
98.15714500006288	EXP	Created goodbyetxt = TextStim( name=goodbyetxt, win=Window( name=Window, fullscr=true, color=#808080, ~), autoDraw=null, autoLog=true, units=height, ori=null, opacity=1, pos=[0,0], size=undefined, text=The test is over!

Thank you so much!!, font=Arial, color=#FFFFFF, contrast=1, height=0.05, bold=null, italic=null, alignHoriz=left, alignVert=center, wrapWidth=1, flipHoriz=null, flipVert=null )
98.19130000006407	EXP	instructiontxt: units = "height"
98.19130000006407	EXP	instructiontxt: ori = 0
98.19130000006407	EXP	instructiontxt: opacity = 1
98.19130000006407	EXP	instructiontxt: pos = [0,0]
98.19130000006407	EXP	instructiontxt: size = undefined
98.19130000006407	EXP	instructiontxt: text = "Welcome to tapping experiment. \n\nYou will hear a sequence of tones.\nUse the index finger of your dominant hand \nto tap the spacebar at where you think the beat is throughout the sound file at each trial. . \n\nWhen you are ready, press the spacebar to begin the practice."
98.19130000006407	EXP	instructiontxt: font = "Arial"
98.19130000006407	EXP	instructiontxt: color = {"_hex":"#FFFFFF","_rgb":[1,1,1]}
98.19130000006407	EXP	instructiontxt: contrast = 1
98.19130000006407	EXP	instructiontxt: height = 0.05
98.19130000006407	EXP	instructiontxt: bold = false
98.19130000006407	EXP	instructiontxt: italic = false
98.19130000006407	EXP	instructiontxt: alignHoriz = "left"
98.19130000006407	EXP	instructiontxt: alignVert = "center"
98.19130000006407	EXP	instructiontxt: wrapWidth = 1
98.19130000006407	EXP	instructiontxt: flipHoriz = false
98.19130000006407	EXP	instructiontxt: flipVert = false
98.19130000006407	EXP	Sound: secs = -1
98.19130000006407	EXP	Sound: volume = 1
98.19130000006407	EXP	Sound: loops = 0
98.19130000006407	EXP	Sound: volume = 1
98.19130000006407	EXP	text: units = "height"
98.19130000006407	EXP	text: ori = 0
98.19130000006407	EXP	text: opacity = 1
98.19130000006407	EXP	text: pos = [0,0]
98.19130000006407	EXP	text: size = undefined
98.19130000006407	EXP	text: text = "Ready for the next trial?\n\npress space bar to start."
98.19130000006407	EXP	text: font = "Arial"
98.19130000006407	EXP	text: color = {"_hex":"#FFFFFF","_rgb":[1,1,1]}
98.19130000006407	EXP	text: contrast = 1
98.19130000006407	EXP	text: height = 0.05
98.19130000006407	EXP	text: bold = false
98.19130000006407	EXP	text: italic = false
98.19130000006407	EXP	text: alignHoriz = "left"
98.19130000006407	EXP	text: alignVert = "center"
98.19130000006407	EXP	text: wrapWidth = 1
98.19130000006407	EXP	text: flipHoriz = false
98.19130000006407	EXP	text: flipVert = false
98.19130000006407	EXP	text_2: units = "height"
98.19130000006407	EXP	text_2: ori = 0
98.19130000006407	EXP	text_2: opacity = 1
98.19130000006407	EXP	text_2: pos = [0,0]
98.19130000006407	EXP	text_2: size = undefined
98.19130000006407	EXP	text_2: text = "Practice trials are over.\n\nNow we are going to start the real test trials.\nThe total session length will be about 28 minutes, but we will have a short break at the half way mark.\n\nIf you are ready, please space bar."
98.19130000006407	EXP	text_2: font = "Arial"
98.19130000006407	EXP	text_2: color = {"_hex":"#FFFFFF","_rgb":[1,1,1]}
98.19130000006407	EXP	text_2: contrast = 1
98.19130000006407	EXP	text_2: height = 0.05
98.19130000006407	EXP	text_2: bold = false
98.19130000006407	EXP	text_2: italic = false
98.19130000006407	EXP	text_2: alignHoriz = "left"
98.19130000006407	EXP	text_2: alignVert = "center"
98.19130000006407	EXP	text_2: wrapWidth = 1
98.19130000006407	EXP	text_2: flipHoriz = false
98.19130000006407	EXP	text_2: flipVert = false
98.19130000006407	EXP	Sound: secs = -1
98.19130000006407	EXP	Sound: volume = 1
98.19130000006407	EXP	Sound: loops = 0
98.19130000006407	EXP	Sound: volume = 1
98.19130000006407	EXP	text_3: units = "height"
98.19130000006407	EXP	text_3: ori = 0
98.19130000006407	EXP	text_3: opacity = 1
98.19130000006407	EXP	text_3: pos = [0,0]
98.19130000006407	EXP	text_3: size = undefined
98.19130000006407	EXP	text_3: text = "Ready for the next trial?\n\nPress space bar to start."
98.19130000006407	EXP	text_3: font = "Arial"
98.19130000006407	EXP	text_3: color = {"_hex":"#FFFFFF","_rgb":[1,1,1]}
98.19130000006407	EXP	text_3: contrast = 1
98.19130000006407	EXP	text_3: height = 0.05
98.19130000006407	EXP	text_3: bold = false
98.19130000006407	EXP	text_3: italic = false
98.19130000006407	EXP	text_3: alignHoriz = "left"
98.19130000006407	EXP	text_3: alignVert = "center"
98.19130000006407	EXP	text_3: wrapWidth = 1
98.19130000006407	EXP	text_3: flipHoriz = false
98.19130000006407	EXP	text_3: flipVert = false
98.19130000006407	EXP	text_4: units = "height"
98.19130000006407	EXP	text_4: ori = 0
98.19130000006407	EXP	text_4: opacity = 1
98.19130000006407	EXP	text_4: pos = [0,0]
98.19130000006407	EXP	text_4: size = undefined
98.19130000006407	EXP	text_4: text = "Great! This is the half-way break. \n\nPlease take your time. \n\nWhen you are ready to start the second-half of the test trials, please press space bar. "
98.19130000006407	EXP	text_4: font = "Arial"
98.19130000006407	EXP	text_4: color = {"_hex":"#FFFFFF","_rgb":[1,1,1]}
98.19130000006407	EXP	text_4: contrast = 1
98.19130000006407	EXP	text_4: height = 0.05
98.19130000006407	EXP	text_4: bold = false
98.19130000006407	EXP	text_4: italic = false
98.19130000006407	EXP	text_4: alignHoriz = "left"
98.19130000006407	EXP	text_4: alignVert = "center"
98.19130000006407	EXP	text_4: wrapWidth = 1
98.19130000006407	EXP	text_4: flipHoriz = false
98.19130000006407	EXP	text_4: flipVert = false
98.19130000006407	EXP	Sound: secs = -1
98.19130000006407	EXP	Sound: volume = 1
98.19130000006407	EXP	Sound: loops = 0
98.19130000006407	EXP	Sound: volume = 1
98.19130000006407	EXP	next_prompt_trial2: units = "height"
98.19130000006407	EXP	next_prompt_trial2: ori = 0
98.19130000006407	EXP	next_prompt_trial2: opacity = 1
98.19130000006407	EXP	next_prompt_trial2: pos = [0,0]
98.19130000006407	EXP	next_prompt_trial2: size = undefined
98.19130000006407	EXP	next_prompt_trial2: text = "Ready for the next trial? \n\nPress space bar to start. "
98.19130000006407	EXP	next_prompt_trial2: font = "Arial"
98.19130000006407	EXP	next_prompt_trial2: color = {"_hex":"#FFFFFF","_rgb":[1,1,1]}
98.19130000006407	EXP	next_prompt_trial2: contrast = 1
98.19130000006407	EXP	next_prompt_trial2: height = 0.05
98.19130000006407	EXP	next_prompt_trial2: bold = false
98.19130000006407	EXP	next_prompt_trial2: italic = false
98.19130000006407	EXP	next_prompt_trial2: alignHoriz = "left"
98.19130000006407	EXP	next_prompt_trial2: alignVert = "center"
98.19130000006407	EXP	next_prompt_trial2: wrapWidth = 1
98.19130000006407	EXP	next_prompt_trial2: flipHoriz = false
98.19130000006407	EXP	next_prompt_trial2: flipVert = false
98.19130000006407	EXP	text_5: units = "height"
98.19130000006407	EXP	text_5: ori = 0
98.19130000006407	EXP	text_5: opacity = 1
98.19130000006407	EXP	text_5: pos = [0,0]
98.19130000006407	EXP	text_5: size = undefined
98.19130000006407	EXP	text_5: text = "Thanks for your participation! \n\nHere is your experiment completion code: \n\n9158 \n\nPlease write down this code as you will need it in order to receive payment.\n\nIf you are not an MTurk worker, please send an email to nolan.lem@gmail.com with the Experiment Completion Code as the subject of the email. In order to complete the \nexperiment, when you are ready please press space bar and wait until you see a text box appear that says \"Thanks for your patience\" where you can click 'ok'. \n\nIf you are an MTurk worker, please press the space bar to be redirected to the MTurk experiment \nhomepage where you can input the code into the Experiment Completion Code box. "
98.19130000006407	EXP	text_5: font = "Arial"
98.19130000006407	EXP	text_5: color = {"_hex":"#FFFFFF","_rgb":[1,1,1]}
98.19130000006407	EXP	text_5: contrast = 1
98.19130000006407	EXP	text_5: height = 0.05
98.19130000006407	EXP	text_5: bold = false
98.19130000006407	EXP	text_5: italic = false
98.19130000006407	EXP	text_5: alignHoriz = "left"
98.19130000006407	EXP	text_5: alignVert = "center"
98.19130000006407	EXP	text_5: wrapWidth = 1
98.19130000006407	EXP	text_5: flipHoriz = false
98.19130000006407	EXP	text_5: flipVert = false
98.19130000006407	EXP	goodbyetxt: units = "height"
98.19130000006407	EXP	goodbyetxt: ori = 0
98.19130000006407	EXP	goodbyetxt: opacity = 1
98.19130000006407	EXP	goodbyetxt: pos = [0,0]
98.19130000006407	EXP	goodbyetxt: size = undefined
98.19130000006407	EXP	goodbyetxt: text = "The test is over!\n\nThank you so much!!"
98.19130000006407	EXP	goodbyetxt: font = "Arial"
98.19130000006407	EXP	goodbyetxt: color = {"_hex":"#FFFFFF","_rgb":[1,1,1]}
98.19130000006407	EXP	goodbyetxt: contrast = 1
98.19130000006407	EXP	goodbyetxt: height = 0.05
98.19130000006407	EXP	goodbyetxt: bold = false
98.19130000006407	EXP	goodbyetxt: italic = false
98.19130000006407	EXP	goodbyetxt: alignHoriz = "left"
98.19130000006407	EXP	goodbyetxt: alignVert = "center"
98.19130000006407	EXP	goodbyetxt: wrapWidth = 1
98.19130000006407	EXP	goodbyetxt: flipHoriz = false
98.19130000006407	EXP	goodbyetxt: flipVert = false
98.19130000006407	EXP	instructiontxt: autoDraw = true
118.7592650000006	DATA	Mouse: wheel shift=(0,100), pos=(603.2000089883804,602.4000089764595)
118.825724999886	DATA	Mouse: wheel shift=(0,100), pos=(603.2000089883804,602.4000089764595)
127.85652999999002	DATA	Mouse: 0 button down, pos=(610.4000090956688,649.6000096797943)
128.01524000009522	DATA	Mouse: 0 button down, pos=(610.4000090956688,649.6000096797943)
130.67839499982074	DATA	Mouse: 0 button down, pos=(605.600057852269,626.4000093340874)
130.82893999991938	DATA	Mouse: 0 button down, pos=(605.600057852269,626.4000093340874)
134.2146149999462	DATA	Keydown:  
134.2368950000964	EXP	instructiontxt: autoDraw = false
134.2368950000964	EXP	Sound: secs = -1
134.2368950000964	EXP	Sound: volume = 1
134.2368950000964	EXP	Sound: loops = 0
134.2368950000964	EXP	Sound: volume = 1
137.63840499985963	DATA	Keydown:  
137.76622000010684	DATA	Keydown:  
139.29473999980837	DATA	Keydown:  
141.13532500015572	DATA	Keydown:  
142.39037499995902	DATA	Keydown:  
143.58214000007138	DATA	Keydown:  
145.01393999997526	DATA	Keydown:  
146.35821500001475	DATA	Keydown:  
147.67030500015244	DATA	Keydown:  
148.98202499980107	DATA	Keydown:  
150.2781500001438	DATA	Keydown:  
150.445729999803	DATA	Keydown:  
152.04830999998376	EXP	text: autoDraw = true
153.45501000015065	DATA	Keydown:  
153.46197499986738	EXP	text: autoDraw = false
153.46197499986738	EXP	Sound: secs = -1
153.46197499986738	EXP	Sound: volume = 1
153.46197499986738	EXP	Sound: loops = 0
153.46197499986738	EXP	Sound: volume = 1
155.82195500005037	DATA	Keydown:  
156.91765499999747	DATA	Keydown:  
158.1582599999383	DATA	Keydown:  
159.4862500000745	DATA	Keydown:  
160.87007499998435	DATA	Keydown:  
162.1901750001125	DATA	Keydown:  
163.46259499993175	DATA	Keydown:  
164.84565000003204	DATA	Keydown:  
166.1741200000979	DATA	Keydown:  
167.35819499986246	DATA	Keydown:  
168.8451149999164	EXP	text: autoDraw = true
169.75804500002414	DATA	Keydown:  
169.7617949997075	EXP	text: autoDraw = false
169.7617949997075	EXP	Sound: secs = -1
169.7617949997075	EXP	Sound: volume = 1
169.7617949997075	EXP	Sound: loops = 0
169.7617949997075	EXP	Sound: volume = 1
174.82309499988332	DATA	Keydown:  
175.78995999973267	DATA	Keydown:  
176.9257950000465	DATA	Keydown:  
177.97391999978572	DATA	Keydown:  
179.48591999989003	DATA	Keydown:  
181.0457999999635	DATA	Keydown:  
182.61359999980778	DATA	Keydown:  
184.30154500016943	DATA	Keydown:  
185.66259999992326	DATA	Keydown:  
186.88578999973834	DATA	Keydown:  
188.1102499999106	DATA	Keydown:  
189.08589999983087	DATA	Keydown:  
190.11018500011414	DATA	Keydown:  
191.2217149999924	DATA	Keydown:  
192.9786000000313	EXP	text: autoDraw = true
193.73384500015527	DATA	Keydown:  
193.74544500000775	EXP	text: autoDraw = false
193.74544500000775	EXP	Sound: secs = -1
193.74544500000775	EXP	Sound: volume = 1
193.74544500000775	EXP	Sound: loops = 0
193.74544500000775	EXP	Sound: volume = 1
196.45489499997348	DATA	Keydown:  
197.4620400001295	DATA	Keydown:  
198.23772499989718	DATA	Keydown:  
199.0056400001049	DATA	Keydown:  
199.76568999979645	DATA	Keydown:  
200.46974000008777	DATA	Keydown:  
201.22948500001803	DATA	Keydown:  
201.94964500004426	DATA	Keydown:  
202.7177200000733	DATA	Keydown:  
203.5012099999003	DATA	Keydown:  
204.22182499989867	DATA	Keydown:  
204.95776000013575	DATA	Keydown:  
205.75778499990702	DATA	Keydown:  
206.479379999917	DATA	Keydown:  
207.22124999994412	DATA	Keydown:  
207.9813299998641	DATA	Keydown:  
208.74964000005275	DATA	Keydown:  
209.47749499976635	DATA	Keydown:  
210.24540500016883	DATA	Keydown:  
210.94168000016361	DATA	Keydown:  
212.4121949998662	EXP	text: autoDraw = true
213.34956499980763	DATA	Keydown:  
213.36849500006065	EXP	text: autoDraw = false
213.36849500006065	EXP	text_2: autoDraw = true
226.04812499973923	DATA	Mouse: 0 button down, pos=(447.2000066637993,600.0000577688224)
226.2423350000754	DATA	Mouse: 0 button down, pos=(447.2000066637993,599.2000089287758)
229.94963999977335	DATA	Keydown:  
229.9675799999386	EXP	text_2: autoDraw = false
229.9675799999386	EXP	Sound: secs = -1
229.9675799999386	EXP	Sound: volume = 1
229.9675799999386	EXP	Sound: loops = 0
229.9675799999386	EXP	Sound: volume = 1
233.94154499983415	DATA	Keydown:  
234.56534999981523	DATA	Keydown:  
235.02922499971464	DATA	Keydown:  
235.52549999998882	DATA	Keydown:  
235.9893849999644	DATA	Keydown:  
236.48620999976993	DATA	Keydown:  
236.98969499999657	DATA	Keydown:  
237.4775100001134	DATA	Keydown:  
237.9651199998334	DATA	Keydown:  
238.44597999984398	DATA	Keydown:  
238.95749499974772	DATA	Keydown:  
239.39690000005066	DATA	Keydown:  
239.83728499989957	DATA	Keydown:  
240.34921000013128	DATA	Keydown:  
240.78093500016257	DATA	Keydown:  
241.30928999977186	DATA	Keydown:  
241.7413050001487	DATA	Keydown:  
242.22132499981672	DATA	Keydown:  
244.34913499979302	EXP	text_3: autoDraw = true
245.75732999993488	DATA	Keydown:  
245.76310000009835	EXP	text_3: autoDraw = false
245.76310000009835	EXP	Sound: secs = -1
245.76310000009835	EXP	Sound: volume = 1
245.76310000009835	EXP	Sound: loops = 0
245.76310000009835	EXP	Sound: volume = 1
247.3820799998939	DATA	Keydown:  
248.26906999992207	DATA	Keydown:  
249.34909000014886	DATA	Keydown:  
250.2373349997215	DATA	Keydown:  
251.0932599999942	DATA	Keydown:  
252.14888999983668	DATA	Keydown:  
253.1732000000775	DATA	Keydown:  
254.005189999938	DATA	Keydown:  
254.91678000008687	DATA	Keydown:  
255.75716499984264	DATA	Keydown:  
256.6528799999505	DATA	Keydown:  
257.9020199999213	DATA	Keydown:  
259.02937000012025	DATA	Keydown:  
259.13312500016764	DATA	Keydown:  
260.08527499996126	DATA	Keydown:  
261.0613099997863	DATA	Keydown:  
261.90091500012204	DATA	Keydown:  
263.39619500003755	EXP	text_3: autoDraw = true
264.00522999977693	DATA	Keydown:  
264.01315499981865	EXP	text_3: autoDraw = false
264.01315499981865	EXP	Sound: secs = -1
264.01315499981865	EXP	Sound: volume = 1
264.01315499981865	EXP	Sound: loops = 0
264.01315499981865	EXP	Sound: volume = 1
267.0130249997601	DATA	Keydown:  
267.7646399997175	DATA	Keydown:  
268.4857799997553	DATA	Keydown:  
269.10905499989167	DATA	Keydown:  
269.76474000001326	DATA	Keydown:  
270.4371099998243	DATA	Keydown:  
271.0211100000888	DATA	Keydown:  
271.66135499998927	DATA	Keydown:  
272.34127999981865	DATA	Keydown:  
272.9730599997565	DATA	Keydown:  
273.564650000073	DATA	Keydown:  
274.2369999997318	DATA	Keydown:  
274.88504000008106	DATA	Keydown:  
275.5647849999368	DATA	Keydown:  
276.16476499987766	DATA	Keydown:  
276.83708499977365	DATA	Keydown:  
277.461409999989	DATA	Keydown:  
278.11665999982506	DATA	Keydown:  
278.78997999988496	DATA	Keydown:  
280.4134700000286	EXP	text_3: autoDraw = true
280.84494999982417	DATA	Keydown:  
280.8476499998942	EXP	text_3: autoDraw = false
280.8476499998942	EXP	Sound: secs = -1
280.8476499998942	EXP	Sound: volume = 1
280.8476499998942	EXP	Sound: loops = 0
280.8476499998942	EXP	Sound: volume = 1
283.477034999989	DATA	Keydown:  
284.0613299999386	DATA	Keydown:  
284.5644799997099	DATA	Keydown:  
285.06143500003964	DATA	Keydown:  
285.57284499984235	DATA	Keydown:  
286.12486999994144	DATA	Keydown:  
286.66881999978796	DATA	Keydown:  
287.1487199999392	DATA	Keydown:  
287.62093500001356	DATA	Keydown:  
288.08491999981925	DATA	Keydown:  
288.5647450000979	DATA	Keydown:  
289.06979999970645	DATA	Keydown:  
289.56467500003055	DATA	Keydown:  
290.044919999782	DATA	Keydown:  
290.8209299999289	DATA	Keydown:  
291.2848350000568	DATA	Keydown:  
291.6770250000991	DATA	Keydown:  
292.10902999993414	DATA	Keydown:  
292.5728150000796	DATA	Keydown:  
293.08485999982804	DATA	Keydown:  
294.83007999975234	EXP	text_3: autoDraw = true
295.5486449999735	DATA	Keydown:  
295.5641250000335	EXP	text_3: autoDraw = false
295.5641250000335	EXP	Sound: secs = -1
295.5641250000335	EXP	Sound: volume = 1
295.5641250000335	EXP	Sound: loops = 0
295.5641250000335	EXP	Sound: volume = 1
298.2847649999894	DATA	Keydown:  
299.12580499984324	DATA	Keydown:  
300.00468999985605	DATA	Keydown:  
300.64515999983996	DATA	Keydown:  
301.42854999983683	DATA	Keydown:  
302.1249549998902	DATA	Keydown:  
302.6683100000955	DATA	Keydown:  
303.2688449998386	DATA	Keydown:  
303.86076499987394	DATA	Keydown:  
304.38034999975935	DATA	Keydown:  
304.93239999981597	DATA	Keydown:  
305.4925299999304	DATA	Keydown:  
306.3728000000119	DATA	Keydown:  
307.268769999966	DATA	Keydown:  
307.91617999970913	DATA	Keydown:  
308.5486499997787	DATA	Keydown:  
310.61370999971405	EXP	text_3: autoDraw = true
311.45381999993697	DATA	Keydown:  
311.46386000001803	EXP	text_3: autoDraw = false
311.46386000001803	EXP	Sound: secs = -1
311.46386000001803	EXP	Sound: volume = 1
311.46386000001803	EXP	Sound: loops = 0
311.46386000001803	EXP	Sound: volume = 1
312.95660499995574	DATA	Keydown:  
313.8367699999362	DATA	Keydown:  
314.7567249997519	DATA	Keydown:  
315.6525300000794	DATA	Keydown:  
316.4046950000338	DATA	Keydown:  
317.22862999979407	DATA	Keydown:  
318.04515000013635	DATA	Keydown:  
318.7977350000292	DATA	Keydown:  
319.5726700001396	DATA	Keydown:  
320.35651500010863	DATA	Keydown:  
321.0607300000265	DATA	Keydown:  
321.8472549999133	DATA	Keydown:  
322.60470000002533	DATA	Keydown:  
323.35620500007644	DATA	Keydown:  
324.1642649997957	DATA	Keydown:  
325.0525849997066	DATA	Keydown:  
325.7643599999137	DATA	Keydown:  
326.54807499982417	DATA	Keydown:  
327.268575000111	DATA	Keydown:  
328.0844649998471	DATA	Keydown:  
328.6806449997239	EXP	text_3: autoDraw = true
330.0603950000368	DATA	Keydown:  
330.06410499988124	EXP	text_3: autoDraw = false
330.06410499988124	EXP	Sound: secs = -1
330.06410499988124	EXP	Sound: volume = 1
330.06410499988124	EXP	Sound: loops = 0
330.06410499988124	EXP	Sound: volume = 1
332.1172250001691	DATA	Keydown:  
332.7885650000535	DATA	Keydown:  
333.3243450000882	DATA	Keydown:  
333.97220999980345	DATA	Keydown:  
334.7084099999629	DATA	Keydown:  
335.4201050000265	DATA	Keydown:  
336.12451499979943	DATA	Keydown:  
336.8604299998842	DATA	Keydown:  
337.62890999997035	DATA	Keydown:  
338.24457000009716	DATA	Keydown:  
339.05236499989405	DATA	Keydown:  
339.6841299999505	DATA	Keydown:  
340.42884499998763	DATA	Keydown:  
341.1725200000219	DATA	Keydown:  
341.8764450000599	DATA	Keydown:  
342.5810549999587	DATA	Keydown:  
343.3162299999967	DATA	Keydown:  
344.0523099997081	DATA	Keydown:  
344.6922949999571	DATA	Keydown:  
345.40460000000894	DATA	Keydown:  
346.1816599997692	DATA	Keydown:  
347.580809999723	EXP	text_3: autoDraw = true
349.29246000014246	DATA	Keydown:  
349.29752499982715	EXP	text_3: autoDraw = false
349.29752499982715	EXP	Sound: secs = -1
349.29752499982715	EXP	Sound: volume = 1
349.29752499982715	EXP	Sound: loops = 0
349.29752499982715	EXP	Sound: volume = 1
352.7006999999285	DATA	Keydown:  
353.6682250001468	DATA	Keydown:  
354.9242400000803	DATA	Keydown:  
355.75595499994233	DATA	Keydown:  
356.62031999975443	DATA	Keydown:  
357.5643349997699	DATA	Keydown:  
358.5403450001031	DATA	Keydown:  
359.5237599997781	DATA	Keydown:  
360.3878750000149	DATA	Keydown:  
361.2441500001587	DATA	Keydown:  
362.2520699999295	DATA	Keydown:  
362.98901999974623	DATA	Keydown:  
363.8042099997401	DATA	Keydown:  
364.72421999974176	DATA	Keydown:  
365.74775999970734	DATA	Keydown:  
367.83113999990746	EXP	text_3: autoDraw = true
368.51585000008345	DATA	Keydown:  
368.5320150000043	EXP	text_3: autoDraw = false
368.5320150000043	EXP	Sound: secs = -1
368.5320150000043	EXP	Sound: volume = 1
368.5320150000043	EXP	Sound: loops = 0
368.5320150000043	EXP	Sound: volume = 1
372.036084999796	DATA	Keydown:  
373.04512499971315	DATA	Keydown:  
373.91558500006795	DATA	Keydown:  
374.79625999974087	DATA	Keydown:  
375.6522300001234	DATA	Keydown:  
376.4041300001554	DATA	Keydown:  
377.17207999993116	DATA	Keydown:  
378.0603000000119	DATA	Keydown:  
378.876189999748	DATA	Keydown:  
379.7797249997966	DATA	Keydown:  
380.5158949997276	DATA	Keydown:  
381.25213999999687	DATA	Keydown:  
382.1560499998741	DATA	Keydown:  
382.9155399999581	DATA	Keydown:  
383.7730000000447	DATA	Keydown:  
384.61240499978885	DATA	Keydown:  
385.4282550001517	DATA	Keydown:  
386.3315400001593	DATA	Keydown:  
387.03601999999955	DATA	Keydown:  
387.97975499974564	DATA	Keydown:  
389.93167500011623	EXP	text_3: autoDraw = true
390.6994949998334	DATA	Keydown:  
390.71549999993294	EXP	text_3: autoDraw = false
390.71549999993294	EXP	Sound: secs = -1
390.71549999993294	EXP	Sound: volume = 1
390.71549999993294	EXP	Sound: loops = 0
390.71549999993294	EXP	Sound: volume = 1
395.70051999995485	DATA	Keydown:  
396.9798550000414	DATA	Keydown:  
398.05990999983624	DATA	Keydown:  
399.2677899999544	DATA	Keydown:  
400.4840500000864	DATA	Keydown:  
401.5964199998416	DATA	Keydown:  
402.82781999977306	DATA	Keydown:  
403.9394299997948	DATA	Keydown:  
405.3798799999058	DATA	Keydown:  
407.81511999992654	EXP	text_3: autoDraw = true
408.33256000000983	DATA	Keydown:  
408.3485499997623	EXP	text_3: autoDraw = false
408.3485499997623	EXP	Sound: secs = -1
408.3485499997623	EXP	Sound: volume = 1
408.3485499997623	EXP	Sound: loops = 0
408.3485499997623	EXP	Sound: volume = 1
410.70758499996737	DATA	Keydown:  
411.73207499971613	DATA	Keydown:  
412.9397800001316	DATA	Keydown:  
413.9957650001161	DATA	Keydown:  
415.32374499971047	DATA	Keydown:  
416.42788999993354	DATA	Keydown:  
417.66737999999896	DATA	Keydown:  
418.80478500016034	DATA	Keydown:  
419.9318399997428	DATA	Keydown:  
421.03572499984875	DATA	Keydown:  
422.45136500010267	DATA	Keydown:  
423.7636150000617	DATA	Keydown:  
426.1316649997607	EXP	text_3: autoDraw = true
426.8595900000073	DATA	Keydown:  
426.8655650001019	EXP	text_3: autoDraw = false
426.8655650001019	EXP	Sound: secs = -1
426.8655650001019	EXP	Sound: volume = 1
426.8655650001019	EXP	Sound: loops = 0
426.8655650001019	EXP	Sound: volume = 1
430.1003700001165	DATA	Keydown:  
431.8512800000608	DATA	Keydown:  
432.93281999975443	DATA	Keydown:  
434.2194750001654	DATA	Keydown:  
435.6750849997625	DATA	Keydown:  
436.98746499978006	DATA	Keydown:  
438.2116100001149	DATA	Keydown:  
439.6753150001168	DATA	Keydown:  
440.92447499977425	DATA	Keydown:  
442.483024999965	DATA	Keydown:  
444.01900999993086	DATA	Keydown:  
445.34728999994695	DATA	Keydown:  
446.7156699998304	DATA	Keydown:  
448.290974999778	DATA	Keydown:  
450.5818099998869	EXP	text_3: autoDraw = true
451.5164999999106	DATA	Keydown:  
451.5326299997978	EXP	text_3: autoDraw = false
451.5326299997978	EXP	Sound: secs = -1
451.5326299997978	EXP	Sound: volume = 1
451.5326299997978	EXP	Sound: loops = 0
451.5326299997978	EXP	Sound: volume = 1
456.61147500015795	DATA	Keydown:  
457.435155000072	DATA	Keydown:  
458.34732999978587	DATA	Keydown:  
459.33104000007734	DATA	Keydown:  
460.0351149998605	DATA	Keydown:  
460.8114049998112	DATA	Keydown:  
461.72421999974176	DATA	Keydown:  
462.6031550001353	DATA	Keydown:  
463.4112399998121	DATA	Keydown:  
464.2349000000395	DATA	Keydown:  
465.12334499973804	DATA	Keydown:  
465.8998699998483	DATA	Keydown:  
466.6434200000949	DATA	Keydown:  
468.84911999991164	EXP	text_3: autoDraw = true
469.69879999989644	DATA	Keydown:  
469.70264500007033	EXP	text_3: autoDraw = false
469.70264500007033	EXP	Sound: secs = -1
469.70264500007033	EXP	Sound: volume = 1
469.70264500007033	EXP	Sound: loops = 0
469.70264500007033	EXP	Sound: volume = 1
473.90801500016823	DATA	Keydown:  
474.6910850000568	DATA	Keydown:  
475.50710499985144	DATA	Keydown:  
476.2348949997686	DATA	Keydown:  
477.24324500001967	DATA	Keydown:  
478.1711499998346	DATA	Keydown:  
478.8751699998975	DATA	Keydown:  
479.54760499997064	DATA	Keydown:  
480.3070000000298	DATA	Keydown:  
481.0272900001146	DATA	Keydown:  
481.7067950000055	DATA	Keydown:  
482.3476149998605	DATA	Keydown:  
483.0913949999958	DATA	Keydown:  
483.8036349997856	DATA	Keydown:  
484.5494300001301	DATA	Keydown:  
485.2669500000775	DATA	Keydown:  
487.48261500010267	EXP	text_3: autoDraw = true
488.4030649997294	DATA	Keydown:  
488.4164899997413	EXP	text_3: autoDraw = false
488.4164899997413	EXP	Sound: secs = -1
488.4164899997413	EXP	Sound: volume = 1
488.4164899997413	EXP	Sound: loops = 0
488.4164899997413	EXP	Sound: volume = 1
492.8349350001663	DATA	Keydown:  
493.59511000011116	DATA	Keydown:  
494.2506450000219	DATA	Keydown:  
495.0598399997689	DATA	Keydown:  
495.7791599999182	DATA	Keydown:  
496.506879999768	DATA	Keydown:  
497.3147100000642	DATA	Keydown:  
498.01885999972	DATA	Keydown:  
498.8429700001143	DATA	Keydown:  
499.4745399998501	DATA	Keydown:  
500.28301500016823	DATA	Keydown:  
500.97919500013813	DATA	Keydown:  
501.7067950000055	DATA	Keydown:  
502.426870000083	DATA	Keydown:  
503.21891500009224	DATA	Keydown:  
503.9629999999888	DATA	Keydown:  
504.70668500009924	DATA	Keydown:  
505.44392499979585	DATA	Keydown:  
507.3335899999365	EXP	text_3: autoDraw = true
508.22692999988794	DATA	Keydown:  
508.23342499975115	EXP	text_3: autoDraw = false
508.23342499975115	EXP	Sound: secs = -1
508.23342499975115	EXP	Sound: volume = 1
508.23342499975115	EXP	Sound: loops = 0
508.23342499975115	EXP	Sound: volume = 1
513.099634999875	DATA	Keydown:  
513.6838449998759	DATA	Keydown:  
514.2588299997151	DATA	Keydown:  
514.8027449999936	DATA	Keydown:  
515.3627450000495	DATA	Keydown:  
516.043585000094	DATA	Keydown:  
516.7469899998978	DATA	Keydown:  
517.3148150001653	DATA	Keydown:  
517.9867650000378	DATA	Keydown:  
518.8344049998559	DATA	Keydown:  
519.5548649998382	DATA	Keydown:  
520.1706749997102	DATA	Keydown:  
521.1163050001487	EXP	text_3: autoDraw = true
521.9948450000957	DATA	Keydown:  
521.9999299999326	EXP	text_3: autoDraw = false
521.9999299999326	EXP	Sound: secs = -1
521.9999299999326	EXP	Sound: volume = 1
521.9999299999326	EXP	Sound: loops = 0
521.9999299999326	EXP	Sound: volume = 1
526.6596650001593	DATA	Keydown:  
527.3465100000612	DATA	Keydown:  
527.9787300000899	DATA	Keydown:  
528.6832599998452	DATA	Keydown:  
529.3304949998856	DATA	Keydown:  
530.042824999895	DATA	Keydown:  
530.6184249999933	DATA	Keydown:  
531.5701000001281	DATA	Keydown:  
532.33097000001	DATA	Keydown:  
533.0025800000876	DATA	Keydown:  
533.6586850001477	DATA	Keydown:  
534.4833749998361	DATA	Keydown:  
535.2667299997993	DATA	Keydown:  
536.0906400000677	DATA	Keydown:  
538.1168649997562	EXP	text_3: autoDraw = true
539.1711399997585	DATA	Keydown:  
539.1837849998847	EXP	text_3: autoDraw = false
539.1837849998847	EXP	Sound: secs = -1
539.1837849998847	EXP	Sound: volume = 1
539.1837849998847	EXP	Sound: loops = 0
539.1837849998847	EXP	Sound: volume = 1
541.7140399999917	DATA	Keydown:  
542.938389999792	DATA	Keydown:  
543.9864050000906	DATA	Keydown:  
545.218289999757	DATA	Keydown:  
546.3625949998386	DATA	Keydown:  
547.3544299998321	DATA	Keydown:  
548.5305900000967	DATA	Keydown:  
549.6114300000481	DATA	Keydown:  
550.770314999856	DATA	Keydown:  
551.8902900000103	DATA	Keydown:  
553.4168050000444	EXP	text_3: autoDraw = true
554.1154899997637	DATA	Keydown:  
554.1189600001089	EXP	text_3: autoDraw = false
554.1189600001089	EXP	Sound: secs = -1
554.1189600001089	EXP	Sound: volume = 1
554.1189600001089	EXP	Sound: loops = 0
554.1189600001089	EXP	Sound: volume = 1
557.6992649999447	DATA	Keydown:  
558.25839000009	DATA	Keydown:  
558.7621599999256	DATA	Keydown:  
559.3465450000949	DATA	Keydown:  
559.9393150000833	DATA	Keydown:  
560.4423199999146	DATA	Keydown:  
561.0510350000113	DATA	Keydown:  
561.5464449999854	DATA	Keydown:  
562.1623899997212	DATA	Keydown:  
562.6982499998994	DATA	Keydown:  
563.20196999982	DATA	Keydown:  
563.7861850000918	DATA	Keydown:  
564.3379399999976	DATA	Keydown:  
564.8501499998383	DATA	Keydown:  
565.4503349997103	DATA	Keydown:  
565.9944699998014	DATA	Keydown:  
566.5302900001407	DATA	Keydown:  
567.4840449998155	EXP	text_3: autoDraw = true
568.3142800000496	DATA	Keydown:  
568.3170150001533	EXP	text_3: autoDraw = false
568.3170150001533	EXP	Sound: secs = -1
568.3170150001533	EXP	Sound: volume = 1
568.3170150001533	EXP	Sound: loops = 0
568.3170150001533	EXP	Sound: volume = 1
573.4751749997959	DATA	Keydown:  
574.73037499981	DATA	Keydown:  
576.2017449997365	DATA	Keydown:  
577.6422000001185	DATA	Keydown:  
578.8900950001553	DATA	Keydown:  
580.2020700001158	DATA	Keydown:  
581.4741799999028	DATA	Keydown:  
582.8822449999861	DATA	Keydown:  
584.1312299999408	DATA	Keydown:  
585.4902050001547	DATA	Keydown:  
586.9061249997467	DATA	Keydown:  
588.2421349999495	DATA	Keydown:  
590.3675299999304	EXP	text_3: autoDraw = true
590.9789049997926	DATA	Keydown:  
590.9840099997818	EXP	text_3: autoDraw = false
590.9840099997818	EXP	Sound: secs = -1
590.9840099997818	EXP	Sound: volume = 1
590.9840099997818	EXP	Sound: loops = 0
590.9840099997818	EXP	Sound: volume = 1
594.3706000000238	DATA	Keydown:  
595.4659899999388	DATA	Keydown:  
596.8260099999607	DATA	Keydown:  
598.3621450001374	DATA	Keydown:  
599.7300899997354	DATA	Keydown:  
601.1621400001459	DATA	Keydown:  
602.4577699997462	DATA	Keydown:  
603.7620199997909	DATA	Keydown:  
605.1150349997915	DATA	Keydown:  
606.4974150001071	DATA	Keydown:  
608.3009299999103	EXP	text_3: autoDraw = true
608.8521050000563	DATA	Keydown:  
608.868015000131	EXP	text_3: autoDraw = false
608.868015000131	EXP	Sound: secs = -1
608.868015000131	EXP	Sound: volume = 1
608.868015000131	EXP	Sound: loops = 0
608.868015000131	EXP	Sound: volume = 1
614.3620649999939	DATA	Keydown:  
614.9938599998131	DATA	Keydown:  
615.8747799997218	DATA	Keydown:  
616.6496350001544	DATA	Keydown:  
617.4259349997155	DATA	Keydown:  
618.2176149999723	DATA	Keydown:  
619.1139299999923	DATA	Keydown:  
619.7854749998078	DATA	Keydown:  
620.6256900001317	DATA	Keydown:  
621.4259600001387	DATA	Keydown:  
622.1777200000361	DATA	Keydown:  
623.0358150000684	DATA	Keydown:  
623.7618299997412	DATA	Keydown:  
624.5778549998067	DATA	Keydown:  
625.3536749999039	DATA	Keydown:  
626.1147300000302	DATA	Keydown:  
626.8896949999034	DATA	Keydown:  
628.9013149999082	EXP	text_3: autoDraw = true
629.7854349999689	DATA	Keydown:  
629.8032450000755	EXP	text_3: autoDraw = false
629.8032450000755	EXP	Sound: secs = -1
629.8032450000755	EXP	Sound: volume = 1
629.8032450000755	EXP	Sound: loops = 0
629.8032450000755	EXP	Sound: volume = 1
633.929570000153	DATA	Keydown:  
635.201630000025	DATA	Keydown:  
636.6266449997202	DATA	Keydown:  
638.1777449999936	DATA	Keydown:  
639.5854699998163	DATA	Keydown:  
641.1457249997184	DATA	Keydown:  
642.9183249999769	EXP	text_3: autoDraw = true
643.481279999949	DATA	Keydown:  
643.4869450000115	EXP	text_3: autoDraw = false
643.4869450000115	EXP	Sound: secs = -1
643.4869450000115	EXP	Sound: volume = 1
643.4869450000115	EXP	Sound: loops = 0
643.4869450000115	EXP	Sound: volume = 1
649.5625649997965	DATA	Keydown:  
650.6574999997392	DATA	Keydown:  
651.937305000145	DATA	Keydown:  
653.2575550000183	DATA	Keydown:  
654.6735999998637	DATA	Keydown:  
656.1213899999857	DATA	Keydown:  
657.5212849997915	DATA	Keydown:  
659.2815999998711	DATA	Keydown:  
660.651949999854	EXP	text_3: autoDraw = true
661.2902750000358	DATA	Keydown:  
661.3020199998282	EXP	text_3: autoDraw = false
661.3020199998282	EXP	Sound: secs = -1
661.3020199998282	EXP	Sound: volume = 1
661.3020199998282	EXP	Sound: loops = 0
661.3020199998282	EXP	Sound: volume = 1
667.5373100000434	DATA	Keydown:  
668.3371799997985	DATA	Keydown:  
669.2253899998032	DATA	Keydown:  
669.9453949998133	DATA	Keydown:  
671.1529250000603	DATA	Keydown:  
672.3383749998175	DATA	Keydown:  
673.5049749999307	DATA	Keydown:  
674.8024300001562	DATA	Keydown:  
675.9852299997583	DATA	Keydown:  
676.8092249999754	DATA	Keydown:  
677.5129149998538	DATA	Keydown:  
678.5370399998501	DATA	Keydown:  
679.5849049999379	DATA	Keydown:  
680.7857099999674	EXP	text_3: autoDraw = true
681.4891300001182	DATA	Keydown:  
681.502239999827	EXP	text_3: autoDraw = false
681.502239999827	EXP	Sound: secs = -1
681.502239999827	EXP	Sound: volume = 1
681.502239999827	EXP	Sound: loops = 0
681.502239999827	EXP	Sound: volume = 1
685.7379199997522	DATA	Keydown:  
686.2411050000228	DATA	Keydown:  
686.90494999988	DATA	Keydown:  
687.4492899999022	DATA	Keydown:  
688.0092400000431	DATA	Keydown:  
688.609319999814	DATA	Keydown:  
689.1773299998604	DATA	Keydown:  
689.70481499983	DATA	Keydown:  
690.3208249998279	DATA	Keydown:  
690.8651299998164	DATA	Keydown:  
691.4727449999191	DATA	Keydown:  
692.0492849997245	DATA	Keydown:  
692.6336650000885	DATA	Keydown:  
693.152854999993	DATA	Keydown:  
693.6969249998219	DATA	Keydown:  
694.3131499998271	DATA	Keydown:  
695.4189300001599	EXP	text_3: autoDraw = true
696.3620150000788	DATA	Keydown:  
696.369204999879	EXP	text_3: autoDraw = false
696.369204999879	EXP	Sound: secs = -1
696.369204999879	EXP	Sound: volume = 1
696.369204999879	EXP	Sound: loops = 0
696.369204999879	EXP	Sound: volume = 1
703.4250549999997	DATA	Keydown:  
705.0174099998549	DATA	Keydown:  
706.7940650000237	DATA	Keydown:  
708.6089849998243	DATA	Keydown:  
710.3692000000738	DATA	Keydown:  
711.8970349999145	DATA	Keydown:  
713.3290249998681	DATA	Keydown:  
715.0247649997473	DATA	Keydown:  
716.68634499982	EXP	text_3: autoDraw = true
717.3536999998614	DATA	Keydown:  
717.3697799998336	EXP	text_3: autoDraw = false
717.3697799998336	EXP	Sound: secs = -1
717.3697799998336	EXP	Sound: volume = 1
717.3697799998336	EXP	Sound: loops = 0
717.3697799998336	EXP	Sound: volume = 1
721.4089699997567	DATA	Keydown:  
722.0009249998257	DATA	Keydown:  
722.7044099997729	DATA	Keydown:  
723.400915000122	DATA	Keydown:  
724.0806849999353	DATA	Keydown:  
724.7693050000817	DATA	Keydown:  
725.4173550000414	DATA	Keydown:  
726.1128549999557	DATA	Keydown:  
726.7607450000942	DATA	Keydown:  
727.4977549999021	DATA	Keydown:  
728.1448349999264	DATA	Keydown:  
728.7606099997647	DATA	Keydown:  
729.5044849999249	DATA	Keydown:  
730.1768049998209	DATA	Keydown:  
730.8329699998721	DATA	Keydown:  
731.528905000072	DATA	Keydown:  
732.1769349998794	DATA	Keydown:  
733.0694249998778	EXP	text_3: autoDraw = true
734.0088749998249	DATA	Keydown:  
734.0197999998927	EXP	text_3: autoDraw = false
734.0197999998927	EXP	Sound: secs = -1
734.0197999998927	EXP	Sound: volume = 1
734.0197999998927	EXP	Sound: loops = 0
734.0197999998927	EXP	Sound: volume = 1
739.4336350001395	DATA	Keydown:  
740.3127649999224	DATA	Keydown:  
741.1362749999389	DATA	Keydown:  
742.0087600001134	DATA	Keydown:  
742.8010399998166	DATA	Keydown:  
743.6167799998075	DATA	Keydown:  
744.5529499999247	DATA	Keydown:  
745.4002249999903	DATA	Keydown:  
746.2886350001208	DATA	Keydown:  
747.2241199999116	DATA	Keydown:  
748.1527849999256	DATA	Keydown:  
749.0647549997084	DATA	Keydown:  
749.8650949997827	DATA	Keydown:  
750.7201950000599	DATA	Keydown:  
751.5924749998376	DATA	Keydown:  
752.4403849998489	DATA	Keydown:  
754.4365199999884	EXP	text_3: autoDraw = true
755.3446999997832	DATA	Keydown:  
755.3533649998717	EXP	text_3: autoDraw = false
755.3533649998717	EXP	Sound: secs = -1
755.3533649998717	EXP	Sound: volume = 1
755.3533649998717	EXP	Sound: loops = 0
755.3533649998717	EXP	Sound: volume = 1
759.6724950000644	DATA	Keydown:  
761.4016649997793	DATA	Keydown:  
762.5039099999703	DATA	Keydown:  
763.6486100000329	DATA	Keydown:  
764.8814499997534	DATA	Keydown:  
766.1797699998133	DATA	Keydown:  
767.4645449998789	DATA	Keydown:  
768.7198799997568	DATA	Keydown:  
770.0804449999705	DATA	Keydown:  
771.9032850000076	EXP	text_3: autoDraw = true
772.8173249997199	DATA	Keydown:  
772.8205800000578	EXP	text_3: autoDraw = false
772.8205800000578	EXP	Sound: secs = -1
772.8205800000578	EXP	Sound: volume = 1
772.8205800000578	EXP	Sound: loops = 0
772.8205800000578	EXP	Sound: volume = 1
775.824285000097	DATA	Keydown:  
777.2399550001137	DATA	Keydown:  
778.8881250000559	DATA	Keydown:  
780.3999350001104	DATA	Keydown:  
782.0643349997699	DATA	Keydown:  
783.6093549998477	DATA	Keydown:  
785.640019999817	DATA	Keydown:  
787.5441250000149	DATA	Keydown:  
789.4964199997485	DATA	Keydown:  
791.1280849999748	DATA	Keydown:  
792.6877350001596	DATA	Keydown:  
793.9536099997349	EXP	text_3: autoDraw = true
794.2810399997979	DATA	Keydown:  
794.2874799999408	EXP	text_3: autoDraw = false
794.2874799999408	EXP	Sound: secs = -1
794.2874799999408	EXP	Sound: volume = 1
794.2874799999408	EXP	Sound: loops = 0
794.2874799999408	EXP	Sound: volume = 1
798.721150000114	DATA	Keydown:  
799.4717500000261	DATA	Keydown:  
800.1205099998042	DATA	Keydown:  
800.8801049999893	DATA	Keydown:  
801.4961299998686	DATA	Keydown:  
802.287879999727	DATA	Keydown:  
802.9596400000155	DATA	Keydown:  
803.7686100001447	DATA	Keydown:  
804.4250449999236	DATA	Keydown:  
805.216155000031	DATA	Keydown:  
805.8640350000933	DATA	Keydown:  
806.6002199999057	DATA	Keydown:  
807.3602499999106	DATA	Keydown:  
808.0002749999985	DATA	Keydown:  
808.7438300000504	DATA	Keydown:  
809.4000699999742	DATA	Keydown:  
810.1759500000626	DATA	Keydown:  
811.1537750000134	EXP	text_3: autoDraw = true
812.1042550001293	DATA	Keydown:  
812.1222099997103	EXP	text_3: autoDraw = false
812.1222099997103	EXP	Sound: secs = -1
812.1222099997103	EXP	Sound: volume = 1
812.1222099997103	EXP	Sound: loops = 0
812.1222099997103	EXP	Sound: volume = 1
818.7288449998014	DATA	Keydown:  
819.5040949997492	DATA	Keydown:  
820.4637750000693	DATA	Keydown:  
821.1759699997492	DATA	Keydown:  
821.9837099998258	DATA	Keydown:  
822.7523400001228	DATA	Keydown:  
823.4637750000693	DATA	Keydown:  
824.5276649999432	DATA	Keydown:  
825.239709999878	DATA	Keydown:  
826.0399199998938	DATA	Keydown:  
826.9359300001524	DATA	Keydown:  
827.7758900001645	DATA	Keydown:  
829.2210849998519	EXP	text_3: autoDraw = true
829.9046350000426	DATA	Keydown:  
829.921269999817	EXP	text_3: autoDraw = false
829.921269999817	EXP	Sound: secs = -1
829.921269999817	EXP	Sound: volume = 1
829.921269999817	EXP	Sound: loops = 0
829.921269999817	EXP	Sound: volume = 1
835.6798749999143	DATA	Keydown:  
837.327930000145	DATA	Keydown:  
839.16801999975	DATA	Keydown:  
840.8247349997982	DATA	Keydown:  
842.543730000034	DATA	Keydown:  
844.4157500001602	DATA	Keydown:  
846.8712749998085	EXP	text_3: autoDraw = true
847.5838699997403	DATA	Keydown:  
847.5875599998981	EXP	text_3: autoDraw = false
847.5875599998981	EXP	Sound: secs = -1
847.5875599998981	EXP	Sound: volume = 1
847.5875599998981	EXP	Sound: loops = 0
847.5875599998981	EXP	Sound: volume = 1
851.5846600001678	DATA	Keydown:  
852.3754650000483	DATA	Keydown:  
853.4151550000533	DATA	Keydown:  
854.3194999997504	DATA	Keydown:  
855.1516950000077	DATA	Keydown:  
856.1195700000972	DATA	Keydown:  
856.9517299998552	DATA	Keydown:  
857.8716150000691	DATA	Keydown:  
858.7754850001074	DATA	Keydown:  
859.6476900000125	DATA	Keydown:  
860.5195800000802	DATA	Keydown:  
861.3996150000021	DATA	Keydown:  
862.3685050001368	DATA	Keydown:  
863.2475350000896	DATA	Keydown:  
864.0310249999166	DATA	Keydown:  
864.8876350000501	DATA	Keydown:  
865.695340000093	DATA	Keydown:  
867.4711250001565	EXP	text_3: autoDraw = true
867.9835399999283	DATA	Keydown:  
867.9881850001402	EXP	text_3: autoDraw = false
867.9881850001402	EXP	Sound: secs = -1
867.9881850001402	EXP	Sound: volume = 1
867.9881850001402	EXP	Sound: loops = 0
867.9881850001402	EXP	Sound: volume = 1
874.0881599998102	DATA	Keydown:  
875.159434999805	DATA	Keydown:  
876.5833850000054	DATA	Keydown:  
877.8153749997728	DATA	Keydown:  
878.9994299998507	DATA	Keydown:  
880.3432749998756	DATA	Keydown:  
881.743404999841	DATA	Keydown:  
883.3349299998954	DATA	Keydown:  
885.288234999869	EXP	text_3: autoDraw = true
885.8482349999249	DATA	Keydown:  
885.8555299998261	EXP	text_3: autoDraw = false
885.8555299998261	EXP	Sound: secs = -1
885.8555299998261	EXP	Sound: volume = 1
885.8555299998261	EXP	Sound: loops = 0
885.8555299998261	EXP	Sound: volume = 1
891.2794149997644	DATA	Keydown:  
892.4720299998298	DATA	Keydown:  
893.0155050000176	DATA	Keydown:  
893.8471650001593	DATA	Keydown:  
894.4229500000365	DATA	Keydown:  
895.0472699999809	DATA	Keydown:  
896.2075950000435	DATA	Keydown:  
898.3885650001466	EXP	text_3: autoDraw = true
899.0554899997078	DATA	Keydown:  
899.0725549999624	EXP	text_3: autoDraw = false
899.0725549999624	EXP	Sound: secs = -1
899.0725549999624	EXP	Sound: volume = 1
899.0725549999624	EXP	Sound: loops = 0
899.0725549999624	EXP	Sound: volume = 1
904.8386900001206	DATA	Keydown:  
905.7587049999274	DATA	Keydown:  
906.5219999998808	DATA	Keydown:  
907.3186599998735	DATA	Keydown:  
908.215194999706	DATA	Keydown:  
911.7672399999574	DATA	Keydown:  
913.1271199998446	DATA	Keydown:  
913.9991000001319	DATA	Keydown:  
914.8949949997477	DATA	Keydown:  
915.7749950001016	DATA	Keydown:  
917.6053550001234	EXP	text_3: autoDraw = true
918.3280400000513	DATA	Keydown:  
918.3390199998394	EXP	text_3: autoDraw = false
918.3390199998394	EXP	Sound: secs = -1
918.3390199998394	EXP	Sound: volume = 1
918.3390199998394	EXP	Sound: loops = 0
918.3390199998394	EXP	Sound: volume = 1
922.7990549998358	DATA	Keydown:  
923.9031299999915	DATA	Keydown:  
924.7830699998885	DATA	Keydown:  
925.6790399998426	DATA	Keydown:  
926.5749599998817	DATA	Keydown:  
927.366504999809	DATA	Keydown:  
928.1670650001615	DATA	Keydown:  
929.0076299998909	DATA	Keydown:  
929.8309100000188	DATA	Keydown:  
930.8224949999712	DATA	Keydown:  
931.8309049997479	DATA	Keydown:  
932.7268349998631	DATA	Keydown:  
933.5829300000332	DATA	Keydown:  
934.4224399998784	DATA	Keydown:  
935.2308800001629	DATA	Keydown:  
937.2056200001389	EXP	text_3: autoDraw = true
946.1402900000103	DATA	Mouse: 0 button down, pos=(452.00000673532486,512.0000076293945)
946.3240000000224	DATA	Mouse: 0 button down, pos=(452.00000673532486,512.0000076293945)
947.5832349997945	DATA	Keydown:  
947.5893999999389	EXP	text_3: autoDraw = false
947.5893999999389	EXP	Sound: secs = -1
947.5893999999389	EXP	Sound: volume = 1
947.5893999999389	EXP	Sound: loops = 0
947.5893999999389	EXP	Sound: volume = 1
953.350484999828	DATA	Keydown:  
954.0786950001493	DATA	Keydown:  
954.9187199999578	DATA	Keydown:  
955.6624799999408	DATA	Keydown:  
956.5354100000113	DATA	Keydown:  
957.6543649998493	DATA	Keydown:  
958.9423699998297	DATA	Keydown:  
959.8307799999602	DATA	Keydown:  
960.8227099999785	DATA	Keydown:  
962.4393050000072	EXP	text_3: autoDraw = true
963.142064999789	DATA	Keydown:  
963.1666999999434	EXP	text_3: autoDraw = false
963.1666999999434	EXP	text_4: autoDraw = true
966.2399349999614	DATA	Keydown:  
966.2663500001654	EXP	text_4: autoDraw = false
966.2663500001654	EXP	Sound: secs = -1
966.2663500001654	EXP	Sound: volume = 1
966.2663500001654	EXP	Sound: loops = 0
966.2663500001654	EXP	Sound: volume = 1
973.2474099998362	DATA	Keydown:  
975.1106300000101	DATA	Keydown:  
976.8399649998173	DATA	Keydown:  
978.662490000017	DATA	Keydown:  
982.108680000063	EXP	next_prompt_trial2: autoDraw = true
982.5741449999623	DATA	Keydown:  
982.5903949998319	EXP	next_prompt_trial2: autoDraw = false
982.5903949998319	EXP	Sound: secs = -1
982.5903949998319	EXP	Sound: volume = 1
982.5903949998319	EXP	Sound: loops = 0
982.5903949998319	EXP	Sound: volume = 1
988.0789350001141	DATA	Keydown:  
988.6143000000156	DATA	Keydown:  
989.5262699997984	DATA	Keydown:  
990.118259999901	DATA	Keydown:  
990.6703550000675	DATA	Keydown:  
991.134440000169	DATA	Keydown:  
991.9899149998091	DATA	Keydown:  
992.8864750000648	DATA	Keydown:  
993.7577450000681	DATA	Keydown:  
994.342044999823	DATA	Keydown:  
994.942084999755	DATA	Keydown:  
996.3736299998127	EXP	next_prompt_trial2: autoDraw = true
997.0382400001399	DATA	Keydown:  
997.0407750001177	EXP	next_prompt_trial2: autoDraw = false
997.0407750001177	EXP	Sound: secs = -1
997.0407750001177	EXP	Sound: volume = 1
997.0407750001177	EXP	Sound: loops = 0
997.0407750001177	EXP	Sound: volume = 1
1000.0233000000007	DATA	Keydown:  
1000.6237800000235	DATA	Keydown:  
1001.3738899999298	DATA	Keydown:  
1002.2064749998972	DATA	Keydown:  
1002.9741299999878	DATA	Keydown:  
1003.6382399997674	DATA	Keydown:  
1004.3662950000726	DATA	Keydown:  
1005.2382100000978	DATA	Keydown:  
1005.8619049997069	DATA	Keydown:  
1006.7338999998756	DATA	Keydown:  
1007.413784999866	DATA	Keydown:  
1008.1899350001477	DATA	Keydown:  
1008.9421600000933	DATA	Keydown:  
1009.6623499998823	DATA	Keydown:  
1010.4632350001484	DATA	Keydown:  
1011.1661749999039	DATA	Keydown:  
1011.9257450001314	DATA	Keydown:  
1012.6936650001444	DATA	Keydown:  
1013.4861749997362	DATA	Keydown:  
1014.1734500001185	EXP	next_prompt_trial2: autoDraw = true
1015.1419299999252	DATA	Keydown:  
1015.1567949997261	EXP	next_prompt_trial2: autoDraw = false
1015.1567949997261	EXP	Sound: secs = -1
1015.1567949997261	EXP	Sound: volume = 1
1015.1567949997261	EXP	Sound: loops = 0
1015.1567949997261	EXP	Sound: volume = 1
1022.5429400000721	DATA	Keydown:  
1023.7500649997965	DATA	Keydown:  
1025.4067899999209	DATA	Keydown:  
1026.8939899997786	DATA	Keydown:  
1028.607774999924	DATA	Keydown:  
1030.7202849998139	DATA	Keydown:  
1033.7068300000392	EXP	next_prompt_trial2: autoDraw = true
1035.1509899999946	DATA	Keydown:  
1035.1576049998403	EXP	next_prompt_trial2: autoDraw = false
1035.1576049998403	EXP	Sound: secs = -1
1035.1576049998403	EXP	Sound: volume = 1
1035.1576049998403	EXP	Sound: loops = 0
1035.1576049998403	EXP	Sound: volume = 1
1041.229969999753	DATA	Keydown:  
1043.9659500000998	DATA	Keydown:  
1046.0943249999546	DATA	Keydown:  
1048.4618199998513	DATA	Keydown:  
1050.6695599998347	DATA	Keydown:  
1052.7406799998134	EXP	next_prompt_trial2: autoDraw = true
1053.4538050000556	DATA	Keydown:  
1053.4572850000113	EXP	next_prompt_trial2: autoDraw = false
1053.4572850000113	EXP	Sound: secs = -1
1053.4572850000113	EXP	Sound: volume = 1
1053.4572850000113	EXP	Sound: loops = 0
1053.4572850000113	EXP	Sound: volume = 1
1058.7987850001082	DATA	Keydown:  
1060.4296450000256	DATA	Keydown:  
1062.2377349999733	DATA	Keydown:  
1064.253550000023	DATA	Keydown:  
1066.4452800001018	DATA	Keydown:  
1068.5016449997202	DATA	Keydown:  
1070.8228349997662	DATA	Keydown:  
1072.0412849998102	EXP	next_prompt_trial2: autoDraw = true
1072.6296549998224	DATA	Keydown:  
1072.6418550000526	EXP	next_prompt_trial2: autoDraw = false
1072.6418550000526	EXP	Sound: secs = -1
1072.6418550000526	EXP	Sound: volume = 1
1072.6418550000526	EXP	Sound: loops = 0
1072.6418550000526	EXP	Sound: volume = 1
1078.1573299998417	DATA	Keydown:  
1079.7742449999787	DATA	Keydown:  
1081.2942349999212	DATA	Keydown:  
1082.8694899999537	DATA	Keydown:  
1084.3815600001253	DATA	Keydown:  
1085.3748200000264	DATA	Keydown:  
1086.5894300001673	DATA	Keydown:  
1088.0609300001524	DATA	Keydown:  
1089.7914049997926	EXP	next_prompt_trial2: autoDraw = true
1090.5655350000598	DATA	Keydown:  
1090.5748450001702	EXP	next_prompt_trial2: autoDraw = false
1090.5748450001702	EXP	Sound: secs = -1
1090.5748450001702	EXP	Sound: volume = 1
1090.5748450001702	EXP	Sound: loops = 0
1090.5748450001702	EXP	Sound: volume = 1
1095.2302149999887	DATA	Keydown:  
1095.9171750000678	DATA	Keydown:  
1096.9813500000164	DATA	Keydown:  
1098.0932950000279	DATA	Keydown:  
1098.861024999991	DATA	Keydown:  
1099.6692900001071	DATA	Keydown:  
1100.653454999905	DATA	Keydown:  
1101.5334549997933	DATA	Keydown:  
1102.4131700000726	DATA	Keydown:  
1103.1814000001177	DATA	Keydown:  
1104.0132599999197	DATA	Keydown:  
1104.997260000091	DATA	Keydown:  
1105.9020699998364	DATA	Keydown:  
1106.797125000041	DATA	Keydown:  
1107.668819999788	DATA	Keydown:  
1108.565295000095	DATA	Keydown:  
1109.316695000045	DATA	Keydown:  
1111.6415049997158	EXP	next_prompt_trial2: autoDraw = true
1112.5251250001602	DATA	Keydown:  
1112.5418150001206	EXP	next_prompt_trial2: autoDraw = false
1112.5418150001206	EXP	Sound: secs = -1
1112.5418150001206	EXP	Sound: volume = 1
1112.5418150001206	EXP	Sound: loops = 0
1112.5418150001206	EXP	Sound: volume = 1
1117.7501400001347	DATA	Keydown:  
1118.4848799998872	DATA	Keydown:  
1119.3088650000282	DATA	Keydown:  
1120.2287449999712	DATA	Keydown:  
1121.8047699998133	DATA	Keydown:  
1122.661034999881	DATA	Keydown:  
1123.4287749999203	DATA	Keydown:  
1124.0446600001305	DATA	Keydown:  
1124.853079999797	DATA	Keydown:  
1125.8691099998541	DATA	Keydown:  
1126.5648150001653	DATA	Keydown:  
1127.3415099997073	DATA	Keydown:  
1128.1588300000876	DATA	Keydown:  
1129.244704999961	DATA	Keydown:  
1130.2290449999273	DATA	Keydown:  
1131.141659999732	DATA	Keydown:  
1133.125299999956	EXP	next_prompt_trial2: autoDraw = true
1133.9010649998672	DATA	Keydown:  
1133.9086199998856	EXP	next_prompt_trial2: autoDraw = false
1133.9086199998856	EXP	Sound: secs = -1
1133.9086199998856	EXP	Sound: volume = 1
1133.9086199998856	EXP	Sound: loops = 0
1133.9086199998856	EXP	Sound: volume = 1
1137.956819999963	DATA	Keydown:  
1138.6139150001109	DATA	Keydown:  
1139.2608099998906	DATA	Keydown:  
1140.004884999711	DATA	Keydown:  
1140.6934050000273	DATA	Keydown:  
1141.3733850000426	DATA	Keydown:  
1142.1169549999759	DATA	Keydown:  
1142.8287999997847	DATA	Keydown:  
1143.492554999888	DATA	Keydown:  
1144.1966550000943	DATA	Keydown:  
1144.9649700000882	DATA	Keydown:  
1145.5804749997333	DATA	Keydown:  
1146.228385000024	DATA	Keydown:  
1147.005044999998	DATA	Keydown:  
1147.692479999736	DATA	Keydown:  
1148.3650050000288	DATA	Keydown:  
1149.037829999812	DATA	Keydown:  
1149.7164849997498	DATA	Keydown:  
1151.3922299998812	EXP	next_prompt_trial2: autoDraw = true
1152.1889649997465	DATA	Keydown:  
1152.1919999998063	EXP	next_prompt_trial2: autoDraw = false
1152.1919999998063	EXP	Sound: secs = -1
1152.1919999998063	EXP	Sound: volume = 1
1152.1919999998063	EXP	Sound: loops = 0
1152.1919999998063	EXP	Sound: volume = 1
1156.4209750001319	DATA	Keydown:  
1157.6049250001088	DATA	Keydown:  
1159.6693949997425	DATA	Keydown:  
1161.820834999904	DATA	Keydown:  
1163.0605850000866	DATA	Keydown:  
1164.2605300000869	DATA	Keydown:  
1165.476290000137	DATA	Keydown:  
1166.7003399999812	DATA	Keydown:  
1168.2420449997298	EXP	next_prompt_trial2: autoDraw = true
1168.9007299998775	DATA	Keydown:  
1168.909500000067	EXP	next_prompt_trial2: autoDraw = false
1168.909500000067	EXP	Sound: secs = -1
1168.909500000067	EXP	Sound: volume = 1
1168.909500000067	EXP	Sound: loops = 0
1168.909500000067	EXP	Sound: volume = 1
1174.0695299999788	DATA	Keydown:  
1175.860419999808	DATA	Keydown:  
1177.6280849999748	DATA	Keydown:  
1179.7004200001247	DATA	Keydown:  
1180.852584999986	DATA	Keydown:  
1182.63638000004	DATA	Keydown:  
1184.0930849998258	DATA	Keydown:  
1186.1003350000829	DATA	Keydown:  
1187.8924249997362	DATA	Keydown:  
1189.7161900000647	DATA	Keydown:  
1192.5425499998964	EXP	next_prompt_trial2: autoDraw = true
1193.3484649998136	DATA	Keydown:  
1193.3594100000337	EXP	next_prompt_trial2: autoDraw = false
1193.3594100000337	EXP	Sound: secs = -1
1193.3594100000337	EXP	Sound: volume = 1
1193.3594100000337	EXP	Sound: loops = 0
1193.3594100000337	EXP	Sound: volume = 1
1200.0374050000682	DATA	Keydown:  
1200.7482599997893	DATA	Keydown:  
1201.4600749998353	DATA	Keydown:  
1202.0926549998112	DATA	Keydown:  
1202.828125	DATA	Keydown:  
1203.4599199998192	DATA	Keydown:  
1204.2760199997574	DATA	Keydown:  
1205.0202750000171	DATA	Keydown:  
1205.7080000001006	DATA	Keydown:  
1206.3959749997593	DATA	Keydown:  
1207.0438149999827	DATA	Keydown:  
1207.7001299997792	DATA	Keydown:  
1208.4924900000915	DATA	Keydown:  
1209.2761149997823	DATA	Keydown:  
1211.3594100000337	EXP	next_prompt_trial2: autoDraw = true
1212.0690350001678	DATA	Keydown:  
1212.0764799998142	EXP	next_prompt_trial2: autoDraw = false
1212.0764799998142	EXP	Sound: secs = -1
1212.0764799998142	EXP	Sound: volume = 1
1212.0764799998142	EXP	Sound: loops = 0
1212.0764799998142	EXP	Sound: volume = 1
1222.1809950000606	DATA	Keydown:  
1226.3080449998379	DATA	Keydown:  
1229.3161550001241	DATA	Keydown:  
1231.210304999724	EXP	next_prompt_trial2: autoDraw = true
1231.772254999727	DATA	Keydown:  
1231.7770299999975	EXP	next_prompt_trial2: autoDraw = false
1231.7770299999975	EXP	Sound: secs = -1
1231.7770299999975	EXP	Sound: volume = 1
1231.7770299999975	EXP	Sound: loops = 0
1231.7770299999975	EXP	Sound: volume = 1
1235.7566100000404	DATA	Keydown:  
1236.1880700001493	DATA	Keydown:  
1236.6520899999887	DATA	Keydown:  
1237.211499999743	DATA	Keydown:  
1237.7241750000976	DATA	Keydown:  
1238.236225000117	DATA	Keydown:  
1238.732869999949	DATA	Keydown:  
1239.1959049999714	DATA	Keydown:  
1239.699924999848	DATA	Keydown:  
1240.179570000153	DATA	Keydown:  
1240.747560000047	DATA	Keydown:  
1241.2039950001054	DATA	Keydown:  
1241.8520450000651	DATA	Keydown:  
1242.2838149997406	DATA	Keydown:  
1242.81148999976	DATA	Keydown:  
1243.2916500000283	DATA	Keydown:  
1243.8360000001267	DATA	Keydown:  
1244.2519849999808	DATA	Keydown:  
1246.4434599997476	EXP	next_prompt_trial2: autoDraw = true
1247.3487599999644	DATA	Keydown:  
1247.360369999893	EXP	next_prompt_trial2: autoDraw = false
1247.360369999893	EXP	Sound: secs = -1
1247.360369999893	EXP	Sound: volume = 1
1247.360369999893	EXP	Sound: loops = 0
1247.360369999893	EXP	Sound: volume = 1
1254.7318449998274	DATA	Keydown:  
1256.1560249999166	DATA	Keydown:  
1257.7102000000887	DATA	Keydown:  
1259.2274699998088	DATA	Keydown:  
1262.6994499997236	DATA	Keydown:  
1263.4599399999715	DATA	Keydown:  
1264.3398599997163	DATA	Keydown:  
1265.06790000014	DATA	Keydown:  
1267.0604449999519	EXP	next_prompt_trial2: autoDraw = true
1267.683799999766	DATA	Keydown:  
1267.694145000074	EXP	next_prompt_trial2: autoDraw = false
1267.694145000074	EXP	Sound: secs = -1
1267.694145000074	EXP	Sound: volume = 1
1267.694145000074	EXP	Sound: loops = 0
1267.694145000074	EXP	Sound: volume = 1
1270.204580000136	DATA	Keydown:  
1270.66039500013	DATA	Keydown:  
1271.044579999987	DATA	Keydown:  
1271.4443649998866	DATA	Keydown:  
1271.7877599997446	DATA	Keydown:  
1272.395475000143	DATA	Keydown:  
1272.8607700001448	DATA	Keydown:  
1273.2676999997348	DATA	Keydown:  
1273.7399349999614	DATA	Keydown:  
1274.2197349998169	DATA	Keydown:  
1274.6836250000633	DATA	Keydown:  
1275.0995700000785	DATA	Keydown:  
1275.6517400001176	DATA	Keydown:  
1276.075530000031	DATA	Keydown:  
1276.4676350001246	DATA	Keydown:  
1277.083709999919	DATA	Keydown:  
1277.5313800000586	DATA	Keydown:  
1278.0112549997866	DATA	Keydown:  
1278.3951650001109	DATA	Keydown:  
1278.9315700000152	DATA	Keydown:  
1280.2104599997401	EXP	next_prompt_trial2: autoDraw = true
1281.0844799997285	DATA	Keydown:  
1281.0939099998213	EXP	next_prompt_trial2: autoDraw = false
1281.0939099998213	EXP	Sound: secs = -1
1281.0939099998213	EXP	Sound: volume = 1
1281.0939099998213	EXP	Sound: loops = 0
1281.0939099998213	EXP	Sound: volume = 1
1291.3004399999045	DATA	Keydown:  
1293.5075300000608	DATA	Keydown:  
1296.643720000051	DATA	Keydown:  
1301.259184999857	DATA	Keydown:  
1302.87823499972	DATA	Keydown:  
1303.6275700000115	EXP	next_prompt_trial2: autoDraw = true
1304.0834849998355	DATA	Keydown:  
1304.0942699997686	EXP	next_prompt_trial2: autoDraw = false
1304.0942699997686	EXP	Sound: secs = -1
1304.0942699997686	EXP	Sound: volume = 1
1304.0942699997686	EXP	Sound: loops = 0
1304.0942699997686	EXP	Sound: volume = 1
1306.8035349999554	DATA	Keydown:  
1307.3792799999937	DATA	Keydown:  
1307.9629399999976	DATA	Keydown:  
1308.7071400000714	DATA	Keydown:  
1309.331125000026	DATA	Keydown:  
1309.9073049998842	DATA	Keydown:  
1310.651409999933	DATA	Keydown:  
1311.3234449997544	DATA	Keydown:  
1312.0351200001314	DATA	Keydown:  
1312.675764999818	DATA	Keydown:  
1313.3082400001585	DATA	Keydown:  
1313.9712999998592	DATA	Keydown:  
1314.6452750000171	DATA	Keydown:  
1315.2446449999698	DATA	Keydown:  
1315.9712999998592	DATA	Keydown:  
1316.5554149998352	DATA	Keydown:  
1317.2033600001596	DATA	Keydown:  
1317.8285499997437	DATA	Keydown:  
1318.5074100000784	DATA	Keydown:  
1319.2942900001071	EXP	next_prompt_trial2: autoDraw = true
1320.2110899998806	DATA	Keydown:  
1320.228385000024	EXP	next_prompt_trial2: autoDraw = false
1320.228385000024	EXP	Sound: secs = -1
1320.228385000024	EXP	Sound: volume = 1
1320.228385000024	EXP	Sound: loops = 0
1320.228385000024	EXP	Sound: volume = 1
1323.9797800001688	DATA	Keydown:  
1324.6830349997617	DATA	Keydown:  
1325.3312349999323	DATA	Keydown:  
1326.0831100000069	DATA	Keydown:  
1326.8283899999224	DATA	Keydown:  
1327.459404999856	DATA	Keydown:  
1328.2511700000614	DATA	Keydown:  
1328.9393699998036	DATA	Keydown:  
1329.6277799997479	DATA	Keydown:  
1330.3712149998173	DATA	Keydown:  
1331.0352050000802	DATA	Keydown:  
1331.6829749997705	DATA	Keydown:  
1332.3553100000136	DATA	Keydown:  
1333.1392649998888	DATA	Keydown:  
1333.7786149997264	DATA	Keydown:  
1334.4683099999093	DATA	Keydown:  
1335.2112799999304	DATA	Keydown:  
1335.8030400001444	DATA	Keydown:  
1336.994504999835	EXP	next_prompt_trial2: autoDraw = true
1337.7948400001042	DATA	Keydown:  
1337.8115749997087	EXP	next_prompt_trial2: autoDraw = false
1337.8115749997087	EXP	Sound: secs = -1
1337.8115749997087	EXP	Sound: volume = 1
1337.8115749997087	EXP	Sound: loops = 0
1337.8115749997087	EXP	Sound: volume = 1
1339.8593850000761	DATA	Keydown:  
1340.4669849998318	DATA	Keydown:  
1341.034994999878	DATA	Keydown:  
1341.739169999957	DATA	Keydown:  
1342.3390349997208	DATA	Keydown:  
1343.1231249999255	DATA	Keydown:  
1343.835010000039	DATA	Keydown:  
1344.4509450001642	DATA	Keydown:  
1345.1401200001128	DATA	Keydown:  
1345.8431400000118	DATA	Keydown:  
1346.491270000115	DATA	Keydown:  
1347.1469250000082	DATA	Keydown:  
1347.9391199997626	DATA	Keydown:  
1348.4990249997936	DATA	Keydown:  
1349.2350449999794	DATA	Keydown:  
1349.914735000115	DATA	Keydown:  
1350.6183799998835	DATA	Keydown:  
1351.2749399999157	DATA	Keydown:  
1351.93894500006	DATA	Keydown:  
1352.6024949997663	DATA	Keydown:  
1353.328530000057	EXP	next_prompt_trial2: autoDraw = true
1353.971094999928	DATA	Keydown:  
1353.9785949997604	EXP	next_prompt_trial2: autoDraw = false
1353.9785949997604	EXP	Sound: secs = -1
1353.9785949997604	EXP	Sound: volume = 1
1353.9785949997604	EXP	Sound: loops = 0
1353.9785949997604	EXP	Sound: volume = 1
1362.587865000125	DATA	Keydown:  
1364.114854999818	DATA	Keydown:  
1367.4431799999438	DATA	Keydown:  
1370.4507149998099	DATA	Keydown:  
1377.46744999988	DATA	Keydown:  
1379.3950600000098	EXP	next_prompt_trial2: autoDraw = true
1379.8748749997467	DATA	Keydown:  
1379.878645000048	EXP	next_prompt_trial2: autoDraw = false
1379.878645000048	EXP	Sound: secs = -1
1379.878645000048	EXP	Sound: volume = 1
1379.878645000048	EXP	Sound: loops = 0
1379.878645000048	EXP	Sound: volume = 1
1383.2183400001377	DATA	Keydown:  
1383.9145450000651	DATA	Keydown:  
1384.5387049997225	DATA	Keydown:  
1385.0984700000845	DATA	Keydown:  
1386.59529499989	DATA	Keydown:  
1387.1624249997549	DATA	Keydown:  
1387.6599900000729	DATA	Keydown:  
1388.2187199997716	DATA	Keydown:  
1388.6504500000738	DATA	Keydown:  
1389.0585599998012	DATA	Keydown:  
1389.6184700001031	DATA	Keydown:  
1390.0982200000435	DATA	Keydown:  
1391.5303899999708	DATA	Keydown:  
1392.5623650001362	EXP	next_prompt_trial2: autoDraw = true
1393.042979999911	DATA	Keydown:  
1393.0454899999313	EXP	next_prompt_trial2: autoDraw = false
1393.0454899999313	EXP	Sound: secs = -1
1393.0454899999313	EXP	Sound: volume = 1
1393.0454899999313	EXP	Sound: loops = 0
1393.0454899999313	EXP	Sound: volume = 1
1400.4034750000574	DATA	Keydown:  
1403.946295000147	DATA	Keydown:  
1404.5705699999817	DATA	Keydown:  
1407.1461000000127	EXP	next_prompt_trial2: autoDraw = true
1407.8982750000432	DATA	Keydown:  
1407.9132199999876	EXP	next_prompt_trial2: autoDraw = false
1407.9132199999876	EXP	Sound: secs = -1
1407.9132199999876	EXP	Sound: volume = 1
1407.9132199999876	EXP	Sound: loops = 0
1407.9132199999876	EXP	Sound: volume = 1
1411.0992499999702	DATA	Keydown:  
1411.6743999999017	DATA	Keydown:  
1412.362059999723	DATA	Keydown:  
1412.9299149997532	DATA	Keydown:  
1413.514169999864	DATA	Keydown:  
1414.1140850000083	DATA	Keydown:  
1414.7940599997528	DATA	Keydown:  
1415.3971699997783	DATA	Keydown:  
1416.0023499997333	DATA	Keydown:  
1416.6744249998592	DATA	Keydown:  
1417.2903549997136	DATA	Keydown:  
1417.9062850000337	DATA	Keydown:  
1418.5224950001575	DATA	Keydown:  
1419.138280000072	DATA	Keydown:  
1419.6659849998541	DATA	Keydown:  
1420.3298999997787	DATA	Keydown:  
1420.9703600001521	DATA	Keydown:  
1421.5872450000606	DATA	Keydown:  
1422.1863899999298	DATA	Keydown:  
1422.7940849997103	DATA	Keydown:  
1424.6624099998735	EXP	next_prompt_trial2: autoDraw = true
1425.5063399998471	DATA	Keydown:  
1425.5129899997264	EXP	next_prompt_trial2: autoDraw = false
1425.5129899997264	EXP	Sound: secs = -1
1425.5129899997264	EXP	Sound: volume = 1
1425.5129899997264	EXP	Sound: loops = 0
1425.5129899997264	EXP	Sound: volume = 1
1440.612625000067	EXP	next_prompt_trial2: autoDraw = true
1441.3963349997066	DATA	Keydown:  
1441.4132249997929	EXP	next_prompt_trial2: autoDraw = false
1441.4132249997929	EXP	Sound: secs = -1
1441.4132249997929	EXP	Sound: volume = 1
1441.4132249997929	EXP	Sound: loops = 0
1441.4132249997929	EXP	Sound: volume = 1
1448.8179649999365	DATA	Keydown:  
1449.6896199998446	DATA	Keydown:  
1450.4338500001468	DATA	Keydown:  
1451.1060099997558	DATA	Keydown:  
1451.763379999902	DATA	Keydown:  
1452.4899800000712	DATA	Keydown:  
1453.1633449997753	DATA	Keydown:  
1453.8180350000039	DATA	Keydown:  
1454.3960899999365	DATA	Keydown:  
1455.0297099999152	EXP	next_prompt_trial2: autoDraw = true
1455.8740099999122	DATA	Keydown:  
1455.8797049997374	EXP	next_prompt_trial2: autoDraw = false
1455.8797049997374	EXP	Sound: secs = -1
1455.8797049997374	EXP	Sound: volume = 1
1455.8797049997374	EXP	Sound: loops = 0
1455.8797049997374	EXP	Sound: volume = 1
1459.329675000161	DATA	Keydown:  
1459.8741299998946	DATA	Keydown:  
1460.3058850001544	DATA	Keydown:  
1460.8416900001466	DATA	Keydown:  
1461.417769999709	DATA	Keydown:  
1461.7867350000888	DATA	Keydown:  
1462.3858050000854	DATA	Keydown:  
1462.91377499979	DATA	Keydown:  
1463.394530000165	DATA	Keydown:  
1463.9133850000799	DATA	Keydown:  
1464.5538050001487	DATA	Keydown:  
1465.1300050001591	DATA	Keydown:  
1465.7215100000612	DATA	Keydown:  
1466.22598499991	DATA	Keydown:  
1466.769570000004	DATA	Keydown:  
1467.463099999819	EXP	next_prompt_trial2: autoDraw = true
1468.265730000101	DATA	Keydown:  
1468.28009499982	EXP	next_prompt_trial2: autoDraw = false
1468.28009499982	EXP	Sound: secs = -1
1468.28009499982	EXP	Sound: volume = 1
1468.28009499982	EXP	Sound: loops = 0
1468.28009499982	EXP	Sound: volume = 1
1473.9387349998578	DATA	Keydown:  
1474.737420000136	DATA	Keydown:  
1475.5137600000016	DATA	Keydown:  
1476.178220000118	DATA	Keydown:  
1477.0655649998225	DATA	Keydown:  
1477.7696699998342	DATA	Keydown:  
1478.5616150000133	DATA	Keydown:  
1479.3617400000803	DATA	Keydown:  
1480.1300650001504	DATA	Keydown:  
1480.9137300001457	DATA	Keydown:  
1481.753550000023	DATA	Keydown:  
1482.6814749999903	DATA	Keydown:  
1483.3781749997288	DATA	Keydown:  
1484.1066899998114	DATA	Keydown:  
1484.9697799999267	DATA	Keydown:  
1487.1630750000477	EXP	next_prompt_trial2: autoDraw = true
1487.6652649999596	DATA	Keydown:  
1487.6802900000475	EXP	next_prompt_trial2: autoDraw = false
1487.6802900000475	EXP	Sound: secs = -1
1487.6802900000475	EXP	Sound: volume = 1
1487.6802900000475	EXP	Sound: loops = 0
1487.6802900000475	EXP	Sound: volume = 1
1492.1137600000948	DATA	Keydown:  
1492.6176700000651	DATA	Keydown:  
1493.137740000151	DATA	Keydown:  
1493.6336149997078	DATA	Keydown:  
1494.274420000147	DATA	Keydown:  
1494.8171299998648	DATA	Keydown:  
1495.3376899999566	DATA	Keydown:  
1495.9056750000454	DATA	Keydown:  
1496.4096599998884	DATA	Keydown:  
1496.9696299997158	DATA	Keydown:  
1497.4575149999	DATA	Keydown:  
1497.91333999997	DATA	Keydown:  
1498.401554999873	DATA	Keydown:  
1498.9133250000887	DATA	Keydown:  
1499.3782999999821	DATA	Keydown:  
1499.7934699999169	DATA	Keydown:  
1500.2895599999465	DATA	Keydown:  
1502.3131900001317	EXP	next_prompt_trial2: autoDraw = true
1502.881184999831	DATA	Keydown:  
1502.897214999888	EXP	next_prompt_trial2: autoDraw = false
1502.897214999888	EXP	Sound: secs = -1
1502.897214999888	EXP	Sound: volume = 1
1502.897214999888	EXP	Sound: loops = 0
1502.897214999888	EXP	Sound: volume = 1
1506.7141899997368	DATA	Keydown:  
1508.2331900000572	DATA	Keydown:  
1509.9055749997497	DATA	Keydown:  
1511.7854499998502	DATA	Keydown:  
1513.7303999997675	DATA	Keydown:  
1516.2574599999934	DATA	Keydown:  
1517.5786000001244	DATA	Keydown:  
1518.3299099998549	EXP	next_prompt_trial2: autoDraw = true
1519.10551999975	DATA	Keydown:  
1519.1137999999337	EXP	next_prompt_trial2: autoDraw = false
1519.1137999999337	EXP	Sound: secs = -1
1519.1137999999337	EXP	Sound: volume = 1
1519.1137999999337	EXP	Sound: loops = 0
1519.1137999999337	EXP	Sound: volume = 1
1523.9053199999034	DATA	Keydown:  
1526.5053199999966	DATA	Keydown:  
1528.6741849998944	DATA	Keydown:  
1530.536934999749	DATA	Keydown:  
1532.5612149997614	DATA	Keydown:  
1534.4006799999624	DATA	Keydown:  
1535.997355000116	EXP	next_prompt_trial2: autoDraw = true
1536.657244999893	DATA	Keydown:  
1536.6644549998455	EXP	next_prompt_trial2: autoDraw = false
1536.6644549998455	EXP	Sound: secs = -1
1536.6644549998455	EXP	Sound: volume = 1
1536.6644549998455	EXP	Sound: loops = 0
1536.6644549998455	EXP	Sound: volume = 1
1540.658044999931	DATA	Keydown:  
1542.8094850000925	DATA	Keydown:  
1545.6007799999788	DATA	Keydown:  
1549.1211149999872	DATA	Keydown:  
1552.6580499997362	DATA	Keydown:  
1556.5292599997483	DATA	Keydown:  
1559.3369950000197	DATA	Keydown:  
1561.797724999953	EXP	next_prompt_trial2: autoDraw = true
1562.6250450001098	DATA	Keydown:  
1562.631384999957	EXP	next_prompt_trial2: autoDraw = false
1562.631384999957	EXP	Sound: secs = -1
1562.631384999957	EXP	Sound: volume = 1
1562.631384999957	EXP	Sound: loops = 0
1562.631384999957	EXP	Sound: volume = 1
1566.7778849997558	DATA	Keydown:  
1569.9369700001553	DATA	Keydown:  
1571.968944999855	DATA	Keydown:  
1575.2163700000383	DATA	Keydown:  
1579.281289999839	EXP	next_prompt_trial2: autoDraw = true
1580.081770000048	DATA	Keydown:  
1580.0990999997593	EXP	next_prompt_trial2: autoDraw = false
1580.0990999997593	EXP	Sound: secs = -1
1580.0990999997593	EXP	Sound: volume = 1
1580.0990999997593	EXP	Sound: loops = 0
1580.0990999997593	EXP	Sound: volume = 1
1586.4964700001292	DATA	Keydown:  
1590.265619999729	DATA	Keydown:  
1592.2005099998787	DATA	Keydown:  
1596.0006800000556	DATA	Keydown:  
1596.831480000168	EXP	next_prompt_trial2: autoDraw = true
1597.57672500005	DATA	Keydown:  
1597.5816199998371	EXP	next_prompt_trial2: autoDraw = false
1597.5816199998371	EXP	Sound: secs = -1
1597.5816199998371	EXP	Sound: volume = 1
1597.5816199998371	EXP	Sound: loops = 0
1597.5816199998371	EXP	Sound: volume = 1
1598.640730000101	DATA	Keydown:  
1600.5773599999957	DATA	Keydown:  
1601.232280000113	DATA	Keydown:  
1601.4485949999653	DATA	Keydown:  
1602.3205200000666	DATA	Keydown:  
1603.2886500000022	DATA	Keydown:  
1606.040634999983	DATA	Keydown:  
1608.1842149998993	DATA	Keydown:  
1609.1683950000443	DATA	Keydown:  
1610.520064999815	DATA	Keydown:  
1611.881484999787	EXP	next_prompt_trial2: autoDraw = true
1612.7133349999785	DATA	Keydown:  
1612.7158300001174	EXP	next_prompt_trial2: autoDraw = false
1612.7158300001174	EXP	Sound: secs = -1
1612.7158300001174	EXP	Sound: volume = 1
1612.7158300001174	EXP	Sound: loops = 0
1612.7158300001174	EXP	Sound: volume = 1
1616.3765899999999	DATA	Keydown:  
1617.1204949999228	DATA	Keydown:  
1617.8246300001629	DATA	Keydown:  
1618.6968100001104	DATA	Keydown:  
1619.4968099999242	DATA	Keydown:  
1620.2651450000703	DATA	Keydown:  
1621.128444999922	DATA	Keydown:  
1621.9205350000411	DATA	Keydown:  
1622.6658649998717	DATA	Keydown:  
1623.4984999997541	DATA	Keydown:  
1624.208614999894	DATA	Keydown:  
1625.0720150000416	DATA	Keydown:  
1625.9523399998434	DATA	Keydown:  
1626.7761900001206	DATA	Keydown:  
1627.6562600000761	DATA	Keydown:  
1628.408400000073	DATA	Keydown:  
1629.1684050001204	DATA	Keydown:  
1629.8484249999747	DATA	Keydown:  
1630.7681100000627	DATA	Keydown:  
1632.398554999847	EXP	next_prompt_trial2: autoDraw = true
1633.168174999766	DATA	Keydown:  
1633.1823649997823	EXP	next_prompt_trial2: autoDraw = false
1633.1823649997823	EXP	Sound: secs = -1
1633.1823649997823	EXP	Sound: volume = 1
1633.1823649997823	EXP	Sound: loops = 0
1633.1823649997823	EXP	Sound: volume = 1
1640.2330399998464	DATA	Keydown:  
1641.240325000137	DATA	Keydown:  
1642.3999649998732	DATA	Keydown:  
1643.5284199998714	DATA	Keydown:  
1644.6402549999766	DATA	Keydown:  
1647.14887000015	EXP	next_prompt_trial2: autoDraw = true
1647.6329549998045	DATA	Keydown:  
1647.6491950000636	EXP	next_prompt_trial2: autoDraw = false
1647.6491950000636	EXP	Sound: secs = -1
1647.6491950000636	EXP	Sound: volume = 1
1647.6491950000636	EXP	Sound: loops = 0
1647.6491950000636	EXP	Sound: volume = 1
1650.6572549999692	DATA	Keydown:  
1651.3999850000255	DATA	Keydown:  
1652.1040099998936	DATA	Keydown:  
1652.864370000083	DATA	Keydown:  
1653.5997250000946	DATA	Keydown:  
1654.4243049998768	DATA	Keydown:  
1655.1283849999309	DATA	Keydown:  
1655.9201349997893	DATA	Keydown:  
1656.6640249998309	DATA	Keydown:  
1657.4641249999404	DATA	Keydown:  
1658.183749999851	DATA	Keydown:  
1658.9837650000118	DATA	Keydown:  
1659.688099999912	DATA	Keydown:  
1660.512190000154	DATA	Keydown:  
1661.2409600000829	DATA	Keydown:  
1662.047675000038	DATA	Keydown:  
1662.808394999709	DATA	Keydown:  
1663.5518849999644	DATA	Keydown:  
1664.263774999883	DATA	Keydown:  
1664.9921249998733	DATA	Keydown:  
1666.5992199997418	EXP	next_prompt_trial2: autoDraw = true
1667.160034999717	DATA	Keydown:  
1667.1662849998102	EXP	next_prompt_trial2: autoDraw = false
1667.1662849998102	EXP	Sound: secs = -1
1667.1662849998102	EXP	Sound: volume = 1
1667.1662849998102	EXP	Sound: loops = 0
1667.1662849998102	EXP	Sound: volume = 1
1671.9207049999386	DATA	Keydown:  
1672.7834049998783	DATA	Keydown:  
1673.7036699997261	DATA	Keydown:  
1674.680420000106	DATA	Keydown:  
1675.64785999991	DATA	Keydown:  
1676.3918449999765	DATA	Keydown:  
1677.3440100001171	DATA	Keydown:  
1678.2161650001071	DATA	Keydown:  
1679.0476850001141	DATA	Keydown:  
1680.111969999969	DATA	Keydown:  
1680.99189999979	DATA	Keydown:  
1681.8326050001197	DATA	Keydown:  
1682.7044549998827	DATA	Keydown:  
1683.6237699999474	DATA	Keydown:  
1684.432415000163	DATA	Keydown:  
1685.3756800000556	DATA	Keydown:  
1686.2716199997813	DATA	Keydown:  
1687.175820000004	DATA	Keydown:  
1689.01591499988	EXP	next_prompt_trial2: autoDraw = true
1689.5834249998443	DATA	Keydown:  
1689.6165899997577	EXP	next_prompt_trial2: autoDraw = false
1689.6165899997577	EXP	text_5: autoDraw = true
1714.9980399999768	DATA	Mouse: wheel shift=(0,-100), pos=(777,384)
1715.0310200001113	DATA	Mouse: wheel shift=(0,-100), pos=(777,381)
1715.0976749998517	DATA	Mouse: wheel shift=(0,-100), pos=(776,376)
1715.931460000109	DATA	Mouse: wheel shift=(0,100), pos=(629,293)
1715.98143000016	DATA	Mouse: wheel shift=(0,100), pos=(625,295)
1716.0149349998683	DATA	Mouse: wheel shift=(0,100), pos=(618,299)
1716.0648199999705	DATA	Mouse: wheel shift=(0,100), pos=(613,306)
1717.0976849999279	DATA	Mouse: wheel shift=(0,100), pos=(560,404)
1723.013079999946	DATA	Mouse: 0 button down, pos=(134,109)
1724.0905349999666	DATA	Mouse: 0 button down, pos=(65,112)
1752.0594199998304	DATA	Mouse: 0 button down, pos=(283,485)
1752.2537750001065	DATA	Mouse: 0 button down, pos=(283,485)
1752.6714050001465	DATA	Keydown:  
1752.6874150000513	EXP	text_5: autoDraw = false
1752.6874150000513	EXP	goodbyetxt: autoDraw = true
1755.1838500001468	DATA	Keydown:  
