16.8654 	WARNING 	User requested fullscreen with size [1024  768], but screen is actually [1440, 900]. Using actual size
18.0161 	EXP 	Created window1 = Window(allowGUI=False, allowStencil=False, args=UNKNOWN, autoLog=True, bitsMode=UNKNOWN, blendMode='avg', color=array([0., 0., 0.]), colorSpace='rgb', fullscr=<method-wrapper '__getattribute__' of attributeSetter object at 0x12cf50be0>, gamma=None, kwargs=UNKNOWN, lms=UNKNOWN, monitor=<psychopy.monitors.calibTools.Monitor object at 0x12d8d89e8>, multiSample=False, name='window1', numSamples=2, pos=[0.0, 0.0], screen=0, size=array([2880, 1800]), stereo=False, units='height', useFBO=True, useRetina=True, viewOri=0.0, viewPos=None, viewScale=None, waitBlanking=True, winType='pyglet')
18.0161 	EXP 	window1: recordFrameIntervals = False
18.1821 	EXP 	window1: recordFrameIntervals = True
18.3657 	EXP 	window1: recordFrameIntervals = False
18.4907 	EXP 	Created text = TextStim(__class__=<class 'psychopy.visual.text.TextStim'>, alignHoriz='center', alignVert='center', antialias=True, autoLog=True, bold=False, color='white', colorSpace='named', contrast=1.0, depth=0.0, flipHoriz=False, flipVert=False, font='Arial', fontFiles=[], height=0.05, italic=False, languageStyle='LTR', name='text', opacity=1.0, ori=0, pos=array([0., 0.]), rgb=array([255., 255., 255.]), text=str(...), units='height', win=Window(...), wrapWidth=1)
18.5063 	EXP 	Sound  set volume 1.000
18.5202 	EXP 	Created text_2 = TextStim(__class__=<class 'psychopy.visual.text.TextStim'>, alignHoriz='center', alignVert='center', antialias=True, autoLog=True, bold=False, color='white', colorSpace='named', contrast=1.0, depth=0.0, flipHoriz=False, flipVert=False, font='Arial', fontFiles=[], height=0.05, italic=False, languageStyle='LTR', name='text_2', opacity=1.0, ori=0, pos=array([0., 0.]), rgb=array([255., 255., 255.]), text=str(...), units='height', win=Window(...), wrapWidth=1)
18.5596 	EXP 	Created text_5 = TextStim(__class__=<class 'psychopy.visual.text.TextStim'>, alignHoriz='center', alignVert='center', antialias=True, autoLog=True, bold=False, color='white', colorSpace='named', contrast=1.0, depth=0.0, flipHoriz=False, flipVert=False, font='Arial', fontFiles=[], height=0.05, italic=False, languageStyle='LTR', name='text_5', opacity=1.0, ori=0, pos=array([0., 0.]), rgb=array([255., 255., 255.]), text=str(...), units='height', win=Window(...), wrapWidth=1)
18.5597 	EXP 	Sound  set volume 1.000
18.5680 	EXP 	Created text_3 = TextStim(__class__=<class 'psychopy.visual.text.TextStim'>, alignHoriz='center', alignVert='center', antialias=True, autoLog=True, bold=False, color='white', colorSpace='named', contrast=1.0, depth=0.0, flipHoriz=False, flipVert=False, font='Arial', fontFiles=[], height=0.05, italic=False, languageStyle='LTR', name='text_3', opacity=1.0, ori=0, pos=array([0., 0.]), rgb=array([255., 255., 255.]), text='Ready for next trial?\n\npress space bar.', units='height', win=Window(...), wrapWidth=1)
18.5981 	EXP 	Created text_6 = TextStim(__class__=<class 'psychopy.visual.text.TextStim'>, alignHoriz='center', alignVert='center', antialias=True, autoLog=True, bold=False, color='white', colorSpace='named', contrast=1.0, depth=0.0, flipHoriz=False, flipVert=False, font='Arial', fontFiles=[], height=0.05, italic=False, languageStyle='LTR', name='text_6', opacity=1.0, ori=0, pos=array([0., 0.]), rgb=array([255., 255., 255.]), text=str(...), units='height', win=Window(...), wrapWidth=1)
18.5982 	EXP 	Sound  set volume 1.000
18.6107 	EXP 	Created text_4 = TextStim(__class__=<class 'psychopy.visual.text.TextStim'>, alignHoriz='center', alignVert='center', antialias=True, autoLog=True, bold=False, color='white', colorSpace='named', contrast=1.0, depth=0.0, flipHoriz=False, flipVert=False, font='Arial', fontFiles=[], height=0.05, italic=False, languageStyle='LTR', name='text_4', opacity=1.0, ori=0, pos=array([0., 0.]), rgb=array([255., 255., 255.]), text='Ready for next trial?\n\npress space bar.', units='height', win=Window(...), wrapWidth=1)
18.6294 	EXP 	Created text_7 = TextStim(__class__=<class 'psychopy.visual.text.TextStim'>, alignHoriz='center', alignVert='center', antialias=True, autoLog=True, bold=False, color='white', colorSpace='named', contrast=1.0, depth=0.0, flipHoriz=False, flipVert=False, font='Arial', fontFiles=[], height=0.1, italic=False, languageStyle='LTR', name='text_7', opacity=1.0, ori=0, pos=array([0., 0.]), rgb=array([255., 255., 255.]), text='The test is over!\n\nThank you so much!!', units='height', win=Window(...), wrapWidth=1)
18.6658 	EXP 	text: autoDraw = True
21.7686 	DATA 	Keypress: space
21.7788 	EXP 	Imported condition_practice.csv as conditions, 5 conditions, 4 params
21.7793 	EXP 	Created sequence: random, trialTypes=5, nReps=1, seed=None
21.7798 	EXP 	New trial (rep=0, index=0): OrderedDict([('sndfile', './stimuli_1/tmp/medium_110_1.wav'), ('tempo', 110), ('cond', 'medium'), ('delay', 1.222685394)])
21.8327 	EXP 	text: autoDraw = False
23.7343 	DATA 	Keypress: space
24.1187 	DATA 	Keypress: space
24.7018 	DATA 	Keypress: space
25.3069 	DATA 	Keypress: space
25.9185 	DATA 	Keypress: space
26.4522 	DATA 	Keypress: space
27.0354 	DATA 	Keypress: space
27.7013 	DATA 	Keypress: space
28.2687 	DATA 	Keypress: space
28.7858 	DATA 	Keypress: space
29.3850 	DATA 	Keypress: space
29.9530 	DATA 	Keypress: space
34.0174 	EXP 	text_2: autoDraw = True
35.6865 	DATA 	Keypress: space
35.6881 	EXP 	New trial (rep=0, index=1): OrderedDict([('sndfile', './stimuli_1/tmp/vweak_105_1.wav'), ('tempo', 105), ('cond', 'veryweak'), ('delay', 1.91267155)])
35.7016 	EXP 	text_2: autoDraw = False
38.3035 	DATA 	Keypress: space
38.8372 	DATA 	Keypress: space
39.4278 	DATA 	Keypress: space
40.0367 	DATA 	Keypress: space
40.6371 	DATA 	Keypress: space
41.2374 	DATA 	Keypress: space
41.8206 	DATA 	Keypress: space
42.3929 	DATA 	Keypress: space
42.9882 	DATA 	Keypress: space
43.5702 	DATA 	Keypress: space
44.1715 	DATA 	Keypress: space
44.7882 	DATA 	Keypress: space
45.3879 	DATA 	Keypress: space
45.9293 	DATA 	Keypress: space
46.5875 	DATA 	Keypress: space
47.2053 	DATA 	Keypress: space
47.7220 	DATA 	Keypress: space
48.6198 	EXP 	text_2: autoDraw = True
52.3223 	DATA 	Keypress: space
52.3236 	EXP 	New trial (rep=0, index=2): OrderedDict([('sndfile', './stimuli_1/tmp/strong_90_1.wav'), ('tempo', 90), ('cond', 'strong'), ('delay', 1.013023596)])
52.3371 	EXP 	text_2: autoDraw = False
54.3059 	DATA 	Keypress: space
55.0568 	DATA 	Keypress: space
55.7563 	DATA 	Keypress: space
56.4613 	DATA 	Keypress: space
57.1410 	DATA 	Keypress: space
57.8736 	DATA 	Keypress: space
58.5732 	DATA 	Keypress: space
59.2405 	DATA 	Keypress: space
59.9403 	DATA 	Keypress: space
60.6739 	DATA 	Keypress: space
61.3900 	DATA 	Keypress: space
62.1075 	DATA 	Keypress: space
62.7908 	DATA 	Keypress: space
63.4955 	DATA 	Keypress: space
64.3557 	EXP 	text_2: autoDraw = True
65.7254 	DATA 	Keypress: space
65.7269 	EXP 	New trial (rep=0, index=3): OrderedDict([('sndfile', './stimuli_1/tmp/medium_110_1.wav'), ('tempo', 110), ('cond', 'medium'), ('delay', 0.970866786)])
65.7404 	EXP 	text_2: autoDraw = False
67.3239 	DATA 	Keypress: space
67.8246 	DATA 	Keypress: space
68.4082 	DATA 	Keypress: space
68.9755 	DATA 	Keypress: space
69.6477 	DATA 	Keypress: space
70.1925 	DATA 	Keypress: space
70.7764 	DATA 	Keypress: space
71.3757 	DATA 	Keypress: space
71.9926 	DATA 	Keypress: space
72.5815 	DATA 	Keypress: space
73.1594 	DATA 	Keypress: space
73.7088 	DATA 	Keypress: space
74.2930 	DATA 	Keypress: space
74.8755 	DATA 	Keypress: space
75.4767 	DATA 	Keypress: space
76.0260 	DATA 	Keypress: space
76.5989 	DATA 	Keypress: space
77.7079 	EXP 	text_2: autoDraw = True
80.1162 	DATA 	Keypress: space
80.1175 	EXP 	New trial (rep=0, index=4): OrderedDict([('sndfile', './stimuli_1/tmp/medium_100_1.wav'), ('tempo', 100), ('cond', 'medium'), ('delay', 1.797198505)])
80.1625 	EXP 	text_2: autoDraw = False
82.4096 	DATA 	Keypress: space
82.8943 	DATA 	Keypress: space
83.7604 	DATA 	Keypress: space
84.4099 	DATA 	Keypress: space
85.0104 	DATA 	Keypress: space
85.6102 	DATA 	Keypress: space
86.3279 	DATA 	Keypress: space
86.9781 	DATA 	Keypress: space
87.6111 	DATA 	Keypress: space
88.2495 	DATA 	Keypress: space
88.9113 	DATA 	Keypress: space
89.5945 	DATA 	Keypress: space
90.2276 	DATA 	Keypress: space
90.9109 	DATA 	Keypress: space
91.5281 	DATA 	Keypress: space
92.1667 	DATA 	Keypress: space
92.9266 	EXP 	text_2: autoDraw = True
94.2281 	DATA 	Keypress: space
94.2434 	EXP 	text_2: autoDraw = False
94.2434 	EXP 	text_5: autoDraw = True
105.4316 	DATA 	Keypress: space
105.4386 	EXP 	Imported condition_test_1.csv as conditions, 50 conditions, 4 params
105.4391 	EXP 	Created sequence: random, trialTypes=50, nReps=1, seed=None
105.4395 	EXP 	New trial (rep=0, index=0): OrderedDict([('sndfile', './stimuli_1/tmp/strong_110_1.wav'), ('tempo', 110), ('cond', 'strong'), ('delay', 2.342405954917332)])
105.4787 	EXP 	text_5: autoDraw = False
108.4378 	DATA 	Keypress: space
108.9977 	DATA 	Keypress: space
109.5649 	DATA 	Keypress: space
110.0979 	DATA 	Keypress: space
110.6638 	DATA 	Keypress: space
111.2481 	DATA 	Keypress: space
111.8316 	DATA 	Keypress: space
112.4198 	DATA 	Keypress: space
113.0147 	DATA 	Keypress: space
113.6317 	DATA 	Keypress: space
114.1980 	DATA 	Keypress: space
114.7653 	DATA 	Keypress: space
115.3552 	DATA 	Keypress: space
115.9149 	DATA 	Keypress: space
116.4830 	DATA 	Keypress: space
117.0816 	DATA 	Keypress: space
117.6659 	DATA 	Keypress: space
118.8001 	EXP 	text_3: autoDraw = True
120.0825 	DATA 	Keypress: space
120.0838 	EXP 	New trial (rep=0, index=1): OrderedDict([('sndfile', './stimuli_1/tmp/medium_110_1.wav'), ('tempo', 110), ('cond', 'medium'), ('delay', 1.6223651347148935)])
120.0978 	EXP 	text_3: autoDraw = False
122.3667 	DATA 	Keypress: space
122.8891 	DATA 	Keypress: space
123.4339 	DATA 	Keypress: space
124.0000 	DATA 	Keypress: space
124.6162 	DATA 	Keypress: space
125.2009 	DATA 	Keypress: space
125.8176 	DATA 	Keypress: space
126.3836 	DATA 	Keypress: space
127.0060 	DATA 	Keypress: space
127.6000 	DATA 	Keypress: space
128.2001 	DATA 	Keypress: space
128.7673 	DATA 	Keypress: space
129.3511 	DATA 	Keypress: space
129.9015 	DATA 	Keypress: space
130.4588 	DATA 	Keypress: space
131.0004 	DATA 	Keypress: space
131.6175 	DATA 	Keypress: space
132.7159 	EXP 	text_3: autoDraw = True
133.8031 	DATA 	Keypress: space
133.8171 	EXP 	New trial (rep=0, index=2): OrderedDict([('sndfile', './stimuli_1/tmp/weak_100_2.wav'), ('tempo', 100), ('cond', 'weak'), ('delay', 0.9744812486321696)])
133.8504 	EXP 	text_3: autoDraw = False
135.4200 	DATA 	Keypress: space
136.2027 	DATA 	Keypress: space
136.8524 	DATA 	Keypress: space
137.3691 	DATA 	Keypress: space
137.9237 	DATA 	Keypress: space
138.6030 	DATA 	Keypress: space
139.2519 	DATA 	Keypress: space
139.8692 	DATA 	Keypress: space
140.4928 	DATA 	Keypress: space
141.0864 	DATA 	Keypress: space
141.6531 	DATA 	Keypress: space
142.2691 	DATA 	Keypress: space
142.8691 	DATA 	Keypress: space
143.5530 	DATA 	Keypress: space
144.1787 	DATA 	Keypress: space
144.8030 	DATA 	Keypress: space
145.8013 	EXP 	text_3: autoDraw = True
146.6867 	DATA 	Keypress: space
146.6880 	EXP 	New trial (rep=0, index=3): OrderedDict([('sndfile', './stimuli_1/tmp/strong_110_2.wav'), ('tempo', 110), ('cond', 'strong'), ('delay', 1.9369911731854192)])
146.7177 	EXP 	text_3: autoDraw = False
148.8537 	DATA 	Keypress: space
149.4037 	DATA 	Keypress: space
150.3042 	DATA 	Keypress: space
150.8880 	DATA 	Keypress: space
151.4709 	DATA 	Keypress: space
152.0546 	DATA 	Keypress: space
152.6775 	DATA 	Keypress: space
153.3045 	DATA 	Keypress: space
153.8877 	DATA 	Keypress: space
154.4712 	DATA 	Keypress: space
155.0272 	DATA 	Keypress: space
155.6045 	DATA 	Keypress: space
156.1955 	DATA 	Keypress: space
156.8222 	DATA 	Keypress: space
157.4055 	DATA 	Keypress: space
157.9716 	DATA 	Keypress: space
158.5390 	DATA 	Keypress: space
159.6364 	EXP 	text_3: autoDraw = True
160.8391 	DATA 	Keypress: space
160.8402 	EXP 	New trial (rep=0, index=4): OrderedDict([('sndfile', './stimuli_1/tmp/medium_105_1.wav'), ('tempo', 105), ('cond', 'medium'), ('delay', 1.6663985327680324)])
160.8705 	EXP 	text_3: autoDraw = False
162.7898 	DATA 	Keypress: space
163.2395 	DATA 	Keypress: space
163.7729 	DATA 	Keypress: space
164.3399 	DATA 	Keypress: space
164.9069 	DATA 	Keypress: space
165.5242 	DATA 	Keypress: space
166.0609 	DATA 	Keypress: space
166.6238 	DATA 	Keypress: space
167.2067 	DATA 	Keypress: space
167.7622 	DATA 	Keypress: space
168.3409 	DATA 	Keypress: space
168.8909 	DATA 	Keypress: space
169.5073 	DATA 	Keypress: space
170.1400 	DATA 	Keypress: space
170.7074 	DATA 	Keypress: space
171.2768 	DATA 	Keypress: space
171.8232 	DATA 	Keypress: space
172.4074 	DATA 	Keypress: space
173.5223 	EXP 	text_3: autoDraw = True
174.5091 	DATA 	Keypress: space
174.5104 	EXP 	New trial (rep=0, index=5): OrderedDict([('sndfile', './stimuli_1/tmp/vweak_100_2.wav'), ('tempo', 100), ('cond', 'veryweak'), ('delay', 0.9843923106260049)])
174.5381 	EXP 	text_3: autoDraw = False
175.7916 	DATA 	Keypress: space
176.3080 	DATA 	Keypress: space
176.9084 	DATA 	Keypress: space
177.5576 	DATA 	Keypress: space
178.2427 	DATA 	Keypress: space
178.8921 	DATA 	Keypress: space
179.4920 	DATA 	Keypress: space
180.0924 	DATA 	Keypress: space
180.7091 	DATA 	Keypress: space
181.3593 	DATA 	Keypress: space
182.0094 	DATA 	Keypress: space
182.6417 	DATA 	Keypress: space
183.3103 	DATA 	Keypress: space
183.9098 	DATA 	Keypress: space
184.5263 	DATA 	Keypress: space
185.1097 	DATA 	Keypress: space
186.5075 	EXP 	text_3: autoDraw = True
187.3922 	DATA 	Keypress: space
187.3935 	EXP 	New trial (rep=0, index=6): OrderedDict([('sndfile', './stimuli_1/tmp/perfect_95_0.wav'), ('tempo', 95), ('cond', 'perfect'), ('delay', 1.4400885785760469)])
187.4403 	EXP 	text_3: autoDraw = False
189.3781 	DATA 	Keypress: space
189.8931 	DATA 	Keypress: space
190.4605 	DATA 	Keypress: space
191.0431 	DATA 	Keypress: space
191.6935 	DATA 	Keypress: space
192.3335 	DATA 	Keypress: space
192.9434 	DATA 	Keypress: space
193.5936 	DATA 	Keypress: space
194.2112 	DATA 	Keypress: space
194.8273 	DATA 	Keypress: space
195.4609 	DATA 	Keypress: space
196.0951 	DATA 	Keypress: space
196.7112 	DATA 	Keypress: space
197.3492 	DATA 	Keypress: space
197.9440 	DATA 	Keypress: space
198.6110 	DATA 	Keypress: space
199.8427 	EXP 	text_3: autoDraw = True
200.6179 	DATA 	Keypress: space
200.6191 	EXP 	New trial (rep=0, index=7): OrderedDict([('sndfile', './stimuli_1/tmp/weak_95_2.wav'), ('tempo', 95), ('cond', 'weak'), ('delay', 1.3391653351857111)])
200.6597 	EXP 	text_3: autoDraw = False
202.4786 	DATA 	Keypress: space
203.3127 	DATA 	Keypress: space
204.0617 	DATA 	Keypress: space
204.7791 	DATA 	Keypress: space
205.3789 	DATA 	Keypress: space
206.1126 	DATA 	Keypress: space
206.8370 	DATA 	Keypress: space
207.4795 	DATA 	Keypress: space
208.2125 	DATA 	Keypress: space
208.8798 	DATA 	Keypress: space
209.6795 	DATA 	Keypress: space
210.3698 	DATA 	Keypress: space
211.0791 	DATA 	Keypress: space
211.7631 	DATA 	Keypress: space
212.9695 	EXP 	text_3: autoDraw = True
213.9302 	DATA 	Keypress: space
213.9314 	EXP 	New trial (rep=0, index=8): OrderedDict([('sndfile', './stimuli_1/tmp/perfect_90_1.wav'), ('tempo', 90), ('cond', 'perfect'), ('delay', 0.8790589196072783)])
213.9779 	EXP 	text_3: autoDraw = False
215.3861 	DATA 	Keypress: space
215.8801 	DATA 	Keypress: space
216.5313 	DATA 	Keypress: space
217.1971 	DATA 	Keypress: space
217.8696 	DATA 	Keypress: space
218.5139 	DATA 	Keypress: space
219.1980 	DATA 	Keypress: space
219.8652 	DATA 	Keypress: space
220.5195 	DATA 	Keypress: space
221.1486 	DATA 	Keypress: space
221.8315 	DATA 	Keypress: space
222.4907 	DATA 	Keypress: space
223.1657 	DATA 	Keypress: space
223.8482 	DATA 	Keypress: space
224.5045 	DATA 	Keypress: space
225.1489 	DATA 	Keypress: space
225.8302 	EXP 	text_3: autoDraw = True
226.7826 	DATA 	Keypress: space
226.7838 	EXP 	New trial (rep=0, index=9): OrderedDict([('sndfile', './stimuli_1/tmp/perfect_110_0.wav'), ('tempo', 110), ('cond', 'perfect'), ('delay', 1.8837210676143408)])
226.8133 	EXP 	text_3: autoDraw = False
229.1732 	DATA 	Keypress: space
229.6826 	DATA 	Keypress: space
230.2162 	DATA 	Keypress: space
230.6655 	DATA 	Keypress: space
231.1668 	DATA 	Keypress: space
231.6892 	DATA 	Keypress: space
232.2668 	DATA 	Keypress: space
232.8334 	DATA 	Keypress: space
233.3667 	DATA 	Keypress: space
233.9379 	DATA 	Keypress: space
234.4501 	DATA 	Keypress: space
234.9841 	DATA 	Keypress: space
235.5550 	DATA 	Keypress: space
236.0344 	DATA 	Keypress: space
236.5886 	DATA 	Keypress: space
237.1505 	DATA 	Keypress: space
237.7345 	DATA 	Keypress: space
239.6823 	EXP 	text_3: autoDraw = True
240.7516 	DATA 	Keypress: space
240.7534 	EXP 	New trial (rep=0, index=10): OrderedDict([('sndfile', './stimuli_1/tmp/perfect_100_0.wav'), ('tempo', 100), ('cond', 'perfect'), ('delay', 2.1771183722066985)])
240.7827 	EXP 	text_3: autoDraw = False
243.4022 	DATA 	Keypress: space
243.8519 	DATA 	Keypress: space
244.4681 	DATA 	Keypress: space
245.0687 	DATA 	Keypress: space
245.7024 	DATA 	Keypress: space
246.3024 	DATA 	Keypress: space
246.9026 	DATA 	Keypress: space
247.4853 	DATA 	Keypress: space
248.1106 	DATA 	Keypress: space
248.7027 	DATA 	Keypress: space
249.3029 	DATA 	Keypress: space
249.9027 	DATA 	Keypress: space
250.5021 	DATA 	Keypress: space
251.0768 	DATA 	Keypress: space
251.6691 	DATA 	Keypress: space
252.2533 	DATA 	Keypress: space
253.9512 	EXP 	text_3: autoDraw = True
254.5941 	DATA 	Keypress: space
254.5953 	EXP 	New trial (rep=0, index=11): OrderedDict([('sndfile', './stimuli_1/tmp/vweak_105_1.wav'), ('tempo', 105), ('cond', 'veryweak'), ('delay', 2.000868469173824)])
254.6221 	EXP 	text_3: autoDraw = False
256.8035 	DATA 	Keypress: space
257.2417 	DATA 	Keypress: space
257.7870 	DATA 	Keypress: space
258.4041 	DATA 	Keypress: space
259.0203 	DATA 	Keypress: space
259.6372 	DATA 	Keypress: space
260.2261 	DATA 	Keypress: space
260.8541 	DATA 	Keypress: space
261.4543 	DATA 	Keypress: space
262.0951 	DATA 	Keypress: space
262.6374 	DATA 	Keypress: space
263.2308 	DATA 	Keypress: space
263.8206 	DATA 	Keypress: space
264.4212 	DATA 	Keypress: space
265.0054 	DATA 	Keypress: space
265.5877 	DATA 	Keypress: space
266.1787 	DATA 	Keypress: space
266.7713 	DATA 	Keypress: space
267.6023 	EXP 	text_3: autoDraw = True
268.4064 	DATA 	Keypress: space
268.4077 	EXP 	New trial (rep=0, index=12): OrderedDict([('sndfile', './stimuli_1/tmp/vweak_105_2.wav'), ('tempo', 105), ('cond', 'veryweak'), ('delay', 1.1450150374808907)])
268.4372 	EXP 	text_3: autoDraw = False
270.2306 	DATA 	Keypress: space
270.8558 	DATA 	Keypress: space
271.4883 	DATA 	Keypress: space
272.1396 	DATA 	Keypress: space
272.8398 	DATA 	Keypress: space
273.4583 	DATA 	Keypress: space
274.1065 	DATA 	Keypress: space
274.7469 	DATA 	Keypress: space
275.4061 	DATA 	Keypress: space
276.0397 	DATA 	Keypress: space
276.6567 	DATA 	Keypress: space
277.2986 	DATA 	Keypress: space
277.9897 	DATA 	Keypress: space
278.5902 	DATA 	Keypress: space
279.2233 	DATA 	Keypress: space
280.5717 	EXP 	text_3: autoDraw = True
280.7619 	DATA 	Keypress: space
280.7631 	EXP 	New trial (rep=0, index=13): OrderedDict([('sndfile', './stimuli_1/tmp/perfect_105_0.wav'), ('tempo', 105), ('cond', 'perfect'), ('delay', 2.376167666662905)])
280.8098 	EXP 	text_3: autoDraw = False
283.5247 	DATA 	Keypress: space
284.1413 	DATA 	Keypress: space
284.6746 	DATA 	Keypress: space
285.1910 	DATA 	Keypress: space
285.7919 	DATA 	Keypress: space
286.3635 	DATA 	Keypress: space
286.9247 	DATA 	Keypress: space
287.5082 	DATA 	Keypress: space
288.0587 	DATA 	Keypress: space
288.6420 	DATA 	Keypress: space
289.2255 	DATA 	Keypress: space
289.7974 	DATA 	Keypress: space
290.3590 	DATA 	Keypress: space
290.9258 	DATA 	Keypress: space
291.4924 	DATA 	Keypress: space
292.0429 	DATA 	Keypress: space
294.1576 	EXP 	text_3: autoDraw = True
294.5761 	DATA 	Keypress: space
294.5773 	EXP 	New trial (rep=0, index=14): OrderedDict([('sndfile', './stimuli_1/tmp/strong_90_2.wav'), ('tempo', 90), ('cond', 'strong'), ('delay', 1.29545815814535)])
294.6071 	EXP 	text_3: autoDraw = False
296.2594 	DATA 	Keypress: space
296.7925 	DATA 	Keypress: space
297.4020 	DATA 	Keypress: space
298.0762 	DATA 	Keypress: space
298.7602 	DATA 	Keypress: space
299.4103 	DATA 	Keypress: space
300.0435 	DATA 	Keypress: space
300.7107 	DATA 	Keypress: space
301.3766 	DATA 	Keypress: space
302.0272 	DATA 	Keypress: space
302.6939 	DATA 	Keypress: space
303.3314 	DATA 	Keypress: space
303.9441 	DATA 	Keypress: space
304.6273 	DATA 	Keypress: space
305.2778 	DATA 	Keypress: space
305.8828 	DATA 	Keypress: space
306.8926 	EXP 	text_3: autoDraw = True
307.4524 	DATA 	Keypress: space
307.4536 	EXP 	New trial (rep=0, index=15): OrderedDict([('sndfile', './stimuli_1/tmp/vweak_110_2.wav'), ('tempo', 110), ('cond', 'veryweak'), ('delay', 1.2375564653250335)])
307.4972 	EXP 	text_3: autoDraw = False
308.9783 	DATA 	Keypress: space
309.4705 	DATA 	Keypress: space
309.8113 	DATA 	Keypress: space
310.2453 	DATA 	Keypress: space
310.7954 	DATA 	Keypress: space
311.3957 	DATA 	Keypress: space
311.9693 	DATA 	Keypress: space
312.5291 	DATA 	Keypress: space
313.0348 	DATA 	Keypress: space
313.6122 	DATA 	Keypress: space
314.1821 	DATA 	Keypress: space
314.7625 	DATA 	Keypress: space
315.3459 	DATA 	Keypress: space
315.9458 	DATA 	Keypress: space
316.6295 	DATA 	Keypress: space
317.2459 	DATA 	Keypress: space
317.8630 	DATA 	Keypress: space
318.4348 	DATA 	Keypress: space
319.0627 	DATA 	Keypress: space
319.7109 	EXP 	text_3: autoDraw = True
320.4797 	DATA 	Keypress: space
320.4811 	EXP 	New trial (rep=0, index=16): OrderedDict([('sndfile', './stimuli_1/tmp/weak_90_1.wav'), ('tempo', 90), ('cond', 'weak'), ('delay', 1.282481392037714)])
320.5108 	EXP 	text_3: autoDraw = False
321.9970 	DATA 	Keypress: space
322.5228 	DATA 	Keypress: space
323.1468 	DATA 	Keypress: space
324.0147 	DATA 	Keypress: space
324.7302 	DATA 	Keypress: space
325.3973 	DATA 	Keypress: space
326.0058 	DATA 	Keypress: space
326.6473 	DATA 	Keypress: space
327.2481 	DATA 	Keypress: space
327.8315 	DATA 	Keypress: space
328.4145 	DATA 	Keypress: space
328.9861 	DATA 	Keypress: space
329.5643 	DATA 	Keypress: space
330.2143 	DATA 	Keypress: space
330.8307 	DATA 	Keypress: space
331.4480 	DATA 	Keypress: space
332.7708 	EXP 	text_3: autoDraw = True
333.3817 	DATA 	Keypress: space
333.3830 	EXP 	New trial (rep=0, index=17): OrderedDict([('sndfile', './stimuli_1/tmp/strong_95_2.wav'), ('tempo', 95), ('cond', 'strong'), ('delay', 1.1173507911145857)])
333.4126 	EXP 	text_3: autoDraw = False
334.7815 	DATA 	Keypress: space
335.6072 	DATA 	Keypress: space
336.3153 	DATA 	Keypress: space
337.0324 	DATA 	Keypress: space
337.6432 	DATA 	Keypress: space
338.3497 	DATA 	Keypress: space
339.0159 	DATA 	Keypress: space
339.6994 	DATA 	Keypress: space
340.3834 	DATA 	Keypress: space
341.0161 	DATA 	Keypress: space
341.6498 	DATA 	Keypress: space
342.2997 	DATA 	Keypress: space
342.9504 	DATA 	Keypress: space
343.6501 	DATA 	Keypress: space
344.3170 	DATA 	Keypress: space
345.5150 	EXP 	text_3: autoDraw = True
346.0168 	DATA 	Keypress: space
346.0180 	EXP 	New trial (rep=0, index=18): OrderedDict([('sndfile', './stimuli_1/tmp/weak_95_1.wav'), ('tempo', 95), ('cond', 'weak'), ('delay', 1.9726481258285025)])
346.0513 	EXP 	text_3: autoDraw = False
348.2013 	DATA 	Keypress: space
348.9511 	DATA 	Keypress: space
349.6759 	DATA 	Keypress: space
350.3514 	DATA 	Keypress: space
351.0004 	DATA 	Keypress: space
351.7513 	DATA 	Keypress: space
352.3685 	DATA 	Keypress: space
353.0021 	DATA 	Keypress: space
353.6232 	DATA 	Keypress: space
354.3352 	DATA 	Keypress: space
355.0012 	DATA 	Keypress: space
355.6521 	DATA 	Keypress: space
356.3280 	DATA 	Keypress: space
357.0028 	DATA 	Keypress: space
357.6403 	DATA 	Keypress: space
359.0002 	EXP 	text_3: autoDraw = True
359.6029 	DATA 	Keypress: space
359.6042 	EXP 	New trial (rep=0, index=19): OrderedDict([('sndfile', './stimuli_1/tmp/vweak_110_1.wav'), ('tempo', 110), ('cond', 'veryweak'), ('delay', 1.3407186132175697)])
359.6341 	EXP 	text_3: autoDraw = False
361.1583 	DATA 	Keypress: space
361.7031 	DATA 	Keypress: space
362.1699 	DATA 	Keypress: space
362.6575 	DATA 	Keypress: space
363.1202 	DATA 	Keypress: space
363.6536 	DATA 	Keypress: space
364.1936 	DATA 	Keypress: space
364.6869 	DATA 	Keypress: space
365.1696 	DATA 	Keypress: space
365.6766 	DATA 	Keypress: space
366.1874 	DATA 	Keypress: space
366.7626 	DATA 	Keypress: space
367.3205 	DATA 	Keypress: space
367.8708 	DATA 	Keypress: space
368.4090 	DATA 	Keypress: space
368.9041 	DATA 	Keypress: space
369.3884 	DATA 	Keypress: space
369.9206 	DATA 	Keypress: space
370.4381 	DATA 	Keypress: space
370.9713 	DATA 	Keypress: space
371.9603 	EXP 	text_3: autoDraw = True
372.6212 	DATA 	Keypress: space
372.6224 	EXP 	New trial (rep=0, index=20): OrderedDict([('sndfile', './stimuli_1/tmp/weak_100_1.wav'), ('tempo', 100), ('cond', 'weak'), ('delay', 0.9200911357943652)])
372.6521 	EXP 	text_3: autoDraw = False
373.7710 	DATA 	Keypress: space
374.4949 	DATA 	Keypress: space
375.2384 	DATA 	Keypress: space
375.8301 	DATA 	Keypress: space
376.4384 	DATA 	Keypress: space
377.0881 	DATA 	Keypress: space
377.6880 	DATA 	Keypress: space
378.2977 	DATA 	Keypress: space
378.8720 	DATA 	Keypress: space
379.5060 	DATA 	Keypress: space
380.0881 	DATA 	Keypress: space
380.7449 	DATA 	Keypress: space
381.3216 	DATA 	Keypress: space
381.9427 	DATA 	Keypress: space
382.5725 	DATA 	Keypress: space
383.1892 	DATA 	Keypress: space
383.7393 	DATA 	Keypress: space
384.5543 	EXP 	text_3: autoDraw = True
384.9563 	DATA 	Keypress: space
384.9575 	EXP 	New trial (rep=0, index=21): OrderedDict([('sndfile', './stimuli_1/tmp/weak_105_1.wav'), ('tempo', 105), ('cond', 'weak'), ('delay', 2.3476680969619683)])
384.9872 	EXP 	text_3: autoDraw = False
387.7784 	DATA 	Keypress: space
388.2405 	DATA 	Keypress: space
388.7402 	DATA 	Keypress: space
389.1905 	DATA 	Keypress: space
389.7068 	DATA 	Keypress: space
390.2236 	DATA 	Keypress: space
390.6906 	DATA 	Keypress: space
391.1567 	DATA 	Keypress: space
391.6753 	DATA 	Keypress: space
392.2408 	DATA 	Keypress: space
392.7239 	DATA 	Keypress: space
393.2417 	DATA 	Keypress: space
393.7426 	DATA 	Keypress: space
394.2596 	DATA 	Keypress: space
394.7747 	DATA 	Keypress: space
395.2580 	DATA 	Keypress: space
395.7749 	DATA 	Keypress: space
396.2910 	DATA 	Keypress: space
396.8087 	DATA 	Keypress: space
397.3463 	DATA 	Keypress: space
398.3230 	EXP 	text_3: autoDraw = True
398.7750 	DATA 	Keypress: space
398.7763 	EXP 	New trial (rep=0, index=22): OrderedDict([('sndfile', './stimuli_1/tmp/vweak_95_1.wav'), ('tempo', 95), ('cond', 'veryweak'), ('delay', 2.279644213301781)])
398.8274 	EXP 	text_3: autoDraw = False
401.3747 	DATA 	Keypress: space
401.9094 	DATA 	Keypress: space
402.5590 	DATA 	Keypress: space
403.1756 	DATA 	Keypress: space
403.7429 	DATA 	Keypress: space
404.3930 	DATA 	Keypress: space
405.0145 	DATA 	Keypress: space
405.5932 	DATA 	Keypress: space
406.2103 	DATA 	Keypress: space
406.8433 	DATA 	Keypress: space
407.4678 	DATA 	Keypress: space
408.0433 	DATA 	Keypress: space
408.6266 	DATA 	Keypress: space
409.2767 	DATA 	Keypress: space
409.8773 	DATA 	Keypress: space
410.4857 	DATA 	Keypress: space
411.1102 	DATA 	Keypress: space
412.0653 	EXP 	text_3: autoDraw = True
412.5766 	DATA 	Keypress: space
412.5778 	EXP 	New trial (rep=0, index=23): OrderedDict([('sndfile', './stimuli_1/tmp/perfect_95_1.wav'), ('tempo', 95), ('cond', 'perfect'), ('delay', 0.8659592093324232)])
412.6087 	EXP 	text_3: autoDraw = False
413.9604 	DATA 	Keypress: space
414.4601 	DATA 	Keypress: space
415.0660 	DATA 	Keypress: space
415.6777 	DATA 	Keypress: space
416.3618 	DATA 	Keypress: space
416.9606 	DATA 	Keypress: space
417.5450 	DATA 	Keypress: space
418.1952 	DATA 	Keypress: space
418.8286 	DATA 	Keypress: space
419.4454 	DATA 	Keypress: space
420.0878 	DATA 	Keypress: space
420.7278 	DATA 	Keypress: space
421.3620 	DATA 	Keypress: space
421.9626 	DATA 	Keypress: space
422.5833 	DATA 	Keypress: space
423.2120 	DATA 	Keypress: space
424.4604 	EXP 	text_3: autoDraw = True
424.8524 	DATA 	Keypress: space
424.8536 	EXP 	New trial (rep=0, index=24): OrderedDict([('sndfile', './stimuli_1/tmp/medium_95_1.wav'), ('tempo', 95), ('cond', 'medium'), ('delay', 1.3706215803300168)])
424.8981 	EXP 	text_3: autoDraw = False
426.5967 	DATA 	Keypress: space
427.0625 	DATA 	Keypress: space
427.6850 	DATA 	Keypress: space
428.3632 	DATA 	Keypress: space
429.1297 	DATA 	Keypress: space
429.7847 	DATA 	Keypress: space
430.4641 	DATA 	Keypress: space
431.1866 	DATA 	Keypress: space
431.8812 	DATA 	Keypress: space
432.5474 	DATA 	Keypress: space
433.2465 	DATA 	Keypress: space
433.8965 	DATA 	Keypress: space
434.5807 	DATA 	Keypress: space
435.2646 	DATA 	Keypress: space
435.9150 	DATA 	Keypress: space
437.2377 	EXP 	text_3: autoDraw = True
437.5979 	DATA 	Keypress: space
437.5991 	EXP 	New trial (rep=0, index=25): OrderedDict([('sndfile', './stimuli_1/tmp/vweak_90_2.wav'), ('tempo', 90), ('cond', 'veryweak'), ('delay', 1.0044987578235975)])
437.6452 	EXP 	text_3: autoDraw = False
438.8808 	DATA 	Keypress: space
439.5485 	DATA 	Keypress: space
440.1815 	DATA 	Keypress: space
440.7650 	DATA 	Keypress: space
441.4983 	DATA 	Keypress: space
442.1901 	DATA 	Keypress: space
442.8154 	DATA 	Keypress: space
443.5320 	DATA 	Keypress: space
444.1326 	DATA 	Keypress: space
444.7734 	DATA 	Keypress: space
445.3828 	DATA 	Keypress: space
446.0993 	DATA 	Keypress: space
446.7707 	DATA 	Keypress: space
447.3998 	DATA 	Keypress: space
448.0324 	DATA 	Keypress: space
448.7496 	DATA 	Keypress: space
449.6188 	EXP 	text_3: autoDraw = True
449.9832 	DATA 	Keypress: space
449.9844 	EXP 	New trial (rep=0, index=26): OrderedDict([('sndfile', './stimuli_1/tmp/strong_105_1.wav'), ('tempo', 105), ('cond', 'strong'), ('delay', 1.8750845453371756)])
450.0139 	EXP 	text_3: autoDraw = False
452.0661 	DATA 	Keypress: space
452.5502 	DATA 	Keypress: space
453.0346 	DATA 	Keypress: space
453.5002 	DATA 	Keypress: space
454.0004 	DATA 	Keypress: space
454.5500 	DATA 	Keypress: space
455.1340 	DATA 	Keypress: space
455.6837 	DATA 	Keypress: space
456.2254 	DATA 	Keypress: space
456.8183 	DATA 	Keypress: space
457.3675 	DATA 	Keypress: space
457.8834 	DATA 	Keypress: space
458.4006 	DATA 	Keypress: space
458.9675 	DATA 	Keypress: space
459.5675 	DATA 	Keypress: space
460.1019 	DATA 	Keypress: space
460.6347 	DATA 	Keypress: space
461.1680 	DATA 	Keypress: space
461.7182 	DATA 	Keypress: space
462.8664 	EXP 	text_3: autoDraw = True
463.3269 	DATA 	Keypress: space
463.3281 	EXP 	New trial (rep=0, index=27): OrderedDict([('sndfile', './stimuli_1/tmp/perfect_105_1.wav'), ('tempo', 105), ('cond', 'perfect'), ('delay', 1.612711409659772)])
463.3706 	EXP 	text_3: autoDraw = False
465.3186 	DATA 	Keypress: space
465.8748 	DATA 	Keypress: space
466.4017 	DATA 	Keypress: space
466.9867 	DATA 	Keypress: space
467.5860 	DATA 	Keypress: space
468.1354 	DATA 	Keypress: space
468.7191 	DATA 	Keypress: space
469.3113 	DATA 	Keypress: space
469.8859 	DATA 	Keypress: space
470.4196 	DATA 	Keypress: space
470.9863 	DATA 	Keypress: space
471.5697 	DATA 	Keypress: space
472.1363 	DATA 	Keypress: space
472.7035 	DATA 	Keypress: space
473.3029 	DATA 	Keypress: space
473.8366 	DATA 	Keypress: space
475.9514 	EXP 	text_3: autoDraw = True
476.3201 	DATA 	Keypress: space
476.3214 	EXP 	New trial (rep=0, index=28): OrderedDict([('sndfile', './stimuli_1/tmp/strong_100_1.wav'), ('tempo', 100), ('cond', 'strong'), ('delay', 1.2298337616078612)])
476.3517 	EXP 	text_3: autoDraw = False
477.8125 	DATA 	Keypress: space
478.3366 	DATA 	Keypress: space
478.9874 	DATA 	Keypress: space
479.6711 	DATA 	Keypress: space
480.3451 	DATA 	Keypress: space
481.0051 	DATA 	Keypress: space
481.6548 	DATA 	Keypress: space
482.2881 	DATA 	Keypress: space
482.9442 	DATA 	Keypress: space
483.5883 	DATA 	Keypress: space
484.2212 	DATA 	Keypress: space
484.8305 	DATA 	Keypress: space
485.4716 	DATA 	Keypress: space
486.1223 	DATA 	Keypress: space
486.8210 	DATA 	Keypress: space
487.4459 	DATA 	Keypress: space
488.5696 	EXP 	text_3: autoDraw = True
488.9468 	DATA 	Keypress: space
488.9481 	EXP 	New trial (rep=0, index=29): OrderedDict([('sndfile', './stimuli_1/tmp/medium_100_1.wav'), ('tempo', 100), ('cond', 'medium'), ('delay', 0.9469441789171564)])
488.9747 	EXP 	text_3: autoDraw = False
490.3274 	DATA 	Keypress: space
490.9058 	DATA 	Keypress: space
491.6887 	DATA 	Keypress: space
492.3563 	DATA 	Keypress: space
493.0303 	DATA 	Keypress: space
493.6399 	DATA 	Keypress: space
494.3066 	DATA 	Keypress: space
494.9488 	DATA 	Keypress: space
495.5729 	DATA 	Keypress: space
496.2570 	DATA 	Keypress: space
496.8904 	DATA 	Keypress: space
497.5469 	DATA 	Keypress: space
498.1562 	DATA 	Keypress: space
498.8410 	DATA 	Keypress: space
499.5150 	DATA 	Keypress: space
500.9057 	EXP 	text_3: autoDraw = True
501.2239 	DATA 	Keypress: space
501.2250 	EXP 	New trial (rep=0, index=30): OrderedDict([('sndfile', './stimuli_1/tmp/perfect_90_0.wav'), ('tempo', 90), ('cond', 'perfect'), ('delay', 1.6568604876231643)])
501.2722 	EXP 	text_3: autoDraw = False
503.4236 	DATA 	Keypress: space
504.0246 	DATA 	Keypress: space
504.6417 	DATA 	Keypress: space
505.2907 	DATA 	Keypress: space
505.9743 	DATA 	Keypress: space
506.6253 	DATA 	Keypress: space
507.2913 	DATA 	Keypress: space
507.9489 	DATA 	Keypress: space
508.5919 	DATA 	Keypress: space
509.2587 	DATA 	Keypress: space
509.9254 	DATA 	Keypress: space
510.5736 	DATA 	Keypress: space
511.2350 	DATA 	Keypress: space
511.8926 	DATA 	Keypress: space
512.5520 	DATA 	Keypress: space
513.2097 	DATA 	Keypress: space
513.8903 	EXP 	text_3: autoDraw = True
515.5949 	DATA 	Keypress: space
515.6088 	EXP 	New trial (rep=0, index=31): OrderedDict([('sndfile', './stimuli_1/tmp/medium_90_1.wav'), ('tempo', 90), ('cond', 'medium'), ('delay', 1.3827594725962091)])
515.6414 	EXP 	text_3: autoDraw = False
517.2103 	DATA 	Keypress: space
517.6934 	DATA 	Keypress: space
518.4095 	DATA 	Keypress: space
519.0762 	DATA 	Keypress: space
519.8274 	DATA 	Keypress: space
520.5112 	DATA 	Keypress: space
521.2110 	DATA 	Keypress: space
521.8941 	DATA 	Keypress: space
522.6102 	DATA 	Keypress: space
523.2600 	DATA 	Keypress: space
523.9769 	DATA 	Keypress: space
524.6270 	DATA 	Keypress: space
525.3441 	DATA 	Keypress: space
526.0770 	DATA 	Keypress: space
526.7957 	DATA 	Keypress: space
528.0095 	EXP 	text_3: autoDraw = True
528.7458 	DATA 	Keypress: space
528.7471 	EXP 	New trial (rep=0, index=32): OrderedDict([('sndfile', './stimuli_1/tmp/medium_110_2.wav'), ('tempo', 110), ('cond', 'medium'), ('delay', 1.962096670593472)])
528.7756 	EXP 	text_3: autoDraw = False
530.9278 	DATA 	Keypress: space
531.4285 	DATA 	Keypress: space
531.9621 	DATA 	Keypress: space
532.5623 	DATA 	Keypress: space
533.1712 	DATA 	Keypress: space
533.7619 	DATA 	Keypress: space
534.3466 	DATA 	Keypress: space
534.9129 	DATA 	Keypress: space
535.4456 	DATA 	Keypress: space
535.9953 	DATA 	Keypress: space
536.5800 	DATA 	Keypress: space
537.1634 	DATA 	Keypress: space
537.7465 	DATA 	Keypress: space
538.3131 	DATA 	Keypress: space
538.8470 	DATA 	Keypress: space
539.4634 	DATA 	Keypress: space
540.0304 	DATA 	Keypress: space
540.6469 	DATA 	Keypress: space
541.7285 	EXP 	text_3: autoDraw = True
542.5183 	DATA 	Keypress: space
542.5194 	EXP 	New trial (rep=0, index=33): OrderedDict([('sndfile', './stimuli_1/tmp/weak_105_2.wav'), ('tempo', 105), ('cond', 'weak'), ('delay', 2.065051120273794)])
542.5618 	EXP 	text_3: autoDraw = False
544.8135 	DATA 	Keypress: space
545.3807 	DATA 	Keypress: space
546.0311 	DATA 	Keypress: space
546.5983 	DATA 	Keypress: space
547.2040 	DATA 	Keypress: space
547.8648 	DATA 	Keypress: space
548.4645 	DATA 	Keypress: space
549.0984 	DATA 	Keypress: space
549.6985 	DATA 	Keypress: space
550.2909 	DATA 	Keypress: space
550.8979 	DATA 	Keypress: space
551.5144 	DATA 	Keypress: space
552.1150 	DATA 	Keypress: space
552.6995 	DATA 	Keypress: space
553.2751 	DATA 	Keypress: space
553.9153 	DATA 	Keypress: space
554.5319 	DATA 	Keypress: space
555.5965 	EXP 	text_3: autoDraw = True
560.2000 	DATA 	Keypress: space
560.2014 	EXP 	New trial (rep=0, index=34): OrderedDict([('sndfile', './stimuli_1/tmp/weak_110_2.wav'), ('tempo', 110), ('cond', 'weak'), ('delay', 1.1450489585925383)])
560.2520 	EXP 	text_3: autoDraw = False
561.6998 	DATA 	Keypress: space
562.1673 	DATA 	Keypress: space
562.6170 	DATA 	Keypress: space
563.0180 	DATA 	Keypress: space
563.5000 	DATA 	Keypress: space
563.9998 	DATA 	Keypress: space
564.5019 	DATA 	Keypress: space
564.9995 	DATA 	Keypress: space
565.4996 	DATA 	Keypress: space
565.9999 	DATA 	Keypress: space
566.5176 	DATA 	Keypress: space
567.0056 	DATA 	Keypress: space
567.4845 	DATA 	Keypress: space
567.9679 	DATA 	Keypress: space
568.4668 	DATA 	Keypress: space
568.9842 	DATA 	Keypress: space
569.4695 	DATA 	Keypress: space
570.0005 	DATA 	Keypress: space
570.5003 	DATA 	Keypress: space
571.0180 	DATA 	Keypress: space
571.5011 	DATA 	Keypress: space
572.3664 	EXP 	text_3: autoDraw = True
573.1184 	DATA 	Keypress: space
573.1202 	EXP 	New trial (rep=0, index=35): OrderedDict([('sndfile', './stimuli_1/tmp/medium_95_2.wav'), ('tempo', 95), ('cond', 'medium'), ('delay', 2.475357682924177)])
573.2998 	EXP 	text_3: autoDraw = False
575.9849 	DATA 	Keypress: space
576.3360 	DATA 	Keypress: space
576.9076 	DATA 	Keypress: space
577.7029 	DATA 	Keypress: space
578.3690 	DATA 	Keypress: space
579.0853 	DATA 	Keypress: space
579.7862 	DATA 	Keypress: space
580.4286 	DATA 	Keypress: space
581.1367 	DATA 	Keypress: space
581.7870 	DATA 	Keypress: space
582.5096 	DATA 	Keypress: space
583.2036 	DATA 	Keypress: space
583.8373 	DATA 	Keypress: space
584.5713 	DATA 	Keypress: space
585.2872 	DATA 	Keypress: space
586.6023 	EXP 	text_3: autoDraw = True
586.9701 	DATA 	Keypress: space
586.9715 	EXP 	New trial (rep=0, index=36): OrderedDict([('sndfile', './stimuli_1/tmp/strong_100_2.wav'), ('tempo', 100), ('cond', 'strong'), ('delay', 1.5994648074282498)])
587.0021 	EXP 	text_3: autoDraw = False
588.8381 	DATA 	Keypress: space
589.3043 	DATA 	Keypress: space
589.8878 	DATA 	Keypress: space
590.4757 	DATA 	Keypress: space
591.0875 	DATA 	Keypress: space
591.6883 	DATA 	Keypress: space
592.3051 	DATA 	Keypress: space
592.9268 	DATA 	Keypress: space
593.5379 	DATA 	Keypress: space
594.1380 	DATA 	Keypress: space
594.7380 	DATA 	Keypress: space
595.3714 	DATA 	Keypress: space
595.9788 	DATA 	Keypress: space
596.6054 	DATA 	Keypress: space
597.1889 	DATA 	Keypress: space
597.8226 	DATA 	Keypress: space
598.4556 	DATA 	Keypress: space
599.5872 	EXP 	text_3: autoDraw = True
599.8884 	DATA 	Keypress: space
599.8897 	EXP 	New trial (rep=0, index=37): OrderedDict([('sndfile', './stimuli_1/tmp/perfect_110_1.wav'), ('tempo', 110), ('cond', 'perfect'), ('delay', 1.7704271467992068)])
599.9203 	EXP 	text_3: autoDraw = False
602.0392 	DATA 	Keypress: space
602.6733 	DATA 	Keypress: space
603.1281 	DATA 	Keypress: space
603.6066 	DATA 	Keypress: space
604.1565 	DATA 	Keypress: space
604.7060 	DATA 	Keypress: space
605.2564 	DATA 	Keypress: space
605.8234 	DATA 	Keypress: space
606.3561 	DATA 	Keypress: space
606.8917 	DATA 	Keypress: space
607.4072 	DATA 	Keypress: space
607.9905 	DATA 	Keypress: space
608.5066 	DATA 	Keypress: space
609.0472 	DATA 	Keypress: space
609.6231 	DATA 	Keypress: space
610.1573 	DATA 	Keypress: space
612.5073 	DATA 	Keypress: space
612.6725 	EXP 	text_3: autoDraw = True
613.1744 	DATA 	Keypress: space
613.1756 	EXP 	New trial (rep=0, index=38): OrderedDict([('sndfile', './stimuli_1/tmp/perfect_100_1.wav'), ('tempo', 100), ('cond', 'perfect'), ('delay', 2.462429502310373)])
613.2228 	EXP 	text_3: autoDraw = False
615.9085 	DATA 	Keypress: space
616.5997 	DATA 	Keypress: space
617.2084 	DATA 	Keypress: space
617.8243 	DATA 	Keypress: space
618.4248 	DATA 	Keypress: space
619.0084 	DATA 	Keypress: space
619.6161 	DATA 	Keypress: space
620.2255 	DATA 	Keypress: space
620.8255 	DATA 	Keypress: space
621.4090 	DATA 	Keypress: space
621.9924 	DATA 	Keypress: space
622.6086 	DATA 	Keypress: space
623.2137 	DATA 	Keypress: space
623.8266 	DATA 	Keypress: space
624.4097 	DATA 	Keypress: space
625.0263 	DATA 	Keypress: space
626.6576 	EXP 	text_3: autoDraw = True
626.7099 	DATA 	Keypress: space
626.7112 	EXP 	New trial (rep=0, index=39): OrderedDict([('sndfile', './stimuli_1/tmp/vweak_100_1.wav'), ('tempo', 100), ('cond', 'veryweak'), ('delay', 1.441965324529146)])
626.7744 	EXP 	text_3: autoDraw = False
628.4765 	DATA 	Keypress: space
628.9268 	DATA 	Keypress: space
629.4271 	DATA 	Keypress: space
629.9598 	DATA 	Keypress: space
630.4440 	DATA 	Keypress: space
630.9439 	DATA 	Keypress: space
631.4439 	DATA 	Keypress: space
631.9607 	DATA 	Keypress: space
632.4947 	DATA 	Keypress: space
633.0602 	DATA 	Keypress: space
633.5603 	DATA 	Keypress: space
634.1607 	DATA 	Keypress: space
634.6672 	DATA 	Keypress: space
635.2273 	DATA 	Keypress: space
635.7782 	DATA 	Keypress: space
636.2996 	DATA 	Keypress: space
636.7951 	DATA 	Keypress: space
637.3783 	DATA 	Keypress: space
637.8785 	DATA 	Keypress: space
638.3788 	DATA 	Keypress: space
639.1596 	EXP 	text_3: autoDraw = True
639.7612 	DATA 	Keypress: space
639.7624 	EXP 	New trial (rep=0, index=40): OrderedDict([('sndfile', './stimuli_1/tmp/strong_95_1.wav'), ('tempo', 95), ('cond', 'strong'), ('delay', 1.2238592690797745)])
639.7933 	EXP 	text_3: autoDraw = False
641.1952 	DATA 	Keypress: space
641.6623 	DATA 	Keypress: space
642.2354 	DATA 	Keypress: space
642.8793 	DATA 	Keypress: space
643.4456 	DATA 	Keypress: space
644.0959 	DATA 	Keypress: space
644.7118 	DATA 	Keypress: space
645.3228 	DATA 	Keypress: space
645.9290 	DATA 	Keypress: space
646.4800 	DATA 	Keypress: space
647.1298 	DATA 	Keypress: space
647.7465 	DATA 	Keypress: space
648.3469 	DATA 	Keypress: space
648.9794 	DATA 	Keypress: space
649.5971 	DATA 	Keypress: space
650.1807 	DATA 	Keypress: space
651.9950 	EXP 	text_3: autoDraw = True
652.4544 	DATA 	Keypress: space
652.4558 	EXP 	New trial (rep=0, index=41): OrderedDict([('sndfile', './stimuli_1/tmp/vweak_90_1.wav'), ('tempo', 90), ('cond', 'veryweak'), ('delay', 0.8362780865168179)])
652.4998 	EXP 	text_3: autoDraw = False
653.9807 	DATA 	Keypress: space
654.5808 	DATA 	Keypress: space
655.3476 	DATA 	Keypress: space
656.1145 	DATA 	Keypress: space
656.8976 	DATA 	Keypress: space
657.6478 	DATA 	Keypress: space
658.3314 	DATA 	Keypress: space
659.0476 	DATA 	Keypress: space
659.7645 	DATA 	Keypress: space
660.5241 	DATA 	Keypress: space
661.2652 	DATA 	Keypress: space
661.9532 	DATA 	Keypress: space
662.6833 	DATA 	Keypress: space
663.3826 	DATA 	Keypress: space
664.2966 	EXP 	text_3: autoDraw = True
664.8824 	DATA 	Keypress: space
664.8839 	EXP 	New trial (rep=0, index=42): OrderedDict([('sndfile', './stimuli_1/tmp/medium_100_2.wav'), ('tempo', 100), ('cond', 'medium'), ('delay', 1.5709881706161974)])
664.9151 	EXP 	text_3: autoDraw = False
666.6673 	DATA 	Keypress: space
667.3899 	DATA 	Keypress: space
668.0496 	DATA 	Keypress: space
668.6155 	DATA 	Keypress: space
669.1205 	DATA 	Keypress: space
669.6165 	DATA 	Keypress: space
670.1497 	DATA 	Keypress: space
670.6828 	DATA 	Keypress: space
671.2503 	DATA 	Keypress: space
671.8001 	DATA 	Keypress: space
672.3544 	DATA 	Keypress: space
672.8668 	DATA 	Keypress: space
673.4507 	DATA 	Keypress: space
674.0059 	DATA 	Keypress: space
674.5506 	DATA 	Keypress: space
675.1015 	DATA 	Keypress: space
675.6671 	DATA 	Keypress: space
676.2513 	DATA 	Keypress: space
677.4653 	EXP 	text_3: autoDraw = True
677.8353 	DATA 	Keypress: space
677.8497 	EXP 	New trial (rep=0, index=43): OrderedDict([('sndfile', './stimuli_1/tmp/weak_110_1.wav'), ('tempo', 110), ('cond', 'weak'), ('delay', 2.302762081100819)])
677.8871 	EXP 	text_3: autoDraw = False
680.3685 	DATA 	Keypress: space
680.7844 	DATA 	Keypress: space
681.3510 	DATA 	Keypress: space
681.9520 	DATA 	Keypress: space
682.5177 	DATA 	Keypress: space
683.0747 	DATA 	Keypress: space
683.6679 	DATA 	Keypress: space
684.2679 	DATA 	Keypress: space
684.8519 	DATA 	Keypress: space
685.4025 	DATA 	Keypress: space
686.0272 	DATA 	Keypress: space
686.6193 	DATA 	Keypress: space
687.1850 	DATA 	Keypress: space
687.7867 	DATA 	Keypress: space
688.3865 	DATA 	Keypress: space
688.9762 	DATA 	Keypress: space
689.5701 	DATA 	Keypress: space
690.1196 	DATA 	Keypress: space
691.1679 	EXP 	text_3: autoDraw = True
692.7727 	DATA 	Keypress: space
692.7857 	EXP 	New trial (rep=0, index=44): OrderedDict([('sndfile', './stimuli_1/tmp/strong_90_1.wav'), ('tempo', 90), ('cond', 'strong'), ('delay', 1.0878185010355936)])
692.8004 	EXP 	text_3: autoDraw = False
694.2697 	DATA 	Keypress: space
694.8035 	DATA 	Keypress: space
695.5601 	DATA 	Keypress: space
696.2873 	DATA 	Keypress: space
696.9869 	DATA 	Keypress: space
697.6805 	DATA 	Keypress: space
698.4039 	DATA 	Keypress: space
699.0790 	DATA 	Keypress: space
699.7876 	DATA 	Keypress: space
700.4710 	DATA 	Keypress: space
701.1550 	DATA 	Keypress: space
701.8884 	DATA 	Keypress: space
702.5971 	DATA 	Keypress: space
703.3051 	DATA 	Keypress: space
704.0542 	DATA 	Keypress: space
704.8863 	EXP 	text_3: autoDraw = True
705.5377 	DATA 	Keypress: space
705.5390 	EXP 	New trial (rep=0, index=45): OrderedDict([('sndfile', './stimuli_1/tmp/vweak_95_2.wav'), ('tempo', 95), ('cond', 'veryweak'), ('delay', 1.1399322262275913)])
705.5704 	EXP 	text_3: autoDraw = False
706.9552 	DATA 	Keypress: space
707.3893 	DATA 	Keypress: space
707.8886 	DATA 	Keypress: space
708.4880 	DATA 	Keypress: space
709.1563 	DATA 	Keypress: space
709.7722 	DATA 	Keypress: space
710.4223 	DATA 	Keypress: space
711.0604 	DATA 	Keypress: space
711.6733 	DATA 	Keypress: space
712.3236 	DATA 	Keypress: space
712.9564 	DATA 	Keypress: space
713.5952 	DATA 	Keypress: space
714.2231 	DATA 	Keypress: space
714.8633 	DATA 	Keypress: space
715.4738 	DATA 	Keypress: space
716.0750 	DATA 	Keypress: space
716.6738 	DATA 	Keypress: space
717.6880 	EXP 	text_3: autoDraw = True
718.2470 	DATA 	Keypress: space
718.2484 	EXP 	New trial (rep=0, index=46): OrderedDict([('sndfile', './stimuli_1/tmp/medium_90_2.wav'), ('tempo', 90), ('cond', 'medium'), ('delay', 2.1384331573709567)])
718.2773 	EXP 	text_3: autoDraw = False
720.6246 	DATA 	Keypress: space
721.3251 	DATA 	Keypress: space
722.1641 	DATA 	Keypress: space
722.8581 	DATA 	Keypress: space
723.5070 	DATA 	Keypress: space
724.2081 	DATA 	Keypress: space
724.8749 	DATA 	Keypress: space
725.6082 	DATA 	Keypress: space
726.3084 	DATA 	Keypress: space
726.9085 	DATA 	Keypress: space
727.6084 	DATA 	Keypress: space
728.2842 	DATA 	Keypress: space
728.9764 	DATA 	Keypress: space
729.6980 	DATA 	Keypress: space
730.3920 	DATA 	Keypress: space
731.0756 	DATA 	Keypress: space
731.4071 	EXP 	text_3: autoDraw = True
732.3996 	DATA 	Keypress: space
732.4012 	EXP 	New trial (rep=0, index=47): OrderedDict([('sndfile', './stimuli_1/tmp/strong_105_2.wav'), ('tempo', 105), ('cond', 'strong'), ('delay', 0.9615404084728899)])
732.4451 	EXP 	text_3: autoDraw = False
733.6116 	DATA 	Keypress: space
734.0357 	DATA 	Keypress: space
734.5924 	DATA 	Keypress: space
735.2329 	DATA 	Keypress: space
735.8429 	DATA 	Keypress: space
736.5098 	DATA 	Keypress: space
737.1975 	DATA 	Keypress: space
737.8437 	DATA 	Keypress: space
738.5435 	DATA 	Keypress: space
739.1603 	DATA 	Keypress: space
739.8107 	DATA 	Keypress: space
740.4667 	DATA 	Keypress: space
741.0941 	DATA 	Keypress: space
741.7489 	DATA 	Keypress: space
742.3776 	DATA 	Keypress: space
742.9958 	DATA 	Keypress: space
744.3802 	EXP 	text_3: autoDraw = True
744.8939 	DATA 	Keypress: space
744.8951 	EXP 	New trial (rep=0, index=48): OrderedDict([('sndfile', './stimuli_1/tmp/medium_105_2.wav'), ('tempo', 105), ('cond', 'medium'), ('delay', 0.8825097572066065)])
744.9251 	EXP 	text_3: autoDraw = False
746.0951 	DATA 	Keypress: space
746.7499 	DATA 	Keypress: space
747.4945 	DATA 	Keypress: space
748.1275 	DATA 	Keypress: space
748.7615 	DATA 	Keypress: space
749.3827 	DATA 	Keypress: space
749.9776 	DATA 	Keypress: space
750.5684 	DATA 	Keypress: space
751.1125 	DATA 	Keypress: space
751.7291 	DATA 	Keypress: space
752.3282 	DATA 	Keypress: space
752.9354 	DATA 	Keypress: space
753.5292 	DATA 	Keypress: space
754.2295 	DATA 	Keypress: space
754.8963 	DATA 	Keypress: space
755.5467 	DATA 	Keypress: space
756.8008 	EXP 	text_3: autoDraw = True
757.2799 	DATA 	Keypress: space
757.2814 	EXP 	New trial (rep=0, index=49): OrderedDict([('sndfile', './stimuli_1/tmp/weak_90_2.wav'), ('tempo', 90), ('cond', 'weak'), ('delay', 2.0384375203910188)])
757.3107 	EXP 	text_3: autoDraw = False
759.5800 	DATA 	Keypress: space
760.3802 	DATA 	Keypress: space
761.0804 	DATA 	Keypress: space
761.7308 	DATA 	Keypress: space
762.3807 	DATA 	Keypress: space
763.0476 	DATA 	Keypress: space
763.6965 	DATA 	Keypress: space
764.3522 	DATA 	Keypress: space
764.9643 	DATA 	Keypress: space
765.6802 	DATA 	Keypress: space
766.3646 	DATA 	Keypress: space
766.9816 	DATA 	Keypress: space
767.6144 	DATA 	Keypress: space
768.3148 	DATA 	Keypress: space
768.9863 	DATA 	Keypress: space
770.3299 	EXP 	text_3: autoDraw = True
770.8157 	DATA 	Keypress: space
770.8294 	EXP 	text_3: autoDraw = False
770.8294 	EXP 	text_6: autoDraw = True
799.4855 	DATA 	Keypress: space
799.4926 	EXP 	Imported condition_test_2.csv as conditions, 50 conditions, 4 params
799.4933 	EXP 	Created sequence: random, trialTypes=50, nReps=1, seed=None
799.4937 	EXP 	New trial (rep=0, index=0): OrderedDict([('sndfile', './stimuli_2/tmp/perfect_100_1.wav'), ('tempo', 100), ('cond', 'perfect'), ('delay', 1.900582361571024)])
799.5335 	EXP 	text_6: autoDraw = False
801.9701 	DATA 	Keypress: space
802.4360 	DATA 	Keypress: space
802.9871 	DATA 	Keypress: space
803.5198 	DATA 	Keypress: space
804.1436 	DATA 	Keypress: space
804.7867 	DATA 	Keypress: space
805.3536 	DATA 	Keypress: space
805.9535 	DATA 	Keypress: space
806.5544 	DATA 	Keypress: space
807.1708 	DATA 	Keypress: space
807.7534 	DATA 	Keypress: space
808.3538 	DATA 	Keypress: space
808.9546 	DATA 	Keypress: space
809.5551 	DATA 	Keypress: space
810.1601 	DATA 	Keypress: space
810.7713 	DATA 	Keypress: space
812.4023 	EXP 	text_4: autoDraw = True
812.8428 	DATA 	Keypress: space
812.8447 	EXP 	New trial (rep=0, index=1): OrderedDict([('sndfile', './stimuli_2/tmp/perfect_90_1.wav'), ('tempo', 90), ('cond', 'perfect'), ('delay', 0.9437088291454946)])
812.8905 	EXP 	text_4: autoDraw = False
814.2612 	DATA 	Keypress: space
814.8556 	DATA 	Keypress: space
815.5385 	DATA 	Keypress: space
816.2396 	DATA 	Keypress: space
816.8715 	DATA 	Keypress: space
817.5389 	DATA 	Keypress: space
818.2116 	DATA 	Keypress: space
818.8727 	DATA 	Keypress: space
819.5562 	DATA 	Keypress: space
820.2223 	DATA 	Keypress: space
820.8557 	DATA 	Keypress: space
821.5232 	DATA 	Keypress: space
822.1898 	DATA 	Keypress: space
822.8155 	DATA 	Keypress: space
824.7967 	EXP 	text_4: autoDraw = True
825.3139 	DATA 	Keypress: space
825.3154 	EXP 	New trial (rep=0, index=2): OrderedDict([('sndfile', './stimuli_2/tmp/weak_105_3.wav'), ('tempo', 105), ('cond', 'weak'), ('delay', 1.8785671226313851)])
825.3757 	EXP 	text_4: autoDraw = False
827.4125 	DATA 	Keypress: space
828.1561 	DATA 	Keypress: space
828.9071 	DATA 	Keypress: space
829.6071 	DATA 	Keypress: space
830.3907 	DATA 	Keypress: space
831.1078 	DATA 	Keypress: space
831.8074 	DATA 	Keypress: space
832.5246 	DATA 	Keypress: space
833.1593 	DATA 	Keypress: space
833.8249 	DATA 	Keypress: space
834.5080 	DATA 	Keypress: space
835.2253 	DATA 	Keypress: space
835.9133 	DATA 	Keypress: space
836.6415 	DATA 	Keypress: space
838.2069 	EXP 	text_4: autoDraw = True
838.5601 	DATA 	Keypress: space
838.5744 	EXP 	New trial (rep=0, index=3): OrderedDict([('sndfile', './stimuli_2/tmp/strong_110_3.wav'), ('tempo', 110), ('cond', 'strong'), ('delay', 2.128797507874421)])
838.6234 	EXP 	text_4: autoDraw = False
840.9089 	DATA 	Keypress: space
841.4489 	DATA 	Keypress: space
841.9423 	DATA 	Keypress: space
842.4499 	DATA 	Keypress: space
842.9594 	DATA 	Keypress: space
843.4426 	DATA 	Keypress: space
843.9477 	DATA 	Keypress: space
844.4759 	DATA 	Keypress: space
844.9753 	DATA 	Keypress: space
845.5267 	DATA 	Keypress: space
846.0762 	DATA 	Keypress: space
846.5594 	DATA 	Keypress: space
847.1153 	DATA 	Keypress: space
847.6439 	DATA 	Keypress: space
848.1435 	DATA 	Keypress: space
848.6603 	DATA 	Keypress: space
849.1937 	DATA 	Keypress: space
849.7271 	DATA 	Keypress: space
851.7087 	EXP 	text_4: autoDraw = True
852.2279 	DATA 	Keypress: space
852.2292 	EXP 	New trial (rep=0, index=4): OrderedDict([('sndfile', './stimuli_2/tmp/weak_105_4.wav'), ('tempo', 105), ('cond', 'weak'), ('delay', 2.3797932117961262)])
852.2580 	EXP 	text_4: autoDraw = False
854.9106 	DATA 	Keypress: space
855.5840 	DATA 	Keypress: space
856.2603 	DATA 	Keypress: space
856.9175 	DATA 	Keypress: space
857.5779 	DATA 	Keypress: space
858.2282 	DATA 	Keypress: space
858.8788 	DATA 	Keypress: space
859.5111 	DATA 	Keypress: space
860.0954 	DATA 	Keypress: space
860.7953 	DATA 	Keypress: space
861.4614 	DATA 	Keypress: space
862.0958 	DATA 	Keypress: space
862.6950 	DATA 	Keypress: space
863.2953 	DATA 	Keypress: space
863.8792 	DATA 	Keypress: space
865.6182 	EXP 	text_4: autoDraw = True
865.8957 	DATA 	Keypress: space
865.8969 	EXP 	New trial (rep=0, index=5): OrderedDict([('sndfile', './stimuli_2/tmp/vweak_95_4.wav'), ('tempo', 95), ('cond', 'veryweak'), ('delay', 1.2922043074511544)])
865.9276 	EXP 	text_4: autoDraw = False
867.4125 	DATA 	Keypress: space
867.8790 	DATA 	Keypress: space
868.3802 	DATA 	Keypress: space
868.9857 	DATA 	Keypress: space
869.5805 	DATA 	Keypress: space
870.2131 	DATA 	Keypress: space
870.8307 	DATA 	Keypress: space
871.4634 	DATA 	Keypress: space
872.0552 	DATA 	Keypress: space
872.6807 	DATA 	Keypress: space
873.2976 	DATA 	Keypress: space
873.9132 	DATA 	Keypress: space
874.5141 	DATA 	Keypress: space
875.1146 	DATA 	Keypress: space
875.7149 	DATA 	Keypress: space
876.3483 	DATA 	Keypress: space
878.1961 	EXP 	text_4: autoDraw = True
878.5313 	DATA 	Keypress: space
878.5327 	EXP 	New trial (rep=0, index=6): OrderedDict([('sndfile', './stimuli_2/tmp/medium_90_3.wav'), ('tempo', 90), ('cond', 'medium'), ('delay', 2.469674326004891)])
878.5624 	EXP 	text_4: autoDraw = False
881.2819 	DATA 	Keypress: space
882.0992 	DATA 	Keypress: space
882.7985 	DATA 	Keypress: space
883.4655 	DATA 	Keypress: space
884.1322 	DATA 	Keypress: space
884.7831 	DATA 	Keypress: space
885.4825 	DATA 	Keypress: space
886.1830 	DATA 	Keypress: space
886.8160 	DATA 	Keypress: space
887.4498 	DATA 	Keypress: space
888.0888 	DATA 	Keypress: space
888.7666 	DATA 	Keypress: space
889.4163 	DATA 	Keypress: space
890.0889 	DATA 	Keypress: space
892.0148 	EXP 	text_4: autoDraw = True
892.1504 	DATA 	Keypress: space
892.1516 	EXP 	New trial (rep=0, index=7): OrderedDict([('sndfile', './stimuli_2/tmp/medium_105_3.wav'), ('tempo', 105), ('cond', 'medium'), ('delay', 0.9417007635762324)])
892.1812 	EXP 	text_4: autoDraw = False
893.4497 	DATA 	Keypress: space
894.0503 	DATA 	Keypress: space
894.5500 	DATA 	Keypress: space
895.0341 	DATA 	Keypress: space
895.4846 	DATA 	Keypress: space
896.0507 	DATA 	Keypress: space
896.6058 	DATA 	Keypress: space
897.1515 	DATA 	Keypress: space
897.7680 	DATA 	Keypress: space
898.4015 	DATA 	Keypress: space
899.0172 	DATA 	Keypress: space
899.6061 	DATA 	Keypress: space
900.1515 	DATA 	Keypress: space
900.7514 	DATA 	Keypress: space
901.3683 	DATA 	Keypress: space
901.9846 	DATA 	Keypress: space
903.7566 	DATA 	Keypress: space
904.0997 	EXP 	text_4: autoDraw = True
904.6188 	DATA 	Keypress: space
904.6200 	EXP 	New trial (rep=0, index=8): OrderedDict([('sndfile', './stimuli_2/tmp/perfect_90_0.wav'), ('tempo', 90), ('cond', 'perfect'), ('delay', 1.8471350139820657)])
904.6670 	EXP 	text_4: autoDraw = False
906.7579 	DATA 	Keypress: space
907.4869 	DATA 	Keypress: space
908.1569 	DATA 	Keypress: space
908.8688 	DATA 	Keypress: space
909.5199 	DATA 	Keypress: space
910.1870 	DATA 	Keypress: space
910.8865 	DATA 	Keypress: space
911.4869 	DATA 	Keypress: space
912.1537 	DATA 	Keypress: space
912.8529 	DATA 	Keypress: space
913.5206 	DATA 	Keypress: space
914.1708 	DATA 	Keypress: space
914.8297 	DATA 	Keypress: space
915.4869 	DATA 	Keypress: space
916.9593 	DATA 	Keypress: space
917.4853 	EXP 	text_4: autoDraw = True
919.5048 	DATA 	Keypress: space
919.5061 	EXP 	New trial (rep=0, index=9): OrderedDict([('sndfile', './stimuli_2/tmp/strong_100_3.wav'), ('tempo', 100), ('cond', 'strong'), ('delay', 1.4654700353387642)])
919.5358 	EXP 	text_4: autoDraw = False
921.1882 	DATA 	Keypress: space
921.7212 	DATA 	Keypress: space
922.3763 	DATA 	Keypress: space
923.0044 	DATA 	Keypress: space
923.7056 	DATA 	Keypress: space
924.3469 	DATA 	Keypress: space
924.9884 	DATA 	Keypress: space
925.6045 	DATA 	Keypress: space
926.2551 	DATA 	Keypress: space
926.9221 	DATA 	Keypress: space
927.5719 	DATA 	Keypress: space
928.2220 	DATA 	Keypress: space
928.8953 	DATA 	Keypress: space
929.5726 	DATA 	Keypress: space
930.2065 	DATA 	Keypress: space
931.9879 	EXP 	text_4: autoDraw = True
932.0557 	DATA 	Keypress: space
932.0569 	EXP 	New trial (rep=0, index=10): OrderedDict([('sndfile', './stimuli_2/tmp/strong_105_4.wav'), ('tempo', 105), ('cond', 'strong'), ('delay', 1.0619213958525664)])
932.0873 	EXP 	text_4: autoDraw = False
933.4730 	DATA 	Keypress: space
934.0614 	DATA 	Keypress: space
934.5898 	DATA 	Keypress: space
935.1064 	DATA 	Keypress: space
935.6736 	DATA 	Keypress: space
936.2070 	DATA 	Keypress: space
936.7951 	DATA 	Keypress: space
937.3733 	DATA 	Keypress: space
937.9568 	DATA 	Keypress: space
938.4455 	DATA 	Keypress: space
939.0241 	DATA 	Keypress: space
939.5731 	DATA 	Keypress: space
940.1405 	DATA 	Keypress: space
940.7083 	DATA 	Keypress: space
941.3410 	DATA 	Keypress: space
941.8918 	DATA 	Keypress: space
942.4917 	DATA 	Keypress: space
943.7582 	DATA 	Keypress: space
944.1396 	EXP 	text_4: autoDraw = True
946.1248 	DATA 	Keypress: space
946.1260 	EXP 	New trial (rep=0, index=11): OrderedDict([('sndfile', './stimuli_2/tmp/perfect_110_1.wav'), ('tempo', 110), ('cond', 'perfect'), ('delay', 1.960810456770172)])
946.1556 	EXP 	text_4: autoDraw = False
948.5597 	DATA 	Keypress: space
949.0747 	DATA 	Keypress: space
949.5748 	DATA 	Keypress: space
950.1085 	DATA 	Keypress: space
950.6093 	DATA 	Keypress: space
951.1625 	DATA 	Keypress: space
951.7096 	DATA 	Keypress: space
952.2430 	DATA 	Keypress: space
952.7930 	DATA 	Keypress: space
953.3423 	DATA 	Keypress: space
953.8762 	DATA 	Keypress: space
954.4498 	DATA 	Keypress: space
954.9931 	DATA 	Keypress: space
955.5595 	DATA 	Keypress: space
956.1039 	DATA 	Keypress: space
956.6265 	DATA 	Keypress: space
959.1001 	EXP 	text_4: autoDraw = True
959.5438 	DATA 	Keypress: space
959.5452 	EXP 	New trial (rep=0, index=12): OrderedDict([('sndfile', './stimuli_2/tmp/strong_90_3.wav'), ('tempo', 90), ('cond', 'strong'), ('delay', 1.6244125943376004)])
959.5750 	EXP 	text_4: autoDraw = False
961.6608 	DATA 	Keypress: space
962.2602 	DATA 	Keypress: space
963.0708 	DATA 	Keypress: space
963.8116 	DATA 	Keypress: space
964.4947 	DATA 	Keypress: space
965.1368 	DATA 	Keypress: space
965.8611 	DATA 	Keypress: space
966.5281 	DATA 	Keypress: space
967.2450 	DATA 	Keypress: space
967.9111 	DATA 	Keypress: space
968.6118 	DATA 	Keypress: space
969.2780 	DATA 	Keypress: space
969.9838 	DATA 	Keypress: space
970.6628 	DATA 	Keypress: space
972.1784 	EXP 	text_4: autoDraw = True
972.7455 	DATA 	Keypress: space
972.7467 	EXP 	New trial (rep=0, index=13): OrderedDict([('sndfile', './stimuli_2/tmp/vweak_110_3.wav'), ('tempo', 110), ('cond', 'veryweak'), ('delay', 1.9493514140483303)])
972.7943 	EXP 	text_4: autoDraw = False
975.0123 	DATA 	Keypress: space
975.4797 	DATA 	Keypress: space
975.8961 	DATA 	Keypress: space
976.2469 	DATA 	Keypress: space
976.6301 	DATA 	Keypress: space
977.1219 	DATA 	Keypress: space
977.5790 	DATA 	Keypress: space
978.0353 	DATA 	Keypress: space
978.5305 	DATA 	Keypress: space
979.0302 	DATA 	Keypress: space
979.4808 	DATA 	Keypress: space
979.9972 	DATA 	Keypress: space
980.5129 	DATA 	Keypress: space
980.9473 	DATA 	Keypress: space
981.3963 	DATA 	Keypress: space
981.8967 	DATA 	Keypress: space
982.3966 	DATA 	Keypress: space
982.9638 	DATA 	Keypress: space
983.4977 	DATA 	Keypress: space
984.0309 	DATA 	Keypress: space
985.7125 	EXP 	text_4: autoDraw = True
986.5143 	DATA 	Keypress: space
986.5156 	EXP 	New trial (rep=0, index=14): OrderedDict([('sndfile', './stimuli_2/tmp/strong_95_3.wav'), ('tempo', 95), ('cond', 'strong'), ('delay', 2.368023631857328)])
986.5458 	EXP 	text_4: autoDraw = False
989.1486 	DATA 	Keypress: space
989.7653 	DATA 	Keypress: space
990.3649 	DATA 	Keypress: space
990.9486 	DATA 	Keypress: space
991.5482 	DATA 	Keypress: space
992.1911 	DATA 	Keypress: space
992.8153 	DATA 	Keypress: space
993.4656 	DATA 	Keypress: space
994.0489 	DATA 	Keypress: space
994.6877 	DATA 	Keypress: space
995.3317 	DATA 	Keypress: space
995.9990 	DATA 	Keypress: space
996.6323 	DATA 	Keypress: space
997.2558 	DATA 	Keypress: space
997.8824 	DATA 	Keypress: space
999.8977 	EXP 	text_4: autoDraw = True
1000.4005 	DATA 	Keypress: space
1000.4018 	EXP 	New trial (rep=0, index=15): OrderedDict([('sndfile', './stimuli_2/tmp/medium_100_3.wav'), ('tempo', 100), ('cond', 'medium'), ('delay', 0.9227517929886035)])
1000.4308 	EXP 	text_4: autoDraw = False
1001.7833 	DATA 	Keypress: space
1002.2594 	DATA 	Keypress: space
1002.7501 	DATA 	Keypress: space
1003.2171 	DATA 	Keypress: space
1003.7339 	DATA 	Keypress: space
1004.2768 	DATA 	Keypress: space
1004.8007 	DATA 	Keypress: space
1005.3164 	DATA 	Keypress: space
1005.8408 	DATA 	Keypress: space
1006.3348 	DATA 	Keypress: space
1006.8891 	DATA 	Keypress: space
1007.4007 	DATA 	Keypress: space
1007.9179 	DATA 	Keypress: space
1008.4507 	DATA 	Keypress: space
1008.9843 	DATA 	Keypress: space
1009.4840 	DATA 	Keypress: space
1010.0013 	DATA 	Keypress: space
1010.6012 	DATA 	Keypress: space
1012.3330 	EXP 	text_4: autoDraw = True
1012.9120 	DATA 	Keypress: space
1012.9395 	EXP 	New trial (rep=0, index=16): OrderedDict([('sndfile', './stimuli_2/tmp/weak_90_3.wav'), ('tempo', 90), ('cond', 'weak'), ('delay', 1.336733561564532)])
1012.9877 	EXP 	text_4: autoDraw = False
1014.7752 	DATA 	Keypress: space
1015.2359 	DATA 	Keypress: space
1015.9856 	DATA 	Keypress: space
1016.7352 	DATA 	Keypress: space
1017.4090 	DATA 	Keypress: space
1018.0681 	DATA 	Keypress: space
1018.7423 	DATA 	Keypress: space
1019.4197 	DATA 	Keypress: space
1020.0876 	DATA 	Keypress: space
1020.7368 	DATA 	Keypress: space
1021.4038 	DATA 	Keypress: space
1022.1198 	DATA 	Keypress: space
1022.7754 	DATA 	Keypress: space
1023.4362 	DATA 	Keypress: space
1025.2897 	EXP 	text_4: autoDraw = True
1025.6596 	DATA 	Keypress: space
1025.6608 	EXP 	New trial (rep=0, index=17): OrderedDict([('sndfile', './stimuli_2/tmp/vweak_105_3.wav'), ('tempo', 105), ('cond', 'veryweak'), ('delay', 1.505363686413271)])
1025.7016 	EXP 	text_4: autoDraw = False
1027.4213 	DATA 	Keypress: space
1027.8451 	DATA 	Keypress: space
1028.4206 	DATA 	Keypress: space
1028.8718 	DATA 	Keypress: space
1029.4474 	DATA 	Keypress: space
1030.0201 	DATA 	Keypress: space
1030.6547 	DATA 	Keypress: space
1031.2879 	DATA 	Keypress: space
1031.9550 	DATA 	Keypress: space
1032.5762 	DATA 	Keypress: space
1033.2045 	DATA 	Keypress: space
1033.8617 	DATA 	Keypress: space
1034.4886 	DATA 	Keypress: space
1035.1215 	DATA 	Keypress: space
1035.6880 	DATA 	Keypress: space
1036.3440 	DATA 	Keypress: space
1038.1872 	EXP 	text_4: autoDraw = True
1038.6082 	DATA 	Keypress: space
1038.6210 	EXP 	New trial (rep=0, index=18): OrderedDict([('sndfile', './stimuli_2/tmp/perfect_95_0.wav'), ('tempo', 95), ('cond', 'perfect'), ('delay', 2.0105466277142785)])
1038.6535 	EXP 	text_4: autoDraw = False
1041.1390 	DATA 	Keypress: space
1041.6736 	DATA 	Keypress: space
1042.2560 	DATA 	Keypress: space
1042.8721 	DATA 	Keypress: space
1043.4724 	DATA 	Keypress: space
1044.1399 	DATA 	Keypress: space
1044.7897 	DATA 	Keypress: space
1045.4231 	DATA 	Keypress: space
1046.0466 	DATA 	Keypress: space
1046.6909 	DATA 	Keypress: space
1047.3076 	DATA 	Keypress: space
1047.9072 	DATA 	Keypress: space
1048.5401 	DATA 	Keypress: space
1049.1568 	DATA 	Keypress: space
1049.8076 	DATA 	Keypress: space
1051.6390 	EXP 	text_4: autoDraw = True
1052.3241 	DATA 	Keypress: space
1052.3263 	EXP 	New trial (rep=0, index=19): OrderedDict([('sndfile', './stimuli_2/tmp/strong_100_4.wav'), ('tempo', 100), ('cond', 'strong'), ('delay', 1.3398198733573277)])
1052.3555 	EXP 	text_4: autoDraw = False
1053.9743 	DATA 	Keypress: space
1054.4461 	DATA 	Keypress: space
1054.9914 	DATA 	Keypress: space
1055.5915 	DATA 	Keypress: space
1056.1750 	DATA 	Keypress: space
1056.7909 	DATA 	Keypress: space
1057.4419 	DATA 	Keypress: space
1058.0485 	DATA 	Keypress: space
1058.6418 	DATA 	Keypress: space
1059.2586 	DATA 	Keypress: space
1059.8754 	DATA 	Keypress: space
1060.4762 	DATA 	Keypress: space
1061.0845 	DATA 	Keypress: space
1061.7094 	DATA 	Keypress: space
1062.3430 	DATA 	Keypress: space
1062.9433 	DATA 	Keypress: space
1064.6746 	EXP 	text_4: autoDraw = True
1065.0922 	DATA 	Keypress: space
1065.0933 	EXP 	New trial (rep=0, index=20): OrderedDict([('sndfile', './stimuli_2/tmp/perfect_105_1.wav'), ('tempo', 105), ('cond', 'perfect'), ('delay', 1.9598890814615504)])
1065.1245 	EXP 	text_4: autoDraw = False
1067.5762 	DATA 	Keypress: space
1068.1493 	DATA 	Keypress: space
1068.6436 	DATA 	Keypress: space
1069.1940 	DATA 	Keypress: space
1069.7603 	DATA 	Keypress: space
1070.2933 	DATA 	Keypress: space
1070.8948 	DATA 	Keypress: space
1071.4273 	DATA 	Keypress: space
1071.9944 	DATA 	Keypress: space
1072.5768 	DATA 	Keypress: space
1073.1275 	DATA 	Keypress: space
1073.7292 	DATA 	Keypress: space
1074.3112 	DATA 	Keypress: space
1074.8780 	DATA 	Keypress: space
1075.4619 	DATA 	Keypress: space
1075.9788 	DATA 	Keypress: space
1078.0686 	EXP 	text_4: autoDraw = True
1078.3493 	DATA 	Keypress: space
1078.3505 	EXP 	New trial (rep=0, index=21): OrderedDict([('sndfile', './stimuli_2/tmp/strong_90_4.wav'), ('tempo', 90), ('cond', 'strong'), ('delay', 0.9547797326956972)])
1078.3859 	EXP 	text_4: autoDraw = False
1079.7790 	DATA 	Keypress: space
1080.3786 	DATA 	Keypress: space
1081.0955 	DATA 	Keypress: space
1081.8788 	DATA 	Keypress: space
1082.5454 	DATA 	Keypress: space
1083.2190 	DATA 	Keypress: space
1083.8460 	DATA 	Keypress: space
1084.5126 	DATA 	Keypress: space
1085.1794 	DATA 	Keypress: space
1085.8788 	DATA 	Keypress: space
1086.5626 	DATA 	Keypress: space
1087.2630 	DATA 	Keypress: space
1087.9296 	DATA 	Keypress: space
1088.6522 	DATA 	Keypress: space
1090.3203 	EXP 	text_4: autoDraw = True
1090.7973 	DATA 	Keypress: space
1090.7986 	EXP 	New trial (rep=0, index=22): OrderedDict([('sndfile', './stimuli_2/tmp/strong_105_3.wav'), ('tempo', 105), ('cond', 'strong'), ('delay', 1.2846849156286215)])
1090.8284 	EXP 	text_4: autoDraw = False
1092.4806 	DATA 	Keypress: space
1093.0141 	DATA 	Keypress: space
1093.5469 	DATA 	Keypress: space
1094.0641 	DATA 	Keypress: space
1094.6301 	DATA 	Keypress: space
1095.2220 	DATA 	Keypress: space
1095.7809 	DATA 	Keypress: space
1096.3482 	DATA 	Keypress: space
1096.9389 	DATA 	Keypress: space
1097.4818 	DATA 	Keypress: space
1098.0645 	DATA 	Keypress: space
1098.6138 	DATA 	Keypress: space
1099.2221 	DATA 	Keypress: space
1099.7816 	DATA 	Keypress: space
1100.3152 	DATA 	Keypress: space
1100.8654 	DATA 	Keypress: space
1101.4319 	DATA 	Keypress: space
1103.0968 	EXP 	text_4: autoDraw = True
1103.5158 	DATA 	Keypress: space
1103.5171 	EXP 	New trial (rep=0, index=23): OrderedDict([('sndfile', './stimuli_2/tmp/weak_100_3.wav'), ('tempo', 100), ('cond', 'weak'), ('delay', 0.8397616430138637)])
1103.5460 	EXP 	text_4: autoDraw = False
1104.7206 	DATA 	Keypress: space
1105.1651 	DATA 	Keypress: space
1105.6494 	DATA 	Keypress: space
1106.2909 	DATA 	Keypress: space
1106.8829 	DATA 	Keypress: space
1107.5330 	DATA 	Keypress: space
1108.1992 	DATA 	Keypress: space
1108.7994 	DATA 	Keypress: space
1109.3998 	DATA 	Keypress: space
1110.0505 	DATA 	Keypress: space
1110.6335 	DATA 	Keypress: space
1111.2664 	DATA 	Keypress: space
1111.9008 	DATA 	Keypress: space
1112.5511 	DATA 	Keypress: space
1113.2011 	DATA 	Keypress: space
1113.8079 	DATA 	Keypress: space
1115.3742 	EXP 	text_4: autoDraw = True
1115.7835 	DATA 	Keypress: space
1115.7847 	EXP 	New trial (rep=0, index=24): OrderedDict([('sndfile', './stimuli_2/tmp/vweak_100_3.wav'), ('tempo', 100), ('cond', 'veryweak'), ('delay', 0.8472696952655959)])
1115.8151 	EXP 	text_4: autoDraw = False
1116.8512 	DATA 	Keypress: space
1117.4509 	DATA 	Keypress: space
1118.1352 	DATA 	Keypress: space
1118.7890 	DATA 	Keypress: space
1119.4343 	DATA 	Keypress: space
1120.0840 	DATA 	Keypress: space
1120.7676 	DATA 	Keypress: space
1121.4071 	DATA 	Keypress: space
1122.0683 	DATA 	Keypress: space
1122.7353 	DATA 	Keypress: space
1123.4398 	DATA 	Keypress: space
1124.0679 	DATA 	Keypress: space
1124.6689 	DATA 	Keypress: space
1125.2187 	DATA 	Keypress: space
1125.9029 	DATA 	Keypress: space
1127.6506 	EXP 	text_4: autoDraw = True
1128.0855 	DATA 	Keypress: space
1128.0867 	EXP 	New trial (rep=0, index=25): OrderedDict([('sndfile', './stimuli_2/tmp/perfect_105_0.wav'), ('tempo', 105), ('cond', 'perfect'), ('delay', 2.471825489115851)])
1128.1164 	EXP 	text_4: autoDraw = False
1130.8520 	DATA 	Keypress: space
1131.5267 	DATA 	Keypress: space
1132.0699 	DATA 	Keypress: space
1132.6367 	DATA 	Keypress: space
1133.2201 	DATA 	Keypress: space
1133.7871 	DATA 	Keypress: space
1134.3367 	DATA 	Keypress: space
1134.9280 	DATA 	Keypress: space
1135.4871 	DATA 	Keypress: space
1136.0545 	DATA 	Keypress: space
1136.6203 	DATA 	Keypress: space
1137.1875 	DATA 	Keypress: space
1137.7709 	DATA 	Keypress: space
1138.3547 	DATA 	Keypress: space
1138.9206 	DATA 	Keypress: space
1139.5045 	DATA 	Keypress: space
1141.5773 	EXP 	text_4: autoDraw = True
1142.0040 	DATA 	Keypress: space
1142.0052 	EXP 	New trial (rep=0, index=26): OrderedDict([('sndfile', './stimuli_2/tmp/perfect_110_0.wav'), ('tempo', 110), ('cond', 'perfect'), ('delay', 1.6760608294086363)])
1142.0361 	EXP 	text_4: autoDraw = False
1144.0215 	DATA 	Keypress: space
1144.6121 	DATA 	Keypress: space
1145.1558 	DATA 	Keypress: space
1145.7052 	DATA 	Keypress: space
1146.2378 	DATA 	Keypress: space
1146.8048 	DATA 	Keypress: space
1147.3392 	DATA 	Keypress: space
1147.8882 	DATA 	Keypress: space
1148.4221 	DATA 	Keypress: space
1148.9558 	DATA 	Keypress: space
1149.4958 	DATA 	Keypress: space
1150.0235 	DATA 	Keypress: space
1150.5899 	DATA 	Keypress: space
1151.1226 	DATA 	Keypress: space
1151.6579 	DATA 	Keypress: space
1152.2227 	DATA 	Keypress: space
1154.6881 	EXP 	text_4: autoDraw = True
1155.0804 	DATA 	Keypress: space
1155.0818 	EXP 	New trial (rep=0, index=27): OrderedDict([('sndfile', './stimuli_2/tmp/strong_95_4.wav'), ('tempo', 95), ('cond', 'strong'), ('delay', 1.3122188661972012)])
1155.1258 	EXP 	text_4: autoDraw = False
1156.8238 	DATA 	Keypress: space
1157.3237 	DATA 	Keypress: space
1157.9900 	DATA 	Keypress: space
1158.7239 	DATA 	Keypress: space
1159.4237 	DATA 	Keypress: space
1160.0404 	DATA 	Keypress: space
1160.7748 	DATA 	Keypress: space
1161.4577 	DATA 	Keypress: space
1162.1574 	DATA 	Keypress: space
1162.8576 	DATA 	Keypress: space
1163.5410 	DATA 	Keypress: space
1164.2413 	DATA 	Keypress: space
1164.9419 	DATA 	Keypress: space
1165.6682 	DATA 	Keypress: space
1167.4065 	EXP 	text_4: autoDraw = True
1167.7755 	DATA 	Keypress: space
1167.7771 	EXP 	New trial (rep=0, index=28): OrderedDict([('sndfile', './stimuli_2/tmp/strong_110_4.wav'), ('tempo', 110), ('cond', 'strong'), ('delay', 1.9935472881648024)])
1167.8066 	EXP 	text_4: autoDraw = False
1170.0637 	DATA 	Keypress: space
1170.5915 	DATA 	Keypress: space
1171.1594 	DATA 	Keypress: space
1171.7345 	DATA 	Keypress: space
1172.3422 	DATA 	Keypress: space
1172.9264 	DATA 	Keypress: space
1173.5262 	DATA 	Keypress: space
1174.1493 	DATA 	Keypress: space
1174.7270 	DATA 	Keypress: space
1175.3264 	DATA 	Keypress: space
1175.8926 	DATA 	Keypress: space
1176.4766 	DATA 	Keypress: space
1177.0743 	DATA 	Keypress: space
1177.7020 	DATA 	Keypress: space
1178.2926 	DATA 	Keypress: space
1178.8863 	DATA 	Keypress: space
1180.7751 	EXP 	text_4: autoDraw = True
1181.1768 	DATA 	Keypress: space
1181.1787 	EXP 	New trial (rep=0, index=29): OrderedDict([('sndfile', './stimuli_2/tmp/weak_95_3.wav'), ('tempo', 95), ('cond', 'weak'), ('delay', 1.2112449492962023)])
1181.2087 	EXP 	text_4: autoDraw = False
1182.7011 	DATA 	Keypress: space
1183.1436 	DATA 	Keypress: space
1183.7272 	DATA 	Keypress: space
1184.4447 	DATA 	Keypress: space
1185.1273 	DATA 	Keypress: space
1185.8609 	DATA 	Keypress: space
1186.5117 	DATA 	Keypress: space
1187.2274 	DATA 	Keypress: space
1187.9117 	DATA 	Keypress: space
1188.5954 	DATA 	Keypress: space
1189.3115 	DATA 	Keypress: space
1189.9954 	DATA 	Keypress: space
1190.7112 	DATA 	Keypress: space
1191.4285 	DATA 	Keypress: space
1193.4107 	EXP 	text_4: autoDraw = True
1194.0283 	DATA 	Keypress: space
1194.0295 	EXP 	New trial (rep=0, index=30): OrderedDict([('sndfile', './stimuli_2/tmp/vweak_100_4.wav'), ('tempo', 100), ('cond', 'veryweak'), ('delay', 1.7061160215264062)])
1194.0604 	EXP 	text_4: autoDraw = False
1196.0456 	DATA 	Keypress: space
1196.5301 	DATA 	Keypress: space
1196.9631 	DATA 	Keypress: space
1197.4675 	DATA 	Keypress: space
1197.8800 	DATA 	Keypress: space
1198.3470 	DATA 	Keypress: space
1198.8724 	DATA 	Keypress: space
1199.4128 	DATA 	Keypress: space
1199.9142 	DATA 	Keypress: space
1200.4070 	DATA 	Keypress: space
1200.9134 	DATA 	Keypress: space
1201.4641 	DATA 	Keypress: space
1201.9971 	DATA 	Keypress: space
1202.5799 	DATA 	Keypress: space
1203.0636 	DATA 	Keypress: space
1203.5631 	DATA 	Keypress: space
1204.0798 	DATA 	Keypress: space
1204.6313 	DATA 	Keypress: space
1205.1644 	DATA 	Keypress: space
1206.7461 	EXP 	text_4: autoDraw = True
1207.2155 	DATA 	Keypress: space
1207.2303 	EXP 	New trial (rep=0, index=31): OrderedDict([('sndfile', './stimuli_2/tmp/medium_110_3.wav'), ('tempo', 110), ('cond', 'medium'), ('delay', 1.2616218191127295)])
1207.2691 	EXP 	text_4: autoDraw = False
1208.8052 	DATA 	Keypress: space
1209.2316 	DATA 	Keypress: space
1209.8989 	DATA 	Keypress: space
1210.5556 	DATA 	Keypress: space
1211.1980 	DATA 	Keypress: space
1211.8387 	DATA 	Keypress: space
1212.4821 	DATA 	Keypress: space
1213.0990 	DATA 	Keypress: space
1213.6988 	DATA 	Keypress: space
1214.3214 	DATA 	Keypress: space
1214.9323 	DATA 	Keypress: space
1215.5661 	DATA 	Keypress: space
1216.1830 	DATA 	Keypress: space
1216.8389 	DATA 	Keypress: space
1217.4498 	DATA 	Keypress: space
1219.4979 	EXP 	text_4: autoDraw = True
1219.9044 	DATA 	Keypress: space
1219.9060 	EXP 	New trial (rep=0, index=32): OrderedDict([('sndfile', './stimuli_2/tmp/medium_95_4.wav'), ('tempo', 95), ('cond', 'medium'), ('delay', 1.5689377747074644)])
1219.9522 	EXP 	text_4: autoDraw = False
1221.7161 	DATA 	Keypress: space
1222.4330 	DATA 	Keypress: space
1223.1203 	DATA 	Keypress: space
1223.9010 	DATA 	Keypress: space
1224.5831 	DATA 	Keypress: space
1225.2676 	DATA 	Keypress: space
1225.9344 	DATA 	Keypress: space
1226.6231 	DATA 	Keypress: space
1227.3177 	DATA 	Keypress: space
1227.9740 	DATA 	Keypress: space
1228.6512 	DATA 	Keypress: space
1229.3513 	DATA 	Keypress: space
1230.0346 	DATA 	Keypress: space
1230.6681 	DATA 	Keypress: space
1232.4828 	EXP 	text_4: autoDraw = True
1232.9845 	DATA 	Keypress: space
1232.9857 	EXP 	New trial (rep=0, index=33): OrderedDict([('sndfile', './stimuli_2/tmp/vweak_95_3.wav'), ('tempo', 95), ('cond', 'veryweak'), ('delay', 2.160580057702042)])
1233.0170 	EXP 	text_4: autoDraw = False
1235.3686 	DATA 	Keypress: space
1235.8855 	DATA 	Keypress: space
1236.3029 	DATA 	Keypress: space
1236.8696 	DATA 	Keypress: space
1237.4691 	DATA 	Keypress: space
1238.1079 	DATA 	Keypress: space
1238.6868 	DATA 	Keypress: space
1239.2863 	DATA 	Keypress: space
1239.9261 	DATA 	Keypress: space
1240.5368 	DATA 	Keypress: space
1241.1190 	DATA 	Keypress: space
1241.7269 	DATA 	Keypress: space
1242.3197 	DATA 	Keypress: space
1242.9205 	DATA 	Keypress: space
1243.5370 	DATA 	Keypress: space
1244.1244 	DATA 	Keypress: space
1246.1522 	EXP 	text_4: autoDraw = True
1246.4771 	DATA 	Keypress: space
1246.4784 	EXP 	New trial (rep=0, index=34): OrderedDict([('sndfile', './stimuli_2/tmp/medium_110_4.wav'), ('tempo', 110), ('cond', 'medium'), ('delay', 1.2412593574024813)])
1246.5227 	EXP 	text_4: autoDraw = False
1248.1872 	DATA 	Keypress: space
1248.7376 	DATA 	Keypress: space
1249.2878 	DATA 	Keypress: space
1249.8381 	DATA 	Keypress: space
1250.3713 	DATA 	Keypress: space
1250.9379 	DATA 	Keypress: space
1251.4925 	DATA 	Keypress: space
1252.0548 	DATA 	Keypress: space
1252.6385 	DATA 	Keypress: space
1253.2228 	DATA 	Keypress: space
1253.8048 	DATA 	Keypress: space
1254.3553 	DATA 	Keypress: space
1254.9384 	DATA 	Keypress: space
1255.5378 	DATA 	Keypress: space
1256.0797 	DATA 	Keypress: space
1256.6557 	DATA 	Keypress: space
1258.7303 	EXP 	text_4: autoDraw = True
1259.1303 	DATA 	Keypress: space
1259.1315 	EXP 	New trial (rep=0, index=35): OrderedDict([('sndfile', './stimuli_2/tmp/weak_110_4.wav'), ('tempo', 110), ('cond', 'weak'), ('delay', 1.2158046753843554)])
1259.1749 	EXP 	text_4: autoDraw = False
1260.6553 	DATA 	Keypress: space
1261.1313 	DATA 	Keypress: space
1261.6228 	DATA 	Keypress: space
1262.0444 	DATA 	Keypress: space
1262.5735 	DATA 	Keypress: space
1263.1067 	DATA 	Keypress: space
1263.7111 	DATA 	Keypress: space
1264.2394 	DATA 	Keypress: space
1264.8402 	DATA 	Keypress: space
1265.4408 	DATA 	Keypress: space
1266.0064 	DATA 	Keypress: space
1266.5403 	DATA 	Keypress: space
1267.1240 	DATA 	Keypress: space
1267.7000 	DATA 	Keypress: space
1268.2911 	DATA 	Keypress: space
1268.8910 	DATA 	Keypress: space
1269.4904 	DATA 	Keypress: space
1271.3552 	EXP 	text_4: autoDraw = True
1271.6406 	DATA 	Keypress: space
1271.6418 	EXP 	New trial (rep=0, index=36): OrderedDict([('sndfile', './stimuli_2/tmp/weak_100_4.wav'), ('tempo', 100), ('cond', 'weak'), ('delay', 1.8643156091783653)])
1271.6724 	EXP 	text_4: autoDraw = False
1273.7587 	DATA 	Keypress: space
1274.4080 	DATA 	Keypress: space
1275.1595 	DATA 	Keypress: space
1275.7590 	DATA 	Keypress: space
1276.4082 	DATA 	Keypress: space
1277.0254 	DATA 	Keypress: space
1277.7084 	DATA 	Keypress: space
1278.3144 	DATA 	Keypress: space
1278.8921 	DATA 	Keypress: space
1279.5420 	DATA 	Keypress: space
1280.1752 	DATA 	Keypress: space
1280.8256 	DATA 	Keypress: space
1281.4256 	DATA 	Keypress: space
1282.0756 	DATA 	Keypress: space
1282.7262 	DATA 	Keypress: space
1284.5243 	EXP 	text_4: autoDraw = True
1285.0925 	DATA 	Keypress: space
1285.0941 	EXP 	New trial (rep=0, index=37): OrderedDict([('sndfile', './stimuli_2/tmp/perfect_100_0.wav'), ('tempo', 100), ('cond', 'perfect'), ('delay', 1.3424117839845908)])
1285.1234 	EXP 	text_4: autoDraw = False
1286.8925 	DATA 	Keypress: space
1287.4761 	DATA 	Keypress: space
1288.0106 	DATA 	Keypress: space
1288.6102 	DATA 	Keypress: space
1289.1936 	DATA 	Keypress: space
1289.8022 	DATA 	Keypress: space
1290.4438 	DATA 	Keypress: space
1291.0270 	DATA 	Keypress: space
1291.5946 	DATA 	Keypress: space
1292.2272 	DATA 	Keypress: space
1292.7861 	DATA 	Keypress: space
1293.3607 	DATA 	Keypress: space
1293.9944 	DATA 	Keypress: space
1294.5777 	DATA 	Keypress: space
1295.1776 	DATA 	Keypress: space
1295.7673 	DATA 	Keypress: space
1297.4433 	EXP 	text_4: autoDraw = True
1297.7448 	DATA 	Keypress: space
1297.7460 	EXP 	New trial (rep=0, index=38): OrderedDict([('sndfile', './stimuli_2/tmp/vweak_90_3.wav'), ('tempo', 90), ('cond', 'veryweak'), ('delay', 0.8098621072043313)])
1297.7763 	EXP 	text_4: autoDraw = False
1299.0449 	DATA 	Keypress: space
1299.3835 	DATA 	Keypress: space
1299.8627 	DATA 	Keypress: space
1300.4001 	DATA 	Keypress: space
1301.0788 	DATA 	Keypress: space
1301.7287 	DATA 	Keypress: space
1302.3455 	DATA 	Keypress: space
1303.0177 	DATA 	Keypress: space
1303.6123 	DATA 	Keypress: space
1304.2465 	DATA 	Keypress: space
1304.9635 	DATA 	Keypress: space
1305.6464 	DATA 	Keypress: space
1306.3190 	DATA 	Keypress: space
1306.9296 	DATA 	Keypress: space
1307.5463 	DATA 	Keypress: space
1309.5614 	EXP 	text_4: autoDraw = True
1309.8961 	DATA 	Keypress: space
1309.8976 	EXP 	New trial (rep=0, index=39): OrderedDict([('sndfile', './stimuli_2/tmp/weak_95_4.wav'), ('tempo', 95), ('cond', 'weak'), ('delay', 1.59401142701977)])
1309.9277 	EXP 	text_4: autoDraw = False
1311.7136 	DATA 	Keypress: space
1312.2477 	DATA 	Keypress: space
1312.8367 	DATA 	Keypress: space
1313.6978 	DATA 	Keypress: space
1314.4067 	DATA 	Keypress: space
1315.1310 	DATA 	Keypress: space
1315.8981 	DATA 	Keypress: space
1316.6475 	DATA 	Keypress: space
1317.3984 	DATA 	Keypress: space
1318.0815 	DATA 	Keypress: space
1318.8316 	DATA 	Keypress: space
1319.5654 	DATA 	Keypress: space
1320.2648 	DATA 	Keypress: space
1322.4968 	EXP 	text_4: autoDraw = True
1322.9879 	DATA 	Keypress: space
1322.9891 	EXP 	New trial (rep=0, index=40): OrderedDict([('sndfile', './stimuli_2/tmp/medium_105_4.wav'), ('tempo', 105), ('cond', 'medium'), ('delay', 1.8823047760740792)])
1323.0346 	EXP 	text_4: autoDraw = False
1325.0992 	DATA 	Keypress: space
1325.7669 	DATA 	Keypress: space
1326.3511 	DATA 	Keypress: space
1326.9219 	DATA 	Keypress: space
1327.4332 	DATA 	Keypress: space
1328.0333 	DATA 	Keypress: space
1328.6167 	DATA 	Keypress: space
1329.1500 	DATA 	Keypress: space
1329.7503 	DATA 	Keypress: space
1330.3499 	DATA 	Keypress: space
1330.9662 	DATA 	Keypress: space
1331.5548 	DATA 	Keypress: space
1332.1161 	DATA 	Keypress: space
1332.7005 	DATA 	Keypress: space
1333.2841 	DATA 	Keypress: space
1333.8838 	DATA 	Keypress: space
1335.8819 	EXP 	text_4: autoDraw = True
1336.5832 	DATA 	Keypress: space
1336.5844 	EXP 	New trial (rep=0, index=41): OrderedDict([('sndfile', './stimuli_2/tmp/weak_110_3.wav'), ('tempo', 110), ('cond', 'weak'), ('delay', 1.4034951095242638)])
1336.6152 	EXP 	text_4: autoDraw = False
1338.2180 	DATA 	Keypress: space
1338.7508 	DATA 	Keypress: space
1339.3515 	DATA 	Keypress: space
1339.9007 	DATA 	Keypress: space
1340.5940 	DATA 	Keypress: space
1341.1682 	DATA 	Keypress: space
1342.1684 	DATA 	Keypress: space
1342.5589 	DATA 	Keypress: space
1343.0681 	DATA 	Keypress: space
1343.6689 	DATA 	Keypress: space
1344.2678 	DATA 	Keypress: space
1344.9194 	DATA 	Keypress: space
1345.5743 	DATA 	Keypress: space
1346.2031 	DATA 	Keypress: space
1346.8187 	DATA 	Keypress: space
1347.4690 	DATA 	Keypress: space
1349.0007 	EXP 	text_4: autoDraw = True
1349.3855 	DATA 	Keypress: space
1349.3867 	EXP 	New trial (rep=0, index=42): OrderedDict([('sndfile', './stimuli_2/tmp/weak_90_4.wav'), ('tempo', 90), ('cond', 'weak'), ('delay', 2.0685733483084743)])
1349.4169 	EXP 	text_4: autoDraw = False
1351.7026 	DATA 	Keypress: space
1352.5762 	DATA 	Keypress: space
1353.3199 	DATA 	Keypress: space
1354.0036 	DATA 	Keypress: space
1354.6122 	DATA 	Keypress: space
1355.3036 	DATA 	Keypress: space
1356.0370 	DATA 	Keypress: space
1356.6872 	DATA 	Keypress: space
1357.3713 	DATA 	Keypress: space
1358.0778 	DATA 	Keypress: space
1358.7376 	DATA 	Keypress: space
1359.4541 	DATA 	Keypress: space
1360.1208 	DATA 	Keypress: space
1360.7623 	DATA 	Keypress: space
1362.4699 	EXP 	text_4: autoDraw = True
1362.9386 	DATA 	Keypress: space
1362.9398 	EXP 	New trial (rep=0, index=43): OrderedDict([('sndfile', './stimuli_2/tmp/medium_100_4.wav'), ('tempo', 100), ('cond', 'medium'), ('delay', 1.1108721091211078)])
1362.9699 	EXP 	text_4: autoDraw = False
1364.4217 	DATA 	Keypress: space
1364.9883 	DATA 	Keypress: space
1365.6097 	DATA 	Keypress: space
1366.2380 	DATA 	Keypress: space
1366.9226 	DATA 	Keypress: space
1367.5392 	DATA 	Keypress: space
1368.1557 	DATA 	Keypress: space
1368.8056 	DATA 	Keypress: space
1369.4724 	DATA 	Keypress: space
1370.0729 	DATA 	Keypress: space
1370.7127 	DATA 	Keypress: space
1371.3885 	DATA 	Keypress: space
1372.0403 	DATA 	Keypress: space
1372.7062 	DATA 	Keypress: space
1373.3724 	DATA 	Keypress: space
1375.0711 	EXP 	text_4: autoDraw = True
1375.5733 	DATA 	Keypress: space
1375.5746 	EXP 	New trial (rep=0, index=44): OrderedDict([('sndfile', './stimuli_2/tmp/vweak_110_4.wav'), ('tempo', 110), ('cond', 'veryweak'), ('delay', 1.4056094097142195)])
1375.6047 	EXP 	text_4: autoDraw = False
1377.5570 	DATA 	Keypress: space
1378.1779 	DATA 	Keypress: space
1378.7577 	DATA 	Keypress: space
1379.3448 	DATA 	Keypress: space
1379.9409 	DATA 	Keypress: space
1380.4906 	DATA 	Keypress: space
1381.0576 	DATA 	Keypress: space
1381.5240 	DATA 	Keypress: space
1382.0416 	DATA 	Keypress: space
1382.5239 	DATA 	Keypress: space
1383.1084 	DATA 	Keypress: space
1383.6575 	DATA 	Keypress: space
1384.2081 	DATA 	Keypress: space
1384.7994 	DATA 	Keypress: space
1385.3748 	DATA 	Keypress: space
1385.8422 	DATA 	Keypress: space
1386.3591 	DATA 	Keypress: space
1387.9903 	EXP 	text_4: autoDraw = True
1388.4751 	DATA 	Keypress: space
1388.4763 	EXP 	New trial (rep=0, index=45): OrderedDict([('sndfile', './stimuli_2/tmp/vweak_90_4.wav'), ('tempo', 90), ('cond', 'veryweak'), ('delay', 2.01675312210347)])
1388.5069 	EXP 	text_4: autoDraw = False
1390.7433 	DATA 	Keypress: space
1391.2631 	DATA 	Keypress: space
1391.7761 	DATA 	Keypress: space
1392.4599 	DATA 	Keypress: space
1393.1262 	DATA 	Keypress: space
1393.8764 	DATA 	Keypress: space
1394.5763 	DATA 	Keypress: space
1395.2935 	DATA 	Keypress: space
1396.0100 	DATA 	Keypress: space
1396.7601 	DATA 	Keypress: space
1397.5444 	DATA 	Keypress: space
1398.2772 	DATA 	Keypress: space
1398.9937 	DATA 	Keypress: space
1399.7110 	DATA 	Keypress: space
1401.5085 	EXP 	text_4: autoDraw = True
1401.9773 	DATA 	Keypress: space
1401.9785 	EXP 	New trial (rep=0, index=46): OrderedDict([('sndfile', './stimuli_2/tmp/perfect_95_1.wav'), ('tempo', 95), ('cond', 'perfect'), ('delay', 1.6931350678865988)])
1402.0104 	EXP 	text_4: autoDraw = False
1404.1119 	DATA 	Keypress: space
1404.7111 	DATA 	Keypress: space
1405.2946 	DATA 	Keypress: space
1405.8942 	DATA 	Keypress: space
1406.5356 	DATA 	Keypress: space
1407.1784 	DATA 	Keypress: space
1407.8116 	DATA 	Keypress: space
1408.4283 	DATA 	Keypress: space
1409.0780 	DATA 	Keypress: space
1409.7283 	DATA 	Keypress: space
1410.3677 	DATA 	Keypress: space
1411.0125 	DATA 	Keypress: space
1411.6050 	DATA 	Keypress: space
1412.2456 	DATA 	Keypress: space
1412.8467 	DATA 	Keypress: space
1414.6772 	EXP 	text_4: autoDraw = True
1415.1043 	DATA 	Keypress: space
1415.1056 	EXP 	New trial (rep=0, index=47): OrderedDict([('sndfile', './stimuli_2/tmp/vweak_105_4.wav'), ('tempo', 105), ('cond', 'veryweak'), ('delay', 1.6327958275835193)])
1415.1486 	EXP 	text_4: autoDraw = False
1417.0466 	DATA 	Keypress: space
1417.5298 	DATA 	Keypress: space
1418.0967 	DATA 	Keypress: space
1418.6967 	DATA 	Keypress: space
1419.2798 	DATA 	Keypress: space
1419.8632 	DATA 	Keypress: space
1420.4702 	DATA 	Keypress: space
1420.9808 	DATA 	Keypress: space
1421.5803 	DATA 	Keypress: space
1422.1475 	DATA 	Keypress: space
1422.7804 	DATA 	Keypress: space
1423.3642 	DATA 	Keypress: space
1423.9479 	DATA 	Keypress: space
1424.5803 	DATA 	Keypress: space
1425.2149 	DATA 	Keypress: space
1425.7973 	DATA 	Keypress: space
1427.7460 	EXP 	text_4: autoDraw = True
1428.1524 	DATA 	Keypress: space
1428.1724 	EXP 	New trial (rep=0, index=48): OrderedDict([('sndfile', './stimuli_2/tmp/medium_95_3.wav'), ('tempo', 95), ('cond', 'medium'), ('delay', 0.9787884089584356)])
1428.2170 	EXP 	text_4: autoDraw = False
1429.3810 	DATA 	Keypress: space
1429.8990 	DATA 	Keypress: space
1430.4487 	DATA 	Keypress: space
1431.0819 	DATA 	Keypress: space
1431.6823 	DATA 	Keypress: space
1432.3822 	DATA 	Keypress: space
1433.0826 	DATA 	Keypress: space
1433.6664 	DATA 	Keypress: space
1434.3155 	DATA 	Keypress: space
1434.9662 	DATA 	Keypress: space
1435.5831 	DATA 	Keypress: space
1436.2320 	DATA 	Keypress: space
1436.9492 	DATA 	Keypress: space
1437.5384 	DATA 	Keypress: space
1438.1661 	DATA 	Keypress: space
1440.1690 	EXP 	text_4: autoDraw = True
1440.4401 	DATA 	Keypress: space
1440.4588 	EXP 	New trial (rep=0, index=49): OrderedDict([('sndfile', './stimuli_2/tmp/medium_90_4.wav'), ('tempo', 90), ('cond', 'medium'), ('delay', 1.4187547606829107)])
1440.5027 	EXP 	text_4: autoDraw = False
1442.0899 	DATA 	Keypress: space
1442.6331 	DATA 	Keypress: space
1443.1507 	DATA 	Keypress: space
1443.7760 	DATA 	Keypress: space
1444.4005 	DATA 	Keypress: space
1445.0177 	DATA 	Keypress: space
1445.6679 	DATA 	Keypress: space
1446.3343 	DATA 	Keypress: space
1446.9512 	DATA 	Keypress: space
1447.6014 	DATA 	Keypress: space
1448.2526 	DATA 	Keypress: space
1448.8843 	DATA 	Keypress: space
1449.5345 	DATA 	Keypress: space
1450.1588 	DATA 	Keypress: space
1450.7516 	DATA 	Keypress: space
1452.8830 	EXP 	text_4: autoDraw = True
1453.3015 	DATA 	Keypress: space
1453.3165 	EXP 	text_4: autoDraw = False
1453.3165 	EXP 	text_7: autoDraw = True
1455.5528 	DATA 	Keypress: space
1458.6388 	EXP 	window1: mouseVisible = True
