10.5473 	WARNING 	User requested fullscreen with size [1024  768], but screen is actually [1440, 900]. Using actual size
11.3805 	EXP 	Created window1 = Window(allowGUI=False, allowStencil=False, args=UNKNOWN, autoLog=True, bitsMode=UNKNOWN, blendMode='avg', color=array([0., 0., 0.]), colorSpace='rgb', fullscr=<method-wrapper '__getattribute__' of attributeSetter object at 0x12be5abe0>, gamma=None, kwargs=UNKNOWN, lms=UNKNOWN, monitor=<psychopy.monitors.calibTools.Monitor object at 0x12d0189e8>, multiSample=False, name='window1', numSamples=2, pos=[0.0, 0.0], screen=0, size=array([2880, 1800]), stereo=False, units='height', useFBO=True, useRetina=True, viewOri=0.0, viewPos=None, viewScale=None, waitBlanking=True, winType='pyglet')
11.3805 	EXP 	window1: recordFrameIntervals = False
11.5465 	EXP 	window1: recordFrameIntervals = True
11.7300 	EXP 	window1: recordFrameIntervals = False
11.8787 	EXP 	Created text = TextStim(__class__=<class 'psychopy.visual.text.TextStim'>, alignHoriz='center', alignVert='center', antialias=True, autoLog=True, bold=False, color='white', colorSpace='named', contrast=1.0, depth=0.0, flipHoriz=False, flipVert=False, font='Arial', fontFiles=[], height=0.05, italic=False, languageStyle='LTR', name='text', opacity=1.0, ori=0, pos=array([0., 0.]), rgb=array([255., 255., 255.]), text=str(...), units='height', win=Window(...), wrapWidth=1)
11.9064 	EXP 	Sound  set volume 1.000
11.9228 	EXP 	Created text_2 = TextStim(__class__=<class 'psychopy.visual.text.TextStim'>, alignHoriz='center', alignVert='center', antialias=True, autoLog=True, bold=False, color='white', colorSpace='named', contrast=1.0, depth=0.0, flipHoriz=False, flipVert=False, font='Arial', fontFiles=[], height=0.05, italic=False, languageStyle='LTR', name='text_2', opacity=1.0, ori=0, pos=array([0., 0.]), rgb=array([255., 255., 255.]), text=str(...), units='height', win=Window(...), wrapWidth=1)
11.9665 	EXP 	Created text_5 = TextStim(__class__=<class 'psychopy.visual.text.TextStim'>, alignHoriz='center', alignVert='center', antialias=True, autoLog=True, bold=False, color='white', colorSpace='named', contrast=1.0, depth=0.0, flipHoriz=False, flipVert=False, font='Arial', fontFiles=[], height=0.05, italic=False, languageStyle='LTR', name='text_5', opacity=1.0, ori=0, pos=array([0., 0.]), rgb=array([255., 255., 255.]), text=str(...), units='height', win=Window(...), wrapWidth=1)
11.9666 	EXP 	Sound  set volume 1.000
11.9750 	EXP 	Created text_3 = TextStim(__class__=<class 'psychopy.visual.text.TextStim'>, alignHoriz='center', alignVert='center', antialias=True, autoLog=True, bold=False, color='white', colorSpace='named', contrast=1.0, depth=0.0, flipHoriz=False, flipVert=False, font='Arial', fontFiles=[], height=0.05, italic=False, languageStyle='LTR', name='text_3', opacity=1.0, ori=0, pos=array([0., 0.]), rgb=array([255., 255., 255.]), text='Ready for next trial?\n\npress space bar.', units='height', win=Window(...), wrapWidth=1)
12.0025 	EXP 	Created text_6 = TextStim(__class__=<class 'psychopy.visual.text.TextStim'>, alignHoriz='center', alignVert='center', antialias=True, autoLog=True, bold=False, color='white', colorSpace='named', contrast=1.0, depth=0.0, flipHoriz=False, flipVert=False, font='Arial', fontFiles=[], height=0.05, italic=False, languageStyle='LTR', name='text_6', opacity=1.0, ori=0, pos=array([0., 0.]), rgb=array([255., 255., 255.]), text=str(...), units='height', win=Window(...), wrapWidth=1)
12.0026 	EXP 	Sound  set volume 1.000
12.0132 	EXP 	Created text_4 = TextStim(__class__=<class 'psychopy.visual.text.TextStim'>, alignHoriz='center', alignVert='center', antialias=True, autoLog=True, bold=False, color='white', colorSpace='named', contrast=1.0, depth=0.0, flipHoriz=False, flipVert=False, font='Arial', fontFiles=[], height=0.05, italic=False, languageStyle='LTR', name='text_4', opacity=1.0, ori=0, pos=array([0., 0.]), rgb=array([255., 255., 255.]), text='Ready for next trial?\n\npress space bar.', units='height', win=Window(...), wrapWidth=1)
12.0322 	EXP 	Created text_7 = TextStim(__class__=<class 'psychopy.visual.text.TextStim'>, alignHoriz='center', alignVert='center', antialias=True, autoLog=True, bold=False, color='white', colorSpace='named', contrast=1.0, depth=0.0, flipHoriz=False, flipVert=False, font='Arial', fontFiles=[], height=0.1, italic=False, languageStyle='LTR', name='text_7', opacity=1.0, ori=0, pos=array([0., 0.]), rgb=array([255., 255., 255.]), text='The test is over!\n\nThank you so much!!', units='height', win=Window(...), wrapWidth=1)
12.0701 	EXP 	text: autoDraw = True
25.0046 	DATA 	Keypress: space
25.0228 	EXP 	Imported condition_practice.csv as conditions, 5 conditions, 4 params
25.0239 	EXP 	Created sequence: random, trialTypes=5, nReps=1, seed=None
25.0244 	EXP 	New trial (rep=0, index=0): OrderedDict([('sndfile', './stimuli_1/tmp/vweak_105_1.wav'), ('tempo', 105), ('cond', 'veryweak'), ('delay', 1.91267155)])
25.0655 	EXP 	text: autoDraw = False
30.0013 	DATA 	Keypress: space
30.5845 	DATA 	Keypress: space
31.1683 	DATA 	Keypress: space
31.7583 	DATA 	Keypress: space
32.3513 	DATA 	Keypress: space
32.9184 	DATA 	Keypress: space
33.5016 	DATA 	Keypress: space
34.0848 	DATA 	Keypress: space
34.6754 	DATA 	Keypress: space
35.2852 	DATA 	Keypress: space
35.8514 	DATA 	Keypress: space
37.9503 	EXP 	text_2: autoDraw = True
39.6415 	DATA 	Keypress: space
39.6429 	EXP 	New trial (rep=0, index=1): OrderedDict([('sndfile', './stimuli_1/tmp/medium_100_1.wav'), ('tempo', 100), ('cond', 'medium'), ('delay', 1.797198505)])
39.6890 	EXP 	text_2: autoDraw = False
44.5707 	DATA 	Keypress: space
45.1922 	DATA 	Keypress: space
45.8365 	DATA 	Keypress: space
46.5038 	DATA 	Keypress: space
47.1537 	DATA 	Keypress: space
47.8370 	DATA 	Keypress: space
48.4541 	DATA 	Keypress: space
49.1042 	DATA 	Keypress: space
49.7426 	DATA 	Keypress: space
50.3543 	DATA 	Keypress: space
52.4520 	EXP 	text_2: autoDraw = True
55.1058 	DATA 	Keypress: space
55.1071 	EXP 	New trial (rep=0, index=2): OrderedDict([('sndfile', './stimuli_1/tmp/medium_110_1.wav'), ('tempo', 110), ('cond', 'medium'), ('delay', 1.222685394)])
55.1530 	EXP 	text_2: autoDraw = False
59.2555 	DATA 	Keypress: space
59.8550 	DATA 	Keypress: space
60.4390 	DATA 	Keypress: space
61.0386 	DATA 	Keypress: space
61.6224 	DATA 	Keypress: space
62.2061 	DATA 	Keypress: space
62.7231 	DATA 	Keypress: space
63.3063 	DATA 	Keypress: space
63.8622 	DATA 	Keypress: space
64.4891 	DATA 	Keypress: space
65.0562 	DATA 	Keypress: space
65.6397 	DATA 	Keypress: space
67.3380 	EXP 	text_2: autoDraw = True
68.3140 	DATA 	Keypress: space
68.3153 	EXP 	New trial (rep=0, index=3): OrderedDict([('sndfile', './stimuli_1/tmp/medium_110_1.wav'), ('tempo', 110), ('cond', 'medium'), ('delay', 0.970866786)])
68.3432 	EXP 	text_2: autoDraw = False
72.2576 	DATA 	Keypress: space
72.8413 	DATA 	Keypress: space
73.4074 	DATA 	Keypress: space
73.9910 	DATA 	Keypress: space
74.5578 	DATA 	Keypress: space
75.1585 	DATA 	Keypress: space
75.7417 	DATA 	Keypress: space
76.2909 	DATA 	Keypress: space
76.8583 	DATA 	Keypress: space
77.4648 	DATA 	Keypress: space
78.0083 	DATA 	Keypress: space
78.6083 	DATA 	Keypress: space
80.3068 	EXP 	text_2: autoDraw = True
80.8828 	DATA 	Keypress: space
80.8841 	EXP 	New trial (rep=0, index=4): OrderedDict([('sndfile', './stimuli_1/tmp/strong_90_1.wav'), ('tempo', 90), ('cond', 'strong'), ('delay', 1.013023596)])
80.9284 	EXP 	text_2: autoDraw = False
85.0595 	DATA 	Keypress: space
85.7426 	DATA 	Keypress: space
86.4096 	DATA 	Keypress: space
87.1263 	DATA 	Keypress: space
87.8268 	DATA 	Keypress: space
88.5159 	DATA 	Keypress: space
89.2431 	DATA 	Keypress: space
89.9436 	DATA 	Keypress: space
90.6443 	DATA 	Keypress: space
91.3819 	DATA 	Keypress: space
92.9086 	EXP 	text_2: autoDraw = True
93.3775 	DATA 	Keypress: space
93.3916 	EXP 	text_2: autoDraw = False
93.3916 	EXP 	text_5: autoDraw = True
100.0024 	DATA 	Keypress: space
100.0243 	EXP 	Imported condition_test_1.csv as conditions, 50 conditions, 4 params
100.0248 	EXP 	Created sequence: random, trialTypes=50, nReps=1, seed=None
100.0251 	EXP 	New trial (rep=0, index=0): OrderedDict([('sndfile', './stimuli_1/tmp/strong_105_1.wav'), ('tempo', 105), ('cond', 'strong'), ('delay', 1.8750845453371756)])
100.0655 	EXP 	text_5: autoDraw = False
104.5789 	DATA 	Keypress: space
105.1360 	DATA 	Keypress: space
105.7131 	DATA 	Keypress: space
106.2789 	DATA 	Keypress: space
106.8296 	DATA 	Keypress: space
107.3796 	DATA 	Keypress: space
107.8965 	DATA 	Keypress: space
108.4294 	DATA 	Keypress: space
109.0131 	DATA 	Keypress: space
109.5348 	DATA 	Keypress: space
110.0802 	DATA 	Keypress: space
110.6132 	DATA 	Keypress: space
111.1798 	DATA 	Keypress: space
112.9119 	EXP 	text_3: autoDraw = True
113.4807 	DATA 	Keypress: space
113.4822 	EXP 	New trial (rep=0, index=1): OrderedDict([('sndfile', './stimuli_1/tmp/perfect_110_0.wav'), ('tempo', 110), ('cond', 'perfect'), ('delay', 1.8837210676143408)])
113.5122 	EXP 	text_3: autoDraw = False
118.1481 	DATA 	Keypress: space
118.6883 	DATA 	Keypress: space
119.2654 	DATA 	Keypress: space
119.7983 	DATA 	Keypress: space
126.3808 	EXP 	text_3: autoDraw = True
127.7160 	DATA 	Keypress: space
127.7172 	EXP 	New trial (rep=0, index=2): OrderedDict([('sndfile', './stimuli_1/tmp/medium_100_1.wav'), ('tempo', 100), ('cond', 'medium'), ('delay', 0.9469441789171564)])
127.7301 	EXP 	text_3: autoDraw = False
131.8239 	DATA 	Keypress: space
132.4832 	DATA 	Keypress: space
133.0901 	DATA 	Keypress: space
133.7502 	DATA 	Keypress: space
134.3839 	DATA 	Keypress: space
135.0342 	DATA 	Keypress: space
135.6843 	DATA 	Keypress: space
136.3335 	DATA 	Keypress: space
136.9672 	DATA 	Keypress: space
137.6342 	DATA 	Keypress: space
139.6828 	EXP 	text_3: autoDraw = True
140.2180 	DATA 	Keypress: space
140.2336 	EXP 	New trial (rep=0, index=3): OrderedDict([('sndfile', './stimuli_1/tmp/perfect_105_1.wav'), ('tempo', 105), ('cond', 'perfect'), ('delay', 1.612711409659772)])
140.2664 	EXP 	text_3: autoDraw = False
144.3522 	DATA 	Keypress: space
144.8854 	DATA 	Keypress: space
145.4690 	DATA 	Keypress: space
146.0187 	DATA 	Keypress: space
146.5685 	DATA 	Keypress: space
152.8600 	EXP 	text_3: autoDraw = True
153.4699 	DATA 	Keypress: space
153.4711 	EXP 	New trial (rep=0, index=4): OrderedDict([('sndfile', './stimuli_1/tmp/strong_100_1.wav'), ('tempo', 100), ('cond', 'strong'), ('delay', 1.2298337616078612)])
153.5016 	EXP 	text_3: autoDraw = False
157.5366 	DATA 	Keypress: space
158.1536 	DATA 	Keypress: space
158.7540 	DATA 	Keypress: space
159.3923 	DATA 	Keypress: space
160.0374 	DATA 	Keypress: space
160.7380 	DATA 	Keypress: space
161.3598 	DATA 	Keypress: space
161.9713 	DATA 	Keypress: space
162.6544 	DATA 	Keypress: space
163.2876 	DATA 	Keypress: space
163.9412 	DATA 	Keypress: space
165.7199 	EXP 	text_3: autoDraw = True
166.3225 	DATA 	Keypress: space
166.3241 	EXP 	New trial (rep=0, index=5): OrderedDict([('sndfile', './stimuli_1/tmp/weak_95_1.wav'), ('tempo', 95), ('cond', 'weak'), ('delay', 1.9726481258285025)])
166.3537 	EXP 	text_3: autoDraw = False
171.3783 	DATA 	Keypress: space
172.0728 	DATA 	Keypress: space
172.7063 	DATA 	Keypress: space
173.3064 	DATA 	Keypress: space
173.9564 	DATA 	Keypress: space
174.6392 	DATA 	Keypress: space
175.2902 	DATA 	Keypress: space
175.9563 	DATA 	Keypress: space
176.6573 	DATA 	Keypress: space
177.3235 	DATA 	Keypress: space
179.3051 	EXP 	text_3: autoDraw = True
179.9332 	DATA 	Keypress: space
179.9345 	EXP 	New trial (rep=0, index=6): OrderedDict([('sndfile', './stimuli_1/tmp/vweak_105_2.wav'), ('tempo', 105), ('cond', 'veryweak'), ('delay', 1.1450150374808907)])
179.9771 	EXP 	text_3: autoDraw = False
184.3908 	DATA 	Keypress: space
184.9653 	DATA 	Keypress: space
185.6079 	DATA 	Keypress: space
186.2579 	DATA 	Keypress: space
186.8911 	DATA 	Keypress: space
187.5412 	DATA 	Keypress: space
188.1584 	DATA 	Keypress: space
188.7922 	DATA 	Keypress: space
189.4752 	DATA 	Keypress: space
190.0926 	DATA 	Keypress: space
192.0904 	EXP 	text_3: autoDraw = True
192.5093 	DATA 	Keypress: space
192.5105 	EXP 	New trial (rep=0, index=7): OrderedDict([('sndfile', './stimuli_1/tmp/perfect_95_0.wav'), ('tempo', 95), ('cond', 'perfect'), ('delay', 1.4400885785760469)])
192.5408 	EXP 	text_3: autoDraw = False
196.9930 	DATA 	Keypress: space
197.6099 	DATA 	Keypress: space
198.2099 	DATA 	Keypress: space
198.8432 	DATA 	Keypress: space
199.4595 	DATA 	Keypress: space
204.9590 	EXP 	text_3: autoDraw = True
205.5945 	DATA 	Keypress: space
205.5959 	EXP 	New trial (rep=0, index=8): OrderedDict([('sndfile', './stimuli_1/tmp/weak_110_2.wav'), ('tempo', 110), ('cond', 'weak'), ('delay', 1.1450489585925383)])
205.6266 	EXP 	text_3: autoDraw = False
208.9282 	DATA 	Keypress: space
209.4452 	DATA 	Keypress: space
209.9620 	DATA 	Keypress: space
210.4287 	DATA 	Keypress: space
210.9452 	DATA 	Keypress: space
211.4454 	DATA 	Keypress: space
211.9456 	DATA 	Keypress: space
212.4117 	DATA 	Keypress: space
212.9122 	DATA 	Keypress: space
213.3955 	DATA 	Keypress: space
213.8625 	DATA 	Keypress: space
214.3798 	DATA 	Keypress: space
214.8958 	DATA 	Keypress: space
215.4128 	DATA 	Keypress: space
215.9129 	DATA 	Keypress: space
217.7612 	EXP 	text_3: autoDraw = True
218.2349 	DATA 	Keypress: space
218.2364 	EXP 	New trial (rep=0, index=9): OrderedDict([('sndfile', './stimuli_1/tmp/vweak_95_1.wav'), ('tempo', 95), ('cond', 'veryweak'), ('delay', 2.279644213301781)])
218.2782 	EXP 	text_3: autoDraw = False
223.2977 	DATA 	Keypress: space
223.8635 	DATA 	Keypress: space
224.4474 	DATA 	Keypress: space
225.0469 	DATA 	Keypress: space
225.6533 	DATA 	Keypress: space
226.2643 	DATA 	Keypress: space
226.8815 	DATA 	Keypress: space
227.4979 	DATA 	Keypress: space
228.0647 	DATA 	Keypress: space
228.7051 	DATA 	Keypress: space
229.3148 	DATA 	Keypress: space
231.5297 	EXP 	text_3: autoDraw = True
231.9156 	DATA 	Keypress: space
231.9170 	EXP 	New trial (rep=0, index=10): OrderedDict([('sndfile', './stimuli_1/tmp/vweak_100_2.wav'), ('tempo', 100), ('cond', 'veryweak'), ('delay', 0.9843923106260049)])
231.9460 	EXP 	text_3: autoDraw = False
235.7710 	DATA 	Keypress: space
236.3163 	DATA 	Keypress: space
236.8991 	DATA 	Keypress: space
237.4990 	DATA 	Keypress: space
238.1328 	DATA 	Keypress: space
238.7831 	DATA 	Keypress: space
239.3660 	DATA 	Keypress: space
240.0667 	DATA 	Keypress: space
240.7168 	DATA 	Keypress: space
241.3224 	DATA 	Keypress: space
241.9503 	DATA 	Keypress: space
243.9150 	EXP 	text_3: autoDraw = True
244.4841 	DATA 	Keypress: space
244.4853 	EXP 	New trial (rep=0, index=11): OrderedDict([('sndfile', './stimuli_1/tmp/strong_105_2.wav'), ('tempo', 105), ('cond', 'strong'), ('delay', 0.9615404084728899)])
244.5162 	EXP 	text_3: autoDraw = False
248.7183 	DATA 	Keypress: space
249.3344 	DATA 	Keypress: space
249.9348 	DATA 	Keypress: space
250.5845 	DATA 	Keypress: space
251.1848 	DATA 	Keypress: space
251.8682 	DATA 	Keypress: space
252.5020 	DATA 	Keypress: space
253.1518 	DATA 	Keypress: space
253.8351 	DATA 	Keypress: space
254.4686 	DATA 	Keypress: space
256.4669 	EXP 	text_3: autoDraw = True
257.1027 	DATA 	Keypress: space
257.1044 	EXP 	New trial (rep=0, index=12): OrderedDict([('sndfile', './stimuli_1/tmp/perfect_105_0.wav'), ('tempo', 105), ('cond', 'perfect'), ('delay', 2.376167666662905)])
257.1333 	EXP 	text_3: autoDraw = False
261.9710 	DATA 	Keypress: space
262.5534 	DATA 	Keypress: space
263.1531 	DATA 	Keypress: space
263.7035 	DATA 	Keypress: space
264.3292 	DATA 	Keypress: space
270.4857 	EXP 	text_3: autoDraw = True
271.1045 	DATA 	Keypress: space
271.1058 	EXP 	New trial (rep=0, index=13): OrderedDict([('sndfile', './stimuli_1/tmp/perfect_90_1.wav'), ('tempo', 90), ('cond', 'perfect'), ('delay', 0.8790589196072783)])
271.1361 	EXP 	text_3: autoDraw = False
275.4057 	DATA 	Keypress: space
276.0722 	DATA 	Keypress: space
276.7050 	DATA 	Keypress: space
277.3388 	DATA 	Keypress: space
278.0051 	DATA 	Keypress: space
278.7057 	DATA 	Keypress: space
282.9952 	EXP 	text_3: autoDraw = True
283.7063 	DATA 	Keypress: space
283.7077 	EXP 	New trial (rep=0, index=14): OrderedDict([('sndfile', './stimuli_1/tmp/strong_95_2.wav'), ('tempo', 95), ('cond', 'strong'), ('delay', 1.1173507911145857)])
283.7380 	EXP 	text_3: autoDraw = False
288.1568 	DATA 	Keypress: space
288.7739 	DATA 	Keypress: space
289.3903 	DATA 	Keypress: space
290.0478 	DATA 	Keypress: space
290.7245 	DATA 	Keypress: space
291.3915 	DATA 	Keypress: space
292.0249 	DATA 	Keypress: space
292.6580 	DATA 	Keypress: space
293.2910 	DATA 	Keypress: space
293.9582 	DATA 	Keypress: space
295.8399 	EXP 	text_3: autoDraw = True
296.4750 	DATA 	Keypress: space
296.4763 	EXP 	New trial (rep=0, index=15): OrderedDict([('sndfile', './stimuli_1/tmp/weak_105_2.wav'), ('tempo', 105), ('cond', 'weak'), ('delay', 2.065051120273794)])
296.5069 	EXP 	text_3: autoDraw = False
301.0590 	DATA 	Keypress: space
301.6425 	DATA 	Keypress: space
302.1925 	DATA 	Keypress: space
302.8755 	DATA 	Keypress: space
303.7428 	DATA 	Keypress: space
304.3434 	DATA 	Keypress: space
304.9432 	DATA 	Keypress: space
305.4926 	DATA 	Keypress: space
306.0928 	DATA 	Keypress: space
306.6766 	DATA 	Keypress: space
307.2677 	DATA 	Keypress: space
307.9101 	DATA 	Keypress: space
309.5584 	EXP 	text_3: autoDraw = True
310.0333 	DATA 	Keypress: space
310.0346 	EXP 	New trial (rep=0, index=16): OrderedDict([('sndfile', './stimuli_1/tmp/medium_110_1.wav'), ('tempo', 110), ('cond', 'medium'), ('delay', 1.6223651347148935)])
310.0633 	EXP 	text_3: autoDraw = False
314.6782 	DATA 	Keypress: space
315.1942 	DATA 	Keypress: space
315.7617 	DATA 	Keypress: space
316.3451 	DATA 	Keypress: space
316.9285 	DATA 	Keypress: space
317.4946 	DATA 	Keypress: space
318.0783 	DATA 	Keypress: space
318.6288 	DATA 	Keypress: space
319.2287 	DATA 	Keypress: space
319.8120 	DATA 	Keypress: space
320.3450 	DATA 	Keypress: space
320.9629 	DATA 	Keypress: space
322.6678 	EXP 	text_3: autoDraw = True
323.0293 	DATA 	Keypress: space
323.0309 	EXP 	New trial (rep=0, index=17): OrderedDict([('sndfile', './stimuli_1/tmp/medium_90_2.wav'), ('tempo', 90), ('cond', 'medium'), ('delay', 2.1384331573709567)])
323.0607 	EXP 	text_3: autoDraw = False
328.3635 	DATA 	Keypress: space
328.9802 	DATA 	Keypress: space
329.6966 	DATA 	Keypress: space
330.3468 	DATA 	Keypress: space
331.0299 	DATA 	Keypress: space
331.6970 	DATA 	Keypress: space
332.3641 	DATA 	Keypress: space
333.0481 	DATA 	Keypress: space
333.7644 	DATA 	Keypress: space
334.4477 	DATA 	Keypress: space
336.1792 	EXP 	text_3: autoDraw = True
337.2644 	DATA 	Keypress: space
337.2657 	EXP 	New trial (rep=0, index=18): OrderedDict([('sndfile', './stimuli_1/tmp/weak_100_2.wav'), ('tempo', 100), ('cond', 'weak'), ('delay', 0.9744812486321696)])
337.2959 	EXP 	text_3: autoDraw = False
340.8180 	DATA 	Keypress: space
341.3819 	DATA 	Keypress: space
342.0156 	DATA 	Keypress: space
342.6317 	DATA 	Keypress: space
343.2560 	DATA 	Keypress: space
343.9161 	DATA 	Keypress: space
344.5491 	DATA 	Keypress: space
345.0828 	DATA 	Keypress: space
345.7156 	DATA 	Keypress: space
346.2992 	DATA 	Keypress: space
346.9486 	DATA 	Keypress: space
347.5992 	DATA 	Keypress: space
349.2477 	EXP 	text_3: autoDraw = True
349.6661 	DATA 	Keypress: space
349.6674 	EXP 	New trial (rep=0, index=19): OrderedDict([('sndfile', './stimuli_1/tmp/strong_110_2.wav'), ('tempo', 110), ('cond', 'strong'), ('delay', 1.9369911731854192)])
349.6982 	EXP 	text_3: autoDraw = False
354.5171 	DATA 	Keypress: space
355.0677 	DATA 	Keypress: space
355.6236 	DATA 	Keypress: space
356.2343 	DATA 	Keypress: space
356.8224 	DATA 	Keypress: space
357.4343 	DATA 	Keypress: space
357.9840 	DATA 	Keypress: space
358.5514 	DATA 	Keypress: space
359.1183 	DATA 	Keypress: space
359.7180 	DATA 	Keypress: space
360.2850 	DATA 	Keypress: space
360.9351 	DATA 	Keypress: space
362.6165 	EXP 	text_3: autoDraw = True
363.2182 	DATA 	Keypress: space
363.2195 	EXP 	New trial (rep=0, index=20): OrderedDict([('sndfile', './stimuli_1/tmp/perfect_110_1.wav'), ('tempo', 110), ('cond', 'perfect'), ('delay', 1.7704271467992068)])
363.2495 	EXP 	text_3: autoDraw = False
367.8027 	DATA 	Keypress: space
368.3026 	DATA 	Keypress: space
368.8768 	DATA 	Keypress: space
369.4197 	DATA 	Keypress: space
376.0021 	EXP 	text_3: autoDraw = True
376.7226 	DATA 	Keypress: space
376.7368 	EXP 	New trial (rep=0, index=21): OrderedDict([('sndfile', './stimuli_1/tmp/weak_90_1.wav'), ('tempo', 90), ('cond', 'weak'), ('delay', 1.282481392037714)])
376.7690 	EXP 	text_3: autoDraw = False
381.1224 	DATA 	Keypress: space
381.6892 	DATA 	Keypress: space
382.2882 	DATA 	Keypress: space
382.9382 	DATA 	Keypress: space
383.5607 	DATA 	Keypress: space
384.0544 	DATA 	Keypress: space
384.6387 	DATA 	Keypress: space
385.1889 	DATA 	Keypress: space
385.7885 	DATA 	Keypress: space
386.4220 	DATA 	Keypress: space
387.0104 	DATA 	Keypress: space
387.6392 	DATA 	Keypress: space
389.0371 	EXP 	text_3: autoDraw = True
389.4226 	DATA 	Keypress: space
389.4239 	EXP 	New trial (rep=0, index=22): OrderedDict([('sndfile', './stimuli_1/tmp/perfect_90_0.wav'), ('tempo', 90), ('cond', 'perfect'), ('delay', 1.6568604876231643)])
389.4543 	EXP 	text_3: autoDraw = False
394.5076 	DATA 	Keypress: space
395.1402 	DATA 	Keypress: space
395.7912 	DATA 	Keypress: space
396.4903 	DATA 	Keypress: space
397.1066 	DATA 	Keypress: space
397.7401 	DATA 	Keypress: space
402.0890 	EXP 	text_3: autoDraw = True
402.7912 	DATA 	Keypress: space
402.7925 	EXP 	New trial (rep=0, index=23): OrderedDict([('sndfile', './stimuli_1/tmp/vweak_90_2.wav'), ('tempo', 90), ('cond', 'veryweak'), ('delay', 1.0044987578235975)])
402.8230 	EXP 	text_3: autoDraw = False
406.8083 	DATA 	Keypress: space
407.3755 	DATA 	Keypress: space
407.9914 	DATA 	Keypress: space
408.6921 	DATA 	Keypress: space
409.2847 	DATA 	Keypress: space
409.8923 	DATA 	Keypress: space
410.4753 	DATA 	Keypress: space
411.0926 	DATA 	Keypress: space
411.6095 	DATA 	Keypress: space
412.0761 	DATA 	Keypress: space
412.5809 	DATA 	Keypress: space
413.1770 	DATA 	Keypress: space
414.8074 	EXP 	text_3: autoDraw = True
415.2101 	DATA 	Keypress: space
415.2115 	EXP 	New trial (rep=0, index=24): OrderedDict([('sndfile', './stimuli_1/tmp/perfect_100_0.wav'), ('tempo', 100), ('cond', 'perfect'), ('delay', 2.1771183722066985)])
415.2414 	EXP 	text_3: autoDraw = False
420.1623 	DATA 	Keypress: space
420.7275 	DATA 	Keypress: space
421.3275 	DATA 	Keypress: space
421.9280 	DATA 	Keypress: space
422.5104 	DATA 	Keypress: space
423.1343 	DATA 	Keypress: space
428.3931 	EXP 	text_3: autoDraw = True
428.8787 	DATA 	Keypress: space
428.8800 	EXP 	New trial (rep=0, index=25): OrderedDict([('sndfile', './stimuli_1/tmp/vweak_110_2.wav'), ('tempo', 110), ('cond', 'veryweak'), ('delay', 1.2375564653250335)])
428.9102 	EXP 	text_3: autoDraw = False
432.8799 	DATA 	Keypress: space
433.3668 	DATA 	Keypress: space
433.9126 	DATA 	Keypress: space
434.4123 	DATA 	Keypress: space
434.9790 	DATA 	Keypress: space
435.5798 	DATA 	Keypress: space
436.1633 	DATA 	Keypress: space
436.8628 	DATA 	Keypress: space
437.5298 	DATA 	Keypress: space
438.1461 	DATA 	Keypress: space
438.6634 	DATA 	Keypress: space
439.2138 	DATA 	Keypress: space
441.1285 	EXP 	text_3: autoDraw = True
441.5477 	DATA 	Keypress: space
441.5490 	EXP 	New trial (rep=0, index=26): OrderedDict([('sndfile', './stimuli_1/tmp/perfect_95_1.wav'), ('tempo', 95), ('cond', 'perfect'), ('delay', 0.8659592093324232)])
441.5959 	EXP 	text_3: autoDraw = False
445.4643 	DATA 	Keypress: space
446.0479 	DATA 	Keypress: space
446.6811 	DATA 	Keypress: space
447.3474 	DATA 	Keypress: space
447.9311 	DATA 	Keypress: space
453.4231 	EXP 	text_3: autoDraw = True
453.9324 	DATA 	Keypress: space
453.9338 	EXP 	New trial (rep=0, index=27): OrderedDict([('sndfile', './stimuli_1/tmp/vweak_105_1.wav'), ('tempo', 105), ('cond', 'veryweak'), ('delay', 2.000868469173824)])
453.9464 	EXP 	text_3: autoDraw = False
459.0499 	DATA 	Keypress: space
459.6327 	DATA 	Keypress: space
460.1832 	DATA 	Keypress: space
460.7834 	DATA 	Keypress: space
461.3884 	DATA 	Keypress: space
461.9501 	DATA 	Keypress: space
462.5093 	DATA 	Keypress: space
463.1173 	DATA 	Keypress: space
463.7173 	DATA 	Keypress: space
464.3003 	DATA 	Keypress: space
464.9179 	DATA 	Keypress: space
466.9490 	EXP 	text_3: autoDraw = True
467.8016 	DATA 	Keypress: space
467.8028 	EXP 	New trial (rep=0, index=28): OrderedDict([('sndfile', './stimuli_1/tmp/weak_100_1.wav'), ('tempo', 100), ('cond', 'weak'), ('delay', 0.9200911357943652)])
467.8320 	EXP 	text_3: autoDraw = False
471.7193 	DATA 	Keypress: space
472.3181 	DATA 	Keypress: space
472.8686 	DATA 	Keypress: space
473.4850 	DATA 	Keypress: space
474.0740 	DATA 	Keypress: space
474.6518 	DATA 	Keypress: space
475.2690 	DATA 	Keypress: space
475.8691 	DATA 	Keypress: space
476.5194 	DATA 	Keypress: space
477.1526 	DATA 	Keypress: space
477.7858 	DATA 	Keypress: space
479.7346 	EXP 	text_3: autoDraw = True
480.6038 	DATA 	Keypress: space
480.6051 	EXP 	New trial (rep=0, index=29): OrderedDict([('sndfile', './stimuli_1/tmp/vweak_100_1.wav'), ('tempo', 100), ('cond', 'veryweak'), ('delay', 1.441965324529146)])
480.6342 	EXP 	text_3: autoDraw = False
489.2047 	DATA 	Keypress: space
489.6879 	DATA 	Keypress: space
490.4049 	DATA 	Keypress: space
491.0099 	DATA 	Keypress: space
491.5546 	DATA 	Keypress: space
493.0594 	EXP 	text_3: autoDraw = True
493.4212 	DATA 	Keypress: space
493.4224 	EXP 	New trial (rep=0, index=30): OrderedDict([('sndfile', './stimuli_1/tmp/medium_110_2.wav'), ('tempo', 110), ('cond', 'medium'), ('delay', 1.962096670593472)])
493.4526 	EXP 	text_3: autoDraw = False
497.9392 	DATA 	Keypress: space
498.5385 	DATA 	Keypress: space
499.1221 	DATA 	Keypress: space
499.5958 	DATA 	Keypress: space
500.1562 	DATA 	Keypress: space
500.7397 	DATA 	Keypress: space
501.2732 	DATA 	Keypress: space
501.9067 	DATA 	Keypress: space
502.5063 	DATA 	Keypress: space
503.0951 	DATA 	Keypress: space
503.6904 	DATA 	Keypress: space
504.3732 	DATA 	Keypress: space
506.4051 	EXP 	text_3: autoDraw = True
506.9405 	DATA 	Keypress: space
506.9419 	EXP 	New trial (rep=0, index=31): OrderedDict([('sndfile', './stimuli_1/tmp/weak_95_2.wav'), ('tempo', 95), ('cond', 'weak'), ('delay', 1.3391653351857111)])
506.9739 	EXP 	text_3: autoDraw = False
511.1239 	DATA 	Keypress: space
511.7489 	DATA 	Keypress: space
512.4747 	DATA 	Keypress: space
513.1912 	DATA 	Keypress: space
513.8914 	DATA 	Keypress: space
514.5751 	DATA 	Keypress: space
515.2757 	DATA 	Keypress: space
516.0591 	DATA 	Keypress: space
516.7422 	DATA 	Keypress: space
517.4255 	DATA 	Keypress: space
519.2902 	EXP 	text_3: autoDraw = True
519.6756 	DATA 	Keypress: space
519.6769 	EXP 	New trial (rep=0, index=32): OrderedDict([('sndfile', './stimuli_1/tmp/medium_105_2.wav'), ('tempo', 105), ('cond', 'medium'), ('delay', 0.8825097572066065)])
519.7067 	EXP 	text_3: autoDraw = False
523.6671 	DATA 	Keypress: space
524.1599 	DATA 	Keypress: space
524.6997 	DATA 	Keypress: space
525.2435 	DATA 	Keypress: space
525.7933 	DATA 	Keypress: space
526.3599 	DATA 	Keypress: space
526.9434 	DATA 	Keypress: space
527.5933 	DATA 	Keypress: space
528.3937 	DATA 	Keypress: space
529.0437 	DATA 	Keypress: space
529.7275 	DATA 	Keypress: space
531.5755 	EXP 	text_3: autoDraw = True
531.9938 	DATA 	Keypress: space
531.9950 	EXP 	New trial (rep=0, index=33): OrderedDict([('sndfile', './stimuli_1/tmp/medium_100_2.wav'), ('tempo', 100), ('cond', 'medium'), ('delay', 1.5709881706161974)])
532.0256 	EXP 	text_3: autoDraw = False
536.1782 	DATA 	Keypress: space
536.7287 	DATA 	Keypress: space
537.3207 	DATA 	Keypress: space
537.9281 	DATA 	Keypress: space
538.6619 	DATA 	Keypress: space
539.4286 	DATA 	Keypress: space
540.0633 	DATA 	Keypress: space
540.6456 	DATA 	Keypress: space
541.3963 	DATA 	Keypress: space
542.1791 	DATA 	Keypress: space
542.7296 	DATA 	Keypress: space
544.5778 	EXP 	text_3: autoDraw = True
545.0130 	DATA 	Keypress: space
545.0142 	EXP 	New trial (rep=0, index=34): OrderedDict([('sndfile', './stimuli_1/tmp/weak_110_1.wav'), ('tempo', 110), ('cond', 'weak'), ('delay', 2.302762081100819)])
545.0438 	EXP 	text_3: autoDraw = False
550.3306 	DATA 	Keypress: space
550.8354 	DATA 	Keypress: space
551.4479 	DATA 	Keypress: space
552.0233 	DATA 	Keypress: space
552.5973 	DATA 	Keypress: space
553.2142 	DATA 	Keypress: space
553.7642 	DATA 	Keypress: space
554.2981 	DATA 	Keypress: space
554.8528 	DATA 	Keypress: space
555.4805 	DATA 	Keypress: space
556.1140 	DATA 	Keypress: space
556.6812 	DATA 	Keypress: space
558.3299 	EXP 	text_3: autoDraw = True
558.7646 	DATA 	Keypress: space
558.7657 	EXP 	New trial (rep=0, index=35): OrderedDict([('sndfile', './stimuli_1/tmp/medium_105_1.wav'), ('tempo', 105), ('cond', 'medium'), ('delay', 1.6663985327680324)])
558.7964 	EXP 	text_3: autoDraw = False
562.8992 	DATA 	Keypress: space
563.4488 	DATA 	Keypress: space
563.9829 	DATA 	Keypress: space
564.5250 	DATA 	Keypress: space
565.1156 	DATA 	Keypress: space
565.6997 	DATA 	Keypress: space
566.2663 	DATA 	Keypress: space
566.8327 	DATA 	Keypress: space
567.3830 	DATA 	Keypress: space
568.0231 	DATA 	Keypress: space
568.5665 	DATA 	Keypress: space
569.1332 	DATA 	Keypress: space
569.7000 	DATA 	Keypress: space
571.4482 	EXP 	text_3: autoDraw = True
572.0501 	DATA 	Keypress: space
572.0514 	EXP 	New trial (rep=0, index=36): OrderedDict([('sndfile', './stimuli_1/tmp/strong_90_2.wav'), ('tempo', 90), ('cond', 'strong'), ('delay', 1.29545815814535)])
572.0817 	EXP 	text_3: autoDraw = False
576.2511 	DATA 	Keypress: space
576.8844 	DATA 	Keypress: space
577.5511 	DATA 	Keypress: space
578.2013 	DATA 	Keypress: space
578.8347 	DATA 	Keypress: space
579.5076 	DATA 	Keypress: space
580.1187 	DATA 	Keypress: space
580.7680 	DATA 	Keypress: space
581.4514 	DATA 	Keypress: space
582.0761 	DATA 	Keypress: space
582.6852 	DATA 	Keypress: space
584.3668 	EXP 	text_3: autoDraw = True
584.8362 	DATA 	Keypress: space
584.8513 	EXP 	New trial (rep=0, index=37): OrderedDict([('sndfile', './stimuli_1/tmp/weak_105_1.wav'), ('tempo', 105), ('cond', 'weak'), ('delay', 2.3476680969619683)])
584.8845 	EXP 	text_3: autoDraw = False
590.5366 	DATA 	Keypress: space
591.1250 	DATA 	Keypress: space
591.8365 	DATA 	Keypress: space
592.4204 	DATA 	Keypress: space
593.1537 	DATA 	Keypress: space
593.8214 	DATA 	Keypress: space
594.4042 	DATA 	Keypress: space
595.1263 	DATA 	Keypress: space
595.8541 	DATA 	Keypress: space
596.4869 	DATA 	Keypress: space
598.2113 	EXP 	text_3: autoDraw = True
598.6884 	DATA 	Keypress: space
598.6898 	EXP 	New trial (rep=0, index=38): OrderedDict([('sndfile', './stimuli_1/tmp/vweak_95_2.wav'), ('tempo', 95), ('cond', 'veryweak'), ('delay', 1.1399322262275913)])
598.7184 	EXP 	text_3: autoDraw = False
603.0549 	DATA 	Keypress: space
603.6791 	DATA 	Keypress: space
604.2548 	DATA 	Keypress: space
604.8551 	DATA 	Keypress: space
605.4552 	DATA 	Keypress: space
606.0716 	DATA 	Keypress: space
606.6721 	DATA 	Keypress: space
607.3557 	DATA 	Keypress: space
607.9221 	DATA 	Keypress: space
608.5557 	DATA 	Keypress: space
609.1889 	DATA 	Keypress: space
610.8376 	EXP 	text_3: autoDraw = True
611.2066 	DATA 	Keypress: space
611.2080 	EXP 	New trial (rep=0, index=39): OrderedDict([('sndfile', './stimuli_1/tmp/strong_90_1.wav'), ('tempo', 90), ('cond', 'strong'), ('delay', 1.0878185010355936)])
611.2209 	EXP 	text_3: autoDraw = False
615.4904 	DATA 	Keypress: space
616.1400 	DATA 	Keypress: space
616.8742 	DATA 	Keypress: space
617.5234 	DATA 	Keypress: space
618.1739 	DATA 	Keypress: space
618.9075 	DATA 	Keypress: space
619.6577 	DATA 	Keypress: space
620.3577 	DATA 	Keypress: space
621.0244 	DATA 	Keypress: space
621.7746 	DATA 	Keypress: space
623.3141 	EXP 	text_3: autoDraw = True
624.7757 	DATA 	Keypress: space
624.7776 	EXP 	New trial (rep=0, index=40): OrderedDict([('sndfile', './stimuli_1/tmp/strong_110_1.wav'), ('tempo', 110), ('cond', 'strong'), ('delay', 2.342405954917332)])
624.8062 	EXP 	text_3: autoDraw = False
630.0430 	DATA 	Keypress: space
630.5422 	DATA 	Keypress: space
631.0596 	DATA 	Keypress: space
631.6922 	DATA 	Keypress: space
632.3171 	DATA 	Keypress: space
632.8592 	DATA 	Keypress: space
633.4443 	DATA 	Keypress: space
634.0594 	DATA 	Keypress: space
634.6261 	DATA 	Keypress: space
635.1602 	DATA 	Keypress: space
635.7485 	DATA 	Keypress: space
636.3434 	DATA 	Keypress: space
638.1253 	EXP 	text_3: autoDraw = True
640.1941 	DATA 	Keypress: space
640.1956 	EXP 	New trial (rep=0, index=41): OrderedDict([('sndfile', './stimuli_1/tmp/medium_90_1.wav'), ('tempo', 90), ('cond', 'medium'), ('delay', 1.3827594725962091)])
640.2251 	EXP 	text_3: autoDraw = False
645.1143 	DATA 	Keypress: space
645.7615 	DATA 	Keypress: space
646.4450 	DATA 	Keypress: space
647.1786 	DATA 	Keypress: space
647.8503 	DATA 	Keypress: space
648.5614 	DATA 	Keypress: space
649.2782 	DATA 	Keypress: space
649.9454 	DATA 	Keypress: space
650.6624 	DATA 	Keypress: space
652.6005 	EXP 	text_3: autoDraw = True
653.0960 	DATA 	Keypress: space
653.0972 	EXP 	New trial (rep=0, index=42): OrderedDict([('sndfile', './stimuli_1/tmp/weak_90_2.wav'), ('tempo', 90), ('cond', 'weak'), ('delay', 2.0384375203910188)])
653.1280 	EXP 	text_3: autoDraw = False
658.2804 	DATA 	Keypress: space
658.8801 	DATA 	Keypress: space
659.5019 	DATA 	Keypress: space
660.1642 	DATA 	Keypress: space
660.8640 	DATA 	Keypress: space
661.4856 	DATA 	Keypress: space
662.1304 	DATA 	Keypress: space
662.7812 	DATA 	Keypress: space
663.3975 	DATA 	Keypress: space
664.0473 	DATA 	Keypress: space
664.7308 	DATA 	Keypress: space
666.1460 	EXP 	text_3: autoDraw = True
666.9318 	DATA 	Keypress: space
666.9331 	EXP 	New trial (rep=0, index=43): OrderedDict([('sndfile', './stimuli_1/tmp/medium_95_1.wav'), ('tempo', 95), ('cond', 'medium'), ('delay', 1.3706215803300168)])
666.9630 	EXP 	text_3: autoDraw = False
671.3822 	DATA 	Keypress: space
671.9177 	DATA 	Keypress: space
672.5993 	DATA 	Keypress: space
673.2822 	DATA 	Keypress: space
673.9657 	DATA 	Keypress: space
674.6327 	DATA 	Keypress: space
675.3165 	DATA 	Keypress: space
675.9827 	DATA 	Keypress: space
676.6424 	DATA 	Keypress: space
677.3158 	DATA 	Keypress: space
679.3145 	EXP 	text_3: autoDraw = True
679.9896 	DATA 	Keypress: space
679.9910 	EXP 	New trial (rep=0, index=44): OrderedDict([('sndfile', './stimuli_1/tmp/medium_95_2.wav'), ('tempo', 95), ('cond', 'medium'), ('delay', 2.475357682924177)])
680.0363 	EXP 	text_3: autoDraw = False
685.9840 	DATA 	Keypress: space
686.6517 	DATA 	Keypress: space
687.3180 	DATA 	Keypress: space
687.9845 	DATA 	Keypress: space
688.7041 	DATA 	Keypress: space
689.4348 	DATA 	Keypress: space
690.1187 	DATA 	Keypress: space
690.8011 	DATA 	Keypress: space
691.4688 	DATA 	Keypress: space
693.4835 	EXP 	text_3: autoDraw = True
693.9192 	DATA 	Keypress: space
693.9204 	EXP 	New trial (rep=0, index=45): OrderedDict([('sndfile', './stimuli_1/tmp/strong_95_1.wav'), ('tempo', 95), ('cond', 'strong'), ('delay', 1.2238592690797745)])
693.9502 	EXP 	text_3: autoDraw = False
698.3030 	DATA 	Keypress: space
698.9022 	DATA 	Keypress: space
699.4693 	DATA 	Keypress: space
700.0365 	DATA 	Keypress: space
700.6532 	DATA 	Keypress: space
701.2375 	DATA 	Keypress: space
701.8703 	DATA 	Keypress: space
702.4864 	DATA 	Keypress: space
703.0918 	DATA 	Keypress: space
703.6710 	DATA 	Keypress: space
704.2708 	DATA 	Keypress: space
706.1594 	EXP 	text_3: autoDraw = True
706.8716 	DATA 	Keypress: space
706.8730 	EXP 	New trial (rep=0, index=46): OrderedDict([('sndfile', './stimuli_1/tmp/vweak_110_1.wav'), ('tempo', 110), ('cond', 'veryweak'), ('delay', 1.3407186132175697)])
706.9034 	EXP 	text_3: autoDraw = False
712.5054 	DATA 	Keypress: space
713.1718 	DATA 	Keypress: space
713.8048 	DATA 	Keypress: space
714.3296 	DATA 	Keypress: space
714.8388 	DATA 	Keypress: space
715.3383 	DATA 	Keypress: space
715.9884 	DATA 	Keypress: space
716.5718 	DATA 	Keypress: space
717.1222 	DATA 	Keypress: space
717.6772 	DATA 	Keypress: space
719.2273 	EXP 	text_3: autoDraw = True
719.5892 	DATA 	Keypress: space
719.5905 	EXP 	New trial (rep=0, index=47): OrderedDict([('sndfile', './stimuli_1/tmp/vweak_90_1.wav'), ('tempo', 90), ('cond', 'veryweak'), ('delay', 0.8362780865168179)])
719.6210 	EXP 	text_3: autoDraw = False
724.0065 	DATA 	Keypress: space
724.7740 	DATA 	Keypress: space
725.4906 	DATA 	Keypress: space
726.1411 	DATA 	Keypress: space
726.8905 	DATA 	Keypress: space
727.6073 	DATA 	Keypress: space
728.3241 	DATA 	Keypress: space
729.0576 	DATA 	Keypress: space
729.7743 	DATA 	Keypress: space
731.4415 	EXP 	text_3: autoDraw = True
731.8908 	DATA 	Keypress: space
731.8920 	EXP 	New trial (rep=0, index=48): OrderedDict([('sndfile', './stimuli_1/tmp/perfect_100_1.wav'), ('tempo', 100), ('cond', 'perfect'), ('delay', 2.462429502310373)])
731.9229 	EXP 	text_3: autoDraw = False
737.0933 	DATA 	Keypress: space
737.6761 	DATA 	Keypress: space
738.2760 	DATA 	Keypress: space
738.8933 	DATA 	Keypress: space
739.5259 	DATA 	Keypress: space
745.3744 	EXP 	text_3: autoDraw = True
745.9456 	DATA 	Keypress: space
745.9593 	EXP 	New trial (rep=0, index=49): OrderedDict([('sndfile', './stimuli_1/tmp/strong_100_2.wav'), ('tempo', 100), ('cond', 'strong'), ('delay', 1.5994648074282498)])
745.9913 	EXP 	text_3: autoDraw = False
750.7113 	DATA 	Keypress: space
751.2947 	DATA 	Keypress: space
751.9108 	DATA 	Keypress: space
752.5440 	DATA 	Keypress: space
753.1277 	DATA 	Keypress: space
753.6776 	DATA 	Keypress: space
754.2947 	DATA 	Keypress: space
754.9020 	DATA 	Keypress: space
755.5611 	DATA 	Keypress: space
756.1453 	DATA 	Keypress: space
756.7619 	DATA 	Keypress: space
758.5698 	EXP 	text_3: autoDraw = True
759.0799 	DATA 	Keypress: space
759.0938 	EXP 	text_3: autoDraw = False
759.0938 	EXP 	text_6: autoDraw = True
801.2017 	DATA 	Keypress: space
801.2086 	EXP 	Imported condition_test_2.csv as conditions, 50 conditions, 4 params
801.2091 	EXP 	Created sequence: random, trialTypes=50, nReps=1, seed=None
801.2095 	EXP 	New trial (rep=0, index=0): OrderedDict([('sndfile', './stimuli_2/tmp/medium_90_4.wav'), ('tempo', 90), ('cond', 'medium'), ('delay', 1.4187547606829107)])
801.2497 	EXP 	text_6: autoDraw = False
805.8871 	DATA 	Keypress: space
806.4856 	DATA 	Keypress: space
807.0872 	DATA 	Keypress: space
807.7248 	DATA 	Keypress: space
808.3030 	DATA 	Keypress: space
808.9360 	DATA 	Keypress: space
809.5866 	DATA 	Keypress: space
810.2197 	DATA 	Keypress: space
810.9208 	DATA 	Keypress: space
811.5201 	DATA 	Keypress: space
813.6353 	EXP 	text_4: autoDraw = True
814.1921 	DATA 	Keypress: space
814.1934 	EXP 	New trial (rep=0, index=1): OrderedDict([('sndfile', './stimuli_2/tmp/perfect_95_1.wav'), ('tempo', 95), ('cond', 'perfect'), ('delay', 1.6931350678865988)])
814.2402 	EXP 	text_4: autoDraw = False
818.9551 	DATA 	Keypress: space
819.5211 	DATA 	Keypress: space
820.1049 	DATA 	Keypress: space
820.7210 	DATA 	Keypress: space
821.3599 	DATA 	Keypress: space
826.9086 	EXP 	text_4: autoDraw = True
827.4233 	DATA 	Keypress: space
827.4246 	EXP 	New trial (rep=0, index=2): OrderedDict([('sndfile', './stimuli_2/tmp/perfect_95_0.wav'), ('tempo', 95), ('cond', 'perfect'), ('delay', 2.0105466277142785)])
827.4537 	EXP 	text_4: autoDraw = False
832.4899 	DATA 	Keypress: space
833.0900 	DATA 	Keypress: space
833.6904 	DATA 	Keypress: space
834.3064 	DATA 	Keypress: space
834.9474 	DATA 	Keypress: space
840.4470 	EXP 	text_4: autoDraw = True
840.9747 	DATA 	Keypress: space
840.9761 	EXP 	New trial (rep=0, index=3): OrderedDict([('sndfile', './stimuli_2/tmp/vweak_110_4.wav'), ('tempo', 110), ('cond', 'veryweak'), ('delay', 1.4056094097142195)])
841.0059 	EXP 	text_4: autoDraw = False
845.2423 	DATA 	Keypress: space
845.7915 	DATA 	Keypress: space
846.3426 	DATA 	Keypress: space
846.8651 	DATA 	Keypress: space
847.3584 	DATA 	Keypress: space
847.9138 	DATA 	Keypress: space
848.4926 	DATA 	Keypress: space
849.0428 	DATA 	Keypress: space
849.5933 	DATA 	Keypress: space
850.1320 	DATA 	Keypress: space
850.6591 	DATA 	Keypress: space
851.2262 	DATA 	Keypress: space
851.7765 	DATA 	Keypress: space
853.3957 	EXP 	text_4: autoDraw = True
853.7260 	DATA 	Keypress: space
853.7273 	EXP 	New trial (rep=0, index=4): OrderedDict([('sndfile', './stimuli_2/tmp/perfect_110_0.wav'), ('tempo', 110), ('cond', 'perfect'), ('delay', 1.6760608294086363)])
853.7582 	EXP 	text_4: autoDraw = False
858.2109 	DATA 	Keypress: space
858.7102 	DATA 	Keypress: space
859.2440 	DATA 	Keypress: space
859.8275 	DATA 	Keypress: space
866.4093 	EXP 	text_4: autoDraw = True
866.7953 	DATA 	Keypress: space
866.7966 	EXP 	New trial (rep=0, index=5): OrderedDict([('sndfile', './stimuli_2/tmp/weak_95_3.wav'), ('tempo', 95), ('cond', 'weak'), ('delay', 1.2112449492962023)])
866.8260 	EXP 	text_4: autoDraw = False
871.5011 	DATA 	Keypress: space
872.1465 	DATA 	Keypress: space
872.7965 	DATA 	Keypress: space
873.4460 	DATA 	Keypress: space
874.1690 	DATA 	Keypress: space
874.8297 	DATA 	Keypress: space
875.5136 	DATA 	Keypress: space
876.2294 	DATA 	Keypress: space
876.9638 	DATA 	Keypress: space
879.0283 	EXP 	text_4: autoDraw = True
879.6868 	DATA 	Keypress: space
879.6881 	EXP 	New trial (rep=0, index=6): OrderedDict([('sndfile', './stimuli_2/tmp/vweak_95_4.wav'), ('tempo', 95), ('cond', 'veryweak'), ('delay', 1.2922043074511544)])
879.7281 	EXP 	text_4: autoDraw = False
884.0481 	DATA 	Keypress: space
884.5692 	DATA 	Keypress: space
885.1495 	DATA 	Keypress: space
885.7488 	DATA 	Keypress: space
886.4149 	DATA 	Keypress: space
886.9977 	DATA 	Keypress: space
887.5981 	DATA 	Keypress: space
888.1812 	DATA 	Keypress: space
888.8146 	DATA 	Keypress: space
889.4649 	DATA 	Keypress: space
890.0656 	DATA 	Keypress: space
891.9965 	EXP 	text_4: autoDraw = True
892.4988 	DATA 	Keypress: space
892.5003 	EXP 	New trial (rep=0, index=7): OrderedDict([('sndfile', './stimuli_2/tmp/perfect_110_1.wav'), ('tempo', 110), ('cond', 'perfect'), ('delay', 1.960810456770172)])
892.5311 	EXP 	text_4: autoDraw = False
897.2411 	DATA 	Keypress: space
897.7826 	DATA 	Keypress: space
898.3067 	DATA 	Keypress: space
898.8835 	DATA 	Keypress: space
905.4823 	EXP 	text_4: autoDraw = True
905.8680 	DATA 	Keypress: space
905.8693 	EXP 	New trial (rep=0, index=8): OrderedDict([('sndfile', './stimuli_2/tmp/vweak_90_3.wav'), ('tempo', 90), ('cond', 'veryweak'), ('delay', 0.8098621072043313)])
905.8988 	EXP 	text_4: autoDraw = False
909.3020 	DATA 	Keypress: space
909.8582 	DATA 	Keypress: space
910.4521 	DATA 	Keypress: space
911.1017 	DATA 	Keypress: space
911.7427 	DATA 	Keypress: space
912.3356 	DATA 	Keypress: space
912.9195 	DATA 	Keypress: space
913.3901 	DATA 	Keypress: space
913.8860 	DATA 	Keypress: space
914.4855 	DATA 	Keypress: space
915.0862 	DATA 	Keypress: space
915.6691 	DATA 	Keypress: space
917.6838 	EXP 	text_4: autoDraw = True
918.2251 	DATA 	Keypress: space
918.2265 	EXP 	New trial (rep=0, index=9): OrderedDict([('sndfile', './stimuli_2/tmp/medium_95_4.wav'), ('tempo', 95), ('cond', 'medium'), ('delay', 1.5689377747074644)])
918.2723 	EXP 	text_4: autoDraw = False
922.9874 	DATA 	Keypress: space
923.5703 	DATA 	Keypress: space
924.2542 	DATA 	Keypress: space
924.9797 	DATA 	Keypress: space
925.6392 	DATA 	Keypress: space
926.2761 	DATA 	Keypress: space
926.9378 	DATA 	Keypress: space
927.6214 	DATA 	Keypress: space
928.3597 	DATA 	Keypress: space
929.0718 	DATA 	Keypress: space
930.8029 	EXP 	text_4: autoDraw = True
932.3464 	DATA 	Keypress: space
932.3479 	EXP 	New trial (rep=0, index=10): OrderedDict([('sndfile', './stimuli_2/tmp/weak_100_4.wav'), ('tempo', 100), ('cond', 'weak'), ('delay', 1.8643156091783653)])
932.3913 	EXP 	text_4: autoDraw = False
937.1391 	DATA 	Keypress: space
937.7725 	DATA 	Keypress: space
938.4226 	DATA 	Keypress: space
939.0139 	DATA 	Keypress: space
939.6064 	DATA 	Keypress: space
940.2731 	DATA 	Keypress: space
940.9398 	DATA 	Keypress: space
941.5227 	DATA 	Keypress: space
942.1577 	DATA 	Keypress: space
942.7903 	DATA 	Keypress: space
943.4118 	DATA 	Keypress: space
945.2219 	EXP 	text_4: autoDraw = True
945.7903 	DATA 	Keypress: space
945.7915 	EXP 	New trial (rep=0, index=11): OrderedDict([('sndfile', './stimuli_2/tmp/medium_100_4.wav'), ('tempo', 100), ('cond', 'medium'), ('delay', 1.1108721091211078)])
945.8220 	EXP 	text_4: autoDraw = False
949.7411 	DATA 	Keypress: space
950.3408 	DATA 	Keypress: space
950.9800 	DATA 	Keypress: space
951.6412 	DATA 	Keypress: space
952.2750 	DATA 	Keypress: space
952.8920 	DATA 	Keypress: space
953.5249 	DATA 	Keypress: space
954.1912 	DATA 	Keypress: space
954.8755 	DATA 	Keypress: space
955.4921 	DATA 	Keypress: space
956.1128 	DATA 	Keypress: space
957.9073 	EXP 	text_4: autoDraw = True
958.3257 	DATA 	Keypress: space
958.3269 	EXP 	New trial (rep=0, index=12): OrderedDict([('sndfile', './stimuli_2/tmp/medium_105_3.wav'), ('tempo', 105), ('cond', 'medium'), ('delay', 0.9417007635762324)])
958.3567 	EXP 	text_4: autoDraw = False
961.6772 	DATA 	Keypress: space
962.2429 	DATA 	Keypress: space
962.7933 	DATA 	Keypress: space
963.3260 	DATA 	Keypress: space
963.9433 	DATA 	Keypress: space
964.5170 	DATA 	Keypress: space
965.1102 	DATA 	Keypress: space
965.7600 	DATA 	Keypress: space
966.4944 	DATA 	Keypress: space
967.1439 	DATA 	Keypress: space
967.7605 	DATA 	Keypress: space
968.3100 	DATA 	Keypress: space
970.2754 	EXP 	text_4: autoDraw = True
970.6452 	DATA 	Keypress: space
970.6597 	EXP 	New trial (rep=0, index=13): OrderedDict([('sndfile', './stimuli_2/tmp/strong_105_3.wav'), ('tempo', 105), ('cond', 'strong'), ('delay', 1.2846849156286215)])
970.6923 	EXP 	text_4: autoDraw = False
974.5835 	DATA 	Keypress: space
975.0792 	DATA 	Keypress: space
975.6346 	DATA 	Keypress: space
976.1786 	DATA 	Keypress: space
976.8117 	DATA 	Keypress: space
977.3951 	DATA 	Keypress: space
977.9619 	DATA 	Keypress: space
978.5121 	DATA 	Keypress: space
979.0852 	DATA 	Keypress: space
979.6291 	DATA 	Keypress: space
980.1454 	DATA 	Keypress: space
980.7629 	DATA 	Keypress: space
981.3461 	DATA 	Keypress: space
982.9608 	EXP 	text_4: autoDraw = True
983.3291 	DATA 	Keypress: space
983.3304 	EXP 	New trial (rep=0, index=14): OrderedDict([('sndfile', './stimuli_2/tmp/medium_110_4.wav'), ('tempo', 110), ('cond', 'medium'), ('delay', 1.2412593574024813)])
983.3613 	EXP 	text_4: autoDraw = False
987.2375 	DATA 	Keypress: space
987.8141 	DATA 	Keypress: space
988.3472 	DATA 	Keypress: space
988.9304 	DATA 	Keypress: space
989.4472 	DATA 	Keypress: space
990.0136 	DATA 	Keypress: space
990.5312 	DATA 	Keypress: space
991.1641 	DATA 	Keypress: space
991.7558 	DATA 	Keypress: space
992.2640 	DATA 	Keypress: space
992.8480 	DATA 	Keypress: space
993.4305 	DATA 	Keypress: space
995.5794 	EXP 	text_4: autoDraw = True
995.9481 	DATA 	Keypress: space
995.9493 	EXP 	New trial (rep=0, index=15): OrderedDict([('sndfile', './stimuli_2/tmp/strong_100_4.wav'), ('tempo', 100), ('cond', 'strong'), ('delay', 1.3398198733573277)])
995.9790 	EXP 	text_4: autoDraw = False
1000.3651 	DATA 	Keypress: space
1000.9826 	DATA 	Keypress: space
1001.6005 	DATA 	Keypress: space
1002.1827 	DATA 	Keypress: space
1002.8489 	DATA 	Keypress: space
1003.4163 	DATA 	Keypress: space
1004.0324 	DATA 	Keypress: space
1004.6888 	DATA 	Keypress: space
1005.3161 	DATA 	Keypress: space
1005.9333 	DATA 	Keypress: space
1006.6001 	DATA 	Keypress: space
1008.2978 	EXP 	text_4: autoDraw = True
1008.6164 	DATA 	Keypress: space
1008.6176 	EXP 	New trial (rep=0, index=16): OrderedDict([('sndfile', './stimuli_2/tmp/weak_95_4.wav'), ('tempo', 95), ('cond', 'weak'), ('delay', 1.59401142701977)])
1008.6480 	EXP 	text_4: autoDraw = False
1014.0174 	DATA 	Keypress: space
1014.7511 	DATA 	Keypress: space
1015.3583 	DATA 	Keypress: space
1016.1183 	DATA 	Keypress: space
1016.8346 	DATA 	Keypress: space
1017.5678 	DATA 	Keypress: space
1018.2856 	DATA 	Keypress: space
1019.0187 	DATA 	Keypress: space
1019.7688 	DATA 	Keypress: space
1021.2169 	EXP 	text_4: autoDraw = True
1021.5027 	DATA 	Keypress: space
1021.5187 	EXP 	New trial (rep=0, index=17): OrderedDict([('sndfile', './stimuli_2/tmp/medium_105_4.wav'), ('tempo', 105), ('cond', 'medium'), ('delay', 1.8823047760740792)])
1021.5503 	EXP 	text_4: autoDraw = False
1025.9727 	DATA 	Keypress: space
1026.5530 	DATA 	Keypress: space
1027.1195 	DATA 	Keypress: space
1027.6859 	DATA 	Keypress: space
1028.2868 	DATA 	Keypress: space
1028.8868 	DATA 	Keypress: space
1029.4904 	DATA 	Keypress: space
1030.0536 	DATA 	Keypress: space
1030.6530 	DATA 	Keypress: space
1031.1874 	DATA 	Keypress: space
1031.7538 	DATA 	Keypress: space
1032.3540 	DATA 	Keypress: space
1034.4097 	EXP 	text_4: autoDraw = True
1038.1209 	DATA 	Keypress: space
1038.1222 	EXP 	New trial (rep=0, index=18): OrderedDict([('sndfile', './stimuli_2/tmp/strong_95_3.wav'), ('tempo', 95), ('cond', 'strong'), ('delay', 2.368023631857328)])
1038.1531 	EXP 	text_4: autoDraw = False
1043.8230 	DATA 	Keypress: space
1044.4390 	DATA 	Keypress: space
1045.0892 	DATA 	Keypress: space
1045.7057 	DATA 	Keypress: space
1046.3061 	DATA 	Keypress: space
1046.8943 	DATA 	Keypress: space
1047.5231 	DATA 	Keypress: space
1048.1224 	DATA 	Keypress: space
1048.8230 	DATA 	Keypress: space
1049.3895 	DATA 	Keypress: space
1051.5045 	EXP 	text_4: autoDraw = True
1051.8896 	DATA 	Keypress: space
1051.8909 	EXP 	New trial (rep=0, index=19): OrderedDict([('sndfile', './stimuli_2/tmp/weak_110_3.wav'), ('tempo', 110), ('cond', 'weak'), ('delay', 1.4034951095242638)])
1051.9218 	EXP 	text_4: autoDraw = False
1056.0235 	DATA 	Keypress: space
1056.5819 	DATA 	Keypress: space
1057.2245 	DATA 	Keypress: space
1057.7913 	DATA 	Keypress: space
1058.3244 	DATA 	Keypress: space
1058.8746 	DATA 	Keypress: space
1059.3073 	DATA 	Keypress: space
1059.7745 	DATA 	Keypress: space
1060.3244 	DATA 	Keypress: space
1060.8587 	DATA 	Keypress: space
1061.3911 	DATA 	Keypress: space
1061.9077 	DATA 	Keypress: space
1062.3919 	DATA 	Keypress: space
1064.3065 	EXP 	text_4: autoDraw = True
1064.6755 	DATA 	Keypress: space
1064.6768 	EXP 	New trial (rep=0, index=20): OrderedDict([('sndfile', './stimuli_2/tmp/vweak_105_4.wav'), ('tempo', 105), ('cond', 'veryweak'), ('delay', 1.6327958275835193)])
1064.7062 	EXP 	text_4: autoDraw = False
1068.8432 	DATA 	Keypress: space
1069.3424 	DATA 	Keypress: space
1069.8928 	DATA 	Keypress: space
1070.4761 	DATA 	Keypress: space
1071.0813 	DATA 	Keypress: space
1071.6766 	DATA 	Keypress: space
1072.2765 	DATA 	Keypress: space
1072.8598 	DATA 	Keypress: space
1073.4927 	DATA 	Keypress: space
1074.0433 	DATA 	Keypress: space
1074.6770 	DATA 	Keypress: space
1075.2186 	DATA 	Keypress: space
1077.3251 	EXP 	text_4: autoDraw = True
1077.6266 	DATA 	Keypress: space
1077.6279 	EXP 	New trial (rep=0, index=21): OrderedDict([('sndfile', './stimuli_2/tmp/perfect_105_0.wav'), ('tempo', 105), ('cond', 'perfect'), ('delay', 2.471825489115851)])
1077.6592 	EXP 	text_4: autoDraw = False
1082.6444 	DATA 	Keypress: space
1083.1953 	DATA 	Keypress: space
1083.6952 	DATA 	Keypress: space
1084.2778 	DATA 	Keypress: space
1084.8445 	DATA 	Keypress: space
1091.1107 	EXP 	text_4: autoDraw = True
1091.5121 	DATA 	Keypress: space
1091.5133 	EXP 	New trial (rep=0, index=22): OrderedDict([('sndfile', './stimuli_2/tmp/weak_100_3.wav'), ('tempo', 100), ('cond', 'weak'), ('delay', 0.8397616430138637)])
1091.5444 	EXP 	text_4: autoDraw = False
1095.5298 	DATA 	Keypress: space
1096.0969 	DATA 	Keypress: space
1096.6520 	DATA 	Keypress: space
1097.2136 	DATA 	Keypress: space
1097.7636 	DATA 	Keypress: space
1098.3046 	DATA 	Keypress: space
1098.8474 	DATA 	Keypress: space
1099.3979 	DATA 	Keypress: space
1100.0304 	DATA 	Keypress: space
1100.5981 	DATA 	Keypress: space
1101.1976 	DATA 	Keypress: space
1101.7867 	DATA 	Keypress: space
1103.3694 	EXP 	text_4: autoDraw = True
1104.1480 	DATA 	Keypress: space
1104.1494 	EXP 	New trial (rep=0, index=23): OrderedDict([('sndfile', './stimuli_2/tmp/weak_105_4.wav'), ('tempo', 105), ('cond', 'weak'), ('delay', 2.3797932117961262)])
1104.1791 	EXP 	text_4: autoDraw = False
1109.5825 	DATA 	Keypress: space
1110.0991 	DATA 	Keypress: space
1110.6989 	DATA 	Keypress: space
1111.3816 	DATA 	Keypress: space
1112.0325 	DATA 	Keypress: space
1112.6496 	DATA 	Keypress: space
1113.2328 	DATA 	Keypress: space
1113.7707 	DATA 	Keypress: space
1114.3326 	DATA 	Keypress: space
1114.9332 	DATA 	Keypress: space
1115.4995 	DATA 	Keypress: space
1117.5478 	EXP 	text_4: autoDraw = True
1118.0347 	DATA 	Keypress: space
1118.0494 	EXP 	New trial (rep=0, index=24): OrderedDict([('sndfile', './stimuli_2/tmp/strong_110_4.wav'), ('tempo', 110), ('cond', 'strong'), ('delay', 1.9935472881648024)])
1118.0820 	EXP 	text_4: autoDraw = False
1122.5741 	DATA 	Keypress: space
1123.1176 	DATA 	Keypress: space
1123.6845 	DATA 	Keypress: space
1124.2684 	DATA 	Keypress: space
1124.9007 	DATA 	Keypress: space
1125.4841 	DATA 	Keypress: space
1126.0343 	DATA 	Keypress: space
1126.6496 	DATA 	Keypress: space
1127.2343 	DATA 	Keypress: space
1127.8397 	DATA 	Keypress: space
1128.4513 	DATA 	Keypress: space
1129.0844 	DATA 	Keypress: space
1131.0501 	EXP 	text_4: autoDraw = True
1132.8781 	DATA 	Keypress: space
1132.9074 	EXP 	New trial (rep=0, index=25): OrderedDict([('sndfile', './stimuli_2/tmp/weak_105_3.wav'), ('tempo', 105), ('cond', 'weak'), ('delay', 1.8785671226313851)])
1132.9434 	EXP 	text_4: autoDraw = False
1136.7199 	DATA 	Keypress: space
1137.3194 	DATA 	Keypress: space
1138.0602 	DATA 	Keypress: space
1138.7200 	DATA 	Keypress: space
1139.4034 	DATA 	Keypress: space
1140.0740 	DATA 	Keypress: space
1140.7369 	DATA 	Keypress: space
1141.4085 	DATA 	Keypress: space
1142.1040 	DATA 	Keypress: space
1142.8034 	DATA 	Keypress: space
1143.4949 	DATA 	Keypress: space
1144.2037 	DATA 	Keypress: space
1145.8023 	EXP 	text_4: autoDraw = True
1146.1377 	DATA 	Keypress: space
1146.1390 	EXP 	New trial (rep=0, index=26): OrderedDict([('sndfile', './stimuli_2/tmp/vweak_100_4.wav'), ('tempo', 100), ('cond', 'veryweak'), ('delay', 1.7061160215264062)])
1146.1694 	EXP 	text_4: autoDraw = False
1150.6721 	DATA 	Keypress: space
1151.1550 	DATA 	Keypress: space
1151.6551 	DATA 	Keypress: space
1152.2225 	DATA 	Keypress: space
1152.9051 	DATA 	Keypress: space
1153.6311 	DATA 	Keypress: space
1154.3223 	DATA 	Keypress: space
1155.0286 	DATA 	Keypress: space
1155.6892 	DATA 	Keypress: space
1156.3720 	DATA 	Keypress: space
1156.9946 	DATA 	Keypress: space
1158.8542 	EXP 	text_4: autoDraw = True
1159.1393 	DATA 	Keypress: space
1159.1406 	EXP 	New trial (rep=0, index=27): OrderedDict([('sndfile', './stimuli_2/tmp/weak_90_4.wav'), ('tempo', 90), ('cond', 'weak'), ('delay', 2.0685733483084743)])
1159.1713 	EXP 	text_4: autoDraw = False
1164.4908 	DATA 	Keypress: space
1165.1072 	DATA 	Keypress: space
1165.7580 	DATA 	Keypress: space
1166.4239 	DATA 	Keypress: space
1167.0963 	DATA 	Keypress: space
1167.7571 	DATA 	Keypress: space
1168.4079 	DATA 	Keypress: space
1169.0794 	DATA 	Keypress: space
1169.7741 	DATA 	Keypress: space
1170.4575 	DATA 	Keypress: space
1172.2158 	EXP 	text_4: autoDraw = True
1172.7246 	DATA 	Keypress: space
1172.7258 	EXP 	New trial (rep=0, index=28): OrderedDict([('sndfile', './stimuli_2/tmp/strong_90_3.wav'), ('tempo', 90), ('cond', 'strong'), ('delay', 1.6244125943376004)])
1172.7559 	EXP 	text_4: autoDraw = False
1177.7096 	DATA 	Keypress: space
1178.3422 	DATA 	Keypress: space
1178.9761 	DATA 	Keypress: space
1179.6598 	DATA 	Keypress: space
1180.3593 	DATA 	Keypress: space
1181.0263 	DATA 	Keypress: space
1181.6768 	DATA 	Keypress: space
1182.3759 	DATA 	Keypress: space
1183.1090 	DATA 	Keypress: space
1183.7928 	DATA 	Keypress: space
1185.3586 	EXP 	text_4: autoDraw = True
1185.7841 	DATA 	Keypress: space
1185.7854 	EXP 	New trial (rep=0, index=29): OrderedDict([('sndfile', './stimuli_2/tmp/perfect_105_1.wav'), ('tempo', 105), ('cond', 'perfect'), ('delay', 1.9598890814615504)])
1185.8183 	EXP 	text_4: autoDraw = False
1190.2862 	DATA 	Keypress: space
1190.7939 	DATA 	Keypress: space
1191.3300 	DATA 	Keypress: space
1191.9453 	DATA 	Keypress: space
1192.4775 	DATA 	Keypress: space
1198.7604 	EXP 	text_4: autoDraw = True
1199.3465 	DATA 	Keypress: space
1199.3478 	EXP 	New trial (rep=0, index=30): OrderedDict([('sndfile', './stimuli_2/tmp/perfect_100_0.wav'), ('tempo', 100), ('cond', 'perfect'), ('delay', 1.3424117839845908)])
1199.3770 	EXP 	text_4: autoDraw = False
1203.4962 	DATA 	Keypress: space
1204.0132 	DATA 	Keypress: space
1204.6452 	DATA 	Keypress: space
1205.2464 	DATA 	Keypress: space
1205.8636 	DATA 	Keypress: space
1211.6959 	EXP 	text_4: autoDraw = True
1212.2306 	DATA 	Keypress: space
1212.2319 	EXP 	New trial (rep=0, index=31): OrderedDict([('sndfile', './stimuli_2/tmp/medium_90_3.wav'), ('tempo', 90), ('cond', 'medium'), ('delay', 2.469674326004891)])
1212.2624 	EXP 	text_4: autoDraw = False
1217.8491 	DATA 	Keypress: space
1218.4819 	DATA 	Keypress: space
1219.1151 	DATA 	Keypress: space
1219.8371 	DATA 	Keypress: space
1220.4824 	DATA 	Keypress: space
1221.0819 	DATA 	Keypress: space
1221.7162 	DATA 	Keypress: space
1222.4337 	DATA 	Keypress: space
1223.1329 	DATA 	Keypress: space
1223.7165 	DATA 	Keypress: space
1225.7140 	EXP 	text_4: autoDraw = True
1226.3846 	DATA 	Keypress: space
1226.3992 	EXP 	New trial (rep=0, index=32): OrderedDict([('sndfile', './stimuli_2/tmp/vweak_110_3.wav'), ('tempo', 110), ('cond', 'veryweak'), ('delay', 1.9493514140483303)])
1226.4314 	EXP 	text_4: autoDraw = False
1231.0176 	DATA 	Keypress: space
1231.6673 	DATA 	Keypress: space
1232.3506 	DATA 	Keypress: space
1233.1342 	DATA 	Keypress: space
1233.9062 	DATA 	Keypress: space
1234.6177 	DATA 	Keypress: space
1235.2013 	DATA 	Keypress: space
1235.8845 	DATA 	Keypress: space
1236.7519 	DATA 	Keypress: space
1237.4516 	DATA 	Keypress: space
1239.3677 	EXP 	text_4: autoDraw = True
1239.7698 	DATA 	Keypress: space
1239.7844 	EXP 	New trial (rep=0, index=33): OrderedDict([('sndfile', './stimuli_2/tmp/strong_90_4.wav'), ('tempo', 90), ('cond', 'strong'), ('delay', 0.9547797326956972)])
1239.8172 	EXP 	text_4: autoDraw = False
1243.9909 	DATA 	Keypress: space
1244.6187 	DATA 	Keypress: space
1245.2698 	DATA 	Keypress: space
1245.9861 	DATA 	Keypress: space
1246.6859 	DATA 	Keypress: space
1247.3367 	DATA 	Keypress: space
1248.0029 	DATA 	Keypress: space
1248.7367 	DATA 	Keypress: space
1249.3704 	DATA 	Keypress: space
1250.0938 	DATA 	Keypress: space
1251.7516 	EXP 	text_4: autoDraw = True
1252.1540 	DATA 	Keypress: space
1252.1552 	EXP 	New trial (rep=0, index=34): OrderedDict([('sndfile', './stimuli_2/tmp/vweak_100_3.wav'), ('tempo', 100), ('cond', 'veryweak'), ('delay', 0.8472696952655959)])
1252.1858 	EXP 	text_4: autoDraw = False
1255.9374 	DATA 	Keypress: space
1256.5211 	DATA 	Keypress: space
1257.1546 	DATA 	Keypress: space
1257.8213 	DATA 	Keypress: space
1258.4213 	DATA 	Keypress: space
1259.0218 	DATA 	Keypress: space
1259.7217 	DATA 	Keypress: space
1260.3545 	DATA 	Keypress: space
1261.1388 	DATA 	Keypress: space
1261.7387 	DATA 	Keypress: space
1262.3553 	DATA 	Keypress: space
1264.0200 	EXP 	text_4: autoDraw = True
1264.4390 	DATA 	Keypress: space
1264.4407 	EXP 	New trial (rep=0, index=35): OrderedDict([('sndfile', './stimuli_2/tmp/medium_110_3.wav'), ('tempo', 110), ('cond', 'medium'), ('delay', 1.2616218191127295)])
1264.4706 	EXP 	text_4: autoDraw = False
1268.4231 	DATA 	Keypress: space
1268.9405 	DATA 	Keypress: space
1269.5615 	DATA 	Keypress: space
1270.1901 	DATA 	Keypress: space
1270.7900 	DATA 	Keypress: space
1271.4400 	DATA 	Keypress: space
1272.0066 	DATA 	Keypress: space
1272.6790 	DATA 	Keypress: space
1273.3248 	DATA 	Keypress: space
1273.9738 	DATA 	Keypress: space
1274.5597 	DATA 	Keypress: space
1276.7223 	EXP 	text_4: autoDraw = True
1277.1909 	DATA 	Keypress: space
1277.1922 	EXP 	New trial (rep=0, index=36): OrderedDict([('sndfile', './stimuli_2/tmp/medium_95_3.wav'), ('tempo', 95), ('cond', 'medium'), ('delay', 0.9787884089584356)])
1277.2223 	EXP 	text_4: autoDraw = False
1281.3754 	DATA 	Keypress: space
1281.9917 	DATA 	Keypress: space
1282.6140 	DATA 	Keypress: space
1283.2579 	DATA 	Keypress: space
1283.8588 	DATA 	Keypress: space
1284.4752 	DATA 	Keypress: space
1285.1252 	DATA 	Keypress: space
1285.8250 	DATA 	Keypress: space
1286.4590 	DATA 	Keypress: space
1287.0592 	DATA 	Keypress: space
1287.7656 	DATA 	Keypress: space
1288.4425 	DATA 	Keypress: space
1289.1814 	EXP 	text_4: autoDraw = True
1289.6435 	DATA 	Keypress: space
1289.6447 	EXP 	New trial (rep=0, index=37): OrderedDict([('sndfile', './stimuli_2/tmp/weak_110_4.wav'), ('tempo', 110), ('cond', 'weak'), ('delay', 1.2158046753843554)])
1289.6745 	EXP 	text_4: autoDraw = False
1293.7100 	DATA 	Keypress: space
1294.2099 	DATA 	Keypress: space
1294.7153 	DATA 	Keypress: space
1295.3107 	DATA 	Keypress: space
1295.9104 	DATA 	Keypress: space
1296.4607 	DATA 	Keypress: space
1297.0105 	DATA 	Keypress: space
1297.5274 	DATA 	Keypress: space
1298.1451 	DATA 	Keypress: space
1298.7275 	DATA 	Keypress: space
1299.2946 	DATA 	Keypress: space
1299.8282 	DATA 	Keypress: space
1301.8755 	EXP 	text_4: autoDraw = True
1302.2111 	DATA 	Keypress: space
1302.2123 	EXP 	New trial (rep=0, index=38): OrderedDict([('sndfile', './stimuli_2/tmp/strong_110_3.wav'), ('tempo', 110), ('cond', 'strong'), ('delay', 2.128797507874421)])
1302.2430 	EXP 	text_4: autoDraw = False
1307.0293 	DATA 	Keypress: space
1307.5624 	DATA 	Keypress: space
1308.0956 	DATA 	Keypress: space
1308.6123 	DATA 	Keypress: space
1309.1124 	DATA 	Keypress: space
1309.6303 	DATA 	Keypress: space
1310.1460 	DATA 	Keypress: space
1310.6962 	DATA 	Keypress: space
1311.2299 	DATA 	Keypress: space
1311.7458 	DATA 	Keypress: space
1312.2627 	DATA 	Keypress: space
1312.8133 	DATA 	Keypress: space
1313.3462 	DATA 	Keypress: space
1315.3614 	EXP 	text_4: autoDraw = True
1315.7466 	DATA 	Keypress: space
1315.7478 	EXP 	New trial (rep=0, index=39): OrderedDict([('sndfile', './stimuli_2/tmp/vweak_90_4.wav'), ('tempo', 90), ('cond', 'veryweak'), ('delay', 2.01675312210347)])
1315.7777 	EXP 	text_4: autoDraw = False
1321.2974 	DATA 	Keypress: space
1321.9143 	DATA 	Keypress: space
1322.5317 	DATA 	Keypress: space
1323.2314 	DATA 	Keypress: space
1323.9900 	DATA 	Keypress: space
1324.7646 	DATA 	Keypress: space
1325.4647 	DATA 	Keypress: space
1326.1813 	DATA 	Keypress: space
1327.0490 	DATA 	Keypress: space
1328.7799 	EXP 	text_4: autoDraw = True
1329.5334 	DATA 	Keypress: space
1329.5482 	EXP 	New trial (rep=0, index=40): OrderedDict([('sndfile', './stimuli_2/tmp/strong_100_3.wav'), ('tempo', 100), ('cond', 'strong'), ('delay', 1.4654700353387642)])
1329.5971 	EXP 	text_4: autoDraw = False
1334.4238 	DATA 	Keypress: space
1334.9997 	DATA 	Keypress: space
1335.5996 	DATA 	Keypress: space
1336.2663 	DATA 	Keypress: space
1336.9557 	DATA 	Keypress: space
1337.5665 	DATA 	Keypress: space
1338.2677 	DATA 	Keypress: space
1338.9386 	DATA 	Keypress: space
1339.5346 	DATA 	Keypress: space
1340.1835 	DATA 	Keypress: space
1342.0325 	EXP 	text_4: autoDraw = True
1342.4171 	DATA 	Keypress: space
1342.4183 	EXP 	New trial (rep=0, index=41): OrderedDict([('sndfile', './stimuli_2/tmp/perfect_100_1.wav'), ('tempo', 100), ('cond', 'perfect'), ('delay', 1.900582361571024)])
1342.4488 	EXP 	text_4: autoDraw = False
1347.1013 	DATA 	Keypress: space
1347.6688 	DATA 	Keypress: space
1348.2346 	DATA 	Keypress: space
1348.8853 	DATA 	Keypress: space
1349.4732 	DATA 	Keypress: space
1355.3345 	EXP 	text_4: autoDraw = True
1355.9525 	DATA 	Keypress: space
1355.9538 	EXP 	New trial (rep=0, index=42): OrderedDict([('sndfile', './stimuli_2/tmp/vweak_95_3.wav'), ('tempo', 95), ('cond', 'veryweak'), ('delay', 2.160580057702042)])
1355.9848 	EXP 	text_4: autoDraw = False
1361.1204 	DATA 	Keypress: space
1361.7371 	DATA 	Keypress: space
1362.3043 	DATA 	Keypress: space
1362.9204 	DATA 	Keypress: space
1363.4540 	DATA 	Keypress: space
1364.0376 	DATA 	Keypress: space
1364.6259 	DATA 	Keypress: space
1365.3044 	DATA 	Keypress: space
1365.8876 	DATA 	Keypress: space
1366.4881 	DATA 	Keypress: space
1367.0380 	DATA 	Keypress: space
1367.6442 	DATA 	Keypress: space
1369.1196 	EXP 	text_4: autoDraw = True
1369.5884 	DATA 	Keypress: space
1369.5901 	EXP 	New trial (rep=0, index=43): OrderedDict([('sndfile', './stimuli_2/tmp/perfect_90_0.wav'), ('tempo', 90), ('cond', 'perfect'), ('delay', 1.8471350139820657)])
1369.6199 	EXP 	text_4: autoDraw = False
1374.8224 	DATA 	Keypress: space
1375.4388 	DATA 	Keypress: space
1376.0949 	DATA 	Keypress: space
1376.7896 	DATA 	Keypress: space
1377.4404 	DATA 	Keypress: space
1378.1230 	DATA 	Keypress: space
1382.4544 	EXP 	text_4: autoDraw = True
1382.9570 	DATA 	Keypress: space
1382.9584 	EXP 	New trial (rep=0, index=44): OrderedDict([('sndfile', './stimuli_2/tmp/perfect_90_1.wav'), ('tempo', 90), ('cond', 'perfect'), ('delay', 0.9437088291454946)])
1382.9881 	EXP 	text_4: autoDraw = False
1387.3285 	DATA 	Keypress: space
1387.9248 	DATA 	Keypress: space
1388.5580 	DATA 	Keypress: space
1389.2407 	DATA 	Keypress: space
1389.8909 	DATA 	Keypress: space
1394.9072 	EXP 	text_4: autoDraw = True
1395.4260 	DATA 	Keypress: space
1395.4274 	EXP 	New trial (rep=0, index=45): OrderedDict([('sndfile', './stimuli_2/tmp/weak_90_3.wav'), ('tempo', 90), ('cond', 'weak'), ('delay', 1.336733561564532)])
1395.4571 	EXP 	text_4: autoDraw = False
1399.9093 	DATA 	Keypress: space
1400.5261 	DATA 	Keypress: space
1401.1930 	DATA 	Keypress: space
1401.8272 	DATA 	Keypress: space
1402.5099 	DATA 	Keypress: space
1403.1764 	DATA 	Keypress: space
1403.8155 	DATA 	Keypress: space
1404.5271 	DATA 	Keypress: space
1405.2488 	DATA 	Keypress: space
1405.8109 	DATA 	Keypress: space
1407.7823 	EXP 	text_4: autoDraw = True
1408.9607 	DATA 	Keypress: space
1408.9620 	EXP 	New trial (rep=0, index=46): OrderedDict([('sndfile', './stimuli_2/tmp/strong_105_4.wav'), ('tempo', 105), ('cond', 'strong'), ('delay', 1.0619213958525664)])
1408.9927 	EXP 	text_4: autoDraw = False
1412.4785 	DATA 	Keypress: space
1413.0609 	DATA 	Keypress: space
1413.6447 	DATA 	Keypress: space
1414.2282 	DATA 	Keypress: space
1414.8452 	DATA 	Keypress: space
1415.3788 	DATA 	Keypress: space
1415.9456 	DATA 	Keypress: space
1416.5614 	DATA 	Keypress: space
1417.0794 	DATA 	Keypress: space
1417.6620 	DATA 	Keypress: space
1418.2284 	DATA 	Keypress: space
1418.7792 	DATA 	Keypress: space
1419.5794 	DATA 	Keypress: space
1421.0443 	EXP 	text_4: autoDraw = True
1422.4469 	DATA 	Keypress: space
1422.4480 	EXP 	New trial (rep=0, index=47): OrderedDict([('sndfile', './stimuli_2/tmp/strong_95_4.wav'), ('tempo', 95), ('cond', 'strong'), ('delay', 1.3122188661972012)])
1422.4776 	EXP 	text_4: autoDraw = False
1426.6646 	DATA 	Keypress: space
1427.3522 	DATA 	Keypress: space
1428.0306 	DATA 	Keypress: space
1428.6804 	DATA 	Keypress: space
1429.3868 	DATA 	Keypress: space
1430.0805 	DATA 	Keypress: space
1430.7805 	DATA 	Keypress: space
1431.4693 	DATA 	Keypress: space
1432.1974 	DATA 	Keypress: space
1432.8979 	DATA 	Keypress: space
1434.7797 	EXP 	text_4: autoDraw = True
1435.5814 	DATA 	Keypress: space
1435.5827 	EXP 	New trial (rep=0, index=48): OrderedDict([('sndfile', './stimuli_2/tmp/medium_100_3.wav'), ('tempo', 100), ('cond', 'medium'), ('delay', 0.9227517929886035)])
1435.6132 	EXP 	text_4: autoDraw = False
1438.9161 	DATA 	Keypress: space
1439.4156 	DATA 	Keypress: space
1439.9220 	DATA 	Keypress: space
1440.3994 	DATA 	Keypress: space
1440.9993 	DATA 	Keypress: space
1441.4824 	DATA 	Keypress: space
1442.0045 	DATA 	Keypress: space
1442.5495 	DATA 	Keypress: space
1443.0720 	DATA 	Keypress: space
1443.5996 	DATA 	Keypress: space
1444.1333 	DATA 	Keypress: space
1444.6500 	DATA 	Keypress: space
1445.1833 	DATA 	Keypress: space
1445.7326 	DATA 	Keypress: space
1447.5150 	EXP 	text_4: autoDraw = True
1447.9171 	DATA 	Keypress: space
1447.9185 	EXP 	New trial (rep=0, index=49): OrderedDict([('sndfile', './stimuli_2/tmp/vweak_105_3.wav'), ('tempo', 105), ('cond', 'veryweak'), ('delay', 1.505363686413271)])
1447.9479 	EXP 	text_4: autoDraw = False
1452.4014 	DATA 	Keypress: space
1453.0517 	DATA 	Keypress: space
1453.6401 	DATA 	Keypress: space
1454.2178 	DATA 	Keypress: space
1454.8340 	DATA 	Keypress: space
1455.5564 	DATA 	Keypress: space
1456.1520 	DATA 	Keypress: space
1456.7355 	DATA 	Keypress: space
1457.4181 	DATA 	Keypress: space
1458.0240 	DATA 	Keypress: space
1458.5856 	DATA 	Keypress: space
1460.4339 	EXP 	text_4: autoDraw = True
1461.3522 	DATA 	Keypress: space
1461.3669 	EXP 	text_4: autoDraw = False
1461.3669 	EXP 	text_7: autoDraw = True
1463.6861 	DATA 	Keypress: space
1466.6801 	EXP 	window1: mouseVisible = True
