57.8836 	WARNING 	User requested fullscreen with size [1024  768], but screen is actually [1440, 900]. Using actual size
58.7004 	EXP 	Created window1 = Window(allowGUI=False, allowStencil=False, args=UNKNOWN, autoLog=True, bitsMode=UNKNOWN, blendMode='avg', color=array([0., 0., 0.]), colorSpace='rgb', fullscr=<method-wrapper '__getattribute__' of attributeSetter object at 0x12c890518>, gamma=None, kwargs=UNKNOWN, lms=UNKNOWN, monitor=<psychopy.monitors.calibTools.Monitor object at 0x12d24b4a8>, multiSample=False, name='window1', numSamples=2, pos=[0.0, 0.0], screen=0, size=array([2880, 1800]), stereo=False, units='height', useFBO=True, useRetina=True, viewOri=0.0, viewPos=None, viewScale=None, waitBlanking=True, winType='pyglet')
58.7004 	EXP 	window1: recordFrameIntervals = False
58.8666 	EXP 	window1: recordFrameIntervals = True
59.0503 	EXP 	window1: recordFrameIntervals = False
59.1783 	EXP 	Created text = TextStim(__class__=<class 'psychopy.visual.text.TextStim'>, alignHoriz='center', alignVert='center', antialias=True, autoLog=True, bold=False, color='white', colorSpace='named', contrast=1.0, depth=0.0, flipHoriz=False, flipVert=False, font='Arial', fontFiles=[], height=0.05, italic=False, languageStyle='LTR', name='text', opacity=1.0, ori=0, pos=array([0., 0.]), rgb=array([255., 255., 255.]), text=str(...), units='height', win=Window(...), wrapWidth=1)
59.1902 	EXP 	Sound  set volume 1.000
59.2031 	EXP 	Created text_2 = TextStim(__class__=<class 'psychopy.visual.text.TextStim'>, alignHoriz='center', alignVert='center', antialias=True, autoLog=True, bold=False, color='white', colorSpace='named', contrast=1.0, depth=0.0, flipHoriz=False, flipVert=False, font='Arial', fontFiles=[], height=0.05, italic=False, languageStyle='LTR', name='text_2', opacity=1.0, ori=0, pos=array([0., 0.]), rgb=array([255., 255., 255.]), text=str(...), units='height', win=Window(...), wrapWidth=1)
59.2441 	EXP 	Created text_5 = TextStim(__class__=<class 'psychopy.visual.text.TextStim'>, alignHoriz='center', alignVert='center', antialias=True, autoLog=True, bold=False, color='white', colorSpace='named', contrast=1.0, depth=0.0, flipHoriz=False, flipVert=False, font='Arial', fontFiles=[], height=0.05, italic=False, languageStyle='LTR', name='text_5', opacity=1.0, ori=0, pos=array([0., 0.]), rgb=array([255., 255., 255.]), text=str(...), units='height', win=Window(...), wrapWidth=1)
59.2442 	EXP 	Sound  set volume 1.000
59.2541 	EXP 	Created text_3 = TextStim(__class__=<class 'psychopy.visual.text.TextStim'>, alignHoriz='center', alignVert='center', antialias=True, autoLog=True, bold=False, color='white', colorSpace='named', contrast=1.0, depth=0.0, flipHoriz=False, flipVert=False, font='Arial', fontFiles=[], height=0.05, italic=False, languageStyle='LTR', name='text_3', opacity=1.0, ori=0, pos=array([0., 0.]), rgb=array([255., 255., 255.]), text='Ready for next trial?\n\npress space bar.', units='height', win=Window(...), wrapWidth=1)
59.2823 	EXP 	Created text_6 = TextStim(__class__=<class 'psychopy.visual.text.TextStim'>, alignHoriz='center', alignVert='center', antialias=True, autoLog=True, bold=False, color='white', colorSpace='named', contrast=1.0, depth=0.0, flipHoriz=False, flipVert=False, font='Arial', fontFiles=[], height=0.05, italic=False, languageStyle='LTR', name='text_6', opacity=1.0, ori=0, pos=array([0., 0.]), rgb=array([255., 255., 255.]), text=str(...), units='height', win=Window(...), wrapWidth=1)
59.2824 	EXP 	Sound  set volume 1.000
59.2907 	EXP 	Created text_4 = TextStim(__class__=<class 'psychopy.visual.text.TextStim'>, alignHoriz='center', alignVert='center', antialias=True, autoLog=True, bold=False, color='white', colorSpace='named', contrast=1.0, depth=0.0, flipHoriz=False, flipVert=False, font='Arial', fontFiles=[], height=0.05, italic=False, languageStyle='LTR', name='text_4', opacity=1.0, ori=0, pos=array([0., 0.]), rgb=array([255., 255., 255.]), text='Ready for next trial?\n\npress space bar.', units='height', win=Window(...), wrapWidth=1)
59.3141 	EXP 	Created text_7 = TextStim(__class__=<class 'psychopy.visual.text.TextStim'>, alignHoriz='center', alignVert='center', antialias=True, autoLog=True, bold=False, color='white', colorSpace='named', contrast=1.0, depth=0.0, flipHoriz=False, flipVert=False, font='Arial', fontFiles=[], height=0.1, italic=False, languageStyle='LTR', name='text_7', opacity=1.0, ori=0, pos=array([0., 0.]), rgb=array([255., 255., 255.]), text='The test is over!\n\nThank you so much!!', units='height', win=Window(...), wrapWidth=1)
59.3337 	EXP 	text: autoDraw = True
87.4485 	DATA 	Keypress: space
87.4564 	EXP 	Imported condition_practice.csv as conditions, 5 conditions, 4 params
87.4568 	EXP 	Created sequence: random, trialTypes=5, nReps=1, seed=None
87.4572 	EXP 	New trial (rep=0, index=0): OrderedDict([('sndfile', './stimuli_1/tmp/vweak_105_1.wav'), ('tempo', 105), ('cond', 'veryweak'), ('delay', 1.91267155)])
87.4800 	EXP 	text: autoDraw = False
96.5573 	DATA 	Keypress: space
97.2242 	DATA 	Keypress: space
97.8079 	DATA 	Keypress: space
98.4075 	DATA 	Keypress: space
100.3894 	EXP 	text_2: autoDraw = True
106.3598 	DATA 	Keypress: space
106.3612 	EXP 	New trial (rep=0, index=1): OrderedDict([('sndfile', './stimuli_1/tmp/strong_90_1.wav'), ('tempo', 90), ('cond', 'strong'), ('delay', 1.013023596)])
106.3741 	EXP 	text_2: autoDraw = False
108.3929 	DATA 	Keypress: space
109.0810 	DATA 	Keypress: space
109.8259 	DATA 	Keypress: space
110.5120 	DATA 	Keypress: space
111.2261 	DATA 	Keypress: space
111.9478 	DATA 	Keypress: space
112.6275 	DATA 	Keypress: space
113.3263 	DATA 	Keypress: space
114.0434 	DATA 	Keypress: space
114.7435 	DATA 	Keypress: space
115.4266 	DATA 	Keypress: space
116.1462 	DATA 	Keypress: space
116.8440 	DATA 	Keypress: space
118.3922 	EXP 	text_2: autoDraw = True
120.1116 	DATA 	Keypress: space
120.1129 	EXP 	New trial (rep=0, index=2): OrderedDict([('sndfile', './stimuli_1/tmp/medium_110_1.wav'), ('tempo', 110), ('cond', 'medium'), ('delay', 0.970866786)])
120.1259 	EXP 	text_2: autoDraw = False
121.5949 	DATA 	Keypress: space
122.2950 	DATA 	Keypress: space
122.8786 	DATA 	Keypress: space
123.4609 	DATA 	Keypress: space
124.0497 	DATA 	Keypress: space
124.6288 	DATA 	Keypress: space
125.2126 	DATA 	Keypress: space
125.7618 	DATA 	Keypress: space
126.3617 	DATA 	Keypress: space
126.9620 	DATA 	Keypress: space
127.5281 	DATA 	Keypress: space
128.0839 	DATA 	Keypress: space
128.6620 	DATA 	Keypress: space
129.2287 	DATA 	Keypress: space
129.8452 	DATA 	Keypress: space
130.3959 	DATA 	Keypress: space
132.0941 	EXP 	text_2: autoDraw = True
133.1060 	DATA 	Keypress: space
133.1343 	EXP 	New trial (rep=0, index=3): OrderedDict([('sndfile', './stimuli_1/tmp/medium_100_1.wav'), ('tempo', 100), ('cond', 'medium'), ('delay', 1.797198505)])
133.1531 	EXP 	text_2: autoDraw = False
135.4307 	DATA 	Keypress: space
135.9802 	DATA 	Keypress: space
136.6873 	DATA 	Keypress: space
137.3465 	DATA 	Keypress: space
138.0132 	DATA 	Keypress: space
138.6132 	DATA 	Keypress: space
139.3472 	DATA 	Keypress: space
140.0307 	DATA 	Keypress: space
140.6471 	DATA 	Keypress: space
141.2883 	DATA 	Keypress: space
141.9478 	DATA 	Keypress: space
142.6032 	DATA 	Keypress: space
143.2493 	DATA 	Keypress: space
143.9479 	DATA 	Keypress: space
145.9463 	EXP 	text_2: autoDraw = True
146.7890 	DATA 	Keypress: space
146.7903 	EXP 	New trial (rep=0, index=4): OrderedDict([('sndfile', './stimuli_1/tmp/medium_110_1.wav'), ('tempo', 110), ('cond', 'medium'), ('delay', 1.222685394)])
146.8137 	EXP 	text_2: autoDraw = False
148.4821 	DATA 	Keypress: space
149.1820 	DATA 	Keypress: space
149.7719 	DATA 	Keypress: space
150.3490 	DATA 	Keypress: space
150.9658 	DATA 	Keypress: space
151.5325 	DATA 	Keypress: space
152.0820 	DATA 	Keypress: space
152.6662 	DATA 	Keypress: space
153.2710 	DATA 	Keypress: space
153.8329 	DATA 	Keypress: space
154.4333 	DATA 	Keypress: space
155.0167 	DATA 	Keypress: space
155.6002 	DATA 	Keypress: space
156.2003 	DATA 	Keypress: space
156.7553 	DATA 	Keypress: space
157.2663 	DATA 	Keypress: space
159.0312 	EXP 	text_2: autoDraw = True
159.8385 	DATA 	Keypress: space
159.8698 	EXP 	text_2: autoDraw = False
159.8698 	EXP 	text_5: autoDraw = True
172.7860 	DATA 	Keypress: space
172.7931 	EXP 	Imported condition_test_1.csv as conditions, 50 conditions, 4 params
172.7939 	EXP 	Created sequence: random, trialTypes=50, nReps=1, seed=None
172.7943 	EXP 	New trial (rep=0, index=0): OrderedDict([('sndfile', './stimuli_1/tmp/weak_110_2.wav'), ('tempo', 110), ('cond', 'weak'), ('delay', 1.1450489585925383)])
172.8175 	EXP 	text_5: autoDraw = False
174.3859 	DATA 	Keypress: space
175.2028 	DATA 	Keypress: space
175.6025 	DATA 	Keypress: space
176.1189 	DATA 	Keypress: space
176.7036 	DATA 	Keypress: space
177.1530 	DATA 	Keypress: space
177.5865 	DATA 	Keypress: space
178.1036 	DATA 	Keypress: space
178.6365 	DATA 	Keypress: space
179.1367 	DATA 	Keypress: space
179.5868 	DATA 	Keypress: space
180.0877 	DATA 	Keypress: space
180.5867 	DATA 	Keypress: space
181.0869 	DATA 	Keypress: space
181.5872 	DATA 	Keypress: space
182.1374 	DATA 	Keypress: space
182.6368 	DATA 	Keypress: space
183.1204 	DATA 	Keypress: space
184.9523 	EXP 	text_3: autoDraw = True
185.9464 	DATA 	Keypress: space
185.9478 	EXP 	New trial (rep=0, index=1): OrderedDict([('sndfile', './stimuli_1/tmp/medium_105_2.wav'), ('tempo', 105), ('cond', 'medium'), ('delay', 0.8825097572066065)])
185.9740 	EXP 	text_3: autoDraw = False
187.2874 	DATA 	Keypress: space
187.7715 	DATA 	Keypress: space
188.4882 	DATA 	Keypress: space
189.0880 	DATA 	Keypress: space
189.7211 	DATA 	Keypress: space
190.2877 	DATA 	Keypress: space
190.8599 	DATA 	Keypress: space
191.4382 	DATA 	Keypress: space
192.0276 	DATA 	Keypress: space
192.5723 	DATA 	Keypress: space
193.2050 	DATA 	Keypress: space
193.8888 	DATA 	Keypress: space
194.5624 	DATA 	Keypress: space
195.3556 	DATA 	Keypress: space
195.9961 	DATA 	Keypress: space
197.8374 	EXP 	text_3: autoDraw = True
199.4460 	DATA 	Keypress: space
199.4475 	EXP 	New trial (rep=0, index=2): OrderedDict([('sndfile', './stimuli_1/tmp/vweak_105_2.wav'), ('tempo', 105), ('cond', 'veryweak'), ('delay', 1.1450150374808907)])
199.4761 	EXP 	text_3: autoDraw = False
201.0230 	DATA 	Keypress: space
201.8068 	DATA 	Keypress: space
202.5129 	DATA 	Keypress: space
203.2072 	DATA 	Keypress: space
203.8404 	DATA 	Keypress: space
204.5136 	DATA 	Keypress: space
205.1738 	DATA 	Keypress: space
205.8243 	DATA 	Keypress: space
206.4076 	DATA 	Keypress: space
207.0976 	DATA 	Keypress: space
207.7081 	DATA 	Keypress: space
208.3747 	DATA 	Keypress: space
209.0417 	DATA 	Keypress: space
209.6749 	DATA 	Keypress: space
211.6125 	EXP 	text_3: autoDraw = True
212.7417 	DATA 	Keypress: space
212.7430 	EXP 	New trial (rep=0, index=3): OrderedDict([('sndfile', './stimuli_1/tmp/weak_95_2.wav'), ('tempo', 95), ('cond', 'weak'), ('delay', 1.3391653351857111)])
212.7563 	EXP 	text_3: autoDraw = False
214.4425 	DATA 	Keypress: space
215.1761 	DATA 	Keypress: space
216.1427 	DATA 	Keypress: space
216.8091 	DATA 	Keypress: space
217.5763 	DATA 	Keypress: space
218.2926 	DATA 	Keypress: space
219.0261 	DATA 	Keypress: space
219.6585 	DATA 	Keypress: space
220.3599 	DATA 	Keypress: space
221.0926 	DATA 	Keypress: space
221.9261 	DATA 	Keypress: space
222.5597 	DATA 	Keypress: space
223.1825 	DATA 	Keypress: space
225.0985 	EXP 	text_3: autoDraw = True
225.9104 	DATA 	Keypress: space
225.9116 	EXP 	New trial (rep=0, index=4): OrderedDict([('sndfile', './stimuli_1/tmp/weak_100_2.wav'), ('tempo', 100), ('cond', 'weak'), ('delay', 0.9744812486321696)])
225.9246 	EXP 	text_3: autoDraw = False
227.3115 	DATA 	Keypress: space
227.9441 	DATA 	Keypress: space
228.6284 	DATA 	Keypress: space
229.0823 	DATA 	Keypress: space
229.7276 	DATA 	Keypress: space
230.1658 	DATA 	Keypress: space
230.7449 	DATA 	Keypress: space
231.3454 	DATA 	Keypress: space
231.9776 	DATA 	Keypress: space
232.5949 	DATA 	Keypress: space
233.1949 	DATA 	Keypress: space
233.7360 	DATA 	Keypress: space
234.3619 	DATA 	Keypress: space
234.9949 	DATA 	Keypress: space
235.6287 	DATA 	Keypress: space
236.2668 	DATA 	Keypress: space
237.8935 	EXP 	text_3: autoDraw = True
238.4620 	DATA 	Keypress: space
238.4633 	EXP 	New trial (rep=0, index=5): OrderedDict([('sndfile', './stimuli_1/tmp/vweak_100_1.wav'), ('tempo', 100), ('cond', 'veryweak'), ('delay', 1.441965324529146)])
238.4767 	EXP 	text_3: autoDraw = False
240.3626 	DATA 	Keypress: space
241.2627 	DATA 	Keypress: space
241.8458 	DATA 	Keypress: space
242.2681 	DATA 	Keypress: space
242.7464 	DATA 	Keypress: space
243.2467 	DATA 	Keypress: space
243.7517 	DATA 	Keypress: space
244.2802 	DATA 	Keypress: space
244.9300 	DATA 	Keypress: space
245.2960 	DATA 	Keypress: space
245.7850 	DATA 	Keypress: space
246.2296 	DATA 	Keypress: space
246.7297 	DATA 	Keypress: space
247.1692 	DATA 	Keypress: space
247.6139 	DATA 	Keypress: space
248.0967 	DATA 	Keypress: space
248.6473 	DATA 	Keypress: space
249.1522 	DATA 	Keypress: space
250.9122 	EXP 	text_3: autoDraw = True
251.4310 	DATA 	Keypress: space
251.4322 	EXP 	New trial (rep=0, index=6): OrderedDict([('sndfile', './stimuli_1/tmp/strong_105_1.wav'), ('tempo', 105), ('cond', 'strong'), ('delay', 1.8750845453371756)])
251.4458 	EXP 	text_3: autoDraw = False
254.4487 	DATA 	Keypress: space
254.9809 	DATA 	Keypress: space
255.4817 	DATA 	Keypress: space
256.0483 	DATA 	Keypress: space
256.5990 	DATA 	Keypress: space
257.1654 	DATA 	Keypress: space
257.7159 	DATA 	Keypress: space
258.2820 	DATA 	Keypress: space
258.8380 	DATA 	Keypress: space
259.3486 	DATA 	Keypress: space
259.9159 	DATA 	Keypress: space
260.4657 	DATA 	Keypress: space
261.0487 	DATA 	Keypress: space
261.5658 	DATA 	Keypress: space
262.0823 	DATA 	Keypress: space
262.6826 	DATA 	Keypress: space
264.3139 	EXP 	text_3: autoDraw = True
265.1334 	DATA 	Keypress: space
265.1347 	EXP 	New trial (rep=0, index=7): OrderedDict([('sndfile', './stimuli_1/tmp/perfect_105_1.wav'), ('tempo', 105), ('cond', 'perfect'), ('delay', 1.612711409659772)])
265.1475 	EXP 	text_3: autoDraw = False
267.6667 	DATA 	Keypress: space
268.0499 	DATA 	Keypress: space
268.6167 	DATA 	Keypress: space
269.2003 	DATA 	Keypress: space
269.8010 	DATA 	Keypress: space
270.3679 	DATA 	Keypress: space
270.9390 	DATA 	Keypress: space
271.5171 	DATA 	Keypress: space
277.7664 	EXP 	text_3: autoDraw = True
279.5354 	DATA 	Keypress: space
279.5367 	EXP 	New trial (rep=0, index=8): OrderedDict([('sndfile', './stimuli_1/tmp/perfect_105_0.wav'), ('tempo', 105), ('cond', 'perfect'), ('delay', 2.376167666662905)])
279.5498 	EXP 	text_3: autoDraw = False
282.3859 	DATA 	Keypress: space
282.7359 	DATA 	Keypress: space
283.2354 	DATA 	Keypress: space
283.8196 	DATA 	Keypress: space
284.4088 	DATA 	Keypress: space
284.9693 	DATA 	Keypress: space
285.5528 	DATA 	Keypress: space
286.1197 	DATA 	Keypress: space
286.6693 	DATA 	Keypress: space
292.9257 	EXP 	text_3: autoDraw = True
294.7213 	DATA 	Keypress: space
294.7226 	EXP 	New trial (rep=0, index=9): OrderedDict([('sndfile', './stimuli_1/tmp/weak_100_1.wav'), ('tempo', 100), ('cond', 'weak'), ('delay', 0.9200911357943652)])
294.7357 	EXP 	text_3: autoDraw = False
296.6211 	DATA 	Keypress: space
297.3058 	DATA 	Keypress: space
297.9264 	DATA 	Keypress: space
298.5051 	DATA 	Keypress: space
299.1883 	DATA 	Keypress: space
299.8216 	DATA 	Keypress: space
300.4882 	DATA 	Keypress: space
300.9224 	DATA 	Keypress: space
301.5933 	DATA 	Keypress: space
302.1885 	DATA 	Keypress: space
302.8385 	DATA 	Keypress: space
303.4437 	DATA 	Keypress: space
304.0891 	DATA 	Keypress: space
304.7557 	DATA 	Keypress: space
306.6547 	EXP 	text_3: autoDraw = True
307.5063 	DATA 	Keypress: space
307.5076 	EXP 	New trial (rep=0, index=10): OrderedDict([('sndfile', './stimuli_1/tmp/strong_110_1.wav'), ('tempo', 110), ('cond', 'strong'), ('delay', 2.342405954917332)])
307.5209 	EXP 	text_3: autoDraw = False
311.0065 	DATA 	Keypress: space
311.5229 	DATA 	Keypress: space
312.0958 	DATA 	Keypress: space
312.6902 	DATA 	Keypress: space
313.2813 	DATA 	Keypress: space
313.8400 	DATA 	Keypress: space
314.4239 	DATA 	Keypress: space
314.9942 	DATA 	Keypress: space
315.5907 	DATA 	Keypress: space
316.1575 	DATA 	Keypress: space
316.7244 	DATA 	Keypress: space
317.3075 	DATA 	Keypress: space
317.8746 	DATA 	Keypress: space
318.4239 	DATA 	Keypress: space
319.0581 	DATA 	Keypress: space
320.8563 	EXP 	text_3: autoDraw = True
322.0415 	DATA 	Keypress: space
322.0428 	EXP 	New trial (rep=0, index=11): OrderedDict([('sndfile', './stimuli_1/tmp/vweak_100_2.wav'), ('tempo', 100), ('cond', 'veryweak'), ('delay', 0.9843923106260049)])
322.0561 	EXP 	text_3: autoDraw = False
323.8428 	DATA 	Keypress: space
324.4092 	DATA 	Keypress: space
325.0270 	DATA 	Keypress: space
325.7340 	DATA 	Keypress: space
326.3752 	DATA 	Keypress: space
326.9927 	DATA 	Keypress: space
327.6264 	DATA 	Keypress: space
328.2922 	DATA 	Keypress: space
328.9094 	DATA 	Keypress: space
329.5262 	DATA 	Keypress: space
330.1600 	DATA 	Keypress: space
330.8265 	DATA 	Keypress: space
331.4596 	DATA 	Keypress: space
332.1148 	DATA 	Keypress: space
332.8766 	DATA 	Keypress: space
334.0416 	EXP 	text_3: autoDraw = True
334.7433 	DATA 	Keypress: space
334.7445 	EXP 	New trial (rep=0, index=12): OrderedDict([('sndfile', './stimuli_1/tmp/medium_90_2.wav'), ('tempo', 90), ('cond', 'medium'), ('delay', 2.1384331573709567)])
334.7586 	EXP 	text_3: autoDraw = False
337.8276 	DATA 	Keypress: space
338.6608 	DATA 	Keypress: space
339.3273 	DATA 	Keypress: space
339.9950 	DATA 	Keypress: space
340.6496 	DATA 	Keypress: space
341.3452 	DATA 	Keypress: space
342.0951 	DATA 	Keypress: space
342.7358 	DATA 	Keypress: space
343.3948 	DATA 	Keypress: space
344.0786 	DATA 	Keypress: space
344.7785 	DATA 	Keypress: space
345.4618 	DATA 	Keypress: space
346.1854 	DATA 	Keypress: space
347.8937 	EXP 	text_3: autoDraw = True
348.7371 	DATA 	Keypress: space
348.7383 	EXP 	New trial (rep=0, index=13): OrderedDict([('sndfile', './stimuli_1/tmp/perfect_110_0.wav'), ('tempo', 110), ('cond', 'perfect'), ('delay', 1.8837210676143408)])
348.7654 	EXP 	text_3: autoDraw = False
351.1465 	DATA 	Keypress: space
351.8128 	DATA 	Keypress: space
352.3134 	DATA 	Keypress: space
352.8463 	DATA 	Keypress: space
353.3966 	DATA 	Keypress: space
353.9302 	DATA 	Keypress: space
354.4796 	DATA 	Keypress: space
355.0303 	DATA 	Keypress: space
355.6135 	DATA 	Keypress: space
361.6290 	EXP 	text_3: autoDraw = True
362.6643 	DATA 	Keypress: space
362.6656 	EXP 	New trial (rep=0, index=14): OrderedDict([('sndfile', './stimuli_1/tmp/medium_95_1.wav'), ('tempo', 95), ('cond', 'medium'), ('delay', 1.3706215803300168)])
362.6796 	EXP 	text_3: autoDraw = False
365.0651 	DATA 	Keypress: space
365.5483 	DATA 	Keypress: space
366.2867 	DATA 	Keypress: space
366.9481 	DATA 	Keypress: space
367.5653 	DATA 	Keypress: space
368.2869 	DATA 	Keypress: space
368.9825 	DATA 	Keypress: space
369.7326 	DATA 	Keypress: space
370.3822 	DATA 	Keypress: space
371.0823 	DATA 	Keypress: space
371.7653 	DATA 	Keypress: space
372.4327 	DATA 	Keypress: space
373.1162 	DATA 	Keypress: space
375.0481 	EXP 	text_3: autoDraw = True
375.8170 	DATA 	Keypress: space
375.8182 	EXP 	New trial (rep=0, index=15): OrderedDict([('sndfile', './stimuli_1/tmp/vweak_95_1.wav'), ('tempo', 95), ('cond', 'veryweak'), ('delay', 2.279644213301781)])
375.8313 	EXP 	text_3: autoDraw = False
379.0171 	DATA 	Keypress: space
379.6337 	DATA 	Keypress: space
380.2165 	DATA 	Keypress: space
380.8000 	DATA 	Keypress: space
381.4180 	DATA 	Keypress: space
382.0223 	DATA 	Keypress: space
382.6343 	DATA 	Keypress: space
383.2679 	DATA 	Keypress: space
383.8847 	DATA 	Keypress: space
384.5009 	DATA 	Keypress: space
385.1012 	DATA 	Keypress: space
385.7854 	DATA 	Keypress: space
386.3549 	DATA 	Keypress: space
386.9522 	DATA 	Keypress: space
387.5686 	DATA 	Keypress: space
389.1170 	EXP 	text_3: autoDraw = True
389.6858 	DATA 	Keypress: space
389.6871 	EXP 	New trial (rep=0, index=16): OrderedDict([('sndfile', './stimuli_1/tmp/medium_110_2.wav'), ('tempo', 110), ('cond', 'medium'), ('delay', 1.962096670593472)])
389.6999 	EXP 	text_3: autoDraw = False
392.5523 	DATA 	Keypress: space
393.0022 	DATA 	Keypress: space
393.5257 	DATA 	Keypress: space
394.0859 	DATA 	Keypress: space
394.8027 	DATA 	Keypress: space
395.3362 	DATA 	Keypress: space
395.7862 	DATA 	Keypress: space
396.2197 	DATA 	Keypress: space
396.7193 	DATA 	Keypress: space
397.1542 	DATA 	Keypress: space
397.6032 	DATA 	Keypress: space
398.1696 	DATA 	Keypress: space
398.6704 	DATA 	Keypress: space
399.1533 	DATA 	Keypress: space
399.6698 	DATA 	Keypress: space
400.1703 	DATA 	Keypress: space
400.8042 	DATA 	Keypress: space
402.6689 	EXP 	text_3: autoDraw = True
403.2879 	DATA 	Keypress: space
403.2896 	EXP 	New trial (rep=0, index=17): OrderedDict([('sndfile', './stimuli_1/tmp/strong_95_2.wav'), ('tempo', 95), ('cond', 'strong'), ('delay', 1.1173507911145857)])
403.3019 	EXP 	text_3: autoDraw = False
406.2891 	DATA 	Keypress: space
406.9544 	DATA 	Keypress: space
407.6096 	DATA 	Keypress: space
408.2712 	DATA 	Keypress: space
408.9385 	DATA 	Keypress: space
409.6388 	DATA 	Keypress: space
410.2892 	DATA 	Keypress: space
410.9551 	DATA 	Keypress: space
411.6057 	DATA 	Keypress: space
412.2889 	DATA 	Keypress: space
412.9392 	DATA 	Keypress: space
413.5392 	DATA 	Keypress: space
415.4207 	EXP 	text_3: autoDraw = True
416.1148 	DATA 	Keypress: space
416.1164 	EXP 	New trial (rep=0, index=18): OrderedDict([('sndfile', './stimuli_1/tmp/medium_90_1.wav'), ('tempo', 90), ('cond', 'medium'), ('delay', 1.3827594725962091)])
416.1423 	EXP 	text_3: autoDraw = False
418.3403 	DATA 	Keypress: space
418.9063 	DATA 	Keypress: space
419.6229 	DATA 	Keypress: space
420.3395 	DATA 	Keypress: space
421.0233 	DATA 	Keypress: space
421.7401 	DATA 	Keypress: space
422.4408 	DATA 	Keypress: space
423.0904 	DATA 	Keypress: space
423.7734 	DATA 	Keypress: space
424.5074 	DATA 	Keypress: space
425.1745 	DATA 	Keypress: space
425.8572 	DATA 	Keypress: space
426.5907 	DATA 	Keypress: space
428.5062 	EXP 	text_3: autoDraw = True
429.0413 	DATA 	Keypress: space
429.0425 	EXP 	New trial (rep=0, index=19): OrderedDict([('sndfile', './stimuli_1/tmp/medium_100_2.wav'), ('tempo', 100), ('cond', 'medium'), ('delay', 1.5709881706161974)])
429.0560 	EXP 	text_3: autoDraw = False
431.5936 	DATA 	Keypress: space
432.0420 	DATA 	Keypress: space
432.5754 	DATA 	Keypress: space
433.0753 	DATA 	Keypress: space
433.6587 	DATA 	Keypress: space
434.3099 	DATA 	Keypress: space
434.8751 	DATA 	Keypress: space
435.4427 	DATA 	Keypress: space
435.8420 	DATA 	Keypress: space
436.3594 	DATA 	Keypress: space
437.0757 	DATA 	Keypress: space
437.6763 	DATA 	Keypress: space
438.1591 	DATA 	Keypress: space
438.6310 	DATA 	Keypress: space
439.1093 	DATA 	Keypress: space
439.5766 	DATA 	Keypress: space
441.6245 	EXP 	text_3: autoDraw = True
442.5458 	DATA 	Keypress: space
442.5598 	EXP 	New trial (rep=0, index=20): OrderedDict([('sndfile', './stimuli_1/tmp/strong_100_1.wav'), ('tempo', 100), ('cond', 'strong'), ('delay', 1.2298337616078612)])
442.5747 	EXP 	text_3: autoDraw = False
444.6265 	DATA 	Keypress: space
445.1612 	DATA 	Keypress: space
445.9112 	DATA 	Keypress: space
446.6276 	DATA 	Keypress: space
447.2779 	DATA 	Keypress: space
447.9278 	DATA 	Keypress: space
448.5445 	DATA 	Keypress: space
449.1942 	DATA 	Keypress: space
449.8693 	DATA 	Keypress: space
450.5112 	DATA 	Keypress: space
451.1123 	DATA 	Keypress: space
451.7509 	DATA 	Keypress: space
452.4281 	DATA 	Keypress: space
453.0780 	DATA 	Keypress: space
454.8100 	EXP 	text_3: autoDraw = True
455.7788 	DATA 	Keypress: space
455.7801 	EXP 	New trial (rep=0, index=21): OrderedDict([('sndfile', './stimuli_1/tmp/perfect_90_1.wav'), ('tempo', 90), ('cond', 'perfect'), ('delay', 0.8790589196072783)])
455.7943 	EXP 	text_3: autoDraw = False
457.5455 	DATA 	Keypress: space
457.9957 	DATA 	Keypress: space
458.6803 	DATA 	Keypress: space
459.3459 	DATA 	Keypress: space
460.0292 	DATA 	Keypress: space
460.6798 	DATA 	Keypress: space
461.3465 	DATA 	Keypress: space
462.0130 	DATA 	Keypress: space
462.6637 	DATA 	Keypress: space
463.3968 	DATA 	Keypress: space
467.6786 	EXP 	text_3: autoDraw = True
468.3827 	DATA 	Keypress: space
468.3966 	EXP 	New trial (rep=0, index=22): OrderedDict([('sndfile', './stimuli_1/tmp/strong_105_2.wav'), ('tempo', 105), ('cond', 'strong'), ('delay', 0.9615404084728899)])
468.4116 	EXP 	text_3: autoDraw = False
470.5981 	DATA 	Keypress: space
471.2140 	DATA 	Keypress: space
471.8813 	DATA 	Keypress: space
472.5144 	DATA 	Keypress: space
473.1981 	DATA 	Keypress: space
473.8865 	DATA 	Keypress: space
474.5148 	DATA 	Keypress: space
475.1490 	DATA 	Keypress: space
475.7481 	DATA 	Keypress: space
476.4151 	DATA 	Keypress: space
477.0487 	DATA 	Keypress: space
477.7318 	DATA 	Keypress: space
478.3988 	DATA 	Keypress: space
480.3639 	EXP 	text_3: autoDraw = True
481.1499 	DATA 	Keypress: space
481.1515 	EXP 	New trial (rep=0, index=23): OrderedDict([('sndfile', './stimuli_1/tmp/weak_95_1.wav'), ('tempo', 95), ('cond', 'weak'), ('delay', 1.9726481258285025)])
481.1633 	EXP 	text_3: autoDraw = False
483.6499 	DATA 	Keypress: space
484.1504 	DATA 	Keypress: space
484.7328 	DATA 	Keypress: space
485.4163 	DATA 	Keypress: space
486.1002 	DATA 	Keypress: space
486.7671 	DATA 	Keypress: space
487.4221 	DATA 	Keypress: space
488.0675 	DATA 	Keypress: space
488.7503 	DATA 	Keypress: space
489.4003 	DATA 	Keypress: space
490.0669 	DATA 	Keypress: space
490.7839 	DATA 	Keypress: space
491.4842 	DATA 	Keypress: space
492.1340 	DATA 	Keypress: space
492.7845 	DATA 	Keypress: space
494.1325 	EXP 	text_3: autoDraw = True
497.5032 	DATA 	Keypress: space
497.5176 	EXP 	New trial (rep=0, index=24): OrderedDict([('sndfile', './stimuli_1/tmp/perfect_110_1.wav'), ('tempo', 110), ('cond', 'perfect'), ('delay', 1.7704271467992068)])
497.5335 	EXP 	text_3: autoDraw = False
500.1524 	DATA 	Keypress: space
500.5189 	DATA 	Keypress: space
501.0072 	DATA 	Keypress: space
501.5527 	DATA 	Keypress: space
502.0906 	DATA 	Keypress: space
502.6359 	DATA 	Keypress: space
503.1694 	DATA 	Keypress: space
503.7030 	DATA 	Keypress: space
504.2359 	DATA 	Keypress: space
510.3013 	EXP 	text_3: autoDraw = True
511.0607 	DATA 	Keypress: space
511.0622 	EXP 	New trial (rep=0, index=25): OrderedDict([('sndfile', './stimuli_1/tmp/vweak_90_2.wav'), ('tempo', 90), ('cond', 'veryweak'), ('delay', 1.0044987578235975)])
511.0900 	EXP 	text_3: autoDraw = False
513.0944 	DATA 	Keypress: space
513.6712 	DATA 	Keypress: space
514.2876 	DATA 	Keypress: space
514.9705 	DATA 	Keypress: space
515.5879 	DATA 	Keypress: space
516.2211 	DATA 	Keypress: space
516.9551 	DATA 	Keypress: space
517.5541 	DATA 	Keypress: space
518.1774 	DATA 	Keypress: space
518.8050 	DATA 	Keypress: space
519.5054 	DATA 	Keypress: space
520.2111 	DATA 	Keypress: space
520.7891 	DATA 	Keypress: space
521.4392 	DATA 	Keypress: space
523.0750 	EXP 	text_3: autoDraw = True
523.6552 	DATA 	Keypress: space
523.6565 	EXP 	New trial (rep=0, index=26): OrderedDict([('sndfile', './stimuli_1/tmp/medium_95_2.wav'), ('tempo', 95), ('cond', 'medium'), ('delay', 2.475357682924177)])
523.6706 	EXP 	text_3: autoDraw = False
527.0229 	DATA 	Keypress: space
527.4895 	DATA 	Keypress: space
528.9737 	DATA 	Keypress: space
529.6737 	DATA 	Keypress: space
530.4070 	DATA 	Keypress: space
531.0568 	DATA 	Keypress: space
531.7304 	DATA 	Keypress: space
532.4745 	DATA 	Keypress: space
533.1418 	DATA 	Keypress: space
533.8239 	DATA 	Keypress: space
534.5074 	DATA 	Keypress: space
535.1961 	DATA 	Keypress: space
537.1438 	EXP 	text_3: autoDraw = True
537.5416 	DATA 	Keypress: space
537.5571 	EXP 	New trial (rep=0, index=27): OrderedDict([('sndfile', './stimuli_1/tmp/medium_105_1.wav'), ('tempo', 105), ('cond', 'medium'), ('delay', 1.6663985327680324)])
537.5723 	EXP 	text_3: autoDraw = False
539.6808 	DATA 	Keypress: space
540.3745 	DATA 	Keypress: space
541.1584 	DATA 	Keypress: space
541.7252 	DATA 	Keypress: space
542.2635 	DATA 	Keypress: space
542.8418 	DATA 	Keypress: space
543.3918 	DATA 	Keypress: space
543.9088 	DATA 	Keypress: space
544.4590 	DATA 	Keypress: space
545.0762 	DATA 	Keypress: space
545.6420 	DATA 	Keypress: space
546.2256 	DATA 	Keypress: space
546.8309 	DATA 	Keypress: space
547.4259 	DATA 	Keypress: space
547.9089 	DATA 	Keypress: space
548.4930 	DATA 	Keypress: space
550.2411 	EXP 	text_3: autoDraw = True
550.9263 	DATA 	Keypress: space
550.9275 	EXP 	New trial (rep=0, index=28): OrderedDict([('sndfile', './stimuli_1/tmp/weak_110_1.wav'), ('tempo', 110), ('cond', 'weak'), ('delay', 2.302762081100819)])
550.9407 	EXP 	text_3: autoDraw = False
553.6618 	DATA 	Keypress: space
554.3820 	DATA 	Keypress: space
555.0102 	DATA 	Keypress: space
555.5774 	DATA 	Keypress: space
556.1271 	DATA 	Keypress: space
556.7103 	DATA 	Keypress: space
557.2989 	DATA 	Keypress: space
557.9273 	DATA 	Keypress: space
558.4938 	DATA 	Keypress: space
559.0777 	DATA 	Keypress: space
559.6779 	DATA 	Keypress: space
560.2449 	DATA 	Keypress: space
560.8664 	DATA 	Keypress: space
561.4450 	DATA 	Keypress: space
562.0777 	DATA 	Keypress: space
562.6449 	DATA 	Keypress: space
564.2432 	EXP 	text_3: autoDraw = True
565.0121 	DATA 	Keypress: space
565.0134 	EXP 	New trial (rep=0, index=29): OrderedDict([('sndfile', './stimuli_1/tmp/perfect_100_1.wav'), ('tempo', 100), ('cond', 'perfect'), ('delay', 2.462429502310373)])
565.0265 	EXP 	text_3: autoDraw = False
568.0292 	DATA 	Keypress: space
568.4623 	DATA 	Keypress: space
569.0134 	DATA 	Keypress: space
569.6290 	DATA 	Keypress: space
570.1971 	DATA 	Keypress: space
570.7958 	DATA 	Keypress: space
571.4025 	DATA 	Keypress: space
572.0130 	DATA 	Keypress: space
572.6128 	DATA 	Keypress: space
578.4955 	EXP 	text_3: autoDraw = True
579.0808 	DATA 	Keypress: space
579.0822 	EXP 	New trial (rep=0, index=30): OrderedDict([('sndfile', './stimuli_1/tmp/medium_110_1.wav'), ('tempo', 110), ('cond', 'medium'), ('delay', 1.6223651347148935)])
579.0953 	EXP 	text_3: autoDraw = False
581.7311 	DATA 	Keypress: space
582.4359 	DATA 	Keypress: space
583.0314 	DATA 	Keypress: space
583.6318 	DATA 	Keypress: space
584.1978 	DATA 	Keypress: space
584.7656 	DATA 	Keypress: space
585.3654 	DATA 	Keypress: space
585.9482 	DATA 	Keypress: space
586.5388 	DATA 	Keypress: space
587.0982 	DATA 	Keypress: space
587.6993 	DATA 	Keypress: space
588.2993 	DATA 	Keypress: space
588.8326 	DATA 	Keypress: space
589.4324 	DATA 	Keypress: space
589.9710 	DATA 	Keypress: space
591.7141 	EXP 	text_3: autoDraw = True
592.3002 	DATA 	Keypress: space
592.3014 	EXP 	New trial (rep=0, index=31): OrderedDict([('sndfile', './stimuli_1/tmp/vweak_105_1.wav'), ('tempo', 105), ('cond', 'veryweak'), ('delay', 2.000868469173824)])
592.3144 	EXP 	text_3: autoDraw = False
594.7834 	DATA 	Keypress: space
595.4336 	DATA 	Keypress: space
596.0500 	DATA 	Keypress: space
596.7172 	DATA 	Keypress: space
597.3336 	DATA 	Keypress: space
597.9172 	DATA 	Keypress: space
598.5231 	DATA 	Keypress: space
599.0840 	DATA 	Keypress: space
599.6670 	DATA 	Keypress: space
600.2839 	DATA 	Keypress: space
600.8177 	DATA 	Keypress: space
601.4010 	DATA 	Keypress: space
602.0340 	DATA 	Keypress: space
602.6849 	DATA 	Keypress: space
603.2685 	DATA 	Keypress: space
605.3163 	EXP 	text_3: autoDraw = True
606.0519 	DATA 	Keypress: space
606.0532 	EXP 	New trial (rep=0, index=32): OrderedDict([('sndfile', './stimuli_1/tmp/strong_110_2.wav'), ('tempo', 110), ('cond', 'strong'), ('delay', 1.9369911731854192)])
606.0664 	EXP 	text_3: autoDraw = False
608.6776 	DATA 	Keypress: space
609.0853 	DATA 	Keypress: space
609.6689 	DATA 	Keypress: space
610.2527 	DATA 	Keypress: space
610.8361 	DATA 	Keypress: space
611.4185 	DATA 	Keypress: space
612.0185 	DATA 	Keypress: space
612.6357 	DATA 	Keypress: space
613.2189 	DATA 	Keypress: space
613.8029 	DATA 	Keypress: space
614.3865 	DATA 	Keypress: space
614.9691 	DATA 	Keypress: space
615.5434 	DATA 	Keypress: space
616.1192 	DATA 	Keypress: space
616.6864 	DATA 	Keypress: space
617.3365 	DATA 	Keypress: space
619.0015 	EXP 	text_3: autoDraw = True
619.5034 	DATA 	Keypress: space
619.5049 	EXP 	New trial (rep=0, index=33): OrderedDict([('sndfile', './stimuli_1/tmp/perfect_95_1.wav'), ('tempo', 95), ('cond', 'perfect'), ('delay', 0.8659592093324232)])
619.5183 	EXP 	text_3: autoDraw = False
621.5044 	DATA 	Keypress: space
622.0871 	DATA 	Keypress: space
622.7714 	DATA 	Keypress: space
623.3551 	DATA 	Keypress: space
624.0041 	DATA 	Keypress: space
624.6712 	DATA 	Keypress: space
625.2711 	DATA 	Keypress: space
625.9213 	DATA 	Keypress: space
631.3866 	EXP 	text_3: autoDraw = True
632.2726 	DATA 	Keypress: space
632.2738 	EXP 	New trial (rep=0, index=34): OrderedDict([('sndfile', './stimuli_1/tmp/vweak_110_1.wav'), ('tempo', 110), ('cond', 'veryweak'), ('delay', 1.3407186132175697)])
632.2863 	EXP 	text_3: autoDraw = False
634.1239 	DATA 	Keypress: space
634.9227 	DATA 	Keypress: space
635.9233 	DATA 	Keypress: space
636.6227 	DATA 	Keypress: space
637.8895 	DATA 	Keypress: space
638.5741 	DATA 	Keypress: space
638.9566 	DATA 	Keypress: space
639.1403 	DATA 	Keypress: space
639.5737 	DATA 	Keypress: space
639.9401 	DATA 	Keypress: space
640.4246 	DATA 	Keypress: space
640.9073 	DATA 	Keypress: space
641.3237 	DATA 	Keypress: space
641.8248 	DATA 	Keypress: space
642.3237 	DATA 	Keypress: space
642.9411 	DATA 	Keypress: space
644.6222 	EXP 	text_3: autoDraw = True
645.1749 	DATA 	Keypress: space
645.1763 	EXP 	New trial (rep=0, index=35): OrderedDict([('sndfile', './stimuli_1/tmp/perfect_95_0.wav'), ('tempo', 95), ('cond', 'perfect'), ('delay', 1.4400885785760469)])
645.1893 	EXP 	text_3: autoDraw = False
647.3172 	DATA 	Keypress: space
647.6744 	DATA 	Keypress: space
648.3251 	DATA 	Keypress: space
648.9584 	DATA 	Keypress: space
649.6086 	DATA 	Keypress: space
650.2251 	DATA 	Keypress: space
650.8586 	DATA 	Keypress: space
651.4750 	DATA 	Keypress: space
652.1085 	DATA 	Keypress: space
657.6240 	EXP 	text_3: autoDraw = True
658.0924 	DATA 	Keypress: space
658.0938 	EXP 	New trial (rep=0, index=36): OrderedDict([('sndfile', './stimuli_1/tmp/vweak_95_2.wav'), ('tempo', 95), ('cond', 'veryweak'), ('delay', 1.1399322262275913)])
658.1077 	EXP 	text_3: autoDraw = False
660.4764 	DATA 	Keypress: space
661.1099 	DATA 	Keypress: space
661.7767 	DATA 	Keypress: space
662.3763 	DATA 	Keypress: space
663.0101 	DATA 	Keypress: space
663.6110 	DATA 	Keypress: space
664.2270 	DATA 	Keypress: space
664.8658 	DATA 	Keypress: space
665.4936 	DATA 	Keypress: space
666.0769 	DATA 	Keypress: space
666.7609 	DATA 	Keypress: space
667.3657 	DATA 	Keypress: space
667.9775 	DATA 	Keypress: space
668.5948 	DATA 	Keypress: space
670.2423 	EXP 	text_3: autoDraw = True
671.4848 	DATA 	Keypress: space
671.4861 	EXP 	New trial (rep=0, index=37): OrderedDict([('sndfile', './stimuli_1/tmp/strong_95_1.wav'), ('tempo', 95), ('cond', 'strong'), ('delay', 1.2238592690797745)])
671.5144 	EXP 	text_3: autoDraw = False
673.5211 	DATA 	Keypress: space
674.0114 	DATA 	Keypress: space
674.6182 	DATA 	Keypress: space
675.2116 	DATA 	Keypress: space
675.8286 	DATA 	Keypress: space
676.4452 	DATA 	Keypress: space
677.0790 	DATA 	Keypress: space
677.6620 	DATA 	Keypress: space
678.2960 	DATA 	Keypress: space
678.8802 	DATA 	Keypress: space
679.4955 	DATA 	Keypress: space
680.0964 	DATA 	Keypress: space
680.6962 	DATA 	Keypress: space
681.3300 	DATA 	Keypress: space
681.9013 	DATA 	Keypress: space
683.7284 	EXP 	text_3: autoDraw = True
684.6141 	DATA 	Keypress: space
684.6155 	EXP 	New trial (rep=0, index=38): OrderedDict([('sndfile', './stimuli_1/tmp/weak_105_2.wav'), ('tempo', 105), ('cond', 'weak'), ('delay', 2.065051120273794)])
684.6276 	EXP 	text_3: autoDraw = False
687.1021 	DATA 	Keypress: space
687.5974 	DATA 	Keypress: space
688.1306 	DATA 	Keypress: space
688.7141 	DATA 	Keypress: space
689.2641 	DATA 	Keypress: space
689.9149 	DATA 	Keypress: space
690.5315 	DATA 	Keypress: space
691.1811 	DATA 	Keypress: space
691.8145 	DATA 	Keypress: space
692.4316 	DATA 	Keypress: space
693.0483 	DATA 	Keypress: space
693.6027 	DATA 	Keypress: space
694.2478 	DATA 	Keypress: space
694.7817 	DATA 	Keypress: space
695.3818 	DATA 	Keypress: space
696.0822 	DATA 	Keypress: space
697.6968 	EXP 	text_3: autoDraw = True
698.1088 	DATA 	Keypress: space
698.1103 	EXP 	New trial (rep=0, index=39): OrderedDict([('sndfile', './stimuli_1/tmp/weak_90_2.wav'), ('tempo', 90), ('cond', 'weak'), ('delay', 2.0384375203910188)])
698.1350 	EXP 	text_3: autoDraw = False
700.6657 	DATA 	Keypress: space
701.1828 	DATA 	Keypress: space
701.8996 	DATA 	Keypress: space
702.5829 	DATA 	Keypress: space
703.1829 	DATA 	Keypress: space
703.8337 	DATA 	Keypress: space
704.5161 	DATA 	Keypress: space
705.1499 	DATA 	Keypress: space
705.8668 	DATA 	Keypress: space
706.5498 	DATA 	Keypress: space
707.1735 	DATA 	Keypress: space
707.8172 	DATA 	Keypress: space
708.4840 	DATA 	Keypress: space
709.1745 	DATA 	Keypress: space
711.1658 	EXP 	text_3: autoDraw = True
712.2058 	DATA 	Keypress: space
712.2070 	EXP 	New trial (rep=0, index=40): OrderedDict([('sndfile', './stimuli_1/tmp/perfect_100_0.wav'), ('tempo', 100), ('cond', 'perfect'), ('delay', 2.1771183722066985)])
712.2373 	EXP 	text_3: autoDraw = False
714.9343 	DATA 	Keypress: space
715.4677 	DATA 	Keypress: space
715.9683 	DATA 	Keypress: space
716.5515 	DATA 	Keypress: space
717.1522 	DATA 	Keypress: space
717.7413 	DATA 	Keypress: space
718.3183 	DATA 	Keypress: space
718.9018 	DATA 	Keypress: space
719.5189 	DATA 	Keypress: space
725.4013 	EXP 	text_3: autoDraw = True
725.7699 	DATA 	Keypress: space
725.7712 	EXP 	New trial (rep=0, index=41): OrderedDict([('sndfile', './stimuli_1/tmp/strong_90_2.wav'), ('tempo', 90), ('cond', 'strong'), ('delay', 1.29545815814535)])
725.7842 	EXP 	text_3: autoDraw = False
727.5203 	DATA 	Keypress: space
728.0371 	DATA 	Keypress: space
728.6201 	DATA 	Keypress: space
729.2758 	DATA 	Keypress: space
729.9204 	DATA 	Keypress: space
730.5872 	DATA 	Keypress: space
731.2587 	DATA 	Keypress: space
731.9037 	DATA 	Keypress: space
732.5379 	DATA 	Keypress: space
733.2041 	DATA 	Keypress: space
733.8379 	DATA 	Keypress: space
734.4876 	DATA 	Keypress: space
735.1217 	DATA 	Keypress: space
735.7883 	DATA 	Keypress: space
736.4387 	DATA 	Keypress: space
738.0863 	EXP 	text_3: autoDraw = True
738.8886 	DATA 	Keypress: space
738.8900 	EXP 	New trial (rep=0, index=42): OrderedDict([('sndfile', './stimuli_1/tmp/strong_90_1.wav'), ('tempo', 90), ('cond', 'strong'), ('delay', 1.0878185010355936)])
738.9035 	EXP 	text_3: autoDraw = False
740.8890 	DATA 	Keypress: space
741.6887 	DATA 	Keypress: space
742.3724 	DATA 	Keypress: space
743.0396 	DATA 	Keypress: space
743.7890 	DATA 	Keypress: space
744.4943 	DATA 	Keypress: space
745.1566 	DATA 	Keypress: space
745.9065 	DATA 	Keypress: space
746.6243 	DATA 	Keypress: space
747.2728 	DATA 	Keypress: space
748.0400 	DATA 	Keypress: space
748.7232 	DATA 	Keypress: space
749.4240 	DATA 	Keypress: space
750.9882 	EXP 	text_3: autoDraw = True
751.4400 	DATA 	Keypress: space
751.4412 	EXP 	New trial (rep=0, index=43): OrderedDict([('sndfile', './stimuli_1/tmp/weak_105_1.wav'), ('tempo', 105), ('cond', 'weak'), ('delay', 2.3476680969619683)])
751.4553 	EXP 	text_3: autoDraw = False
754.2080 	DATA 	Keypress: space
754.9456 	DATA 	Keypress: space
755.8578 	DATA 	Keypress: space
756.3741 	DATA 	Keypress: space
757.0911 	DATA 	Keypress: space
757.6916 	DATA 	Keypress: space
758.2962 	DATA 	Keypress: space
758.9909 	DATA 	Keypress: space
759.4579 	DATA 	Keypress: space
759.9410 	DATA 	Keypress: space
760.2964 	DATA 	Keypress: space
760.6757 	DATA 	Keypress: space
761.4465 	DATA 	Keypress: space
761.7417 	DATA 	Keypress: space
762.0591 	DATA 	Keypress: space
762.2917 	DATA 	Keypress: space
762.9262 	DATA 	Keypress: space
764.8070 	EXP 	text_3: autoDraw = True
765.1427 	DATA 	Keypress: space
765.1439 	EXP 	New trial (rep=0, index=44): OrderedDict([('sndfile', './stimuli_1/tmp/medium_100_1.wav'), ('tempo', 100), ('cond', 'medium'), ('delay', 0.9469441789171564)])
765.1570 	EXP 	text_3: autoDraw = False
766.5930 	DATA 	Keypress: space
767.1270 	DATA 	Keypress: space
767.8771 	DATA 	Keypress: space
768.5296 	DATA 	Keypress: space
769.1932 	DATA 	Keypress: space
769.8266 	DATA 	Keypress: space
770.4816 	DATA 	Keypress: space
771.1433 	DATA 	Keypress: space
771.7766 	DATA 	Keypress: space
772.4434 	DATA 	Keypress: space
773.0765 	DATA 	Keypress: space
773.7106 	DATA 	Keypress: space
774.3773 	DATA 	Keypress: space
775.0106 	DATA 	Keypress: space
777.1085 	EXP 	text_3: autoDraw = True
777.8279 	DATA 	Keypress: space
777.8291 	EXP 	New trial (rep=0, index=45): OrderedDict([('sndfile', './stimuli_1/tmp/vweak_110_2.wav'), ('tempo', 110), ('cond', 'veryweak'), ('delay', 1.2375564653250335)])
777.8426 	EXP 	text_3: autoDraw = False
779.5947 	DATA 	Keypress: space
780.1115 	DATA 	Keypress: space
780.5951 	DATA 	Keypress: space
781.0783 	DATA 	Keypress: space
781.6444 	DATA 	Keypress: space
782.1954 	DATA 	Keypress: space
782.7282 	DATA 	Keypress: space
783.2959 	DATA 	Keypress: space
783.8781 	DATA 	Keypress: space
784.4784 	DATA 	Keypress: space
785.1617 	DATA 	Keypress: space
785.7792 	DATA 	Keypress: space
786.4293 	DATA 	Keypress: space
787.0622 	DATA 	Keypress: space
787.6177 	DATA 	Keypress: space
788.1958 	DATA 	Keypress: space
790.0775 	EXP 	text_3: autoDraw = True
790.3961 	DATA 	Keypress: space
790.3973 	EXP 	New trial (rep=0, index=46): OrderedDict([('sndfile', './stimuli_1/tmp/weak_90_1.wav'), ('tempo', 90), ('cond', 'weak'), ('delay', 1.282481392037714)])
790.4107 	EXP 	text_3: autoDraw = False
792.1562 	DATA 	Keypress: space
792.6132 	DATA 	Keypress: space
793.0634 	DATA 	Keypress: space
793.8139 	DATA 	Keypress: space
794.5466 	DATA 	Keypress: space
795.2474 	DATA 	Keypress: space
795.8468 	DATA 	Keypress: space
796.4971 	DATA 	Keypress: space
797.1521 	DATA 	Keypress: space
797.6968 	DATA 	Keypress: space
798.2974 	DATA 	Keypress: space
798.8311 	DATA 	Keypress: space
799.4310 	DATA 	Keypress: space
800.0642 	DATA 	Keypress: space
800.7034 	DATA 	Keypress: space
802.6870 	EXP 	text_3: autoDraw = True
802.9988 	DATA 	Keypress: space
803.0000 	EXP 	New trial (rep=0, index=47): OrderedDict([('sndfile', './stimuli_1/tmp/strong_100_2.wav'), ('tempo', 100), ('cond', 'strong'), ('delay', 1.5994648074282498)])
803.0124 	EXP 	text_3: autoDraw = False
805.0827 	DATA 	Keypress: space
805.3983 	DATA 	Keypress: space
805.8651 	DATA 	Keypress: space
806.4654 	DATA 	Keypress: space
807.0986 	DATA 	Keypress: space
807.6545 	DATA 	Keypress: space
808.2818 	DATA 	Keypress: space
808.8992 	DATA 	Keypress: space
809.5540 	DATA 	Keypress: space
810.1837 	DATA 	Keypress: space
810.7164 	DATA 	Keypress: space
811.3324 	DATA 	Keypress: space
812.1326 	DATA 	Keypress: space
812.7499 	DATA 	Keypress: space
813.2064 	DATA 	Keypress: space
813.8335 	DATA 	Keypress: space
815.6148 	EXP 	text_3: autoDraw = True
816.1935 	DATA 	Keypress: space
816.1947 	EXP 	New trial (rep=0, index=48): OrderedDict([('sndfile', './stimuli_1/tmp/perfect_90_0.wav'), ('tempo', 90), ('cond', 'perfect'), ('delay', 1.6568604876231643)])
816.2197 	EXP 	text_3: autoDraw = False
818.3342 	DATA 	Keypress: space
818.6334 	DATA 	Keypress: space
819.1841 	DATA 	Keypress: space
819.9177 	DATA 	Keypress: space
820.5675 	DATA 	Keypress: space
821.2181 	DATA 	Keypress: space
821.8845 	DATA 	Keypress: space
822.5677 	DATA 	Keypress: space
823.2077 	DATA 	Keypress: space
823.8849 	DATA 	Keypress: space
828.8499 	EXP 	text_3: autoDraw = True
829.5879 	DATA 	Keypress: space
829.6014 	EXP 	New trial (rep=0, index=49): OrderedDict([('sndfile', './stimuli_1/tmp/vweak_90_1.wav'), ('tempo', 90), ('cond', 'veryweak'), ('delay', 0.8362780865168179)])
829.6169 	EXP 	text_3: autoDraw = False
830.9522 	DATA 	Keypress: space
831.6740 	DATA 	Keypress: space
832.5357 	DATA 	Keypress: space
833.2867 	DATA 	Keypress: space
834.0030 	DATA 	Keypress: space
834.7360 	DATA 	Keypress: space
835.4530 	DATA 	Keypress: space
836.2033 	DATA 	Keypress: space
836.9367 	DATA 	Keypress: space
837.6699 	DATA 	Keypress: space
838.3749 	DATA 	Keypress: space
839.0864 	DATA 	Keypress: space
841.4519 	EXP 	text_3: autoDraw = True
841.9212 	DATA 	Keypress: space
841.9356 	EXP 	text_3: autoDraw = False
841.9356 	EXP 	text_6: autoDraw = True
848.6391 	DATA 	Keypress: space
848.6464 	EXP 	Imported condition_test_2.csv as conditions, 50 conditions, 4 params
848.6469 	EXP 	Created sequence: random, trialTypes=50, nReps=1, seed=None
848.6474 	EXP 	New trial (rep=0, index=0): OrderedDict([('sndfile', './stimuli_2/tmp/vweak_105_3.wav'), ('tempo', 105), ('cond', 'veryweak'), ('delay', 1.505363686413271)])
848.6696 	EXP 	text_6: autoDraw = False
850.6723 	DATA 	Keypress: space
851.3718 	DATA 	Keypress: space
851.9118 	DATA 	Keypress: space
852.5057 	DATA 	Keypress: space
853.1721 	DATA 	Keypress: space
853.7798 	DATA 	Keypress: space
854.4228 	DATA 	Keypress: space
855.0403 	DATA 	Keypress: space
855.6392 	DATA 	Keypress: space
856.3569 	DATA 	Keypress: space
856.9578 	DATA 	Keypress: space
857.5568 	DATA 	Keypress: space
858.2237 	DATA 	Keypress: space
858.8572 	DATA 	Keypress: space
859.4578 	DATA 	Keypress: space
861.1724 	EXP 	text_4: autoDraw = True
861.5252 	DATA 	Keypress: space
861.5398 	EXP 	New trial (rep=0, index=1): OrderedDict([('sndfile', './stimuli_2/tmp/medium_100_4.wav'), ('tempo', 100), ('cond', 'medium'), ('delay', 1.1108721091211078)])
861.5552 	EXP 	text_4: autoDraw = False
863.5071 	DATA 	Keypress: space
864.1409 	DATA 	Keypress: space
864.8075 	DATA 	Keypress: space
865.4076 	DATA 	Keypress: space
866.0416 	DATA 	Keypress: space
866.7078 	DATA 	Keypress: space
867.3748 	DATA 	Keypress: space
868.0245 	DATA 	Keypress: space
868.6587 	DATA 	Keypress: space
869.2927 	DATA 	Keypress: space
869.9081 	DATA 	Keypress: space
870.5918 	DATA 	Keypress: space
871.2084 	DATA 	Keypress: space
871.8584 	DATA 	Keypress: space
873.6574 	EXP 	text_4: autoDraw = True
874.0756 	DATA 	Keypress: space
874.0771 	EXP 	New trial (rep=0, index=2): OrderedDict([('sndfile', './stimuli_2/tmp/weak_100_4.wav'), ('tempo', 100), ('cond', 'weak'), ('delay', 1.8643156091783653)])
874.0903 	EXP 	text_4: autoDraw = False
876.4431 	DATA 	Keypress: space
876.9091 	DATA 	Keypress: space
877.5847 	DATA 	Keypress: space
878.1763 	DATA 	Keypress: space
878.8100 	DATA 	Keypress: space
879.4480 	DATA 	Keypress: space
880.1765 	DATA 	Keypress: space
880.7934 	DATA 	Keypress: space
881.4275 	DATA 	Keypress: space
882.0149 	DATA 	Keypress: space
882.6436 	DATA 	Keypress: space
883.2767 	DATA 	Keypress: space
883.9103 	DATA 	Keypress: space
884.5488 	DATA 	Keypress: space
885.1944 	DATA 	Keypress: space
886.9590 	EXP 	text_4: autoDraw = True
887.4273 	DATA 	Keypress: space
887.4287 	EXP 	New trial (rep=0, index=3): OrderedDict([('sndfile', './stimuli_2/tmp/strong_110_3.wav'), ('tempo', 110), ('cond', 'strong'), ('delay', 2.128797507874421)])
887.4418 	EXP 	text_4: autoDraw = False
890.0289 	DATA 	Keypress: space
890.7776 	DATA 	Keypress: space
891.2113 	DATA 	Keypress: space
891.7118 	DATA 	Keypress: space
892.2447 	DATA 	Keypress: space
892.7617 	DATA 	Keypress: space
893.2789 	DATA 	Keypress: space
893.8127 	DATA 	Keypress: space
894.3630 	DATA 	Keypress: space
894.8785 	DATA 	Keypress: space
895.3954 	DATA 	Keypress: space
895.9285 	DATA 	Keypress: space
896.4451 	DATA 	Keypress: space
896.9964 	DATA 	Keypress: space
897.4986 	DATA 	Keypress: space
898.0303 	DATA 	Keypress: space
898.5290 	DATA 	Keypress: space
900.5776 	EXP 	text_4: autoDraw = True
901.2197 	DATA 	Keypress: space
901.2210 	EXP 	New trial (rep=0, index=4): OrderedDict([('sndfile', './stimuli_2/tmp/vweak_95_4.wav'), ('tempo', 95), ('cond', 'veryweak'), ('delay', 1.2922043074511544)])
901.2495 	EXP 	text_4: autoDraw = False
903.4466 	DATA 	Keypress: space
904.3306 	DATA 	Keypress: space
904.8965 	DATA 	Keypress: space
905.5312 	DATA 	Keypress: space
906.1635 	DATA 	Keypress: space
906.7230 	DATA 	Keypress: space
907.2968 	DATA 	Keypress: space
907.9806 	DATA 	Keypress: space
908.5637 	DATA 	Keypress: space
909.1870 	DATA 	Keypress: space
909.8142 	DATA 	Keypress: space
910.4141 	DATA 	Keypress: space
911.0477 	DATA 	Keypress: space
911.6868 	DATA 	Keypress: space
912.2978 	DATA 	Keypress: space
913.5296 	EXP 	text_4: autoDraw = True
914.1824 	DATA 	Keypress: space
914.1841 	EXP 	New trial (rep=0, index=5): OrderedDict([('sndfile', './stimuli_2/tmp/vweak_100_4.wav'), ('tempo', 100), ('cond', 'veryweak'), ('delay', 1.7061160215264062)])
914.1960 	EXP 	text_4: autoDraw = False
916.7922 	DATA 	Keypress: space
917.3821 	DATA 	Keypress: space
917.9327 	DATA 	Keypress: space
918.4986 	DATA 	Keypress: space
919.2158 	DATA 	Keypress: space
919.9829 	DATA 	Keypress: space
920.3095 	DATA 	Keypress: space
920.8655 	DATA 	Keypress: space
921.7829 	DATA 	Keypress: space
922.5496 	DATA 	Keypress: space
923.1505 	DATA 	Keypress: space
923.8361 	DATA 	Keypress: space
924.4676 	DATA 	Keypress: space
925.0335 	DATA 	Keypress: space
926.8983 	EXP 	text_4: autoDraw = True
927.2432 	DATA 	Keypress: space
927.2453 	EXP 	New trial (rep=0, index=6): OrderedDict([('sndfile', './stimuli_2/tmp/strong_95_4.wav'), ('tempo', 95), ('cond', 'strong'), ('delay', 1.3122188661972012)])
927.2700 	EXP 	text_4: autoDraw = False
928.9667 	DATA 	Keypress: space
929.3682 	DATA 	Keypress: space
930.0185 	DATA 	Keypress: space
930.7898 	DATA 	Keypress: space
931.4671 	DATA 	Keypress: space
932.2171 	DATA 	Keypress: space
932.8845 	DATA 	Keypress: space
933.6366 	DATA 	Keypress: space
934.3182 	DATA 	Keypress: space
935.0186 	DATA 	Keypress: space
935.7068 	DATA 	Keypress: space
936.4188 	DATA 	Keypress: space
937.1032 	DATA 	Keypress: space
937.8525 	DATA 	Keypress: space
939.5673 	EXP 	text_4: autoDraw = True
939.9022 	DATA 	Keypress: space
939.9035 	EXP 	New trial (rep=0, index=7): OrderedDict([('sndfile', './stimuli_2/tmp/vweak_110_3.wav'), ('tempo', 110), ('cond', 'veryweak'), ('delay', 1.9493514140483303)])
939.9172 	EXP 	text_4: autoDraw = False
942.2930 	DATA 	Keypress: space
942.8690 	DATA 	Keypress: space
943.5025 	DATA 	Keypress: space
944.2698 	DATA 	Keypress: space
944.6703 	DATA 	Keypress: space
945.2530 	DATA 	Keypress: space
945.8913 	DATA 	Keypress: space
946.6037 	DATA 	Keypress: space
947.0698 	DATA 	Keypress: space
947.3751 	DATA 	Keypress: space
947.8035 	DATA 	Keypress: space
948.2029 	DATA 	Keypress: space
948.5036 	DATA 	Keypress: space
948.9204 	DATA 	Keypress: space
949.5200 	DATA 	Keypress: space
950.0702 	DATA 	Keypress: space
950.9604 	DATA 	Keypress: space
952.8685 	EXP 	text_4: autoDraw = True
953.1883 	DATA 	Keypress: space
953.1896 	EXP 	New trial (rep=0, index=8): OrderedDict([('sndfile', './stimuli_2/tmp/weak_90_4.wav'), ('tempo', 90), ('cond', 'weak'), ('delay', 2.0685733483084743)])
953.2018 	EXP 	text_4: autoDraw = False
955.7552 	DATA 	Keypress: space
956.3376 	DATA 	Keypress: space
957.1049 	DATA 	Keypress: space
957.7548 	DATA 	Keypress: space
958.4721 	DATA 	Keypress: space
959.1563 	DATA 	Keypress: space
959.8556 	DATA 	Keypress: space
960.5050 	DATA 	Keypress: space
961.2389 	DATA 	Keypress: space
961.8727 	DATA 	Keypress: space
962.5219 	DATA 	Keypress: space
963.2390 	DATA 	Keypress: space
963.9232 	DATA 	Keypress: space
964.6062 	DATA 	Keypress: space
966.2710 	EXP 	text_4: autoDraw = True
966.7227 	DATA 	Keypress: space
966.7240 	EXP 	New trial (rep=0, index=9): OrderedDict([('sndfile', './stimuli_2/tmp/perfect_105_1.wav'), ('tempo', 105), ('cond', 'perfect'), ('delay', 1.9598890814615504)])
966.7380 	EXP 	text_4: autoDraw = False
969.5738 	DATA 	Keypress: space
970.1070 	DATA 	Keypress: space
970.6070 	DATA 	Keypress: space
971.1740 	DATA 	Keypress: space
971.7410 	DATA 	Keypress: space
972.3074 	DATA 	Keypress: space
972.8569 	DATA 	Keypress: space
973.4406 	DATA 	Keypress: space
979.6892 	EXP 	text_4: autoDraw = True
980.0801 	DATA 	Keypress: space
980.0814 	EXP 	New trial (rep=0, index=10): OrderedDict([('sndfile', './stimuli_2/tmp/vweak_100_3.wav'), ('tempo', 100), ('cond', 'veryweak'), ('delay', 0.8472696952655959)])
980.0999 	EXP 	text_4: autoDraw = False
981.8424 	DATA 	Keypress: space
982.4425 	DATA 	Keypress: space
983.1092 	DATA 	Keypress: space
983.8090 	DATA 	Keypress: space
984.4092 	DATA 	Keypress: space
985.1595 	DATA 	Keypress: space
985.7595 	DATA 	Keypress: space
986.3927 	DATA 	Keypress: space
987.1263 	DATA 	Keypress: space
987.7597 	DATA 	Keypress: space
988.4097 	DATA 	Keypress: space
989.1096 	DATA 	Keypress: space
989.7102 	DATA 	Keypress: space
990.3604 	DATA 	Keypress: space
991.9413 	EXP 	text_4: autoDraw = True
992.2939 	DATA 	Keypress: space
992.2951 	EXP 	New trial (rep=0, index=11): OrderedDict([('sndfile', './stimuli_2/tmp/medium_100_3.wav'), ('tempo', 100), ('cond', 'medium'), ('delay', 0.9227517929886035)])
992.3084 	EXP 	text_4: autoDraw = False
994.1442 	DATA 	Keypress: space
994.5940 	DATA 	Keypress: space
995.0986 	DATA 	Keypress: space
995.6438 	DATA 	Keypress: space
996.1607 	DATA 	Keypress: space
996.6776 	DATA 	Keypress: space
997.1844 	DATA 	Keypress: space
997.7106 	DATA 	Keypress: space
998.2114 	DATA 	Keypress: space
998.7612 	DATA 	Keypress: space
999.2947 	DATA 	Keypress: space
999.8112 	DATA 	Keypress: space
1000.3449 	DATA 	Keypress: space
1000.8785 	DATA 	Keypress: space
1001.3949 	DATA 	Keypress: space
1001.8946 	DATA 	Keypress: space
1002.4619 	DATA 	Keypress: space
1004.2269 	EXP 	text_4: autoDraw = True
1004.5454 	DATA 	Keypress: space
1004.5468 	EXP 	New trial (rep=0, index=12): OrderedDict([('sndfile', './stimuli_2/tmp/vweak_95_3.wav'), ('tempo', 95), ('cond', 'veryweak'), ('delay', 2.160580057702042)])
1004.5603 	EXP 	text_4: autoDraw = False
1007.8134 	DATA 	Keypress: space
1008.4464 	DATA 	Keypress: space
1009.0461 	DATA 	Keypress: space
1009.6523 	DATA 	Keypress: space
1010.2961 	DATA 	Keypress: space
1010.9133 	DATA 	Keypress: space
1011.5794 	DATA 	Keypress: space
1012.1517 	DATA 	Keypress: space
1012.6802 	DATA 	Keypress: space
1013.3131 	DATA 	Keypress: space
1013.8969 	DATA 	Keypress: space
1014.4969 	DATA 	Keypress: space
1015.1473 	DATA 	Keypress: space
1015.7551 	DATA 	Keypress: space
1017.7116 	EXP 	text_4: autoDraw = True
1018.1973 	DATA 	Keypress: space
1018.1985 	EXP 	New trial (rep=0, index=13): OrderedDict([('sndfile', './stimuli_2/tmp/vweak_110_4.wav'), ('tempo', 110), ('cond', 'veryweak'), ('delay', 1.4056094097142195)])
1018.2118 	EXP 	text_4: autoDraw = False
1020.1148 	DATA 	Keypress: space
1020.7650 	DATA 	Keypress: space
1021.3485 	DATA 	Keypress: space
1021.9480 	DATA 	Keypress: space
1022.4477 	DATA 	Keypress: space
1022.9318 	DATA 	Keypress: space
1023.4816 	DATA 	Keypress: space
1024.0485 	DATA 	Keypress: space
1024.5488 	DATA 	Keypress: space
1025.0492 	DATA 	Keypress: space
1025.5986 	DATA 	Keypress: space
1026.1663 	DATA 	Keypress: space
1026.7491 	DATA 	Keypress: space
1027.2706 	DATA 	Keypress: space
1027.8487 	DATA 	Keypress: space
1028.3987 	DATA 	Keypress: space
1028.9659 	DATA 	Keypress: space
1030.6141 	EXP 	text_4: autoDraw = True
1031.0830 	DATA 	Keypress: space
1031.0843 	EXP 	New trial (rep=0, index=14): OrderedDict([('sndfile', './stimuli_2/tmp/weak_110_4.wav'), ('tempo', 110), ('cond', 'weak'), ('delay', 1.2158046753843554)])
1031.0975 	EXP 	text_4: autoDraw = False
1032.7548 	DATA 	Keypress: space
1033.2333 	DATA 	Keypress: space
1033.9911 	DATA 	Keypress: space
1034.5336 	DATA 	Keypress: space
1035.1336 	DATA 	Keypress: space
1035.6668 	DATA 	Keypress: space
1036.1675 	DATA 	Keypress: space
1036.7890 	DATA 	Keypress: space
1037.3338 	DATA 	Keypress: space
1037.8916 	DATA 	Keypress: space
1038.5006 	DATA 	Keypress: space
1039.0672 	DATA 	Keypress: space
1039.6510 	DATA 	Keypress: space
1040.2175 	DATA 	Keypress: space
1040.7894 	DATA 	Keypress: space
1041.3510 	DATA 	Keypress: space
1043.3159 	EXP 	text_4: autoDraw = True
1044.2898 	DATA 	Keypress: space
1044.2913 	EXP 	New trial (rep=0, index=15): OrderedDict([('sndfile', './stimuli_2/tmp/perfect_110_1.wav'), ('tempo', 110), ('cond', 'perfect'), ('delay', 1.960810456770172)])
1044.3095 	EXP 	text_4: autoDraw = False
1047.0352 	DATA 	Keypress: space
1047.4352 	DATA 	Keypress: space
1047.9403 	DATA 	Keypress: space
1048.5024 	DATA 	Keypress: space
1049.0350 	DATA 	Keypress: space
1049.5857 	DATA 	Keypress: space
1050.1693 	DATA 	Keypress: space
1050.6528 	DATA 	Keypress: space
1057.2680 	EXP 	text_4: autoDraw = True
1057.6381 	DATA 	Keypress: space
1057.6397 	EXP 	New trial (rep=0, index=16): OrderedDict([('sndfile', './stimuli_2/tmp/medium_90_4.wav'), ('tempo', 90), ('cond', 'medium'), ('delay', 1.4187547606829107)])
1057.6517 	EXP 	text_4: autoDraw = False
1059.8537 	DATA 	Keypress: space
1060.2699 	DATA 	Keypress: space
1060.9377 	DATA 	Keypress: space
1061.5433 	DATA 	Keypress: space
1062.2377 	DATA 	Keypress: space
1062.8379 	DATA 	Keypress: space
1063.5209 	DATA 	Keypress: space
1064.1715 	DATA 	Keypress: space
1064.7715 	DATA 	Keypress: space
1065.3880 	DATA 	Keypress: space
1066.0048 	DATA 	Keypress: space
1066.7050 	DATA 	Keypress: space
1067.3555 	DATA 	Keypress: space
1067.9383 	DATA 	Keypress: space
1070.0795 	EXP 	text_4: autoDraw = True
1070.9959 	DATA 	Keypress: space
1070.9971 	EXP 	New trial (rep=0, index=17): OrderedDict([('sndfile', './stimuli_2/tmp/strong_105_3.wav'), ('tempo', 105), ('cond', 'strong'), ('delay', 1.2846849156286215)])
1071.0249 	EXP 	text_4: autoDraw = False
1073.1397 	DATA 	Keypress: space
1073.7232 	DATA 	Keypress: space
1074.2560 	DATA 	Keypress: space
1074.8895 	DATA 	Keypress: space
1075.4225 	DATA 	Keypress: space
1075.9557 	DATA 	Keypress: space
1076.6060 	DATA 	Keypress: space
1077.1562 	DATA 	Keypress: space
1077.7235 	DATA 	Keypress: space
1078.2901 	DATA 	Keypress: space
1078.8236 	DATA 	Keypress: space
1079.3903 	DATA 	Keypress: space
1079.9608 	DATA 	Keypress: space
1080.5236 	DATA 	Keypress: space
1081.0904 	DATA 	Keypress: space
1081.7076 	DATA 	Keypress: space
1083.2886 	EXP 	text_4: autoDraw = True
1083.7238 	DATA 	Keypress: space
1083.7250 	EXP 	New trial (rep=0, index=18): OrderedDict([('sndfile', './stimuli_2/tmp/strong_100_3.wav'), ('tempo', 100), ('cond', 'strong'), ('delay', 1.4654700353387642)])
1083.7387 	EXP 	text_4: autoDraw = False
1085.6820 	DATA 	Keypress: space
1086.0076 	DATA 	Keypress: space
1086.4746 	DATA 	Keypress: space
1087.2418 	DATA 	Keypress: space
1087.8912 	DATA 	Keypress: space
1088.5636 	DATA 	Keypress: space
1089.1915 	DATA 	Keypress: space
1089.8250 	DATA 	Keypress: space
1090.4913 	DATA 	Keypress: space
1091.1585 	DATA 	Keypress: space
1091.8252 	DATA 	Keypress: space
1092.4586 	DATA 	Keypress: space
1093.0922 	DATA 	Keypress: space
1093.7590 	DATA 	Keypress: space
1094.4427 	DATA 	Keypress: space
1096.2073 	EXP 	text_4: autoDraw = True
1096.8768 	DATA 	Keypress: space
1096.8782 	EXP 	New trial (rep=0, index=19): OrderedDict([('sndfile', './stimuli_2/tmp/perfect_110_0.wav'), ('tempo', 110), ('cond', 'perfect'), ('delay', 1.6760608294086363)])
1096.8910 	EXP 	text_4: autoDraw = False
1099.0600 	DATA 	Keypress: space
1099.3604 	DATA 	Keypress: space
1099.7265 	DATA 	Keypress: space
1100.2606 	DATA 	Keypress: space
1100.7785 	DATA 	Keypress: space
1101.3270 	DATA 	Keypress: space
1101.8935 	DATA 	Keypress: space
1102.4105 	DATA 	Keypress: space
1102.9773 	DATA 	Keypress: space
1103.5268 	DATA 	Keypress: space
1109.5593 	EXP 	text_4: autoDraw = True
1109.9451 	DATA 	Keypress: space
1109.9464 	EXP 	New trial (rep=0, index=20): OrderedDict([('sndfile', './stimuli_2/tmp/perfect_100_0.wav'), ('tempo', 100), ('cond', 'perfect'), ('delay', 1.3424117839845908)])
1109.9598 	EXP 	text_4: autoDraw = False
1111.7958 	DATA 	Keypress: space
1112.1998 	DATA 	Keypress: space
1112.8462 	DATA 	Keypress: space
1113.3956 	DATA 	Keypress: space
1113.9952 	DATA 	Keypress: space
1114.6456 	DATA 	Keypress: space
1115.2128 	DATA 	Keypress: space
1115.8022 	DATA 	Keypress: space
1116.4298 	DATA 	Keypress: space
1122.2942 	EXP 	text_4: autoDraw = True
1124.2366 	DATA 	Keypress: space
1124.2379 	EXP 	New trial (rep=0, index=21): OrderedDict([('sndfile', './stimuli_2/tmp/weak_110_3.wav'), ('tempo', 110), ('cond', 'weak'), ('delay', 1.4034951095242638)])
1124.2664 	EXP 	text_4: autoDraw = False
1126.1311 	DATA 	Keypress: space
1126.5310 	DATA 	Keypress: space
1126.9977 	DATA 	Keypress: space
1127.5476 	DATA 	Keypress: space
1128.2481 	DATA 	Keypress: space
1128.8475 	DATA 	Keypress: space
1129.4981 	DATA 	Keypress: space
1130.1477 	DATA 	Keypress: space
1130.7483 	DATA 	Keypress: space
1131.4026 	DATA 	Keypress: space
1132.0479 	DATA 	Keypress: space
1132.6479 	DATA 	Keypress: space
1133.2148 	DATA 	Keypress: space
1133.8151 	DATA 	Keypress: space
1134.5154 	DATA 	Keypress: space
1135.1991 	DATA 	Keypress: space
1136.6468 	EXP 	text_4: autoDraw = True
1137.4320 	DATA 	Keypress: space
1137.4333 	EXP 	New trial (rep=0, index=22): OrderedDict([('sndfile', './stimuli_2/tmp/perfect_95_1.wav'), ('tempo', 95), ('cond', 'perfect'), ('delay', 1.6931350678865988)])
1137.4472 	EXP 	text_4: autoDraw = False
1139.7874 	DATA 	Keypress: space
1140.2656 	DATA 	Keypress: space
1140.8828 	DATA 	Keypress: space
1141.5323 	DATA 	Keypress: space
1142.1324 	DATA 	Keypress: space
1142.7831 	DATA 	Keypress: space
1143.3882 	DATA 	Keypress: space
1144.0342 	DATA 	Keypress: space
1144.6343 	DATA 	Keypress: space
1150.1320 	EXP 	text_4: autoDraw = True
1150.5514 	DATA 	Keypress: space
1150.5527 	EXP 	New trial (rep=0, index=23): OrderedDict([('sndfile', './stimuli_2/tmp/weak_100_3.wav'), ('tempo', 100), ('cond', 'weak'), ('delay', 0.8397616430138637)])
1150.5661 	EXP 	text_4: autoDraw = False
1152.2354 	DATA 	Keypress: space
1152.7180 	DATA 	Keypress: space
1153.2843 	DATA 	Keypress: space
1153.8184 	DATA 	Keypress: space
1154.4517 	DATA 	Keypress: space
1155.0688 	DATA 	Keypress: space
1155.6356 	DATA 	Keypress: space
1156.2013 	DATA 	Keypress: space
1156.7518 	DATA 	Keypress: space
1157.3350 	DATA 	Keypress: space
1157.8700 	DATA 	Keypress: space
1158.4518 	DATA 	Keypress: space
1159.0187 	DATA 	Keypress: space
1159.5742 	DATA 	Keypress: space
1160.2185 	DATA 	Keypress: space
1160.8194 	DATA 	Keypress: space
1162.4010 	EXP 	text_4: autoDraw = True
1162.8197 	DATA 	Keypress: space
1162.8212 	EXP 	New trial (rep=0, index=24): OrderedDict([('sndfile', './stimuli_2/tmp/strong_95_3.wav'), ('tempo', 95), ('cond', 'strong'), ('delay', 2.368023631857328)])
1162.8345 	EXP 	text_4: autoDraw = False
1166.0536 	DATA 	Keypress: space
1166.5373 	DATA 	Keypress: space
1167.1866 	DATA 	Keypress: space
1167.8196 	DATA 	Keypress: space
1168.4534 	DATA 	Keypress: space
1169.1244 	DATA 	Keypress: space
1169.7369 	DATA 	Keypress: space
1170.4043 	DATA 	Keypress: space
1170.9869 	DATA 	Keypress: space
1171.6040 	DATA 	Keypress: space
1172.2715 	DATA 	Keypress: space
1172.8873 	DATA 	Keypress: space
1173.4879 	DATA 	Keypress: space
1174.1431 	DATA 	Keypress: space
1176.2032 	EXP 	text_4: autoDraw = True
1176.6385 	DATA 	Keypress: space
1176.6397 	EXP 	New trial (rep=0, index=25): OrderedDict([('sndfile', './stimuli_2/tmp/medium_110_4.wav'), ('tempo', 110), ('cond', 'medium'), ('delay', 1.2412593574024813)])
1176.6529 	EXP 	text_4: autoDraw = False
1178.3551 	DATA 	Keypress: space
1178.7885 	DATA 	Keypress: space
1179.3392 	DATA 	Keypress: space
1179.9220 	DATA 	Keypress: space
1180.5058 	DATA 	Keypress: space
1181.0897 	DATA 	Keypress: space
1181.6806 	DATA 	Keypress: space
1182.1892 	DATA 	Keypress: space
1182.7395 	DATA 	Keypress: space
1183.2895 	DATA 	Keypress: space
1183.8725 	DATA 	Keypress: space
1184.4731 	DATA 	Keypress: space
1185.0400 	DATA 	Keypress: space
1185.6064 	DATA 	Keypress: space
1186.1627 	DATA 	Keypress: space
1186.7236 	DATA 	Keypress: space
1188.8878 	EXP 	text_4: autoDraw = True
1189.3237 	DATA 	Keypress: space
1189.3249 	EXP 	New trial (rep=0, index=26): OrderedDict([('sndfile', './stimuli_2/tmp/strong_100_4.wav'), ('tempo', 100), ('cond', 'strong'), ('delay', 1.3398198733573277)])
1189.3379 	EXP 	text_4: autoDraw = False
1191.4238 	DATA 	Keypress: space
1191.8575 	DATA 	Keypress: space
1192.4575 	DATA 	Keypress: space
1193.1401 	DATA 	Keypress: space
1193.7408 	DATA 	Keypress: space
1194.3574 	DATA 	Keypress: space
1194.9903 	DATA 	Keypress: space
1195.6246 	DATA 	Keypress: space
1196.2344 	DATA 	Keypress: space
1196.8416 	DATA 	Keypress: space
1197.4745 	DATA 	Keypress: space
1198.0587 	DATA 	Keypress: space
1198.6829 	DATA 	Keypress: space
1199.3084 	DATA 	Keypress: space
1199.9257 	DATA 	Keypress: space
1201.6737 	EXP 	text_4: autoDraw = True
1202.3323 	DATA 	Keypress: space
1202.3340 	EXP 	New trial (rep=0, index=27): OrderedDict([('sndfile', './stimuli_2/tmp/vweak_90_3.wav'), ('tempo', 90), ('cond', 'veryweak'), ('delay', 0.8098621072043313)])
1202.3616 	EXP 	text_4: autoDraw = False
1204.0094 	DATA 	Keypress: space
1204.4592 	DATA 	Keypress: space
1205.0594 	DATA 	Keypress: space
1205.6598 	DATA 	Keypress: space
1206.2974 	DATA 	Keypress: space
1206.8261 	DATA 	Keypress: space
1207.5425 	DATA 	Keypress: space
1208.1093 	DATA 	Keypress: space
1208.7099 	DATA 	Keypress: space
1209.3015 	DATA 	Keypress: space
1209.8111 	DATA 	Keypress: space
1210.3771 	DATA 	Keypress: space
1210.9270 	DATA 	Keypress: space
1211.5097 	DATA 	Keypress: space
1212.1435 	DATA 	Keypress: space
1214.1587 	EXP 	text_4: autoDraw = True
1214.8157 	DATA 	Keypress: space
1214.8175 	EXP 	New trial (rep=0, index=28): OrderedDict([('sndfile', './stimuli_2/tmp/strong_110_4.wav'), ('tempo', 110), ('cond', 'strong'), ('delay', 1.9935472881648024)])
1214.8468 	EXP 	text_4: autoDraw = False
1216.2442 	DATA 	Keypress: space
1217.2110 	DATA 	Keypress: space
1217.6450 	DATA 	Keypress: space
1218.1113 	DATA 	Keypress: space
1218.6782 	DATA 	Keypress: space
1219.2832 	DATA 	Keypress: space
1219.8950 	DATA 	Keypress: space
1220.4782 	DATA 	Keypress: space
1221.1118 	DATA 	Keypress: space
1221.7284 	DATA 	Keypress: space
1222.3009 	DATA 	Keypress: space
1222.9122 	DATA 	Keypress: space
1223.4798 	DATA 	Keypress: space
1224.1121 	DATA 	Keypress: space
1224.6787 	DATA 	Keypress: space
1225.2960 	DATA 	Keypress: space
1225.8797 	DATA 	Keypress: space
1227.8273 	EXP 	text_4: autoDraw = True
1228.1125 	DATA 	Keypress: space
1228.1137 	EXP 	New trial (rep=0, index=29): OrderedDict([('sndfile', './stimuli_2/tmp/perfect_105_0.wav'), ('tempo', 105), ('cond', 'perfect'), ('delay', 2.471825489115851)])
1228.1273 	EXP 	text_4: autoDraw = False
1231.3972 	DATA 	Keypress: space
1231.9506 	DATA 	Keypress: space
1232.5137 	DATA 	Keypress: space
1233.3183 	DATA 	Keypress: space
1233.6802 	DATA 	Keypress: space
1234.2136 	DATA 	Keypress: space
1234.8138 	DATA 	Keypress: space
1235.3854 	DATA 	Keypress: space
1241.5965 	EXP 	text_4: autoDraw = True
1241.9866 	DATA 	Keypress: space
1241.9879 	EXP 	New trial (rep=0, index=30): OrderedDict([('sndfile', './stimuli_2/tmp/medium_95_3.wav'), ('tempo', 95), ('cond', 'medium'), ('delay', 0.9787884089584356)])
1242.0129 	EXP 	text_4: autoDraw = False
1243.7155 	DATA 	Keypress: space
1244.1986 	DATA 	Keypress: space
1244.8813 	DATA 	Keypress: space
1245.5202 	DATA 	Keypress: space
1246.1492 	DATA 	Keypress: space
1246.8170 	DATA 	Keypress: space
1247.4323 	DATA 	Keypress: space
1248.0823 	DATA 	Keypress: space
1248.7326 	DATA 	Keypress: space
1249.3325 	DATA 	Keypress: space
1250.0497 	DATA 	Keypress: space
1250.6326 	DATA 	Keypress: space
1251.2825 	DATA 	Keypress: space
1251.9378 	DATA 	Keypress: space
1253.9887 	EXP 	text_4: autoDraw = True
1254.6830 	DATA 	Keypress: space
1254.6849 	EXP 	New trial (rep=0, index=31): OrderedDict([('sndfile', './stimuli_2/tmp/strong_105_4.wav'), ('tempo', 105), ('cond', 'strong'), ('delay', 1.0619213958525664)])
1254.6979 	EXP 	text_4: autoDraw = False
1256.5774 	DATA 	Keypress: space
1257.1171 	DATA 	Keypress: space
1257.6678 	DATA 	Keypress: space
1258.2173 	DATA 	Keypress: space
1258.7850 	DATA 	Keypress: space
1259.3675 	DATA 	Keypress: space
1259.9342 	DATA 	Keypress: space
1260.5056 	DATA 	Keypress: space
1261.0684 	DATA 	Keypress: space
1261.6844 	DATA 	Keypress: space
1262.2349 	DATA 	Keypress: space
1262.7840 	DATA 	Keypress: space
1263.3520 	DATA 	Keypress: space
1263.9195 	DATA 	Keypress: space
1264.5017 	DATA 	Keypress: space
1266.7669 	EXP 	text_4: autoDraw = True
1267.1762 	DATA 	Keypress: space
1267.1774 	EXP 	New trial (rep=0, index=32): OrderedDict([('sndfile', './stimuli_2/tmp/vweak_90_4.wav'), ('tempo', 90), ('cond', 'veryweak'), ('delay', 2.01675312210347)])
1267.2048 	EXP 	text_4: autoDraw = False
1270.4859 	DATA 	Keypress: space
1271.3026 	DATA 	Keypress: space
1272.0921 	DATA 	Keypress: space
1272.7190 	DATA 	Keypress: space
1273.2864 	DATA 	Keypress: space
1274.0200 	DATA 	Keypress: space
1274.8197 	DATA 	Keypress: space
1275.5247 	DATA 	Keypress: space
1276.2701 	DATA 	Keypress: space
1277.0754 	DATA 	Keypress: space
1277.7706 	DATA 	Keypress: space
1278.5255 	DATA 	Keypress: space
1280.2016 	EXP 	text_4: autoDraw = True
1283.5884 	DATA 	Keypress: space
1283.5900 	EXP 	New trial (rep=0, index=33): OrderedDict([('sndfile', './stimuli_2/tmp/weak_105_4.wav'), ('tempo', 105), ('cond', 'weak'), ('delay', 2.3797932117961262)])
1283.6022 	EXP 	text_4: autoDraw = False
1287.0717 	DATA 	Keypress: space
1287.6383 	DATA 	Keypress: space
1288.3218 	DATA 	Keypress: space
1289.0224 	DATA 	Keypress: space
1289.5941 	DATA 	Keypress: space
1290.2387 	DATA 	Keypress: space
1290.9226 	DATA 	Keypress: space
1291.5058 	DATA 	Keypress: space
1292.1446 	DATA 	Keypress: space
1292.7725 	DATA 	Keypress: space
1293.3723 	DATA 	Keypress: space
1293.9395 	DATA 	Keypress: space
1294.5225 	DATA 	Keypress: space
1295.1397 	DATA 	Keypress: space
1296.9879 	EXP 	text_4: autoDraw = True
1297.5898 	DATA 	Keypress: space
1297.5910 	EXP 	New trial (rep=0, index=34): OrderedDict([('sndfile', './stimuli_2/tmp/strong_90_4.wav'), ('tempo', 90), ('cond', 'strong'), ('delay', 0.9547797326956972)])
1297.6045 	EXP 	text_4: autoDraw = False
1299.6797 	DATA 	Keypress: space
1300.3069 	DATA 	Keypress: space
1300.9904 	DATA 	Keypress: space
1301.7814 	DATA 	Keypress: space
1302.3902 	DATA 	Keypress: space
1303.0744 	DATA 	Keypress: space
1303.7575 	DATA 	Keypress: space
1304.4413 	DATA 	Keypress: space
1305.1246 	DATA 	Keypress: space
1305.8082 	DATA 	Keypress: space
1306.4916 	DATA 	Keypress: space
1307.1580 	DATA 	Keypress: space
1307.8247 	DATA 	Keypress: space
1309.5566 	EXP 	text_4: autoDraw = True
1311.7834 	DATA 	Keypress: space
1311.7848 	EXP 	New trial (rep=0, index=35): OrderedDict([('sndfile', './stimuli_2/tmp/perfect_100_1.wav'), ('tempo', 100), ('cond', 'perfect'), ('delay', 1.900582361571024)])
1311.8117 	EXP 	text_4: autoDraw = False
1314.6760 	DATA 	Keypress: space
1315.2143 	DATA 	Keypress: space
1315.8427 	DATA 	Keypress: space
1316.4144 	DATA 	Keypress: space
1317.0263 	DATA 	Keypress: space
1317.6425 	DATA 	Keypress: space
1318.2096 	DATA 	Keypress: space
1318.8427 	DATA 	Keypress: space
1324.6921 	EXP 	text_4: autoDraw = True
1325.0943 	DATA 	Keypress: space
1325.0958 	EXP 	New trial (rep=0, index=36): OrderedDict([('sndfile', './stimuli_2/tmp/weak_95_4.wav'), ('tempo', 95), ('cond', 'weak'), ('delay', 1.59401142701977)])
1325.1088 	EXP 	text_4: autoDraw = False
1328.1120 	DATA 	Keypress: space
1328.9014 	DATA 	Keypress: space
1329.6284 	DATA 	Keypress: space
1330.3499 	DATA 	Keypress: space
1331.1619 	DATA 	Keypress: space
1331.8167 	DATA 	Keypress: space
1332.5290 	DATA 	Keypress: space
1333.2621 	DATA 	Keypress: space
1334.0285 	DATA 	Keypress: space
1334.7628 	DATA 	Keypress: space
1335.4869 	DATA 	Keypress: space
1336.2792 	DATA 	Keypress: space
1337.6942 	EXP 	text_4: autoDraw = True
1338.0629 	DATA 	Keypress: space
1338.0643 	EXP 	New trial (rep=0, index=37): OrderedDict([('sndfile', './stimuli_2/tmp/vweak_105_4.wav'), ('tempo', 105), ('cond', 'veryweak'), ('delay', 1.6327958275835193)])
1338.0775 	EXP 	text_4: autoDraw = False
1340.1801 	DATA 	Keypress: space
1341.0631 	DATA 	Keypress: space
1341.6466 	DATA 	Keypress: space
1342.1969 	DATA 	Keypress: space
1342.7635 	DATA 	Keypress: space
1343.2797 	DATA 	Keypress: space
1343.8683 	DATA 	Keypress: space
1344.5146 	DATA 	Keypress: space
1345.1154 	DATA 	Keypress: space
1345.6801 	DATA 	Keypress: space
1346.2642 	DATA 	Keypress: space
1346.8802 	DATA 	Keypress: space
1347.4806 	DATA 	Keypress: space
1348.0684 	DATA 	Keypress: space
1348.6640 	DATA 	Keypress: space
1350.7129 	EXP 	text_4: autoDraw = True
1351.1151 	DATA 	Keypress: space
1351.1163 	EXP 	New trial (rep=0, index=38): OrderedDict([('sndfile', './stimuli_2/tmp/medium_90_3.wav'), ('tempo', 90), ('cond', 'medium'), ('delay', 2.469674326004891)])
1351.1299 	EXP 	text_4: autoDraw = False
1354.7155 	DATA 	Keypress: space
1355.4314 	DATA 	Keypress: space
1356.0703 	DATA 	Keypress: space
1356.6667 	DATA 	Keypress: space
1357.3489 	DATA 	Keypress: space
1358.0824 	DATA 	Keypress: space
1358.7321 	DATA 	Keypress: space
1359.3824 	DATA 	Keypress: space
1360.0169 	DATA 	Keypress: space
1360.6667 	DATA 	Keypress: space
1361.3335 	DATA 	Keypress: space
1362.0158 	DATA 	Keypress: space
1362.6513 	DATA 	Keypress: space
1364.6059 	EXP 	text_4: autoDraw = True
1365.0004 	DATA 	Keypress: space
1365.0017 	EXP 	New trial (rep=0, index=39): OrderedDict([('sndfile', './stimuli_2/tmp/medium_105_3.wav'), ('tempo', 105), ('cond', 'medium'), ('delay', 0.9417007635762324)])
1365.0147 	EXP 	text_4: autoDraw = False
1366.4512 	DATA 	Keypress: space
1366.9692 	DATA 	Keypress: space
1367.5337 	DATA 	Keypress: space
1368.4177 	DATA 	Keypress: space
1368.9672 	DATA 	Keypress: space
1369.4873 	DATA 	Keypress: space
1370.0014 	DATA 	Keypress: space
1370.6176 	DATA 	Keypress: space
1371.1931 	DATA 	Keypress: space
1371.7846 	DATA 	Keypress: space
1372.5180 	DATA 	Keypress: space
1373.2675 	DATA 	Keypress: space
1373.8348 	DATA 	Keypress: space
1374.3676 	DATA 	Keypress: space
1374.9015 	DATA 	Keypress: space
1375.4682 	DATA 	Keypress: space
1376.9502 	EXP 	text_4: autoDraw = True
1377.3192 	DATA 	Keypress: space
1377.3205 	EXP 	New trial (rep=0, index=40): OrderedDict([('sndfile', './stimuli_2/tmp/medium_110_3.wav'), ('tempo', 110), ('cond', 'medium'), ('delay', 1.2616218191127295)])
1377.3331 	EXP 	text_4: autoDraw = False
1379.0028 	DATA 	Keypress: space
1379.3519 	DATA 	Keypress: space
1379.9363 	DATA 	Keypress: space
1380.5522 	DATA 	Keypress: space
1381.1863 	DATA 	Keypress: space
1381.8025 	DATA 	Keypress: space
1382.4530 	DATA 	Keypress: space
1383.0744 	DATA 	Keypress: space
1383.6861 	DATA 	Keypress: space
1384.3696 	DATA 	Keypress: space
1385.0033 	DATA 	Keypress: space
1385.6431 	DATA 	Keypress: space
1386.2867 	DATA 	Keypress: space
1386.9033 	DATA 	Keypress: space
1387.5197 	DATA 	Keypress: space
1388.1255 	DATA 	Keypress: space
1389.6021 	EXP 	text_4: autoDraw = True
1390.0051 	DATA 	Keypress: space
1390.0064 	EXP 	New trial (rep=0, index=41): OrderedDict([('sndfile', './stimuli_2/tmp/strong_90_3.wav'), ('tempo', 90), ('cond', 'strong'), ('delay', 1.6244125943376004)])
1390.0184 	EXP 	text_4: autoDraw = False
1392.2545 	DATA 	Keypress: space
1392.7878 	DATA 	Keypress: space
1393.5049 	DATA 	Keypress: space
1394.2215 	DATA 	Keypress: space
1394.9379 	DATA 	Keypress: space
1395.5879 	DATA 	Keypress: space
1396.2715 	DATA 	Keypress: space
1396.9717 	DATA 	Keypress: space
1397.6718 	DATA 	Keypress: space
1398.3388 	DATA 	Keypress: space
1399.0384 	DATA 	Keypress: space
1399.7056 	DATA 	Keypress: space
1400.4059 	DATA 	Keypress: space
1401.1229 	DATA 	Keypress: space
1402.6372 	EXP 	text_4: autoDraw = True
1403.1064 	DATA 	Keypress: space
1403.1077 	EXP 	New trial (rep=0, index=42): OrderedDict([('sndfile', './stimuli_2/tmp/weak_105_3.wav'), ('tempo', 105), ('cond', 'weak'), ('delay', 1.8785671226313851)])
1403.1205 	EXP 	text_4: autoDraw = False
1405.4227 	DATA 	Keypress: space
1406.0910 	DATA 	Keypress: space
1406.7790 	DATA 	Keypress: space
1407.4559 	DATA 	Keypress: space
1408.2240 	DATA 	Keypress: space
1408.9237 	DATA 	Keypress: space
1409.6235 	DATA 	Keypress: space
1410.3125 	DATA 	Keypress: space
1410.9737 	DATA 	Keypress: space
1411.6236 	DATA 	Keypress: space
1412.3302 	DATA 	Keypress: space
1412.9904 	DATA 	Keypress: space
1413.7111 	DATA 	Keypress: space
1414.3409 	DATA 	Keypress: space
1416.0060 	EXP 	text_4: autoDraw = True
1416.3249 	DATA 	Keypress: space
1416.3261 	EXP 	New trial (rep=0, index=43): OrderedDict([('sndfile', './stimuli_2/tmp/weak_90_3.wav'), ('tempo', 90), ('cond', 'weak'), ('delay', 1.336733561564532)])
1416.3394 	EXP 	text_4: autoDraw = False
1418.1749 	DATA 	Keypress: space
1418.7471 	DATA 	Keypress: space
1419.3595 	DATA 	Keypress: space
1420.1249 	DATA 	Keypress: space
1420.7436 	DATA 	Keypress: space
1421.4254 	DATA 	Keypress: space
1422.0592 	DATA 	Keypress: space
1422.8091 	DATA 	Keypress: space
1423.4752 	DATA 	Keypress: space
1424.1090 	DATA 	Keypress: space
1424.7922 	DATA 	Keypress: space
1425.5262 	DATA 	Keypress: space
1426.1758 	DATA 	Keypress: space
1426.8260 	DATA 	Keypress: space
1428.6746 	EXP 	text_4: autoDraw = True
1429.5430 	DATA 	Keypress: space
1429.5443 	EXP 	New trial (rep=0, index=44): OrderedDict([('sndfile', './stimuli_2/tmp/perfect_95_0.wav'), ('tempo', 95), ('cond', 'perfect'), ('delay', 2.0105466277142785)])
1429.5580 	EXP 	text_4: autoDraw = False
1432.6433 	DATA 	Keypress: space
1433.2773 	DATA 	Keypress: space
1433.9269 	DATA 	Keypress: space
1434.5272 	DATA 	Keypress: space
1435.1773 	DATA 	Keypress: space
1435.8494 	DATA 	Keypress: space
1436.4442 	DATA 	Keypress: space
1437.1280 	DATA 	Keypress: space
1441.0124 	DATA 	Keypress: space
1442.5599 	EXP 	text_4: autoDraw = True
1442.9706 	DATA 	Keypress: space
1442.9721 	EXP 	New trial (rep=0, index=45): OrderedDict([('sndfile', './stimuli_2/tmp/medium_95_4.wav'), ('tempo', 95), ('cond', 'medium'), ('delay', 1.5689377747074644)])
1442.9985 	EXP 	text_4: autoDraw = False
1445.5798 	DATA 	Keypress: space
1446.3457 	DATA 	Keypress: space
1446.9796 	DATA 	Keypress: space
1447.6632 	DATA 	Keypress: space
1448.3138 	DATA 	Keypress: space
1448.9796 	DATA 	Keypress: space
1449.7298 	DATA 	Keypress: space
1450.3641 	DATA 	Keypress: space
1451.0302 	DATA 	Keypress: space
1451.7468 	DATA 	Keypress: space
1452.4134 	DATA 	Keypress: space
1453.1304 	DATA 	Keypress: space
1453.7968 	DATA 	Keypress: space
1455.5616 	EXP 	text_4: autoDraw = True
1456.0636 	DATA 	Keypress: space
1456.0649 	EXP 	New trial (rep=0, index=46): OrderedDict([('sndfile', './stimuli_2/tmp/weak_95_3.wav'), ('tempo', 95), ('cond', 'weak'), ('delay', 1.2112449492962023)])
1456.0781 	EXP 	text_4: autoDraw = False
1457.7473 	DATA 	Keypress: space
1458.6645 	DATA 	Keypress: space
1459.3481 	DATA 	Keypress: space
1460.0716 	DATA 	Keypress: space
1460.7317 	DATA 	Keypress: space
1461.4316 	DATA 	Keypress: space
1462.0981 	DATA 	Keypress: space
1462.7148 	DATA 	Keypress: space
1463.4479 	DATA 	Keypress: space
1464.1486 	DATA 	Keypress: space
1464.8315 	DATA 	Keypress: space
1465.4985 	DATA 	Keypress: space
1466.2987 	DATA 	Keypress: space
1468.2973 	EXP 	text_4: autoDraw = True
1468.7660 	DATA 	Keypress: space
1468.7672 	EXP 	New trial (rep=0, index=47): OrderedDict([('sndfile', './stimuli_2/tmp/perfect_90_0.wav'), ('tempo', 90), ('cond', 'perfect'), ('delay', 1.8471350139820657)])
1468.7802 	EXP 	text_4: autoDraw = False
1471.4999 	DATA 	Keypress: space
1471.9830 	DATA 	Keypress: space
1472.6671 	DATA 	Keypress: space
1473.3333 	DATA 	Keypress: space
1474.0007 	DATA 	Keypress: space
1474.6505 	DATA 	Keypress: space
1475.3005 	DATA 	Keypress: space
1475.9669 	DATA 	Keypress: space
1476.6189 	DATA 	Keypress: space
1477.2672 	DATA 	Keypress: space
1481.6222 	EXP 	text_4: autoDraw = True
1482.3343 	DATA 	Keypress: space
1482.3357 	EXP 	New trial (rep=0, index=48): OrderedDict([('sndfile', './stimuli_2/tmp/medium_105_4.wav'), ('tempo', 105), ('cond', 'medium'), ('delay', 1.8823047760740792)])
1482.3493 	EXP 	text_4: autoDraw = False
1485.6402 	DATA 	Keypress: space
1486.1681 	DATA 	Keypress: space
1486.8185 	DATA 	Keypress: space
1487.3682 	DATA 	Keypress: space
1487.9522 	DATA 	Keypress: space
1488.5187 	DATA 	Keypress: space
1489.0854 	DATA 	Keypress: space
1489.6574 	DATA 	Keypress: space
1490.2696 	DATA 	Keypress: space
1490.8694 	DATA 	Keypress: space
1491.4362 	DATA 	Keypress: space
1492.0363 	DATA 	Keypress: space
1492.5867 	DATA 	Keypress: space
1493.1866 	DATA 	Keypress: space
1495.2347 	EXP 	text_4: autoDraw = True
1496.3029 	DATA 	Keypress: space
1496.3041 	EXP 	New trial (rep=0, index=49): OrderedDict([('sndfile', './stimuli_2/tmp/perfect_90_1.wav'), ('tempo', 90), ('cond', 'perfect'), ('delay', 0.9437088291454946)])
1496.3178 	EXP 	text_4: autoDraw = False
1498.5711 	DATA 	Keypress: space
1499.2710 	DATA 	Keypress: space
1499.9037 	DATA 	Keypress: space
1500.5869 	DATA 	Keypress: space
1501.2708 	DATA 	Keypress: space
1501.9218 	DATA 	Keypress: space
1502.5711 	DATA 	Keypress: space
1503.2594 	DATA 	Keypress: space
1508.2533 	EXP 	text_4: autoDraw = True
1508.6554 	DATA 	Keypress: space
1508.6702 	EXP 	text_4: autoDraw = False
1508.6702 	EXP 	text_7: autoDraw = True
1513.9905 	EXP 	window1: mouseVisible = True
