0.07700000004842877	EXP	Created Window = Window( name=Window, fullscr=true, color=#808080, units=height, waitBlanking=true, autoLog=true, size=[1366,657] )
2.3729999996721745	DATA	Mouse: wheel shift=(0,100), pos=(585,220)
2.384000000078231	DATA	Mouse: wheel shift=(0,100), pos=(587,232)
2.5379999997094274	DATA	Mouse: wheel shift=(0,-100), pos=(587,232)
2.5709999999962747	DATA	Mouse: wheel shift=(0,-100), pos=(587,232)
2.7569999997504056	DATA	Mouse: wheel shift=(0,100), pos=(587,232)
2.7879999997094274	DATA	Mouse: wheel shift=(0,100), pos=(587,232)
2.8209999999962747	DATA	Mouse: wheel shift=(0,100), pos=(587,232)
2.916999999899417	DATA	Mouse: wheel shift=(0,-100), pos=(587,232)
2.944999999832362	DATA	Mouse: wheel shift=(0,-100), pos=(587,232)
2.9769999999552965	DATA	Mouse: wheel shift=(0,-100), pos=(587,232)
3.1110000000335276	DATA	Mouse: wheel shift=(0,100), pos=(588,232)
3.1319999997504056	DATA	Mouse: wheel shift=(0,200), pos=(588,232)
3.1999999997206032	DATA	Mouse: wheel shift=(0,100), pos=(588,232)
6.5230000000447035	DATA	Keydown: Shift
6.570999999996275	DATA	Keydown: A
9.026999999769032	DATA	Keydown: undefined
14.097999999765307	DATA	Keydown: Control
14.575999999884516	DATA	Keydown: Control
14.575999999884516	DATA	Keydown: Control
14.619999999646097	DATA	Keydown: Control
14.654999999795109	DATA	Keydown: Control
14.660999999847263	DATA	Keydown: Control
14.688999999780208	DATA	Keydown: Control
14.719000000040978	DATA	Keydown: Control
14.731999999843538	DATA	Keydown: Control
14.764999999664724	DATA	Keydown: Control
14.795999999623746	DATA	Keydown: Control
14.825999999884516	DATA	Keydown: Control
14.845999999903142	DATA	Keydown: Control
14.907999999821186	DATA	Keydown: Control
14.907999999821186	DATA	Keydown: Control
14.925999999977648	DATA	Keydown: Control
14.940999999642372	DATA	Keydown: Control
15.010999999940395	DATA	Keydown: Control
15.029999999795109	DATA	Keydown: Control
15.03499999968335	DATA	Keydown: Control
15.040999999735504	DATA	Keydown: Control
15.071999999694526	DATA	Keydown: Control
15.105999999679625	DATA	Keydown: Control
15.145000000018626	DATA	Keydown: Control
15.197999999858439	DATA	Keydown: Control
15.210999999660999	DATA	Keydown: Control
15.217999999877065	DATA	Keydown: Control
15.236999999731779	DATA	Keydown: Control
15.274999999906868	DATA	Keydown: Control
15.337999999988824	DATA	Keydown: Control
16.03899999987334	DATA	Keydown: Control
16.429000000003725	DATA	Keydown: Control
16.48300000000745	DATA	Keydown: Control
16.50799999991432	DATA	Keydown: Control
16.600999999791384	DATA	Keydown: Control
16.601999999955297	DATA	Keydown: Control
16.60399999981746	DATA	Keydown: v
27.57799999974668	DATA	Keydown: y
27.725999999791384	DATA	Keydown: e
28.157999999821186	DATA	Keydown: a
28.40100000007078	DATA	Keydown: s
29.054000000003725	DATA	Keydown: Backspace
29.169999999925494	DATA	Keydown: Backspace
29.410999999847263	DATA	Keydown: s
39.8589999997057	DATA	Keydown: h
40.00099999969825	DATA	Keydown: e
40.21699999971315	DATA	Keydown: a
40.381999999750406	DATA	Keydown: d
40.585999999661	DATA	Keydown:  
41.44099999964237	DATA	Keydown: Backspace
41.62800000002608	DATA	Keydown: s
41.87399999983609	DATA	Keydown: e
42.118999999947846	DATA	Keydown: t
42.72799999965355	DATA	Keydown: Backspace
42.88799999980256	DATA	Keydown: Backspace
43.040999999735504	DATA	Keydown: Backspace
43.196999999694526	DATA	Keydown: Backspace
43.304000000003725	DATA	Keydown: Backspace
43.41899999976158	DATA	Keydown: Backspace
43.58699999982491	DATA	Keydown: Backspace
43.648999999742955	DATA	Keydown: Backspace
44.39199999999255	DATA	Keydown: w
44.5570000000298	DATA	Keydown: i
44.993999999947846	DATA	Keydown: r
45.489999999757856	DATA	Keydown: e
46.7339999997057	DATA	Keydown:  
47.125	DATA	Keydown: h
47.35299999965355	DATA	Keydown: e
47.463999999687076	DATA	Keydown: a
48.04399999976158	DATA	Keydown: d
48.3699999996461	DATA	Keydown:  
48.592999999877065	DATA	Keydown: s
49.00499999988824	DATA	Keydown: e
49.251999999862164	DATA	Keydown: t
53.903999999631196	DATA	Keydown: 5
59.02699999976903	DATA	Keydown: n
59.212999999988824	DATA	Keydown: o
61.605999999679625	DATA	Keydown: Shift
61.739000000059605	DATA	Keydown: M
61.97099999990314	DATA	Keydown: a
62.402999999932945	DATA	Keydown: l
62.54799999995157	DATA	Keydown: e
66.99799999967217	DATA	Keydown: 3
67.72899999981746	DATA	Keydown: 7
76.06399999978021	DATA	Keydown: Shift
76.3289999999106	DATA	Keydown: R
90.28700000001118	DATA	Keydown: Shift
90.93899999978021	DATA	Keydown: Shift
91.0679999999702	DATA	Keydown: I
91.23999999975786	DATA	Keydown:  
91.50300000002608	DATA	Keydown: h
91.66800000006333	DATA	Keydown: a
91.82199999969453	DATA	Keydown: v
92.05499999970198	DATA	Keydown: e
92.21399999968708	DATA	Keydown:  
92.9320000000298	DATA	Keydown: s
93.17199999978766	DATA	Keydown: e
93.53599999984726	DATA	Keydown: c
93.7949999999255	DATA	Keydown: u
93.92599999997765	DATA	Keydown: r
94.08499999996275	DATA	Keydown: e
152.10999999986961	EXP	Created instructiontxt = TextStim( name=instructiontxt, win=Window( name=Window, fullscr=true, color=#808080, ~), autoDraw=null, autoLog=true, units=height, ori=null, opacity=1, pos=[0,0], size=undefined, text=Welcome to tapping experiment. 

You will hear a s~, font=Arial, color=#FFFFFF, contrast=1, height=0.05, bold=null, italic=null, alignHoriz=left, alignVert=center, wrapWidth=1, flipHoriz=null, flipVert=null )
152.17099999962375	EXP	Created TonePlayer = TonePlayer( name=TonePlayer, note=A4, duration_s=-1, volume=1, loops=null, soundLibrary="TONE_JS", autoLog=true )
152.17599999997765	EXP	Created text = TextStim( name=text, win=Window( name=Window, fullscr=true, color=#808080, ~), autoDraw=null, autoLog=true, units=height, ori=null, opacity=1, pos=[0,0], size=undefined, text=Ready for the next trial?

press space bar to star~, font=Arial, color=#FFFFFF, contrast=1, height=0.05, bold=null, italic=null, alignHoriz=left, alignVert=center, wrapWidth=1, flipHoriz=null, flipVert=null )
152.17599999997765	EXP	Created text_2 = TextStim( name=text_2, win=Window( name=Window, fullscr=true, color=#808080, ~), autoDraw=null, autoLog=true, units=height, ori=null, opacity=1, pos=[0,0], size=undefined, text=Practice trials are over.

Now we are going to sta~, font=Arial, color=#FFFFFF, contrast=1, height=0.05, bold=null, italic=null, alignHoriz=left, alignVert=center, wrapWidth=1, flipHoriz=null, flipVert=null )
152.17599999997765	EXP	Created TonePlayer = TonePlayer( name=TonePlayer, note=A4, duration_s=-1, volume=1, loops=null, soundLibrary="TONE_JS", autoLog=true )
152.1929999999702	EXP	Created text_3 = TextStim( name=text_3, win=Window( name=Window, fullscr=true, color=#808080, ~), autoDraw=null, autoLog=true, units=height, ori=null, opacity=1, pos=[0,0], size=undefined, text=Ready for the next trial?

Press space bar to star~, font=Arial, color=#FFFFFF, contrast=1, height=0.05, bold=null, italic=null, alignHoriz=left, alignVert=center, wrapWidth=1, flipHoriz=null, flipVert=null )
152.21799999987707	EXP	Created text_4 = TextStim( name=text_4, win=Window( name=Window, fullscr=true, color=#808080, ~), autoDraw=null, autoLog=true, units=height, ori=null, opacity=1, pos=[0,0], size=undefined, text=Great! This is the half-way break. 

Please take y~, font=Arial, color=#FFFFFF, contrast=1, height=0.05, bold=null, italic=null, alignHoriz=left, alignVert=center, wrapWidth=1, flipHoriz=null, flipVert=null )
152.22599999979138	EXP	Created TonePlayer = TonePlayer( name=TonePlayer, note=A4, duration_s=-1, volume=1, loops=null, soundLibrary="TONE_JS", autoLog=true )
152.23199999984354	EXP	Created next_prompt_trial2 = TextStim( name=next_prompt_trial2, win=Window( name=Window, fullscr=true, color=#808080, ~), autoDraw=null, autoLog=true, units=height, ori=null, opacity=1, pos=[0,0], size=undefined, text=Ready for the next trial? 

Press space bar to sta~, font=Arial, color=#FFFFFF, contrast=1, height=0.05, bold=null, italic=null, alignHoriz=left, alignVert=center, wrapWidth=1, flipHoriz=null, flipVert=null )
152.2339999997057	EXP	Created completion_text = TextStim( name=completion_text, win=Window( name=Window, fullscr=true, color=#808080, ~), autoDraw=null, autoLog=true, units=height, ori=null, opacity=1, pos=[0,0], size=undefined, text=Thanks for your participation! 

Here is your expe~, font=Arial, color=#FFFFFF, contrast=1, height=0.05, bold=null, italic=null, alignHoriz=left, alignVert=center, wrapWidth=1, flipHoriz=null, flipVert=null )
152.23600000003353	EXP	Created goodbyetxt = TextStim( name=goodbyetxt, win=Window( name=Window, fullscr=true, color=#808080, ~), autoDraw=null, autoLog=true, units=height, ori=null, opacity=1, pos=[0,0], size=undefined, text=The test is over!

Thank you so much!!, font=Arial, color=#FFFFFF, contrast=1, height=0.05, bold=null, italic=null, alignHoriz=left, alignVert=center, wrapWidth=1, flipHoriz=null, flipVert=null )
152.28799999970943	EXP	instructiontxt: units = "height"
152.28799999970943	EXP	instructiontxt: ori = 0
152.28799999970943	EXP	instructiontxt: opacity = 1
152.28799999970943	EXP	instructiontxt: pos = [0,0]
152.28799999970943	EXP	instructiontxt: size = undefined
152.28799999970943	EXP	instructiontxt: text = "Welcome to tapping experiment. \n\nYou will hear a sequence of tones.\nUse the index finger of your dominant hand \nto tap the spacebar at where you think the beat is throughout the sound file at each trial. \n\nWhen you are ready, press the spacebar to begin the practice."
152.28799999970943	EXP	instructiontxt: font = "Arial"
152.28799999970943	EXP	instructiontxt: color = {"_hex":"#FFFFFF","_rgb":[1,1,1]}
152.28799999970943	EXP	instructiontxt: contrast = 1
152.28799999970943	EXP	instructiontxt: height = 0.05
152.28799999970943	EXP	instructiontxt: bold = false
152.28799999970943	EXP	instructiontxt: italic = false
152.28799999970943	EXP	instructiontxt: alignHoriz = "left"
152.28799999970943	EXP	instructiontxt: alignVert = "center"
152.28799999970943	EXP	instructiontxt: wrapWidth = 1
152.28799999970943	EXP	instructiontxt: flipHoriz = false
152.28799999970943	EXP	instructiontxt: flipVert = false
152.28799999970943	EXP	Sound: secs = -1
152.28799999970943	EXP	Sound: volume = 1
152.28799999970943	EXP	Sound: loops = 0
152.28799999970943	EXP	Sound: volume = 1
152.28799999970943	EXP	text: units = "height"
152.28799999970943	EXP	text: ori = 0
152.28799999970943	EXP	text: opacity = 1
152.28799999970943	EXP	text: pos = [0,0]
152.28799999970943	EXP	text: size = undefined
152.28799999970943	EXP	text: text = "Ready for the next trial?\n\npress space bar to start."
152.28799999970943	EXP	text: font = "Arial"
152.28799999970943	EXP	text: color = {"_hex":"#FFFFFF","_rgb":[1,1,1]}
152.28799999970943	EXP	text: contrast = 1
152.28799999970943	EXP	text: height = 0.05
152.28799999970943	EXP	text: bold = false
152.28799999970943	EXP	text: italic = false
152.28799999970943	EXP	text: alignHoriz = "left"
152.28799999970943	EXP	text: alignVert = "center"
152.28799999970943	EXP	text: wrapWidth = 1
152.28799999970943	EXP	text: flipHoriz = false
152.28799999970943	EXP	text: flipVert = false
152.28799999970943	EXP	text_2: units = "height"
152.28799999970943	EXP	text_2: ori = 0
152.28799999970943	EXP	text_2: opacity = 1
152.28799999970943	EXP	text_2: pos = [0,0]
152.28799999970943	EXP	text_2: size = undefined
152.28799999970943	EXP	text_2: text = "Practice trials are over.\n\nNow we are going to start the real test trials.\nThe total session length will be about 28 minutes, but we will have a short break at the half way mark.\n\nIf you are ready, please space bar."
152.28799999970943	EXP	text_2: font = "Arial"
152.28799999970943	EXP	text_2: color = {"_hex":"#FFFFFF","_rgb":[1,1,1]}
152.28799999970943	EXP	text_2: contrast = 1
152.28799999970943	EXP	text_2: height = 0.05
152.28799999970943	EXP	text_2: bold = false
152.28799999970943	EXP	text_2: italic = false
152.28799999970943	EXP	text_2: alignHoriz = "left"
152.28799999970943	EXP	text_2: alignVert = "center"
152.28799999970943	EXP	text_2: wrapWidth = 1
152.28799999970943	EXP	text_2: flipHoriz = false
152.28799999970943	EXP	text_2: flipVert = false
152.28799999970943	EXP	Sound: secs = -1
152.28799999970943	EXP	Sound: volume = 1
152.28799999970943	EXP	Sound: loops = 0
152.28799999970943	EXP	Sound: volume = 1
152.28799999970943	EXP	text_3: units = "height"
152.28799999970943	EXP	text_3: ori = 0
152.28799999970943	EXP	text_3: opacity = 1
152.28799999970943	EXP	text_3: pos = [0,0]
152.28799999970943	EXP	text_3: size = undefined
152.28799999970943	EXP	text_3: text = "Ready for the next trial?\n\nPress space bar to start."
152.28799999970943	EXP	text_3: font = "Arial"
152.28799999970943	EXP	text_3: color = {"_hex":"#FFFFFF","_rgb":[1,1,1]}
152.28799999970943	EXP	text_3: contrast = 1
152.28799999970943	EXP	text_3: height = 0.05
152.28799999970943	EXP	text_3: bold = false
152.28799999970943	EXP	text_3: italic = false
152.28799999970943	EXP	text_3: alignHoriz = "left"
152.28799999970943	EXP	text_3: alignVert = "center"
152.28799999970943	EXP	text_3: wrapWidth = 1
152.28799999970943	EXP	text_3: flipHoriz = false
152.28799999970943	EXP	text_3: flipVert = false
152.28799999970943	EXP	text_4: units = "height"
152.28799999970943	EXP	text_4: ori = 0
152.28799999970943	EXP	text_4: opacity = 1
152.28799999970943	EXP	text_4: pos = [0,0]
152.28799999970943	EXP	text_4: size = undefined
152.28799999970943	EXP	text_4: text = "Great! This is the half-way break. \n\nPlease take your time. \n\nWhen you are ready to start the second-half of the test trials, please press space bar. "
152.28799999970943	EXP	text_4: font = "Arial"
152.28799999970943	EXP	text_4: color = {"_hex":"#FFFFFF","_rgb":[1,1,1]}
152.28799999970943	EXP	text_4: contrast = 1
152.28799999970943	EXP	text_4: height = 0.05
152.28799999970943	EXP	text_4: bold = false
152.28799999970943	EXP	text_4: italic = false
152.28799999970943	EXP	text_4: alignHoriz = "left"
152.28799999970943	EXP	text_4: alignVert = "center"
152.28799999970943	EXP	text_4: wrapWidth = 1
152.28799999970943	EXP	text_4: flipHoriz = false
152.28799999970943	EXP	text_4: flipVert = false
152.28799999970943	EXP	Sound: secs = -1
152.28799999970943	EXP	Sound: volume = 1
152.28799999970943	EXP	Sound: loops = 0
152.28799999970943	EXP	Sound: volume = 1
152.28799999970943	EXP	next_prompt_trial2: units = "height"
152.28799999970943	EXP	next_prompt_trial2: ori = 0
152.28799999970943	EXP	next_prompt_trial2: opacity = 1
152.28799999970943	EXP	next_prompt_trial2: pos = [0,0]
152.28799999970943	EXP	next_prompt_trial2: size = undefined
152.28799999970943	EXP	next_prompt_trial2: text = "Ready for the next trial? \n\nPress space bar to start. "
152.28799999970943	EXP	next_prompt_trial2: font = "Arial"
152.28799999970943	EXP	next_prompt_trial2: color = {"_hex":"#FFFFFF","_rgb":[1,1,1]}
152.28799999970943	EXP	next_prompt_trial2: contrast = 1
152.28799999970943	EXP	next_prompt_trial2: height = 0.05
152.28799999970943	EXP	next_prompt_trial2: bold = false
152.28799999970943	EXP	next_prompt_trial2: italic = false
152.28799999970943	EXP	next_prompt_trial2: alignHoriz = "left"
152.28799999970943	EXP	next_prompt_trial2: alignVert = "center"
152.28799999970943	EXP	next_prompt_trial2: wrapWidth = 1
152.28799999970943	EXP	next_prompt_trial2: flipHoriz = false
152.28799999970943	EXP	next_prompt_trial2: flipVert = false
152.28799999970943	EXP	completion_text: units = "height"
152.28799999970943	EXP	completion_text: ori = 0
152.28799999970943	EXP	completion_text: opacity = 1
152.28799999970943	EXP	completion_text: pos = [0,0]
152.28799999970943	EXP	completion_text: size = undefined
152.28799999970943	EXP	completion_text: text = "Thanks for your participation! \n\nHere is your experiment completion code: \n\n9158 \n\nPlease write down this code as you will need it in order to receive payment.\n\nIf you are not an MTurk worker, please send an email to nolan.lem@gmail.com with the Experiment Completion Code as the subject of the email. In order to complete the \nexperiment, when you are ready please press space bar and wait until you see a text box appear that says \"Thanks for your patience\" where you can click 'ok'. \n\nIf you are an MTurk worker, please press the space bar to be redirected to the MTurk experiment \nhomepage where you can input the code into the Experiment Completion Code box. "
152.28799999970943	EXP	completion_text: font = "Arial"
152.28799999970943	EXP	completion_text: color = {"_hex":"#FFFFFF","_rgb":[1,1,1]}
152.28799999970943	EXP	completion_text: contrast = 1
152.28799999970943	EXP	completion_text: height = 0.05
152.28799999970943	EXP	completion_text: bold = false
152.28799999970943	EXP	completion_text: italic = false
152.28799999970943	EXP	completion_text: alignHoriz = "left"
152.28799999970943	EXP	completion_text: alignVert = "center"
152.28799999970943	EXP	completion_text: wrapWidth = 1
152.28799999970943	EXP	completion_text: flipHoriz = false
152.28799999970943	EXP	completion_text: flipVert = false
152.28799999970943	EXP	goodbyetxt: units = "height"
152.28799999970943	EXP	goodbyetxt: ori = 0
152.28799999970943	EXP	goodbyetxt: opacity = 1
152.28799999970943	EXP	goodbyetxt: pos = [0,0]
152.28799999970943	EXP	goodbyetxt: size = undefined
152.28799999970943	EXP	goodbyetxt: text = "The test is over!\n\nThank you so much!!"
152.28799999970943	EXP	goodbyetxt: font = "Arial"
152.28799999970943	EXP	goodbyetxt: color = {"_hex":"#FFFFFF","_rgb":[1,1,1]}
152.28799999970943	EXP	goodbyetxt: contrast = 1
152.28799999970943	EXP	goodbyetxt: height = 0.05
152.28799999970943	EXP	goodbyetxt: bold = false
152.28799999970943	EXP	goodbyetxt: italic = false
152.28799999970943	EXP	goodbyetxt: alignHoriz = "left"
152.28799999970943	EXP	goodbyetxt: alignVert = "center"
152.28799999970943	EXP	goodbyetxt: wrapWidth = 1
152.28799999970943	EXP	goodbyetxt: flipHoriz = false
152.28799999970943	EXP	goodbyetxt: flipVert = false
152.28799999970943	EXP	instructiontxt: autoDraw = true
156.35599999967963	DATA	Keydown:  
156.39099999982864	EXP	instructiontxt: autoDraw = false
156.39099999982864	EXP	Sound: secs = -1
156.39099999982864	EXP	Sound: volume = 1
156.39099999982864	EXP	Sound: loops = 0
156.39099999982864	EXP	Sound: volume = 1
167.18399999989197	EXP	text: autoDraw = true
170.14500000001863	DATA	Keydown:  
170.15199999976903	EXP	text: autoDraw = false
170.15199999976903	EXP	Sound: secs = -1
170.15199999976903	EXP	Sound: volume = 1
170.15199999976903	EXP	Sound: loops = 0
170.15199999976903	EXP	Sound: volume = 1
190.6769999996759	EXP	text: autoDraw = true
218.05799999972805	DATA	Keydown:  
218.08299999963492	EXP	text: autoDraw = false
218.08299999963492	EXP	Sound: secs = -1
218.08299999963492	EXP	Sound: volume = 1
218.08299999963492	EXP	Sound: loops = 0
218.08299999963492	EXP	Sound: volume = 1
231.42499999981374	EXP	text: autoDraw = true
232.60999999986961	DATA	Keydown:  
232.61799999978393	EXP	text: autoDraw = false
232.61799999978393	EXP	Sound: secs = -1
232.61799999978393	EXP	Sound: volume = 1
232.61799999978393	EXP	Sound: loops = 0
232.61799999978393	EXP	Sound: volume = 1
247.3629999998957	EXP	text: autoDraw = true
248.3629999998957	DATA	Keydown:  
248.41399999987334	EXP	text: autoDraw = false
248.41399999987334	EXP	text_2: autoDraw = true
257.68299999972805	DATA	Keydown:  
257.7029999997467	EXP	text_2: autoDraw = false
257.7029999997467	EXP	Sound: secs = -1
257.7029999997467	EXP	Sound: volume = 1
257.7029999997467	EXP	Sound: loops = 0
257.7029999997467	EXP	Sound: volume = 1
274.3849999997765	DATA	Keydown:  
274.4469999996945	EXP	text_3: autoDraw = true
275.4499999997206	DATA	Keydown:  
275.47200000006706	EXP	text_3: autoDraw = false
275.47200000006706	EXP	Sound: secs = -1
275.47200000006706	EXP	Sound: volume = 1
275.47200000006706	EXP	Sound: loops = 0
275.47200000006706	EXP	Sound: volume = 1
293.9619999998249	EXP	text_3: autoDraw = true
295.054999999702	DATA	Keydown:  
295.0879999999888	EXP	text_3: autoDraw = false
295.0879999999888	EXP	Sound: secs = -1
295.0879999999888	EXP	Sound: volume = 1
295.0879999999888	EXP	Sound: loops = 0
295.0879999999888	EXP	Sound: volume = 1
308.585999999661	EXP	text_3: autoDraw = true
309.1850000000559	DATA	Keydown:  
309.2239999999292	EXP	text_3: autoDraw = false
309.2239999999292	EXP	Sound: secs = -1
309.2239999999292	EXP	Sound: volume = 1
309.2239999999292	EXP	Sound: loops = 0
309.2239999999292	EXP	Sound: volume = 1
322.1119999997318	EXP	text_3: autoDraw = true
326.84499999973923	DATA	Keydown:  
326.88699999963865	EXP	text_3: autoDraw = false
326.88699999963865	EXP	Sound: secs = -1
326.88699999963865	EXP	Sound: volume = 1
326.88699999963865	EXP	Sound: loops = 0
326.88699999963865	EXP	Sound: volume = 1
354.1359999999404	EXP	text_3: autoDraw = true
359.7349999998696	DATA	Keydown:  
359.74199999962	EXP	text_3: autoDraw = false
359.74199999962	EXP	Sound: secs = -1
359.74199999962	EXP	Sound: volume = 1
359.74199999962	EXP	Sound: loops = 0
359.74199999962	EXP	Sound: volume = 1
374.28899999987334	EXP	text_3: autoDraw = true
378.58499999996275	DATA	Keydown:  
378.6129999998957	EXP	text_3: autoDraw = false
378.6129999998957	EXP	Sound: secs = -1
378.6129999998957	EXP	Sound: volume = 1
378.6129999998957	EXP	Sound: loops = 0
378.6129999998957	EXP	Sound: volume = 1
395.33499999996275	EXP	text_3: autoDraw = true
405.11799999978393	DATA	Keydown:  
405.1589999999851	EXP	text_3: autoDraw = false
405.1589999999851	EXP	Sound: secs = -1
405.1589999999851	EXP	Sound: volume = 1
405.1589999999851	EXP	Sound: loops = 0
405.1589999999851	EXP	Sound: volume = 1
422.90299999993294	EXP	text_3: autoDraw = true
423.60299999965355	DATA	Keydown:  
423.6110000000335	EXP	text_3: autoDraw = false
423.6110000000335	EXP	Sound: secs = -1
423.6110000000335	EXP	Sound: volume = 1
423.6110000000335	EXP	Sound: loops = 0
423.6110000000335	EXP	Sound: volume = 1
441.9629999999888	EXP	text_3: autoDraw = true
442.68599999975413	DATA	Keydown:  
442.7599999997765	EXP	text_3: autoDraw = false
442.7599999997765	EXP	Sound: secs = -1
442.7599999997765	EXP	Sound: volume = 1
442.7599999997765	EXP	Sound: loops = 0
442.7599999997765	EXP	Sound: volume = 1
455.96699999971315	EXP	text_3: autoDraw = true
461.155999999959	DATA	Keydown:  
461.1889999997802	EXP	text_3: autoDraw = false
461.1889999997802	EXP	Sound: secs = -1
461.1889999997802	EXP	Sound: volume = 1
461.1889999997802	EXP	Sound: loops = 0
461.1889999997802	EXP	Sound: volume = 1
476.88100000005215	EXP	text_3: autoDraw = true
480.3739999998361	DATA	Keydown:  
480.38400000007823	EXP	text_3: autoDraw = false
480.38400000007823	EXP	Sound: secs = -1
480.38400000007823	EXP	Sound: volume = 1
480.38400000007823	EXP	Sound: loops = 0
480.38400000007823	EXP	Sound: volume = 1
497.39999999990687	EXP	text_3: autoDraw = true
498.53899999987334	DATA	Keydown:  
498.54599999962375	EXP	text_3: autoDraw = false
498.54599999962375	EXP	Sound: secs = -1
498.54599999962375	EXP	Sound: volume = 1
498.54599999962375	EXP	Sound: loops = 0
498.54599999962375	EXP	Sound: volume = 1
516.6469999998808	EXP	text_3: autoDraw = true
526.1650000000373	DATA	Keydown:  
526.1680000000633	EXP	text_3: autoDraw = false
526.1680000000633	EXP	Sound: secs = -1
526.1680000000633	EXP	Sound: volume = 1
526.1680000000633	EXP	Sound: loops = 0
526.1680000000633	EXP	Sound: volume = 1
546.2599999997765	EXP	text_3: autoDraw = true
562.4529999997467	DATA	Keydown:  
562.4589999997988	EXP	text_3: autoDraw = false
562.4589999997988	EXP	Sound: secs = -1
562.4589999997988	EXP	Sound: volume = 1
562.4589999997988	EXP	Sound: loops = 0
562.4589999997988	EXP	Sound: volume = 1
586.0689999996684	EXP	text_3: autoDraw = true
586.9869999997318	DATA	Keydown:  
587.0109999999404	EXP	text_3: autoDraw = false
587.0109999999404	EXP	Sound: secs = -1
587.0109999999404	EXP	Sound: volume = 1
587.0109999999404	EXP	Sound: loops = 0
587.0109999999404	EXP	Sound: volume = 1
603.2089999997988	EXP	text_3: autoDraw = true
604.24599999981	DATA	Keydown:  
604.25	EXP	text_3: autoDraw = false
604.25	EXP	Sound: secs = -1
604.25	EXP	Sound: volume = 1
604.25	EXP	Sound: loops = 0
604.25	EXP	Sound: volume = 1
623.5789999999106	EXP	text_3: autoDraw = true
627.0779999997467	DATA	Keydown:  
627.1029999996535	EXP	text_3: autoDraw = false
627.1029999996535	EXP	Sound: secs = -1
627.1029999996535	EXP	Sound: volume = 1
627.1029999996535	EXP	Sound: loops = 0
627.1029999996535	EXP	Sound: volume = 1
646.5749999997206	EXP	text_3: autoDraw = true
647.2999999998137	DATA	Keydown:  
647.3499999996275	EXP	text_3: autoDraw = false
647.3499999996275	EXP	Sound: secs = -1
647.3499999996275	EXP	Sound: volume = 1
647.3499999996275	EXP	Sound: loops = 0
647.3499999996275	EXP	Sound: volume = 1
660.8429999998771	EXP	text_3: autoDraw = true
662.1879999996163	DATA	Keydown:  
662.2160000000149	EXP	text_3: autoDraw = false
662.2160000000149	EXP	Sound: secs = -1
662.2160000000149	EXP	Sound: volume = 1
662.2160000000149	EXP	Sound: loops = 0
662.2160000000149	EXP	Sound: volume = 1
683.5919999997132	EXP	text_3: autoDraw = true
684.5289999996312	DATA	Keydown:  
684.5379999997094	EXP	text_3: autoDraw = false
684.5379999997094	EXP	Sound: secs = -1
684.5379999997094	EXP	Sound: volume = 1
684.5379999997094	EXP	Sound: loops = 0
684.5379999997094	EXP	Sound: volume = 1
704.1739999996498	EXP	text_3: autoDraw = true
705.2549999998882	DATA	Keydown:  
705.2709999997169	EXP	text_3: autoDraw = false
705.2709999997169	EXP	Sound: secs = -1
705.2709999997169	EXP	Sound: volume = 1
705.2709999997169	EXP	Sound: loops = 0
705.2709999997169	EXP	Sound: volume = 1
719.8529999996535	EXP	text_3: autoDraw = true
720.7379999998957	DATA	Keydown:  
720.7700000000186	EXP	text_3: autoDraw = false
720.7700000000186	EXP	Sound: secs = -1
720.7700000000186	EXP	Sound: volume = 1
720.7700000000186	EXP	Sound: loops = 0
720.7700000000186	EXP	Sound: volume = 1
736.0689999996684	EXP	text_3: autoDraw = true
737.12099999981	DATA	Keydown:  
737.1469999998808	EXP	text_3: autoDraw = false
737.1469999998808	EXP	Sound: secs = -1
737.1469999998808	EXP	Sound: volume = 1
737.1469999998808	EXP	Sound: loops = 0
737.1469999998808	EXP	Sound: volume = 1
754.9669999997132	EXP	text_3: autoDraw = true
756.4879999998957	DATA	Keydown:  
756.5049999998882	EXP	text_3: autoDraw = false
756.5049999998882	EXP	Sound: secs = -1
756.5049999998882	EXP	Sound: volume = 1
756.5049999998882	EXP	Sound: loops = 0
756.5049999998882	EXP	Sound: volume = 1
774.0149999996647	EXP	text_3: autoDraw = true
775.3519999999553	DATA	Keydown:  
775.3559999996796	EXP	text_3: autoDraw = false
775.3559999996796	EXP	Sound: secs = -1
775.3559999996796	EXP	Sound: volume = 1
775.3559999996796	EXP	Sound: loops = 0
775.3559999996796	EXP	Sound: volume = 1
790.6809999998659	EXP	text_3: autoDraw = true
791.5230000000447	DATA	Keydown:  
791.5419999998994	EXP	text_3: autoDraw = false
791.5419999998994	EXP	Sound: secs = -1
791.5419999998994	EXP	Sound: volume = 1
791.5419999998994	EXP	Sound: loops = 0
791.5419999998994	EXP	Sound: volume = 1
815.0179999996908	EXP	text_3: autoDraw = true
815.9199999999255	DATA	Keydown:  
815.932999999728	EXP	text_3: autoDraw = false
815.932999999728	EXP	Sound: secs = -1
815.932999999728	EXP	Sound: volume = 1
815.932999999728	EXP	Sound: loops = 0
815.932999999728	EXP	Sound: volume = 1
837.1329999999143	EXP	text_3: autoDraw = true
849.8599999998696	DATA	Keydown:  
849.8629999998957	EXP	text_3: autoDraw = false
849.8629999998957	EXP	Sound: secs = -1
849.8629999998957	EXP	Sound: volume = 1
849.8629999998957	EXP	Sound: loops = 0
849.8629999998957	EXP	Sound: volume = 1
862.1939999996684	EXP	text_3: autoDraw = true
872.1019999999553	DATA	Keydown:  
872.1080000000075	EXP	text_3: autoDraw = false
872.1080000000075	EXP	Sound: secs = -1
872.1080000000075	EXP	Sound: volume = 1
872.1080000000075	EXP	Sound: loops = 0
872.1080000000075	EXP	Sound: volume = 1
884.7669999999925	EXP	text_3: autoDraw = true
888.0060000000522	DATA	Keydown:  
888.0169999999925	EXP	text_3: autoDraw = false
888.0169999999925	EXP	Sound: secs = -1
888.0169999999925	EXP	Sound: volume = 1
888.0169999999925	EXP	Sound: loops = 0
888.0169999999925	EXP	Sound: volume = 1
892.8449999997392	DATA	Mouse: 0 button down, pos=(610,599)
893.0079999999143	DATA	Mouse: 0 button down, pos=(610,599)
905.5039999997243	EXP	text_3: autoDraw = true
909.0999999996275	DATA	Keydown:  
909.1599999996834	EXP	text_3: autoDraw = false
909.1599999996834	EXP	Sound: secs = -1
909.1599999996834	EXP	Sound: volume = 1
909.1599999996834	EXP	Sound: loops = 0
909.1599999996834	EXP	Sound: volume = 1
923.4379999996163	EXP	text_3: autoDraw = true
924.5249999999069	DATA	Keydown:  
924.5519999996759	EXP	text_3: autoDraw = false
924.5519999996759	EXP	Sound: secs = -1
924.5519999996759	EXP	Sound: volume = 1
924.5519999996759	EXP	Sound: loops = 0
924.5519999996759	EXP	Sound: volume = 1
943.1949999998324	EXP	text_3: autoDraw = true
943.9409999996424	DATA	Keydown:  
943.9439999996684	EXP	text_3: autoDraw = false
943.9439999996684	EXP	Sound: secs = -1
943.9439999996684	EXP	Sound: volume = 1
943.9439999996684	EXP	Sound: loops = 0
943.9439999996684	EXP	Sound: volume = 1
963.5829999996349	EXP	text_3: autoDraw = true
964.36699999962	DATA	Keydown:  
964.3679999997839	EXP	text_3: autoDraw = false
964.3679999997839	EXP	Sound: secs = -1
964.3679999997839	EXP	Sound: volume = 1
964.3679999997839	EXP	Sound: loops = 0
964.3679999997839	EXP	Sound: volume = 1
979.6609999998473	EXP	text_3: autoDraw = true
981.4239999996498	DATA	Keydown:  
981.4279999998398	EXP	text_3: autoDraw = false
981.4279999998398	EXP	Sound: secs = -1
981.4279999998398	EXP	Sound: volume = 1
981.4279999998398	EXP	Sound: loops = 0
981.4279999998398	EXP	Sound: volume = 1
996.5090000000782	EXP	text_3: autoDraw = true
997.7679999996908	DATA	Keydown:  
997.7969999997877	EXP	text_3: autoDraw = false
997.7969999997877	EXP	Sound: secs = -1
997.7969999997877	EXP	Sound: volume = 1
997.7969999997877	EXP	Sound: loops = 0
997.7969999997877	EXP	Sound: volume = 1
1012.0570000000298	EXP	text_3: autoDraw = true
1014.0540000000037	DATA	Keydown:  
1014.0629999996163	EXP	text_3: autoDraw = false
1014.0629999996163	EXP	Sound: secs = -1
1014.0629999996163	EXP	Sound: volume = 1
1014.0629999996163	EXP	Sound: loops = 0
1014.0629999996163	EXP	Sound: volume = 1
1028.3909999998286	EXP	text_3: autoDraw = true
1029.7169999997132	DATA	Keydown:  
1029.7279999996535	EXP	text_3: autoDraw = false
1029.7279999996535	EXP	Sound: secs = -1
1029.7279999996535	EXP	Sound: volume = 1
1029.7279999996535	EXP	Sound: loops = 0
1029.7279999996535	EXP	Sound: volume = 1
1042.7859999998473	EXP	text_3: autoDraw = true
1043.9359999997541	DATA	Keydown:  
1043.9490000000224	EXP	text_3: autoDraw = false
1043.9490000000224	EXP	Sound: secs = -1
1043.9490000000224	EXP	Sound: volume = 1
1043.9490000000224	EXP	Sound: loops = 0
1043.9490000000224	EXP	Sound: volume = 1
1057.033999999985	EXP	text_3: autoDraw = true
1061.1059999996796	DATA	Keydown:  
1061.1480000000447	EXP	text_3: autoDraw = false
1061.1480000000447	EXP	text_4: autoDraw = true
1066.9180000000633	DATA	Keydown:  
1066.932999999728	EXP	text_4: autoDraw = false
1066.932999999728	EXP	Sound: secs = -1
1066.932999999728	EXP	Sound: volume = 1
1066.932999999728	EXP	Sound: loops = 0
1066.932999999728	EXP	Sound: volume = 1
1079.0759999998845	EXP	next_prompt_trial2: autoDraw = true
1079.8240000000224	DATA	Keydown:  
1079.905999999959	EXP	next_prompt_trial2: autoDraw = false
1079.905999999959	EXP	Sound: secs = -1
1079.905999999959	EXP	Sound: volume = 1
1079.905999999959	EXP	Sound: loops = 0
1079.905999999959	EXP	Sound: volume = 1
1094.5359999998473	EXP	next_prompt_trial2: autoDraw = true
1095.8769999998622	DATA	Keydown:  
1095.9079999998212	EXP	next_prompt_trial2: autoDraw = false
1095.9079999998212	EXP	Sound: secs = -1
1095.9079999998212	EXP	Sound: volume = 1
1095.9079999998212	EXP	Sound: loops = 0
1095.9079999998212	EXP	Sound: volume = 1
1116.8810000000522	EXP	next_prompt_trial2: autoDraw = true
1117.7169999997132	DATA	Keydown:  
1117.7299999999814	EXP	next_prompt_trial2: autoDraw = false
1117.7299999999814	EXP	Sound: secs = -1
1117.7299999999814	EXP	Sound: volume = 1
1117.7299999999814	EXP	Sound: loops = 0
1117.7299999999814	EXP	Sound: volume = 1
1137.6299999998882	EXP	next_prompt_trial2: autoDraw = true
1138.1850000000559	DATA	Keydown:  
1138.1939999996684	EXP	next_prompt_trial2: autoDraw = false
1138.1939999996684	EXP	Sound: secs = -1
1138.1939999996684	EXP	Sound: volume = 1
1138.1939999996684	EXP	Sound: loops = 0
1138.1939999996684	EXP	Sound: volume = 1
1153.2629999998026	EXP	next_prompt_trial2: autoDraw = true
1154.717999999877	DATA	Keydown:  
1154.7399999997579	EXP	next_prompt_trial2: autoDraw = false
1154.7399999997579	EXP	Sound: secs = -1
1154.7399999997579	EXP	Sound: volume = 1
1154.7399999997579	EXP	Sound: loops = 0
1154.7399999997579	EXP	Sound: volume = 1
1174.4860000000335	EXP	next_prompt_trial2: autoDraw = true
1175.2679999996908	DATA	Keydown:  
1175.308999999892	EXP	next_prompt_trial2: autoDraw = false
1175.308999999892	EXP	Sound: secs = -1
1175.308999999892	EXP	Sound: volume = 1
1175.308999999892	EXP	Sound: loops = 0
1175.308999999892	EXP	Sound: volume = 1
1187.0400000000373	EXP	next_prompt_trial2: autoDraw = true
1188.033999999985	DATA	Keydown:  
1188.0459999996237	EXP	next_prompt_trial2: autoDraw = false
1188.0459999996237	EXP	Sound: secs = -1
1188.0459999996237	EXP	Sound: volume = 1
1188.0459999996237	EXP	Sound: loops = 0
1188.0459999996237	EXP	Sound: volume = 1
1201.4490000000224	EXP	next_prompt_trial2: autoDraw = true
1202.246999999974	DATA	Keydown:  
1202.25	EXP	next_prompt_trial2: autoDraw = false
1202.25	EXP	Sound: secs = -1
1202.25	EXP	Sound: volume = 1
1202.25	EXP	Sound: loops = 0
1202.25	EXP	Sound: volume = 1
1217.5499999998137	EXP	next_prompt_trial2: autoDraw = true
1223.8209999999963	DATA	Keydown:  
1223.8419999997132	EXP	next_prompt_trial2: autoDraw = false
1223.8419999997132	EXP	Sound: secs = -1
1223.8419999997132	EXP	Sound: volume = 1
1223.8419999997132	EXP	Sound: loops = 0
1223.8419999997132	EXP	Sound: volume = 1
1240.3879999998026	EXP	next_prompt_trial2: autoDraw = true
1241.3810000000522	DATA	Keydown:  
1241.4139999998733	EXP	next_prompt_trial2: autoDraw = false
1241.4139999998733	EXP	Sound: secs = -1
1241.4139999998733	EXP	Sound: volume = 1
1241.4139999998733	EXP	Sound: loops = 0
1241.4139999998733	EXP	Sound: volume = 1
1260.8659999999218	EXP	next_prompt_trial2: autoDraw = true
1262.1909999996424	DATA	Keydown:  
1262.1990000000224	EXP	next_prompt_trial2: autoDraw = false
1262.1990000000224	EXP	Sound: secs = -1
1262.1990000000224	EXP	Sound: volume = 1
1262.1990000000224	EXP	Sound: loops = 0
1262.1990000000224	EXP	Sound: volume = 1
1282.25	EXP	next_prompt_trial2: autoDraw = true
1283.3659999999218	DATA	Keydown:  
1283.3689999999478	EXP	next_prompt_trial2: autoDraw = false
1283.3689999999478	EXP	Sound: secs = -1
1283.3689999999478	EXP	Sound: volume = 1
1283.3689999999478	EXP	Sound: loops = 0
1283.3689999999478	EXP	Sound: volume = 1
1298.7879999997094	EXP	next_prompt_trial2: autoDraw = true
1301.9739999999292	DATA	Keydown:  
1301.9799999999814	EXP	next_prompt_trial2: autoDraw = false
1301.9799999999814	EXP	Sound: secs = -1
1301.9799999999814	EXP	Sound: volume = 1
1301.9799999999814	EXP	Sound: loops = 0
1301.9799999999814	EXP	Sound: volume = 1
1318.0060000000522	EXP	next_prompt_trial2: autoDraw = true
1319.930999999866	DATA	Keydown:  
1319.930999999866	EXP	next_prompt_trial2: autoDraw = false
1319.930999999866	EXP	Sound: secs = -1
1319.930999999866	EXP	Sound: volume = 1
1319.930999999866	EXP	Sound: loops = 0
1319.930999999866	EXP	Sound: volume = 1
1341.9509999998845	EXP	next_prompt_trial2: autoDraw = true
1342.9599999999627	DATA	Keydown:  
1342.9809999996796	EXP	next_prompt_trial2: autoDraw = false
1342.9809999996796	EXP	Sound: secs = -1
1342.9809999996796	EXP	Sound: volume = 1
1342.9809999996796	EXP	Sound: loops = 0
1342.9809999996796	EXP	Sound: volume = 1
1362.8649999997579	EXP	next_prompt_trial2: autoDraw = true
1363.9539999999106	DATA	Keydown:  
1363.9629999999888	EXP	next_prompt_trial2: autoDraw = false
1363.9629999999888	EXP	Sound: secs = -1
1363.9629999999888	EXP	Sound: volume = 1
1363.9629999999888	EXP	Sound: loops = 0
1363.9629999999888	EXP	Sound: volume = 1
1382.7509999996983	EXP	next_prompt_trial2: autoDraw = true
1388.75	DATA	Keydown:  
1388.7549999998882	EXP	next_prompt_trial2: autoDraw = false
1388.7549999998882	EXP	Sound: secs = -1
1388.7549999998882	EXP	Sound: volume = 1
1388.7549999998882	EXP	Sound: loops = 0
1388.7549999998882	EXP	Sound: volume = 1
1407.8509999997914	EXP	next_prompt_trial2: autoDraw = true
1408.7229999997653	DATA	Keydown:  
1408.7269999999553	EXP	next_prompt_trial2: autoDraw = false
1408.7269999999553	EXP	Sound: secs = -1
1408.7269999999553	EXP	Sound: volume = 1
1408.7269999999553	EXP	Sound: loops = 0
1408.7269999999553	EXP	Sound: volume = 1
1423.2870000000112	EXP	next_prompt_trial2: autoDraw = true
1424.3789999997243	DATA	Keydown:  
1424.3879999998026	EXP	next_prompt_trial2: autoDraw = false
1424.3879999998026	EXP	Sound: secs = -1
1424.3879999998026	EXP	Sound: volume = 1
1424.3879999998026	EXP	Sound: loops = 0
1424.3879999998026	EXP	Sound: volume = 1
1442.1019999999553	EXP	next_prompt_trial2: autoDraw = true
1442.8939999998547	DATA	Keydown:  
1442.9169999998994	EXP	next_prompt_trial2: autoDraw = false
1442.9169999998994	EXP	Sound: secs = -1
1442.9169999998994	EXP	Sound: volume = 1
1442.9169999998994	EXP	Sound: loops = 0
1442.9169999998994	EXP	Sound: volume = 1
1460.1399999996647	EXP	next_prompt_trial2: autoDraw = true
1461.5409999997355	DATA	Keydown:  
1461.554999999702	EXP	next_prompt_trial2: autoDraw = false
1461.554999999702	EXP	Sound: secs = -1
1461.554999999702	EXP	Sound: volume = 1
1461.554999999702	EXP	Sound: loops = 0
1461.554999999702	EXP	Sound: volume = 1
1480.2039999999106	EXP	next_prompt_trial2: autoDraw = true
1480.9569999999367	DATA	Keydown:  
1480.963999999687	EXP	next_prompt_trial2: autoDraw = false
1480.963999999687	EXP	Sound: secs = -1
1480.963999999687	EXP	Sound: volume = 1
1480.963999999687	EXP	Sound: loops = 0
1480.963999999687	EXP	Sound: volume = 1
1497.6149999997579	EXP	next_prompt_trial2: autoDraw = true
1498.1969999996945	DATA	Keydown:  
1498.1969999996945	EXP	next_prompt_trial2: autoDraw = false
1498.1969999996945	EXP	Sound: secs = -1
1498.1969999996945	EXP	Sound: volume = 1
1498.1969999996945	EXP	Sound: loops = 0
1498.1969999996945	EXP	Sound: volume = 1
1516.1850000000559	EXP	next_prompt_trial2: autoDraw = true
1516.7679999996908	DATA	Keydown:  
1516.7900000000373	EXP	next_prompt_trial2: autoDraw = false
1516.7900000000373	EXP	Sound: secs = -1
1516.7900000000373	EXP	Sound: volume = 1
1516.7900000000373	EXP	Sound: loops = 0
1516.7900000000373	EXP	Sound: volume = 1
1527.8419999997132	DATA	Keydown:  
1531.1599999996834	EXP	next_prompt_trial2: autoDraw = true
1532.1269999998622	DATA	Keydown:  
1532.152999999933	EXP	next_prompt_trial2: autoDraw = false
1532.152999999933	EXP	Sound: secs = -1
1532.152999999933	EXP	Sound: volume = 1
1532.152999999933	EXP	Sound: loops = 0
1532.152999999933	EXP	Sound: volume = 1
1547.8589999997057	EXP	next_prompt_trial2: autoDraw = true
1549.5359999998473	DATA	Keydown:  
1549.5509999999776	EXP	next_prompt_trial2: autoDraw = false
1549.5509999999776	EXP	Sound: secs = -1
1549.5509999999776	EXP	Sound: volume = 1
1549.5509999999776	EXP	Sound: loops = 0
1549.5509999999776	EXP	Sound: volume = 1
1566.1699999999255	EXP	next_prompt_trial2: autoDraw = true
1567.6579999998212	DATA	Keydown:  
1567.6650000000373	EXP	next_prompt_trial2: autoDraw = false
1567.6650000000373	EXP	Sound: secs = -1
1567.6650000000373	EXP	Sound: volume = 1
1567.6650000000373	EXP	Sound: loops = 0
1567.6650000000373	EXP	Sound: volume = 1
1585.0109999999404	EXP	next_prompt_trial2: autoDraw = true
1587.4159999997355	DATA	Keydown:  
1587.4189999997616	EXP	next_prompt_trial2: autoDraw = false
1587.4189999997616	EXP	Sound: secs = -1
1587.4189999997616	EXP	Sound: volume = 1
1587.4189999997616	EXP	Sound: loops = 0
1587.4189999997616	EXP	Sound: volume = 1
1604.0699999998324	EXP	next_prompt_trial2: autoDraw = true
1604.7709999997169	DATA	Keydown:  
1604.780999999959	EXP	next_prompt_trial2: autoDraw = false
1604.780999999959	EXP	Sound: secs = -1
1604.780999999959	EXP	Sound: volume = 1
1604.780999999959	EXP	Sound: loops = 0
1604.780999999959	EXP	Sound: volume = 1
1618.8610000000335	EXP	next_prompt_trial2: autoDraw = true
1635.030999999959	DATA	Keydown:  
1635.0359999998473	EXP	next_prompt_trial2: autoDraw = false
1635.0359999998473	EXP	Sound: secs = -1
1635.0359999998473	EXP	Sound: volume = 1
1635.0359999998473	EXP	Sound: loops = 0
1635.0359999998473	EXP	Sound: volume = 1
1655.0509999999776	EXP	next_prompt_trial2: autoDraw = true
1685.0009999996983	DATA	Keydown:  
1685.0109999999404	EXP	next_prompt_trial2: autoDraw = false
1685.0109999999404	EXP	Sound: secs = -1
1685.0109999999404	EXP	Sound: volume = 1
1685.0109999999404	EXP	Sound: loops = 0
1685.0109999999404	EXP	Sound: volume = 1
1702.1329999999143	EXP	next_prompt_trial2: autoDraw = true
1703.3769999998622	DATA	Keydown:  
1703.3810000000522	EXP	next_prompt_trial2: autoDraw = false
1703.3810000000522	EXP	Sound: secs = -1
1703.3810000000522	EXP	Sound: volume = 1
1703.3810000000522	EXP	Sound: loops = 0
1703.3810000000522	EXP	Sound: volume = 1
1722.1299999998882	EXP	next_prompt_trial2: autoDraw = true
1722.8859999999404	DATA	Keydown:  
1722.9189999997616	EXP	next_prompt_trial2: autoDraw = false
1722.9189999997616	EXP	Sound: secs = -1
1722.9189999997616	EXP	Sound: volume = 1
1722.9189999997616	EXP	Sound: loops = 0
1722.9189999997616	EXP	Sound: volume = 1
1737.4120000000112	EXP	next_prompt_trial2: autoDraw = true
1739.0449999999255	DATA	Keydown:  
1739.091000000015	EXP	next_prompt_trial2: autoDraw = false
1739.091000000015	EXP	Sound: secs = -1
1739.091000000015	EXP	Sound: volume = 1
1739.091000000015	EXP	Sound: loops = 0
1739.091000000015	EXP	Sound: volume = 1
1765.3199999998324	EXP	next_prompt_trial2: autoDraw = true
1767.4529999997467	DATA	Keydown:  
1767.4789999998175	EXP	next_prompt_trial2: autoDraw = false
1767.4789999998175	EXP	Sound: secs = -1
1767.4789999998175	EXP	Sound: volume = 1
1767.4789999998175	EXP	Sound: loops = 0
1767.4789999998175	EXP	Sound: volume = 1
1781.6159999999218	EXP	next_prompt_trial2: autoDraw = true
1787.5400000000373	DATA	Keydown:  
1787.5449999999255	EXP	next_prompt_trial2: autoDraw = false
1787.5449999999255	EXP	Sound: secs = -1
1787.5449999999255	EXP	Sound: volume = 1
1787.5449999999255	EXP	Sound: loops = 0
1787.5449999999255	EXP	Sound: volume = 1
1805.461999999825	EXP	next_prompt_trial2: autoDraw = true
1809.4399999999441	DATA	Keydown:  
1809.4449999998324	EXP	next_prompt_trial2: autoDraw = false
1809.4449999998324	EXP	Sound: secs = -1
1809.4449999998324	EXP	Sound: volume = 1
1809.4449999998324	EXP	Sound: loops = 0
1809.4449999998324	EXP	Sound: volume = 1
1825.960999999661	EXP	next_prompt_trial2: autoDraw = true
1827.0060000000522	DATA	Keydown:  
1827.0400000000373	EXP	next_prompt_trial2: autoDraw = false
1827.0400000000373	EXP	Sound: secs = -1
1827.0400000000373	EXP	Sound: volume = 1
1827.0400000000373	EXP	Sound: loops = 0
1827.0400000000373	EXP	Sound: volume = 1
1853.7009999998845	EXP	next_prompt_trial2: autoDraw = true
1855.5329999998212	DATA	Keydown:  
1855.5329999998212	EXP	next_prompt_trial2: autoDraw = false
1855.5329999998212	EXP	Sound: secs = -1
1855.5329999998212	EXP	Sound: volume = 1
1855.5329999998212	EXP	Sound: loops = 0
1855.5329999998212	EXP	Sound: volume = 1
1874.8659999999218	EXP	next_prompt_trial2: autoDraw = true
1876.4399999999441	DATA	Keydown:  
1876.4699999997392	EXP	next_prompt_trial2: autoDraw = false
1876.4699999997392	EXP	completion_text: autoDraw = true
1881.5430000000633	DATA	Mouse: wheel shift=(0,-100), pos=(488,375)
1881.5849999999627	DATA	Mouse: wheel shift=(0,-100), pos=(488,373)
1881.6069999998435	DATA	Mouse: wheel shift=(0,-100), pos=(489,366)
1882.6480000000447	DATA	Mouse: 0 button down, pos=(349,81)
1882.811999999918	DATA	Mouse: 0 button down, pos=(349,81)
1882.838999999687	DATA	Mouse: 0 button down, pos=(349,81)
1882.9279999998398	DATA	Mouse: 0 button down, pos=(350,80)
1884.0959999999031	DATA	Mouse: 0 button down, pos=(306,86)
1884.898999999743	DATA	Mouse: 0 button down, pos=(399,83)
1893.5689999996684	DATA	Mouse: 0 button down, pos=(299,94)
1894.4860000000335	DATA	Mouse: 0 button down, pos=(410,86)
1895.5669999998063	DATA	Mouse: 0 button down, pos=(294,83)
1896.1450000000186	DATA	Mouse: 0 button down, pos=(422,84)
1897.0060000000522	DATA	Mouse: wheel shift=(0,-100), pos=(741,141)
1897.088999999687	DATA	Mouse: wheel shift=(0,-100), pos=(741,143)
1899.6929999999702	DATA	Mouse: wheel shift=(0,100), pos=(752,133)
1899.7259999997914	DATA	Mouse: wheel shift=(0,100), pos=(758,215)
1899.7569999997504	DATA	Mouse: wheel shift=(0,200), pos=(758,219)
1899.926999999676	DATA	Mouse: wheel shift=(0,100), pos=(758,219)
1899.9499999997206	DATA	Mouse: wheel shift=(0,100), pos=(762,222)
1899.9849999998696	DATA	Mouse: wheel shift=(0,100), pos=(765,235)
1900.0079999999143	DATA	Mouse: wheel shift=(0,100), pos=(765,235)
1900.0479999999516	DATA	Mouse: wheel shift=(0,100), pos=(788,315)
1900.0729999998584	DATA	Mouse: wheel shift=(0,100), pos=(789,319)
1900.867999999784	DATA	Mouse: 0 button down, pos=(1221,433)
1901.0099999997765	DATA	Mouse: 0 button down, pos=(1224,431)
1901.3189999996684	DATA	Mouse: wheel shift=(0,100), pos=(1197,394)
1901.3509999997914	DATA	Mouse: wheel shift=(0,100), pos=(1197,406)
1901.4010000000708	DATA	Mouse: wheel shift=(0,100), pos=(1205,445)
1901.4249999998137	DATA	Mouse: wheel shift=(0,300), pos=(1205,457)
1901.6399999996647	DATA	Mouse: wheel shift=(0,100), pos=(1201,457)
1902.026999999769	DATA	Mouse: 0 button down, pos=(693,561)
1902.180999999866	DATA	Mouse: 0 button down, pos=(693,561)
1902.307999999728	DATA	Mouse: 0 button down, pos=(754,568)
1902.405999999959	DATA	Mouse: 0 button down, pos=(764,568)
1902.5770000000484	DATA	Mouse: 0 button down, pos=(839,568)
1902.6469999998808	DATA	Mouse: 0 button down, pos=(839,568)
1903.2050000000745	DATA	Mouse: 0 button down, pos=(559,616)
1903.3159999996424	DATA	Mouse: 0 button down, pos=(559,616)
1903.527999999933	DATA	Mouse: 0 button down, pos=(639,611)
1903.6099999998696	DATA	Mouse: 0 button down, pos=(641,609)
1903.74199999962	DATA	Mouse: 0 button down, pos=(689,597)
1903.8689999999478	DATA	Mouse: 0 button down, pos=(694,596)
1904.055999999866	DATA	Mouse: 0 button down, pos=(745,589)
1904.2349999998696	DATA	Mouse: 0 button down, pos=(745,589)
1904.4809999996796	DATA	Mouse: wheel shift=(0,100), pos=(789,593)
1904.5049999998882	DATA	Mouse: wheel shift=(0,100), pos=(814,648)
1904.558999999892	DATA	Mouse: wheel shift=(0,100), pos=(814,648)
1904.591000000015	DATA	Mouse: wheel shift=(0,200), pos=(815,651)
1904.8349999999627	DATA	Mouse: wheel shift=(0,-100), pos=(815,649)
1904.8529999996535	DATA	Mouse: wheel shift=(0,-200), pos=(815,648)
1904.9359999997541	DATA	Mouse: wheel shift=(0,-100), pos=(816,638)
1910.058999999892	DATA	Keydown:  
1910.0740000000224	EXP	completion_text: autoDraw = false
1910.0740000000224	EXP	goodbyetxt: autoDraw = true
