0.04885000002104789	EXP	Created Window = Window( name=Window, fullscr=true, color=#808080, units=height, waitBlanking=true, autoLog=true, size=[1364,657] )
18.77411499992013	DATA	Keydown: CapsLock
19.329004999948665	DATA	Keydown: S
57.32168499997351	DATA	Keydown: Shift
57.63927499996498	DATA	Keydown: Shift
57.6786050000228	DATA	Keydown: Shift
57.68854499992449	DATA	Keydown: Shift
57.72152000002097	DATA	Keydown: Shift
57.760449999943376	DATA	Keydown: Shift
57.770460000028834	DATA	Keydown: Shift
57.821559999953024	DATA	Keydown: Shift
57.82296000001952	DATA	Keydown: Shift
57.854739999980666	DATA	Keydown: Shift
57.868699999991804	DATA	Keydown: Shift
57.885784999933094	DATA	Keydown: Shift
57.934430000022985	DATA	Keydown: y
59.84555999992881	DATA	Keydown: E
59.856339999940246	DATA	Keydown: S
61.59606499993242	DATA	Keydown: Backspace
61.81814999994822	DATA	Keydown: Backspace
61.87015500001144	DATA	Keydown: Backspace
62.02259499998763	DATA	Keydown: Backspace
62.18488999991678	DATA	Keydown: Backspace
62.85175499995239	DATA	Keydown: CapsLock
63.74800000002142	DATA	Keydown: Shift
64.18160499993246	DATA	Keydown: Shift
64.19415499991737	DATA	Keydown: Shift
64.24209499999415	DATA	Keydown: Shift
64.27312999998685	DATA	Keydown: Shift
64.30309499998111	DATA	Keydown: Shift
64.32024499995168	DATA	Keydown: Shift
64.33450499991886	DATA	Keydown: Shift
64.35840999998618	DATA	Keydown: Shift
64.4035000000149	DATA	Keydown: Shift
64.42680000001565	DATA	Keydown: Shift
64.4542149999179	DATA	Keydown: Shift
64.48771999997552	DATA	Keydown: Shift
64.48811499995645	DATA	Keydown: Shift
64.51702999998815	DATA	Keydown: Shift
64.5371799999848	DATA	Keydown: Shift
64.59100999997463	DATA	Keydown: Shift
64.60772500000894	DATA	Keydown: Shift
64.63611999992281	DATA	Keydown: Shift
64.65119000000414	DATA	Keydown: Shift
64.68026499997359	DATA	Keydown: Shift
64.71349999995437	DATA	Keydown: Shift
64.73373500001617	DATA	Keydown: Shift
64.75728999997955	DATA	Keydown: Shift
64.77439499995671	DATA	Keydown: Shift
64.79425499995705	DATA	Keydown: Shift
64.83589500002563	DATA	Keydown: Shift
64.85150500002783	DATA	Keydown: Shift
64.88012500002515	DATA	Keydown: Shift
64.89440999994986	DATA	Keydown: Shift
64.89601499994751	DATA	Keydown: Y
66.3672399999341	DATA	Keydown: e
66.78943000000436	DATA	Keydown: s
74.05302499991376	DATA	Keydown: Shift
74.59618999995291	DATA	Keydown: Shift
74.59742000000551	DATA	Keydown: Shift
74.59930499992333	DATA	Keydown: Shift
74.59986999991816	DATA	Keydown: Shift
74.64323499996681	DATA	Keydown: Shift
74.96619499998633	DATA	Keydown: Shift
74.96851499995682	DATA	Keydown: Shift
74.96910500002559	DATA	Keydown: Shift
74.97232499998063	DATA	Keydown: Shift
74.9803499999689	DATA	Keydown: Shift
74.98068499995861	DATA	Keydown: Shift
74.98168999992777	DATA	Keydown: Shift
74.982299999916	DATA	Keydown: Shift
74.98342499998398	DATA	Keydown: Shift
74.98913999996148	DATA	Keydown: Shift
75.05230500001926	DATA	Keydown: Shift
75.06222999992315	DATA	Keydown: Shift
75.06385499995667	DATA	Keydown: Shift
75.07158500002697	DATA	Keydown: Z
75.38101000001188	DATA	Keydown: e
76.86868999991566	DATA	Keydown: b
77.07579999999143	DATA	Keydown: r
77.72476000001188	DATA	Keydown: i
77.90840499999467	DATA	Keydown: o
79.52202499995474	DATA	Keydown: Backspace
79.67354999994859	DATA	Keydown: Backspace
81.16749000002164	DATA	Keydown: o
81.47251999995206	DATA	Keydown: n
81.73266999993939	DATA	Keydown: i
82.32563999993727	DATA	Keydown: c
82.63610999996308	DATA	Keydown: s
88.84071000001859	DATA	Keydown: Backspace
89.21613499999512	DATA	Keydown: Backspace
89.2629050000105	DATA	Keydown: Backspace
89.27733499999158	DATA	Keydown: Backspace
91.81761000002734	DATA	Keydown: Shift
92.25109999999404	DATA	Keydown: Shift
92.30284000001848	DATA	Keydown: Shift
92.31177499995101	DATA	Keydown: Shift
92.3504800000228	DATA	Keydown: Shift
92.48992500000168	DATA	Keydown: Shift
92.5334149999544	DATA	Keydown: Shift
92.53549499996006	DATA	Keydown: Shift
92.53787499992177	DATA	Keydown: Shift
92.53844499995466	DATA	Keydown: Shift
92.87914999993518	DATA	Keydown: Shift
92.87976499996148	DATA	Keydown: Shift
92.8933749999851	DATA	Keydown: Shift
92.89382999995723	DATA	Keydown: Shift
92.89524999994319	DATA	Keydown: Shift
92.89578000002075	DATA	Keydown: Shift
92.9250849999953	DATA	Keydown: Shift
92.92556499992497	DATA	Keydown: Shift
92.92609999992419	DATA	Keydown: Shift
92.92666499991901	DATA	Keydown: Shift
92.92732999997679	DATA	Keydown: Shift
92.93038999999408	DATA	Keydown: Shift
92.93094999995083	DATA	Keydown: Shift
92.93166999996174	DATA	Keydown: Shift
92.93233500001952	DATA	Keydown: Shift
92.93400999996811	DATA	Keydown: Z
93.6241699999664	DATA	Keydown: e
94.66096999996807	DATA	Keydown: p
95.76141999999527	DATA	Keydown: o
96.30622499994934	DATA	Keydown: r
97.9317400000291	DATA	Keydown: Backspace
98.31359499995597	DATA	Keydown: Backspace
100.2255100000184	DATA	Keydown: r
101.48107500001788	DATA	Keydown: o
102.25	DATA	Keydown: n
102.26183999993373	DATA	Keydown: i
102.59262499993201	DATA	Keydown: c
102.8959249999607	DATA	Keydown: s
109.91622000001371	DATA	Keydown: Backspace
165.21463499998208	DATA	Keydown: CapsLock
166.34427499992307	DATA	Keydown: Z
168.0826249999227	DATA	Keydown: E
169.10518999991473	DATA	Keydown: B
170.47628499998245	DATA	Keydown: R
171.57352500001434	DATA	Keydown: O
172.62245499994606	DATA	Keydown: N
173.11804999993183	DATA	Keydown: I
173.98107500001788	DATA	Keydown: C
174.81498499994632	DATA	Keydown: S
190.38995500002056	DATA	Keydown: Shift
190.89832499995828	DATA	Keydown: n
190.91343499999493	DATA	Keydown: O
192.4175899999682	DATA	Keydown: Backspace
192.61043999996036	DATA	Keydown: Backspace
192.75139999995008	DATA	Keydown: Backspace
192.99833500001114	DATA	Keydown: Backspace
193.88589499995578	DATA	Keydown: CapsLock
194.0965149999829	DATA	Keydown: Shift
194.45502499991562	DATA	Keydown: Shift
194.51671999995597	DATA	Keydown: Shift
194.53159999998752	DATA	Keydown: N
194.9465649999911	DATA	Keydown: o
199.14572999998927	DATA	Keydown: Shift
199.15689999994356	DATA	Keydown: M
209.35283999994863	DATA	Keydown: 2
209.70575999992434	DATA	Keydown: 5
214.65905499993823	DATA	Keydown: Shift
214.90107999998145	DATA	Keydown: N
215.93489499995485	DATA	Keydown: o
231.09982499992475	DATA	Keydown: Shift
231.29805999994278	DATA	Keydown: N
231.75347499991767	DATA	Keydown: o
253.21698000002652	DATA	Keydown: Shift
253.2207899999339	DATA	Keydown: Z
255.15697999997064	DATA	Keydown: -
256.21611499995925	DATA	Keydown: Shift
256.6616699999431	DATA	Keydown: Shift
256.7320099999197	DATA	Keydown: Shift
256.8548399999272	DATA	Keydown: Shift
256.8561650000047	DATA	Keydown: Shift
256.8597549999831	DATA	Keydown: Shift
256.8707549999235	DATA	Keydown: Shift
256.8714049999835	DATA	Keydown: Shift
256.8722950000083	DATA	Keydown: Shift
256.8728300000075	DATA	Keydown: Shift
256.87323999998625	DATA	Keydown: Shift
257.04402499995194	DATA	Keydown: Shift
257.1121399999829	DATA	Keydown: Shift
257.11323499993887	DATA	Keydown: Shift
257.1139349999139	DATA	Keydown: Shift
257.11661999998614	DATA	Keydown: Shift
257.11830999993253	DATA	Keydown: Shift
257.11952499998733	DATA	Keydown: Shift
257.16438500001095	DATA	Keydown: Shift
257.1648699999787	DATA	Keydown: Shift
257.1654400000116	DATA	Keydown: Shift
257.16575499996543	DATA	Keydown: Shift
257.1661399999866	DATA	Keydown: Shift
257.1690599999856	DATA	Keydown: Shift
257.2274249999318	DATA	Keydown: Shift
257.2278299999889	DATA	Keydown: Shift
257.2430499999318	DATA	Keydown: Shift
257.25644499994814	DATA	Keydown: Shift
257.32173999992665	DATA	Keydown: Shift
257.3331149999285	DATA	Keydown: Shift
257.3478650000179	DATA	Keydown: Shift
257.3604349999223	DATA	Keydown: Shift
257.39379999996163	DATA	Keydown: Shift
257.4141649999656	DATA	Keydown: Shift
257.4400299999397	DATA	Keydown: Shift
257.455719999969	DATA	Keydown: Shift
257.5146299999906	DATA	Keydown: Shift
257.530849999981	DATA	Keydown: Shift
257.53282500000205	DATA	Keydown: Shift
257.5764649999328	DATA	Keydown: Shift
257.5779049999546	DATA	Keydown: Shift
257.6289199999301	DATA	Keydown: Shift
257.6389049999416	DATA	Keydown: Shift
257.6584049999947	DATA	Keydown: Shift
257.699254999985	DATA	Keydown: Shift
257.69973499991465	DATA	Keydown: Shift
257.7458849999821	DATA	Keydown: Shift
257.7898499999428	DATA	Keydown: Shift
257.7906700000167	DATA	Keydown: Shift
257.8083549999865	DATA	Keydown: Shift
257.8381250000093	DATA	Keydown: Shift
257.84950499993283	DATA	Keydown: Shift
257.8655049999943	DATA	Keydown: Shift
257.89046499994583	DATA	Keydown: Shift
257.94385499996133	DATA	Keydown: Shift
257.9590549999848	DATA	Keydown: Shift
258.00187999999616	DATA	Keydown: Shift
258.0043499999447	DATA	Keydown: Shift
258.05045999994036	DATA	Keydown: Shift
258.0976350000128	DATA	Keydown: Shift
258.1048149999697	DATA	Keydown: Shift
258.12452999991365	DATA	Keydown: Shift
258.1416999999201	DATA	Keydown: Shift
258.1741349999793	DATA	Keydown: Shift
258.2284750000108	DATA	Keydown: Shift
258.2345099999802	DATA	Keydown: Shift
258.24703999992926	DATA	Keydown: Shift
258.263399999938	DATA	Keydown: Shift
258.2950900000287	DATA	Keydown: Shift
258.3269699999364	DATA	Keydown: Shift
258.3556899999967	DATA	Keydown: Shift
258.3583899999503	DATA	Keydown: Shift
258.38697499991395	DATA	Keydown: Shift
258.4143749999348	DATA	Keydown: Shift
258.4150399999926	DATA	Keydown: B
259.3753700000234	DATA	Keydown: r
262.2883949999232	DATA	Keydown: o
283.09738499997184	DATA	Keydown:  
283.38537499995437	DATA	Keydown: g
283.50235999992583	DATA	Keydown: g
283.70402499998454	DATA	Keydown: j
283.7151199999498	DATA	Keydown: h
284.16110000002664	DATA	Keydown: h
284.163115000003	DATA	Keydown: j
284.18317500001285	DATA	Keydown: h
289.8021249999292	DATA	Keydown: Backspace
290.17337500001304	DATA	Keydown: Backspace
290.1752850000048	DATA	Keydown: Backspace
290.35438999999315	DATA	Keydown: Backspace
290.6449599999469	DATA	Keydown: Backspace
290.6489199999487	DATA	Keydown: Backspace
290.7495799999451	DATA	Keydown: Backspace
290.8967699999921	DATA	Keydown: Backspace
302.6645649999846	DATA	Keydown: Backspace
303.0812000000151	DATA	Keydown: Backspace
303.11311499995645	DATA	Keydown: Backspace
303.1312049999833	DATA	Keydown: Backspace
303.16238999995403	DATA	Keydown: Backspace
303.1776499999687	DATA	Keydown: Backspace
303.2187350000022	DATA	Keydown: Backspace
303.24187999998685	DATA	Keydown: Backspace
303.25870499992743	DATA	Keydown: Backspace
303.28804499993566	DATA	Keydown: Backspace
303.2902100000065	DATA	Keydown: Backspace
303.32269499998074	DATA	Keydown: Backspace
303.35210000001825	DATA	Keydown: Backspace
303.37230499996804	DATA	Keydown: Backspace
303.4034499999834	DATA	Keydown: Backspace
303.42386500001885	DATA	Keydown: Backspace
303.46285499993246	DATA	Keydown: Backspace
303.46459500002675	DATA	Keydown: Backspace
303.4963149999967	DATA	Keydown: Backspace
303.84005499992054	DATA	Keydown: Backspace
303.86154999991413	DATA	Keydown: Backspace
303.92238999996334	DATA	Keydown: Backspace
303.9489799999865	DATA	Keydown: Backspace
303.95056499994826	DATA	Keydown: Backspace
303.9627750000218	DATA	Keydown: Backspace
303.98081999993883	DATA	Keydown: Backspace
303.9863749999786	DATA	Keydown: Backspace
304.00999499997124	DATA	Keydown: Backspace
304.0235399999656	DATA	Keydown: Backspace
304.0402049999684	DATA	Keydown: Backspace
304.1026350000175	DATA	Keydown: Backspace
304.1048849999206	DATA	Keydown: Backspace
304.1309650000185	DATA	Keydown: Backspace
304.1628849999979	DATA	Keydown: Backspace
304.1839199999813	DATA	Keydown: Backspace
308.99779499997385	DATA	Keydown: 2
597.1184049999574	EXP	Created instructiontxt = TextStim( name=instructiontxt, win=Window( name=Window, fullscr=true, color=#808080, ~), autoDraw=null, autoLog=true, units=height, ori=null, opacity=1, pos=[0,0], size=undefined, text=Welcome to tapping experiment. 

You will hear a s~, font=Arial, color=#FFFFFF, contrast=1, height=0.05, bold=null, italic=null, alignHoriz=left, alignVert=center, wrapWidth=1, flipHoriz=null, flipVert=null )
597.1376849999651	EXP	Created TonePlayer = TonePlayer( name=TonePlayer, note=A4, duration_s=-1, volume=1, loops=null, soundLibrary="TONE_JS", autoLog=true )
597.1579500000225	EXP	Created text = TextStim( name=text, win=Window( name=Window, fullscr=true, color=#808080, ~), autoDraw=null, autoLog=true, units=height, ori=null, opacity=1, pos=[0,0], size=undefined, text=Ready for the next trial?

press space bar to star~, font=Arial, color=#FFFFFF, contrast=1, height=0.05, bold=null, italic=null, alignHoriz=left, alignVert=center, wrapWidth=1, flipHoriz=null, flipVert=null )
597.1646399999736	EXP	Created text_2 = TextStim( name=text_2, win=Window( name=Window, fullscr=true, color=#808080, ~), autoDraw=null, autoLog=true, units=height, ori=null, opacity=1, pos=[0,0], size=undefined, text=Practice trials are over.

Now we are going to sta~, font=Arial, color=#FFFFFF, contrast=1, height=0.05, bold=null, italic=null, alignHoriz=left, alignVert=center, wrapWidth=1, flipHoriz=null, flipVert=null )
597.1713499999605	EXP	Created TonePlayer = TonePlayer( name=TonePlayer, note=A4, duration_s=-1, volume=1, loops=null, soundLibrary="TONE_JS", autoLog=true )
597.1760500000091	EXP	Created text_3 = TextStim( name=text_3, win=Window( name=Window, fullscr=true, color=#808080, ~), autoDraw=null, autoLog=true, units=height, ori=null, opacity=1, pos=[0,0], size=undefined, text=Ready for the next trial?

Press space bar to star~, font=Arial, color=#FFFFFF, contrast=1, height=0.05, bold=null, italic=null, alignHoriz=left, alignVert=center, wrapWidth=1, flipHoriz=null, flipVert=null )
597.1807249999838	EXP	Created text_4 = TextStim( name=text_4, win=Window( name=Window, fullscr=true, color=#808080, ~), autoDraw=null, autoLog=true, units=height, ori=null, opacity=1, pos=[0,0], size=undefined, text=Great! This is the half-way break. 

Please take y~, font=Arial, color=#FFFFFF, contrast=1, height=0.05, bold=null, italic=null, alignHoriz=left, alignVert=center, wrapWidth=1, flipHoriz=null, flipVert=null )
597.1844150000252	EXP	Created TonePlayer = TonePlayer( name=TonePlayer, note=A4, duration_s=-1, volume=1, loops=null, soundLibrary="TONE_JS", autoLog=true )
597.186080000014	EXP	Created next_prompt_trial2 = TextStim( name=next_prompt_trial2, win=Window( name=Window, fullscr=true, color=#808080, ~), autoDraw=null, autoLog=true, units=height, ori=null, opacity=1, pos=[0,0], size=undefined, text=Ready for the next trial? 

Press space bar to sta~, font=Arial, color=#FFFFFF, contrast=1, height=0.05, bold=null, italic=null, alignHoriz=left, alignVert=center, wrapWidth=1, flipHoriz=null, flipVert=null )
597.187324999948	EXP	Created completion_text = TextStim( name=completion_text, win=Window( name=Window, fullscr=true, color=#808080, ~), autoDraw=null, autoLog=true, units=height, ori=null, opacity=1, pos=[0,0], size=undefined, text=Thanks for your participation! 

Here is your expe~, font=Arial, color=#FFFFFF, contrast=1, height=0.05, bold=null, italic=null, alignHoriz=left, alignVert=center, wrapWidth=1, flipHoriz=null, flipVert=null )
597.1886500000255	EXP	Created goodbyetxt = TextStim( name=goodbyetxt, win=Window( name=Window, fullscr=true, color=#808080, ~), autoDraw=null, autoLog=true, units=height, ori=null, opacity=1, pos=[0,0], size=undefined, text=The test is over!

Thank you so much!!, font=Arial, color=#FFFFFF, contrast=1, height=0.05, bold=null, italic=null, alignHoriz=left, alignVert=center, wrapWidth=1, flipHoriz=null, flipVert=null )
597.2495750000235	EXP	instructiontxt: units = "height"
597.2495750000235	EXP	instructiontxt: ori = 0
597.2495750000235	EXP	instructiontxt: opacity = 1
597.2495750000235	EXP	instructiontxt: pos = [0,0]
597.2495750000235	EXP	instructiontxt: size = undefined
597.2495750000235	EXP	instructiontxt: text = "Welcome to tapping experiment. \n\nYou will hear a sequence of tones.\nUse the index finger of your dominant hand \nto tap the spacebar at where you think the beat is throughout the sound file at each trial. \n\nWhen you are ready, press the spacebar to begin the practice."
597.2495750000235	EXP	instructiontxt: font = "Arial"
597.2495750000235	EXP	instructiontxt: color = {"_hex":"#FFFFFF","_rgb":[1,1,1]}
597.2495750000235	EXP	instructiontxt: contrast = 1
597.2495750000235	EXP	instructiontxt: height = 0.05
597.2495750000235	EXP	instructiontxt: bold = false
597.2495750000235	EXP	instructiontxt: italic = false
597.2495750000235	EXP	instructiontxt: alignHoriz = "left"
597.2495750000235	EXP	instructiontxt: alignVert = "center"
597.2495750000235	EXP	instructiontxt: wrapWidth = 1
597.2495750000235	EXP	instructiontxt: flipHoriz = false
597.2495750000235	EXP	instructiontxt: flipVert = false
597.2495750000235	EXP	Sound: secs = -1
597.2495750000235	EXP	Sound: volume = 1
597.2495750000235	EXP	Sound: loops = 0
597.2495750000235	EXP	Sound: volume = 1
597.2495750000235	EXP	text: units = "height"
597.2495750000235	EXP	text: ori = 0
597.2495750000235	EXP	text: opacity = 1
597.2495750000235	EXP	text: pos = [0,0]
597.2495750000235	EXP	text: size = undefined
597.2495750000235	EXP	text: text = "Ready for the next trial?\n\npress space bar to start."
597.2495750000235	EXP	text: font = "Arial"
597.2495750000235	EXP	text: color = {"_hex":"#FFFFFF","_rgb":[1,1,1]}
597.2495750000235	EXP	text: contrast = 1
597.2495750000235	EXP	text: height = 0.05
597.2495750000235	EXP	text: bold = false
597.2495750000235	EXP	text: italic = false
597.2495750000235	EXP	text: alignHoriz = "left"
597.2495750000235	EXP	text: alignVert = "center"
597.2495750000235	EXP	text: wrapWidth = 1
597.2495750000235	EXP	text: flipHoriz = false
597.2495750000235	EXP	text: flipVert = false
597.2495750000235	EXP	text_2: units = "height"
597.2495750000235	EXP	text_2: ori = 0
597.2495750000235	EXP	text_2: opacity = 1
597.2495750000235	EXP	text_2: pos = [0,0]
597.2495750000235	EXP	text_2: size = undefined
597.2495750000235	EXP	text_2: text = "Practice trials are over.\n\nNow we are going to start the real test trials.\nThe total session length will be about 28 minutes, but we will have a short break at the half way mark.\n\nIf you are ready, please space bar."
597.2495750000235	EXP	text_2: font = "Arial"
597.2495750000235	EXP	text_2: color = {"_hex":"#FFFFFF","_rgb":[1,1,1]}
597.2495750000235	EXP	text_2: contrast = 1
597.2495750000235	EXP	text_2: height = 0.05
597.2495750000235	EXP	text_2: bold = false
597.2495750000235	EXP	text_2: italic = false
597.2495750000235	EXP	text_2: alignHoriz = "left"
597.2495750000235	EXP	text_2: alignVert = "center"
597.2495750000235	EXP	text_2: wrapWidth = 1
597.2495750000235	EXP	text_2: flipHoriz = false
597.2495750000235	EXP	text_2: flipVert = false
597.2495750000235	EXP	Sound: secs = -1
597.2495750000235	EXP	Sound: volume = 1
597.2495750000235	EXP	Sound: loops = 0
597.2495750000235	EXP	Sound: volume = 1
597.2495750000235	EXP	text_3: units = "height"
597.2495750000235	EXP	text_3: ori = 0
597.2495750000235	EXP	text_3: opacity = 1
597.2495750000235	EXP	text_3: pos = [0,0]
597.2495750000235	EXP	text_3: size = undefined
597.2495750000235	EXP	text_3: text = "Ready for the next trial?\n\nPress space bar to start."
597.2495750000235	EXP	text_3: font = "Arial"
597.2495750000235	EXP	text_3: color = {"_hex":"#FFFFFF","_rgb":[1,1,1]}
597.2495750000235	EXP	text_3: contrast = 1
597.2495750000235	EXP	text_3: height = 0.05
597.2495750000235	EXP	text_3: bold = false
597.2495750000235	EXP	text_3: italic = false
597.2495750000235	EXP	text_3: alignHoriz = "left"
597.2495750000235	EXP	text_3: alignVert = "center"
597.2495750000235	EXP	text_3: wrapWidth = 1
597.2495750000235	EXP	text_3: flipHoriz = false
597.2495750000235	EXP	text_3: flipVert = false
597.2495750000235	EXP	text_4: units = "height"
597.2495750000235	EXP	text_4: ori = 0
597.2495750000235	EXP	text_4: opacity = 1
597.2495750000235	EXP	text_4: pos = [0,0]
597.2495750000235	EXP	text_4: size = undefined
597.2495750000235	EXP	text_4: text = "Great! This is the half-way break. \n\nPlease take your time. \n\nWhen you are ready to start the second-half of the test trials, please press space bar. "
597.2495750000235	EXP	text_4: font = "Arial"
597.2495750000235	EXP	text_4: color = {"_hex":"#FFFFFF","_rgb":[1,1,1]}
597.2495750000235	EXP	text_4: contrast = 1
597.2495750000235	EXP	text_4: height = 0.05
597.2495750000235	EXP	text_4: bold = false
597.2495750000235	EXP	text_4: italic = false
597.2495750000235	EXP	text_4: alignHoriz = "left"
597.2495750000235	EXP	text_4: alignVert = "center"
597.2495750000235	EXP	text_4: wrapWidth = 1
597.2495750000235	EXP	text_4: flipHoriz = false
597.2495750000235	EXP	text_4: flipVert = false
597.2495750000235	EXP	Sound: secs = -1
597.2495750000235	EXP	Sound: volume = 1
597.2495750000235	EXP	Sound: loops = 0
597.2495750000235	EXP	Sound: volume = 1
597.2495750000235	EXP	next_prompt_trial2: units = "height"
597.2495750000235	EXP	next_prompt_trial2: ori = 0
597.2495750000235	EXP	next_prompt_trial2: opacity = 1
597.2495750000235	EXP	next_prompt_trial2: pos = [0,0]
597.2495750000235	EXP	next_prompt_trial2: size = undefined
597.2495750000235	EXP	next_prompt_trial2: text = "Ready for the next trial? \n\nPress space bar to start. "
597.2495750000235	EXP	next_prompt_trial2: font = "Arial"
597.2495750000235	EXP	next_prompt_trial2: color = {"_hex":"#FFFFFF","_rgb":[1,1,1]}
597.2495750000235	EXP	next_prompt_trial2: contrast = 1
597.2495750000235	EXP	next_prompt_trial2: height = 0.05
597.2495750000235	EXP	next_prompt_trial2: bold = false
597.2495750000235	EXP	next_prompt_trial2: italic = false
597.2495750000235	EXP	next_prompt_trial2: alignHoriz = "left"
597.2495750000235	EXP	next_prompt_trial2: alignVert = "center"
597.2495750000235	EXP	next_prompt_trial2: wrapWidth = 1
597.2495750000235	EXP	next_prompt_trial2: flipHoriz = false
597.2495750000235	EXP	next_prompt_trial2: flipVert = false
597.2495750000235	EXP	completion_text: units = "height"
597.2495750000235	EXP	completion_text: ori = 0
597.2495750000235	EXP	completion_text: opacity = 1
597.2495750000235	EXP	completion_text: pos = [0,0]
597.2495750000235	EXP	completion_text: size = undefined
597.2495750000235	EXP	completion_text: text = "Thanks for your participation! \n\nHere is your experiment completion code: \n\n9158 \n\nPlease write down this code as you will need it in order to receive payment.\n\nIf you are not an MTurk worker, please send an email to nolan.lem@gmail.com with the Experiment Completion Code as the subject of the email. In order to complete the \nexperiment, when you are ready please press space bar and wait until you see a text box appear that says \"Thanks for your patience\" where you can click 'ok'. \n\nIf you are an MTurk worker, please press the space bar to be redirected to the MTurk experiment \nhomepage where you can input the code into the Experiment Completion Code box. "
597.2495750000235	EXP	completion_text: font = "Arial"
597.2495750000235	EXP	completion_text: color = {"_hex":"#FFFFFF","_rgb":[1,1,1]}
597.2495750000235	EXP	completion_text: contrast = 1
597.2495750000235	EXP	completion_text: height = 0.05
597.2495750000235	EXP	completion_text: bold = false
597.2495750000235	EXP	completion_text: italic = false
597.2495750000235	EXP	completion_text: alignHoriz = "left"
597.2495750000235	EXP	completion_text: alignVert = "center"
597.2495750000235	EXP	completion_text: wrapWidth = 1
597.2495750000235	EXP	completion_text: flipHoriz = false
597.2495750000235	EXP	completion_text: flipVert = false
597.2495750000235	EXP	goodbyetxt: units = "height"
597.2495750000235	EXP	goodbyetxt: ori = 0
597.2495750000235	EXP	goodbyetxt: opacity = 1
597.2495750000235	EXP	goodbyetxt: pos = [0,0]
597.2495750000235	EXP	goodbyetxt: size = undefined
597.2495750000235	EXP	goodbyetxt: text = "The test is over!\n\nThank you so much!!"
597.2495750000235	EXP	goodbyetxt: font = "Arial"
597.2495750000235	EXP	goodbyetxt: color = {"_hex":"#FFFFFF","_rgb":[1,1,1]}
597.2495750000235	EXP	goodbyetxt: contrast = 1
597.2495750000235	EXP	goodbyetxt: height = 0.05
597.2495750000235	EXP	goodbyetxt: bold = false
597.2495750000235	EXP	goodbyetxt: italic = false
597.2495750000235	EXP	goodbyetxt: alignHoriz = "left"
597.2495750000235	EXP	goodbyetxt: alignVert = "center"
597.2495750000235	EXP	goodbyetxt: wrapWidth = 1
597.2495750000235	EXP	goodbyetxt: flipHoriz = false
597.2495750000235	EXP	goodbyetxt: flipVert = false
597.2495750000235	EXP	instructiontxt: autoDraw = true
712.7191099999472	DATA	Keydown:  
712.7514599999413	EXP	instructiontxt: autoDraw = false
712.7514599999413	EXP	Sound: secs = -1
712.7514599999413	EXP	Sound: volume = 1
712.7514599999413	EXP	Sound: loops = 0
712.7514599999413	EXP	Sound: volume = 1
716.6221699999878	DATA	Keydown: F11
726.0853999999817	EXP	text: autoDraw = true
729.5681300000288	DATA	Keydown:  
729.5725349999266	EXP	text: autoDraw = false
729.5725349999266	EXP	Sound: secs = -1
729.5725349999266	EXP	Sound: volume = 1
729.5725349999266	EXP	Sound: loops = 0
729.5725349999266	EXP	Sound: volume = 1
740.3267699999269	EXP	text: autoDraw = true
742.318265000009	DATA	Keydown:  
742.3256599999731	EXP	text: autoDraw = false
742.3256599999731	EXP	Sound: secs = -1
742.3256599999731	EXP	Sound: volume = 1
742.3256599999731	EXP	Sound: loops = 0
742.3256599999731	EXP	Sound: volume = 1
762.8332449999871	EXP	text: autoDraw = true
765.0366299999878	DATA	Keydown:  
765.0415749999229	EXP	text: autoDraw = false
765.0415749999229	EXP	Sound: secs = -1
765.0415749999229	EXP	Sound: volume = 1
765.0415749999229	EXP	Sound: loops = 0
765.0415749999229	EXP	Sound: volume = 1
779.768945000018	EXP	text: autoDraw = true
781.0016149999574	DATA	Keydown:  
781.0272699999623	EXP	text: autoDraw = false
781.0272699999623	EXP	text_2: autoDraw = true
791.9685149999568	DATA	Keydown:  
791.9892250000266	EXP	text_2: autoDraw = false
791.9892250000266	EXP	Sound: secs = -1
791.9892250000266	EXP	Sound: volume = 1
791.9892250000266	EXP	Sound: loops = 0
791.9892250000266	EXP	Sound: volume = 1
807.2870949999196	EXP	text_3: autoDraw = true
809.9203999999445	DATA	Keydown:  
809.9254550000187	EXP	text_3: autoDraw = false
809.9254550000187	EXP	Sound: secs = -1
809.9254550000187	EXP	Sound: volume = 1
809.9254550000187	EXP	Sound: loops = 0
809.9254550000187	EXP	Sound: volume = 1
829.2471299999161	EXP	text_3: autoDraw = true
830.9379799999297	DATA	Keydown:  
830.9413899999345	EXP	text_3: autoDraw = false
830.9413899999345	EXP	Sound: secs = -1
830.9413899999345	EXP	Sound: volume = 1
830.9413899999345	EXP	Sound: loops = 0
830.9413899999345	EXP	Sound: volume = 1
854.4085649999324	EXP	text_3: autoDraw = true
855.3364999999758	DATA	Keydown:  
855.3416899999138	EXP	text_3: autoDraw = false
855.3416899999138	EXP	Sound: secs = -1
855.3416899999138	EXP	Sound: volume = 1
855.3416899999138	EXP	Sound: loops = 0
855.3416899999138	EXP	Sound: volume = 1
876.6921299999813	EXP	text_3: autoDraw = true
891.6272249999456	DATA	Keydown:  
891.6321100000059	EXP	text_3: autoDraw = false
891.6321100000059	EXP	Sound: secs = -1
891.6321100000059	EXP	Sound: volume = 1
891.6321100000059	EXP	Sound: loops = 0
891.6321100000059	EXP	Sound: volume = 1
907.8030199999921	EXP	text_3: autoDraw = true
909.3502999999328	DATA	Keydown:  
909.3581349999877	EXP	text_3: autoDraw = false
909.3581349999877	EXP	Sound: secs = -1
909.3581349999877	EXP	Sound: volume = 1
909.3581349999877	EXP	Sound: loops = 0
909.3581349999877	EXP	Sound: volume = 1
921.6884299999801	EXP	text_3: autoDraw = true
923.2558349999599	DATA	Keydown:  
923.2613899999997	EXP	text_3: autoDraw = false
923.2613899999997	EXP	Sound: secs = -1
923.2613899999997	EXP	Sound: volume = 1
923.2613899999997	EXP	Sound: loops = 0
923.2613899999997	EXP	Sound: volume = 1
939.9627249999903	EXP	text_3: autoDraw = true
941.0051299999468	DATA	Keydown:  
941.0114349999931	EXP	text_3: autoDraw = false
941.0114349999931	EXP	Sound: secs = -1
941.0114349999931	EXP	Sound: volume = 1
941.0114349999931	EXP	Sound: loops = 0
941.0114349999931	EXP	Sound: volume = 1
959.5223749999423	EXP	text_3: autoDraw = true
960.5224000000162	DATA	Keydown:  
960.5257699999493	EXP	text_3: autoDraw = false
960.5257699999493	EXP	Sound: secs = -1
960.5257699999493	EXP	Sound: volume = 1
960.5257699999493	EXP	Sound: loops = 0
960.5257699999493	EXP	Sound: volume = 1
974.8506549999584	EXP	text_3: autoDraw = true
983.5321199999889	DATA	Keydown:  
983.5418300000019	EXP	text_3: autoDraw = false
983.5418300000019	EXP	Sound: secs = -1
983.5418300000019	EXP	Sound: volume = 1
983.5418300000019	EXP	Sound: loops = 0
983.5418300000019	EXP	Sound: volume = 1
996.7470299999695	EXP	text_3: autoDraw = true
998.3778150000144	DATA	Keydown:  
998.3924300000072	EXP	text_3: autoDraw = false
998.3924300000072	EXP	Sound: secs = -1
998.3924300000072	EXP	Sound: volume = 1
998.3924300000072	EXP	Sound: loops = 0
998.3924300000072	EXP	Sound: volume = 1
1018.4804999999469	EXP	text_3: autoDraw = true
1020.161764999968	DATA	Keydown:  
1020.1697399999248	EXP	text_3: autoDraw = false
1020.1697399999248	EXP	Sound: secs = -1
1020.1697399999248	EXP	Sound: volume = 1
1020.1697399999248	EXP	Sound: loops = 0
1020.1697399999248	EXP	Sound: volume = 1
1037.6676899999147	EXP	text_3: autoDraw = true
1039.7313399999402	DATA	Keydown:  
1039.7357049999991	EXP	text_3: autoDraw = false
1039.7357049999991	EXP	Sound: secs = -1
1039.7357049999991	EXP	Sound: volume = 1
1039.7357049999991	EXP	Sound: loops = 0
1039.7357049999991	EXP	Sound: volume = 1
1059.2226749999681	EXP	text_3: autoDraw = true
1060.075729999924	DATA	Keydown:  
1060.0818449999206	EXP	text_3: autoDraw = false
1060.0818449999206	EXP	Sound: secs = -1
1060.0818449999206	EXP	Sound: volume = 1
1060.0818449999206	EXP	Sound: loops = 0
1060.0818449999206	EXP	Sound: volume = 1
1081.2597499999683	EXP	text_3: autoDraw = true
1082.5388749999693	DATA	Keydown:  
1082.5451449999819	EXP	text_3: autoDraw = false
1082.5451449999819	EXP	Sound: secs = -1
1082.5451449999819	EXP	Sound: volume = 1
1082.5451449999819	EXP	Sound: loops = 0
1082.5451449999819	EXP	Sound: volume = 1
1101.1450999999652	EXP	text_3: autoDraw = true
1102.0010449999245	DATA	Keydown:  
1102.0056499999482	EXP	text_3: autoDraw = false
1102.0056499999482	EXP	Sound: secs = -1
1102.0056499999482	EXP	Sound: volume = 1
1102.0056499999482	EXP	Sound: loops = 0
1102.0056499999482	EXP	Sound: volume = 1
1119.833869999973	EXP	text_3: autoDraw = true
1158.9898999999277	DATA	Mouse: 0 button down, pos=(978,339)
1159.00331499998	DATA	Mouse: 0 button down, pos=(978,339)
1159.5193549999967	DATA	Keydown:  
1159.5346900000004	EXP	text_3: autoDraw = false
1159.5346900000004	EXP	Sound: secs = -1
1159.5346900000004	EXP	Sound: volume = 1
1159.5346900000004	EXP	Sound: loops = 0
1159.5346900000004	EXP	Sound: volume = 1
1160.3865399999777	DATA	Keydown:  
1179.174544999958	EXP	text_3: autoDraw = true
1180.097614999977	DATA	Keydown:  
1180.104485000018	EXP	text_3: autoDraw = false
1180.104485000018	EXP	Sound: secs = -1
1180.104485000018	EXP	Sound: volume = 1
1180.104485000018	EXP	Sound: loops = 0
1180.104485000018	EXP	Sound: volume = 1
1192.9679149999283	EXP	text_3: autoDraw = true
1194.8597549999831	DATA	Keydown:  
1194.8666100000264	EXP	text_3: autoDraw = false
1194.8666100000264	EXP	Sound: secs = -1
1194.8666100000264	EXP	Sound: volume = 1
1194.8666100000264	EXP	Sound: loops = 0
1194.8666100000264	EXP	Sound: volume = 1
1207.4767299999949	EXP	text_3: autoDraw = true
1209.4523649999173	DATA	Keydown:  
1209.4622349999845	EXP	text_3: autoDraw = false
1209.4622349999845	EXP	Sound: secs = -1
1209.4622349999845	EXP	Sound: volume = 1
1209.4622349999845	EXP	Sound: loops = 0
1209.4622349999845	EXP	Sound: volume = 1
1224.768464999972	EXP	text_3: autoDraw = true
1226.9773849999765	DATA	Keydown:  
1226.9935549999354	EXP	text_3: autoDraw = false
1226.9935549999354	EXP	Sound: secs = -1
1226.9935549999354	EXP	Sound: volume = 1
1226.9935549999354	EXP	Sound: loops = 0
1226.9935549999354	EXP	Sound: volume = 1
1240.0099899999332	EXP	text_3: autoDraw = true
1241.5980599999893	DATA	Keydown:  
1241.6031449999427	EXP	text_3: autoDraw = false
1241.6031449999427	EXP	Sound: secs = -1
1241.6031449999427	EXP	Sound: volume = 1
1241.6031449999427	EXP	Sound: loops = 0
1241.6031449999427	EXP	Sound: volume = 1
1255.052939999965	EXP	text_3: autoDraw = true
1257.6236349999672	DATA	Keydown:  
1257.636429999955	EXP	text_3: autoDraw = false
1257.636429999955	EXP	Sound: secs = -1
1257.636429999955	EXP	Sound: volume = 1
1257.636429999955	EXP	Sound: loops = 0
1257.636429999955	EXP	Sound: volume = 1
1271.9141550000058	EXP	text_3: autoDraw = true
1275.0140099999262	DATA	Keydown:  
1275.0192999999272	EXP	text_3: autoDraw = false
1275.0192999999272	EXP	Sound: secs = -1
1275.0192999999272	EXP	Sound: volume = 1
1275.0192999999272	EXP	Sound: loops = 0
1275.0192999999272	EXP	Sound: volume = 1
1302.2569949999452	EXP	text_3: autoDraw = true
1303.7802299999166	DATA	Keydown:  
1303.78614500002	EXP	text_3: autoDraw = false
1303.78614500002	EXP	Sound: secs = -1
1303.78614500002	EXP	Sound: volume = 1
1303.78614500002	EXP	Sound: loops = 0
1303.78614500002	EXP	Sound: volume = 1
1320.8037299999269	EXP	text_3: autoDraw = true
1322.9184649999952	DATA	Keydown:  
1322.9236449999735	EXP	text_3: autoDraw = false
1322.9236449999735	EXP	Sound: secs = -1
1322.9236449999735	EXP	Sound: volume = 1
1322.9236449999735	EXP	Sound: loops = 0
1322.9236449999735	EXP	Sound: volume = 1
1344.6950700000161	EXP	text_3: autoDraw = true
1346.166084999917	DATA	Keydown:  
1346.174095000024	EXP	text_3: autoDraw = false
1346.174095000024	EXP	Sound: secs = -1
1346.174095000024	EXP	Sound: volume = 1
1346.174095000024	EXP	Sound: loops = 0
1346.174095000024	EXP	Sound: volume = 1
1364.5957499999786	EXP	text_3: autoDraw = true
1365.9093649999704	DATA	Keydown:  
1365.9213149999268	EXP	text_3: autoDraw = false
1365.9213149999268	EXP	Sound: secs = -1
1365.9213149999268	EXP	Sound: volume = 1
1365.9213149999268	EXP	Sound: loops = 0
1365.9213149999268	EXP	Sound: volume = 1
1383.6390399999218	EXP	text_3: autoDraw = true
1385.148685000022	DATA	Keydown:  
1385.153554999968	EXP	text_3: autoDraw = false
1385.153554999968	EXP	Sound: secs = -1
1385.153554999968	EXP	Sound: volume = 1
1385.153554999968	EXP	Sound: loops = 0
1385.153554999968	EXP	Sound: volume = 1
1400.855424999958	EXP	text_3: autoDraw = true
1403.4547449999955	DATA	Keydown:  
1403.4613549999194	EXP	text_3: autoDraw = false
1403.4613549999194	EXP	Sound: secs = -1
1403.4613549999194	EXP	Sound: volume = 1
1403.4613549999194	EXP	Sound: loops = 0
1403.4613549999194	EXP	Sound: volume = 1
1420.058785000001	EXP	text_3: autoDraw = true
1421.0260449999478	DATA	Keydown:  
1421.0338599999668	EXP	text_3: autoDraw = false
1421.0338599999668	EXP	Sound: secs = -1
1421.0338599999668	EXP	Sound: volume = 1
1421.0338599999668	EXP	Sound: loops = 0
1421.0338599999668	EXP	Sound: volume = 1
1438.5152799999341	EXP	text_3: autoDraw = true
1439.3378149999771	DATA	Keydown:  
1439.3512049999554	EXP	text_3: autoDraw = false
1439.3512049999554	EXP	Sound: secs = -1
1439.3512049999554	EXP	Sound: volume = 1
1439.3512049999554	EXP	Sound: loops = 0
1439.3512049999554	EXP	Sound: volume = 1
1456.7417399999686	EXP	text_3: autoDraw = true
1458.84878999996	DATA	Keydown:  
1458.8589449999854	EXP	text_3: autoDraw = false
1458.8589449999854	EXP	Sound: secs = -1
1458.8589449999854	EXP	Sound: volume = 1
1458.8589449999854	EXP	Sound: loops = 0
1458.8589449999854	EXP	Sound: volume = 1
1482.460534999962	EXP	text_3: autoDraw = true
1483.8735849999357	DATA	Keydown:  
1483.8815000000177	EXP	text_3: autoDraw = false
1483.8815000000177	EXP	Sound: secs = -1
1483.8815000000177	EXP	Sound: volume = 1
1483.8815000000177	EXP	Sound: loops = 0
1483.8815000000177	EXP	Sound: volume = 1
1488.360999999917	DATA	Keydown: F11
1500.6030800000299	EXP	text_3: autoDraw = true
1502.554134999984	DATA	Keydown:  
1502.5682249999372	EXP	text_3: autoDraw = false
1502.5682249999372	EXP	Sound: secs = -1
1502.5682249999372	EXP	Sound: volume = 1
1502.5682249999372	EXP	Sound: loops = 0
1502.5682249999372	EXP	Sound: volume = 1
1517.886530000018	EXP	text_3: autoDraw = true
1520.0681750000222	DATA	Keydown:  
1520.0716799999354	EXP	text_3: autoDraw = false
1520.0716799999354	EXP	Sound: secs = -1
1520.0716799999354	EXP	Sound: volume = 1
1520.0716799999354	EXP	Sound: loops = 0
1520.0716799999354	EXP	Sound: volume = 1
1537.8195449999766	EXP	text_3: autoDraw = true
1539.946239999961	DATA	Keydown:  
1539.9512399999658	EXP	text_3: autoDraw = false
1539.9512399999658	EXP	Sound: secs = -1
1539.9512399999658	EXP	Sound: volume = 1
1539.9512399999658	EXP	Sound: loops = 0
1539.9512399999658	EXP	Sound: volume = 1
1553.431815000018	EXP	text_3: autoDraw = true
1555.017824999988	DATA	Keydown:  
1555.0257399999537	EXP	text_3: autoDraw = false
1555.0257399999537	EXP	Sound: secs = -1
1555.0257399999537	EXP	Sound: volume = 1
1555.0257399999537	EXP	Sound: loops = 0
1555.0257399999537	EXP	Sound: volume = 1
1570.0851999999722	EXP	text_3: autoDraw = true
1571.9957899999572	DATA	Keydown:  
1572.0009549999377	EXP	text_3: autoDraw = false
1572.0009549999377	EXP	Sound: secs = -1
1572.0009549999377	EXP	Sound: volume = 1
1572.0009549999377	EXP	Sound: loops = 0
1572.0009549999377	EXP	Sound: volume = 1
1583.954870000016	DATA	Mouse: wheel shift=(0,-100), pos=(579,620)
1587.2276950000087	DATA	Mouse: wheel shift=(0,-100), pos=(895,401)
1591.6521400000202	EXP	text_3: autoDraw = true
1592.9277249999577	DATA	Keydown:  
1592.9356200000038	EXP	text_3: autoDraw = false
1592.9356200000038	EXP	Sound: secs = -1
1592.9356200000038	EXP	Sound: volume = 1
1592.9356200000038	EXP	Sound: loops = 0
1592.9356200000038	EXP	Sound: volume = 1
1611.2507449999684	EXP	text_3: autoDraw = true
1613.4190699999453	DATA	Keydown:  
1613.4566399999894	EXP	text_3: autoDraw = false
1613.4566399999894	EXP	text_4: autoDraw = true
1623.4142299999949	DATA	Keydown:  
1623.4417149999645	EXP	text_4: autoDraw = false
1623.4417149999645	EXP	Sound: secs = -1
1623.4417149999645	EXP	Sound: volume = 1
1623.4417149999645	EXP	Sound: loops = 0
1623.4417149999645	EXP	Sound: volume = 1
1642.5113000000129	EXP	next_prompt_trial2: autoDraw = true
1646.946334999986	DATA	Keydown:  
1646.9546700000064	EXP	next_prompt_trial2: autoDraw = false
1646.9546700000064	EXP	Sound: secs = -1
1646.9546700000064	EXP	Sound: volume = 1
1646.9546700000064	EXP	Sound: loops = 0
1646.9546700000064	EXP	Sound: volume = 1
1664.8540400000056	EXP	next_prompt_trial2: autoDraw = true
1666.221900000004	DATA	Keydown:  
1666.235800000024	EXP	next_prompt_trial2: autoDraw = false
1666.235800000024	EXP	Sound: secs = -1
1666.235800000024	EXP	Sound: volume = 1
1666.235800000024	EXP	Sound: loops = 0
1666.235800000024	EXP	Sound: volume = 1
1682.8900649999268	EXP	next_prompt_trial2: autoDraw = true
1684.1790649999166	DATA	Keydown:  
1684.1951549999649	EXP	next_prompt_trial2: autoDraw = false
1684.1951549999649	EXP	Sound: secs = -1
1684.1951549999649	EXP	Sound: volume = 1
1684.1951549999649	EXP	Sound: loops = 0
1684.1951549999649	EXP	Sound: volume = 1
1698.2672549999552	EXP	next_prompt_trial2: autoDraw = true
1700.0064149999525	DATA	Keydown:  
1700.0103499999968	EXP	next_prompt_trial2: autoDraw = false
1700.0103499999968	EXP	Sound: secs = -1
1700.0103499999968	EXP	Sound: volume = 1
1700.0103499999968	EXP	Sound: loops = 0
1700.0103499999968	EXP	Sound: volume = 1
1714.0796499999706	EXP	next_prompt_trial2: autoDraw = true
1715.3208999999333	DATA	Keydown:  
1715.3256650000112	EXP	next_prompt_trial2: autoDraw = false
1715.3256650000112	EXP	Sound: secs = -1
1715.3256650000112	EXP	Sound: volume = 1
1715.3256650000112	EXP	Sound: loops = 0
1715.3256650000112	EXP	Sound: volume = 1
1729.848619999946	EXP	next_prompt_trial2: autoDraw = true
1731.0346649999265	DATA	Keydown:  
1731.0454149999423	EXP	next_prompt_trial2: autoDraw = false
1731.0454149999423	EXP	Sound: secs = -1
1731.0454149999423	EXP	Sound: volume = 1
1731.0454149999423	EXP	Sound: loops = 0
1731.0454149999423	EXP	Sound: volume = 1
1749.0278999999864	EXP	next_prompt_trial2: autoDraw = true
1750.6406499999575	DATA	Keydown:  
1750.6455399999395	EXP	next_prompt_trial2: autoDraw = false
1750.6455399999395	EXP	Sound: secs = -1
1750.6455399999395	EXP	Sound: volume = 1
1750.6455399999395	EXP	Sound: loops = 0
1750.6455399999395	EXP	Sound: volume = 1
1770.711089999997	EXP	next_prompt_trial2: autoDraw = true
1772.150565000018	DATA	Keydown:  
1772.1560550000286	EXP	next_prompt_trial2: autoDraw = false
1772.1560550000286	EXP	Sound: secs = -1
1772.1560550000286	EXP	Sound: volume = 1
1772.1560550000286	EXP	Sound: loops = 0
1772.1560550000286	EXP	Sound: volume = 1
1783.8831749999663	EXP	next_prompt_trial2: autoDraw = true
1785.076549999998	DATA	Keydown:  
1785.0855049999664	EXP	next_prompt_trial2: autoDraw = false
1785.0855049999664	EXP	Sound: secs = -1
1785.0855049999664	EXP	Sound: volume = 1
1785.0855049999664	EXP	Sound: loops = 0
1785.0855049999664	EXP	Sound: volume = 1
1785.2908249999164	DATA	Keydown:  
1805.0791099999333	EXP	next_prompt_trial2: autoDraw = true
1806.7507549999282	DATA	Keydown:  
1806.7611649999162	EXP	next_prompt_trial2: autoDraw = false
1806.7611649999162	EXP	Sound: secs = -1
1806.7611649999162	EXP	Sound: volume = 1
1806.7611649999162	EXP	Sound: loops = 0
1806.7611649999162	EXP	Sound: volume = 1
1824.0960799999302	EXP	next_prompt_trial2: autoDraw = true
1825.3446850000182	DATA	Keydown:  
1825.3549450000282	EXP	next_prompt_trial2: autoDraw = false
1825.3549450000282	EXP	Sound: secs = -1
1825.3549450000282	EXP	Sound: volume = 1
1825.3549450000282	EXP	Sound: loops = 0
1825.3549450000282	EXP	Sound: volume = 1
1841.354079999961	EXP	next_prompt_trial2: autoDraw = true
1842.9127549999394	DATA	Keydown:  
1842.9198099999921	EXP	next_prompt_trial2: autoDraw = false
1842.9198099999921	EXP	Sound: secs = -1
1842.9198099999921	EXP	Sound: volume = 1
1842.9198099999921	EXP	Sound: loops = 0
1842.9198099999921	EXP	Sound: volume = 1
1857.9808499999344	EXP	next_prompt_trial2: autoDraw = true
1858.8374499999918	DATA	Keydown:  
1858.8437099999283	EXP	next_prompt_trial2: autoDraw = false
1858.8437099999283	EXP	Sound: secs = -1
1858.8437099999283	EXP	Sound: volume = 1
1858.8437099999283	EXP	Sound: loops = 0
1858.8437099999283	EXP	Sound: volume = 1
1875.9118749999907	EXP	next_prompt_trial2: autoDraw = true
1876.9841399999568	DATA	Keydown:  
1876.994609999936	EXP	next_prompt_trial2: autoDraw = false
1876.994609999936	EXP	Sound: secs = -1
1876.994609999936	EXP	Sound: volume = 1
1876.994609999936	EXP	Sound: loops = 0
1876.994609999936	EXP	Sound: volume = 1
1891.3635599999689	EXP	next_prompt_trial2: autoDraw = true
1892.334584999946	DATA	Keydown:  
1892.3426650000038	EXP	next_prompt_trial2: autoDraw = false
1892.3426650000038	EXP	Sound: secs = -1
1892.3426650000038	EXP	Sound: volume = 1
1892.3426650000038	EXP	Sound: loops = 0
1892.3426650000038	EXP	Sound: volume = 1
1918.577879999997	EXP	next_prompt_trial2: autoDraw = true
1921.8006799999857	DATA	Keydown:  
1921.810455000028	EXP	next_prompt_trial2: autoDraw = false
1921.810455000028	EXP	Sound: secs = -1
1921.810455000028	EXP	Sound: volume = 1
1921.810455000028	EXP	Sound: loops = 0
1921.810455000028	EXP	Sound: volume = 1
1943.8317749999696	EXP	next_prompt_trial2: autoDraw = true
1945.1636099999305	DATA	Keydown:  
1945.1742599999998	EXP	next_prompt_trial2: autoDraw = false
1945.1742599999998	EXP	Sound: secs = -1
1945.1742599999998	EXP	Sound: volume = 1
1945.1742599999998	EXP	Sound: loops = 0
1945.1742599999998	EXP	Sound: volume = 1
1965.0895099999616	EXP	next_prompt_trial2: autoDraw = true
1966.5882749999873	DATA	Keydown:  
1966.5935149999568	EXP	next_prompt_trial2: autoDraw = false
1966.5935149999568	EXP	Sound: secs = -1
1966.5935149999568	EXP	Sound: volume = 1
1966.5935149999568	EXP	Sound: loops = 0
1966.5935149999568	EXP	Sound: volume = 1
1978.7335549999261	EXP	next_prompt_trial2: autoDraw = true
1979.8062849999405	DATA	Keydown:  
1979.8098449999234	EXP	next_prompt_trial2: autoDraw = false
1979.8098449999234	EXP	Sound: secs = -1
1979.8098449999234	EXP	Sound: volume = 1
1979.8098449999234	EXP	Sound: loops = 0
1979.8098449999234	EXP	Sound: volume = 1
1994.310504999943	EXP	next_prompt_trial2: autoDraw = true
1995.2482399999863	DATA	Keydown:  
1995.2531099999323	EXP	next_prompt_trial2: autoDraw = false
1995.2531099999323	EXP	Sound: secs = -1
1995.2531099999323	EXP	Sound: volume = 1
1995.2531099999323	EXP	Sound: loops = 0
1995.2531099999323	EXP	Sound: volume = 1
2013.8897250000155	EXP	next_prompt_trial2: autoDraw = true
2015.270995000028	DATA	Keydown:  
2015.2780299999285	EXP	next_prompt_trial2: autoDraw = false
2015.2780299999285	EXP	Sound: secs = -1
2015.2780299999285	EXP	Sound: volume = 1
2015.2780299999285	EXP	Sound: loops = 0
2015.2780299999285	EXP	Sound: volume = 1
2034.58978499996	EXP	next_prompt_trial2: autoDraw = true
2036.2664050000021	DATA	Keydown:  
2036.274359999923	EXP	next_prompt_trial2: autoDraw = false
2036.274359999923	EXP	Sound: secs = -1
2036.274359999923	EXP	Sound: volume = 1
2036.274359999923	EXP	Sound: loops = 0
2036.274359999923	EXP	Sound: volume = 1
2052.8041749999393	EXP	next_prompt_trial2: autoDraw = true
2054.4119749999372	DATA	Keydown:  
2054.4269499999937	EXP	next_prompt_trial2: autoDraw = false
2054.4269499999937	EXP	Sound: secs = -1
2054.4269499999937	EXP	Sound: volume = 1
2054.4269499999937	EXP	Sound: loops = 0
2054.4269499999937	EXP	Sound: volume = 1
2069.8354350000154	EXP	next_prompt_trial2: autoDraw = true
2071.837019999977	DATA	Keydown:  
2071.8457299999427	EXP	next_prompt_trial2: autoDraw = false
2071.8457299999427	EXP	Sound: secs = -1
2071.8457299999427	EXP	Sound: volume = 1
2071.8457299999427	EXP	Sound: loops = 0
2071.8457299999427	EXP	Sound: volume = 1
2087.5554299999494	EXP	next_prompt_trial2: autoDraw = true
2090.614014999941	DATA	Keydown:  
2090.6257650000043	EXP	next_prompt_trial2: autoDraw = false
2090.6257650000043	EXP	Sound: secs = -1
2090.6257650000043	EXP	Sound: volume = 1
2090.6257650000043	EXP	Sound: loops = 0
2090.6257650000043	EXP	Sound: volume = 1
2107.258365000016	EXP	next_prompt_trial2: autoDraw = true
2109.413904999965	DATA	Keydown:  
2109.421699999948	EXP	next_prompt_trial2: autoDraw = false
2109.421699999948	EXP	Sound: secs = -1
2109.421699999948	EXP	Sound: volume = 1
2109.421699999948	EXP	Sound: loops = 0
2109.421699999948	EXP	Sound: volume = 1
2126.630750000011	EXP	next_prompt_trial2: autoDraw = true
2127.8759549999377	DATA	Keydown:  
2127.882804999943	EXP	next_prompt_trial2: autoDraw = false
2127.882804999943	EXP	Sound: secs = -1
2127.882804999943	EXP	Sound: volume = 1
2127.882804999943	EXP	Sound: loops = 0
2127.882804999943	EXP	Sound: volume = 1
2146.626584999962	EXP	next_prompt_trial2: autoDraw = true
2147.9908499999437	DATA	Keydown:  
2147.9969699999783	EXP	next_prompt_trial2: autoDraw = false
2147.9969699999783	EXP	Sound: secs = -1
2147.9969699999783	EXP	Sound: volume = 1
2147.9969699999783	EXP	Sound: loops = 0
2147.9969699999783	EXP	Sound: volume = 1
2165.6868049999466	EXP	next_prompt_trial2: autoDraw = true
2167.3070999999763	DATA	Keydown:  
2167.3130099999253	EXP	next_prompt_trial2: autoDraw = false
2167.3130099999253	EXP	Sound: secs = -1
2167.3130099999253	EXP	Sound: volume = 1
2167.3130099999253	EXP	Sound: loops = 0
2167.3130099999253	EXP	Sound: volume = 1
2183.9340000000084	EXP	next_prompt_trial2: autoDraw = true
2184.9502099999227	DATA	Keydown:  
2184.9588999999687	EXP	next_prompt_trial2: autoDraw = false
2184.9588999999687	EXP	Sound: secs = -1
2184.9588999999687	EXP	Sound: volume = 1
2184.9588999999687	EXP	Sound: loops = 0
2184.9588999999687	EXP	Sound: volume = 1
2211.4613549999194	EXP	next_prompt_trial2: autoDraw = true
2212.38507999992	DATA	Keydown:  
2212.397735000006	EXP	next_prompt_trial2: autoDraw = false
2212.397735000006	EXP	Sound: secs = -1
2212.397735000006	EXP	Sound: volume = 1
2212.397735000006	EXP	Sound: loops = 0
2212.397735000006	EXP	Sound: volume = 1
2231.161824999959	EXP	next_prompt_trial2: autoDraw = true
2232.0174000000115	DATA	Keydown:  
2232.0255849999376	EXP	next_prompt_trial2: autoDraw = false
2232.0255849999376	EXP	Sound: secs = -1
2232.0255849999376	EXP	Sound: volume = 1
2232.0255849999376	EXP	Sound: loops = 0
2232.0255849999376	EXP	Sound: volume = 1
2237.0093499999493	DATA	Keydown:  
2247.303809999954	EXP	next_prompt_trial2: autoDraw = true
2249.3097749999724	DATA	Keydown:  
2249.324505000026	EXP	next_prompt_trial2: autoDraw = false
2249.324505000026	EXP	Sound: secs = -1
2249.324505000026	EXP	Sound: volume = 1
2249.324505000026	EXP	Sound: loops = 0
2249.324505000026	EXP	Sound: volume = 1
2249.953194999951	DATA	Keydown:  
2263.9478949999902	EXP	next_prompt_trial2: autoDraw = true
2266.1702349999687	DATA	Keydown:  
2266.1745749999536	EXP	next_prompt_trial2: autoDraw = false
2266.1745749999536	EXP	Sound: secs = -1
2266.1745749999536	EXP	Sound: volume = 1
2266.1745749999536	EXP	Sound: loops = 0
2266.1745749999536	EXP	Sound: volume = 1
2266.7742650000146	DATA	Keydown:  
2266.776009999914	DATA	Keydown:  
2266.7887750000227	DATA	Keydown:  
2266.798450000002	DATA	Keydown:  
2279.4975599999307	EXP	next_prompt_trial2: autoDraw = true
2280.8911849999567	DATA	Keydown:  
2280.8948399999645	EXP	next_prompt_trial2: autoDraw = false
2280.8948399999645	EXP	Sound: secs = -1
2280.8948399999645	EXP	Sound: volume = 1
2280.8948399999645	EXP	Sound: loops = 0
2280.8948399999645	EXP	Sound: volume = 1
2300.6939250000287	EXP	next_prompt_trial2: autoDraw = true
2302.82337499992	DATA	Keydown:  
2302.8291099999333	EXP	next_prompt_trial2: autoDraw = false
2302.8291099999333	EXP	Sound: secs = -1
2302.8291099999333	EXP	Sound: volume = 1
2302.8291099999333	EXP	Sound: loops = 0
2302.8291099999333	EXP	Sound: volume = 1
2322.2736499999883	EXP	next_prompt_trial2: autoDraw = true
2324.245340000023	DATA	Keydown:  
2324.2543150000274	EXP	next_prompt_trial2: autoDraw = false
2324.2543150000274	EXP	Sound: secs = -1
2324.2543150000274	EXP	Sound: volume = 1
2324.2543150000274	EXP	Sound: loops = 0
2324.2543150000274	EXP	Sound: volume = 1
2345.217379999929	EXP	next_prompt_trial2: autoDraw = true
2347.0841500000097	DATA	Keydown:  
2347.0898349999916	EXP	next_prompt_trial2: autoDraw = false
2347.0898349999916	EXP	Sound: secs = -1
2347.0898349999916	EXP	Sound: volume = 1
2347.0898349999916	EXP	Sound: loops = 0
2347.0898349999916	EXP	Sound: volume = 1
2363.519339999999	EXP	next_prompt_trial2: autoDraw = true
2365.60872499994	DATA	Keydown:  
2365.6232999999775	EXP	next_prompt_trial2: autoDraw = false
2365.6232999999775	EXP	Sound: secs = -1
2365.6232999999775	EXP	Sound: volume = 1
2365.6232999999775	EXP	Sound: loops = 0
2365.6232999999775	EXP	Sound: volume = 1
2385.3612749999156	EXP	next_prompt_trial2: autoDraw = true
2386.9506099999417	DATA	Keydown:  
2386.9994050000096	EXP	next_prompt_trial2: autoDraw = false
2386.9994050000096	EXP	completion_text: autoDraw = true
2393.2124449999537	DATA	Mouse: wheel shift=(0,-100), pos=(370,205)
2393.2282499999274	DATA	Mouse: wheel shift=(0,-500), pos=(370,205)
2395.808849999914	DATA	Mouse: 0 button down, pos=(351,72)
2395.9157549999654	DATA	Mouse: 0 button down, pos=(351,72)
2395.9823699999833	DATA	Mouse: 0 button down, pos=(351,72)
2396.163279999979	DATA	Mouse: 0 button down, pos=(351,72)
2402.3787999999477	DATA	Mouse: wheel shift=(0,-100), pos=(520,183)
2402.474120000028	DATA	Mouse: wheel shift=(0,-200), pos=(560,178)
2402.492659999989	DATA	Mouse: wheel shift=(0,-100), pos=(560,178)
2403.048594999942	DATA	Mouse: wheel shift=(0,-100), pos=(428,134)
2404.089574999991	DATA	Mouse: 0 button down, pos=(385,64)
2404.1779099999694	DATA	Mouse: 0 button down, pos=(385,64)
2404.2594299999764	DATA	Mouse: 0 button down, pos=(385,64)
2404.37355499994	DATA	Mouse: 0 button down, pos=(385,64)
2404.9824099999387	DATA	Mouse: wheel shift=(0,-100), pos=(966,155)
2405.189049999928	DATA	Mouse: wheel shift=(0,-100), pos=(1090,213)
2405.2198349999962	DATA	Mouse: wheel shift=(0,-200), pos=(1090,213)
2405.2808749999385	DATA	Mouse: wheel shift=(0,-100), pos=(1090,213)
2407.456275000004	DATA	Mouse: wheel shift=(0,-100), pos=(894,305)
2407.488299999968	DATA	Mouse: wheel shift=(0,-100), pos=(908,288)
2407.545470000012	DATA	Mouse: wheel shift=(0,-100), pos=(909,287)
2407.609119999921	DATA	Mouse: wheel shift=(0,-100), pos=(948,256)
2409.972635000013	DATA	Mouse: wheel shift=(0,-100), pos=(653,112)
2409.987194999936	DATA	Mouse: wheel shift=(0,-100), pos=(653,112)
2409.9989099999657	DATA	Mouse: wheel shift=(0,-100), pos=(632,106)
2410.0172199999215	DATA	Mouse: wheel shift=(0,-100), pos=(604,94)
2410.5115499999374	DATA	Mouse: wheel shift=(0,-100), pos=(347,65)
2410.539039999945	DATA	Mouse: wheel shift=(0,-100), pos=(347,65)
2411.0914099999936	DATA	Mouse: wheel shift=(0,-100), pos=(592,100)
2411.132564999978	DATA	Mouse: wheel shift=(0,-200), pos=(596,98)
2411.2188900000183	DATA	Mouse: wheel shift=(0,-100), pos=(610,90)
2411.2405249999138	DATA	Mouse: wheel shift=(0,-100), pos=(626,87)
2411.514584999997	DATA	Mouse: wheel shift=(0,-100), pos=(951,101)
2411.576144999941	DATA	Mouse: wheel shift=(0,-100), pos=(954,94)
2413.0442249999614	DATA	Keydown: F11
2444.2363200000254	DATA	Mouse: wheel shift=(0,100), pos=(743,360)
2444.2547550000018	DATA	Mouse: wheel shift=(0,100), pos=(749,366)
2444.280060000019	DATA	Mouse: wheel shift=(0,100), pos=(765,375)
2444.2988699999405	DATA	Mouse: wheel shift=(0,100), pos=(787,389)
2444.315259999945	DATA	Mouse: wheel shift=(0,100), pos=(787,389)
2444.353844999918	DATA	Mouse: wheel shift=(0,100), pos=(816,399)
2444.821959999972	DATA	Mouse: wheel shift=(0,200), pos=(1205,518)
2444.83661499992	DATA	Mouse: wheel shift=(0,100), pos=(1205,518)
2444.8542599999346	DATA	Mouse: wheel shift=(0,100), pos=(1269,532)
2445.5051850000164	DATA	Mouse: wheel shift=(0,100), pos=(998,596)
2445.518410000019	DATA	Mouse: wheel shift=(0,100), pos=(998,596)
2445.5775949999224	DATA	Mouse: wheel shift=(0,100), pos=(996,595)
2447.0884049999295	DATA	Mouse: wheel shift=(0,-100), pos=(864,285)
2447.1056249999674	DATA	Mouse: wheel shift=(0,-100), pos=(864,285)
2447.1692399999592	DATA	Mouse: wheel shift=(0,-100), pos=(864,285)
2447.200034999987	DATA	Mouse: wheel shift=(0,-200), pos=(864,285)
2447.5724649999756	DATA	Mouse: wheel shift=(0,-100), pos=(873,281)
2447.609429999953	DATA	Mouse: wheel shift=(0,-100), pos=(875,280)
2447.6508349999785	DATA	Mouse: wheel shift=(0,-200), pos=(875,280)
2447.6708899999503	DATA	Mouse: wheel shift=(0,-100), pos=(879,279)
2462.837109999964	DATA	Keydown: Enter
2464.3575849999906	DATA	Keydown:  
2464.3722599999746	EXP	completion_text: autoDraw = false
2464.3722599999746	EXP	goodbyetxt: autoDraw = true
