0.054999999701976776	EXP	Created Window = Window( name=Window, fullscr=true, color=#808080, units=height, waitBlanking=true, autoLog=true, size=[1366,657] )
35.02000000001863	DATA	Keydown: Shift
35.510999999940395	DATA	Keydown: Shift
35.5519999996759	DATA	Keydown: Shift
35.587999999988824	DATA	Keydown: Shift
35.622999999672174	DATA	Keydown: Shift
35.65699999965727	DATA	Keydown: Shift
35.682999999728054	DATA	Keydown: Shift
35.708999999798834	DATA	Keydown: Shift
35.73600000003353	DATA	Keydown: S
36.122999999672174	DATA	Keydown: R
36.4839999997057	DATA	Keydown: Tab
38.21199999982491	DATA	Keydown: ContextMenu
44.532999999821186	DATA	Keydown: Shift
44.86599999992177	DATA	Keydown: Y
45.083999999798834	DATA	Keydown: e
45.31499999994412	DATA	Keydown: s
46.045999999623746	DATA	Keydown: Tab
49.43599999975413	DATA	Keydown: Shift
49.61100000003353	DATA	Keydown: S
49.76599999982864	DATA	Keydown: o
49.9499999997206	DATA	Keydown: n
50.304000000003725	DATA	Keydown: y
50.66800000006333	DATA	Keydown:  
51.41899999976158	DATA	Keydown: Shift
51.59400000004098	DATA	Keydown: M
52.17199999978766	DATA	Keydown: D
52.38899999996647	DATA	Keydown: R
53.65999999968335	DATA	Keydown:  
53.84799999976531	DATA	Keydown: Shift
53.967999999877065	DATA	Keydown: S
54.251999999862164	DATA	Keydown: E
54.49899999983609	DATA	Keydown: r
54.618999999947846	DATA	Keydown: i
54.825999999884516	DATA	Keydown: e
55.040999999735504	DATA	Keydown: s
56.1480000000447	DATA	Keydown: Backspace
56.30499999970198	DATA	Keydown: Backspace
56.46499999985099	DATA	Keydown: Backspace
56.609999999869615	DATA	Keydown: Backspace
56.75300000002608	DATA	Keydown: Backspace
57.25	DATA	Keydown: e
57.45799999963492	DATA	Keydown: r
57.670999999623746	DATA	Keydown: i
57.75399999972433	DATA	Keydown: e
57.97799999965355	DATA	Keydown: s
59.06599999964237	DATA	Keydown: Tab
61.864999999757856	DATA	Keydown: 2
62.35800000000745	DATA	Keydown: Tab
64.95099999988452	DATA	Keydown: Shift
65.09400000004098	DATA	Keydown: n
65.20299999974668	DATA	Keydown: o
65.29599999962375	DATA	Keydown: n
65.38999999966472	DATA	Keydown: e
65.8410000000149	DATA	Keydown: Tab
66.6359999999404	DATA	Keydown: Shift
67.13699999963865	DATA	Keydown: Shift
67.1769999996759	DATA	Keydown: F
67.58799999998882	DATA	Keydown: e
70.39899999974295	DATA	Keydown: Backspace
71.085999999661	DATA	Keydown: Tab
72.48600000003353	DATA	Keydown: Shift
72.56899999966845	DATA	Keydown: Tab
73.44199999980628	DATA	Keydown: ArrowRight
73.78700000001118	DATA	Keydown: e
73.96799999987707	DATA	Keydown: m
74.06999999983236	DATA	Keydown: a
74.17900000000373	DATA	Keydown: l
74.3179999999702	DATA	Keydown: e
74.59899999992922	DATA	Keydown: Tab
75.56999999983236	DATA	Keydown: 2
75.7569999997504	DATA	Keydown: 8
76.51199999963865	DATA	Keydown: Tab
78.25	DATA	Keydown: Shift
78.61899999994785	DATA	Keydown: R
78.79599999962375	DATA	Keydown: i
79.03599999984726	DATA	Keydown: g
79.1359999999404	DATA	Keydown: h
79.32199999969453	DATA	Keydown: t
79.67999999970198	DATA	Keydown: Tab
85.5230000000447	DATA	Keydown: Shift
85.7390000000596	DATA	Keydown: Y
85.9539999999106	DATA	Keydown: e
86.19099999964237	DATA	Keydown: s
86.58399999979883	DATA	Keydown: Tab
87.09199999971315	DATA	Keydown: Tab
89.7390000000596	DATA	Keydown: Control
90.24099999992177	DATA	Keydown: Control
90.27199999988079	DATA	Keydown: Control
90.3129999996163	DATA	Keydown: Control
90.33899999968708	DATA	Keydown: Control
90.38299999991432	DATA	Keydown: Control
90.40799999982119	DATA	Keydown: Control
90.44099999964237	DATA	Keydown: Control
90.47499999962747	DATA	Keydown: Control
90.5109999999404	DATA	Keydown: Control
90.5449999999255	DATA	Keydown: Control
90.58299999963492	DATA	Keydown: Control
90.61799999978393	DATA	Keydown: Control
90.62599999969825	DATA	Keydown: c
90.8289999999106	DATA	Keydown: c
92.17399999964982	EXP	Created instructiontxt = TextStim( name=instructiontxt, win=Window( name=Window, fullscr=true, color=#808080, ~), autoDraw=null, autoLog=true, units=height, ori=null, opacity=1, pos=[0,0], size=undefined, text=Welcome to tapping experiment. 

You will hear a s~, font=Arial, color=#FFFFFF, contrast=1, height=0.05, bold=null, italic=null, alignHoriz=left, alignVert=center, wrapWidth=1, flipHoriz=null, flipVert=null )
92.25499999988824	EXP	Created TonePlayer = TonePlayer( name=TonePlayer, note=A4, duration_s=-1, volume=1, loops=null, soundLibrary="TONE_JS", autoLog=true )
92.25799999991432	EXP	Created text = TextStim( name=text, win=Window( name=Window, fullscr=true, color=#808080, ~), autoDraw=null, autoLog=true, units=height, ori=null, opacity=1, pos=[0,0], size=undefined, text=Ready for the next trial?

press space bar to star~, font=Arial, color=#FFFFFF, contrast=1, height=0.05, bold=null, italic=null, alignHoriz=left, alignVert=center, wrapWidth=1, flipHoriz=null, flipVert=null )
92.26199999963865	EXP	Created text_2 = TextStim( name=text_2, win=Window( name=Window, fullscr=true, color=#808080, ~), autoDraw=null, autoLog=true, units=height, ori=null, opacity=1, pos=[0,0], size=undefined, text=Practice trials are over.

Now we are going to sta~, font=Arial, color=#FFFFFF, contrast=1, height=0.05, bold=null, italic=null, alignHoriz=left, alignVert=center, wrapWidth=1, flipHoriz=null, flipVert=null )
92.27099999971688	EXP	Created TonePlayer = TonePlayer( name=TonePlayer, note=A4, duration_s=-1, volume=1, loops=null, soundLibrary="TONE_JS", autoLog=true )
92.28599999984726	EXP	Created text_3 = TextStim( name=text_3, win=Window( name=Window, fullscr=true, color=#808080, ~), autoDraw=null, autoLog=true, units=height, ori=null, opacity=1, pos=[0,0], size=undefined, text=Ready for the next trial?

Press space bar to star~, font=Arial, color=#FFFFFF, contrast=1, height=0.05, bold=null, italic=null, alignHoriz=left, alignVert=center, wrapWidth=1, flipHoriz=null, flipVert=null )
92.28799999970943	EXP	Created text_4 = TextStim( name=text_4, win=Window( name=Window, fullscr=true, color=#808080, ~), autoDraw=null, autoLog=true, units=height, ori=null, opacity=1, pos=[0,0], size=undefined, text=Great! This is the half-way break. 

Please take y~, font=Arial, color=#FFFFFF, contrast=1, height=0.05, bold=null, italic=null, alignHoriz=left, alignVert=center, wrapWidth=1, flipHoriz=null, flipVert=null )
92.29599999962375	EXP	Created TonePlayer = TonePlayer( name=TonePlayer, note=A4, duration_s=-1, volume=1, loops=null, soundLibrary="TONE_JS", autoLog=true )
92.30099999997765	EXP	Created next_prompt_trial2 = TextStim( name=next_prompt_trial2, win=Window( name=Window, fullscr=true, color=#808080, ~), autoDraw=null, autoLog=true, units=height, ori=null, opacity=1, pos=[0,0], size=undefined, text=Ready for the next trial? 

Press space bar to sta~, font=Arial, color=#FFFFFF, contrast=1, height=0.05, bold=null, italic=null, alignHoriz=left, alignVert=center, wrapWidth=1, flipHoriz=null, flipVert=null )
92.30299999983981	EXP	Created completion_text = TextStim( name=completion_text, win=Window( name=Window, fullscr=true, color=#808080, ~), autoDraw=null, autoLog=true, units=height, ori=null, opacity=1, pos=[0,0], size=undefined, text=Thanks for your participation! 

Here is your expe~, font=Arial, color=#FFFFFF, contrast=1, height=0.05, bold=null, italic=null, alignHoriz=left, alignVert=center, wrapWidth=1, flipHoriz=null, flipVert=null )
92.30499999970198	EXP	Created goodbyetxt = TextStim( name=goodbyetxt, win=Window( name=Window, fullscr=true, color=#808080, ~), autoDraw=null, autoLog=true, units=height, ori=null, opacity=1, pos=[0,0], size=undefined, text=The test is over!

Thank you so much!!, font=Arial, color=#FFFFFF, contrast=1, height=0.05, bold=null, italic=null, alignHoriz=left, alignVert=center, wrapWidth=1, flipHoriz=null, flipVert=null )
92.41200000001118	EXP	instructiontxt: units = "height"
92.41200000001118	EXP	instructiontxt: ori = 0
92.41200000001118	EXP	instructiontxt: opacity = 1
92.41200000001118	EXP	instructiontxt: pos = [0,0]
92.41200000001118	EXP	instructiontxt: size = undefined
92.41200000001118	EXP	instructiontxt: text = "Welcome to tapping experiment. \n\nYou will hear a sequence of tones.\nUse the index finger of your dominant hand \nto tap the spacebar at where you think the beat is throughout the sound file at each trial. \n\nWhen you are ready, press the spacebar to begin the practice."
92.41200000001118	EXP	instructiontxt: font = "Arial"
92.41200000001118	EXP	instructiontxt: color = {"_hex":"#FFFFFF","_rgb":[1,1,1]}
92.41200000001118	EXP	instructiontxt: contrast = 1
92.41200000001118	EXP	instructiontxt: height = 0.05
92.41200000001118	EXP	instructiontxt: bold = false
92.41200000001118	EXP	instructiontxt: italic = false
92.41200000001118	EXP	instructiontxt: alignHoriz = "left"
92.41200000001118	EXP	instructiontxt: alignVert = "center"
92.41200000001118	EXP	instructiontxt: wrapWidth = 1
92.41200000001118	EXP	instructiontxt: flipHoriz = false
92.41200000001118	EXP	instructiontxt: flipVert = false
92.41200000001118	EXP	Sound: secs = -1
92.41200000001118	EXP	Sound: volume = 1
92.41200000001118	EXP	Sound: loops = 0
92.41200000001118	EXP	Sound: volume = 1
92.41200000001118	EXP	text: units = "height"
92.41200000001118	EXP	text: ori = 0
92.41200000001118	EXP	text: opacity = 1
92.41200000001118	EXP	text: pos = [0,0]
92.41200000001118	EXP	text: size = undefined
92.41200000001118	EXP	text: text = "Ready for the next trial?\n\npress space bar to start."
92.41200000001118	EXP	text: font = "Arial"
92.41200000001118	EXP	text: color = {"_hex":"#FFFFFF","_rgb":[1,1,1]}
92.41200000001118	EXP	text: contrast = 1
92.41200000001118	EXP	text: height = 0.05
92.41200000001118	EXP	text: bold = false
92.41200000001118	EXP	text: italic = false
92.41200000001118	EXP	text: alignHoriz = "left"
92.41200000001118	EXP	text: alignVert = "center"
92.41200000001118	EXP	text: wrapWidth = 1
92.41200000001118	EXP	text: flipHoriz = false
92.41200000001118	EXP	text: flipVert = false
92.41200000001118	EXP	text_2: units = "height"
92.41200000001118	EXP	text_2: ori = 0
92.41200000001118	EXP	text_2: opacity = 1
92.41200000001118	EXP	text_2: pos = [0,0]
92.41200000001118	EXP	text_2: size = undefined
92.41200000001118	EXP	text_2: text = "Practice trials are over.\n\nNow we are going to start the real test trials.\nThe total session length will be about 28 minutes, but we will have a short break at the half way mark.\n\nIf you are ready, please space bar."
92.41200000001118	EXP	text_2: font = "Arial"
92.41200000001118	EXP	text_2: color = {"_hex":"#FFFFFF","_rgb":[1,1,1]}
92.41200000001118	EXP	text_2: contrast = 1
92.41200000001118	EXP	text_2: height = 0.05
92.41200000001118	EXP	text_2: bold = false
92.41200000001118	EXP	text_2: italic = false
92.41200000001118	EXP	text_2: alignHoriz = "left"
92.41200000001118	EXP	text_2: alignVert = "center"
92.41200000001118	EXP	text_2: wrapWidth = 1
92.41200000001118	EXP	text_2: flipHoriz = false
92.41200000001118	EXP	text_2: flipVert = false
92.41200000001118	EXP	Sound: secs = -1
92.41200000001118	EXP	Sound: volume = 1
92.41200000001118	EXP	Sound: loops = 0
92.41200000001118	EXP	Sound: volume = 1
92.41200000001118	EXP	text_3: units = "height"
92.41200000001118	EXP	text_3: ori = 0
92.41200000001118	EXP	text_3: opacity = 1
92.41200000001118	EXP	text_3: pos = [0,0]
92.41200000001118	EXP	text_3: size = undefined
92.41200000001118	EXP	text_3: text = "Ready for the next trial?\n\nPress space bar to start."
92.41200000001118	EXP	text_3: font = "Arial"
92.41200000001118	EXP	text_3: color = {"_hex":"#FFFFFF","_rgb":[1,1,1]}
92.41200000001118	EXP	text_3: contrast = 1
92.41200000001118	EXP	text_3: height = 0.05
92.41200000001118	EXP	text_3: bold = false
92.41200000001118	EXP	text_3: italic = false
92.41200000001118	EXP	text_3: alignHoriz = "left"
92.41200000001118	EXP	text_3: alignVert = "center"
92.41200000001118	EXP	text_3: wrapWidth = 1
92.41200000001118	EXP	text_3: flipHoriz = false
92.41200000001118	EXP	text_3: flipVert = false
92.41200000001118	EXP	text_4: units = "height"
92.41200000001118	EXP	text_4: ori = 0
92.41200000001118	EXP	text_4: opacity = 1
92.41200000001118	EXP	text_4: pos = [0,0]
92.41200000001118	EXP	text_4: size = undefined
92.41200000001118	EXP	text_4: text = "Great! This is the half-way break. \n\nPlease take your time. \n\nWhen you are ready to start the second-half of the test trials, please press space bar. "
92.41200000001118	EXP	text_4: font = "Arial"
92.41200000001118	EXP	text_4: color = {"_hex":"#FFFFFF","_rgb":[1,1,1]}
92.41200000001118	EXP	text_4: contrast = 1
92.41200000001118	EXP	text_4: height = 0.05
92.41200000001118	EXP	text_4: bold = false
92.41200000001118	EXP	text_4: italic = false
92.41200000001118	EXP	text_4: alignHoriz = "left"
92.41200000001118	EXP	text_4: alignVert = "center"
92.41200000001118	EXP	text_4: wrapWidth = 1
92.41200000001118	EXP	text_4: flipHoriz = false
92.41200000001118	EXP	text_4: flipVert = false
92.41200000001118	EXP	Sound: secs = -1
92.41200000001118	EXP	Sound: volume = 1
92.41200000001118	EXP	Sound: loops = 0
92.41200000001118	EXP	Sound: volume = 1
92.41200000001118	EXP	next_prompt_trial2: units = "height"
92.41200000001118	EXP	next_prompt_trial2: ori = 0
92.41200000001118	EXP	next_prompt_trial2: opacity = 1
92.41200000001118	EXP	next_prompt_trial2: pos = [0,0]
92.41200000001118	EXP	next_prompt_trial2: size = undefined
92.41200000001118	EXP	next_prompt_trial2: text = "Ready for the next trial? \n\nPress space bar to start. "
92.41200000001118	EXP	next_prompt_trial2: font = "Arial"
92.41200000001118	EXP	next_prompt_trial2: color = {"_hex":"#FFFFFF","_rgb":[1,1,1]}
92.41200000001118	EXP	next_prompt_trial2: contrast = 1
92.41200000001118	EXP	next_prompt_trial2: height = 0.05
92.41200000001118	EXP	next_prompt_trial2: bold = false
92.41200000001118	EXP	next_prompt_trial2: italic = false
92.41200000001118	EXP	next_prompt_trial2: alignHoriz = "left"
92.41200000001118	EXP	next_prompt_trial2: alignVert = "center"
92.41200000001118	EXP	next_prompt_trial2: wrapWidth = 1
92.41200000001118	EXP	next_prompt_trial2: flipHoriz = false
92.41200000001118	EXP	next_prompt_trial2: flipVert = false
92.41200000001118	EXP	completion_text: units = "height"
92.41200000001118	EXP	completion_text: ori = 0
92.41200000001118	EXP	completion_text: opacity = 1
92.41200000001118	EXP	completion_text: pos = [0,0]
92.41200000001118	EXP	completion_text: size = undefined
92.41200000001118	EXP	completion_text: text = "Thanks for your participation! \n\nHere is your experiment completion code: \n\n9158 \n\nPlease write down this code as you will need it in order to receive payment.\n\nIf you are not an MTurk worker, please send an email to nolan.lem@gmail.com with the Experiment Completion Code as the subject of the email. In order to complete the \nexperiment, when you are ready please press space bar and wait until you see a text box appear that says \"Thanks for your patience\" where you can click 'ok'. \n\nIf you are an MTurk worker, please press the space bar to be redirected to the MTurk experiment \nhomepage where you can input the code into the Experiment Completion Code box. "
92.41200000001118	EXP	completion_text: font = "Arial"
92.41200000001118	EXP	completion_text: color = {"_hex":"#FFFFFF","_rgb":[1,1,1]}
92.41200000001118	EXP	completion_text: contrast = 1
92.41200000001118	EXP	completion_text: height = 0.05
92.41200000001118	EXP	completion_text: bold = false
92.41200000001118	EXP	completion_text: italic = false
92.41200000001118	EXP	completion_text: alignHoriz = "left"
92.41200000001118	EXP	completion_text: alignVert = "center"
92.41200000001118	EXP	completion_text: wrapWidth = 1
92.41200000001118	EXP	completion_text: flipHoriz = false
92.41200000001118	EXP	completion_text: flipVert = false
92.41200000001118	EXP	goodbyetxt: units = "height"
92.41200000001118	EXP	goodbyetxt: ori = 0
92.41200000001118	EXP	goodbyetxt: opacity = 1
92.41200000001118	EXP	goodbyetxt: pos = [0,0]
92.41200000001118	EXP	goodbyetxt: size = undefined
92.41200000001118	EXP	goodbyetxt: text = "The test is over!\n\nThank you so much!!"
92.41200000001118	EXP	goodbyetxt: font = "Arial"
92.41200000001118	EXP	goodbyetxt: color = {"_hex":"#FFFFFF","_rgb":[1,1,1]}
92.41200000001118	EXP	goodbyetxt: contrast = 1
92.41200000001118	EXP	goodbyetxt: height = 0.05
92.41200000001118	EXP	goodbyetxt: bold = false
92.41200000001118	EXP	goodbyetxt: italic = false
92.41200000001118	EXP	goodbyetxt: alignHoriz = "left"
92.41200000001118	EXP	goodbyetxt: alignVert = "center"
92.41200000001118	EXP	goodbyetxt: wrapWidth = 1
92.41200000001118	EXP	goodbyetxt: flipHoriz = false
92.41200000001118	EXP	goodbyetxt: flipVert = false
92.41200000001118	EXP	instructiontxt: autoDraw = true
95.72799999965355	DATA	Keydown:  
95.77000000001863	EXP	instructiontxt: autoDraw = false
95.77000000001863	EXP	Sound: secs = -1
95.77000000001863	EXP	Sound: volume = 1
95.77000000001863	EXP	Sound: loops = 0
95.77000000001863	EXP	Sound: volume = 1
109.10499999998137	EXP	text: autoDraw = true
110.80299999983981	DATA	Keydown:  
110.81999999983236	EXP	text: autoDraw = false
110.81999999983236	EXP	Sound: secs = -1
110.81999999983236	EXP	Sound: volume = 1
110.81999999983236	EXP	Sound: loops = 0
110.81999999983236	EXP	Sound: volume = 1
121.57700000004843	EXP	text: autoDraw = true
122.23600000003353	DATA	Keydown:  
122.2609999999404	EXP	text: autoDraw = false
122.2609999999404	EXP	Sound: secs = -1
122.2609999999404	EXP	Sound: volume = 1
122.2609999999404	EXP	Sound: loops = 0
122.2609999999404	EXP	Sound: volume = 1
136.9949999996461	EXP	text: autoDraw = true
137.49199999962002	DATA	Keydown:  
137.50799999991432	EXP	text: autoDraw = false
137.50799999991432	EXP	Sound: secs = -1
137.50799999991432	EXP	Sound: volume = 1
137.50799999991432	EXP	Sound: loops = 0
137.50799999991432	EXP	Sound: volume = 1
158.04000000003725	EXP	text: autoDraw = true
158.86599999992177	DATA	Keydown:  
158.89899999974295	EXP	text: autoDraw = false
158.89899999974295	EXP	text_2: autoDraw = true
167.33899999968708	DATA	Keydown:  
167.36899999994785	EXP	text_2: autoDraw = false
167.36899999994785	EXP	Sound: secs = -1
167.36899999994785	EXP	Sound: volume = 1
167.36899999994785	EXP	Sound: loops = 0
167.36899999994785	EXP	Sound: volume = 1
185.99099999992177	EXP	text_3: autoDraw = true
188.01199999963865	DATA	Keydown:  
188.03199999965727	EXP	text_3: autoDraw = false
188.03199999965727	EXP	Sound: secs = -1
188.03199999965727	EXP	Sound: volume = 1
188.03199999965727	EXP	Sound: loops = 0
188.03199999965727	EXP	Sound: volume = 1
201.06000000005588	EXP	text_3: autoDraw = true
201.9949999996461	DATA	Keydown:  
202.0179999996908	EXP	text_3: autoDraw = false
202.0179999996908	EXP	Sound: secs = -1
202.0179999996908	EXP	Sound: volume = 1
202.0179999996908	EXP	Sound: loops = 0
202.0179999996908	EXP	Sound: volume = 1
220.3640000000596	EXP	text_3: autoDraw = true
221.21399999968708	DATA	Keydown:  
221.22999999998137	EXP	text_3: autoDraw = false
221.22999999998137	EXP	Sound: secs = -1
221.22999999998137	EXP	Sound: volume = 1
221.22999999998137	EXP	Sound: loops = 0
221.22999999998137	EXP	Sound: volume = 1
237.97399999992922	EXP	text_3: autoDraw = true
238.7799999997951	DATA	Keydown:  
238.79699999978766	EXP	text_3: autoDraw = false
238.79699999978766	EXP	Sound: secs = -1
238.79699999978766	EXP	Sound: volume = 1
238.79699999978766	EXP	Sound: loops = 0
238.79699999978766	EXP	Sound: volume = 1
251.4379999996163	EXP	text_3: autoDraw = true
251.89099999982864	DATA	Keydown:  
251.90699999965727	EXP	text_3: autoDraw = false
251.90699999965727	EXP	Sound: secs = -1
251.90699999965727	EXP	Sound: volume = 1
251.90699999965727	EXP	Sound: loops = 0
251.90699999965727	EXP	Sound: volume = 1
267.2119999998249	DATA	Keydown:  
269.6809999998659	EXP	text_3: autoDraw = true
271.6099999998696	DATA	Keydown:  
271.6329999999143	EXP	text_3: autoDraw = false
271.6329999999143	EXP	Sound: secs = -1
271.6329999999143	EXP	Sound: volume = 1
271.6329999999143	EXP	Sound: loops = 0
271.6329999999143	EXP	Sound: volume = 1
285.0989999999292	EXP	text_3: autoDraw = true
305.67599999997765	DATA	Mouse: 0 button down, pos=(732,235)
305.77399999974295	DATA	Mouse: 0 button down, pos=(732,235)
307.0260000000708	DATA	Keydown: F11
307.59599999990314	DATA	Keydown:  
307.60399999981746	EXP	text_3: autoDraw = false
307.60399999981746	EXP	Sound: secs = -1
307.60399999981746	EXP	Sound: volume = 1
307.60399999981746	EXP	Sound: loops = 0
307.60399999981746	EXP	Sound: volume = 1
327.26599999982864	EXP	text_3: autoDraw = true
327.7229999997653	DATA	Keydown:  
327.74099999992177	EXP	text_3: autoDraw = false
327.74099999992177	EXP	Sound: secs = -1
327.74099999992177	EXP	Sound: volume = 1
327.74099999992177	EXP	Sound: loops = 0
327.74099999992177	EXP	Sound: volume = 1
343.05899999989197	EXP	text_3: autoDraw = true
343.59700000006706	DATA	Keydown:  
343.60699999984354	EXP	text_3: autoDraw = false
343.60699999984354	EXP	Sound: secs = -1
343.60699999984354	EXP	Sound: volume = 1
343.60699999984354	EXP	Sound: loops = 0
343.60699999984354	EXP	Sound: volume = 1
360.9769999999553	EXP	text_3: autoDraw = true
361.34700000006706	DATA	Keydown:  
361.36499999975786	EXP	text_3: autoDraw = false
361.36499999975786	EXP	Sound: secs = -1
361.36499999975786	EXP	Sound: volume = 1
361.36499999975786	EXP	Sound: loops = 0
361.36499999975786	EXP	Sound: volume = 1
375.6629999997094	EXP	text_3: autoDraw = true
376.18599999975413	DATA	Keydown:  
376.1969999996945	EXP	text_3: autoDraw = false
376.1969999996945	EXP	Sound: secs = -1
376.1969999996945	EXP	Sound: volume = 1
376.1969999996945	EXP	Sound: loops = 0
376.1969999996945	EXP	Sound: volume = 1
389.41500000003725	EXP	text_3: autoDraw = true
389.79799999995157	DATA	Keydown:  
389.8070000000298	EXP	text_3: autoDraw = false
389.8070000000298	EXP	Sound: secs = -1
389.8070000000298	EXP	Sound: volume = 1
389.8070000000298	EXP	Sound: loops = 0
389.8070000000298	EXP	Sound: volume = 1
404.3479999997653	EXP	text_3: autoDraw = true
404.9399999999441	DATA	Keydown:  
404.9459999999963	EXP	text_3: autoDraw = false
404.9459999999963	EXP	Sound: secs = -1
404.9459999999963	EXP	Sound: volume = 1
404.9459999999963	EXP	Sound: loops = 0
404.9459999999963	EXP	Sound: volume = 1
428.554999999702	EXP	text_3: autoDraw = true
429.0759999998845	DATA	Keydown:  
429.09599999990314	EXP	text_3: autoDraw = false
429.09599999990314	EXP	Sound: secs = -1
429.09599999990314	EXP	Sound: volume = 1
429.09599999990314	EXP	Sound: loops = 0
429.09599999990314	EXP	Sound: volume = 1
442.1629999997094	EXP	text_3: autoDraw = true
443.24599999981	DATA	Keydown:  
443.2679999996908	EXP	text_3: autoDraw = false
443.2679999996908	EXP	Sound: secs = -1
443.2679999996908	EXP	Sound: volume = 1
443.2679999996908	EXP	Sound: loops = 0
443.2679999996908	EXP	Sound: volume = 1
457.83399999979883	EXP	text_3: autoDraw = true
458.1779999998398	DATA	Keydown:  
458.18599999975413	EXP	text_3: autoDraw = false
458.18599999975413	EXP	Sound: secs = -1
458.18599999975413	EXP	Sound: volume = 1
458.18599999975413	EXP	Sound: loops = 0
458.18599999975413	EXP	Sound: volume = 1
473.4890000000596	EXP	text_3: autoDraw = true
473.8249999997206	DATA	Keydown:  
473.84700000006706	EXP	text_3: autoDraw = false
473.84700000006706	EXP	Sound: secs = -1
473.84700000006706	EXP	Sound: volume = 1
473.84700000006706	EXP	Sound: loops = 0
473.84700000006706	EXP	Sound: volume = 1
493.1429999996908	DATA	Keydown:  
493.3619999997318	EXP	text_3: autoDraw = true
493.57299999985844	DATA	Keydown:  
493.59599999990314	EXP	text_3: autoDraw = false
493.59599999990314	EXP	Sound: secs = -1
493.59599999990314	EXP	Sound: volume = 1
493.59599999990314	EXP	Sound: loops = 0
493.59599999990314	EXP	Sound: volume = 1
505.5419999998994	DATA	Keydown: Control
505.54300000006333	DATA	Keydown: AltGraph
506.21799999987707	DATA	Keydown: Control
506.70899999979883	DATA	Keydown: Control
506.70899999979883	DATA	Keydown: AltGraph
513.2530000000261	EXP	text_3: autoDraw = true
513.6539999996312	DATA	Keydown:  
513.6759999999776	EXP	text_3: autoDraw = false
513.6759999999776	EXP	Sound: secs = -1
513.6759999999776	EXP	Sound: volume = 1
513.6759999999776	EXP	Sound: loops = 0
513.6759999999776	EXP	Sound: volume = 1
526.558999999892	EXP	text_3: autoDraw = true
526.9459999999963	DATA	Keydown:  
526.9639999996871	EXP	text_3: autoDraw = false
526.9639999996871	EXP	Sound: secs = -1
526.9639999996871	EXP	Sound: volume = 1
526.9639999996871	EXP	Sound: loops = 0
526.9639999996871	EXP	Sound: volume = 1
543.9749999996275	EXP	text_3: autoDraw = true
544.3599999998696	DATA	Keydown:  
544.375	EXP	text_3: autoDraw = false
544.375	EXP	Sound: secs = -1
544.375	EXP	Sound: volume = 1
544.375	EXP	Sound: loops = 0
544.375	EXP	Sound: volume = 1
558.6729999999516	EXP	text_3: autoDraw = true
559.2160000000149	DATA	Keydown:  
559.2269999999553	EXP	text_3: autoDraw = false
559.2269999999553	EXP	Sound: secs = -1
559.2269999999553	EXP	Sound: volume = 1
559.2269999999553	EXP	Sound: loops = 0
559.2269999999553	EXP	Sound: volume = 1
574.933999999892	EXP	text_3: autoDraw = true
575.8629999998957	DATA	Keydown:  
575.8789999997243	EXP	text_3: autoDraw = false
575.8789999997243	EXP	Sound: secs = -1
575.8789999997243	EXP	Sound: volume = 1
575.8789999997243	EXP	Sound: loops = 0
575.8789999997243	EXP	Sound: volume = 1
597.8249999997206	DATA	Keydown:  
603.1389999999665	EXP	text_3: autoDraw = true
603.8249999997206	DATA	Keydown:  
603.8489999999292	EXP	text_3: autoDraw = false
603.8489999999292	EXP	Sound: secs = -1
603.8489999999292	EXP	Sound: volume = 1
603.8489999999292	EXP	Sound: loops = 0
603.8489999999292	EXP	Sound: volume = 1
618.1379999998026	EXP	text_3: autoDraw = true
642.1949999998324	DATA	Keydown:  
642.2119999998249	EXP	text_3: autoDraw = false
642.2119999998249	EXP	Sound: secs = -1
642.2119999998249	EXP	Sound: volume = 1
642.2119999998249	EXP	Sound: loops = 0
642.2119999998249	EXP	Sound: volume = 1
662.3100000000559	EXP	text_3: autoDraw = true
662.7239999999292	DATA	Keydown:  
662.7330000000075	EXP	text_3: autoDraw = false
662.7330000000075	EXP	Sound: secs = -1
662.7330000000075	EXP	Sound: volume = 1
662.7330000000075	EXP	Sound: loops = 0
662.7330000000075	EXP	Sound: volume = 1
677.8070000000298	EXP	text_3: autoDraw = true
678.8279999997467	DATA	Keydown:  
678.8429999998771	EXP	text_3: autoDraw = false
678.8429999998771	EXP	Sound: secs = -1
678.8429999998771	EXP	Sound: volume = 1
678.8429999998771	EXP	Sound: loops = 0
678.8429999998771	EXP	Sound: volume = 1
691.1790000000037	EXP	text_3: autoDraw = true
691.9589999997988	DATA	Keydown:  
691.9759999997914	EXP	text_3: autoDraw = false
691.9759999997914	EXP	Sound: secs = -1
691.9759999997914	EXP	Sound: volume = 1
691.9759999997914	EXP	Sound: loops = 0
691.9759999997914	EXP	Sound: volume = 1
708.1629999997094	EXP	text_3: autoDraw = true
708.6140000000596	DATA	Keydown:  
708.6310000000522	EXP	text_3: autoDraw = false
708.6310000000522	EXP	Sound: secs = -1
708.6310000000522	EXP	Sound: volume = 1
708.6310000000522	EXP	Sound: loops = 0
708.6310000000522	EXP	Sound: volume = 1
729.8279999997467	EXP	text_3: autoDraw = true
730.0449999999255	DATA	Keydown:  
730.0609999997541	EXP	text_3: autoDraw = false
730.0609999997541	EXP	Sound: secs = -1
730.0609999997541	EXP	Sound: volume = 1
730.0609999997541	EXP	Sound: loops = 0
730.0609999997541	EXP	Sound: volume = 1
748.1779999998398	EXP	text_3: autoDraw = true
748.561999999918	DATA	Keydown:  
748.5709999999963	EXP	text_3: autoDraw = false
748.5709999999963	EXP	Sound: secs = -1
748.5709999999963	EXP	Sound: volume = 1
748.5709999999963	EXP	Sound: loops = 0
748.5709999999963	EXP	Sound: volume = 1
766.0910000000149	EXP	text_3: autoDraw = true
766.5959999999031	DATA	Keydown:  
766.6080000000075	EXP	text_3: autoDraw = false
766.6080000000075	EXP	Sound: secs = -1
766.6080000000075	EXP	Sound: volume = 1
766.6080000000075	EXP	Sound: loops = 0
766.6080000000075	EXP	Sound: volume = 1
783.7039999999106	DATA	Keydown:  
784.436999999918	EXP	text_3: autoDraw = true
784.5779999997467	DATA	Keydown:  
784.597000000067	EXP	text_3: autoDraw = false
784.597000000067	EXP	Sound: secs = -1
784.597000000067	EXP	Sound: volume = 1
784.597000000067	EXP	Sound: loops = 0
784.597000000067	EXP	Sound: volume = 1
808.061999999918	EXP	text_3: autoDraw = true
808.589999999851	DATA	Keydown:  
808.6049999999814	EXP	text_3: autoDraw = false
808.6049999999814	EXP	Sound: secs = -1
808.6049999999814	EXP	Sound: volume = 1
808.6049999999814	EXP	Sound: loops = 0
808.6049999999814	EXP	Sound: volume = 1
823.9159999997355	DATA	Keydown:  
825.3429999998771	EXP	text_3: autoDraw = true
825.7700000000186	DATA	Keydown:  
825.780999999959	EXP	text_3: autoDraw = false
825.780999999959	EXP	Sound: secs = -1
825.780999999959	EXP	Sound: volume = 1
825.780999999959	EXP	Sound: loops = 0
825.780999999959	EXP	Sound: volume = 1
845.1129999998957	EXP	text_3: autoDraw = true
846.3789999997243	DATA	Keydown:  
846.3980000000447	EXP	text_3: autoDraw = false
846.3980000000447	EXP	Sound: secs = -1
846.3980000000447	EXP	Sound: volume = 1
846.3980000000447	EXP	Sound: loops = 0
846.3980000000447	EXP	Sound: volume = 1
861.7020000000484	EXP	text_3: autoDraw = true
862.1889999997802	DATA	Keydown:  
862.2099999999627	EXP	text_3: autoDraw = false
862.2099999999627	EXP	Sound: secs = -1
862.2099999999627	EXP	Sound: volume = 1
862.2099999999627	EXP	Sound: loops = 0
862.2099999999627	EXP	Sound: volume = 1
875.7089999997988	EXP	text_3: autoDraw = true
877.804999999702	DATA	Keydown:  
877.8199999998324	EXP	text_3: autoDraw = false
877.8199999998324	EXP	Sound: secs = -1
877.8199999998324	EXP	Sound: volume = 1
877.8199999998324	EXP	Sound: loops = 0
877.8199999998324	EXP	Sound: volume = 1
896.3209999999963	EXP	text_3: autoDraw = true
897.0189999998547	DATA	Keydown:  
897.0359999998473	EXP	text_3: autoDraw = false
897.0359999998473	EXP	Sound: secs = -1
897.0359999998473	EXP	Sound: volume = 1
897.0359999998473	EXP	Sound: loops = 0
897.0359999998473	EXP	Sound: volume = 1
918.4099999996834	EXP	text_3: autoDraw = true
919.8509999997914	DATA	Keydown:  
919.8759999996983	EXP	text_3: autoDraw = false
919.8759999996983	EXP	text_4: autoDraw = true
973.0770000000484	DATA	Keydown: F11
973.7619999996386	DATA	Keydown:  
973.8009999999776	EXP	text_4: autoDraw = false
973.8009999999776	EXP	Sound: secs = -1
973.8009999999776	EXP	Sound: volume = 1
973.8009999999776	EXP	Sound: loops = 0
973.8009999999776	EXP	Sound: volume = 1
993.8139999997802	EXP	next_prompt_trial2: autoDraw = true
994.6889999997802	DATA	Keydown:  
994.7059999997728	EXP	next_prompt_trial2: autoDraw = false
994.7059999997728	EXP	Sound: secs = -1
994.7059999997728	EXP	Sound: volume = 1
994.7059999997728	EXP	Sound: loops = 0
994.7059999997728	EXP	Sound: volume = 1
1012.6159999999218	EXP	next_prompt_trial2: autoDraw = true
1013.2029999997467	DATA	Keydown:  
1013.2099999999627	EXP	next_prompt_trial2: autoDraw = false
1013.2099999999627	EXP	Sound: secs = -1
1013.2099999999627	EXP	Sound: volume = 1
1013.2099999999627	EXP	Sound: loops = 0
1013.2099999999627	EXP	Sound: volume = 1
1029.7369999997318	EXP	next_prompt_trial2: autoDraw = true
1030.1089999997057	DATA	Keydown:  
1030.1269999998622	EXP	next_prompt_trial2: autoDraw = false
1030.1269999998622	EXP	Sound: secs = -1
1030.1269999998622	EXP	Sound: volume = 1
1030.1269999998622	EXP	Sound: loops = 0
1030.1269999998622	EXP	Sound: volume = 1
1049.4509999998845	DATA	Keydown:  
1051.1029999996535	EXP	next_prompt_trial2: autoDraw = true
1051.5249999999069	DATA	Keydown:  
1051.5400000000373	EXP	next_prompt_trial2: autoDraw = false
1051.5400000000373	EXP	Sound: secs = -1
1051.5400000000373	EXP	Sound: volume = 1
1051.5400000000373	EXP	Sound: loops = 0
1051.5400000000373	EXP	Sound: volume = 1
1071.3889999999665	DATA	Keydown:  
1071.597000000067	EXP	next_prompt_trial2: autoDraw = true
1072.0149999996647	DATA	Keydown:  
1072.029999999795	EXP	next_prompt_trial2: autoDraw = false
1072.029999999795	EXP	Sound: secs = -1
1072.029999999795	EXP	Sound: volume = 1
1072.029999999795	EXP	Sound: loops = 0
1072.029999999795	EXP	Sound: volume = 1
1089.0999999996275	EXP	next_prompt_trial2: autoDraw = true
1089.5609999997541	DATA	Keydown:  
1089.5749999997206	EXP	next_prompt_trial2: autoDraw = false
1089.5749999997206	EXP	Sound: secs = -1
1089.5749999997206	EXP	Sound: volume = 1
1089.5749999997206	EXP	Sound: loops = 0
1089.5749999997206	EXP	Sound: volume = 1
1105.2939999997616	EXP	next_prompt_trial2: autoDraw = true
1106.6979999998584	DATA	Keydown:  
1106.7209999999031	EXP	next_prompt_trial2: autoDraw = false
1106.7209999999031	EXP	Sound: secs = -1
1106.7209999999031	EXP	Sound: volume = 1
1106.7209999999031	EXP	Sound: loops = 0
1106.7209999999031	EXP	Sound: volume = 1
1126.0479999999516	EXP	next_prompt_trial2: autoDraw = true
1130.2560000000522	DATA	Keydown:  
1130.2719999998808	EXP	next_prompt_trial2: autoDraw = false
1130.2719999998808	EXP	Sound: secs = -1
1130.2719999998808	EXP	Sound: volume = 1
1130.2719999998808	EXP	Sound: loops = 0
1130.2719999998808	EXP	Sound: volume = 1
1152.2819999996573	EXP	next_prompt_trial2: autoDraw = true
1152.8419999997132	DATA	Keydown:  
1152.8610000000335	EXP	next_prompt_trial2: autoDraw = false
1152.8610000000335	EXP	Sound: secs = -1
1152.8610000000335	EXP	Sound: volume = 1
1152.8610000000335	EXP	Sound: loops = 0
1152.8610000000335	EXP	Sound: volume = 1
1166.9729999997653	DATA	Keydown:  
1167.3659999999218	EXP	next_prompt_trial2: autoDraw = true
1167.6659999997355	DATA	Keydown:  
1167.6889999997802	EXP	next_prompt_trial2: autoDraw = false
1167.6889999997802	EXP	Sound: secs = -1
1167.6889999997802	EXP	Sound: volume = 1
1167.6889999997802	EXP	Sound: loops = 0
1167.6889999997802	EXP	Sound: volume = 1
1181.5189999998547	DATA	Keydown:  
1181.7659999998286	EXP	next_prompt_trial2: autoDraw = true
1182.3569999998435	DATA	Keydown:  
1182.3689999999478	EXP	next_prompt_trial2: autoDraw = false
1182.3689999999478	EXP	Sound: secs = -1
1182.3689999999478	EXP	Sound: volume = 1
1182.3689999999478	EXP	Sound: loops = 0
1182.3689999999478	EXP	Sound: volume = 1
1197	EXP	next_prompt_trial2: autoDraw = true
1197.4839999997057	DATA	Keydown:  
1197.5049999998882	EXP	next_prompt_trial2: autoDraw = false
1197.5049999998882	EXP	Sound: secs = -1
1197.5049999998882	EXP	Sound: volume = 1
1197.5049999998882	EXP	Sound: loops = 0
1197.5049999998882	EXP	Sound: volume = 1
1210.8349999999627	EXP	next_prompt_trial2: autoDraw = true
1211.0149999996647	DATA	Keydown:  
1211.0319999996573	EXP	next_prompt_trial2: autoDraw = false
1211.0319999996573	EXP	Sound: secs = -1
1211.0319999996573	EXP	Sound: volume = 1
1211.0319999996573	EXP	Sound: loops = 0
1211.0319999996573	EXP	Sound: volume = 1
1230.4830000000075	EXP	next_prompt_trial2: autoDraw = true
1287.8519999999553	DATA	Keydown:  
1287.8629999998957	EXP	next_prompt_trial2: autoDraw = false
1287.8629999998957	EXP	Sound: secs = -1
1287.8629999998957	EXP	Sound: volume = 1
1287.8629999998957	EXP	Sound: loops = 0
1287.8629999998957	EXP	Sound: volume = 1
1305.086999999825	EXP	next_prompt_trial2: autoDraw = true
1305.617999999784	DATA	Keydown:  
1305.6329999999143	EXP	next_prompt_trial2: autoDraw = false
1305.6329999999143	EXP	Sound: secs = -1
1305.6329999999143	EXP	Sound: volume = 1
1305.6329999999143	EXP	Sound: loops = 0
1305.6329999999143	EXP	Sound: volume = 1
1332.154999999795	EXP	next_prompt_trial2: autoDraw = true
1332.6359999999404	DATA	Keydown:  
1332.6450000000186	EXP	next_prompt_trial2: autoDraw = false
1332.6450000000186	EXP	Sound: secs = -1
1332.6450000000186	EXP	Sound: volume = 1
1332.6450000000186	EXP	Sound: loops = 0
1332.6450000000186	EXP	Sound: volume = 1
1347.9169999998994	EXP	next_prompt_trial2: autoDraw = true
1349.8939999998547	DATA	Keydown:  
1349.9069999996573	EXP	next_prompt_trial2: autoDraw = false
1349.9069999996573	EXP	Sound: secs = -1
1349.9069999996573	EXP	Sound: volume = 1
1349.9069999996573	EXP	Sound: loops = 0
1349.9069999996573	EXP	Sound: volume = 1
1364.99199999962	EXP	next_prompt_trial2: autoDraw = true
1366.2050000000745	DATA	Keydown:  
1366.2209999999031	EXP	next_prompt_trial2: autoDraw = false
1366.2209999999031	EXP	Sound: secs = -1
1366.2209999999031	EXP	Sound: volume = 1
1366.2209999999031	EXP	Sound: loops = 0
1366.2209999999031	EXP	Sound: volume = 1
1382.836999999825	EXP	next_prompt_trial2: autoDraw = true
1383.533999999985	DATA	Keydown:  
1383.5679999999702	EXP	next_prompt_trial2: autoDraw = false
1383.5679999999702	EXP	Sound: secs = -1
1383.5679999999702	EXP	Sound: volume = 1
1383.5679999999702	EXP	Sound: loops = 0
1383.5679999999702	EXP	Sound: volume = 1
1409.8339999997988	EXP	next_prompt_trial2: autoDraw = true
1410.676999999676	DATA	Keydown:  
1410.682999999728	EXP	next_prompt_trial2: autoDraw = false
1410.682999999728	EXP	Sound: secs = -1
1410.682999999728	EXP	Sound: volume = 1
1410.682999999728	EXP	Sound: loops = 0
1410.682999999728	EXP	Sound: volume = 1
1429.3109999997541	EXP	next_prompt_trial2: autoDraw = true
1430.8649999997579	DATA	Keydown:  
1430.8799999998882	EXP	next_prompt_trial2: autoDraw = false
1430.8799999998882	EXP	Sound: secs = -1
1430.8799999998882	EXP	Sound: volume = 1
1430.8799999998882	EXP	Sound: loops = 0
1430.8799999998882	EXP	Sound: volume = 1
1444.9550000000745	EXP	next_prompt_trial2: autoDraw = true
1446.4839999997057	DATA	Keydown:  
1446.4979999996722	EXP	next_prompt_trial2: autoDraw = false
1446.4979999996722	EXP	Sound: secs = -1
1446.4979999996722	EXP	Sound: volume = 1
1446.4979999996722	EXP	Sound: loops = 0
1446.4979999996722	EXP	Sound: volume = 1
1460.8689999999478	EXP	next_prompt_trial2: autoDraw = true
1462.5709999999963	DATA	Keydown:  
1462.5919999997132	EXP	next_prompt_trial2: autoDraw = false
1462.5919999997132	EXP	Sound: secs = -1
1462.5919999997132	EXP	Sound: volume = 1
1462.5919999997132	EXP	Sound: loops = 0
1462.5919999997132	EXP	Sound: volume = 1
1478.6049999999814	EXP	next_prompt_trial2: autoDraw = true
1479.748999999836	DATA	Keydown:  
1479.7619999996386	EXP	next_prompt_trial2: autoDraw = false
1479.7619999996386	EXP	Sound: secs = -1
1479.7619999996386	EXP	Sound: volume = 1
1479.7619999996386	EXP	Sound: loops = 0
1479.7619999996386	EXP	Sound: volume = 1
1497.7609999999404	EXP	next_prompt_trial2: autoDraw = true
1498.6029999996535	DATA	Keydown:  
1498.62099999981	EXP	next_prompt_trial2: autoDraw = false
1498.62099999981	EXP	Sound: secs = -1
1498.62099999981	EXP	Sound: volume = 1
1498.62099999981	EXP	Sound: loops = 0
1498.62099999981	EXP	Sound: volume = 1
1510.3610000000335	EXP	next_prompt_trial2: autoDraw = true
1511.7730000000447	DATA	Keydown:  
1511.7889999998733	EXP	next_prompt_trial2: autoDraw = false
1511.7889999998733	EXP	Sound: secs = -1
1511.7889999998733	EXP	Sound: volume = 1
1511.7889999998733	EXP	Sound: loops = 0
1511.7889999998733	EXP	Sound: volume = 1
1528.213999999687	EXP	next_prompt_trial2: autoDraw = true
1529.2669999999925	DATA	Keydown:  
1529.283999999985	EXP	next_prompt_trial2: autoDraw = false
1529.283999999985	EXP	Sound: secs = -1
1529.283999999985	EXP	Sound: volume = 1
1529.283999999985	EXP	Sound: loops = 0
1529.283999999985	EXP	Sound: volume = 1
1546.6409999998286	EXP	next_prompt_trial2: autoDraw = true
1549.4249999998137	DATA	Keydown:  
1549.4409999996424	EXP	next_prompt_trial2: autoDraw = false
1549.4409999996424	EXP	Sound: secs = -1
1549.4409999996424	EXP	Sound: volume = 1
1549.4409999996424	EXP	Sound: loops = 0
1549.4409999996424	EXP	Sound: volume = 1
1561.591000000015	EXP	next_prompt_trial2: autoDraw = true
1563.7020000000484	DATA	Keydown:  
1563.7199999997392	EXP	next_prompt_trial2: autoDraw = false
1563.7199999997392	EXP	Sound: secs = -1
1563.7199999997392	EXP	Sound: volume = 1
1563.7199999997392	EXP	Sound: loops = 0
1563.7199999997392	EXP	Sound: volume = 1
1583.2519999998622	DATA	Keydown:  
1583.6329999999143	EXP	next_prompt_trial2: autoDraw = true
1584.121999999974	DATA	Keydown:  
1584.1359999999404	EXP	next_prompt_trial2: autoDraw = false
1584.1359999999404	EXP	Sound: secs = -1
1584.1359999999404	EXP	Sound: volume = 1
1584.1359999999404	EXP	Sound: loops = 0
1584.1359999999404	EXP	Sound: volume = 1
1600.7939999997616	EXP	next_prompt_trial2: autoDraw = true
1601.2579999999143	DATA	Keydown:  
1601.2849999996834	EXP	next_prompt_trial2: autoDraw = false
1601.2849999996834	EXP	Sound: secs = -1
1601.2849999996834	EXP	Sound: volume = 1
1601.2849999996834	EXP	Sound: loops = 0
1601.2849999996834	EXP	Sound: volume = 1
1618.99199999962	EXP	next_prompt_trial2: autoDraw = true
1619.461999999825	DATA	Keydown:  
1619.467999999877	EXP	next_prompt_trial2: autoDraw = false
1619.467999999877	EXP	Sound: secs = -1
1619.467999999877	EXP	Sound: volume = 1
1619.467999999877	EXP	Sound: loops = 0
1619.467999999877	EXP	Sound: volume = 1
1634.8939999998547	EXP	next_prompt_trial2: autoDraw = true
1635.0409999997355	DATA	Keydown:  
1635.0600000000559	EXP	next_prompt_trial2: autoDraw = false
1635.0600000000559	EXP	Sound: secs = -1
1635.0600000000559	EXP	Sound: volume = 1
1635.0600000000559	EXP	Sound: loops = 0
1635.0600000000559	EXP	Sound: volume = 1
1654.8149999999441	EXP	next_prompt_trial2: autoDraw = true
1667.1339999996126	DATA	Keydown: F11
1667.5699999998324	DATA	Keydown:  
1667.592999999877	EXP	next_prompt_trial2: autoDraw = false
1667.592999999877	EXP	Sound: secs = -1
1667.592999999877	EXP	Sound: volume = 1
1667.592999999877	EXP	Sound: loops = 0
1667.592999999877	EXP	Sound: volume = 1
1687.4279999998398	EXP	next_prompt_trial2: autoDraw = true
1688.8159999996424	DATA	Keydown:  
1688.8319999999367	EXP	next_prompt_trial2: autoDraw = false
1688.8319999999367	EXP	Sound: secs = -1
1688.8319999999367	EXP	Sound: volume = 1
1688.8319999999367	EXP	Sound: loops = 0
1688.8319999999367	EXP	Sound: volume = 1
1707.6029999996535	EXP	next_prompt_trial2: autoDraw = true
1708.529999999795	DATA	Keydown:  
1708.5459999996237	EXP	next_prompt_trial2: autoDraw = false
1708.5459999996237	EXP	Sound: secs = -1
1708.5459999996237	EXP	Sound: volume = 1
1708.5459999996237	EXP	Sound: loops = 0
1708.5459999996237	EXP	Sound: volume = 1
1725.2309999996796	EXP	next_prompt_trial2: autoDraw = true
1726.9599999999627	DATA	Keydown:  
1726.9779999996535	EXP	next_prompt_trial2: autoDraw = false
1726.9779999996535	EXP	Sound: secs = -1
1726.9779999996535	EXP	Sound: volume = 1
1726.9779999996535	EXP	Sound: loops = 0
1726.9779999996535	EXP	Sound: volume = 1
1746.0639999997802	EXP	next_prompt_trial2: autoDraw = true
1746.6669999998994	DATA	Keydown:  
1746.6790000000037	EXP	next_prompt_trial2: autoDraw = false
1746.6790000000037	EXP	Sound: secs = -1
1746.6790000000037	EXP	Sound: volume = 1
1746.6790000000037	EXP	Sound: loops = 0
1746.6790000000037	EXP	Sound: volume = 1
1761.2279999996535	EXP	next_prompt_trial2: autoDraw = true
1762.4669999997132	DATA	Keydown:  
1762.472000000067	EXP	next_prompt_trial2: autoDraw = false
1762.472000000067	EXP	Sound: secs = -1
1762.472000000067	EXP	Sound: volume = 1
1762.472000000067	EXP	Sound: loops = 0
1762.472000000067	EXP	Sound: volume = 1
1781.244999999646	EXP	next_prompt_trial2: autoDraw = true
1781.9749999996275	DATA	Keydown:  
1782.0230000000447	EXP	next_prompt_trial2: autoDraw = false
1782.0230000000447	EXP	completion_text: autoDraw = true
1787.801999999676	DATA	Mouse: wheel shift=(0,-100), pos=(770,281)
1787.8489999999292	DATA	Mouse: wheel shift=(0,-100), pos=(770,281)
1787.926999999676	DATA	Mouse: wheel shift=(0,-100), pos=(770,281)
1787.9699999997392	DATA	Mouse: wheel shift=(0,-100), pos=(770,281)
1788.2229999997653	DATA	Mouse: wheel shift=(0,100), pos=(766,306)
1788.2679999996908	DATA	Mouse: wheel shift=(0,100), pos=(764,314)
1788.2679999996908	DATA	Mouse: wheel shift=(0,100), pos=(764,314)
1788.3029999998398	DATA	Mouse: wheel shift=(0,200), pos=(763,319)
1788.5540000000037	DATA	Mouse: wheel shift=(0,100), pos=(757,352)
1788.5989999999292	DATA	Mouse: wheel shift=(0,400), pos=(756,360)
1788.5989999999292	DATA	Mouse: wheel shift=(0,100), pos=(756,360)
1788.9860000000335	DATA	Mouse: wheel shift=(0,100), pos=(759,383)
1789.0719999996945	DATA	Mouse: wheel shift=(0,100), pos=(759,383)
1789.1119999997318	DATA	Mouse: wheel shift=(0,100), pos=(759,383)
1794.5669999998063	DATA	Mouse: 0 button down, pos=(351,73)
1794.686999999918	DATA	Mouse: 0 button down, pos=(351,73)
1794.7309999996796	DATA	Mouse: 0 button down, pos=(351,73)
1794.8489999999292	DATA	Mouse: 0 button down, pos=(351,73)
1814.7589999996126	DATA	Keydown: o
1814.9219999997877	DATA	Keydown: k
1816.8509999997914	DATA	Keydown: Enter
1817.3959999997169	DATA	Keydown: Enter
1818.2589999996126	DATA	Keydown:  
1818.276999999769	EXP	completion_text: autoDraw = false
1818.276999999769	EXP	goodbyetxt: autoDraw = true
